[2024-03-20T19:08:07.319+0000] {taskinstance.py:1979} INFO - Dependencies all met for dep_context=non-requeueable deps ti=<TaskInstance: dag_sensor_minio_s3_v5.sensing_s3 manual__2024-03-20T19:08:06.379087+00:00 [queued]>
[2024-03-20T19:08:07.322+0000] {taskinstance.py:1979} INFO - Dependencies all met for dep_context=requeueable deps ti=<TaskInstance: dag_sensor_minio_s3_v5.sensing_s3 manual__2024-03-20T19:08:06.379087+00:00 [queued]>
[2024-03-20T19:08:07.322+0000] {taskinstance.py:2193} INFO - Starting attempt 1 of 1
[2024-03-20T19:08:07.328+0000] {taskinstance.py:2217} INFO - Executing <Task(S3KeySensor): sensing_s3> on 2024-03-20 19:08:06.379087+00:00
[2024-03-20T19:08:07.330+0000] {standard_task_runner.py:60} INFO - Started process 5789 to run task
[2024-03-20T19:08:07.333+0000] {standard_task_runner.py:87} INFO - Running: ['***', 'tasks', 'run', 'dag_sensor_minio_s3_v5', 'sensing_s3', 'manual__2024-03-20T19:08:06.379087+00:00', '--job-id', '15', '--raw', '--subdir', 'DAGS_FOLDER/dag_with_minio_s3_SensorOperator.py', '--cfg-path', '/tmp/tmpt5qox9z3']
[2024-03-20T19:08:07.334+0000] {standard_task_runner.py:88} INFO - Job 15: Subtask sensing_s3
[2024-03-20T19:08:07.380+0000] {task_command.py:423} INFO - Running <TaskInstance: dag_sensor_minio_s3_v5.sensing_s3 manual__2024-03-20T19:08:06.379087+00:00 [running]> on host c1f7f51b1f08
[2024-03-20T19:08:07.422+0000] {taskinstance.py:2513} INFO - Exporting env vars: AIRFLOW_CTX_DAG_OWNER='Hitesh' AIRFLOW_CTX_DAG_ID='dag_sensor_minio_s3_v5' AIRFLOW_CTX_TASK_ID='sensing_s3' AIRFLOW_CTX_EXECUTION_DATE='2024-03-20T19:08:06.379087+00:00' AIRFLOW_CTX_TRY_NUMBER='1' AIRFLOW_CTX_DAG_RUN_ID='manual__2024-03-20T19:08:06.379087+00:00'
[2024-03-20T19:08:07.422+0000] {s3.py:110} INFO - Poking for key : s3://***/data.csv
[2024-03-20T19:08:07.429+0000] {base.py:83} INFO - Using connection ID 'minio_s3' for task execution.
[2024-03-20T19:08:07.431+0000] {connection_wrapper.py:387} INFO - AWS Connection (conn_id='minio_s3', conn_type='aws') credentials retrieved from extra.
[2024-03-20T19:08:12.886+0000] {s3.py:110} INFO - Poking for key : s3://***/data.csv
[2024-03-20T19:08:17.967+0000] {s3.py:110} INFO - Poking for key : s3://***/data.csv
[2024-03-20T19:08:23.040+0000] {s3.py:110} INFO - Poking for key : s3://***/data.csv
[2024-03-20T19:08:28.118+0000] {s3.py:110} INFO - Poking for key : s3://***/data.csv
[2024-03-20T19:08:28.223+0000] {base.py:295} INFO - Success criteria met. Exiting.
[2024-03-20T19:08:28.247+0000] {taskinstance.py:1149} INFO - Marking task as SUCCESS. dag_id=dag_sensor_minio_s3_v5, task_id=sensing_s3, execution_date=20240320T190806, start_date=20240320T190807, end_date=20240320T190828
[2024-03-20T19:08:28.282+0000] {local_task_job_runner.py:234} INFO - Task exited with return code 0
[2024-03-20T19:08:28.300+0000] {taskinstance.py:3312} INFO - 0 downstream tasks scheduled from follow-on schedule check
