[2024-03-19T18:48:10.906+0000] {processor.py:161} INFO - Started process (PID=248) to work on /home/airflow/.local/lib/python3.8/site-packages/airflow/example_dags/example_dynamic_task_mapping_with_no_taskflow_operators.py
[2024-03-19T18:48:10.907+0000] {processor.py:830} INFO - Processing file /home/airflow/.local/lib/python3.8/site-packages/airflow/example_dags/example_dynamic_task_mapping_with_no_taskflow_operators.py for tasks to queue
[2024-03-19T18:48:10.907+0000] {logging_mixin.py:188} INFO - [2024-03-19T18:48:10.907+0000] {dagbag.py:540} INFO - Filling up the DagBag from /home/airflow/.local/lib/python3.8/site-packages/airflow/example_dags/example_dynamic_task_mapping_with_no_taskflow_operators.py
[2024-03-19T18:48:10.912+0000] {processor.py:840} INFO - DAG(s) 'example_dynamic_task_mapping_with_no_taskflow_operators' retrieved from /home/airflow/.local/lib/python3.8/site-packages/airflow/example_dags/example_dynamic_task_mapping_with_no_taskflow_operators.py
[2024-03-19T18:48:10.918+0000] {logging_mixin.py:188} INFO - [2024-03-19T18:48:10.918+0000] {dag.py:3047} INFO - Sync 1 DAGs
[2024-03-19T18:48:10.929+0000] {logging_mixin.py:188} INFO - [2024-03-19T18:48:10.928+0000] {dag.py:3834} INFO - Setting next_dagrun for example_dynamic_task_mapping_with_no_taskflow_operators to 2024-03-18 00:00:00+00:00, run_after=2024-03-19 00:00:00+00:00
[2024-03-19T18:48:10.935+0000] {processor.py:183} INFO - Processing /home/airflow/.local/lib/python3.8/site-packages/airflow/example_dags/example_dynamic_task_mapping_with_no_taskflow_operators.py took 0.031 seconds
[2024-03-19T18:48:41.597+0000] {processor.py:161} INFO - Started process (PID=493) to work on /home/airflow/.local/lib/python3.8/site-packages/airflow/example_dags/example_dynamic_task_mapping_with_no_taskflow_operators.py
[2024-03-19T18:48:41.598+0000] {processor.py:830} INFO - Processing file /home/airflow/.local/lib/python3.8/site-packages/airflow/example_dags/example_dynamic_task_mapping_with_no_taskflow_operators.py for tasks to queue
[2024-03-19T18:48:41.598+0000] {logging_mixin.py:188} INFO - [2024-03-19T18:48:41.598+0000] {dagbag.py:540} INFO - Filling up the DagBag from /home/airflow/.local/lib/python3.8/site-packages/airflow/example_dags/example_dynamic_task_mapping_with_no_taskflow_operators.py
[2024-03-19T18:48:41.602+0000] {processor.py:840} INFO - DAG(s) 'example_dynamic_task_mapping_with_no_taskflow_operators' retrieved from /home/airflow/.local/lib/python3.8/site-packages/airflow/example_dags/example_dynamic_task_mapping_with_no_taskflow_operators.py
[2024-03-19T18:48:41.644+0000] {logging_mixin.py:188} INFO - [2024-03-19T18:48:41.643+0000] {dag.py:3047} INFO - Sync 1 DAGs
[2024-03-19T18:48:41.651+0000] {logging_mixin.py:188} INFO - [2024-03-19T18:48:41.651+0000] {dag.py:3834} INFO - Setting next_dagrun for example_dynamic_task_mapping_with_no_taskflow_operators to 2024-03-18 00:00:00+00:00, run_after=2024-03-19 00:00:00+00:00
[2024-03-19T18:48:41.658+0000] {processor.py:183} INFO - Processing /home/airflow/.local/lib/python3.8/site-packages/airflow/example_dags/example_dynamic_task_mapping_with_no_taskflow_operators.py took 0.062 seconds
[2024-03-19T18:49:11.672+0000] {processor.py:161} INFO - Started process (PID=742) to work on /home/airflow/.local/lib/python3.8/site-packages/airflow/example_dags/example_dynamic_task_mapping_with_no_taskflow_operators.py
[2024-03-19T18:49:11.672+0000] {processor.py:830} INFO - Processing file /home/airflow/.local/lib/python3.8/site-packages/airflow/example_dags/example_dynamic_task_mapping_with_no_taskflow_operators.py for tasks to queue
[2024-03-19T18:49:11.673+0000] {logging_mixin.py:188} INFO - [2024-03-19T18:49:11.673+0000] {dagbag.py:540} INFO - Filling up the DagBag from /home/airflow/.local/lib/python3.8/site-packages/airflow/example_dags/example_dynamic_task_mapping_with_no_taskflow_operators.py
[2024-03-19T18:49:11.676+0000] {processor.py:840} INFO - DAG(s) 'example_dynamic_task_mapping_with_no_taskflow_operators' retrieved from /home/airflow/.local/lib/python3.8/site-packages/airflow/example_dags/example_dynamic_task_mapping_with_no_taskflow_operators.py
[2024-03-19T18:49:11.683+0000] {logging_mixin.py:188} INFO - [2024-03-19T18:49:11.683+0000] {dag.py:3047} INFO - Sync 1 DAGs
[2024-03-19T18:49:11.692+0000] {logging_mixin.py:188} INFO - [2024-03-19T18:49:11.692+0000] {dag.py:3834} INFO - Setting next_dagrun for example_dynamic_task_mapping_with_no_taskflow_operators to 2024-03-18 00:00:00+00:00, run_after=2024-03-19 00:00:00+00:00
[2024-03-19T18:49:11.698+0000] {processor.py:183} INFO - Processing /home/airflow/.local/lib/python3.8/site-packages/airflow/example_dags/example_dynamic_task_mapping_with_no_taskflow_operators.py took 0.028 seconds
[2024-03-19T18:49:42.198+0000] {processor.py:161} INFO - Started process (PID=987) to work on /home/airflow/.local/lib/python3.8/site-packages/airflow/example_dags/example_dynamic_task_mapping_with_no_taskflow_operators.py
[2024-03-19T18:49:42.199+0000] {processor.py:830} INFO - Processing file /home/airflow/.local/lib/python3.8/site-packages/airflow/example_dags/example_dynamic_task_mapping_with_no_taskflow_operators.py for tasks to queue
[2024-03-19T18:49:42.202+0000] {logging_mixin.py:188} INFO - [2024-03-19T18:49:42.202+0000] {dagbag.py:540} INFO - Filling up the DagBag from /home/airflow/.local/lib/python3.8/site-packages/airflow/example_dags/example_dynamic_task_mapping_with_no_taskflow_operators.py
[2024-03-19T18:49:42.205+0000] {processor.py:840} INFO - DAG(s) 'example_dynamic_task_mapping_with_no_taskflow_operators' retrieved from /home/airflow/.local/lib/python3.8/site-packages/airflow/example_dags/example_dynamic_task_mapping_with_no_taskflow_operators.py
[2024-03-19T18:49:42.213+0000] {logging_mixin.py:188} INFO - [2024-03-19T18:49:42.213+0000] {dag.py:3047} INFO - Sync 1 DAGs
[2024-03-19T18:49:42.221+0000] {logging_mixin.py:188} INFO - [2024-03-19T18:49:42.221+0000] {dag.py:3834} INFO - Setting next_dagrun for example_dynamic_task_mapping_with_no_taskflow_operators to 2024-03-18 00:00:00+00:00, run_after=2024-03-19 00:00:00+00:00
[2024-03-19T18:49:42.228+0000] {processor.py:183} INFO - Processing /home/airflow/.local/lib/python3.8/site-packages/airflow/example_dags/example_dynamic_task_mapping_with_no_taskflow_operators.py took 0.032 seconds
[2024-03-19T18:50:12.752+0000] {processor.py:161} INFO - Started process (PID=1236) to work on /home/airflow/.local/lib/python3.8/site-packages/airflow/example_dags/example_dynamic_task_mapping_with_no_taskflow_operators.py
[2024-03-19T18:50:12.753+0000] {processor.py:830} INFO - Processing file /home/airflow/.local/lib/python3.8/site-packages/airflow/example_dags/example_dynamic_task_mapping_with_no_taskflow_operators.py for tasks to queue
[2024-03-19T18:50:12.753+0000] {logging_mixin.py:188} INFO - [2024-03-19T18:50:12.753+0000] {dagbag.py:540} INFO - Filling up the DagBag from /home/airflow/.local/lib/python3.8/site-packages/airflow/example_dags/example_dynamic_task_mapping_with_no_taskflow_operators.py
[2024-03-19T18:50:12.757+0000] {processor.py:840} INFO - DAG(s) 'example_dynamic_task_mapping_with_no_taskflow_operators' retrieved from /home/airflow/.local/lib/python3.8/site-packages/airflow/example_dags/example_dynamic_task_mapping_with_no_taskflow_operators.py
[2024-03-19T18:50:12.765+0000] {logging_mixin.py:188} INFO - [2024-03-19T18:50:12.765+0000] {dag.py:3047} INFO - Sync 1 DAGs
[2024-03-19T18:50:12.774+0000] {logging_mixin.py:188} INFO - [2024-03-19T18:50:12.774+0000] {dag.py:3834} INFO - Setting next_dagrun for example_dynamic_task_mapping_with_no_taskflow_operators to 2024-03-18 00:00:00+00:00, run_after=2024-03-19 00:00:00+00:00
[2024-03-19T18:50:12.781+0000] {processor.py:183} INFO - Processing /home/airflow/.local/lib/python3.8/site-packages/airflow/example_dags/example_dynamic_task_mapping_with_no_taskflow_operators.py took 0.030 seconds
[2024-03-19T18:50:43.341+0000] {processor.py:161} INFO - Started process (PID=1505) to work on /home/airflow/.local/lib/python3.8/site-packages/airflow/example_dags/example_dynamic_task_mapping_with_no_taskflow_operators.py
[2024-03-19T18:50:43.341+0000] {processor.py:830} INFO - Processing file /home/airflow/.local/lib/python3.8/site-packages/airflow/example_dags/example_dynamic_task_mapping_with_no_taskflow_operators.py for tasks to queue
[2024-03-19T18:50:43.342+0000] {logging_mixin.py:188} INFO - [2024-03-19T18:50:43.342+0000] {dagbag.py:540} INFO - Filling up the DagBag from /home/airflow/.local/lib/python3.8/site-packages/airflow/example_dags/example_dynamic_task_mapping_with_no_taskflow_operators.py
[2024-03-19T18:50:43.345+0000] {processor.py:840} INFO - DAG(s) 'example_dynamic_task_mapping_with_no_taskflow_operators' retrieved from /home/airflow/.local/lib/python3.8/site-packages/airflow/example_dags/example_dynamic_task_mapping_with_no_taskflow_operators.py
[2024-03-19T18:50:43.353+0000] {logging_mixin.py:188} INFO - [2024-03-19T18:50:43.353+0000] {dag.py:3047} INFO - Sync 1 DAGs
[2024-03-19T18:50:43.362+0000] {logging_mixin.py:188} INFO - [2024-03-19T18:50:43.362+0000] {dag.py:3834} INFO - Setting next_dagrun for example_dynamic_task_mapping_with_no_taskflow_operators to 2024-03-18 00:00:00+00:00, run_after=2024-03-19 00:00:00+00:00
[2024-03-19T18:50:43.369+0000] {processor.py:183} INFO - Processing /home/airflow/.local/lib/python3.8/site-packages/airflow/example_dags/example_dynamic_task_mapping_with_no_taskflow_operators.py took 0.030 seconds
[2024-03-19T18:51:14.166+0000] {processor.py:161} INFO - Started process (PID=1752) to work on /home/airflow/.local/lib/python3.8/site-packages/airflow/example_dags/example_dynamic_task_mapping_with_no_taskflow_operators.py
[2024-03-19T18:51:14.167+0000] {processor.py:830} INFO - Processing file /home/airflow/.local/lib/python3.8/site-packages/airflow/example_dags/example_dynamic_task_mapping_with_no_taskflow_operators.py for tasks to queue
[2024-03-19T18:51:14.167+0000] {logging_mixin.py:188} INFO - [2024-03-19T18:51:14.167+0000] {dagbag.py:540} INFO - Filling up the DagBag from /home/airflow/.local/lib/python3.8/site-packages/airflow/example_dags/example_dynamic_task_mapping_with_no_taskflow_operators.py
[2024-03-19T18:51:14.170+0000] {processor.py:840} INFO - DAG(s) 'example_dynamic_task_mapping_with_no_taskflow_operators' retrieved from /home/airflow/.local/lib/python3.8/site-packages/airflow/example_dags/example_dynamic_task_mapping_with_no_taskflow_operators.py
[2024-03-19T18:51:14.180+0000] {logging_mixin.py:188} INFO - [2024-03-19T18:51:14.180+0000] {dag.py:3047} INFO - Sync 1 DAGs
[2024-03-19T18:51:14.190+0000] {logging_mixin.py:188} INFO - [2024-03-19T18:51:14.190+0000] {dag.py:3834} INFO - Setting next_dagrun for example_dynamic_task_mapping_with_no_taskflow_operators to 2024-03-18 00:00:00+00:00, run_after=2024-03-19 00:00:00+00:00
[2024-03-19T18:51:14.197+0000] {processor.py:183} INFO - Processing /home/airflow/.local/lib/python3.8/site-packages/airflow/example_dags/example_dynamic_task_mapping_with_no_taskflow_operators.py took 0.032 seconds
[2024-03-19T18:51:44.518+0000] {processor.py:161} INFO - Started process (PID=1999) to work on /home/airflow/.local/lib/python3.8/site-packages/airflow/example_dags/example_dynamic_task_mapping_with_no_taskflow_operators.py
[2024-03-19T18:51:44.518+0000] {processor.py:830} INFO - Processing file /home/airflow/.local/lib/python3.8/site-packages/airflow/example_dags/example_dynamic_task_mapping_with_no_taskflow_operators.py for tasks to queue
[2024-03-19T18:51:44.519+0000] {logging_mixin.py:188} INFO - [2024-03-19T18:51:44.519+0000] {dagbag.py:540} INFO - Filling up the DagBag from /home/airflow/.local/lib/python3.8/site-packages/airflow/example_dags/example_dynamic_task_mapping_with_no_taskflow_operators.py
[2024-03-19T18:51:44.522+0000] {processor.py:840} INFO - DAG(s) 'example_dynamic_task_mapping_with_no_taskflow_operators' retrieved from /home/airflow/.local/lib/python3.8/site-packages/airflow/example_dags/example_dynamic_task_mapping_with_no_taskflow_operators.py
[2024-03-19T18:51:44.530+0000] {logging_mixin.py:188} INFO - [2024-03-19T18:51:44.530+0000] {dag.py:3047} INFO - Sync 1 DAGs
[2024-03-19T18:51:44.539+0000] {logging_mixin.py:188} INFO - [2024-03-19T18:51:44.539+0000] {dag.py:3834} INFO - Setting next_dagrun for example_dynamic_task_mapping_with_no_taskflow_operators to 2024-03-18 00:00:00+00:00, run_after=2024-03-19 00:00:00+00:00
[2024-03-19T18:51:44.547+0000] {processor.py:183} INFO - Processing /home/airflow/.local/lib/python3.8/site-packages/airflow/example_dags/example_dynamic_task_mapping_with_no_taskflow_operators.py took 0.030 seconds
[2024-03-19T18:52:14.899+0000] {processor.py:161} INFO - Started process (PID=2247) to work on /home/airflow/.local/lib/python3.8/site-packages/airflow/example_dags/example_dynamic_task_mapping_with_no_taskflow_operators.py
[2024-03-19T18:52:14.899+0000] {processor.py:830} INFO - Processing file /home/airflow/.local/lib/python3.8/site-packages/airflow/example_dags/example_dynamic_task_mapping_with_no_taskflow_operators.py for tasks to queue
[2024-03-19T18:52:14.900+0000] {logging_mixin.py:188} INFO - [2024-03-19T18:52:14.899+0000] {dagbag.py:540} INFO - Filling up the DagBag from /home/airflow/.local/lib/python3.8/site-packages/airflow/example_dags/example_dynamic_task_mapping_with_no_taskflow_operators.py
[2024-03-19T18:52:14.903+0000] {processor.py:840} INFO - DAG(s) 'example_dynamic_task_mapping_with_no_taskflow_operators' retrieved from /home/airflow/.local/lib/python3.8/site-packages/airflow/example_dags/example_dynamic_task_mapping_with_no_taskflow_operators.py
[2024-03-19T18:52:14.911+0000] {logging_mixin.py:188} INFO - [2024-03-19T18:52:14.911+0000] {dag.py:3047} INFO - Sync 1 DAGs
[2024-03-19T18:52:14.920+0000] {logging_mixin.py:188} INFO - [2024-03-19T18:52:14.920+0000] {dag.py:3834} INFO - Setting next_dagrun for example_dynamic_task_mapping_with_no_taskflow_operators to 2024-03-18 00:00:00+00:00, run_after=2024-03-19 00:00:00+00:00
[2024-03-19T18:52:14.927+0000] {processor.py:183} INFO - Processing /home/airflow/.local/lib/python3.8/site-packages/airflow/example_dags/example_dynamic_task_mapping_with_no_taskflow_operators.py took 0.030 seconds
[2024-03-19T18:52:45.356+0000] {processor.py:161} INFO - Started process (PID=2492) to work on /home/airflow/.local/lib/python3.8/site-packages/airflow/example_dags/example_dynamic_task_mapping_with_no_taskflow_operators.py
[2024-03-19T18:52:45.356+0000] {processor.py:830} INFO - Processing file /home/airflow/.local/lib/python3.8/site-packages/airflow/example_dags/example_dynamic_task_mapping_with_no_taskflow_operators.py for tasks to queue
[2024-03-19T18:52:45.357+0000] {logging_mixin.py:188} INFO - [2024-03-19T18:52:45.357+0000] {dagbag.py:540} INFO - Filling up the DagBag from /home/airflow/.local/lib/python3.8/site-packages/airflow/example_dags/example_dynamic_task_mapping_with_no_taskflow_operators.py
[2024-03-19T18:52:45.360+0000] {processor.py:840} INFO - DAG(s) 'example_dynamic_task_mapping_with_no_taskflow_operators' retrieved from /home/airflow/.local/lib/python3.8/site-packages/airflow/example_dags/example_dynamic_task_mapping_with_no_taskflow_operators.py
[2024-03-19T18:52:45.369+0000] {logging_mixin.py:188} INFO - [2024-03-19T18:52:45.368+0000] {dag.py:3047} INFO - Sync 1 DAGs
[2024-03-19T18:52:45.378+0000] {logging_mixin.py:188} INFO - [2024-03-19T18:52:45.378+0000] {dag.py:3834} INFO - Setting next_dagrun for example_dynamic_task_mapping_with_no_taskflow_operators to 2024-03-18 00:00:00+00:00, run_after=2024-03-19 00:00:00+00:00
[2024-03-19T18:52:45.385+0000] {processor.py:183} INFO - Processing /home/airflow/.local/lib/python3.8/site-packages/airflow/example_dags/example_dynamic_task_mapping_with_no_taskflow_operators.py took 0.031 seconds
[2024-03-19T18:53:15.821+0000] {processor.py:161} INFO - Started process (PID=2739) to work on /home/airflow/.local/lib/python3.8/site-packages/airflow/example_dags/example_dynamic_task_mapping_with_no_taskflow_operators.py
[2024-03-19T18:53:15.822+0000] {processor.py:830} INFO - Processing file /home/airflow/.local/lib/python3.8/site-packages/airflow/example_dags/example_dynamic_task_mapping_with_no_taskflow_operators.py for tasks to queue
[2024-03-19T18:53:15.822+0000] {logging_mixin.py:188} INFO - [2024-03-19T18:53:15.822+0000] {dagbag.py:540} INFO - Filling up the DagBag from /home/airflow/.local/lib/python3.8/site-packages/airflow/example_dags/example_dynamic_task_mapping_with_no_taskflow_operators.py
[2024-03-19T18:53:15.825+0000] {processor.py:840} INFO - DAG(s) 'example_dynamic_task_mapping_with_no_taskflow_operators' retrieved from /home/airflow/.local/lib/python3.8/site-packages/airflow/example_dags/example_dynamic_task_mapping_with_no_taskflow_operators.py
[2024-03-19T18:53:15.834+0000] {logging_mixin.py:188} INFO - [2024-03-19T18:53:15.834+0000] {dag.py:3047} INFO - Sync 1 DAGs
[2024-03-19T18:53:15.843+0000] {logging_mixin.py:188} INFO - [2024-03-19T18:53:15.843+0000] {dag.py:3834} INFO - Setting next_dagrun for example_dynamic_task_mapping_with_no_taskflow_operators to 2024-03-18 00:00:00+00:00, run_after=2024-03-19 00:00:00+00:00
[2024-03-19T18:53:15.850+0000] {processor.py:183} INFO - Processing /home/airflow/.local/lib/python3.8/site-packages/airflow/example_dags/example_dynamic_task_mapping_with_no_taskflow_operators.py took 0.030 seconds
[2024-03-19T18:53:46.386+0000] {processor.py:161} INFO - Started process (PID=2986) to work on /home/airflow/.local/lib/python3.8/site-packages/airflow/example_dags/example_dynamic_task_mapping_with_no_taskflow_operators.py
[2024-03-19T18:53:46.387+0000] {processor.py:830} INFO - Processing file /home/airflow/.local/lib/python3.8/site-packages/airflow/example_dags/example_dynamic_task_mapping_with_no_taskflow_operators.py for tasks to queue
[2024-03-19T18:53:46.387+0000] {logging_mixin.py:188} INFO - [2024-03-19T18:53:46.387+0000] {dagbag.py:540} INFO - Filling up the DagBag from /home/airflow/.local/lib/python3.8/site-packages/airflow/example_dags/example_dynamic_task_mapping_with_no_taskflow_operators.py
[2024-03-19T18:53:46.392+0000] {processor.py:840} INFO - DAG(s) 'example_dynamic_task_mapping_with_no_taskflow_operators' retrieved from /home/airflow/.local/lib/python3.8/site-packages/airflow/example_dags/example_dynamic_task_mapping_with_no_taskflow_operators.py
[2024-03-19T18:53:46.405+0000] {logging_mixin.py:188} INFO - [2024-03-19T18:53:46.404+0000] {dag.py:3047} INFO - Sync 1 DAGs
[2024-03-19T18:53:46.420+0000] {logging_mixin.py:188} INFO - [2024-03-19T18:53:46.419+0000] {dag.py:3834} INFO - Setting next_dagrun for example_dynamic_task_mapping_with_no_taskflow_operators to 2024-03-18 00:00:00+00:00, run_after=2024-03-19 00:00:00+00:00
[2024-03-19T18:53:46.431+0000] {processor.py:183} INFO - Processing /home/airflow/.local/lib/python3.8/site-packages/airflow/example_dags/example_dynamic_task_mapping_with_no_taskflow_operators.py took 0.047 seconds
[2024-03-19T18:54:17.086+0000] {processor.py:161} INFO - Started process (PID=3233) to work on /home/airflow/.local/lib/python3.8/site-packages/airflow/example_dags/example_dynamic_task_mapping_with_no_taskflow_operators.py
[2024-03-19T18:54:17.087+0000] {processor.py:830} INFO - Processing file /home/airflow/.local/lib/python3.8/site-packages/airflow/example_dags/example_dynamic_task_mapping_with_no_taskflow_operators.py for tasks to queue
[2024-03-19T18:54:17.087+0000] {logging_mixin.py:188} INFO - [2024-03-19T18:54:17.087+0000] {dagbag.py:540} INFO - Filling up the DagBag from /home/airflow/.local/lib/python3.8/site-packages/airflow/example_dags/example_dynamic_task_mapping_with_no_taskflow_operators.py
[2024-03-19T18:54:17.091+0000] {processor.py:840} INFO - DAG(s) 'example_dynamic_task_mapping_with_no_taskflow_operators' retrieved from /home/airflow/.local/lib/python3.8/site-packages/airflow/example_dags/example_dynamic_task_mapping_with_no_taskflow_operators.py
[2024-03-19T18:54:17.099+0000] {logging_mixin.py:188} INFO - [2024-03-19T18:54:17.099+0000] {dag.py:3047} INFO - Sync 1 DAGs
[2024-03-19T18:54:17.109+0000] {logging_mixin.py:188} INFO - [2024-03-19T18:54:17.109+0000] {dag.py:3834} INFO - Setting next_dagrun for example_dynamic_task_mapping_with_no_taskflow_operators to 2024-03-18 00:00:00+00:00, run_after=2024-03-19 00:00:00+00:00
[2024-03-19T18:54:17.117+0000] {processor.py:183} INFO - Processing /home/airflow/.local/lib/python3.8/site-packages/airflow/example_dags/example_dynamic_task_mapping_with_no_taskflow_operators.py took 0.032 seconds
[2024-03-19T18:54:47.565+0000] {processor.py:161} INFO - Started process (PID=3480) to work on /home/airflow/.local/lib/python3.8/site-packages/airflow/example_dags/example_dynamic_task_mapping_with_no_taskflow_operators.py
[2024-03-19T18:54:47.566+0000] {processor.py:830} INFO - Processing file /home/airflow/.local/lib/python3.8/site-packages/airflow/example_dags/example_dynamic_task_mapping_with_no_taskflow_operators.py for tasks to queue
[2024-03-19T18:54:47.566+0000] {logging_mixin.py:188} INFO - [2024-03-19T18:54:47.566+0000] {dagbag.py:540} INFO - Filling up the DagBag from /home/airflow/.local/lib/python3.8/site-packages/airflow/example_dags/example_dynamic_task_mapping_with_no_taskflow_operators.py
[2024-03-19T18:54:47.569+0000] {processor.py:840} INFO - DAG(s) 'example_dynamic_task_mapping_with_no_taskflow_operators' retrieved from /home/airflow/.local/lib/python3.8/site-packages/airflow/example_dags/example_dynamic_task_mapping_with_no_taskflow_operators.py
[2024-03-19T18:54:47.578+0000] {logging_mixin.py:188} INFO - [2024-03-19T18:54:47.577+0000] {dag.py:3047} INFO - Sync 1 DAGs
[2024-03-19T18:54:47.586+0000] {logging_mixin.py:188} INFO - [2024-03-19T18:54:47.586+0000] {dag.py:3834} INFO - Setting next_dagrun for example_dynamic_task_mapping_with_no_taskflow_operators to 2024-03-18 00:00:00+00:00, run_after=2024-03-19 00:00:00+00:00
[2024-03-19T18:54:47.593+0000] {processor.py:183} INFO - Processing /home/airflow/.local/lib/python3.8/site-packages/airflow/example_dags/example_dynamic_task_mapping_with_no_taskflow_operators.py took 0.029 seconds
[2024-03-19T18:55:17.993+0000] {processor.py:161} INFO - Started process (PID=3727) to work on /home/airflow/.local/lib/python3.8/site-packages/airflow/example_dags/example_dynamic_task_mapping_with_no_taskflow_operators.py
[2024-03-19T18:55:17.994+0000] {processor.py:830} INFO - Processing file /home/airflow/.local/lib/python3.8/site-packages/airflow/example_dags/example_dynamic_task_mapping_with_no_taskflow_operators.py for tasks to queue
[2024-03-19T18:55:17.994+0000] {logging_mixin.py:188} INFO - [2024-03-19T18:55:17.994+0000] {dagbag.py:540} INFO - Filling up the DagBag from /home/airflow/.local/lib/python3.8/site-packages/airflow/example_dags/example_dynamic_task_mapping_with_no_taskflow_operators.py
[2024-03-19T18:55:17.998+0000] {processor.py:840} INFO - DAG(s) 'example_dynamic_task_mapping_with_no_taskflow_operators' retrieved from /home/airflow/.local/lib/python3.8/site-packages/airflow/example_dags/example_dynamic_task_mapping_with_no_taskflow_operators.py
[2024-03-19T18:55:18.006+0000] {logging_mixin.py:188} INFO - [2024-03-19T18:55:18.006+0000] {dag.py:3047} INFO - Sync 1 DAGs
[2024-03-19T18:55:18.015+0000] {logging_mixin.py:188} INFO - [2024-03-19T18:55:18.015+0000] {dag.py:3834} INFO - Setting next_dagrun for example_dynamic_task_mapping_with_no_taskflow_operators to 2024-03-18 00:00:00+00:00, run_after=2024-03-19 00:00:00+00:00
[2024-03-19T18:55:18.022+0000] {processor.py:183} INFO - Processing /home/airflow/.local/lib/python3.8/site-packages/airflow/example_dags/example_dynamic_task_mapping_with_no_taskflow_operators.py took 0.031 seconds
[2024-03-19T18:55:48.472+0000] {processor.py:161} INFO - Started process (PID=3974) to work on /home/airflow/.local/lib/python3.8/site-packages/airflow/example_dags/example_dynamic_task_mapping_with_no_taskflow_operators.py
[2024-03-19T18:55:48.473+0000] {processor.py:830} INFO - Processing file /home/airflow/.local/lib/python3.8/site-packages/airflow/example_dags/example_dynamic_task_mapping_with_no_taskflow_operators.py for tasks to queue
[2024-03-19T18:55:48.473+0000] {logging_mixin.py:188} INFO - [2024-03-19T18:55:48.473+0000] {dagbag.py:540} INFO - Filling up the DagBag from /home/airflow/.local/lib/python3.8/site-packages/airflow/example_dags/example_dynamic_task_mapping_with_no_taskflow_operators.py
[2024-03-19T18:55:48.476+0000] {processor.py:840} INFO - DAG(s) 'example_dynamic_task_mapping_with_no_taskflow_operators' retrieved from /home/airflow/.local/lib/python3.8/site-packages/airflow/example_dags/example_dynamic_task_mapping_with_no_taskflow_operators.py
[2024-03-19T18:55:48.485+0000] {logging_mixin.py:188} INFO - [2024-03-19T18:55:48.485+0000] {dag.py:3047} INFO - Sync 1 DAGs
[2024-03-19T18:55:48.494+0000] {logging_mixin.py:188} INFO - [2024-03-19T18:55:48.494+0000] {dag.py:3834} INFO - Setting next_dagrun for example_dynamic_task_mapping_with_no_taskflow_operators to 2024-03-18 00:00:00+00:00, run_after=2024-03-19 00:00:00+00:00
[2024-03-19T18:55:48.501+0000] {processor.py:183} INFO - Processing /home/airflow/.local/lib/python3.8/site-packages/airflow/example_dags/example_dynamic_task_mapping_with_no_taskflow_operators.py took 0.031 seconds
[2024-03-19T18:56:18.987+0000] {processor.py:161} INFO - Started process (PID=4221) to work on /home/airflow/.local/lib/python3.8/site-packages/airflow/example_dags/example_dynamic_task_mapping_with_no_taskflow_operators.py
[2024-03-19T18:56:18.988+0000] {processor.py:830} INFO - Processing file /home/airflow/.local/lib/python3.8/site-packages/airflow/example_dags/example_dynamic_task_mapping_with_no_taskflow_operators.py for tasks to queue
[2024-03-19T18:56:18.988+0000] {logging_mixin.py:188} INFO - [2024-03-19T18:56:18.988+0000] {dagbag.py:540} INFO - Filling up the DagBag from /home/airflow/.local/lib/python3.8/site-packages/airflow/example_dags/example_dynamic_task_mapping_with_no_taskflow_operators.py
[2024-03-19T18:56:18.992+0000] {processor.py:840} INFO - DAG(s) 'example_dynamic_task_mapping_with_no_taskflow_operators' retrieved from /home/airflow/.local/lib/python3.8/site-packages/airflow/example_dags/example_dynamic_task_mapping_with_no_taskflow_operators.py
[2024-03-19T18:56:19.001+0000] {logging_mixin.py:188} INFO - [2024-03-19T18:56:19.001+0000] {dag.py:3047} INFO - Sync 1 DAGs
[2024-03-19T18:56:19.010+0000] {logging_mixin.py:188} INFO - [2024-03-19T18:56:19.010+0000] {dag.py:3834} INFO - Setting next_dagrun for example_dynamic_task_mapping_with_no_taskflow_operators to 2024-03-18 00:00:00+00:00, run_after=2024-03-19 00:00:00+00:00
[2024-03-19T18:56:19.017+0000] {processor.py:183} INFO - Processing /home/airflow/.local/lib/python3.8/site-packages/airflow/example_dags/example_dynamic_task_mapping_with_no_taskflow_operators.py took 0.031 seconds
[2024-03-19T18:56:49.466+0000] {processor.py:161} INFO - Started process (PID=4467) to work on /home/airflow/.local/lib/python3.8/site-packages/airflow/example_dags/example_dynamic_task_mapping_with_no_taskflow_operators.py
[2024-03-19T18:56:49.467+0000] {processor.py:830} INFO - Processing file /home/airflow/.local/lib/python3.8/site-packages/airflow/example_dags/example_dynamic_task_mapping_with_no_taskflow_operators.py for tasks to queue
[2024-03-19T18:56:49.467+0000] {logging_mixin.py:188} INFO - [2024-03-19T18:56:49.467+0000] {dagbag.py:540} INFO - Filling up the DagBag from /home/airflow/.local/lib/python3.8/site-packages/airflow/example_dags/example_dynamic_task_mapping_with_no_taskflow_operators.py
[2024-03-19T18:56:49.470+0000] {processor.py:840} INFO - DAG(s) 'example_dynamic_task_mapping_with_no_taskflow_operators' retrieved from /home/airflow/.local/lib/python3.8/site-packages/airflow/example_dags/example_dynamic_task_mapping_with_no_taskflow_operators.py
[2024-03-19T18:56:49.479+0000] {logging_mixin.py:188} INFO - [2024-03-19T18:56:49.479+0000] {dag.py:3047} INFO - Sync 1 DAGs
[2024-03-19T18:56:49.488+0000] {logging_mixin.py:188} INFO - [2024-03-19T18:56:49.488+0000] {dag.py:3834} INFO - Setting next_dagrun for example_dynamic_task_mapping_with_no_taskflow_operators to 2024-03-18 00:00:00+00:00, run_after=2024-03-19 00:00:00+00:00
[2024-03-19T18:56:49.495+0000] {processor.py:183} INFO - Processing /home/airflow/.local/lib/python3.8/site-packages/airflow/example_dags/example_dynamic_task_mapping_with_no_taskflow_operators.py took 0.031 seconds
[2024-03-19T18:57:20.001+0000] {processor.py:161} INFO - Started process (PID=4714) to work on /home/airflow/.local/lib/python3.8/site-packages/airflow/example_dags/example_dynamic_task_mapping_with_no_taskflow_operators.py
[2024-03-19T18:57:20.002+0000] {processor.py:830} INFO - Processing file /home/airflow/.local/lib/python3.8/site-packages/airflow/example_dags/example_dynamic_task_mapping_with_no_taskflow_operators.py for tasks to queue
[2024-03-19T18:57:20.003+0000] {logging_mixin.py:188} INFO - [2024-03-19T18:57:20.002+0000] {dagbag.py:540} INFO - Filling up the DagBag from /home/airflow/.local/lib/python3.8/site-packages/airflow/example_dags/example_dynamic_task_mapping_with_no_taskflow_operators.py
[2024-03-19T18:57:20.006+0000] {processor.py:840} INFO - DAG(s) 'example_dynamic_task_mapping_with_no_taskflow_operators' retrieved from /home/airflow/.local/lib/python3.8/site-packages/airflow/example_dags/example_dynamic_task_mapping_with_no_taskflow_operators.py
[2024-03-19T18:57:20.015+0000] {logging_mixin.py:188} INFO - [2024-03-19T18:57:20.014+0000] {dag.py:3047} INFO - Sync 1 DAGs
[2024-03-19T18:57:20.026+0000] {logging_mixin.py:188} INFO - [2024-03-19T18:57:20.026+0000] {dag.py:3834} INFO - Setting next_dagrun for example_dynamic_task_mapping_with_no_taskflow_operators to 2024-03-18 00:00:00+00:00, run_after=2024-03-19 00:00:00+00:00
[2024-03-19T18:57:20.036+0000] {processor.py:183} INFO - Processing /home/airflow/.local/lib/python3.8/site-packages/airflow/example_dags/example_dynamic_task_mapping_with_no_taskflow_operators.py took 0.036 seconds
[2024-03-19T18:57:50.514+0000] {processor.py:161} INFO - Started process (PID=4961) to work on /home/airflow/.local/lib/python3.8/site-packages/airflow/example_dags/example_dynamic_task_mapping_with_no_taskflow_operators.py
[2024-03-19T18:57:50.514+0000] {processor.py:830} INFO - Processing file /home/airflow/.local/lib/python3.8/site-packages/airflow/example_dags/example_dynamic_task_mapping_with_no_taskflow_operators.py for tasks to queue
[2024-03-19T18:57:50.515+0000] {logging_mixin.py:188} INFO - [2024-03-19T18:57:50.515+0000] {dagbag.py:540} INFO - Filling up the DagBag from /home/airflow/.local/lib/python3.8/site-packages/airflow/example_dags/example_dynamic_task_mapping_with_no_taskflow_operators.py
[2024-03-19T18:57:50.518+0000] {processor.py:840} INFO - DAG(s) 'example_dynamic_task_mapping_with_no_taskflow_operators' retrieved from /home/airflow/.local/lib/python3.8/site-packages/airflow/example_dags/example_dynamic_task_mapping_with_no_taskflow_operators.py
[2024-03-19T18:57:50.526+0000] {logging_mixin.py:188} INFO - [2024-03-19T18:57:50.526+0000] {dag.py:3047} INFO - Sync 1 DAGs
[2024-03-19T18:57:50.536+0000] {logging_mixin.py:188} INFO - [2024-03-19T18:57:50.536+0000] {dag.py:3834} INFO - Setting next_dagrun for example_dynamic_task_mapping_with_no_taskflow_operators to 2024-03-18 00:00:00+00:00, run_after=2024-03-19 00:00:00+00:00
[2024-03-19T18:57:50.542+0000] {processor.py:183} INFO - Processing /home/airflow/.local/lib/python3.8/site-packages/airflow/example_dags/example_dynamic_task_mapping_with_no_taskflow_operators.py took 0.030 seconds
[2024-03-19T18:58:21.060+0000] {processor.py:161} INFO - Started process (PID=5208) to work on /home/airflow/.local/lib/python3.8/site-packages/airflow/example_dags/example_dynamic_task_mapping_with_no_taskflow_operators.py
[2024-03-19T18:58:21.061+0000] {processor.py:830} INFO - Processing file /home/airflow/.local/lib/python3.8/site-packages/airflow/example_dags/example_dynamic_task_mapping_with_no_taskflow_operators.py for tasks to queue
[2024-03-19T18:58:21.061+0000] {logging_mixin.py:188} INFO - [2024-03-19T18:58:21.061+0000] {dagbag.py:540} INFO - Filling up the DagBag from /home/airflow/.local/lib/python3.8/site-packages/airflow/example_dags/example_dynamic_task_mapping_with_no_taskflow_operators.py
[2024-03-19T18:58:21.065+0000] {processor.py:840} INFO - DAG(s) 'example_dynamic_task_mapping_with_no_taskflow_operators' retrieved from /home/airflow/.local/lib/python3.8/site-packages/airflow/example_dags/example_dynamic_task_mapping_with_no_taskflow_operators.py
[2024-03-19T18:58:21.073+0000] {logging_mixin.py:188} INFO - [2024-03-19T18:58:21.073+0000] {dag.py:3047} INFO - Sync 1 DAGs
[2024-03-19T18:58:21.083+0000] {logging_mixin.py:188} INFO - [2024-03-19T18:58:21.083+0000] {dag.py:3834} INFO - Setting next_dagrun for example_dynamic_task_mapping_with_no_taskflow_operators to 2024-03-18 00:00:00+00:00, run_after=2024-03-19 00:00:00+00:00
[2024-03-19T18:58:21.093+0000] {processor.py:183} INFO - Processing /home/airflow/.local/lib/python3.8/site-packages/airflow/example_dags/example_dynamic_task_mapping_with_no_taskflow_operators.py took 0.034 seconds
[2024-03-19T18:58:51.590+0000] {processor.py:161} INFO - Started process (PID=5455) to work on /home/airflow/.local/lib/python3.8/site-packages/airflow/example_dags/example_dynamic_task_mapping_with_no_taskflow_operators.py
[2024-03-19T18:58:51.591+0000] {processor.py:830} INFO - Processing file /home/airflow/.local/lib/python3.8/site-packages/airflow/example_dags/example_dynamic_task_mapping_with_no_taskflow_operators.py for tasks to queue
[2024-03-19T18:58:51.591+0000] {logging_mixin.py:188} INFO - [2024-03-19T18:58:51.591+0000] {dagbag.py:540} INFO - Filling up the DagBag from /home/airflow/.local/lib/python3.8/site-packages/airflow/example_dags/example_dynamic_task_mapping_with_no_taskflow_operators.py
[2024-03-19T18:58:51.595+0000] {processor.py:840} INFO - DAG(s) 'example_dynamic_task_mapping_with_no_taskflow_operators' retrieved from /home/airflow/.local/lib/python3.8/site-packages/airflow/example_dags/example_dynamic_task_mapping_with_no_taskflow_operators.py
[2024-03-19T18:58:51.603+0000] {logging_mixin.py:188} INFO - [2024-03-19T18:58:51.603+0000] {dag.py:3047} INFO - Sync 1 DAGs
[2024-03-19T18:58:51.612+0000] {logging_mixin.py:188} INFO - [2024-03-19T18:58:51.612+0000] {dag.py:3834} INFO - Setting next_dagrun for example_dynamic_task_mapping_with_no_taskflow_operators to 2024-03-18 00:00:00+00:00, run_after=2024-03-19 00:00:00+00:00
[2024-03-19T18:58:51.620+0000] {processor.py:183} INFO - Processing /home/airflow/.local/lib/python3.8/site-packages/airflow/example_dags/example_dynamic_task_mapping_with_no_taskflow_operators.py took 0.031 seconds
[2024-03-19T18:59:22.248+0000] {processor.py:161} INFO - Started process (PID=5704) to work on /home/airflow/.local/lib/python3.8/site-packages/airflow/example_dags/example_dynamic_task_mapping_with_no_taskflow_operators.py
[2024-03-19T18:59:22.249+0000] {processor.py:830} INFO - Processing file /home/airflow/.local/lib/python3.8/site-packages/airflow/example_dags/example_dynamic_task_mapping_with_no_taskflow_operators.py for tasks to queue
[2024-03-19T18:59:22.249+0000] {logging_mixin.py:188} INFO - [2024-03-19T18:59:22.249+0000] {dagbag.py:540} INFO - Filling up the DagBag from /home/airflow/.local/lib/python3.8/site-packages/airflow/example_dags/example_dynamic_task_mapping_with_no_taskflow_operators.py
[2024-03-19T18:59:22.252+0000] {processor.py:840} INFO - DAG(s) 'example_dynamic_task_mapping_with_no_taskflow_operators' retrieved from /home/airflow/.local/lib/python3.8/site-packages/airflow/example_dags/example_dynamic_task_mapping_with_no_taskflow_operators.py
[2024-03-19T18:59:22.260+0000] {logging_mixin.py:188} INFO - [2024-03-19T18:59:22.260+0000] {dag.py:3047} INFO - Sync 1 DAGs
[2024-03-19T18:59:22.268+0000] {logging_mixin.py:188} INFO - [2024-03-19T18:59:22.268+0000] {dag.py:3834} INFO - Setting next_dagrun for example_dynamic_task_mapping_with_no_taskflow_operators to 2024-03-18 00:00:00+00:00, run_after=2024-03-19 00:00:00+00:00
[2024-03-19T18:59:22.274+0000] {processor.py:183} INFO - Processing /home/airflow/.local/lib/python3.8/site-packages/airflow/example_dags/example_dynamic_task_mapping_with_no_taskflow_operators.py took 0.028 seconds
[2024-03-19T18:59:52.832+0000] {processor.py:161} INFO - Started process (PID=5948) to work on /home/airflow/.local/lib/python3.8/site-packages/airflow/example_dags/example_dynamic_task_mapping_with_no_taskflow_operators.py
[2024-03-19T18:59:52.833+0000] {processor.py:830} INFO - Processing file /home/airflow/.local/lib/python3.8/site-packages/airflow/example_dags/example_dynamic_task_mapping_with_no_taskflow_operators.py for tasks to queue
[2024-03-19T18:59:52.833+0000] {logging_mixin.py:188} INFO - [2024-03-19T18:59:52.833+0000] {dagbag.py:540} INFO - Filling up the DagBag from /home/airflow/.local/lib/python3.8/site-packages/airflow/example_dags/example_dynamic_task_mapping_with_no_taskflow_operators.py
[2024-03-19T18:59:52.837+0000] {processor.py:840} INFO - DAG(s) 'example_dynamic_task_mapping_with_no_taskflow_operators' retrieved from /home/airflow/.local/lib/python3.8/site-packages/airflow/example_dags/example_dynamic_task_mapping_with_no_taskflow_operators.py
[2024-03-19T18:59:52.846+0000] {logging_mixin.py:188} INFO - [2024-03-19T18:59:52.846+0000] {dag.py:3047} INFO - Sync 1 DAGs
[2024-03-19T18:59:52.856+0000] {logging_mixin.py:188} INFO - [2024-03-19T18:59:52.856+0000] {dag.py:3834} INFO - Setting next_dagrun for example_dynamic_task_mapping_with_no_taskflow_operators to 2024-03-18 00:00:00+00:00, run_after=2024-03-19 00:00:00+00:00
[2024-03-19T18:59:52.864+0000] {processor.py:183} INFO - Processing /home/airflow/.local/lib/python3.8/site-packages/airflow/example_dags/example_dynamic_task_mapping_with_no_taskflow_operators.py took 0.034 seconds
[2024-03-19T19:00:23.368+0000] {processor.py:161} INFO - Started process (PID=6195) to work on /home/airflow/.local/lib/python3.8/site-packages/airflow/example_dags/example_dynamic_task_mapping_with_no_taskflow_operators.py
[2024-03-19T19:00:23.369+0000] {processor.py:830} INFO - Processing file /home/airflow/.local/lib/python3.8/site-packages/airflow/example_dags/example_dynamic_task_mapping_with_no_taskflow_operators.py for tasks to queue
[2024-03-19T19:00:23.369+0000] {logging_mixin.py:188} INFO - [2024-03-19T19:00:23.369+0000] {dagbag.py:540} INFO - Filling up the DagBag from /home/airflow/.local/lib/python3.8/site-packages/airflow/example_dags/example_dynamic_task_mapping_with_no_taskflow_operators.py
[2024-03-19T19:00:23.372+0000] {processor.py:840} INFO - DAG(s) 'example_dynamic_task_mapping_with_no_taskflow_operators' retrieved from /home/airflow/.local/lib/python3.8/site-packages/airflow/example_dags/example_dynamic_task_mapping_with_no_taskflow_operators.py
[2024-03-19T19:00:23.381+0000] {logging_mixin.py:188} INFO - [2024-03-19T19:00:23.380+0000] {dag.py:3047} INFO - Sync 1 DAGs
[2024-03-19T19:00:23.390+0000] {logging_mixin.py:188} INFO - [2024-03-19T19:00:23.389+0000] {dag.py:3834} INFO - Setting next_dagrun for example_dynamic_task_mapping_with_no_taskflow_operators to 2024-03-18 00:00:00+00:00, run_after=2024-03-19 00:00:00+00:00
[2024-03-19T19:00:23.397+0000] {processor.py:183} INFO - Processing /home/airflow/.local/lib/python3.8/site-packages/airflow/example_dags/example_dynamic_task_mapping_with_no_taskflow_operators.py took 0.031 seconds
[2024-03-19T19:00:53.899+0000] {processor.py:161} INFO - Started process (PID=6444) to work on /home/airflow/.local/lib/python3.8/site-packages/airflow/example_dags/example_dynamic_task_mapping_with_no_taskflow_operators.py
[2024-03-19T19:00:53.899+0000] {processor.py:830} INFO - Processing file /home/airflow/.local/lib/python3.8/site-packages/airflow/example_dags/example_dynamic_task_mapping_with_no_taskflow_operators.py for tasks to queue
[2024-03-19T19:00:53.900+0000] {logging_mixin.py:188} INFO - [2024-03-19T19:00:53.900+0000] {dagbag.py:540} INFO - Filling up the DagBag from /home/airflow/.local/lib/python3.8/site-packages/airflow/example_dags/example_dynamic_task_mapping_with_no_taskflow_operators.py
[2024-03-19T19:00:53.903+0000] {processor.py:840} INFO - DAG(s) 'example_dynamic_task_mapping_with_no_taskflow_operators' retrieved from /home/airflow/.local/lib/python3.8/site-packages/airflow/example_dags/example_dynamic_task_mapping_with_no_taskflow_operators.py
[2024-03-19T19:00:53.912+0000] {logging_mixin.py:188} INFO - [2024-03-19T19:00:53.912+0000] {dag.py:3047} INFO - Sync 1 DAGs
[2024-03-19T19:00:53.921+0000] {logging_mixin.py:188} INFO - [2024-03-19T19:00:53.921+0000] {dag.py:3834} INFO - Setting next_dagrun for example_dynamic_task_mapping_with_no_taskflow_operators to 2024-03-18 00:00:00+00:00, run_after=2024-03-19 00:00:00+00:00
[2024-03-19T19:00:53.928+0000] {processor.py:183} INFO - Processing /home/airflow/.local/lib/python3.8/site-packages/airflow/example_dags/example_dynamic_task_mapping_with_no_taskflow_operators.py took 0.031 seconds
[2024-03-19T19:01:24.370+0000] {processor.py:161} INFO - Started process (PID=6689) to work on /home/airflow/.local/lib/python3.8/site-packages/airflow/example_dags/example_dynamic_task_mapping_with_no_taskflow_operators.py
[2024-03-19T19:01:24.370+0000] {processor.py:830} INFO - Processing file /home/airflow/.local/lib/python3.8/site-packages/airflow/example_dags/example_dynamic_task_mapping_with_no_taskflow_operators.py for tasks to queue
[2024-03-19T19:01:24.371+0000] {logging_mixin.py:188} INFO - [2024-03-19T19:01:24.371+0000] {dagbag.py:540} INFO - Filling up the DagBag from /home/airflow/.local/lib/python3.8/site-packages/airflow/example_dags/example_dynamic_task_mapping_with_no_taskflow_operators.py
[2024-03-19T19:01:24.374+0000] {processor.py:840} INFO - DAG(s) 'example_dynamic_task_mapping_with_no_taskflow_operators' retrieved from /home/airflow/.local/lib/python3.8/site-packages/airflow/example_dags/example_dynamic_task_mapping_with_no_taskflow_operators.py
[2024-03-19T19:01:24.382+0000] {logging_mixin.py:188} INFO - [2024-03-19T19:01:24.382+0000] {dag.py:3047} INFO - Sync 1 DAGs
[2024-03-19T19:01:24.391+0000] {logging_mixin.py:188} INFO - [2024-03-19T19:01:24.391+0000] {dag.py:3834} INFO - Setting next_dagrun for example_dynamic_task_mapping_with_no_taskflow_operators to 2024-03-18 00:00:00+00:00, run_after=2024-03-19 00:00:00+00:00
[2024-03-19T19:01:24.398+0000] {processor.py:183} INFO - Processing /home/airflow/.local/lib/python3.8/site-packages/airflow/example_dags/example_dynamic_task_mapping_with_no_taskflow_operators.py took 0.029 seconds
[2024-03-19T19:01:54.820+0000] {processor.py:161} INFO - Started process (PID=6938) to work on /home/airflow/.local/lib/python3.8/site-packages/airflow/example_dags/example_dynamic_task_mapping_with_no_taskflow_operators.py
[2024-03-19T19:01:54.820+0000] {processor.py:830} INFO - Processing file /home/airflow/.local/lib/python3.8/site-packages/airflow/example_dags/example_dynamic_task_mapping_with_no_taskflow_operators.py for tasks to queue
[2024-03-19T19:01:54.821+0000] {logging_mixin.py:188} INFO - [2024-03-19T19:01:54.821+0000] {dagbag.py:540} INFO - Filling up the DagBag from /home/airflow/.local/lib/python3.8/site-packages/airflow/example_dags/example_dynamic_task_mapping_with_no_taskflow_operators.py
[2024-03-19T19:01:54.824+0000] {processor.py:840} INFO - DAG(s) 'example_dynamic_task_mapping_with_no_taskflow_operators' retrieved from /home/airflow/.local/lib/python3.8/site-packages/airflow/example_dags/example_dynamic_task_mapping_with_no_taskflow_operators.py
[2024-03-19T19:01:54.832+0000] {logging_mixin.py:188} INFO - [2024-03-19T19:01:54.832+0000] {dag.py:3047} INFO - Sync 1 DAGs
[2024-03-19T19:01:54.840+0000] {logging_mixin.py:188} INFO - [2024-03-19T19:01:54.840+0000] {dag.py:3834} INFO - Setting next_dagrun for example_dynamic_task_mapping_with_no_taskflow_operators to 2024-03-18 00:00:00+00:00, run_after=2024-03-19 00:00:00+00:00
[2024-03-19T19:01:54.847+0000] {processor.py:183} INFO - Processing /home/airflow/.local/lib/python3.8/site-packages/airflow/example_dags/example_dynamic_task_mapping_with_no_taskflow_operators.py took 0.028 seconds
[2024-03-19T19:02:25.321+0000] {processor.py:161} INFO - Started process (PID=7184) to work on /home/airflow/.local/lib/python3.8/site-packages/airflow/example_dags/example_dynamic_task_mapping_with_no_taskflow_operators.py
[2024-03-19T19:02:25.321+0000] {processor.py:830} INFO - Processing file /home/airflow/.local/lib/python3.8/site-packages/airflow/example_dags/example_dynamic_task_mapping_with_no_taskflow_operators.py for tasks to queue
[2024-03-19T19:02:25.322+0000] {logging_mixin.py:188} INFO - [2024-03-19T19:02:25.322+0000] {dagbag.py:540} INFO - Filling up the DagBag from /home/airflow/.local/lib/python3.8/site-packages/airflow/example_dags/example_dynamic_task_mapping_with_no_taskflow_operators.py
[2024-03-19T19:02:25.325+0000] {processor.py:840} INFO - DAG(s) 'example_dynamic_task_mapping_with_no_taskflow_operators' retrieved from /home/airflow/.local/lib/python3.8/site-packages/airflow/example_dags/example_dynamic_task_mapping_with_no_taskflow_operators.py
[2024-03-19T19:02:25.334+0000] {logging_mixin.py:188} INFO - [2024-03-19T19:02:25.334+0000] {dag.py:3047} INFO - Sync 1 DAGs
[2024-03-19T19:02:25.343+0000] {logging_mixin.py:188} INFO - [2024-03-19T19:02:25.343+0000] {dag.py:3834} INFO - Setting next_dagrun for example_dynamic_task_mapping_with_no_taskflow_operators to 2024-03-18 00:00:00+00:00, run_after=2024-03-19 00:00:00+00:00
[2024-03-19T19:02:25.350+0000] {processor.py:183} INFO - Processing /home/airflow/.local/lib/python3.8/site-packages/airflow/example_dags/example_dynamic_task_mapping_with_no_taskflow_operators.py took 0.030 seconds
[2024-03-19T19:02:55.805+0000] {processor.py:161} INFO - Started process (PID=7431) to work on /home/airflow/.local/lib/python3.8/site-packages/airflow/example_dags/example_dynamic_task_mapping_with_no_taskflow_operators.py
[2024-03-19T19:02:55.805+0000] {processor.py:830} INFO - Processing file /home/airflow/.local/lib/python3.8/site-packages/airflow/example_dags/example_dynamic_task_mapping_with_no_taskflow_operators.py for tasks to queue
[2024-03-19T19:02:55.806+0000] {logging_mixin.py:188} INFO - [2024-03-19T19:02:55.806+0000] {dagbag.py:540} INFO - Filling up the DagBag from /home/airflow/.local/lib/python3.8/site-packages/airflow/example_dags/example_dynamic_task_mapping_with_no_taskflow_operators.py
[2024-03-19T19:02:55.809+0000] {processor.py:840} INFO - DAG(s) 'example_dynamic_task_mapping_with_no_taskflow_operators' retrieved from /home/airflow/.local/lib/python3.8/site-packages/airflow/example_dags/example_dynamic_task_mapping_with_no_taskflow_operators.py
[2024-03-19T19:02:55.817+0000] {logging_mixin.py:188} INFO - [2024-03-19T19:02:55.817+0000] {dag.py:3047} INFO - Sync 1 DAGs
[2024-03-19T19:02:55.826+0000] {logging_mixin.py:188} INFO - [2024-03-19T19:02:55.826+0000] {dag.py:3834} INFO - Setting next_dagrun for example_dynamic_task_mapping_with_no_taskflow_operators to 2024-03-18 00:00:00+00:00, run_after=2024-03-19 00:00:00+00:00
[2024-03-19T19:02:55.833+0000] {processor.py:183} INFO - Processing /home/airflow/.local/lib/python3.8/site-packages/airflow/example_dags/example_dynamic_task_mapping_with_no_taskflow_operators.py took 0.030 seconds
[2024-03-19T19:03:26.282+0000] {processor.py:161} INFO - Started process (PID=7676) to work on /home/airflow/.local/lib/python3.8/site-packages/airflow/example_dags/example_dynamic_task_mapping_with_no_taskflow_operators.py
[2024-03-19T19:03:26.282+0000] {processor.py:830} INFO - Processing file /home/airflow/.local/lib/python3.8/site-packages/airflow/example_dags/example_dynamic_task_mapping_with_no_taskflow_operators.py for tasks to queue
[2024-03-19T19:03:26.283+0000] {logging_mixin.py:188} INFO - [2024-03-19T19:03:26.282+0000] {dagbag.py:540} INFO - Filling up the DagBag from /home/airflow/.local/lib/python3.8/site-packages/airflow/example_dags/example_dynamic_task_mapping_with_no_taskflow_operators.py
[2024-03-19T19:03:26.286+0000] {processor.py:840} INFO - DAG(s) 'example_dynamic_task_mapping_with_no_taskflow_operators' retrieved from /home/airflow/.local/lib/python3.8/site-packages/airflow/example_dags/example_dynamic_task_mapping_with_no_taskflow_operators.py
[2024-03-19T19:03:26.294+0000] {logging_mixin.py:188} INFO - [2024-03-19T19:03:26.294+0000] {dag.py:3047} INFO - Sync 1 DAGs
[2024-03-19T19:03:26.303+0000] {logging_mixin.py:188} INFO - [2024-03-19T19:03:26.303+0000] {dag.py:3834} INFO - Setting next_dagrun for example_dynamic_task_mapping_with_no_taskflow_operators to 2024-03-18 00:00:00+00:00, run_after=2024-03-19 00:00:00+00:00
[2024-03-19T19:03:26.311+0000] {processor.py:183} INFO - Processing /home/airflow/.local/lib/python3.8/site-packages/airflow/example_dags/example_dynamic_task_mapping_with_no_taskflow_operators.py took 0.031 seconds
[2024-03-19T19:03:56.846+0000] {processor.py:161} INFO - Started process (PID=7925) to work on /home/airflow/.local/lib/python3.8/site-packages/airflow/example_dags/example_dynamic_task_mapping_with_no_taskflow_operators.py
[2024-03-19T19:03:56.847+0000] {processor.py:830} INFO - Processing file /home/airflow/.local/lib/python3.8/site-packages/airflow/example_dags/example_dynamic_task_mapping_with_no_taskflow_operators.py for tasks to queue
[2024-03-19T19:03:56.848+0000] {logging_mixin.py:188} INFO - [2024-03-19T19:03:56.847+0000] {dagbag.py:540} INFO - Filling up the DagBag from /home/airflow/.local/lib/python3.8/site-packages/airflow/example_dags/example_dynamic_task_mapping_with_no_taskflow_operators.py
[2024-03-19T19:03:56.850+0000] {processor.py:840} INFO - DAG(s) 'example_dynamic_task_mapping_with_no_taskflow_operators' retrieved from /home/airflow/.local/lib/python3.8/site-packages/airflow/example_dags/example_dynamic_task_mapping_with_no_taskflow_operators.py
[2024-03-19T19:03:56.858+0000] {logging_mixin.py:188} INFO - [2024-03-19T19:03:56.858+0000] {dag.py:3047} INFO - Sync 1 DAGs
[2024-03-19T19:03:56.866+0000] {logging_mixin.py:188} INFO - [2024-03-19T19:03:56.866+0000] {dag.py:3834} INFO - Setting next_dagrun for example_dynamic_task_mapping_with_no_taskflow_operators to 2024-03-18 00:00:00+00:00, run_after=2024-03-19 00:00:00+00:00
[2024-03-19T19:03:56.873+0000] {processor.py:183} INFO - Processing /home/airflow/.local/lib/python3.8/site-packages/airflow/example_dags/example_dynamic_task_mapping_with_no_taskflow_operators.py took 0.027 seconds
[2024-03-19T19:04:27.387+0000] {processor.py:161} INFO - Started process (PID=8172) to work on /home/airflow/.local/lib/python3.8/site-packages/airflow/example_dags/example_dynamic_task_mapping_with_no_taskflow_operators.py
[2024-03-19T19:04:27.387+0000] {processor.py:830} INFO - Processing file /home/airflow/.local/lib/python3.8/site-packages/airflow/example_dags/example_dynamic_task_mapping_with_no_taskflow_operators.py for tasks to queue
[2024-03-19T19:04:27.388+0000] {logging_mixin.py:188} INFO - [2024-03-19T19:04:27.387+0000] {dagbag.py:540} INFO - Filling up the DagBag from /home/airflow/.local/lib/python3.8/site-packages/airflow/example_dags/example_dynamic_task_mapping_with_no_taskflow_operators.py
[2024-03-19T19:04:27.391+0000] {processor.py:840} INFO - DAG(s) 'example_dynamic_task_mapping_with_no_taskflow_operators' retrieved from /home/airflow/.local/lib/python3.8/site-packages/airflow/example_dags/example_dynamic_task_mapping_with_no_taskflow_operators.py
[2024-03-19T19:04:27.402+0000] {logging_mixin.py:188} INFO - [2024-03-19T19:04:27.401+0000] {dag.py:3047} INFO - Sync 1 DAGs
[2024-03-19T19:04:27.412+0000] {logging_mixin.py:188} INFO - [2024-03-19T19:04:27.412+0000] {dag.py:3834} INFO - Setting next_dagrun for example_dynamic_task_mapping_with_no_taskflow_operators to 2024-03-18 00:00:00+00:00, run_after=2024-03-19 00:00:00+00:00
[2024-03-19T19:04:27.418+0000] {processor.py:183} INFO - Processing /home/airflow/.local/lib/python3.8/site-packages/airflow/example_dags/example_dynamic_task_mapping_with_no_taskflow_operators.py took 0.033 seconds
[2024-03-19T19:04:57.926+0000] {processor.py:161} INFO - Started process (PID=8417) to work on /home/airflow/.local/lib/python3.8/site-packages/airflow/example_dags/example_dynamic_task_mapping_with_no_taskflow_operators.py
[2024-03-19T19:04:57.926+0000] {processor.py:830} INFO - Processing file /home/airflow/.local/lib/python3.8/site-packages/airflow/example_dags/example_dynamic_task_mapping_with_no_taskflow_operators.py for tasks to queue
[2024-03-19T19:04:57.927+0000] {logging_mixin.py:188} INFO - [2024-03-19T19:04:57.926+0000] {dagbag.py:540} INFO - Filling up the DagBag from /home/airflow/.local/lib/python3.8/site-packages/airflow/example_dags/example_dynamic_task_mapping_with_no_taskflow_operators.py
[2024-03-19T19:04:57.930+0000] {processor.py:840} INFO - DAG(s) 'example_dynamic_task_mapping_with_no_taskflow_operators' retrieved from /home/airflow/.local/lib/python3.8/site-packages/airflow/example_dags/example_dynamic_task_mapping_with_no_taskflow_operators.py
[2024-03-19T19:04:57.938+0000] {logging_mixin.py:188} INFO - [2024-03-19T19:04:57.938+0000] {dag.py:3047} INFO - Sync 1 DAGs
[2024-03-19T19:04:57.948+0000] {logging_mixin.py:188} INFO - [2024-03-19T19:04:57.948+0000] {dag.py:3834} INFO - Setting next_dagrun for example_dynamic_task_mapping_with_no_taskflow_operators to 2024-03-18 00:00:00+00:00, run_after=2024-03-19 00:00:00+00:00
[2024-03-19T19:04:57.955+0000] {processor.py:183} INFO - Processing /home/airflow/.local/lib/python3.8/site-packages/airflow/example_dags/example_dynamic_task_mapping_with_no_taskflow_operators.py took 0.030 seconds
[2024-03-19T19:05:28.432+0000] {processor.py:161} INFO - Started process (PID=8664) to work on /home/airflow/.local/lib/python3.8/site-packages/airflow/example_dags/example_dynamic_task_mapping_with_no_taskflow_operators.py
[2024-03-19T19:05:28.433+0000] {processor.py:830} INFO - Processing file /home/airflow/.local/lib/python3.8/site-packages/airflow/example_dags/example_dynamic_task_mapping_with_no_taskflow_operators.py for tasks to queue
[2024-03-19T19:05:28.433+0000] {logging_mixin.py:188} INFO - [2024-03-19T19:05:28.433+0000] {dagbag.py:540} INFO - Filling up the DagBag from /home/airflow/.local/lib/python3.8/site-packages/airflow/example_dags/example_dynamic_task_mapping_with_no_taskflow_operators.py
[2024-03-19T19:05:28.437+0000] {processor.py:840} INFO - DAG(s) 'example_dynamic_task_mapping_with_no_taskflow_operators' retrieved from /home/airflow/.local/lib/python3.8/site-packages/airflow/example_dags/example_dynamic_task_mapping_with_no_taskflow_operators.py
[2024-03-19T19:05:28.445+0000] {logging_mixin.py:188} INFO - [2024-03-19T19:05:28.445+0000] {dag.py:3047} INFO - Sync 1 DAGs
[2024-03-19T19:05:28.454+0000] {logging_mixin.py:188} INFO - [2024-03-19T19:05:28.454+0000] {dag.py:3834} INFO - Setting next_dagrun for example_dynamic_task_mapping_with_no_taskflow_operators to 2024-03-18 00:00:00+00:00, run_after=2024-03-19 00:00:00+00:00
[2024-03-19T19:05:28.462+0000] {processor.py:183} INFO - Processing /home/airflow/.local/lib/python3.8/site-packages/airflow/example_dags/example_dynamic_task_mapping_with_no_taskflow_operators.py took 0.031 seconds
[2024-03-19T19:05:58.995+0000] {processor.py:161} INFO - Started process (PID=8911) to work on /home/airflow/.local/lib/python3.8/site-packages/airflow/example_dags/example_dynamic_task_mapping_with_no_taskflow_operators.py
[2024-03-19T19:05:58.996+0000] {processor.py:830} INFO - Processing file /home/airflow/.local/lib/python3.8/site-packages/airflow/example_dags/example_dynamic_task_mapping_with_no_taskflow_operators.py for tasks to queue
[2024-03-19T19:05:58.996+0000] {logging_mixin.py:188} INFO - [2024-03-19T19:05:58.996+0000] {dagbag.py:540} INFO - Filling up the DagBag from /home/airflow/.local/lib/python3.8/site-packages/airflow/example_dags/example_dynamic_task_mapping_with_no_taskflow_operators.py
[2024-03-19T19:05:59.000+0000] {processor.py:840} INFO - DAG(s) 'example_dynamic_task_mapping_with_no_taskflow_operators' retrieved from /home/airflow/.local/lib/python3.8/site-packages/airflow/example_dags/example_dynamic_task_mapping_with_no_taskflow_operators.py
[2024-03-19T19:05:59.008+0000] {logging_mixin.py:188} INFO - [2024-03-19T19:05:59.008+0000] {dag.py:3047} INFO - Sync 1 DAGs
[2024-03-19T19:05:59.017+0000] {logging_mixin.py:188} INFO - [2024-03-19T19:05:59.017+0000] {dag.py:3834} INFO - Setting next_dagrun for example_dynamic_task_mapping_with_no_taskflow_operators to 2024-03-18 00:00:00+00:00, run_after=2024-03-19 00:00:00+00:00
[2024-03-19T19:05:59.024+0000] {processor.py:183} INFO - Processing /home/airflow/.local/lib/python3.8/site-packages/airflow/example_dags/example_dynamic_task_mapping_with_no_taskflow_operators.py took 0.031 seconds
