[2024-03-19T18:48:10.639+0000] {processor.py:161} INFO - Started process (PID=206) to work on /home/airflow/.local/lib/python3.8/site-packages/airflow/example_dags/example_sensors.py
[2024-03-19T18:48:10.639+0000] {processor.py:830} INFO - Processing file /home/airflow/.local/lib/python3.8/site-packages/airflow/example_dags/example_sensors.py for tasks to queue
[2024-03-19T18:48:10.640+0000] {logging_mixin.py:188} INFO - [2024-03-19T18:48:10.640+0000] {dagbag.py:540} INFO - Filling up the DagBag from /home/airflow/.local/lib/python3.8/site-packages/airflow/example_dags/example_sensors.py
[2024-03-19T18:48:10.645+0000] {processor.py:840} INFO - DAG(s) 'example_sensors' retrieved from /home/airflow/.local/lib/python3.8/site-packages/airflow/example_dags/example_sensors.py
[2024-03-19T18:48:10.651+0000] {logging_mixin.py:188} INFO - [2024-03-19T18:48:10.651+0000] {dag.py:3047} INFO - Sync 1 DAGs
[2024-03-19T18:48:10.657+0000] {logging_mixin.py:188} INFO - [2024-03-19T18:48:10.656+0000] {dag.py:3834} INFO - Setting next_dagrun for example_sensors to None, run_after=None
[2024-03-19T18:48:10.665+0000] {processor.py:183} INFO - Processing /home/airflow/.local/lib/python3.8/site-packages/airflow/example_dags/example_sensors.py took 0.028 seconds
[2024-03-19T18:48:41.086+0000] {processor.py:161} INFO - Started process (PID=453) to work on /home/airflow/.local/lib/python3.8/site-packages/airflow/example_dags/example_sensors.py
[2024-03-19T18:48:41.087+0000] {processor.py:830} INFO - Processing file /home/airflow/.local/lib/python3.8/site-packages/airflow/example_dags/example_sensors.py for tasks to queue
[2024-03-19T18:48:41.088+0000] {logging_mixin.py:188} INFO - [2024-03-19T18:48:41.088+0000] {dagbag.py:540} INFO - Filling up the DagBag from /home/airflow/.local/lib/python3.8/site-packages/airflow/example_dags/example_sensors.py
[2024-03-19T18:48:41.093+0000] {processor.py:840} INFO - DAG(s) 'example_sensors' retrieved from /home/airflow/.local/lib/python3.8/site-packages/airflow/example_dags/example_sensors.py
[2024-03-19T18:48:41.149+0000] {logging_mixin.py:188} INFO - [2024-03-19T18:48:41.148+0000] {dag.py:3047} INFO - Sync 1 DAGs
[2024-03-19T18:48:41.153+0000] {logging_mixin.py:188} INFO - [2024-03-19T18:48:41.153+0000] {dag.py:3834} INFO - Setting next_dagrun for example_sensors to None, run_after=None
[2024-03-19T18:48:41.162+0000] {processor.py:183} INFO - Processing /home/airflow/.local/lib/python3.8/site-packages/airflow/example_dags/example_sensors.py took 0.078 seconds
[2024-03-19T18:49:11.493+0000] {processor.py:161} INFO - Started process (PID=700) to work on /home/airflow/.local/lib/python3.8/site-packages/airflow/example_dags/example_sensors.py
[2024-03-19T18:49:11.493+0000] {processor.py:830} INFO - Processing file /home/airflow/.local/lib/python3.8/site-packages/airflow/example_dags/example_sensors.py for tasks to queue
[2024-03-19T18:49:11.494+0000] {logging_mixin.py:188} INFO - [2024-03-19T18:49:11.494+0000] {dagbag.py:540} INFO - Filling up the DagBag from /home/airflow/.local/lib/python3.8/site-packages/airflow/example_dags/example_sensors.py
[2024-03-19T18:49:11.498+0000] {processor.py:840} INFO - DAG(s) 'example_sensors' retrieved from /home/airflow/.local/lib/python3.8/site-packages/airflow/example_dags/example_sensors.py
[2024-03-19T18:49:11.509+0000] {logging_mixin.py:188} INFO - [2024-03-19T18:49:11.509+0000] {dag.py:3047} INFO - Sync 1 DAGs
[2024-03-19T18:49:11.514+0000] {logging_mixin.py:188} INFO - [2024-03-19T18:49:11.514+0000] {dag.py:3834} INFO - Setting next_dagrun for example_sensors to None, run_after=None
[2024-03-19T18:49:11.522+0000] {processor.py:183} INFO - Processing /home/airflow/.local/lib/python3.8/site-packages/airflow/example_dags/example_sensors.py took 0.031 seconds
[2024-03-19T18:49:42.032+0000] {processor.py:161} INFO - Started process (PID=947) to work on /home/airflow/.local/lib/python3.8/site-packages/airflow/example_dags/example_sensors.py
[2024-03-19T18:49:42.033+0000] {processor.py:830} INFO - Processing file /home/airflow/.local/lib/python3.8/site-packages/airflow/example_dags/example_sensors.py for tasks to queue
[2024-03-19T18:49:42.034+0000] {logging_mixin.py:188} INFO - [2024-03-19T18:49:42.034+0000] {dagbag.py:540} INFO - Filling up the DagBag from /home/airflow/.local/lib/python3.8/site-packages/airflow/example_dags/example_sensors.py
[2024-03-19T18:49:42.040+0000] {processor.py:840} INFO - DAG(s) 'example_sensors' retrieved from /home/airflow/.local/lib/python3.8/site-packages/airflow/example_dags/example_sensors.py
[2024-03-19T18:49:42.052+0000] {logging_mixin.py:188} INFO - [2024-03-19T18:49:42.052+0000] {dag.py:3047} INFO - Sync 1 DAGs
[2024-03-19T18:49:42.057+0000] {logging_mixin.py:188} INFO - [2024-03-19T18:49:42.057+0000] {dag.py:3834} INFO - Setting next_dagrun for example_sensors to None, run_after=None
[2024-03-19T18:49:42.064+0000] {processor.py:183} INFO - Processing /home/airflow/.local/lib/python3.8/site-packages/airflow/example_dags/example_sensors.py took 0.033 seconds
[2024-03-19T18:50:12.569+0000] {processor.py:161} INFO - Started process (PID=1194) to work on /home/airflow/.local/lib/python3.8/site-packages/airflow/example_dags/example_sensors.py
[2024-03-19T18:50:12.570+0000] {processor.py:830} INFO - Processing file /home/airflow/.local/lib/python3.8/site-packages/airflow/example_dags/example_sensors.py for tasks to queue
[2024-03-19T18:50:12.571+0000] {logging_mixin.py:188} INFO - [2024-03-19T18:50:12.570+0000] {dagbag.py:540} INFO - Filling up the DagBag from /home/airflow/.local/lib/python3.8/site-packages/airflow/example_dags/example_sensors.py
[2024-03-19T18:50:12.580+0000] {processor.py:840} INFO - DAG(s) 'example_sensors' retrieved from /home/airflow/.local/lib/python3.8/site-packages/airflow/example_dags/example_sensors.py
[2024-03-19T18:50:12.593+0000] {logging_mixin.py:188} INFO - [2024-03-19T18:50:12.593+0000] {dag.py:3047} INFO - Sync 1 DAGs
[2024-03-19T18:50:12.599+0000] {logging_mixin.py:188} INFO - [2024-03-19T18:50:12.599+0000] {dag.py:3834} INFO - Setting next_dagrun for example_sensors to None, run_after=None
[2024-03-19T18:50:12.607+0000] {processor.py:183} INFO - Processing /home/airflow/.local/lib/python3.8/site-packages/airflow/example_dags/example_sensors.py took 0.041 seconds
[2024-03-19T18:50:43.161+0000] {processor.py:161} INFO - Started process (PID=1465) to work on /home/airflow/.local/lib/python3.8/site-packages/airflow/example_dags/example_sensors.py
[2024-03-19T18:50:43.162+0000] {processor.py:830} INFO - Processing file /home/airflow/.local/lib/python3.8/site-packages/airflow/example_dags/example_sensors.py for tasks to queue
[2024-03-19T18:50:43.162+0000] {logging_mixin.py:188} INFO - [2024-03-19T18:50:43.162+0000] {dagbag.py:540} INFO - Filling up the DagBag from /home/airflow/.local/lib/python3.8/site-packages/airflow/example_dags/example_sensors.py
[2024-03-19T18:50:43.166+0000] {processor.py:840} INFO - DAG(s) 'example_sensors' retrieved from /home/airflow/.local/lib/python3.8/site-packages/airflow/example_dags/example_sensors.py
[2024-03-19T18:50:43.177+0000] {logging_mixin.py:188} INFO - [2024-03-19T18:50:43.177+0000] {dag.py:3047} INFO - Sync 1 DAGs
[2024-03-19T18:50:43.182+0000] {logging_mixin.py:188} INFO - [2024-03-19T18:50:43.182+0000] {dag.py:3834} INFO - Setting next_dagrun for example_sensors to None, run_after=None
[2024-03-19T18:50:43.190+0000] {processor.py:183} INFO - Processing /home/airflow/.local/lib/python3.8/site-packages/airflow/example_dags/example_sensors.py took 0.030 seconds
[2024-03-19T18:51:13.990+0000] {processor.py:161} INFO - Started process (PID=1713) to work on /home/airflow/.local/lib/python3.8/site-packages/airflow/example_dags/example_sensors.py
[2024-03-19T18:51:13.991+0000] {processor.py:830} INFO - Processing file /home/airflow/.local/lib/python3.8/site-packages/airflow/example_dags/example_sensors.py for tasks to queue
[2024-03-19T18:51:13.991+0000] {logging_mixin.py:188} INFO - [2024-03-19T18:51:13.991+0000] {dagbag.py:540} INFO - Filling up the DagBag from /home/airflow/.local/lib/python3.8/site-packages/airflow/example_dags/example_sensors.py
[2024-03-19T18:51:13.995+0000] {processor.py:840} INFO - DAG(s) 'example_sensors' retrieved from /home/airflow/.local/lib/python3.8/site-packages/airflow/example_dags/example_sensors.py
[2024-03-19T18:51:14.007+0000] {logging_mixin.py:188} INFO - [2024-03-19T18:51:14.007+0000] {dag.py:3047} INFO - Sync 1 DAGs
[2024-03-19T18:51:14.015+0000] {logging_mixin.py:188} INFO - [2024-03-19T18:51:14.015+0000] {dag.py:3834} INFO - Setting next_dagrun for example_sensors to None, run_after=None
[2024-03-19T18:51:14.023+0000] {processor.py:183} INFO - Processing /home/airflow/.local/lib/python3.8/site-packages/airflow/example_dags/example_sensors.py took 0.035 seconds
[2024-03-19T18:51:44.352+0000] {processor.py:161} INFO - Started process (PID=1959) to work on /home/airflow/.local/lib/python3.8/site-packages/airflow/example_dags/example_sensors.py
[2024-03-19T18:51:44.353+0000] {processor.py:830} INFO - Processing file /home/airflow/.local/lib/python3.8/site-packages/airflow/example_dags/example_sensors.py for tasks to queue
[2024-03-19T18:51:44.353+0000] {logging_mixin.py:188} INFO - [2024-03-19T18:51:44.353+0000] {dagbag.py:540} INFO - Filling up the DagBag from /home/airflow/.local/lib/python3.8/site-packages/airflow/example_dags/example_sensors.py
[2024-03-19T18:51:44.357+0000] {processor.py:840} INFO - DAG(s) 'example_sensors' retrieved from /home/airflow/.local/lib/python3.8/site-packages/airflow/example_dags/example_sensors.py
[2024-03-19T18:51:44.368+0000] {logging_mixin.py:188} INFO - [2024-03-19T18:51:44.368+0000] {dag.py:3047} INFO - Sync 1 DAGs
[2024-03-19T18:51:44.373+0000] {logging_mixin.py:188} INFO - [2024-03-19T18:51:44.373+0000] {dag.py:3834} INFO - Setting next_dagrun for example_sensors to None, run_after=None
[2024-03-19T18:51:44.380+0000] {processor.py:183} INFO - Processing /home/airflow/.local/lib/python3.8/site-packages/airflow/example_dags/example_sensors.py took 0.030 seconds
[2024-03-19T18:52:14.731+0000] {processor.py:161} INFO - Started process (PID=2205) to work on /home/airflow/.local/lib/python3.8/site-packages/airflow/example_dags/example_sensors.py
[2024-03-19T18:52:14.733+0000] {processor.py:830} INFO - Processing file /home/airflow/.local/lib/python3.8/site-packages/airflow/example_dags/example_sensors.py for tasks to queue
[2024-03-19T18:52:14.733+0000] {logging_mixin.py:188} INFO - [2024-03-19T18:52:14.733+0000] {dagbag.py:540} INFO - Filling up the DagBag from /home/airflow/.local/lib/python3.8/site-packages/airflow/example_dags/example_sensors.py
[2024-03-19T18:52:14.738+0000] {processor.py:840} INFO - DAG(s) 'example_sensors' retrieved from /home/airflow/.local/lib/python3.8/site-packages/airflow/example_dags/example_sensors.py
[2024-03-19T18:52:14.748+0000] {logging_mixin.py:188} INFO - [2024-03-19T18:52:14.748+0000] {dag.py:3047} INFO - Sync 1 DAGs
[2024-03-19T18:52:14.754+0000] {logging_mixin.py:188} INFO - [2024-03-19T18:52:14.754+0000] {dag.py:3834} INFO - Setting next_dagrun for example_sensors to None, run_after=None
[2024-03-19T18:52:14.761+0000] {processor.py:183} INFO - Processing /home/airflow/.local/lib/python3.8/site-packages/airflow/example_dags/example_sensors.py took 0.031 seconds
[2024-03-19T18:52:45.162+0000] {processor.py:161} INFO - Started process (PID=2454) to work on /home/airflow/.local/lib/python3.8/site-packages/airflow/example_dags/example_sensors.py
[2024-03-19T18:52:45.163+0000] {processor.py:830} INFO - Processing file /home/airflow/.local/lib/python3.8/site-packages/airflow/example_dags/example_sensors.py for tasks to queue
[2024-03-19T18:52:45.163+0000] {logging_mixin.py:188} INFO - [2024-03-19T18:52:45.163+0000] {dagbag.py:540} INFO - Filling up the DagBag from /home/airflow/.local/lib/python3.8/site-packages/airflow/example_dags/example_sensors.py
[2024-03-19T18:52:45.167+0000] {processor.py:840} INFO - DAG(s) 'example_sensors' retrieved from /home/airflow/.local/lib/python3.8/site-packages/airflow/example_dags/example_sensors.py
[2024-03-19T18:52:45.179+0000] {logging_mixin.py:188} INFO - [2024-03-19T18:52:45.179+0000] {dag.py:3047} INFO - Sync 1 DAGs
[2024-03-19T18:52:45.185+0000] {logging_mixin.py:188} INFO - [2024-03-19T18:52:45.185+0000] {dag.py:3834} INFO - Setting next_dagrun for example_sensors to None, run_after=None
[2024-03-19T18:52:45.198+0000] {processor.py:183} INFO - Processing /home/airflow/.local/lib/python3.8/site-packages/airflow/example_dags/example_sensors.py took 0.037 seconds
[2024-03-19T18:53:15.654+0000] {processor.py:161} INFO - Started process (PID=2699) to work on /home/airflow/.local/lib/python3.8/site-packages/airflow/example_dags/example_sensors.py
[2024-03-19T18:53:15.654+0000] {processor.py:830} INFO - Processing file /home/airflow/.local/lib/python3.8/site-packages/airflow/example_dags/example_sensors.py for tasks to queue
[2024-03-19T18:53:15.655+0000] {logging_mixin.py:188} INFO - [2024-03-19T18:53:15.655+0000] {dagbag.py:540} INFO - Filling up the DagBag from /home/airflow/.local/lib/python3.8/site-packages/airflow/example_dags/example_sensors.py
[2024-03-19T18:53:15.659+0000] {processor.py:840} INFO - DAG(s) 'example_sensors' retrieved from /home/airflow/.local/lib/python3.8/site-packages/airflow/example_dags/example_sensors.py
[2024-03-19T18:53:15.670+0000] {logging_mixin.py:188} INFO - [2024-03-19T18:53:15.670+0000] {dag.py:3047} INFO - Sync 1 DAGs
[2024-03-19T18:53:15.675+0000] {logging_mixin.py:188} INFO - [2024-03-19T18:53:15.675+0000] {dag.py:3834} INFO - Setting next_dagrun for example_sensors to None, run_after=None
[2024-03-19T18:53:15.682+0000] {processor.py:183} INFO - Processing /home/airflow/.local/lib/python3.8/site-packages/airflow/example_dags/example_sensors.py took 0.030 seconds
[2024-03-19T18:53:46.198+0000] {processor.py:161} INFO - Started process (PID=2946) to work on /home/airflow/.local/lib/python3.8/site-packages/airflow/example_dags/example_sensors.py
[2024-03-19T18:53:46.198+0000] {processor.py:830} INFO - Processing file /home/airflow/.local/lib/python3.8/site-packages/airflow/example_dags/example_sensors.py for tasks to queue
[2024-03-19T18:53:46.198+0000] {logging_mixin.py:188} INFO - [2024-03-19T18:53:46.198+0000] {dagbag.py:540} INFO - Filling up the DagBag from /home/airflow/.local/lib/python3.8/site-packages/airflow/example_dags/example_sensors.py
[2024-03-19T18:53:46.203+0000] {processor.py:840} INFO - DAG(s) 'example_sensors' retrieved from /home/airflow/.local/lib/python3.8/site-packages/airflow/example_dags/example_sensors.py
[2024-03-19T18:53:46.215+0000] {logging_mixin.py:188} INFO - [2024-03-19T18:53:46.215+0000] {dag.py:3047} INFO - Sync 1 DAGs
[2024-03-19T18:53:46.221+0000] {logging_mixin.py:188} INFO - [2024-03-19T18:53:46.221+0000] {dag.py:3834} INFO - Setting next_dagrun for example_sensors to None, run_after=None
[2024-03-19T18:53:46.228+0000] {processor.py:183} INFO - Processing /home/airflow/.local/lib/python3.8/site-packages/airflow/example_dags/example_sensors.py took 0.032 seconds
[2024-03-19T18:54:16.896+0000] {processor.py:161} INFO - Started process (PID=3193) to work on /home/airflow/.local/lib/python3.8/site-packages/airflow/example_dags/example_sensors.py
[2024-03-19T18:54:16.896+0000] {processor.py:830} INFO - Processing file /home/airflow/.local/lib/python3.8/site-packages/airflow/example_dags/example_sensors.py for tasks to queue
[2024-03-19T18:54:16.897+0000] {logging_mixin.py:188} INFO - [2024-03-19T18:54:16.897+0000] {dagbag.py:540} INFO - Filling up the DagBag from /home/airflow/.local/lib/python3.8/site-packages/airflow/example_dags/example_sensors.py
[2024-03-19T18:54:16.901+0000] {processor.py:840} INFO - DAG(s) 'example_sensors' retrieved from /home/airflow/.local/lib/python3.8/site-packages/airflow/example_dags/example_sensors.py
[2024-03-19T18:54:16.914+0000] {logging_mixin.py:188} INFO - [2024-03-19T18:54:16.913+0000] {dag.py:3047} INFO - Sync 1 DAGs
[2024-03-19T18:54:16.919+0000] {logging_mixin.py:188} INFO - [2024-03-19T18:54:16.919+0000] {dag.py:3834} INFO - Setting next_dagrun for example_sensors to None, run_after=None
[2024-03-19T18:54:16.928+0000] {processor.py:183} INFO - Processing /home/airflow/.local/lib/python3.8/site-packages/airflow/example_dags/example_sensors.py took 0.035 seconds
[2024-03-19T18:54:47.393+0000] {processor.py:161} INFO - Started process (PID=3440) to work on /home/airflow/.local/lib/python3.8/site-packages/airflow/example_dags/example_sensors.py
[2024-03-19T18:54:47.394+0000] {processor.py:830} INFO - Processing file /home/airflow/.local/lib/python3.8/site-packages/airflow/example_dags/example_sensors.py for tasks to queue
[2024-03-19T18:54:47.394+0000] {logging_mixin.py:188} INFO - [2024-03-19T18:54:47.394+0000] {dagbag.py:540} INFO - Filling up the DagBag from /home/airflow/.local/lib/python3.8/site-packages/airflow/example_dags/example_sensors.py
[2024-03-19T18:54:47.399+0000] {processor.py:840} INFO - DAG(s) 'example_sensors' retrieved from /home/airflow/.local/lib/python3.8/site-packages/airflow/example_dags/example_sensors.py
[2024-03-19T18:54:47.409+0000] {logging_mixin.py:188} INFO - [2024-03-19T18:54:47.409+0000] {dag.py:3047} INFO - Sync 1 DAGs
[2024-03-19T18:54:47.414+0000] {logging_mixin.py:188} INFO - [2024-03-19T18:54:47.414+0000] {dag.py:3834} INFO - Setting next_dagrun for example_sensors to None, run_after=None
[2024-03-19T18:54:47.421+0000] {processor.py:183} INFO - Processing /home/airflow/.local/lib/python3.8/site-packages/airflow/example_dags/example_sensors.py took 0.030 seconds
[2024-03-19T18:55:17.825+0000] {processor.py:161} INFO - Started process (PID=3687) to work on /home/airflow/.local/lib/python3.8/site-packages/airflow/example_dags/example_sensors.py
[2024-03-19T18:55:17.826+0000] {processor.py:830} INFO - Processing file /home/airflow/.local/lib/python3.8/site-packages/airflow/example_dags/example_sensors.py for tasks to queue
[2024-03-19T18:55:17.826+0000] {logging_mixin.py:188} INFO - [2024-03-19T18:55:17.826+0000] {dagbag.py:540} INFO - Filling up the DagBag from /home/airflow/.local/lib/python3.8/site-packages/airflow/example_dags/example_sensors.py
[2024-03-19T18:55:17.831+0000] {processor.py:840} INFO - DAG(s) 'example_sensors' retrieved from /home/airflow/.local/lib/python3.8/site-packages/airflow/example_dags/example_sensors.py
[2024-03-19T18:55:17.842+0000] {logging_mixin.py:188} INFO - [2024-03-19T18:55:17.841+0000] {dag.py:3047} INFO - Sync 1 DAGs
[2024-03-19T18:55:17.847+0000] {logging_mixin.py:188} INFO - [2024-03-19T18:55:17.847+0000] {dag.py:3834} INFO - Setting next_dagrun for example_sensors to None, run_after=None
[2024-03-19T18:55:17.854+0000] {processor.py:183} INFO - Processing /home/airflow/.local/lib/python3.8/site-packages/airflow/example_dags/example_sensors.py took 0.030 seconds
[2024-03-19T18:55:48.305+0000] {processor.py:161} INFO - Started process (PID=3934) to work on /home/airflow/.local/lib/python3.8/site-packages/airflow/example_dags/example_sensors.py
[2024-03-19T18:55:48.305+0000] {processor.py:830} INFO - Processing file /home/airflow/.local/lib/python3.8/site-packages/airflow/example_dags/example_sensors.py for tasks to queue
[2024-03-19T18:55:48.306+0000] {logging_mixin.py:188} INFO - [2024-03-19T18:55:48.306+0000] {dagbag.py:540} INFO - Filling up the DagBag from /home/airflow/.local/lib/python3.8/site-packages/airflow/example_dags/example_sensors.py
[2024-03-19T18:55:48.310+0000] {processor.py:840} INFO - DAG(s) 'example_sensors' retrieved from /home/airflow/.local/lib/python3.8/site-packages/airflow/example_dags/example_sensors.py
[2024-03-19T18:55:48.321+0000] {logging_mixin.py:188} INFO - [2024-03-19T18:55:48.321+0000] {dag.py:3047} INFO - Sync 1 DAGs
[2024-03-19T18:55:48.327+0000] {logging_mixin.py:188} INFO - [2024-03-19T18:55:48.326+0000] {dag.py:3834} INFO - Setting next_dagrun for example_sensors to None, run_after=None
[2024-03-19T18:55:48.334+0000] {processor.py:183} INFO - Processing /home/airflow/.local/lib/python3.8/site-packages/airflow/example_dags/example_sensors.py took 0.031 seconds
[2024-03-19T18:56:18.815+0000] {processor.py:161} INFO - Started process (PID=4181) to work on /home/airflow/.local/lib/python3.8/site-packages/airflow/example_dags/example_sensors.py
[2024-03-19T18:56:18.816+0000] {processor.py:830} INFO - Processing file /home/airflow/.local/lib/python3.8/site-packages/airflow/example_dags/example_sensors.py for tasks to queue
[2024-03-19T18:56:18.816+0000] {logging_mixin.py:188} INFO - [2024-03-19T18:56:18.816+0000] {dagbag.py:540} INFO - Filling up the DagBag from /home/airflow/.local/lib/python3.8/site-packages/airflow/example_dags/example_sensors.py
[2024-03-19T18:56:18.821+0000] {processor.py:840} INFO - DAG(s) 'example_sensors' retrieved from /home/airflow/.local/lib/python3.8/site-packages/airflow/example_dags/example_sensors.py
[2024-03-19T18:56:18.831+0000] {logging_mixin.py:188} INFO - [2024-03-19T18:56:18.831+0000] {dag.py:3047} INFO - Sync 1 DAGs
[2024-03-19T18:56:18.836+0000] {logging_mixin.py:188} INFO - [2024-03-19T18:56:18.836+0000] {dag.py:3834} INFO - Setting next_dagrun for example_sensors to None, run_after=None
[2024-03-19T18:56:18.843+0000] {processor.py:183} INFO - Processing /home/airflow/.local/lib/python3.8/site-packages/airflow/example_dags/example_sensors.py took 0.030 seconds
[2024-03-19T18:56:49.296+0000] {processor.py:161} INFO - Started process (PID=4427) to work on /home/airflow/.local/lib/python3.8/site-packages/airflow/example_dags/example_sensors.py
[2024-03-19T18:56:49.297+0000] {processor.py:830} INFO - Processing file /home/airflow/.local/lib/python3.8/site-packages/airflow/example_dags/example_sensors.py for tasks to queue
[2024-03-19T18:56:49.297+0000] {logging_mixin.py:188} INFO - [2024-03-19T18:56:49.297+0000] {dagbag.py:540} INFO - Filling up the DagBag from /home/airflow/.local/lib/python3.8/site-packages/airflow/example_dags/example_sensors.py
[2024-03-19T18:56:49.301+0000] {processor.py:840} INFO - DAG(s) 'example_sensors' retrieved from /home/airflow/.local/lib/python3.8/site-packages/airflow/example_dags/example_sensors.py
[2024-03-19T18:56:49.312+0000] {logging_mixin.py:188} INFO - [2024-03-19T18:56:49.312+0000] {dag.py:3047} INFO - Sync 1 DAGs
[2024-03-19T18:56:49.317+0000] {logging_mixin.py:188} INFO - [2024-03-19T18:56:49.317+0000] {dag.py:3834} INFO - Setting next_dagrun for example_sensors to None, run_after=None
[2024-03-19T18:56:49.325+0000] {processor.py:183} INFO - Processing /home/airflow/.local/lib/python3.8/site-packages/airflow/example_dags/example_sensors.py took 0.030 seconds
[2024-03-19T18:57:19.834+0000] {processor.py:161} INFO - Started process (PID=4674) to work on /home/airflow/.local/lib/python3.8/site-packages/airflow/example_dags/example_sensors.py
[2024-03-19T18:57:19.835+0000] {processor.py:830} INFO - Processing file /home/airflow/.local/lib/python3.8/site-packages/airflow/example_dags/example_sensors.py for tasks to queue
[2024-03-19T18:57:19.835+0000] {logging_mixin.py:188} INFO - [2024-03-19T18:57:19.835+0000] {dagbag.py:540} INFO - Filling up the DagBag from /home/airflow/.local/lib/python3.8/site-packages/airflow/example_dags/example_sensors.py
[2024-03-19T18:57:19.840+0000] {processor.py:840} INFO - DAG(s) 'example_sensors' retrieved from /home/airflow/.local/lib/python3.8/site-packages/airflow/example_dags/example_sensors.py
[2024-03-19T18:57:19.851+0000] {logging_mixin.py:188} INFO - [2024-03-19T18:57:19.851+0000] {dag.py:3047} INFO - Sync 1 DAGs
[2024-03-19T18:57:19.856+0000] {logging_mixin.py:188} INFO - [2024-03-19T18:57:19.856+0000] {dag.py:3834} INFO - Setting next_dagrun for example_sensors to None, run_after=None
[2024-03-19T18:57:19.863+0000] {processor.py:183} INFO - Processing /home/airflow/.local/lib/python3.8/site-packages/airflow/example_dags/example_sensors.py took 0.030 seconds
[2024-03-19T18:57:50.339+0000] {processor.py:161} INFO - Started process (PID=4921) to work on /home/airflow/.local/lib/python3.8/site-packages/airflow/example_dags/example_sensors.py
[2024-03-19T18:57:50.340+0000] {processor.py:830} INFO - Processing file /home/airflow/.local/lib/python3.8/site-packages/airflow/example_dags/example_sensors.py for tasks to queue
[2024-03-19T18:57:50.341+0000] {logging_mixin.py:188} INFO - [2024-03-19T18:57:50.340+0000] {dagbag.py:540} INFO - Filling up the DagBag from /home/airflow/.local/lib/python3.8/site-packages/airflow/example_dags/example_sensors.py
[2024-03-19T18:57:50.345+0000] {processor.py:840} INFO - DAG(s) 'example_sensors' retrieved from /home/airflow/.local/lib/python3.8/site-packages/airflow/example_dags/example_sensors.py
[2024-03-19T18:57:50.356+0000] {logging_mixin.py:188} INFO - [2024-03-19T18:57:50.356+0000] {dag.py:3047} INFO - Sync 1 DAGs
[2024-03-19T18:57:50.362+0000] {logging_mixin.py:188} INFO - [2024-03-19T18:57:50.362+0000] {dag.py:3834} INFO - Setting next_dagrun for example_sensors to None, run_after=None
[2024-03-19T18:57:50.369+0000] {processor.py:183} INFO - Processing /home/airflow/.local/lib/python3.8/site-packages/airflow/example_dags/example_sensors.py took 0.032 seconds
[2024-03-19T18:58:20.891+0000] {processor.py:161} INFO - Started process (PID=5168) to work on /home/airflow/.local/lib/python3.8/site-packages/airflow/example_dags/example_sensors.py
[2024-03-19T18:58:20.891+0000] {processor.py:830} INFO - Processing file /home/airflow/.local/lib/python3.8/site-packages/airflow/example_dags/example_sensors.py for tasks to queue
[2024-03-19T18:58:20.892+0000] {logging_mixin.py:188} INFO - [2024-03-19T18:58:20.892+0000] {dagbag.py:540} INFO - Filling up the DagBag from /home/airflow/.local/lib/python3.8/site-packages/airflow/example_dags/example_sensors.py
[2024-03-19T18:58:20.897+0000] {processor.py:840} INFO - DAG(s) 'example_sensors' retrieved from /home/airflow/.local/lib/python3.8/site-packages/airflow/example_dags/example_sensors.py
[2024-03-19T18:58:20.908+0000] {logging_mixin.py:188} INFO - [2024-03-19T18:58:20.908+0000] {dag.py:3047} INFO - Sync 1 DAGs
[2024-03-19T18:58:20.913+0000] {logging_mixin.py:188} INFO - [2024-03-19T18:58:20.913+0000] {dag.py:3834} INFO - Setting next_dagrun for example_sensors to None, run_after=None
[2024-03-19T18:58:20.920+0000] {processor.py:183} INFO - Processing /home/airflow/.local/lib/python3.8/site-packages/airflow/example_dags/example_sensors.py took 0.031 seconds
[2024-03-19T18:58:51.419+0000] {processor.py:161} INFO - Started process (PID=5415) to work on /home/airflow/.local/lib/python3.8/site-packages/airflow/example_dags/example_sensors.py
[2024-03-19T18:58:51.420+0000] {processor.py:830} INFO - Processing file /home/airflow/.local/lib/python3.8/site-packages/airflow/example_dags/example_sensors.py for tasks to queue
[2024-03-19T18:58:51.420+0000] {logging_mixin.py:188} INFO - [2024-03-19T18:58:51.420+0000] {dagbag.py:540} INFO - Filling up the DagBag from /home/airflow/.local/lib/python3.8/site-packages/airflow/example_dags/example_sensors.py
[2024-03-19T18:58:51.425+0000] {processor.py:840} INFO - DAG(s) 'example_sensors' retrieved from /home/airflow/.local/lib/python3.8/site-packages/airflow/example_dags/example_sensors.py
[2024-03-19T18:58:51.435+0000] {logging_mixin.py:188} INFO - [2024-03-19T18:58:51.435+0000] {dag.py:3047} INFO - Sync 1 DAGs
[2024-03-19T18:58:51.441+0000] {logging_mixin.py:188} INFO - [2024-03-19T18:58:51.441+0000] {dag.py:3834} INFO - Setting next_dagrun for example_sensors to None, run_after=None
[2024-03-19T18:58:51.448+0000] {processor.py:183} INFO - Processing /home/airflow/.local/lib/python3.8/site-packages/airflow/example_dags/example_sensors.py took 0.030 seconds
[2024-03-19T18:59:22.071+0000] {processor.py:161} INFO - Started process (PID=5662) to work on /home/airflow/.local/lib/python3.8/site-packages/airflow/example_dags/example_sensors.py
[2024-03-19T18:59:22.072+0000] {processor.py:830} INFO - Processing file /home/airflow/.local/lib/python3.8/site-packages/airflow/example_dags/example_sensors.py for tasks to queue
[2024-03-19T18:59:22.073+0000] {logging_mixin.py:188} INFO - [2024-03-19T18:59:22.072+0000] {dagbag.py:540} INFO - Filling up the DagBag from /home/airflow/.local/lib/python3.8/site-packages/airflow/example_dags/example_sensors.py
[2024-03-19T18:59:22.077+0000] {processor.py:840} INFO - DAG(s) 'example_sensors' retrieved from /home/airflow/.local/lib/python3.8/site-packages/airflow/example_dags/example_sensors.py
[2024-03-19T18:59:22.088+0000] {logging_mixin.py:188} INFO - [2024-03-19T18:59:22.087+0000] {dag.py:3047} INFO - Sync 1 DAGs
[2024-03-19T18:59:22.093+0000] {logging_mixin.py:188} INFO - [2024-03-19T18:59:22.093+0000] {dag.py:3834} INFO - Setting next_dagrun for example_sensors to None, run_after=None
[2024-03-19T18:59:22.100+0000] {processor.py:183} INFO - Processing /home/airflow/.local/lib/python3.8/site-packages/airflow/example_dags/example_sensors.py took 0.031 seconds
[2024-03-19T18:59:52.578+0000] {processor.py:161} INFO - Started process (PID=5908) to work on /home/airflow/.local/lib/python3.8/site-packages/airflow/example_dags/example_sensors.py
[2024-03-19T18:59:52.579+0000] {processor.py:830} INFO - Processing file /home/airflow/.local/lib/python3.8/site-packages/airflow/example_dags/example_sensors.py for tasks to queue
[2024-03-19T18:59:52.579+0000] {logging_mixin.py:188} INFO - [2024-03-19T18:59:52.579+0000] {dagbag.py:540} INFO - Filling up the DagBag from /home/airflow/.local/lib/python3.8/site-packages/airflow/example_dags/example_sensors.py
[2024-03-19T18:59:52.584+0000] {processor.py:840} INFO - DAG(s) 'example_sensors' retrieved from /home/airflow/.local/lib/python3.8/site-packages/airflow/example_dags/example_sensors.py
[2024-03-19T18:59:52.594+0000] {logging_mixin.py:188} INFO - [2024-03-19T18:59:52.594+0000] {dag.py:3047} INFO - Sync 1 DAGs
[2024-03-19T18:59:52.600+0000] {logging_mixin.py:188} INFO - [2024-03-19T18:59:52.600+0000] {dag.py:3834} INFO - Setting next_dagrun for example_sensors to None, run_after=None
[2024-03-19T18:59:52.607+0000] {processor.py:183} INFO - Processing /home/airflow/.local/lib/python3.8/site-packages/airflow/example_dags/example_sensors.py took 0.031 seconds
[2024-03-19T19:00:23.200+0000] {processor.py:161} INFO - Started process (PID=6155) to work on /home/airflow/.local/lib/python3.8/site-packages/airflow/example_dags/example_sensors.py
[2024-03-19T19:00:23.201+0000] {processor.py:830} INFO - Processing file /home/airflow/.local/lib/python3.8/site-packages/airflow/example_dags/example_sensors.py for tasks to queue
[2024-03-19T19:00:23.201+0000] {logging_mixin.py:188} INFO - [2024-03-19T19:00:23.201+0000] {dagbag.py:540} INFO - Filling up the DagBag from /home/airflow/.local/lib/python3.8/site-packages/airflow/example_dags/example_sensors.py
[2024-03-19T19:00:23.206+0000] {processor.py:840} INFO - DAG(s) 'example_sensors' retrieved from /home/airflow/.local/lib/python3.8/site-packages/airflow/example_dags/example_sensors.py
[2024-03-19T19:00:23.217+0000] {logging_mixin.py:188} INFO - [2024-03-19T19:00:23.216+0000] {dag.py:3047} INFO - Sync 1 DAGs
[2024-03-19T19:00:23.222+0000] {logging_mixin.py:188} INFO - [2024-03-19T19:00:23.222+0000] {dag.py:3834} INFO - Setting next_dagrun for example_sensors to None, run_after=None
[2024-03-19T19:00:23.229+0000] {processor.py:183} INFO - Processing /home/airflow/.local/lib/python3.8/site-packages/airflow/example_dags/example_sensors.py took 0.030 seconds
[2024-03-19T19:00:53.669+0000] {processor.py:161} INFO - Started process (PID=6402) to work on /home/airflow/.local/lib/python3.8/site-packages/airflow/example_dags/example_sensors.py
[2024-03-19T19:00:53.669+0000] {processor.py:830} INFO - Processing file /home/airflow/.local/lib/python3.8/site-packages/airflow/example_dags/example_sensors.py for tasks to queue
[2024-03-19T19:00:53.670+0000] {logging_mixin.py:188} INFO - [2024-03-19T19:00:53.670+0000] {dagbag.py:540} INFO - Filling up the DagBag from /home/airflow/.local/lib/python3.8/site-packages/airflow/example_dags/example_sensors.py
[2024-03-19T19:00:53.674+0000] {processor.py:840} INFO - DAG(s) 'example_sensors' retrieved from /home/airflow/.local/lib/python3.8/site-packages/airflow/example_dags/example_sensors.py
[2024-03-19T19:00:53.685+0000] {logging_mixin.py:188} INFO - [2024-03-19T19:00:53.685+0000] {dag.py:3047} INFO - Sync 1 DAGs
[2024-03-19T19:00:53.690+0000] {logging_mixin.py:188} INFO - [2024-03-19T19:00:53.690+0000] {dag.py:3834} INFO - Setting next_dagrun for example_sensors to None, run_after=None
[2024-03-19T19:00:53.698+0000] {processor.py:183} INFO - Processing /home/airflow/.local/lib/python3.8/site-packages/airflow/example_dags/example_sensors.py took 0.031 seconds
[2024-03-19T19:01:24.208+0000] {processor.py:161} INFO - Started process (PID=6650) to work on /home/airflow/.local/lib/python3.8/site-packages/airflow/example_dags/example_sensors.py
[2024-03-19T19:01:24.209+0000] {processor.py:830} INFO - Processing file /home/airflow/.local/lib/python3.8/site-packages/airflow/example_dags/example_sensors.py for tasks to queue
[2024-03-19T19:01:24.209+0000] {logging_mixin.py:188} INFO - [2024-03-19T19:01:24.209+0000] {dagbag.py:540} INFO - Filling up the DagBag from /home/airflow/.local/lib/python3.8/site-packages/airflow/example_dags/example_sensors.py
[2024-03-19T19:01:24.213+0000] {processor.py:840} INFO - DAG(s) 'example_sensors' retrieved from /home/airflow/.local/lib/python3.8/site-packages/airflow/example_dags/example_sensors.py
[2024-03-19T19:01:24.224+0000] {logging_mixin.py:188} INFO - [2024-03-19T19:01:24.224+0000] {dag.py:3047} INFO - Sync 1 DAGs
[2024-03-19T19:01:24.229+0000] {logging_mixin.py:188} INFO - [2024-03-19T19:01:24.229+0000] {dag.py:3834} INFO - Setting next_dagrun for example_sensors to None, run_after=None
[2024-03-19T19:01:24.236+0000] {processor.py:183} INFO - Processing /home/airflow/.local/lib/python3.8/site-packages/airflow/example_dags/example_sensors.py took 0.029 seconds
[2024-03-19T19:01:54.640+0000] {processor.py:161} INFO - Started process (PID=6896) to work on /home/airflow/.local/lib/python3.8/site-packages/airflow/example_dags/example_sensors.py
[2024-03-19T19:01:54.641+0000] {processor.py:830} INFO - Processing file /home/airflow/.local/lib/python3.8/site-packages/airflow/example_dags/example_sensors.py for tasks to queue
[2024-03-19T19:01:54.641+0000] {logging_mixin.py:188} INFO - [2024-03-19T19:01:54.641+0000] {dagbag.py:540} INFO - Filling up the DagBag from /home/airflow/.local/lib/python3.8/site-packages/airflow/example_dags/example_sensors.py
[2024-03-19T19:01:54.646+0000] {processor.py:840} INFO - DAG(s) 'example_sensors' retrieved from /home/airflow/.local/lib/python3.8/site-packages/airflow/example_dags/example_sensors.py
[2024-03-19T19:01:54.657+0000] {logging_mixin.py:188} INFO - [2024-03-19T19:01:54.656+0000] {dag.py:3047} INFO - Sync 1 DAGs
[2024-03-19T19:01:54.662+0000] {logging_mixin.py:188} INFO - [2024-03-19T19:01:54.662+0000] {dag.py:3834} INFO - Setting next_dagrun for example_sensors to None, run_after=None
[2024-03-19T19:01:54.669+0000] {processor.py:183} INFO - Processing /home/airflow/.local/lib/python3.8/site-packages/airflow/example_dags/example_sensors.py took 0.031 seconds
[2024-03-19T19:02:25.147+0000] {processor.py:161} INFO - Started process (PID=7142) to work on /home/airflow/.local/lib/python3.8/site-packages/airflow/example_dags/example_sensors.py
[2024-03-19T19:02:25.148+0000] {processor.py:830} INFO - Processing file /home/airflow/.local/lib/python3.8/site-packages/airflow/example_dags/example_sensors.py for tasks to queue
[2024-03-19T19:02:25.150+0000] {logging_mixin.py:188} INFO - [2024-03-19T19:02:25.150+0000] {dagbag.py:540} INFO - Filling up the DagBag from /home/airflow/.local/lib/python3.8/site-packages/airflow/example_dags/example_sensors.py
[2024-03-19T19:02:25.155+0000] {processor.py:840} INFO - DAG(s) 'example_sensors' retrieved from /home/airflow/.local/lib/python3.8/site-packages/airflow/example_dags/example_sensors.py
[2024-03-19T19:02:25.165+0000] {logging_mixin.py:188} INFO - [2024-03-19T19:02:25.165+0000] {dag.py:3047} INFO - Sync 1 DAGs
[2024-03-19T19:02:25.170+0000] {logging_mixin.py:188} INFO - [2024-03-19T19:02:25.170+0000] {dag.py:3834} INFO - Setting next_dagrun for example_sensors to None, run_after=None
[2024-03-19T19:02:25.178+0000] {processor.py:183} INFO - Processing /home/airflow/.local/lib/python3.8/site-packages/airflow/example_dags/example_sensors.py took 0.033 seconds
[2024-03-19T19:02:55.642+0000] {processor.py:161} INFO - Started process (PID=7389) to work on /home/airflow/.local/lib/python3.8/site-packages/airflow/example_dags/example_sensors.py
[2024-03-19T19:02:55.642+0000] {processor.py:830} INFO - Processing file /home/airflow/.local/lib/python3.8/site-packages/airflow/example_dags/example_sensors.py for tasks to queue
[2024-03-19T19:02:55.643+0000] {logging_mixin.py:188} INFO - [2024-03-19T19:02:55.642+0000] {dagbag.py:540} INFO - Filling up the DagBag from /home/airflow/.local/lib/python3.8/site-packages/airflow/example_dags/example_sensors.py
[2024-03-19T19:02:55.647+0000] {processor.py:840} INFO - DAG(s) 'example_sensors' retrieved from /home/airflow/.local/lib/python3.8/site-packages/airflow/example_dags/example_sensors.py
[2024-03-19T19:02:55.657+0000] {logging_mixin.py:188} INFO - [2024-03-19T19:02:55.657+0000] {dag.py:3047} INFO - Sync 1 DAGs
[2024-03-19T19:02:55.662+0000] {logging_mixin.py:188} INFO - [2024-03-19T19:02:55.662+0000] {dag.py:3834} INFO - Setting next_dagrun for example_sensors to None, run_after=None
[2024-03-19T19:02:55.669+0000] {processor.py:183} INFO - Processing /home/airflow/.local/lib/python3.8/site-packages/airflow/example_dags/example_sensors.py took 0.029 seconds
[2024-03-19T19:03:26.100+0000] {processor.py:161} INFO - Started process (PID=7638) to work on /home/airflow/.local/lib/python3.8/site-packages/airflow/example_dags/example_sensors.py
[2024-03-19T19:03:26.101+0000] {processor.py:830} INFO - Processing file /home/airflow/.local/lib/python3.8/site-packages/airflow/example_dags/example_sensors.py for tasks to queue
[2024-03-19T19:03:26.101+0000] {logging_mixin.py:188} INFO - [2024-03-19T19:03:26.101+0000] {dagbag.py:540} INFO - Filling up the DagBag from /home/airflow/.local/lib/python3.8/site-packages/airflow/example_dags/example_sensors.py
[2024-03-19T19:03:26.105+0000] {processor.py:840} INFO - DAG(s) 'example_sensors' retrieved from /home/airflow/.local/lib/python3.8/site-packages/airflow/example_dags/example_sensors.py
[2024-03-19T19:03:26.115+0000] {logging_mixin.py:188} INFO - [2024-03-19T19:03:26.115+0000] {dag.py:3047} INFO - Sync 1 DAGs
[2024-03-19T19:03:26.120+0000] {logging_mixin.py:188} INFO - [2024-03-19T19:03:26.120+0000] {dag.py:3834} INFO - Setting next_dagrun for example_sensors to None, run_after=None
[2024-03-19T19:03:26.126+0000] {processor.py:183} INFO - Processing /home/airflow/.local/lib/python3.8/site-packages/airflow/example_dags/example_sensors.py took 0.028 seconds
[2024-03-19T19:03:56.677+0000] {processor.py:161} INFO - Started process (PID=7884) to work on /home/airflow/.local/lib/python3.8/site-packages/airflow/example_dags/example_sensors.py
[2024-03-19T19:03:56.677+0000] {processor.py:830} INFO - Processing file /home/airflow/.local/lib/python3.8/site-packages/airflow/example_dags/example_sensors.py for tasks to queue
[2024-03-19T19:03:56.678+0000] {logging_mixin.py:188} INFO - [2024-03-19T19:03:56.678+0000] {dagbag.py:540} INFO - Filling up the DagBag from /home/airflow/.local/lib/python3.8/site-packages/airflow/example_dags/example_sensors.py
[2024-03-19T19:03:56.682+0000] {processor.py:840} INFO - DAG(s) 'example_sensors' retrieved from /home/airflow/.local/lib/python3.8/site-packages/airflow/example_dags/example_sensors.py
[2024-03-19T19:03:56.695+0000] {logging_mixin.py:188} INFO - [2024-03-19T19:03:56.695+0000] {dag.py:3047} INFO - Sync 1 DAGs
[2024-03-19T19:03:56.701+0000] {logging_mixin.py:188} INFO - [2024-03-19T19:03:56.701+0000] {dag.py:3834} INFO - Setting next_dagrun for example_sensors to None, run_after=None
[2024-03-19T19:03:56.709+0000] {processor.py:183} INFO - Processing /home/airflow/.local/lib/python3.8/site-packages/airflow/example_dags/example_sensors.py took 0.034 seconds
[2024-03-19T19:04:27.221+0000] {processor.py:161} INFO - Started process (PID=8132) to work on /home/airflow/.local/lib/python3.8/site-packages/airflow/example_dags/example_sensors.py
[2024-03-19T19:04:27.221+0000] {processor.py:830} INFO - Processing file /home/airflow/.local/lib/python3.8/site-packages/airflow/example_dags/example_sensors.py for tasks to queue
[2024-03-19T19:04:27.222+0000] {logging_mixin.py:188} INFO - [2024-03-19T19:04:27.222+0000] {dagbag.py:540} INFO - Filling up the DagBag from /home/airflow/.local/lib/python3.8/site-packages/airflow/example_dags/example_sensors.py
[2024-03-19T19:04:27.226+0000] {processor.py:840} INFO - DAG(s) 'example_sensors' retrieved from /home/airflow/.local/lib/python3.8/site-packages/airflow/example_dags/example_sensors.py
[2024-03-19T19:04:27.237+0000] {logging_mixin.py:188} INFO - [2024-03-19T19:04:27.236+0000] {dag.py:3047} INFO - Sync 1 DAGs
[2024-03-19T19:04:27.242+0000] {logging_mixin.py:188} INFO - [2024-03-19T19:04:27.242+0000] {dag.py:3834} INFO - Setting next_dagrun for example_sensors to None, run_after=None
[2024-03-19T19:04:27.249+0000] {processor.py:183} INFO - Processing /home/airflow/.local/lib/python3.8/site-packages/airflow/example_dags/example_sensors.py took 0.030 seconds
[2024-03-19T19:04:57.760+0000] {processor.py:161} INFO - Started process (PID=8377) to work on /home/airflow/.local/lib/python3.8/site-packages/airflow/example_dags/example_sensors.py
[2024-03-19T19:04:57.760+0000] {processor.py:830} INFO - Processing file /home/airflow/.local/lib/python3.8/site-packages/airflow/example_dags/example_sensors.py for tasks to queue
[2024-03-19T19:04:57.761+0000] {logging_mixin.py:188} INFO - [2024-03-19T19:04:57.760+0000] {dagbag.py:540} INFO - Filling up the DagBag from /home/airflow/.local/lib/python3.8/site-packages/airflow/example_dags/example_sensors.py
[2024-03-19T19:04:57.765+0000] {processor.py:840} INFO - DAG(s) 'example_sensors' retrieved from /home/airflow/.local/lib/python3.8/site-packages/airflow/example_dags/example_sensors.py
[2024-03-19T19:04:57.776+0000] {logging_mixin.py:188} INFO - [2024-03-19T19:04:57.776+0000] {dag.py:3047} INFO - Sync 1 DAGs
[2024-03-19T19:04:57.782+0000] {logging_mixin.py:188} INFO - [2024-03-19T19:04:57.782+0000] {dag.py:3834} INFO - Setting next_dagrun for example_sensors to None, run_after=None
[2024-03-19T19:04:57.789+0000] {processor.py:183} INFO - Processing /home/airflow/.local/lib/python3.8/site-packages/airflow/example_dags/example_sensors.py took 0.031 seconds
[2024-03-19T19:05:28.243+0000] {processor.py:161} INFO - Started process (PID=8626) to work on /home/airflow/.local/lib/python3.8/site-packages/airflow/example_dags/example_sensors.py
[2024-03-19T19:05:28.243+0000] {processor.py:830} INFO - Processing file /home/airflow/.local/lib/python3.8/site-packages/airflow/example_dags/example_sensors.py for tasks to queue
[2024-03-19T19:05:28.243+0000] {logging_mixin.py:188} INFO - [2024-03-19T19:05:28.243+0000] {dagbag.py:540} INFO - Filling up the DagBag from /home/airflow/.local/lib/python3.8/site-packages/airflow/example_dags/example_sensors.py
[2024-03-19T19:05:28.248+0000] {processor.py:840} INFO - DAG(s) 'example_sensors' retrieved from /home/airflow/.local/lib/python3.8/site-packages/airflow/example_dags/example_sensors.py
[2024-03-19T19:05:28.257+0000] {logging_mixin.py:188} INFO - [2024-03-19T19:05:28.257+0000] {dag.py:3047} INFO - Sync 1 DAGs
[2024-03-19T19:05:28.262+0000] {logging_mixin.py:188} INFO - [2024-03-19T19:05:28.262+0000] {dag.py:3834} INFO - Setting next_dagrun for example_sensors to None, run_after=None
[2024-03-19T19:05:28.269+0000] {processor.py:183} INFO - Processing /home/airflow/.local/lib/python3.8/site-packages/airflow/example_dags/example_sensors.py took 0.028 seconds
[2024-03-19T19:05:58.807+0000] {processor.py:161} INFO - Started process (PID=8873) to work on /home/airflow/.local/lib/python3.8/site-packages/airflow/example_dags/example_sensors.py
[2024-03-19T19:05:58.808+0000] {processor.py:830} INFO - Processing file /home/airflow/.local/lib/python3.8/site-packages/airflow/example_dags/example_sensors.py for tasks to queue
[2024-03-19T19:05:58.808+0000] {logging_mixin.py:188} INFO - [2024-03-19T19:05:58.808+0000] {dagbag.py:540} INFO - Filling up the DagBag from /home/airflow/.local/lib/python3.8/site-packages/airflow/example_dags/example_sensors.py
[2024-03-19T19:05:58.812+0000] {processor.py:840} INFO - DAG(s) 'example_sensors' retrieved from /home/airflow/.local/lib/python3.8/site-packages/airflow/example_dags/example_sensors.py
[2024-03-19T19:05:58.822+0000] {logging_mixin.py:188} INFO - [2024-03-19T19:05:58.822+0000] {dag.py:3047} INFO - Sync 1 DAGs
[2024-03-19T19:05:58.827+0000] {logging_mixin.py:188} INFO - [2024-03-19T19:05:58.827+0000] {dag.py:3834} INFO - Setting next_dagrun for example_sensors to None, run_after=None
[2024-03-19T19:05:58.834+0000] {processor.py:183} INFO - Processing /home/airflow/.local/lib/python3.8/site-packages/airflow/example_dags/example_sensors.py took 0.028 seconds
