[2024-03-19T18:48:11.409+0000] {processor.py:161} INFO - Started process (PID=356) to work on /home/airflow/.local/lib/python3.8/site-packages/airflow/example_dags/example_task_group.py
[2024-03-19T18:48:11.410+0000] {processor.py:830} INFO - Processing file /home/airflow/.local/lib/python3.8/site-packages/airflow/example_dags/example_task_group.py for tasks to queue
[2024-03-19T18:48:11.410+0000] {logging_mixin.py:188} INFO - [2024-03-19T18:48:11.410+0000] {dagbag.py:540} INFO - Filling up the DagBag from /home/airflow/.local/lib/python3.8/site-packages/airflow/example_dags/example_task_group.py
[2024-03-19T18:48:11.414+0000] {processor.py:840} INFO - DAG(s) 'example_task_group' retrieved from /home/airflow/.local/lib/python3.8/site-packages/airflow/example_dags/example_task_group.py
[2024-03-19T18:48:11.419+0000] {logging_mixin.py:188} INFO - [2024-03-19T18:48:11.419+0000] {dag.py:3047} INFO - Sync 1 DAGs
[2024-03-19T18:48:11.429+0000] {logging_mixin.py:188} INFO - [2024-03-19T18:48:11.429+0000] {dag.py:3834} INFO - Setting next_dagrun for example_task_group to 2024-03-18 00:00:00+00:00, run_after=2024-03-19 00:00:00+00:00
[2024-03-19T18:48:11.437+0000] {processor.py:183} INFO - Processing /home/airflow/.local/lib/python3.8/site-packages/airflow/example_dags/example_task_group.py took 0.030 seconds
[2024-03-19T18:48:42.442+0000] {processor.py:161} INFO - Started process (PID=603) to work on /home/airflow/.local/lib/python3.8/site-packages/airflow/example_dags/example_task_group.py
[2024-03-19T18:48:42.442+0000] {processor.py:830} INFO - Processing file /home/airflow/.local/lib/python3.8/site-packages/airflow/example_dags/example_task_group.py for tasks to queue
[2024-03-19T18:48:42.443+0000] {logging_mixin.py:188} INFO - [2024-03-19T18:48:42.443+0000] {dagbag.py:540} INFO - Filling up the DagBag from /home/airflow/.local/lib/python3.8/site-packages/airflow/example_dags/example_task_group.py
[2024-03-19T18:48:42.446+0000] {processor.py:840} INFO - DAG(s) 'example_task_group' retrieved from /home/airflow/.local/lib/python3.8/site-packages/airflow/example_dags/example_task_group.py
[2024-03-19T18:48:42.488+0000] {logging_mixin.py:188} INFO - [2024-03-19T18:48:42.488+0000] {dag.py:3047} INFO - Sync 1 DAGs
[2024-03-19T18:48:42.497+0000] {logging_mixin.py:188} INFO - [2024-03-19T18:48:42.496+0000] {dag.py:3834} INFO - Setting next_dagrun for example_task_group to 2024-03-18 00:00:00+00:00, run_after=2024-03-19 00:00:00+00:00
[2024-03-19T18:48:42.510+0000] {processor.py:183} INFO - Processing /home/airflow/.local/lib/python3.8/site-packages/airflow/example_dags/example_task_group.py took 0.070 seconds
[2024-03-19T18:49:13.230+0000] {processor.py:161} INFO - Started process (PID=850) to work on /home/airflow/.local/lib/python3.8/site-packages/airflow/example_dags/example_task_group.py
[2024-03-19T18:49:13.230+0000] {processor.py:830} INFO - Processing file /home/airflow/.local/lib/python3.8/site-packages/airflow/example_dags/example_task_group.py for tasks to queue
[2024-03-19T18:49:13.231+0000] {logging_mixin.py:188} INFO - [2024-03-19T18:49:13.230+0000] {dagbag.py:540} INFO - Filling up the DagBag from /home/airflow/.local/lib/python3.8/site-packages/airflow/example_dags/example_task_group.py
[2024-03-19T18:49:13.234+0000] {processor.py:840} INFO - DAG(s) 'example_task_group' retrieved from /home/airflow/.local/lib/python3.8/site-packages/airflow/example_dags/example_task_group.py
[2024-03-19T18:49:13.243+0000] {logging_mixin.py:188} INFO - [2024-03-19T18:49:13.242+0000] {dag.py:3047} INFO - Sync 1 DAGs
[2024-03-19T18:49:13.251+0000] {logging_mixin.py:188} INFO - [2024-03-19T18:49:13.251+0000] {dag.py:3834} INFO - Setting next_dagrun for example_task_group to 2024-03-18 00:00:00+00:00, run_after=2024-03-19 00:00:00+00:00
[2024-03-19T18:49:13.258+0000] {processor.py:183} INFO - Processing /home/airflow/.local/lib/python3.8/site-packages/airflow/example_dags/example_task_group.py took 0.030 seconds
[2024-03-19T18:49:43.699+0000] {processor.py:161} INFO - Started process (PID=1097) to work on /home/airflow/.local/lib/python3.8/site-packages/airflow/example_dags/example_task_group.py
[2024-03-19T18:49:43.700+0000] {processor.py:830} INFO - Processing file /home/airflow/.local/lib/python3.8/site-packages/airflow/example_dags/example_task_group.py for tasks to queue
[2024-03-19T18:49:43.700+0000] {logging_mixin.py:188} INFO - [2024-03-19T18:49:43.700+0000] {dagbag.py:540} INFO - Filling up the DagBag from /home/airflow/.local/lib/python3.8/site-packages/airflow/example_dags/example_task_group.py
[2024-03-19T18:49:43.704+0000] {processor.py:840} INFO - DAG(s) 'example_task_group' retrieved from /home/airflow/.local/lib/python3.8/site-packages/airflow/example_dags/example_task_group.py
[2024-03-19T18:49:43.713+0000] {logging_mixin.py:188} INFO - [2024-03-19T18:49:43.713+0000] {dag.py:3047} INFO - Sync 1 DAGs
[2024-03-19T18:49:43.723+0000] {logging_mixin.py:188} INFO - [2024-03-19T18:49:43.723+0000] {dag.py:3834} INFO - Setting next_dagrun for example_task_group to 2024-03-18 00:00:00+00:00, run_after=2024-03-19 00:00:00+00:00
[2024-03-19T18:49:43.729+0000] {processor.py:183} INFO - Processing /home/airflow/.local/lib/python3.8/site-packages/airflow/example_dags/example_task_group.py took 0.031 seconds
[2024-03-19T18:50:14.276+0000] {processor.py:161} INFO - Started process (PID=1344) to work on /home/airflow/.local/lib/python3.8/site-packages/airflow/example_dags/example_task_group.py
[2024-03-19T18:50:14.276+0000] {processor.py:830} INFO - Processing file /home/airflow/.local/lib/python3.8/site-packages/airflow/example_dags/example_task_group.py for tasks to queue
[2024-03-19T18:50:14.277+0000] {logging_mixin.py:188} INFO - [2024-03-19T18:50:14.277+0000] {dagbag.py:540} INFO - Filling up the DagBag from /home/airflow/.local/lib/python3.8/site-packages/airflow/example_dags/example_task_group.py
[2024-03-19T18:50:14.280+0000] {processor.py:840} INFO - DAG(s) 'example_task_group' retrieved from /home/airflow/.local/lib/python3.8/site-packages/airflow/example_dags/example_task_group.py
[2024-03-19T18:50:14.289+0000] {logging_mixin.py:188} INFO - [2024-03-19T18:50:14.289+0000] {dag.py:3047} INFO - Sync 1 DAGs
[2024-03-19T18:50:14.298+0000] {logging_mixin.py:188} INFO - [2024-03-19T18:50:14.298+0000] {dag.py:3834} INFO - Setting next_dagrun for example_task_group to 2024-03-18 00:00:00+00:00, run_after=2024-03-19 00:00:00+00:00
[2024-03-19T18:50:14.305+0000] {processor.py:183} INFO - Processing /home/airflow/.local/lib/python3.8/site-packages/airflow/example_dags/example_task_group.py took 0.031 seconds
[2024-03-19T18:50:45.180+0000] {processor.py:161} INFO - Started process (PID=1615) to work on /home/airflow/.local/lib/python3.8/site-packages/airflow/example_dags/example_task_group.py
[2024-03-19T18:50:45.180+0000] {processor.py:830} INFO - Processing file /home/airflow/.local/lib/python3.8/site-packages/airflow/example_dags/example_task_group.py for tasks to queue
[2024-03-19T18:50:45.181+0000] {logging_mixin.py:188} INFO - [2024-03-19T18:50:45.181+0000] {dagbag.py:540} INFO - Filling up the DagBag from /home/airflow/.local/lib/python3.8/site-packages/airflow/example_dags/example_task_group.py
[2024-03-19T18:50:45.184+0000] {processor.py:840} INFO - DAG(s) 'example_task_group' retrieved from /home/airflow/.local/lib/python3.8/site-packages/airflow/example_dags/example_task_group.py
[2024-03-19T18:50:45.194+0000] {logging_mixin.py:188} INFO - [2024-03-19T18:50:45.194+0000] {dag.py:3047} INFO - Sync 1 DAGs
[2024-03-19T18:50:45.206+0000] {logging_mixin.py:188} INFO - [2024-03-19T18:50:45.206+0000] {dag.py:3834} INFO - Setting next_dagrun for example_task_group to 2024-03-18 00:00:00+00:00, run_after=2024-03-19 00:00:00+00:00
[2024-03-19T18:50:45.218+0000] {processor.py:183} INFO - Processing /home/airflow/.local/lib/python3.8/site-packages/airflow/example_dags/example_task_group.py took 0.040 seconds
[2024-03-19T18:51:15.650+0000] {processor.py:161} INFO - Started process (PID=1862) to work on /home/airflow/.local/lib/python3.8/site-packages/airflow/example_dags/example_task_group.py
[2024-03-19T18:51:15.651+0000] {processor.py:830} INFO - Processing file /home/airflow/.local/lib/python3.8/site-packages/airflow/example_dags/example_task_group.py for tasks to queue
[2024-03-19T18:51:15.651+0000] {logging_mixin.py:188} INFO - [2024-03-19T18:51:15.651+0000] {dagbag.py:540} INFO - Filling up the DagBag from /home/airflow/.local/lib/python3.8/site-packages/airflow/example_dags/example_task_group.py
[2024-03-19T18:51:15.655+0000] {processor.py:840} INFO - DAG(s) 'example_task_group' retrieved from /home/airflow/.local/lib/python3.8/site-packages/airflow/example_dags/example_task_group.py
[2024-03-19T18:51:15.664+0000] {logging_mixin.py:188} INFO - [2024-03-19T18:51:15.664+0000] {dag.py:3047} INFO - Sync 1 DAGs
[2024-03-19T18:51:15.673+0000] {logging_mixin.py:188} INFO - [2024-03-19T18:51:15.673+0000] {dag.py:3834} INFO - Setting next_dagrun for example_task_group to 2024-03-18 00:00:00+00:00, run_after=2024-03-19 00:00:00+00:00
[2024-03-19T18:51:15.680+0000] {processor.py:183} INFO - Processing /home/airflow/.local/lib/python3.8/site-packages/airflow/example_dags/example_task_group.py took 0.031 seconds
[2024-03-19T18:51:46.039+0000] {processor.py:161} INFO - Started process (PID=2109) to work on /home/airflow/.local/lib/python3.8/site-packages/airflow/example_dags/example_task_group.py
[2024-03-19T18:51:46.039+0000] {processor.py:830} INFO - Processing file /home/airflow/.local/lib/python3.8/site-packages/airflow/example_dags/example_task_group.py for tasks to queue
[2024-03-19T18:51:46.040+0000] {logging_mixin.py:188} INFO - [2024-03-19T18:51:46.040+0000] {dagbag.py:540} INFO - Filling up the DagBag from /home/airflow/.local/lib/python3.8/site-packages/airflow/example_dags/example_task_group.py
[2024-03-19T18:51:46.043+0000] {processor.py:840} INFO - DAG(s) 'example_task_group' retrieved from /home/airflow/.local/lib/python3.8/site-packages/airflow/example_dags/example_task_group.py
[2024-03-19T18:51:46.052+0000] {logging_mixin.py:188} INFO - [2024-03-19T18:51:46.052+0000] {dag.py:3047} INFO - Sync 1 DAGs
[2024-03-19T18:51:46.062+0000] {logging_mixin.py:188} INFO - [2024-03-19T18:51:46.061+0000] {dag.py:3834} INFO - Setting next_dagrun for example_task_group to 2024-03-18 00:00:00+00:00, run_after=2024-03-19 00:00:00+00:00
[2024-03-19T18:51:46.069+0000] {processor.py:183} INFO - Processing /home/airflow/.local/lib/python3.8/site-packages/airflow/example_dags/example_task_group.py took 0.032 seconds
[2024-03-19T18:52:16.416+0000] {processor.py:161} INFO - Started process (PID=2355) to work on /home/airflow/.local/lib/python3.8/site-packages/airflow/example_dags/example_task_group.py
[2024-03-19T18:52:16.416+0000] {processor.py:830} INFO - Processing file /home/airflow/.local/lib/python3.8/site-packages/airflow/example_dags/example_task_group.py for tasks to queue
[2024-03-19T18:52:16.417+0000] {logging_mixin.py:188} INFO - [2024-03-19T18:52:16.416+0000] {dagbag.py:540} INFO - Filling up the DagBag from /home/airflow/.local/lib/python3.8/site-packages/airflow/example_dags/example_task_group.py
[2024-03-19T18:52:16.420+0000] {processor.py:840} INFO - DAG(s) 'example_task_group' retrieved from /home/airflow/.local/lib/python3.8/site-packages/airflow/example_dags/example_task_group.py
[2024-03-19T18:52:16.429+0000] {logging_mixin.py:188} INFO - [2024-03-19T18:52:16.429+0000] {dag.py:3047} INFO - Sync 1 DAGs
[2024-03-19T18:52:16.438+0000] {logging_mixin.py:188} INFO - [2024-03-19T18:52:16.438+0000] {dag.py:3834} INFO - Setting next_dagrun for example_task_group to 2024-03-18 00:00:00+00:00, run_after=2024-03-19 00:00:00+00:00
[2024-03-19T18:52:16.445+0000] {processor.py:183} INFO - Processing /home/airflow/.local/lib/python3.8/site-packages/airflow/example_dags/example_task_group.py took 0.031 seconds
[2024-03-19T18:52:46.893+0000] {processor.py:161} INFO - Started process (PID=2602) to work on /home/airflow/.local/lib/python3.8/site-packages/airflow/example_dags/example_task_group.py
[2024-03-19T18:52:46.893+0000] {processor.py:830} INFO - Processing file /home/airflow/.local/lib/python3.8/site-packages/airflow/example_dags/example_task_group.py for tasks to queue
[2024-03-19T18:52:46.894+0000] {logging_mixin.py:188} INFO - [2024-03-19T18:52:46.894+0000] {dagbag.py:540} INFO - Filling up the DagBag from /home/airflow/.local/lib/python3.8/site-packages/airflow/example_dags/example_task_group.py
[2024-03-19T18:52:46.897+0000] {processor.py:840} INFO - DAG(s) 'example_task_group' retrieved from /home/airflow/.local/lib/python3.8/site-packages/airflow/example_dags/example_task_group.py
[2024-03-19T18:52:46.907+0000] {logging_mixin.py:188} INFO - [2024-03-19T18:52:46.907+0000] {dag.py:3047} INFO - Sync 1 DAGs
[2024-03-19T18:52:46.916+0000] {logging_mixin.py:188} INFO - [2024-03-19T18:52:46.916+0000] {dag.py:3834} INFO - Setting next_dagrun for example_task_group to 2024-03-18 00:00:00+00:00, run_after=2024-03-19 00:00:00+00:00
[2024-03-19T18:52:46.923+0000] {processor.py:183} INFO - Processing /home/airflow/.local/lib/python3.8/site-packages/airflow/example_dags/example_task_group.py took 0.031 seconds
[2024-03-19T18:53:17.363+0000] {processor.py:161} INFO - Started process (PID=2849) to work on /home/airflow/.local/lib/python3.8/site-packages/airflow/example_dags/example_task_group.py
[2024-03-19T18:53:17.364+0000] {processor.py:830} INFO - Processing file /home/airflow/.local/lib/python3.8/site-packages/airflow/example_dags/example_task_group.py for tasks to queue
[2024-03-19T18:53:17.364+0000] {logging_mixin.py:188} INFO - [2024-03-19T18:53:17.364+0000] {dagbag.py:540} INFO - Filling up the DagBag from /home/airflow/.local/lib/python3.8/site-packages/airflow/example_dags/example_task_group.py
[2024-03-19T18:53:17.367+0000] {processor.py:840} INFO - DAG(s) 'example_task_group' retrieved from /home/airflow/.local/lib/python3.8/site-packages/airflow/example_dags/example_task_group.py
[2024-03-19T18:53:17.377+0000] {logging_mixin.py:188} INFO - [2024-03-19T18:53:17.377+0000] {dag.py:3047} INFO - Sync 1 DAGs
[2024-03-19T18:53:17.386+0000] {logging_mixin.py:188} INFO - [2024-03-19T18:53:17.386+0000] {dag.py:3834} INFO - Setting next_dagrun for example_task_group to 2024-03-18 00:00:00+00:00, run_after=2024-03-19 00:00:00+00:00
[2024-03-19T18:53:17.393+0000] {processor.py:183} INFO - Processing /home/airflow/.local/lib/python3.8/site-packages/airflow/example_dags/example_task_group.py took 0.032 seconds
[2024-03-19T18:53:48.053+0000] {processor.py:161} INFO - Started process (PID=3096) to work on /home/airflow/.local/lib/python3.8/site-packages/airflow/example_dags/example_task_group.py
[2024-03-19T18:53:48.054+0000] {processor.py:830} INFO - Processing file /home/airflow/.local/lib/python3.8/site-packages/airflow/example_dags/example_task_group.py for tasks to queue
[2024-03-19T18:53:48.056+0000] {logging_mixin.py:188} INFO - [2024-03-19T18:53:48.056+0000] {dagbag.py:540} INFO - Filling up the DagBag from /home/airflow/.local/lib/python3.8/site-packages/airflow/example_dags/example_task_group.py
[2024-03-19T18:53:48.063+0000] {processor.py:840} INFO - DAG(s) 'example_task_group' retrieved from /home/airflow/.local/lib/python3.8/site-packages/airflow/example_dags/example_task_group.py
[2024-03-19T18:53:48.091+0000] {logging_mixin.py:188} INFO - [2024-03-19T18:53:48.091+0000] {dag.py:3047} INFO - Sync 1 DAGs
[2024-03-19T18:53:48.122+0000] {logging_mixin.py:188} INFO - [2024-03-19T18:53:48.122+0000] {dag.py:3834} INFO - Setting next_dagrun for example_task_group to 2024-03-18 00:00:00+00:00, run_after=2024-03-19 00:00:00+00:00
[2024-03-19T18:53:48.138+0000] {processor.py:183} INFO - Processing /home/airflow/.local/lib/python3.8/site-packages/airflow/example_dags/example_task_group.py took 0.087 seconds
[2024-03-19T18:54:18.631+0000] {processor.py:161} INFO - Started process (PID=3343) to work on /home/airflow/.local/lib/python3.8/site-packages/airflow/example_dags/example_task_group.py
[2024-03-19T18:54:18.632+0000] {processor.py:830} INFO - Processing file /home/airflow/.local/lib/python3.8/site-packages/airflow/example_dags/example_task_group.py for tasks to queue
[2024-03-19T18:54:18.632+0000] {logging_mixin.py:188} INFO - [2024-03-19T18:54:18.632+0000] {dagbag.py:540} INFO - Filling up the DagBag from /home/airflow/.local/lib/python3.8/site-packages/airflow/example_dags/example_task_group.py
[2024-03-19T18:54:18.636+0000] {processor.py:840} INFO - DAG(s) 'example_task_group' retrieved from /home/airflow/.local/lib/python3.8/site-packages/airflow/example_dags/example_task_group.py
[2024-03-19T18:54:18.645+0000] {logging_mixin.py:188} INFO - [2024-03-19T18:54:18.645+0000] {dag.py:3047} INFO - Sync 1 DAGs
[2024-03-19T18:54:18.654+0000] {logging_mixin.py:188} INFO - [2024-03-19T18:54:18.654+0000] {dag.py:3834} INFO - Setting next_dagrun for example_task_group to 2024-03-18 00:00:00+00:00, run_after=2024-03-19 00:00:00+00:00
[2024-03-19T18:54:18.661+0000] {processor.py:183} INFO - Processing /home/airflow/.local/lib/python3.8/site-packages/airflow/example_dags/example_task_group.py took 0.032 seconds
[2024-03-19T18:54:49.070+0000] {processor.py:161} INFO - Started process (PID=3590) to work on /home/airflow/.local/lib/python3.8/site-packages/airflow/example_dags/example_task_group.py
[2024-03-19T18:54:49.070+0000] {processor.py:830} INFO - Processing file /home/airflow/.local/lib/python3.8/site-packages/airflow/example_dags/example_task_group.py for tasks to queue
[2024-03-19T18:54:49.071+0000] {logging_mixin.py:188} INFO - [2024-03-19T18:54:49.071+0000] {dagbag.py:540} INFO - Filling up the DagBag from /home/airflow/.local/lib/python3.8/site-packages/airflow/example_dags/example_task_group.py
[2024-03-19T18:54:49.074+0000] {processor.py:840} INFO - DAG(s) 'example_task_group' retrieved from /home/airflow/.local/lib/python3.8/site-packages/airflow/example_dags/example_task_group.py
[2024-03-19T18:54:49.083+0000] {logging_mixin.py:188} INFO - [2024-03-19T18:54:49.083+0000] {dag.py:3047} INFO - Sync 1 DAGs
[2024-03-19T18:54:49.091+0000] {logging_mixin.py:188} INFO - [2024-03-19T18:54:49.091+0000] {dag.py:3834} INFO - Setting next_dagrun for example_task_group to 2024-03-18 00:00:00+00:00, run_after=2024-03-19 00:00:00+00:00
[2024-03-19T18:54:49.099+0000] {processor.py:183} INFO - Processing /home/airflow/.local/lib/python3.8/site-packages/airflow/example_dags/example_task_group.py took 0.031 seconds
[2024-03-19T18:55:19.510+0000] {processor.py:161} INFO - Started process (PID=3837) to work on /home/airflow/.local/lib/python3.8/site-packages/airflow/example_dags/example_task_group.py
[2024-03-19T18:55:19.511+0000] {processor.py:830} INFO - Processing file /home/airflow/.local/lib/python3.8/site-packages/airflow/example_dags/example_task_group.py for tasks to queue
[2024-03-19T18:55:19.511+0000] {logging_mixin.py:188} INFO - [2024-03-19T18:55:19.511+0000] {dagbag.py:540} INFO - Filling up the DagBag from /home/airflow/.local/lib/python3.8/site-packages/airflow/example_dags/example_task_group.py
[2024-03-19T18:55:19.515+0000] {processor.py:840} INFO - DAG(s) 'example_task_group' retrieved from /home/airflow/.local/lib/python3.8/site-packages/airflow/example_dags/example_task_group.py
[2024-03-19T18:55:19.523+0000] {logging_mixin.py:188} INFO - [2024-03-19T18:55:19.523+0000] {dag.py:3047} INFO - Sync 1 DAGs
[2024-03-19T18:55:19.533+0000] {logging_mixin.py:188} INFO - [2024-03-19T18:55:19.533+0000] {dag.py:3834} INFO - Setting next_dagrun for example_task_group to 2024-03-18 00:00:00+00:00, run_after=2024-03-19 00:00:00+00:00
[2024-03-19T18:55:19.541+0000] {processor.py:183} INFO - Processing /home/airflow/.local/lib/python3.8/site-packages/airflow/example_dags/example_task_group.py took 0.033 seconds
[2024-03-19T18:55:49.971+0000] {processor.py:161} INFO - Started process (PID=4079) to work on /home/airflow/.local/lib/python3.8/site-packages/airflow/example_dags/example_task_group.py
[2024-03-19T18:55:49.972+0000] {processor.py:830} INFO - Processing file /home/airflow/.local/lib/python3.8/site-packages/airflow/example_dags/example_task_group.py for tasks to queue
[2024-03-19T18:55:49.972+0000] {logging_mixin.py:188} INFO - [2024-03-19T18:55:49.972+0000] {dagbag.py:540} INFO - Filling up the DagBag from /home/airflow/.local/lib/python3.8/site-packages/airflow/example_dags/example_task_group.py
[2024-03-19T18:55:49.976+0000] {processor.py:840} INFO - DAG(s) 'example_task_group' retrieved from /home/airflow/.local/lib/python3.8/site-packages/airflow/example_dags/example_task_group.py
[2024-03-19T18:55:49.989+0000] {logging_mixin.py:188} INFO - [2024-03-19T18:55:49.989+0000] {dag.py:3047} INFO - Sync 1 DAGs
[2024-03-19T18:55:49.998+0000] {logging_mixin.py:188} INFO - [2024-03-19T18:55:49.998+0000] {dag.py:3834} INFO - Setting next_dagrun for example_task_group to 2024-03-18 00:00:00+00:00, run_after=2024-03-19 00:00:00+00:00
[2024-03-19T18:55:50.012+0000] {processor.py:183} INFO - Processing /home/airflow/.local/lib/python3.8/site-packages/airflow/example_dags/example_task_group.py took 0.043 seconds
[2024-03-19T18:56:20.482+0000] {processor.py:161} INFO - Started process (PID=4328) to work on /home/airflow/.local/lib/python3.8/site-packages/airflow/example_dags/example_task_group.py
[2024-03-19T18:56:20.483+0000] {processor.py:830} INFO - Processing file /home/airflow/.local/lib/python3.8/site-packages/airflow/example_dags/example_task_group.py for tasks to queue
[2024-03-19T18:56:20.483+0000] {logging_mixin.py:188} INFO - [2024-03-19T18:56:20.483+0000] {dagbag.py:540} INFO - Filling up the DagBag from /home/airflow/.local/lib/python3.8/site-packages/airflow/example_dags/example_task_group.py
[2024-03-19T18:56:20.486+0000] {processor.py:840} INFO - DAG(s) 'example_task_group' retrieved from /home/airflow/.local/lib/python3.8/site-packages/airflow/example_dags/example_task_group.py
[2024-03-19T18:56:20.495+0000] {logging_mixin.py:188} INFO - [2024-03-19T18:56:20.495+0000] {dag.py:3047} INFO - Sync 1 DAGs
[2024-03-19T18:56:20.503+0000] {logging_mixin.py:188} INFO - [2024-03-19T18:56:20.503+0000] {dag.py:3834} INFO - Setting next_dagrun for example_task_group to 2024-03-18 00:00:00+00:00, run_after=2024-03-19 00:00:00+00:00
[2024-03-19T18:56:20.510+0000] {processor.py:183} INFO - Processing /home/airflow/.local/lib/python3.8/site-packages/airflow/example_dags/example_task_group.py took 0.029 seconds
[2024-03-19T18:56:50.963+0000] {processor.py:161} INFO - Started process (PID=4572) to work on /home/airflow/.local/lib/python3.8/site-packages/airflow/example_dags/example_task_group.py
[2024-03-19T18:56:50.963+0000] {processor.py:830} INFO - Processing file /home/airflow/.local/lib/python3.8/site-packages/airflow/example_dags/example_task_group.py for tasks to queue
[2024-03-19T18:56:50.966+0000] {logging_mixin.py:188} INFO - [2024-03-19T18:56:50.966+0000] {dagbag.py:540} INFO - Filling up the DagBag from /home/airflow/.local/lib/python3.8/site-packages/airflow/example_dags/example_task_group.py
[2024-03-19T18:56:50.970+0000] {processor.py:840} INFO - DAG(s) 'example_task_group' retrieved from /home/airflow/.local/lib/python3.8/site-packages/airflow/example_dags/example_task_group.py
[2024-03-19T18:56:50.980+0000] {logging_mixin.py:188} INFO - [2024-03-19T18:56:50.979+0000] {dag.py:3047} INFO - Sync 1 DAGs
[2024-03-19T18:56:50.989+0000] {logging_mixin.py:188} INFO - [2024-03-19T18:56:50.989+0000] {dag.py:3834} INFO - Setting next_dagrun for example_task_group to 2024-03-18 00:00:00+00:00, run_after=2024-03-19 00:00:00+00:00
[2024-03-19T18:56:50.996+0000] {processor.py:183} INFO - Processing /home/airflow/.local/lib/python3.8/site-packages/airflow/example_dags/example_task_group.py took 0.035 seconds
[2024-03-19T18:57:21.580+0000] {processor.py:161} INFO - Started process (PID=4824) to work on /home/airflow/.local/lib/python3.8/site-packages/airflow/example_dags/example_task_group.py
[2024-03-19T18:57:21.581+0000] {processor.py:830} INFO - Processing file /home/airflow/.local/lib/python3.8/site-packages/airflow/example_dags/example_task_group.py for tasks to queue
[2024-03-19T18:57:21.581+0000] {logging_mixin.py:188} INFO - [2024-03-19T18:57:21.581+0000] {dagbag.py:540} INFO - Filling up the DagBag from /home/airflow/.local/lib/python3.8/site-packages/airflow/example_dags/example_task_group.py
[2024-03-19T18:57:21.585+0000] {processor.py:840} INFO - DAG(s) 'example_task_group' retrieved from /home/airflow/.local/lib/python3.8/site-packages/airflow/example_dags/example_task_group.py
[2024-03-19T18:57:21.594+0000] {logging_mixin.py:188} INFO - [2024-03-19T18:57:21.594+0000] {dag.py:3047} INFO - Sync 1 DAGs
[2024-03-19T18:57:21.604+0000] {logging_mixin.py:188} INFO - [2024-03-19T18:57:21.604+0000] {dag.py:3834} INFO - Setting next_dagrun for example_task_group to 2024-03-18 00:00:00+00:00, run_after=2024-03-19 00:00:00+00:00
[2024-03-19T18:57:21.611+0000] {processor.py:183} INFO - Processing /home/airflow/.local/lib/python3.8/site-packages/airflow/example_dags/example_task_group.py took 0.032 seconds
[2024-03-19T18:57:52.050+0000] {processor.py:161} INFO - Started process (PID=5071) to work on /home/airflow/.local/lib/python3.8/site-packages/airflow/example_dags/example_task_group.py
[2024-03-19T18:57:52.051+0000] {processor.py:830} INFO - Processing file /home/airflow/.local/lib/python3.8/site-packages/airflow/example_dags/example_task_group.py for tasks to queue
[2024-03-19T18:57:52.051+0000] {logging_mixin.py:188} INFO - [2024-03-19T18:57:52.051+0000] {dagbag.py:540} INFO - Filling up the DagBag from /home/airflow/.local/lib/python3.8/site-packages/airflow/example_dags/example_task_group.py
[2024-03-19T18:57:52.054+0000] {processor.py:840} INFO - DAG(s) 'example_task_group' retrieved from /home/airflow/.local/lib/python3.8/site-packages/airflow/example_dags/example_task_group.py
[2024-03-19T18:57:52.064+0000] {logging_mixin.py:188} INFO - [2024-03-19T18:57:52.064+0000] {dag.py:3047} INFO - Sync 1 DAGs
[2024-03-19T18:57:52.073+0000] {logging_mixin.py:188} INFO - [2024-03-19T18:57:52.073+0000] {dag.py:3834} INFO - Setting next_dagrun for example_task_group to 2024-03-18 00:00:00+00:00, run_after=2024-03-19 00:00:00+00:00
[2024-03-19T18:57:52.082+0000] {processor.py:183} INFO - Processing /home/airflow/.local/lib/python3.8/site-packages/airflow/example_dags/example_task_group.py took 0.033 seconds
[2024-03-19T18:58:22.607+0000] {processor.py:161} INFO - Started process (PID=5318) to work on /home/airflow/.local/lib/python3.8/site-packages/airflow/example_dags/example_task_group.py
[2024-03-19T18:58:22.608+0000] {processor.py:830} INFO - Processing file /home/airflow/.local/lib/python3.8/site-packages/airflow/example_dags/example_task_group.py for tasks to queue
[2024-03-19T18:58:22.608+0000] {logging_mixin.py:188} INFO - [2024-03-19T18:58:22.608+0000] {dagbag.py:540} INFO - Filling up the DagBag from /home/airflow/.local/lib/python3.8/site-packages/airflow/example_dags/example_task_group.py
[2024-03-19T18:58:22.612+0000] {processor.py:840} INFO - DAG(s) 'example_task_group' retrieved from /home/airflow/.local/lib/python3.8/site-packages/airflow/example_dags/example_task_group.py
[2024-03-19T18:58:22.621+0000] {logging_mixin.py:188} INFO - [2024-03-19T18:58:22.621+0000] {dag.py:3047} INFO - Sync 1 DAGs
[2024-03-19T18:58:22.630+0000] {logging_mixin.py:188} INFO - [2024-03-19T18:58:22.630+0000] {dag.py:3834} INFO - Setting next_dagrun for example_task_group to 2024-03-18 00:00:00+00:00, run_after=2024-03-19 00:00:00+00:00
[2024-03-19T18:58:22.637+0000] {processor.py:183} INFO - Processing /home/airflow/.local/lib/python3.8/site-packages/airflow/example_dags/example_task_group.py took 0.032 seconds
[2024-03-19T18:58:53.279+0000] {processor.py:161} INFO - Started process (PID=5565) to work on /home/airflow/.local/lib/python3.8/site-packages/airflow/example_dags/example_task_group.py
[2024-03-19T18:58:53.280+0000] {processor.py:830} INFO - Processing file /home/airflow/.local/lib/python3.8/site-packages/airflow/example_dags/example_task_group.py for tasks to queue
[2024-03-19T18:58:53.280+0000] {logging_mixin.py:188} INFO - [2024-03-19T18:58:53.280+0000] {dagbag.py:540} INFO - Filling up the DagBag from /home/airflow/.local/lib/python3.8/site-packages/airflow/example_dags/example_task_group.py
[2024-03-19T18:58:53.284+0000] {processor.py:840} INFO - DAG(s) 'example_task_group' retrieved from /home/airflow/.local/lib/python3.8/site-packages/airflow/example_dags/example_task_group.py
[2024-03-19T18:58:53.293+0000] {logging_mixin.py:188} INFO - [2024-03-19T18:58:53.293+0000] {dag.py:3047} INFO - Sync 1 DAGs
[2024-03-19T18:58:53.302+0000] {logging_mixin.py:188} INFO - [2024-03-19T18:58:53.302+0000] {dag.py:3834} INFO - Setting next_dagrun for example_task_group to 2024-03-18 00:00:00+00:00, run_after=2024-03-19 00:00:00+00:00
[2024-03-19T18:58:53.310+0000] {processor.py:183} INFO - Processing /home/airflow/.local/lib/python3.8/site-packages/airflow/example_dags/example_task_group.py took 0.032 seconds
[2024-03-19T18:59:23.772+0000] {processor.py:161} INFO - Started process (PID=5812) to work on /home/airflow/.local/lib/python3.8/site-packages/airflow/example_dags/example_task_group.py
[2024-03-19T18:59:23.772+0000] {processor.py:830} INFO - Processing file /home/airflow/.local/lib/python3.8/site-packages/airflow/example_dags/example_task_group.py for tasks to queue
[2024-03-19T18:59:23.773+0000] {logging_mixin.py:188} INFO - [2024-03-19T18:59:23.773+0000] {dagbag.py:540} INFO - Filling up the DagBag from /home/airflow/.local/lib/python3.8/site-packages/airflow/example_dags/example_task_group.py
[2024-03-19T18:59:23.776+0000] {processor.py:840} INFO - DAG(s) 'example_task_group' retrieved from /home/airflow/.local/lib/python3.8/site-packages/airflow/example_dags/example_task_group.py
[2024-03-19T18:59:23.785+0000] {logging_mixin.py:188} INFO - [2024-03-19T18:59:23.785+0000] {dag.py:3047} INFO - Sync 1 DAGs
[2024-03-19T18:59:23.794+0000] {logging_mixin.py:188} INFO - [2024-03-19T18:59:23.794+0000] {dag.py:3834} INFO - Setting next_dagrun for example_task_group to 2024-03-18 00:00:00+00:00, run_after=2024-03-19 00:00:00+00:00
[2024-03-19T18:59:23.801+0000] {processor.py:183} INFO - Processing /home/airflow/.local/lib/python3.8/site-packages/airflow/example_dags/example_task_group.py took 0.031 seconds
[2024-03-19T18:59:54.395+0000] {processor.py:161} INFO - Started process (PID=6058) to work on /home/airflow/.local/lib/python3.8/site-packages/airflow/example_dags/example_task_group.py
[2024-03-19T18:59:54.395+0000] {processor.py:830} INFO - Processing file /home/airflow/.local/lib/python3.8/site-packages/airflow/example_dags/example_task_group.py for tasks to queue
[2024-03-19T18:59:54.396+0000] {logging_mixin.py:188} INFO - [2024-03-19T18:59:54.396+0000] {dagbag.py:540} INFO - Filling up the DagBag from /home/airflow/.local/lib/python3.8/site-packages/airflow/example_dags/example_task_group.py
[2024-03-19T18:59:54.399+0000] {processor.py:840} INFO - DAG(s) 'example_task_group' retrieved from /home/airflow/.local/lib/python3.8/site-packages/airflow/example_dags/example_task_group.py
[2024-03-19T18:59:54.409+0000] {logging_mixin.py:188} INFO - [2024-03-19T18:59:54.409+0000] {dag.py:3047} INFO - Sync 1 DAGs
[2024-03-19T18:59:54.418+0000] {logging_mixin.py:188} INFO - [2024-03-19T18:59:54.418+0000] {dag.py:3834} INFO - Setting next_dagrun for example_task_group to 2024-03-18 00:00:00+00:00, run_after=2024-03-19 00:00:00+00:00
[2024-03-19T18:59:54.425+0000] {processor.py:183} INFO - Processing /home/airflow/.local/lib/python3.8/site-packages/airflow/example_dags/example_task_group.py took 0.032 seconds
[2024-03-19T19:00:24.866+0000] {processor.py:161} INFO - Started process (PID=6305) to work on /home/airflow/.local/lib/python3.8/site-packages/airflow/example_dags/example_task_group.py
[2024-03-19T19:00:24.867+0000] {processor.py:830} INFO - Processing file /home/airflow/.local/lib/python3.8/site-packages/airflow/example_dags/example_task_group.py for tasks to queue
[2024-03-19T19:00:24.867+0000] {logging_mixin.py:188} INFO - [2024-03-19T19:00:24.867+0000] {dagbag.py:540} INFO - Filling up the DagBag from /home/airflow/.local/lib/python3.8/site-packages/airflow/example_dags/example_task_group.py
[2024-03-19T19:00:24.871+0000] {processor.py:840} INFO - DAG(s) 'example_task_group' retrieved from /home/airflow/.local/lib/python3.8/site-packages/airflow/example_dags/example_task_group.py
[2024-03-19T19:00:24.879+0000] {logging_mixin.py:188} INFO - [2024-03-19T19:00:24.879+0000] {dag.py:3047} INFO - Sync 1 DAGs
[2024-03-19T19:00:24.888+0000] {logging_mixin.py:188} INFO - [2024-03-19T19:00:24.888+0000] {dag.py:3834} INFO - Setting next_dagrun for example_task_group to 2024-03-18 00:00:00+00:00, run_after=2024-03-19 00:00:00+00:00
[2024-03-19T19:00:24.896+0000] {processor.py:183} INFO - Processing /home/airflow/.local/lib/python3.8/site-packages/airflow/example_dags/example_task_group.py took 0.031 seconds
[2024-03-19T19:00:55.426+0000] {processor.py:161} INFO - Started process (PID=6552) to work on /home/airflow/.local/lib/python3.8/site-packages/airflow/example_dags/example_task_group.py
[2024-03-19T19:00:55.426+0000] {processor.py:830} INFO - Processing file /home/airflow/.local/lib/python3.8/site-packages/airflow/example_dags/example_task_group.py for tasks to queue
[2024-03-19T19:00:55.427+0000] {logging_mixin.py:188} INFO - [2024-03-19T19:00:55.427+0000] {dagbag.py:540} INFO - Filling up the DagBag from /home/airflow/.local/lib/python3.8/site-packages/airflow/example_dags/example_task_group.py
[2024-03-19T19:00:55.431+0000] {processor.py:840} INFO - DAG(s) 'example_task_group' retrieved from /home/airflow/.local/lib/python3.8/site-packages/airflow/example_dags/example_task_group.py
[2024-03-19T19:00:55.440+0000] {logging_mixin.py:188} INFO - [2024-03-19T19:00:55.440+0000] {dag.py:3047} INFO - Sync 1 DAGs
[2024-03-19T19:00:55.449+0000] {logging_mixin.py:188} INFO - [2024-03-19T19:00:55.449+0000] {dag.py:3834} INFO - Setting next_dagrun for example_task_group to 2024-03-18 00:00:00+00:00, run_after=2024-03-19 00:00:00+00:00
[2024-03-19T19:00:55.457+0000] {processor.py:183} INFO - Processing /home/airflow/.local/lib/python3.8/site-packages/airflow/example_dags/example_task_group.py took 0.033 seconds
[2024-03-19T19:01:25.833+0000] {processor.py:161} INFO - Started process (PID=6799) to work on /home/airflow/.local/lib/python3.8/site-packages/airflow/example_dags/example_task_group.py
[2024-03-19T19:01:25.834+0000] {processor.py:830} INFO - Processing file /home/airflow/.local/lib/python3.8/site-packages/airflow/example_dags/example_task_group.py for tasks to queue
[2024-03-19T19:01:25.834+0000] {logging_mixin.py:188} INFO - [2024-03-19T19:01:25.834+0000] {dagbag.py:540} INFO - Filling up the DagBag from /home/airflow/.local/lib/python3.8/site-packages/airflow/example_dags/example_task_group.py
[2024-03-19T19:01:25.837+0000] {processor.py:840} INFO - DAG(s) 'example_task_group' retrieved from /home/airflow/.local/lib/python3.8/site-packages/airflow/example_dags/example_task_group.py
[2024-03-19T19:01:25.846+0000] {logging_mixin.py:188} INFO - [2024-03-19T19:01:25.846+0000] {dag.py:3047} INFO - Sync 1 DAGs
[2024-03-19T19:01:25.854+0000] {logging_mixin.py:188} INFO - [2024-03-19T19:01:25.854+0000] {dag.py:3834} INFO - Setting next_dagrun for example_task_group to 2024-03-18 00:00:00+00:00, run_after=2024-03-19 00:00:00+00:00
[2024-03-19T19:01:25.862+0000] {processor.py:183} INFO - Processing /home/airflow/.local/lib/python3.8/site-packages/airflow/example_dags/example_task_group.py took 0.030 seconds
[2024-03-19T19:01:56.368+0000] {processor.py:161} INFO - Started process (PID=7046) to work on /home/airflow/.local/lib/python3.8/site-packages/airflow/example_dags/example_task_group.py
[2024-03-19T19:01:56.370+0000] {processor.py:830} INFO - Processing file /home/airflow/.local/lib/python3.8/site-packages/airflow/example_dags/example_task_group.py for tasks to queue
[2024-03-19T19:01:56.372+0000] {logging_mixin.py:188} INFO - [2024-03-19T19:01:56.371+0000] {dagbag.py:540} INFO - Filling up the DagBag from /home/airflow/.local/lib/python3.8/site-packages/airflow/example_dags/example_task_group.py
[2024-03-19T19:01:56.375+0000] {processor.py:840} INFO - DAG(s) 'example_task_group' retrieved from /home/airflow/.local/lib/python3.8/site-packages/airflow/example_dags/example_task_group.py
[2024-03-19T19:01:56.384+0000] {logging_mixin.py:188} INFO - [2024-03-19T19:01:56.384+0000] {dag.py:3047} INFO - Sync 1 DAGs
[2024-03-19T19:01:56.393+0000] {logging_mixin.py:188} INFO - [2024-03-19T19:01:56.393+0000] {dag.py:3834} INFO - Setting next_dagrun for example_task_group to 2024-03-18 00:00:00+00:00, run_after=2024-03-19 00:00:00+00:00
[2024-03-19T19:01:56.401+0000] {processor.py:183} INFO - Processing /home/airflow/.local/lib/python3.8/site-packages/airflow/example_dags/example_task_group.py took 0.034 seconds
[2024-03-19T19:02:26.865+0000] {processor.py:161} INFO - Started process (PID=7292) to work on /home/airflow/.local/lib/python3.8/site-packages/airflow/example_dags/example_task_group.py
[2024-03-19T19:02:26.866+0000] {processor.py:830} INFO - Processing file /home/airflow/.local/lib/python3.8/site-packages/airflow/example_dags/example_task_group.py for tasks to queue
[2024-03-19T19:02:26.866+0000] {logging_mixin.py:188} INFO - [2024-03-19T19:02:26.866+0000] {dagbag.py:540} INFO - Filling up the DagBag from /home/airflow/.local/lib/python3.8/site-packages/airflow/example_dags/example_task_group.py
[2024-03-19T19:02:26.869+0000] {processor.py:840} INFO - DAG(s) 'example_task_group' retrieved from /home/airflow/.local/lib/python3.8/site-packages/airflow/example_dags/example_task_group.py
[2024-03-19T19:02:26.879+0000] {logging_mixin.py:188} INFO - [2024-03-19T19:02:26.879+0000] {dag.py:3047} INFO - Sync 1 DAGs
[2024-03-19T19:02:26.888+0000] {logging_mixin.py:188} INFO - [2024-03-19T19:02:26.888+0000] {dag.py:3834} INFO - Setting next_dagrun for example_task_group to 2024-03-18 00:00:00+00:00, run_after=2024-03-19 00:00:00+00:00
[2024-03-19T19:02:26.895+0000] {processor.py:183} INFO - Processing /home/airflow/.local/lib/python3.8/site-packages/airflow/example_dags/example_task_group.py took 0.032 seconds
[2024-03-19T19:02:57.345+0000] {processor.py:161} INFO - Started process (PID=7541) to work on /home/airflow/.local/lib/python3.8/site-packages/airflow/example_dags/example_task_group.py
[2024-03-19T19:02:57.346+0000] {processor.py:830} INFO - Processing file /home/airflow/.local/lib/python3.8/site-packages/airflow/example_dags/example_task_group.py for tasks to queue
[2024-03-19T19:02:57.346+0000] {logging_mixin.py:188} INFO - [2024-03-19T19:02:57.346+0000] {dagbag.py:540} INFO - Filling up the DagBag from /home/airflow/.local/lib/python3.8/site-packages/airflow/example_dags/example_task_group.py
[2024-03-19T19:02:57.350+0000] {processor.py:840} INFO - DAG(s) 'example_task_group' retrieved from /home/airflow/.local/lib/python3.8/site-packages/airflow/example_dags/example_task_group.py
[2024-03-19T19:02:57.359+0000] {logging_mixin.py:188} INFO - [2024-03-19T19:02:57.359+0000] {dag.py:3047} INFO - Sync 1 DAGs
[2024-03-19T19:02:57.367+0000] {logging_mixin.py:188} INFO - [2024-03-19T19:02:57.367+0000] {dag.py:3834} INFO - Setting next_dagrun for example_task_group to 2024-03-18 00:00:00+00:00, run_after=2024-03-19 00:00:00+00:00
[2024-03-19T19:02:57.373+0000] {processor.py:183} INFO - Processing /home/airflow/.local/lib/python3.8/site-packages/airflow/example_dags/example_task_group.py took 0.030 seconds
[2024-03-19T19:03:27.836+0000] {processor.py:161} INFO - Started process (PID=7786) to work on /home/airflow/.local/lib/python3.8/site-packages/airflow/example_dags/example_task_group.py
[2024-03-19T19:03:27.837+0000] {processor.py:830} INFO - Processing file /home/airflow/.local/lib/python3.8/site-packages/airflow/example_dags/example_task_group.py for tasks to queue
[2024-03-19T19:03:27.837+0000] {logging_mixin.py:188} INFO - [2024-03-19T19:03:27.837+0000] {dagbag.py:540} INFO - Filling up the DagBag from /home/airflow/.local/lib/python3.8/site-packages/airflow/example_dags/example_task_group.py
[2024-03-19T19:03:27.841+0000] {processor.py:840} INFO - DAG(s) 'example_task_group' retrieved from /home/airflow/.local/lib/python3.8/site-packages/airflow/example_dags/example_task_group.py
[2024-03-19T19:03:27.850+0000] {logging_mixin.py:188} INFO - [2024-03-19T19:03:27.850+0000] {dag.py:3047} INFO - Sync 1 DAGs
[2024-03-19T19:03:27.859+0000] {logging_mixin.py:188} INFO - [2024-03-19T19:03:27.859+0000] {dag.py:3834} INFO - Setting next_dagrun for example_task_group to 2024-03-18 00:00:00+00:00, run_after=2024-03-19 00:00:00+00:00
[2024-03-19T19:03:27.866+0000] {processor.py:183} INFO - Processing /home/airflow/.local/lib/python3.8/site-packages/airflow/example_dags/example_task_group.py took 0.031 seconds
[2024-03-19T19:03:58.367+0000] {processor.py:161} INFO - Started process (PID=8033) to work on /home/airflow/.local/lib/python3.8/site-packages/airflow/example_dags/example_task_group.py
[2024-03-19T19:03:58.367+0000] {processor.py:830} INFO - Processing file /home/airflow/.local/lib/python3.8/site-packages/airflow/example_dags/example_task_group.py for tasks to queue
[2024-03-19T19:03:58.368+0000] {logging_mixin.py:188} INFO - [2024-03-19T19:03:58.368+0000] {dagbag.py:540} INFO - Filling up the DagBag from /home/airflow/.local/lib/python3.8/site-packages/airflow/example_dags/example_task_group.py
[2024-03-19T19:03:58.371+0000] {processor.py:840} INFO - DAG(s) 'example_task_group' retrieved from /home/airflow/.local/lib/python3.8/site-packages/airflow/example_dags/example_task_group.py
[2024-03-19T19:03:58.380+0000] {logging_mixin.py:188} INFO - [2024-03-19T19:03:58.380+0000] {dag.py:3047} INFO - Sync 1 DAGs
[2024-03-19T19:03:58.390+0000] {logging_mixin.py:188} INFO - [2024-03-19T19:03:58.389+0000] {dag.py:3834} INFO - Setting next_dagrun for example_task_group to 2024-03-18 00:00:00+00:00, run_after=2024-03-19 00:00:00+00:00
[2024-03-19T19:03:58.396+0000] {processor.py:183} INFO - Processing /home/airflow/.local/lib/python3.8/site-packages/airflow/example_dags/example_task_group.py took 0.031 seconds
[2024-03-19T19:04:28.922+0000] {processor.py:161} INFO - Started process (PID=8280) to work on /home/airflow/.local/lib/python3.8/site-packages/airflow/example_dags/example_task_group.py
[2024-03-19T19:04:28.923+0000] {processor.py:830} INFO - Processing file /home/airflow/.local/lib/python3.8/site-packages/airflow/example_dags/example_task_group.py for tasks to queue
[2024-03-19T19:04:28.923+0000] {logging_mixin.py:188} INFO - [2024-03-19T19:04:28.923+0000] {dagbag.py:540} INFO - Filling up the DagBag from /home/airflow/.local/lib/python3.8/site-packages/airflow/example_dags/example_task_group.py
[2024-03-19T19:04:28.926+0000] {processor.py:840} INFO - DAG(s) 'example_task_group' retrieved from /home/airflow/.local/lib/python3.8/site-packages/airflow/example_dags/example_task_group.py
[2024-03-19T19:04:28.936+0000] {logging_mixin.py:188} INFO - [2024-03-19T19:04:28.936+0000] {dag.py:3047} INFO - Sync 1 DAGs
[2024-03-19T19:04:28.945+0000] {logging_mixin.py:188} INFO - [2024-03-19T19:04:28.945+0000] {dag.py:3834} INFO - Setting next_dagrun for example_task_group to 2024-03-18 00:00:00+00:00, run_after=2024-03-19 00:00:00+00:00
[2024-03-19T19:04:28.952+0000] {processor.py:183} INFO - Processing /home/airflow/.local/lib/python3.8/site-packages/airflow/example_dags/example_task_group.py took 0.032 seconds
[2024-03-19T19:04:59.460+0000] {processor.py:161} INFO - Started process (PID=8527) to work on /home/airflow/.local/lib/python3.8/site-packages/airflow/example_dags/example_task_group.py
[2024-03-19T19:04:59.461+0000] {processor.py:830} INFO - Processing file /home/airflow/.local/lib/python3.8/site-packages/airflow/example_dags/example_task_group.py for tasks to queue
[2024-03-19T19:04:59.461+0000] {logging_mixin.py:188} INFO - [2024-03-19T19:04:59.461+0000] {dagbag.py:540} INFO - Filling up the DagBag from /home/airflow/.local/lib/python3.8/site-packages/airflow/example_dags/example_task_group.py
[2024-03-19T19:04:59.465+0000] {processor.py:840} INFO - DAG(s) 'example_task_group' retrieved from /home/airflow/.local/lib/python3.8/site-packages/airflow/example_dags/example_task_group.py
[2024-03-19T19:04:59.473+0000] {logging_mixin.py:188} INFO - [2024-03-19T19:04:59.473+0000] {dag.py:3047} INFO - Sync 1 DAGs
[2024-03-19T19:04:59.483+0000] {logging_mixin.py:188} INFO - [2024-03-19T19:04:59.483+0000] {dag.py:3834} INFO - Setting next_dagrun for example_task_group to 2024-03-18 00:00:00+00:00, run_after=2024-03-19 00:00:00+00:00
[2024-03-19T19:04:59.490+0000] {processor.py:183} INFO - Processing /home/airflow/.local/lib/python3.8/site-packages/airflow/example_dags/example_task_group.py took 0.031 seconds
[2024-03-19T19:05:29.988+0000] {processor.py:161} INFO - Started process (PID=8776) to work on /home/airflow/.local/lib/python3.8/site-packages/airflow/example_dags/example_task_group.py
[2024-03-19T19:05:29.989+0000] {processor.py:830} INFO - Processing file /home/airflow/.local/lib/python3.8/site-packages/airflow/example_dags/example_task_group.py for tasks to queue
[2024-03-19T19:05:29.989+0000] {logging_mixin.py:188} INFO - [2024-03-19T19:05:29.989+0000] {dagbag.py:540} INFO - Filling up the DagBag from /home/airflow/.local/lib/python3.8/site-packages/airflow/example_dags/example_task_group.py
[2024-03-19T19:05:29.993+0000] {processor.py:840} INFO - DAG(s) 'example_task_group' retrieved from /home/airflow/.local/lib/python3.8/site-packages/airflow/example_dags/example_task_group.py
[2024-03-19T19:05:30.005+0000] {logging_mixin.py:188} INFO - [2024-03-19T19:05:30.005+0000] {dag.py:3047} INFO - Sync 1 DAGs
[2024-03-19T19:05:30.015+0000] {logging_mixin.py:188} INFO - [2024-03-19T19:05:30.015+0000] {dag.py:3834} INFO - Setting next_dagrun for example_task_group to 2024-03-18 00:00:00+00:00, run_after=2024-03-19 00:00:00+00:00
[2024-03-19T19:05:30.022+0000] {processor.py:183} INFO - Processing /home/airflow/.local/lib/python3.8/site-packages/airflow/example_dags/example_task_group.py took 0.036 seconds
[2024-03-19T19:06:00.678+0000] {processor.py:161} INFO - Started process (PID=9023) to work on /home/airflow/.local/lib/python3.8/site-packages/airflow/example_dags/example_task_group.py
[2024-03-19T19:06:00.679+0000] {processor.py:830} INFO - Processing file /home/airflow/.local/lib/python3.8/site-packages/airflow/example_dags/example_task_group.py for tasks to queue
[2024-03-19T19:06:00.680+0000] {logging_mixin.py:188} INFO - [2024-03-19T19:06:00.680+0000] {dagbag.py:540} INFO - Filling up the DagBag from /home/airflow/.local/lib/python3.8/site-packages/airflow/example_dags/example_task_group.py
[2024-03-19T19:06:00.684+0000] {processor.py:840} INFO - DAG(s) 'example_task_group' retrieved from /home/airflow/.local/lib/python3.8/site-packages/airflow/example_dags/example_task_group.py
[2024-03-19T19:06:00.694+0000] {logging_mixin.py:188} INFO - [2024-03-19T19:06:00.693+0000] {dag.py:3047} INFO - Sync 1 DAGs
[2024-03-19T19:06:00.702+0000] {logging_mixin.py:188} INFO - [2024-03-19T19:06:00.702+0000] {dag.py:3834} INFO - Setting next_dagrun for example_task_group to 2024-03-18 00:00:00+00:00, run_after=2024-03-19 00:00:00+00:00
[2024-03-19T19:06:00.709+0000] {processor.py:183} INFO - Processing /home/airflow/.local/lib/python3.8/site-packages/airflow/example_dags/example_task_group.py took 0.033 seconds
