[2024-03-19T18:48:10.471+0000] {processor.py:161} INFO - Started process (PID=188) to work on /home/airflow/.local/lib/python3.8/site-packages/airflow/example_dags/example_skip_dag.py
[2024-03-19T18:48:10.471+0000] {processor.py:830} INFO - Processing file /home/airflow/.local/lib/python3.8/site-packages/airflow/example_dags/example_skip_dag.py for tasks to queue
[2024-03-19T18:48:10.472+0000] {logging_mixin.py:188} INFO - [2024-03-19T18:48:10.472+0000] {dagbag.py:540} INFO - Filling up the DagBag from /home/airflow/.local/lib/python3.8/site-packages/airflow/example_dags/example_skip_dag.py
[2024-03-19T18:48:10.477+0000] {processor.py:840} INFO - DAG(s) 'example_skip_dag' retrieved from /home/airflow/.local/lib/python3.8/site-packages/airflow/example_dags/example_skip_dag.py
[2024-03-19T18:48:10.482+0000] {logging_mixin.py:188} INFO - [2024-03-19T18:48:10.481+0000] {dag.py:3047} INFO - Sync 1 DAGs
[2024-03-19T18:48:10.500+0000] {logging_mixin.py:188} INFO - [2024-03-19T18:48:10.500+0000] {dag.py:3834} INFO - Setting next_dagrun for example_skip_dag to 2024-03-18 00:00:00+00:00, run_after=2024-03-19 00:00:00+00:00
[2024-03-19T18:48:10.547+0000] {processor.py:183} INFO - Processing /home/airflow/.local/lib/python3.8/site-packages/airflow/example_dags/example_skip_dag.py took 0.078 seconds
[2024-03-19T18:48:40.807+0000] {processor.py:161} INFO - Started process (PID=433) to work on /home/airflow/.local/lib/python3.8/site-packages/airflow/example_dags/example_skip_dag.py
[2024-03-19T18:48:40.808+0000] {processor.py:830} INFO - Processing file /home/airflow/.local/lib/python3.8/site-packages/airflow/example_dags/example_skip_dag.py for tasks to queue
[2024-03-19T18:48:40.808+0000] {logging_mixin.py:188} INFO - [2024-03-19T18:48:40.808+0000] {dagbag.py:540} INFO - Filling up the DagBag from /home/airflow/.local/lib/python3.8/site-packages/airflow/example_dags/example_skip_dag.py
[2024-03-19T18:48:40.812+0000] {processor.py:840} INFO - DAG(s) 'example_skip_dag' retrieved from /home/airflow/.local/lib/python3.8/site-packages/airflow/example_dags/example_skip_dag.py
[2024-03-19T18:48:40.857+0000] {logging_mixin.py:188} INFO - [2024-03-19T18:48:40.857+0000] {dag.py:3047} INFO - Sync 1 DAGs
[2024-03-19T18:48:40.866+0000] {logging_mixin.py:188} INFO - [2024-03-19T18:48:40.866+0000] {dag.py:3834} INFO - Setting next_dagrun for example_skip_dag to 2024-03-18 00:00:00+00:00, run_after=2024-03-19 00:00:00+00:00
[2024-03-19T18:48:40.873+0000] {processor.py:183} INFO - Processing /home/airflow/.local/lib/python3.8/site-packages/airflow/example_dags/example_skip_dag.py took 0.068 seconds
[2024-03-19T18:49:11.400+0000] {processor.py:161} INFO - Started process (PID=680) to work on /home/airflow/.local/lib/python3.8/site-packages/airflow/example_dags/example_skip_dag.py
[2024-03-19T18:49:11.400+0000] {processor.py:830} INFO - Processing file /home/airflow/.local/lib/python3.8/site-packages/airflow/example_dags/example_skip_dag.py for tasks to queue
[2024-03-19T18:49:11.401+0000] {logging_mixin.py:188} INFO - [2024-03-19T18:49:11.401+0000] {dagbag.py:540} INFO - Filling up the DagBag from /home/airflow/.local/lib/python3.8/site-packages/airflow/example_dags/example_skip_dag.py
[2024-03-19T18:49:11.404+0000] {processor.py:840} INFO - DAG(s) 'example_skip_dag' retrieved from /home/airflow/.local/lib/python3.8/site-packages/airflow/example_dags/example_skip_dag.py
[2024-03-19T18:49:11.413+0000] {logging_mixin.py:188} INFO - [2024-03-19T18:49:11.413+0000] {dag.py:3047} INFO - Sync 1 DAGs
[2024-03-19T18:49:11.422+0000] {logging_mixin.py:188} INFO - [2024-03-19T18:49:11.422+0000] {dag.py:3834} INFO - Setting next_dagrun for example_skip_dag to 2024-03-18 00:00:00+00:00, run_after=2024-03-19 00:00:00+00:00
[2024-03-19T18:49:11.430+0000] {processor.py:183} INFO - Processing /home/airflow/.local/lib/python3.8/site-packages/airflow/example_dags/example_skip_dag.py took 0.032 seconds
[2024-03-19T18:49:41.934+0000] {processor.py:161} INFO - Started process (PID=927) to work on /home/airflow/.local/lib/python3.8/site-packages/airflow/example_dags/example_skip_dag.py
[2024-03-19T18:49:41.937+0000] {processor.py:830} INFO - Processing file /home/airflow/.local/lib/python3.8/site-packages/airflow/example_dags/example_skip_dag.py for tasks to queue
[2024-03-19T18:49:41.937+0000] {logging_mixin.py:188} INFO - [2024-03-19T18:49:41.937+0000] {dagbag.py:540} INFO - Filling up the DagBag from /home/airflow/.local/lib/python3.8/site-packages/airflow/example_dags/example_skip_dag.py
[2024-03-19T18:49:41.940+0000] {processor.py:840} INFO - DAG(s) 'example_skip_dag' retrieved from /home/airflow/.local/lib/python3.8/site-packages/airflow/example_dags/example_skip_dag.py
[2024-03-19T18:49:41.949+0000] {logging_mixin.py:188} INFO - [2024-03-19T18:49:41.949+0000] {dag.py:3047} INFO - Sync 1 DAGs
[2024-03-19T18:49:41.959+0000] {logging_mixin.py:188} INFO - [2024-03-19T18:49:41.959+0000] {dag.py:3834} INFO - Setting next_dagrun for example_skip_dag to 2024-03-18 00:00:00+00:00, run_after=2024-03-19 00:00:00+00:00
[2024-03-19T18:49:41.967+0000] {processor.py:183} INFO - Processing /home/airflow/.local/lib/python3.8/site-packages/airflow/example_dags/example_skip_dag.py took 0.034 seconds
[2024-03-19T18:50:12.454+0000] {processor.py:161} INFO - Started process (PID=1174) to work on /home/airflow/.local/lib/python3.8/site-packages/airflow/example_dags/example_skip_dag.py
[2024-03-19T18:50:12.454+0000] {processor.py:830} INFO - Processing file /home/airflow/.local/lib/python3.8/site-packages/airflow/example_dags/example_skip_dag.py for tasks to queue
[2024-03-19T18:50:12.455+0000] {logging_mixin.py:188} INFO - [2024-03-19T18:50:12.455+0000] {dagbag.py:540} INFO - Filling up the DagBag from /home/airflow/.local/lib/python3.8/site-packages/airflow/example_dags/example_skip_dag.py
[2024-03-19T18:50:12.459+0000] {processor.py:840} INFO - DAG(s) 'example_skip_dag' retrieved from /home/airflow/.local/lib/python3.8/site-packages/airflow/example_dags/example_skip_dag.py
[2024-03-19T18:50:12.468+0000] {logging_mixin.py:188} INFO - [2024-03-19T18:50:12.468+0000] {dag.py:3047} INFO - Sync 1 DAGs
[2024-03-19T18:50:12.479+0000] {logging_mixin.py:188} INFO - [2024-03-19T18:50:12.478+0000] {dag.py:3834} INFO - Setting next_dagrun for example_skip_dag to 2024-03-18 00:00:00+00:00, run_after=2024-03-19 00:00:00+00:00
[2024-03-19T18:50:12.486+0000] {processor.py:183} INFO - Processing /home/airflow/.local/lib/python3.8/site-packages/airflow/example_dags/example_skip_dag.py took 0.034 seconds
[2024-03-19T18:50:43.051+0000] {processor.py:161} INFO - Started process (PID=1445) to work on /home/airflow/.local/lib/python3.8/site-packages/airflow/example_dags/example_skip_dag.py
[2024-03-19T18:50:43.051+0000] {processor.py:830} INFO - Processing file /home/airflow/.local/lib/python3.8/site-packages/airflow/example_dags/example_skip_dag.py for tasks to queue
[2024-03-19T18:50:43.052+0000] {logging_mixin.py:188} INFO - [2024-03-19T18:50:43.052+0000] {dagbag.py:540} INFO - Filling up the DagBag from /home/airflow/.local/lib/python3.8/site-packages/airflow/example_dags/example_skip_dag.py
[2024-03-19T18:50:43.055+0000] {processor.py:840} INFO - DAG(s) 'example_skip_dag' retrieved from /home/airflow/.local/lib/python3.8/site-packages/airflow/example_dags/example_skip_dag.py
[2024-03-19T18:50:43.064+0000] {logging_mixin.py:188} INFO - [2024-03-19T18:50:43.064+0000] {dag.py:3047} INFO - Sync 1 DAGs
[2024-03-19T18:50:43.072+0000] {logging_mixin.py:188} INFO - [2024-03-19T18:50:43.072+0000] {dag.py:3834} INFO - Setting next_dagrun for example_skip_dag to 2024-03-18 00:00:00+00:00, run_after=2024-03-19 00:00:00+00:00
[2024-03-19T18:50:43.079+0000] {processor.py:183} INFO - Processing /home/airflow/.local/lib/python3.8/site-packages/airflow/example_dags/example_skip_dag.py took 0.030 seconds
[2024-03-19T18:51:13.896+0000] {processor.py:161} INFO - Started process (PID=1692) to work on /home/airflow/.local/lib/python3.8/site-packages/airflow/example_dags/example_skip_dag.py
[2024-03-19T18:51:13.896+0000] {processor.py:830} INFO - Processing file /home/airflow/.local/lib/python3.8/site-packages/airflow/example_dags/example_skip_dag.py for tasks to queue
[2024-03-19T18:51:13.897+0000] {logging_mixin.py:188} INFO - [2024-03-19T18:51:13.897+0000] {dagbag.py:540} INFO - Filling up the DagBag from /home/airflow/.local/lib/python3.8/site-packages/airflow/example_dags/example_skip_dag.py
[2024-03-19T18:51:13.900+0000] {processor.py:840} INFO - DAG(s) 'example_skip_dag' retrieved from /home/airflow/.local/lib/python3.8/site-packages/airflow/example_dags/example_skip_dag.py
[2024-03-19T18:51:13.909+0000] {logging_mixin.py:188} INFO - [2024-03-19T18:51:13.909+0000] {dag.py:3047} INFO - Sync 1 DAGs
[2024-03-19T18:51:13.919+0000] {logging_mixin.py:188} INFO - [2024-03-19T18:51:13.919+0000] {dag.py:3834} INFO - Setting next_dagrun for example_skip_dag to 2024-03-18 00:00:00+00:00, run_after=2024-03-19 00:00:00+00:00
[2024-03-19T18:51:13.926+0000] {processor.py:183} INFO - Processing /home/airflow/.local/lib/python3.8/site-packages/airflow/example_dags/example_skip_dag.py took 0.032 seconds
[2024-03-19T18:51:44.260+0000] {processor.py:161} INFO - Started process (PID=1939) to work on /home/airflow/.local/lib/python3.8/site-packages/airflow/example_dags/example_skip_dag.py
[2024-03-19T18:51:44.260+0000] {processor.py:830} INFO - Processing file /home/airflow/.local/lib/python3.8/site-packages/airflow/example_dags/example_skip_dag.py for tasks to queue
[2024-03-19T18:51:44.261+0000] {logging_mixin.py:188} INFO - [2024-03-19T18:51:44.261+0000] {dagbag.py:540} INFO - Filling up the DagBag from /home/airflow/.local/lib/python3.8/site-packages/airflow/example_dags/example_skip_dag.py
[2024-03-19T18:51:44.264+0000] {processor.py:840} INFO - DAG(s) 'example_skip_dag' retrieved from /home/airflow/.local/lib/python3.8/site-packages/airflow/example_dags/example_skip_dag.py
[2024-03-19T18:51:44.274+0000] {logging_mixin.py:188} INFO - [2024-03-19T18:51:44.274+0000] {dag.py:3047} INFO - Sync 1 DAGs
[2024-03-19T18:51:44.283+0000] {logging_mixin.py:188} INFO - [2024-03-19T18:51:44.283+0000] {dag.py:3834} INFO - Setting next_dagrun for example_skip_dag to 2024-03-18 00:00:00+00:00, run_after=2024-03-19 00:00:00+00:00
[2024-03-19T18:51:44.290+0000] {processor.py:183} INFO - Processing /home/airflow/.local/lib/python3.8/site-packages/airflow/example_dags/example_skip_dag.py took 0.032 seconds
[2024-03-19T18:52:14.638+0000] {processor.py:161} INFO - Started process (PID=2185) to work on /home/airflow/.local/lib/python3.8/site-packages/airflow/example_dags/example_skip_dag.py
[2024-03-19T18:52:14.638+0000] {processor.py:830} INFO - Processing file /home/airflow/.local/lib/python3.8/site-packages/airflow/example_dags/example_skip_dag.py for tasks to queue
[2024-03-19T18:52:14.638+0000] {logging_mixin.py:188} INFO - [2024-03-19T18:52:14.638+0000] {dagbag.py:540} INFO - Filling up the DagBag from /home/airflow/.local/lib/python3.8/site-packages/airflow/example_dags/example_skip_dag.py
[2024-03-19T18:52:14.642+0000] {processor.py:840} INFO - DAG(s) 'example_skip_dag' retrieved from /home/airflow/.local/lib/python3.8/site-packages/airflow/example_dags/example_skip_dag.py
[2024-03-19T18:52:14.651+0000] {logging_mixin.py:188} INFO - [2024-03-19T18:52:14.651+0000] {dag.py:3047} INFO - Sync 1 DAGs
[2024-03-19T18:52:14.660+0000] {logging_mixin.py:188} INFO - [2024-03-19T18:52:14.660+0000] {dag.py:3834} INFO - Setting next_dagrun for example_skip_dag to 2024-03-18 00:00:00+00:00, run_after=2024-03-19 00:00:00+00:00
[2024-03-19T18:52:14.667+0000] {processor.py:183} INFO - Processing /home/airflow/.local/lib/python3.8/site-packages/airflow/example_dags/example_skip_dag.py took 0.032 seconds
[2024-03-19T18:52:45.069+0000] {processor.py:161} INFO - Started process (PID=2432) to work on /home/airflow/.local/lib/python3.8/site-packages/airflow/example_dags/example_skip_dag.py
[2024-03-19T18:52:45.070+0000] {processor.py:830} INFO - Processing file /home/airflow/.local/lib/python3.8/site-packages/airflow/example_dags/example_skip_dag.py for tasks to queue
[2024-03-19T18:52:45.070+0000] {logging_mixin.py:188} INFO - [2024-03-19T18:52:45.070+0000] {dagbag.py:540} INFO - Filling up the DagBag from /home/airflow/.local/lib/python3.8/site-packages/airflow/example_dags/example_skip_dag.py
[2024-03-19T18:52:45.074+0000] {processor.py:840} INFO - DAG(s) 'example_skip_dag' retrieved from /home/airflow/.local/lib/python3.8/site-packages/airflow/example_dags/example_skip_dag.py
[2024-03-19T18:52:45.084+0000] {logging_mixin.py:188} INFO - [2024-03-19T18:52:45.083+0000] {dag.py:3047} INFO - Sync 1 DAGs
[2024-03-19T18:52:45.093+0000] {logging_mixin.py:188} INFO - [2024-03-19T18:52:45.093+0000] {dag.py:3834} INFO - Setting next_dagrun for example_skip_dag to 2024-03-18 00:00:00+00:00, run_after=2024-03-19 00:00:00+00:00
[2024-03-19T18:52:45.100+0000] {processor.py:183} INFO - Processing /home/airflow/.local/lib/python3.8/site-packages/airflow/example_dags/example_skip_dag.py took 0.032 seconds
[2024-03-19T18:53:15.562+0000] {processor.py:161} INFO - Started process (PID=2679) to work on /home/airflow/.local/lib/python3.8/site-packages/airflow/example_dags/example_skip_dag.py
[2024-03-19T18:53:15.562+0000] {processor.py:830} INFO - Processing file /home/airflow/.local/lib/python3.8/site-packages/airflow/example_dags/example_skip_dag.py for tasks to queue
[2024-03-19T18:53:15.563+0000] {logging_mixin.py:188} INFO - [2024-03-19T18:53:15.563+0000] {dagbag.py:540} INFO - Filling up the DagBag from /home/airflow/.local/lib/python3.8/site-packages/airflow/example_dags/example_skip_dag.py
[2024-03-19T18:53:15.566+0000] {processor.py:840} INFO - DAG(s) 'example_skip_dag' retrieved from /home/airflow/.local/lib/python3.8/site-packages/airflow/example_dags/example_skip_dag.py
[2024-03-19T18:53:15.575+0000] {logging_mixin.py:188} INFO - [2024-03-19T18:53:15.575+0000] {dag.py:3047} INFO - Sync 1 DAGs
[2024-03-19T18:53:15.584+0000] {logging_mixin.py:188} INFO - [2024-03-19T18:53:15.584+0000] {dag.py:3834} INFO - Setting next_dagrun for example_skip_dag to 2024-03-18 00:00:00+00:00, run_after=2024-03-19 00:00:00+00:00
[2024-03-19T18:53:15.591+0000] {processor.py:183} INFO - Processing /home/airflow/.local/lib/python3.8/site-packages/airflow/example_dags/example_skip_dag.py took 0.031 seconds
[2024-03-19T18:53:46.082+0000] {processor.py:161} INFO - Started process (PID=2926) to work on /home/airflow/.local/lib/python3.8/site-packages/airflow/example_dags/example_skip_dag.py
[2024-03-19T18:53:46.082+0000] {processor.py:830} INFO - Processing file /home/airflow/.local/lib/python3.8/site-packages/airflow/example_dags/example_skip_dag.py for tasks to queue
[2024-03-19T18:53:46.083+0000] {logging_mixin.py:188} INFO - [2024-03-19T18:53:46.083+0000] {dagbag.py:540} INFO - Filling up the DagBag from /home/airflow/.local/lib/python3.8/site-packages/airflow/example_dags/example_skip_dag.py
[2024-03-19T18:53:46.086+0000] {processor.py:840} INFO - DAG(s) 'example_skip_dag' retrieved from /home/airflow/.local/lib/python3.8/site-packages/airflow/example_dags/example_skip_dag.py
[2024-03-19T18:53:46.099+0000] {logging_mixin.py:188} INFO - [2024-03-19T18:53:46.099+0000] {dag.py:3047} INFO - Sync 1 DAGs
[2024-03-19T18:53:46.110+0000] {logging_mixin.py:188} INFO - [2024-03-19T18:53:46.110+0000] {dag.py:3834} INFO - Setting next_dagrun for example_skip_dag to 2024-03-18 00:00:00+00:00, run_after=2024-03-19 00:00:00+00:00
[2024-03-19T18:53:46.122+0000] {processor.py:183} INFO - Processing /home/airflow/.local/lib/python3.8/site-packages/airflow/example_dags/example_skip_dag.py took 0.042 seconds
[2024-03-19T18:54:16.789+0000] {processor.py:161} INFO - Started process (PID=3173) to work on /home/airflow/.local/lib/python3.8/site-packages/airflow/example_dags/example_skip_dag.py
[2024-03-19T18:54:16.790+0000] {processor.py:830} INFO - Processing file /home/airflow/.local/lib/python3.8/site-packages/airflow/example_dags/example_skip_dag.py for tasks to queue
[2024-03-19T18:54:16.790+0000] {logging_mixin.py:188} INFO - [2024-03-19T18:54:16.790+0000] {dagbag.py:540} INFO - Filling up the DagBag from /home/airflow/.local/lib/python3.8/site-packages/airflow/example_dags/example_skip_dag.py
[2024-03-19T18:54:16.794+0000] {processor.py:840} INFO - DAG(s) 'example_skip_dag' retrieved from /home/airflow/.local/lib/python3.8/site-packages/airflow/example_dags/example_skip_dag.py
[2024-03-19T18:54:16.803+0000] {logging_mixin.py:188} INFO - [2024-03-19T18:54:16.803+0000] {dag.py:3047} INFO - Sync 1 DAGs
[2024-03-19T18:54:16.813+0000] {logging_mixin.py:188} INFO - [2024-03-19T18:54:16.813+0000] {dag.py:3834} INFO - Setting next_dagrun for example_skip_dag to 2024-03-18 00:00:00+00:00, run_after=2024-03-19 00:00:00+00:00
[2024-03-19T18:54:16.821+0000] {processor.py:183} INFO - Processing /home/airflow/.local/lib/python3.8/site-packages/airflow/example_dags/example_skip_dag.py took 0.033 seconds
[2024-03-19T18:54:47.292+0000] {processor.py:161} INFO - Started process (PID=3420) to work on /home/airflow/.local/lib/python3.8/site-packages/airflow/example_dags/example_skip_dag.py
[2024-03-19T18:54:47.293+0000] {processor.py:830} INFO - Processing file /home/airflow/.local/lib/python3.8/site-packages/airflow/example_dags/example_skip_dag.py for tasks to queue
[2024-03-19T18:54:47.293+0000] {logging_mixin.py:188} INFO - [2024-03-19T18:54:47.293+0000] {dagbag.py:540} INFO - Filling up the DagBag from /home/airflow/.local/lib/python3.8/site-packages/airflow/example_dags/example_skip_dag.py
[2024-03-19T18:54:47.297+0000] {processor.py:840} INFO - DAG(s) 'example_skip_dag' retrieved from /home/airflow/.local/lib/python3.8/site-packages/airflow/example_dags/example_skip_dag.py
[2024-03-19T18:54:47.305+0000] {logging_mixin.py:188} INFO - [2024-03-19T18:54:47.305+0000] {dag.py:3047} INFO - Sync 1 DAGs
[2024-03-19T18:54:47.315+0000] {logging_mixin.py:188} INFO - [2024-03-19T18:54:47.315+0000] {dag.py:3834} INFO - Setting next_dagrun for example_skip_dag to 2024-03-18 00:00:00+00:00, run_after=2024-03-19 00:00:00+00:00
[2024-03-19T18:54:47.322+0000] {processor.py:183} INFO - Processing /home/airflow/.local/lib/python3.8/site-packages/airflow/example_dags/example_skip_dag.py took 0.031 seconds
[2024-03-19T18:55:17.732+0000] {processor.py:161} INFO - Started process (PID=3667) to work on /home/airflow/.local/lib/python3.8/site-packages/airflow/example_dags/example_skip_dag.py
[2024-03-19T18:55:17.733+0000] {processor.py:830} INFO - Processing file /home/airflow/.local/lib/python3.8/site-packages/airflow/example_dags/example_skip_dag.py for tasks to queue
[2024-03-19T18:55:17.733+0000] {logging_mixin.py:188} INFO - [2024-03-19T18:55:17.733+0000] {dagbag.py:540} INFO - Filling up the DagBag from /home/airflow/.local/lib/python3.8/site-packages/airflow/example_dags/example_skip_dag.py
[2024-03-19T18:55:17.736+0000] {processor.py:840} INFO - DAG(s) 'example_skip_dag' retrieved from /home/airflow/.local/lib/python3.8/site-packages/airflow/example_dags/example_skip_dag.py
[2024-03-19T18:55:17.745+0000] {logging_mixin.py:188} INFO - [2024-03-19T18:55:17.745+0000] {dag.py:3047} INFO - Sync 1 DAGs
[2024-03-19T18:55:17.755+0000] {logging_mixin.py:188} INFO - [2024-03-19T18:55:17.755+0000] {dag.py:3834} INFO - Setting next_dagrun for example_skip_dag to 2024-03-18 00:00:00+00:00, run_after=2024-03-19 00:00:00+00:00
[2024-03-19T18:55:17.762+0000] {processor.py:183} INFO - Processing /home/airflow/.local/lib/python3.8/site-packages/airflow/example_dags/example_skip_dag.py took 0.031 seconds
[2024-03-19T18:55:48.211+0000] {processor.py:161} INFO - Started process (PID=3914) to work on /home/airflow/.local/lib/python3.8/site-packages/airflow/example_dags/example_skip_dag.py
[2024-03-19T18:55:48.212+0000] {processor.py:830} INFO - Processing file /home/airflow/.local/lib/python3.8/site-packages/airflow/example_dags/example_skip_dag.py for tasks to queue
[2024-03-19T18:55:48.212+0000] {logging_mixin.py:188} INFO - [2024-03-19T18:55:48.212+0000] {dagbag.py:540} INFO - Filling up the DagBag from /home/airflow/.local/lib/python3.8/site-packages/airflow/example_dags/example_skip_dag.py
[2024-03-19T18:55:48.216+0000] {processor.py:840} INFO - DAG(s) 'example_skip_dag' retrieved from /home/airflow/.local/lib/python3.8/site-packages/airflow/example_dags/example_skip_dag.py
[2024-03-19T18:55:48.225+0000] {logging_mixin.py:188} INFO - [2024-03-19T18:55:48.225+0000] {dag.py:3047} INFO - Sync 1 DAGs
[2024-03-19T18:55:48.235+0000] {logging_mixin.py:188} INFO - [2024-03-19T18:55:48.235+0000] {dag.py:3834} INFO - Setting next_dagrun for example_skip_dag to 2024-03-18 00:00:00+00:00, run_after=2024-03-19 00:00:00+00:00
[2024-03-19T18:55:48.242+0000] {processor.py:183} INFO - Processing /home/airflow/.local/lib/python3.8/site-packages/airflow/example_dags/example_skip_dag.py took 0.032 seconds
[2024-03-19T18:56:18.719+0000] {processor.py:161} INFO - Started process (PID=4161) to work on /home/airflow/.local/lib/python3.8/site-packages/airflow/example_dags/example_skip_dag.py
[2024-03-19T18:56:18.720+0000] {processor.py:830} INFO - Processing file /home/airflow/.local/lib/python3.8/site-packages/airflow/example_dags/example_skip_dag.py for tasks to queue
[2024-03-19T18:56:18.721+0000] {logging_mixin.py:188} INFO - [2024-03-19T18:56:18.721+0000] {dagbag.py:540} INFO - Filling up the DagBag from /home/airflow/.local/lib/python3.8/site-packages/airflow/example_dags/example_skip_dag.py
[2024-03-19T18:56:18.725+0000] {processor.py:840} INFO - DAG(s) 'example_skip_dag' retrieved from /home/airflow/.local/lib/python3.8/site-packages/airflow/example_dags/example_skip_dag.py
[2024-03-19T18:56:18.735+0000] {logging_mixin.py:188} INFO - [2024-03-19T18:56:18.735+0000] {dag.py:3047} INFO - Sync 1 DAGs
[2024-03-19T18:56:18.745+0000] {logging_mixin.py:188} INFO - [2024-03-19T18:56:18.745+0000] {dag.py:3834} INFO - Setting next_dagrun for example_skip_dag to 2024-03-18 00:00:00+00:00, run_after=2024-03-19 00:00:00+00:00
[2024-03-19T18:56:18.752+0000] {processor.py:183} INFO - Processing /home/airflow/.local/lib/python3.8/site-packages/airflow/example_dags/example_skip_dag.py took 0.036 seconds
[2024-03-19T18:56:49.204+0000] {processor.py:161} INFO - Started process (PID=4407) to work on /home/airflow/.local/lib/python3.8/site-packages/airflow/example_dags/example_skip_dag.py
[2024-03-19T18:56:49.205+0000] {processor.py:830} INFO - Processing file /home/airflow/.local/lib/python3.8/site-packages/airflow/example_dags/example_skip_dag.py for tasks to queue
[2024-03-19T18:56:49.205+0000] {logging_mixin.py:188} INFO - [2024-03-19T18:56:49.205+0000] {dagbag.py:540} INFO - Filling up the DagBag from /home/airflow/.local/lib/python3.8/site-packages/airflow/example_dags/example_skip_dag.py
[2024-03-19T18:56:49.208+0000] {processor.py:840} INFO - DAG(s) 'example_skip_dag' retrieved from /home/airflow/.local/lib/python3.8/site-packages/airflow/example_dags/example_skip_dag.py
[2024-03-19T18:56:49.217+0000] {logging_mixin.py:188} INFO - [2024-03-19T18:56:49.217+0000] {dag.py:3047} INFO - Sync 1 DAGs
[2024-03-19T18:56:49.225+0000] {logging_mixin.py:188} INFO - [2024-03-19T18:56:49.225+0000] {dag.py:3834} INFO - Setting next_dagrun for example_skip_dag to 2024-03-18 00:00:00+00:00, run_after=2024-03-19 00:00:00+00:00
[2024-03-19T18:56:49.232+0000] {processor.py:183} INFO - Processing /home/airflow/.local/lib/python3.8/site-packages/airflow/example_dags/example_skip_dag.py took 0.030 seconds
[2024-03-19T18:57:19.710+0000] {processor.py:161} INFO - Started process (PID=4654) to work on /home/airflow/.local/lib/python3.8/site-packages/airflow/example_dags/example_skip_dag.py
[2024-03-19T18:57:19.711+0000] {processor.py:830} INFO - Processing file /home/airflow/.local/lib/python3.8/site-packages/airflow/example_dags/example_skip_dag.py for tasks to queue
[2024-03-19T18:57:19.712+0000] {logging_mixin.py:188} INFO - [2024-03-19T18:57:19.712+0000] {dagbag.py:540} INFO - Filling up the DagBag from /home/airflow/.local/lib/python3.8/site-packages/airflow/example_dags/example_skip_dag.py
[2024-03-19T18:57:19.715+0000] {processor.py:840} INFO - DAG(s) 'example_skip_dag' retrieved from /home/airflow/.local/lib/python3.8/site-packages/airflow/example_dags/example_skip_dag.py
[2024-03-19T18:57:19.723+0000] {logging_mixin.py:188} INFO - [2024-03-19T18:57:19.723+0000] {dag.py:3047} INFO - Sync 1 DAGs
[2024-03-19T18:57:19.732+0000] {logging_mixin.py:188} INFO - [2024-03-19T18:57:19.732+0000] {dag.py:3834} INFO - Setting next_dagrun for example_skip_dag to 2024-03-18 00:00:00+00:00, run_after=2024-03-19 00:00:00+00:00
[2024-03-19T18:57:19.739+0000] {processor.py:183} INFO - Processing /home/airflow/.local/lib/python3.8/site-packages/airflow/example_dags/example_skip_dag.py took 0.030 seconds
[2024-03-19T18:57:50.225+0000] {processor.py:161} INFO - Started process (PID=4901) to work on /home/airflow/.local/lib/python3.8/site-packages/airflow/example_dags/example_skip_dag.py
[2024-03-19T18:57:50.226+0000] {processor.py:830} INFO - Processing file /home/airflow/.local/lib/python3.8/site-packages/airflow/example_dags/example_skip_dag.py for tasks to queue
[2024-03-19T18:57:50.227+0000] {logging_mixin.py:188} INFO - [2024-03-19T18:57:50.226+0000] {dagbag.py:540} INFO - Filling up the DagBag from /home/airflow/.local/lib/python3.8/site-packages/airflow/example_dags/example_skip_dag.py
[2024-03-19T18:57:50.230+0000] {processor.py:840} INFO - DAG(s) 'example_skip_dag' retrieved from /home/airflow/.local/lib/python3.8/site-packages/airflow/example_dags/example_skip_dag.py
[2024-03-19T18:57:50.247+0000] {logging_mixin.py:188} INFO - [2024-03-19T18:57:50.247+0000] {dag.py:3047} INFO - Sync 1 DAGs
[2024-03-19T18:57:50.257+0000] {logging_mixin.py:188} INFO - [2024-03-19T18:57:50.257+0000] {dag.py:3834} INFO - Setting next_dagrun for example_skip_dag to 2024-03-18 00:00:00+00:00, run_after=2024-03-19 00:00:00+00:00
[2024-03-19T18:57:50.266+0000] {processor.py:183} INFO - Processing /home/airflow/.local/lib/python3.8/site-packages/airflow/example_dags/example_skip_dag.py took 0.043 seconds
[2024-03-19T18:58:20.779+0000] {processor.py:161} INFO - Started process (PID=5148) to work on /home/airflow/.local/lib/python3.8/site-packages/airflow/example_dags/example_skip_dag.py
[2024-03-19T18:58:20.782+0000] {processor.py:830} INFO - Processing file /home/airflow/.local/lib/python3.8/site-packages/airflow/example_dags/example_skip_dag.py for tasks to queue
[2024-03-19T18:58:20.783+0000] {logging_mixin.py:188} INFO - [2024-03-19T18:58:20.783+0000] {dagbag.py:540} INFO - Filling up the DagBag from /home/airflow/.local/lib/python3.8/site-packages/airflow/example_dags/example_skip_dag.py
[2024-03-19T18:58:20.786+0000] {processor.py:840} INFO - DAG(s) 'example_skip_dag' retrieved from /home/airflow/.local/lib/python3.8/site-packages/airflow/example_dags/example_skip_dag.py
[2024-03-19T18:58:20.796+0000] {logging_mixin.py:188} INFO - [2024-03-19T18:58:20.795+0000] {dag.py:3047} INFO - Sync 1 DAGs
[2024-03-19T18:58:20.806+0000] {logging_mixin.py:188} INFO - [2024-03-19T18:58:20.806+0000] {dag.py:3834} INFO - Setting next_dagrun for example_skip_dag to 2024-03-18 00:00:00+00:00, run_after=2024-03-19 00:00:00+00:00
[2024-03-19T18:58:20.813+0000] {processor.py:183} INFO - Processing /home/airflow/.local/lib/python3.8/site-packages/airflow/example_dags/example_skip_dag.py took 0.035 seconds
[2024-03-19T18:58:51.327+0000] {processor.py:161} INFO - Started process (PID=5395) to work on /home/airflow/.local/lib/python3.8/site-packages/airflow/example_dags/example_skip_dag.py
[2024-03-19T18:58:51.328+0000] {processor.py:830} INFO - Processing file /home/airflow/.local/lib/python3.8/site-packages/airflow/example_dags/example_skip_dag.py for tasks to queue
[2024-03-19T18:58:51.328+0000] {logging_mixin.py:188} INFO - [2024-03-19T18:58:51.328+0000] {dagbag.py:540} INFO - Filling up the DagBag from /home/airflow/.local/lib/python3.8/site-packages/airflow/example_dags/example_skip_dag.py
[2024-03-19T18:58:51.332+0000] {processor.py:840} INFO - DAG(s) 'example_skip_dag' retrieved from /home/airflow/.local/lib/python3.8/site-packages/airflow/example_dags/example_skip_dag.py
[2024-03-19T18:58:51.340+0000] {logging_mixin.py:188} INFO - [2024-03-19T18:58:51.340+0000] {dag.py:3047} INFO - Sync 1 DAGs
[2024-03-19T18:58:51.349+0000] {logging_mixin.py:188} INFO - [2024-03-19T18:58:51.349+0000] {dag.py:3834} INFO - Setting next_dagrun for example_skip_dag to 2024-03-18 00:00:00+00:00, run_after=2024-03-19 00:00:00+00:00
[2024-03-19T18:58:51.356+0000] {processor.py:183} INFO - Processing /home/airflow/.local/lib/python3.8/site-packages/airflow/example_dags/example_skip_dag.py took 0.030 seconds
[2024-03-19T18:59:21.975+0000] {processor.py:161} INFO - Started process (PID=5642) to work on /home/airflow/.local/lib/python3.8/site-packages/airflow/example_dags/example_skip_dag.py
[2024-03-19T18:59:21.976+0000] {processor.py:830} INFO - Processing file /home/airflow/.local/lib/python3.8/site-packages/airflow/example_dags/example_skip_dag.py for tasks to queue
[2024-03-19T18:59:21.976+0000] {logging_mixin.py:188} INFO - [2024-03-19T18:59:21.976+0000] {dagbag.py:540} INFO - Filling up the DagBag from /home/airflow/.local/lib/python3.8/site-packages/airflow/example_dags/example_skip_dag.py
[2024-03-19T18:59:21.979+0000] {processor.py:840} INFO - DAG(s) 'example_skip_dag' retrieved from /home/airflow/.local/lib/python3.8/site-packages/airflow/example_dags/example_skip_dag.py
[2024-03-19T18:59:21.989+0000] {logging_mixin.py:188} INFO - [2024-03-19T18:59:21.989+0000] {dag.py:3047} INFO - Sync 1 DAGs
[2024-03-19T18:59:21.999+0000] {logging_mixin.py:188} INFO - [2024-03-19T18:59:21.999+0000] {dag.py:3834} INFO - Setting next_dagrun for example_skip_dag to 2024-03-18 00:00:00+00:00, run_after=2024-03-19 00:00:00+00:00
[2024-03-19T18:59:22.007+0000] {processor.py:183} INFO - Processing /home/airflow/.local/lib/python3.8/site-packages/airflow/example_dags/example_skip_dag.py took 0.033 seconds
[2024-03-19T18:59:52.474+0000] {processor.py:161} INFO - Started process (PID=5888) to work on /home/airflow/.local/lib/python3.8/site-packages/airflow/example_dags/example_skip_dag.py
[2024-03-19T18:59:52.475+0000] {processor.py:830} INFO - Processing file /home/airflow/.local/lib/python3.8/site-packages/airflow/example_dags/example_skip_dag.py for tasks to queue
[2024-03-19T18:59:52.476+0000] {logging_mixin.py:188} INFO - [2024-03-19T18:59:52.476+0000] {dagbag.py:540} INFO - Filling up the DagBag from /home/airflow/.local/lib/python3.8/site-packages/airflow/example_dags/example_skip_dag.py
[2024-03-19T18:59:52.482+0000] {processor.py:840} INFO - DAG(s) 'example_skip_dag' retrieved from /home/airflow/.local/lib/python3.8/site-packages/airflow/example_dags/example_skip_dag.py
[2024-03-19T18:59:52.491+0000] {logging_mixin.py:188} INFO - [2024-03-19T18:59:52.491+0000] {dag.py:3047} INFO - Sync 1 DAGs
[2024-03-19T18:59:52.501+0000] {logging_mixin.py:188} INFO - [2024-03-19T18:59:52.501+0000] {dag.py:3834} INFO - Setting next_dagrun for example_skip_dag to 2024-03-18 00:00:00+00:00, run_after=2024-03-19 00:00:00+00:00
[2024-03-19T18:59:52.508+0000] {processor.py:183} INFO - Processing /home/airflow/.local/lib/python3.8/site-packages/airflow/example_dags/example_skip_dag.py took 0.035 seconds
[2024-03-19T19:00:23.104+0000] {processor.py:161} INFO - Started process (PID=6135) to work on /home/airflow/.local/lib/python3.8/site-packages/airflow/example_dags/example_skip_dag.py
[2024-03-19T19:00:23.105+0000] {processor.py:830} INFO - Processing file /home/airflow/.local/lib/python3.8/site-packages/airflow/example_dags/example_skip_dag.py for tasks to queue
[2024-03-19T19:00:23.106+0000] {logging_mixin.py:188} INFO - [2024-03-19T19:00:23.106+0000] {dagbag.py:540} INFO - Filling up the DagBag from /home/airflow/.local/lib/python3.8/site-packages/airflow/example_dags/example_skip_dag.py
[2024-03-19T19:00:23.110+0000] {processor.py:840} INFO - DAG(s) 'example_skip_dag' retrieved from /home/airflow/.local/lib/python3.8/site-packages/airflow/example_dags/example_skip_dag.py
[2024-03-19T19:00:23.119+0000] {logging_mixin.py:188} INFO - [2024-03-19T19:00:23.119+0000] {dag.py:3047} INFO - Sync 1 DAGs
[2024-03-19T19:00:23.129+0000] {logging_mixin.py:188} INFO - [2024-03-19T19:00:23.129+0000] {dag.py:3834} INFO - Setting next_dagrun for example_skip_dag to 2024-03-18 00:00:00+00:00, run_after=2024-03-19 00:00:00+00:00
[2024-03-19T19:00:23.136+0000] {processor.py:183} INFO - Processing /home/airflow/.local/lib/python3.8/site-packages/airflow/example_dags/example_skip_dag.py took 0.033 seconds
[2024-03-19T19:00:53.578+0000] {processor.py:161} INFO - Started process (PID=6382) to work on /home/airflow/.local/lib/python3.8/site-packages/airflow/example_dags/example_skip_dag.py
[2024-03-19T19:00:53.579+0000] {processor.py:830} INFO - Processing file /home/airflow/.local/lib/python3.8/site-packages/airflow/example_dags/example_skip_dag.py for tasks to queue
[2024-03-19T19:00:53.579+0000] {logging_mixin.py:188} INFO - [2024-03-19T19:00:53.579+0000] {dagbag.py:540} INFO - Filling up the DagBag from /home/airflow/.local/lib/python3.8/site-packages/airflow/example_dags/example_skip_dag.py
[2024-03-19T19:00:53.582+0000] {processor.py:840} INFO - DAG(s) 'example_skip_dag' retrieved from /home/airflow/.local/lib/python3.8/site-packages/airflow/example_dags/example_skip_dag.py
[2024-03-19T19:00:53.591+0000] {logging_mixin.py:188} INFO - [2024-03-19T19:00:53.591+0000] {dag.py:3047} INFO - Sync 1 DAGs
[2024-03-19T19:00:53.599+0000] {logging_mixin.py:188} INFO - [2024-03-19T19:00:53.599+0000] {dag.py:3834} INFO - Setting next_dagrun for example_skip_dag to 2024-03-18 00:00:00+00:00, run_after=2024-03-19 00:00:00+00:00
[2024-03-19T19:00:53.606+0000] {processor.py:183} INFO - Processing /home/airflow/.local/lib/python3.8/site-packages/airflow/example_dags/example_skip_dag.py took 0.030 seconds
[2024-03-19T19:01:24.121+0000] {processor.py:161} INFO - Started process (PID=6629) to work on /home/airflow/.local/lib/python3.8/site-packages/airflow/example_dags/example_skip_dag.py
[2024-03-19T19:01:24.122+0000] {processor.py:830} INFO - Processing file /home/airflow/.local/lib/python3.8/site-packages/airflow/example_dags/example_skip_dag.py for tasks to queue
[2024-03-19T19:01:24.123+0000] {logging_mixin.py:188} INFO - [2024-03-19T19:01:24.123+0000] {dagbag.py:540} INFO - Filling up the DagBag from /home/airflow/.local/lib/python3.8/site-packages/airflow/example_dags/example_skip_dag.py
[2024-03-19T19:01:24.127+0000] {processor.py:840} INFO - DAG(s) 'example_skip_dag' retrieved from /home/airflow/.local/lib/python3.8/site-packages/airflow/example_dags/example_skip_dag.py
[2024-03-19T19:01:24.136+0000] {logging_mixin.py:188} INFO - [2024-03-19T19:01:24.136+0000] {dag.py:3047} INFO - Sync 1 DAGs
[2024-03-19T19:01:24.145+0000] {logging_mixin.py:188} INFO - [2024-03-19T19:01:24.145+0000] {dag.py:3834} INFO - Setting next_dagrun for example_skip_dag to 2024-03-18 00:00:00+00:00, run_after=2024-03-19 00:00:00+00:00
[2024-03-19T19:01:24.152+0000] {processor.py:183} INFO - Processing /home/airflow/.local/lib/python3.8/site-packages/airflow/example_dags/example_skip_dag.py took 0.033 seconds
[2024-03-19T19:01:54.545+0000] {processor.py:161} INFO - Started process (PID=6876) to work on /home/airflow/.local/lib/python3.8/site-packages/airflow/example_dags/example_skip_dag.py
[2024-03-19T19:01:54.546+0000] {processor.py:830} INFO - Processing file /home/airflow/.local/lib/python3.8/site-packages/airflow/example_dags/example_skip_dag.py for tasks to queue
[2024-03-19T19:01:54.546+0000] {logging_mixin.py:188} INFO - [2024-03-19T19:01:54.546+0000] {dagbag.py:540} INFO - Filling up the DagBag from /home/airflow/.local/lib/python3.8/site-packages/airflow/example_dags/example_skip_dag.py
[2024-03-19T19:01:54.550+0000] {processor.py:840} INFO - DAG(s) 'example_skip_dag' retrieved from /home/airflow/.local/lib/python3.8/site-packages/airflow/example_dags/example_skip_dag.py
[2024-03-19T19:01:54.559+0000] {logging_mixin.py:188} INFO - [2024-03-19T19:01:54.559+0000] {dag.py:3047} INFO - Sync 1 DAGs
[2024-03-19T19:01:54.569+0000] {logging_mixin.py:188} INFO - [2024-03-19T19:01:54.568+0000] {dag.py:3834} INFO - Setting next_dagrun for example_skip_dag to 2024-03-18 00:00:00+00:00, run_after=2024-03-19 00:00:00+00:00
[2024-03-19T19:01:54.576+0000] {processor.py:183} INFO - Processing /home/airflow/.local/lib/python3.8/site-packages/airflow/example_dags/example_skip_dag.py took 0.032 seconds
[2024-03-19T19:02:25.051+0000] {processor.py:161} INFO - Started process (PID=7122) to work on /home/airflow/.local/lib/python3.8/site-packages/airflow/example_dags/example_skip_dag.py
[2024-03-19T19:02:25.052+0000] {processor.py:830} INFO - Processing file /home/airflow/.local/lib/python3.8/site-packages/airflow/example_dags/example_skip_dag.py for tasks to queue
[2024-03-19T19:02:25.052+0000] {logging_mixin.py:188} INFO - [2024-03-19T19:02:25.052+0000] {dagbag.py:540} INFO - Filling up the DagBag from /home/airflow/.local/lib/python3.8/site-packages/airflow/example_dags/example_skip_dag.py
[2024-03-19T19:02:25.056+0000] {processor.py:840} INFO - DAG(s) 'example_skip_dag' retrieved from /home/airflow/.local/lib/python3.8/site-packages/airflow/example_dags/example_skip_dag.py
[2024-03-19T19:02:25.065+0000] {logging_mixin.py:188} INFO - [2024-03-19T19:02:25.064+0000] {dag.py:3047} INFO - Sync 1 DAGs
[2024-03-19T19:02:25.074+0000] {logging_mixin.py:188} INFO - [2024-03-19T19:02:25.074+0000] {dag.py:3834} INFO - Setting next_dagrun for example_skip_dag to 2024-03-18 00:00:00+00:00, run_after=2024-03-19 00:00:00+00:00
[2024-03-19T19:02:25.082+0000] {processor.py:183} INFO - Processing /home/airflow/.local/lib/python3.8/site-packages/airflow/example_dags/example_skip_dag.py took 0.032 seconds
[2024-03-19T19:02:55.557+0000] {processor.py:161} INFO - Started process (PID=7369) to work on /home/airflow/.local/lib/python3.8/site-packages/airflow/example_dags/example_skip_dag.py
[2024-03-19T19:02:55.558+0000] {processor.py:830} INFO - Processing file /home/airflow/.local/lib/python3.8/site-packages/airflow/example_dags/example_skip_dag.py for tasks to queue
[2024-03-19T19:02:55.558+0000] {logging_mixin.py:188} INFO - [2024-03-19T19:02:55.558+0000] {dagbag.py:540} INFO - Filling up the DagBag from /home/airflow/.local/lib/python3.8/site-packages/airflow/example_dags/example_skip_dag.py
[2024-03-19T19:02:55.562+0000] {processor.py:840} INFO - DAG(s) 'example_skip_dag' retrieved from /home/airflow/.local/lib/python3.8/site-packages/airflow/example_dags/example_skip_dag.py
[2024-03-19T19:02:55.571+0000] {logging_mixin.py:188} INFO - [2024-03-19T19:02:55.571+0000] {dag.py:3047} INFO - Sync 1 DAGs
[2024-03-19T19:02:55.580+0000] {logging_mixin.py:188} INFO - [2024-03-19T19:02:55.580+0000] {dag.py:3834} INFO - Setting next_dagrun for example_skip_dag to 2024-03-18 00:00:00+00:00, run_after=2024-03-19 00:00:00+00:00
[2024-03-19T19:02:55.587+0000] {processor.py:183} INFO - Processing /home/airflow/.local/lib/python3.8/site-packages/airflow/example_dags/example_skip_dag.py took 0.031 seconds
[2024-03-19T19:03:26.003+0000] {processor.py:161} INFO - Started process (PID=7616) to work on /home/airflow/.local/lib/python3.8/site-packages/airflow/example_dags/example_skip_dag.py
[2024-03-19T19:03:26.004+0000] {processor.py:830} INFO - Processing file /home/airflow/.local/lib/python3.8/site-packages/airflow/example_dags/example_skip_dag.py for tasks to queue
[2024-03-19T19:03:26.005+0000] {logging_mixin.py:188} INFO - [2024-03-19T19:03:26.004+0000] {dagbag.py:540} INFO - Filling up the DagBag from /home/airflow/.local/lib/python3.8/site-packages/airflow/example_dags/example_skip_dag.py
[2024-03-19T19:03:26.008+0000] {processor.py:840} INFO - DAG(s) 'example_skip_dag' retrieved from /home/airflow/.local/lib/python3.8/site-packages/airflow/example_dags/example_skip_dag.py
[2024-03-19T19:03:26.017+0000] {logging_mixin.py:188} INFO - [2024-03-19T19:03:26.017+0000] {dag.py:3047} INFO - Sync 1 DAGs
[2024-03-19T19:03:26.026+0000] {logging_mixin.py:188} INFO - [2024-03-19T19:03:26.026+0000] {dag.py:3834} INFO - Setting next_dagrun for example_skip_dag to 2024-03-18 00:00:00+00:00, run_after=2024-03-19 00:00:00+00:00
[2024-03-19T19:03:26.033+0000] {processor.py:183} INFO - Processing /home/airflow/.local/lib/python3.8/site-packages/airflow/example_dags/example_skip_dag.py took 0.032 seconds
[2024-03-19T19:03:56.580+0000] {processor.py:161} INFO - Started process (PID=7863) to work on /home/airflow/.local/lib/python3.8/site-packages/airflow/example_dags/example_skip_dag.py
[2024-03-19T19:03:56.581+0000] {processor.py:830} INFO - Processing file /home/airflow/.local/lib/python3.8/site-packages/airflow/example_dags/example_skip_dag.py for tasks to queue
[2024-03-19T19:03:56.581+0000] {logging_mixin.py:188} INFO - [2024-03-19T19:03:56.581+0000] {dagbag.py:540} INFO - Filling up the DagBag from /home/airflow/.local/lib/python3.8/site-packages/airflow/example_dags/example_skip_dag.py
[2024-03-19T19:03:56.585+0000] {processor.py:840} INFO - DAG(s) 'example_skip_dag' retrieved from /home/airflow/.local/lib/python3.8/site-packages/airflow/example_dags/example_skip_dag.py
[2024-03-19T19:03:56.594+0000] {logging_mixin.py:188} INFO - [2024-03-19T19:03:56.594+0000] {dag.py:3047} INFO - Sync 1 DAGs
[2024-03-19T19:03:56.603+0000] {logging_mixin.py:188} INFO - [2024-03-19T19:03:56.603+0000] {dag.py:3834} INFO - Setting next_dagrun for example_skip_dag to 2024-03-18 00:00:00+00:00, run_after=2024-03-19 00:00:00+00:00
[2024-03-19T19:03:56.610+0000] {processor.py:183} INFO - Processing /home/airflow/.local/lib/python3.8/site-packages/airflow/example_dags/example_skip_dag.py took 0.031 seconds
[2024-03-19T19:04:27.121+0000] {processor.py:161} INFO - Started process (PID=8110) to work on /home/airflow/.local/lib/python3.8/site-packages/airflow/example_dags/example_skip_dag.py
[2024-03-19T19:04:27.123+0000] {processor.py:830} INFO - Processing file /home/airflow/.local/lib/python3.8/site-packages/airflow/example_dags/example_skip_dag.py for tasks to queue
[2024-03-19T19:04:27.124+0000] {logging_mixin.py:188} INFO - [2024-03-19T19:04:27.124+0000] {dagbag.py:540} INFO - Filling up the DagBag from /home/airflow/.local/lib/python3.8/site-packages/airflow/example_dags/example_skip_dag.py
[2024-03-19T19:04:27.129+0000] {processor.py:840} INFO - DAG(s) 'example_skip_dag' retrieved from /home/airflow/.local/lib/python3.8/site-packages/airflow/example_dags/example_skip_dag.py
[2024-03-19T19:04:27.139+0000] {logging_mixin.py:188} INFO - [2024-03-19T19:04:27.138+0000] {dag.py:3047} INFO - Sync 1 DAGs
[2024-03-19T19:04:27.149+0000] {logging_mixin.py:188} INFO - [2024-03-19T19:04:27.149+0000] {dag.py:3834} INFO - Setting next_dagrun for example_skip_dag to 2024-03-18 00:00:00+00:00, run_after=2024-03-19 00:00:00+00:00
[2024-03-19T19:04:27.157+0000] {processor.py:183} INFO - Processing /home/airflow/.local/lib/python3.8/site-packages/airflow/example_dags/example_skip_dag.py took 0.037 seconds
[2024-03-19T19:04:57.648+0000] {processor.py:161} INFO - Started process (PID=8357) to work on /home/airflow/.local/lib/python3.8/site-packages/airflow/example_dags/example_skip_dag.py
[2024-03-19T19:04:57.649+0000] {processor.py:830} INFO - Processing file /home/airflow/.local/lib/python3.8/site-packages/airflow/example_dags/example_skip_dag.py for tasks to queue
[2024-03-19T19:04:57.649+0000] {logging_mixin.py:188} INFO - [2024-03-19T19:04:57.649+0000] {dagbag.py:540} INFO - Filling up the DagBag from /home/airflow/.local/lib/python3.8/site-packages/airflow/example_dags/example_skip_dag.py
[2024-03-19T19:04:57.653+0000] {processor.py:840} INFO - DAG(s) 'example_skip_dag' retrieved from /home/airflow/.local/lib/python3.8/site-packages/airflow/example_dags/example_skip_dag.py
[2024-03-19T19:04:57.662+0000] {logging_mixin.py:188} INFO - [2024-03-19T19:04:57.661+0000] {dag.py:3047} INFO - Sync 1 DAGs
[2024-03-19T19:04:57.670+0000] {logging_mixin.py:188} INFO - [2024-03-19T19:04:57.670+0000] {dag.py:3834} INFO - Setting next_dagrun for example_skip_dag to 2024-03-18 00:00:00+00:00, run_after=2024-03-19 00:00:00+00:00
[2024-03-19T19:04:57.677+0000] {processor.py:183} INFO - Processing /home/airflow/.local/lib/python3.8/site-packages/airflow/example_dags/example_skip_dag.py took 0.031 seconds
[2024-03-19T19:05:28.149+0000] {processor.py:161} INFO - Started process (PID=8604) to work on /home/airflow/.local/lib/python3.8/site-packages/airflow/example_dags/example_skip_dag.py
[2024-03-19T19:05:28.150+0000] {processor.py:830} INFO - Processing file /home/airflow/.local/lib/python3.8/site-packages/airflow/example_dags/example_skip_dag.py for tasks to queue
[2024-03-19T19:05:28.150+0000] {logging_mixin.py:188} INFO - [2024-03-19T19:05:28.150+0000] {dagbag.py:540} INFO - Filling up the DagBag from /home/airflow/.local/lib/python3.8/site-packages/airflow/example_dags/example_skip_dag.py
[2024-03-19T19:05:28.154+0000] {processor.py:840} INFO - DAG(s) 'example_skip_dag' retrieved from /home/airflow/.local/lib/python3.8/site-packages/airflow/example_dags/example_skip_dag.py
[2024-03-19T19:05:28.163+0000] {logging_mixin.py:188} INFO - [2024-03-19T19:05:28.163+0000] {dag.py:3047} INFO - Sync 1 DAGs
[2024-03-19T19:05:28.173+0000] {logging_mixin.py:188} INFO - [2024-03-19T19:05:28.173+0000] {dag.py:3834} INFO - Setting next_dagrun for example_skip_dag to 2024-03-18 00:00:00+00:00, run_after=2024-03-19 00:00:00+00:00
[2024-03-19T19:05:28.180+0000] {processor.py:183} INFO - Processing /home/airflow/.local/lib/python3.8/site-packages/airflow/example_dags/example_skip_dag.py took 0.032 seconds
[2024-03-19T19:05:58.717+0000] {processor.py:161} INFO - Started process (PID=8851) to work on /home/airflow/.local/lib/python3.8/site-packages/airflow/example_dags/example_skip_dag.py
[2024-03-19T19:05:58.717+0000] {processor.py:830} INFO - Processing file /home/airflow/.local/lib/python3.8/site-packages/airflow/example_dags/example_skip_dag.py for tasks to queue
[2024-03-19T19:05:58.718+0000] {logging_mixin.py:188} INFO - [2024-03-19T19:05:58.717+0000] {dagbag.py:540} INFO - Filling up the DagBag from /home/airflow/.local/lib/python3.8/site-packages/airflow/example_dags/example_skip_dag.py
[2024-03-19T19:05:58.721+0000] {processor.py:840} INFO - DAG(s) 'example_skip_dag' retrieved from /home/airflow/.local/lib/python3.8/site-packages/airflow/example_dags/example_skip_dag.py
[2024-03-19T19:05:58.731+0000] {logging_mixin.py:188} INFO - [2024-03-19T19:05:58.730+0000] {dag.py:3047} INFO - Sync 1 DAGs
[2024-03-19T19:05:58.740+0000] {logging_mixin.py:188} INFO - [2024-03-19T19:05:58.740+0000] {dag.py:3834} INFO - Setting next_dagrun for example_skip_dag to 2024-03-18 00:00:00+00:00, run_after=2024-03-19 00:00:00+00:00
[2024-03-19T19:05:58.747+0000] {processor.py:183} INFO - Processing /home/airflow/.local/lib/python3.8/site-packages/airflow/example_dags/example_skip_dag.py took 0.032 seconds
