[2024-03-19T18:48:10.855+0000] {processor.py:161} INFO - Started process (PID=241) to work on /home/airflow/.local/lib/python3.8/site-packages/airflow/example_dags/example_external_task_marker_dag.py
[2024-03-19T18:48:10.855+0000] {processor.py:830} INFO - Processing file /home/airflow/.local/lib/python3.8/site-packages/airflow/example_dags/example_external_task_marker_dag.py for tasks to queue
[2024-03-19T18:48:10.856+0000] {logging_mixin.py:188} INFO - [2024-03-19T18:48:10.856+0000] {dagbag.py:540} INFO - Filling up the DagBag from /home/airflow/.local/lib/python3.8/site-packages/airflow/example_dags/example_external_task_marker_dag.py
[2024-03-19T18:48:10.867+0000] {processor.py:840} INFO - DAG(s) 'example_external_task_marker_parent', 'example_external_task_marker_child' retrieved from /home/airflow/.local/lib/python3.8/site-packages/airflow/example_dags/example_external_task_marker_dag.py
[2024-03-19T18:48:10.878+0000] {logging_mixin.py:188} INFO - [2024-03-19T18:48:10.878+0000] {dag.py:3047} INFO - Sync 2 DAGs
[2024-03-19T18:48:10.887+0000] {logging_mixin.py:188} INFO - [2024-03-19T18:48:10.887+0000] {dag.py:3834} INFO - Setting next_dagrun for example_external_task_marker_child to None, run_after=None
[2024-03-19T18:48:10.889+0000] {logging_mixin.py:188} INFO - [2024-03-19T18:48:10.889+0000] {dag.py:3834} INFO - Setting next_dagrun for example_external_task_marker_parent to None, run_after=None
[2024-03-19T18:48:10.897+0000] {processor.py:183} INFO - Processing /home/airflow/.local/lib/python3.8/site-packages/airflow/example_dags/example_external_task_marker_dag.py took 0.044 seconds
[2024-03-19T18:48:41.550+0000] {processor.py:161} INFO - Started process (PID=488) to work on /home/airflow/.local/lib/python3.8/site-packages/airflow/example_dags/example_external_task_marker_dag.py
[2024-03-19T18:48:41.550+0000] {processor.py:830} INFO - Processing file /home/airflow/.local/lib/python3.8/site-packages/airflow/example_dags/example_external_task_marker_dag.py for tasks to queue
[2024-03-19T18:48:41.551+0000] {logging_mixin.py:188} INFO - [2024-03-19T18:48:41.551+0000] {dagbag.py:540} INFO - Filling up the DagBag from /home/airflow/.local/lib/python3.8/site-packages/airflow/example_dags/example_external_task_marker_dag.py
[2024-03-19T18:48:41.554+0000] {processor.py:840} INFO - DAG(s) 'example_external_task_marker_child', 'example_external_task_marker_parent' retrieved from /home/airflow/.local/lib/python3.8/site-packages/airflow/example_dags/example_external_task_marker_dag.py
[2024-03-19T18:48:41.604+0000] {logging_mixin.py:188} INFO - [2024-03-19T18:48:41.604+0000] {dag.py:3047} INFO - Sync 2 DAGs
[2024-03-19T18:48:41.609+0000] {logging_mixin.py:188} INFO - [2024-03-19T18:48:41.609+0000] {dag.py:3834} INFO - Setting next_dagrun for example_external_task_marker_child to None, run_after=None
[2024-03-19T18:48:41.611+0000] {logging_mixin.py:188} INFO - [2024-03-19T18:48:41.610+0000] {dag.py:3834} INFO - Setting next_dagrun for example_external_task_marker_parent to None, run_after=None
[2024-03-19T18:48:41.618+0000] {processor.py:183} INFO - Processing /home/airflow/.local/lib/python3.8/site-packages/airflow/example_dags/example_external_task_marker_dag.py took 0.069 seconds
[2024-03-19T18:49:11.637+0000] {processor.py:161} INFO - Started process (PID=735) to work on /home/airflow/.local/lib/python3.8/site-packages/airflow/example_dags/example_external_task_marker_dag.py
[2024-03-19T18:49:11.638+0000] {processor.py:830} INFO - Processing file /home/airflow/.local/lib/python3.8/site-packages/airflow/example_dags/example_external_task_marker_dag.py for tasks to queue
[2024-03-19T18:49:11.638+0000] {logging_mixin.py:188} INFO - [2024-03-19T18:49:11.638+0000] {dagbag.py:540} INFO - Filling up the DagBag from /home/airflow/.local/lib/python3.8/site-packages/airflow/example_dags/example_external_task_marker_dag.py
[2024-03-19T18:49:11.641+0000] {processor.py:840} INFO - DAG(s) 'example_external_task_marker_child', 'example_external_task_marker_parent' retrieved from /home/airflow/.local/lib/python3.8/site-packages/airflow/example_dags/example_external_task_marker_dag.py
[2024-03-19T18:49:11.651+0000] {logging_mixin.py:188} INFO - [2024-03-19T18:49:11.650+0000] {dag.py:3047} INFO - Sync 2 DAGs
[2024-03-19T18:49:11.656+0000] {logging_mixin.py:188} INFO - [2024-03-19T18:49:11.656+0000] {dag.py:3834} INFO - Setting next_dagrun for example_external_task_marker_child to None, run_after=None
[2024-03-19T18:49:11.657+0000] {logging_mixin.py:188} INFO - [2024-03-19T18:49:11.657+0000] {dag.py:3834} INFO - Setting next_dagrun for example_external_task_marker_parent to None, run_after=None
[2024-03-19T18:49:11.663+0000] {processor.py:183} INFO - Processing /home/airflow/.local/lib/python3.8/site-packages/airflow/example_dags/example_external_task_marker_dag.py took 0.027 seconds
[2024-03-19T18:49:42.169+0000] {processor.py:161} INFO - Started process (PID=982) to work on /home/airflow/.local/lib/python3.8/site-packages/airflow/example_dags/example_external_task_marker_dag.py
[2024-03-19T18:49:42.170+0000] {processor.py:830} INFO - Processing file /home/airflow/.local/lib/python3.8/site-packages/airflow/example_dags/example_external_task_marker_dag.py for tasks to queue
[2024-03-19T18:49:42.170+0000] {logging_mixin.py:188} INFO - [2024-03-19T18:49:42.170+0000] {dagbag.py:540} INFO - Filling up the DagBag from /home/airflow/.local/lib/python3.8/site-packages/airflow/example_dags/example_external_task_marker_dag.py
[2024-03-19T18:49:42.173+0000] {processor.py:840} INFO - DAG(s) 'example_external_task_marker_parent', 'example_external_task_marker_child' retrieved from /home/airflow/.local/lib/python3.8/site-packages/airflow/example_dags/example_external_task_marker_dag.py
[2024-03-19T18:49:42.183+0000] {logging_mixin.py:188} INFO - [2024-03-19T18:49:42.183+0000] {dag.py:3047} INFO - Sync 2 DAGs
[2024-03-19T18:49:42.188+0000] {logging_mixin.py:188} INFO - [2024-03-19T18:49:42.188+0000] {dag.py:3834} INFO - Setting next_dagrun for example_external_task_marker_child to None, run_after=None
[2024-03-19T18:49:42.189+0000] {logging_mixin.py:188} INFO - [2024-03-19T18:49:42.189+0000] {dag.py:3834} INFO - Setting next_dagrun for example_external_task_marker_parent to None, run_after=None
[2024-03-19T18:49:42.195+0000] {processor.py:183} INFO - Processing /home/airflow/.local/lib/python3.8/site-packages/airflow/example_dags/example_external_task_marker_dag.py took 0.027 seconds
[2024-03-19T18:50:12.718+0000] {processor.py:161} INFO - Started process (PID=1229) to work on /home/airflow/.local/lib/python3.8/site-packages/airflow/example_dags/example_external_task_marker_dag.py
[2024-03-19T18:50:12.719+0000] {processor.py:830} INFO - Processing file /home/airflow/.local/lib/python3.8/site-packages/airflow/example_dags/example_external_task_marker_dag.py for tasks to queue
[2024-03-19T18:50:12.719+0000] {logging_mixin.py:188} INFO - [2024-03-19T18:50:12.719+0000] {dagbag.py:540} INFO - Filling up the DagBag from /home/airflow/.local/lib/python3.8/site-packages/airflow/example_dags/example_external_task_marker_dag.py
[2024-03-19T18:50:12.722+0000] {processor.py:840} INFO - DAG(s) 'example_external_task_marker_parent', 'example_external_task_marker_child' retrieved from /home/airflow/.local/lib/python3.8/site-packages/airflow/example_dags/example_external_task_marker_dag.py
[2024-03-19T18:50:12.731+0000] {logging_mixin.py:188} INFO - [2024-03-19T18:50:12.731+0000] {dag.py:3047} INFO - Sync 2 DAGs
[2024-03-19T18:50:12.737+0000] {logging_mixin.py:188} INFO - [2024-03-19T18:50:12.737+0000] {dag.py:3834} INFO - Setting next_dagrun for example_external_task_marker_child to None, run_after=None
[2024-03-19T18:50:12.738+0000] {logging_mixin.py:188} INFO - [2024-03-19T18:50:12.738+0000] {dag.py:3834} INFO - Setting next_dagrun for example_external_task_marker_parent to None, run_after=None
[2024-03-19T18:50:12.744+0000] {processor.py:183} INFO - Processing /home/airflow/.local/lib/python3.8/site-packages/airflow/example_dags/example_external_task_marker_dag.py took 0.028 seconds
[2024-03-19T18:50:43.312+0000] {processor.py:161} INFO - Started process (PID=1500) to work on /home/airflow/.local/lib/python3.8/site-packages/airflow/example_dags/example_external_task_marker_dag.py
[2024-03-19T18:50:43.313+0000] {processor.py:830} INFO - Processing file /home/airflow/.local/lib/python3.8/site-packages/airflow/example_dags/example_external_task_marker_dag.py for tasks to queue
[2024-03-19T18:50:43.314+0000] {logging_mixin.py:188} INFO - [2024-03-19T18:50:43.313+0000] {dagbag.py:540} INFO - Filling up the DagBag from /home/airflow/.local/lib/python3.8/site-packages/airflow/example_dags/example_external_task_marker_dag.py
[2024-03-19T18:50:43.316+0000] {processor.py:840} INFO - DAG(s) 'example_external_task_marker_child', 'example_external_task_marker_parent' retrieved from /home/airflow/.local/lib/python3.8/site-packages/airflow/example_dags/example_external_task_marker_dag.py
[2024-03-19T18:50:43.327+0000] {logging_mixin.py:188} INFO - [2024-03-19T18:50:43.327+0000] {dag.py:3047} INFO - Sync 2 DAGs
[2024-03-19T18:50:43.332+0000] {logging_mixin.py:188} INFO - [2024-03-19T18:50:43.332+0000] {dag.py:3834} INFO - Setting next_dagrun for example_external_task_marker_child to None, run_after=None
[2024-03-19T18:50:43.334+0000] {logging_mixin.py:188} INFO - [2024-03-19T18:50:43.334+0000] {dag.py:3834} INFO - Setting next_dagrun for example_external_task_marker_parent to None, run_after=None
[2024-03-19T18:50:43.340+0000] {processor.py:183} INFO - Processing /home/airflow/.local/lib/python3.8/site-packages/airflow/example_dags/example_external_task_marker_dag.py took 0.030 seconds
[2024-03-19T18:51:14.138+0000] {processor.py:161} INFO - Started process (PID=1747) to work on /home/airflow/.local/lib/python3.8/site-packages/airflow/example_dags/example_external_task_marker_dag.py
[2024-03-19T18:51:14.139+0000] {processor.py:830} INFO - Processing file /home/airflow/.local/lib/python3.8/site-packages/airflow/example_dags/example_external_task_marker_dag.py for tasks to queue
[2024-03-19T18:51:14.139+0000] {logging_mixin.py:188} INFO - [2024-03-19T18:51:14.139+0000] {dagbag.py:540} INFO - Filling up the DagBag from /home/airflow/.local/lib/python3.8/site-packages/airflow/example_dags/example_external_task_marker_dag.py
[2024-03-19T18:51:14.142+0000] {processor.py:840} INFO - DAG(s) 'example_external_task_marker_parent', 'example_external_task_marker_child' retrieved from /home/airflow/.local/lib/python3.8/site-packages/airflow/example_dags/example_external_task_marker_dag.py
[2024-03-19T18:51:14.152+0000] {logging_mixin.py:188} INFO - [2024-03-19T18:51:14.152+0000] {dag.py:3047} INFO - Sync 2 DAGs
[2024-03-19T18:51:14.157+0000] {logging_mixin.py:188} INFO - [2024-03-19T18:51:14.157+0000] {dag.py:3834} INFO - Setting next_dagrun for example_external_task_marker_child to None, run_after=None
[2024-03-19T18:51:14.159+0000] {logging_mixin.py:188} INFO - [2024-03-19T18:51:14.159+0000] {dag.py:3834} INFO - Setting next_dagrun for example_external_task_marker_parent to None, run_after=None
[2024-03-19T18:51:14.166+0000] {processor.py:183} INFO - Processing /home/airflow/.local/lib/python3.8/site-packages/airflow/example_dags/example_external_task_marker_dag.py took 0.029 seconds
[2024-03-19T18:51:44.488+0000] {processor.py:161} INFO - Started process (PID=1994) to work on /home/airflow/.local/lib/python3.8/site-packages/airflow/example_dags/example_external_task_marker_dag.py
[2024-03-19T18:51:44.488+0000] {processor.py:830} INFO - Processing file /home/airflow/.local/lib/python3.8/site-packages/airflow/example_dags/example_external_task_marker_dag.py for tasks to queue
[2024-03-19T18:51:44.488+0000] {logging_mixin.py:188} INFO - [2024-03-19T18:51:44.488+0000] {dagbag.py:540} INFO - Filling up the DagBag from /home/airflow/.local/lib/python3.8/site-packages/airflow/example_dags/example_external_task_marker_dag.py
[2024-03-19T18:51:44.491+0000] {processor.py:840} INFO - DAG(s) 'example_external_task_marker_parent', 'example_external_task_marker_child' retrieved from /home/airflow/.local/lib/python3.8/site-packages/airflow/example_dags/example_external_task_marker_dag.py
[2024-03-19T18:51:44.501+0000] {logging_mixin.py:188} INFO - [2024-03-19T18:51:44.501+0000] {dag.py:3047} INFO - Sync 2 DAGs
[2024-03-19T18:51:44.506+0000] {logging_mixin.py:188} INFO - [2024-03-19T18:51:44.506+0000] {dag.py:3834} INFO - Setting next_dagrun for example_external_task_marker_child to None, run_after=None
[2024-03-19T18:51:44.508+0000] {logging_mixin.py:188} INFO - [2024-03-19T18:51:44.508+0000] {dag.py:3834} INFO - Setting next_dagrun for example_external_task_marker_parent to None, run_after=None
[2024-03-19T18:51:44.514+0000] {processor.py:183} INFO - Processing /home/airflow/.local/lib/python3.8/site-packages/airflow/example_dags/example_external_task_marker_dag.py took 0.028 seconds
[2024-03-19T18:52:14.867+0000] {processor.py:161} INFO - Started process (PID=2240) to work on /home/airflow/.local/lib/python3.8/site-packages/airflow/example_dags/example_external_task_marker_dag.py
[2024-03-19T18:52:14.868+0000] {processor.py:830} INFO - Processing file /home/airflow/.local/lib/python3.8/site-packages/airflow/example_dags/example_external_task_marker_dag.py for tasks to queue
[2024-03-19T18:52:14.868+0000] {logging_mixin.py:188} INFO - [2024-03-19T18:52:14.868+0000] {dagbag.py:540} INFO - Filling up the DagBag from /home/airflow/.local/lib/python3.8/site-packages/airflow/example_dags/example_external_task_marker_dag.py
[2024-03-19T18:52:14.871+0000] {processor.py:840} INFO - DAG(s) 'example_external_task_marker_child', 'example_external_task_marker_parent' retrieved from /home/airflow/.local/lib/python3.8/site-packages/airflow/example_dags/example_external_task_marker_dag.py
[2024-03-19T18:52:14.881+0000] {logging_mixin.py:188} INFO - [2024-03-19T18:52:14.881+0000] {dag.py:3047} INFO - Sync 2 DAGs
[2024-03-19T18:52:14.886+0000] {logging_mixin.py:188} INFO - [2024-03-19T18:52:14.886+0000] {dag.py:3834} INFO - Setting next_dagrun for example_external_task_marker_child to None, run_after=None
[2024-03-19T18:52:14.888+0000] {logging_mixin.py:188} INFO - [2024-03-19T18:52:14.888+0000] {dag.py:3834} INFO - Setting next_dagrun for example_external_task_marker_parent to None, run_after=None
[2024-03-19T18:52:14.894+0000] {processor.py:183} INFO - Processing /home/airflow/.local/lib/python3.8/site-packages/airflow/example_dags/example_external_task_marker_dag.py took 0.028 seconds
[2024-03-19T18:52:45.329+0000] {processor.py:161} INFO - Started process (PID=2487) to work on /home/airflow/.local/lib/python3.8/site-packages/airflow/example_dags/example_external_task_marker_dag.py
[2024-03-19T18:52:45.330+0000] {processor.py:830} INFO - Processing file /home/airflow/.local/lib/python3.8/site-packages/airflow/example_dags/example_external_task_marker_dag.py for tasks to queue
[2024-03-19T18:52:45.330+0000] {logging_mixin.py:188} INFO - [2024-03-19T18:52:45.330+0000] {dagbag.py:540} INFO - Filling up the DagBag from /home/airflow/.local/lib/python3.8/site-packages/airflow/example_dags/example_external_task_marker_dag.py
[2024-03-19T18:52:45.333+0000] {processor.py:840} INFO - DAG(s) 'example_external_task_marker_parent', 'example_external_task_marker_child' retrieved from /home/airflow/.local/lib/python3.8/site-packages/airflow/example_dags/example_external_task_marker_dag.py
[2024-03-19T18:52:45.343+0000] {logging_mixin.py:188} INFO - [2024-03-19T18:52:45.343+0000] {dag.py:3047} INFO - Sync 2 DAGs
[2024-03-19T18:52:45.349+0000] {logging_mixin.py:188} INFO - [2024-03-19T18:52:45.348+0000] {dag.py:3834} INFO - Setting next_dagrun for example_external_task_marker_child to None, run_after=None
[2024-03-19T18:52:45.350+0000] {logging_mixin.py:188} INFO - [2024-03-19T18:52:45.350+0000] {dag.py:3834} INFO - Setting next_dagrun for example_external_task_marker_parent to None, run_after=None
[2024-03-19T18:52:45.356+0000] {processor.py:183} INFO - Processing /home/airflow/.local/lib/python3.8/site-packages/airflow/example_dags/example_external_task_marker_dag.py took 0.029 seconds
[2024-03-19T18:53:15.790+0000] {processor.py:161} INFO - Started process (PID=2734) to work on /home/airflow/.local/lib/python3.8/site-packages/airflow/example_dags/example_external_task_marker_dag.py
[2024-03-19T18:53:15.791+0000] {processor.py:830} INFO - Processing file /home/airflow/.local/lib/python3.8/site-packages/airflow/example_dags/example_external_task_marker_dag.py for tasks to queue
[2024-03-19T18:53:15.791+0000] {logging_mixin.py:188} INFO - [2024-03-19T18:53:15.791+0000] {dagbag.py:540} INFO - Filling up the DagBag from /home/airflow/.local/lib/python3.8/site-packages/airflow/example_dags/example_external_task_marker_dag.py
[2024-03-19T18:53:15.794+0000] {processor.py:840} INFO - DAG(s) 'example_external_task_marker_parent', 'example_external_task_marker_child' retrieved from /home/airflow/.local/lib/python3.8/site-packages/airflow/example_dags/example_external_task_marker_dag.py
[2024-03-19T18:53:15.803+0000] {logging_mixin.py:188} INFO - [2024-03-19T18:53:15.803+0000] {dag.py:3047} INFO - Sync 2 DAGs
[2024-03-19T18:53:15.809+0000] {logging_mixin.py:188} INFO - [2024-03-19T18:53:15.809+0000] {dag.py:3834} INFO - Setting next_dagrun for example_external_task_marker_child to None, run_after=None
[2024-03-19T18:53:15.811+0000] {logging_mixin.py:188} INFO - [2024-03-19T18:53:15.810+0000] {dag.py:3834} INFO - Setting next_dagrun for example_external_task_marker_parent to None, run_after=None
[2024-03-19T18:53:15.817+0000] {processor.py:183} INFO - Processing /home/airflow/.local/lib/python3.8/site-packages/airflow/example_dags/example_external_task_marker_dag.py took 0.028 seconds
[2024-03-19T18:53:46.361+0000] {processor.py:161} INFO - Started process (PID=2981) to work on /home/airflow/.local/lib/python3.8/site-packages/airflow/example_dags/example_external_task_marker_dag.py
[2024-03-19T18:53:46.362+0000] {processor.py:830} INFO - Processing file /home/airflow/.local/lib/python3.8/site-packages/airflow/example_dags/example_external_task_marker_dag.py for tasks to queue
[2024-03-19T18:53:46.362+0000] {logging_mixin.py:188} INFO - [2024-03-19T18:53:46.362+0000] {dagbag.py:540} INFO - Filling up the DagBag from /home/airflow/.local/lib/python3.8/site-packages/airflow/example_dags/example_external_task_marker_dag.py
[2024-03-19T18:53:46.365+0000] {processor.py:840} INFO - DAG(s) 'example_external_task_marker_parent', 'example_external_task_marker_child' retrieved from /home/airflow/.local/lib/python3.8/site-packages/airflow/example_dags/example_external_task_marker_dag.py
[2024-03-19T18:53:46.380+0000] {logging_mixin.py:188} INFO - [2024-03-19T18:53:46.380+0000] {dag.py:3047} INFO - Sync 2 DAGs
[2024-03-19T18:53:46.389+0000] {logging_mixin.py:188} INFO - [2024-03-19T18:53:46.389+0000] {dag.py:3834} INFO - Setting next_dagrun for example_external_task_marker_child to None, run_after=None
[2024-03-19T18:53:46.391+0000] {logging_mixin.py:188} INFO - [2024-03-19T18:53:46.391+0000] {dag.py:3834} INFO - Setting next_dagrun for example_external_task_marker_parent to None, run_after=None
[2024-03-19T18:53:46.401+0000] {processor.py:183} INFO - Processing /home/airflow/.local/lib/python3.8/site-packages/airflow/example_dags/example_external_task_marker_dag.py took 0.041 seconds
[2024-03-19T18:54:17.062+0000] {processor.py:161} INFO - Started process (PID=3228) to work on /home/airflow/.local/lib/python3.8/site-packages/airflow/example_dags/example_external_task_marker_dag.py
[2024-03-19T18:54:17.063+0000] {processor.py:830} INFO - Processing file /home/airflow/.local/lib/python3.8/site-packages/airflow/example_dags/example_external_task_marker_dag.py for tasks to queue
[2024-03-19T18:54:17.064+0000] {logging_mixin.py:188} INFO - [2024-03-19T18:54:17.063+0000] {dagbag.py:540} INFO - Filling up the DagBag from /home/airflow/.local/lib/python3.8/site-packages/airflow/example_dags/example_external_task_marker_dag.py
[2024-03-19T18:54:17.067+0000] {processor.py:840} INFO - DAG(s) 'example_external_task_marker_parent', 'example_external_task_marker_child' retrieved from /home/airflow/.local/lib/python3.8/site-packages/airflow/example_dags/example_external_task_marker_dag.py
[2024-03-19T18:54:17.080+0000] {logging_mixin.py:188} INFO - [2024-03-19T18:54:17.079+0000] {dag.py:3047} INFO - Sync 2 DAGs
[2024-03-19T18:54:17.085+0000] {logging_mixin.py:188} INFO - [2024-03-19T18:54:17.085+0000] {dag.py:3834} INFO - Setting next_dagrun for example_external_task_marker_child to None, run_after=None
[2024-03-19T18:54:17.087+0000] {logging_mixin.py:188} INFO - [2024-03-19T18:54:17.087+0000] {dag.py:3834} INFO - Setting next_dagrun for example_external_task_marker_parent to None, run_after=None
[2024-03-19T18:54:17.094+0000] {processor.py:183} INFO - Processing /home/airflow/.local/lib/python3.8/site-packages/airflow/example_dags/example_external_task_marker_dag.py took 0.034 seconds
[2024-03-19T18:54:47.534+0000] {processor.py:161} INFO - Started process (PID=3475) to work on /home/airflow/.local/lib/python3.8/site-packages/airflow/example_dags/example_external_task_marker_dag.py
[2024-03-19T18:54:47.535+0000] {processor.py:830} INFO - Processing file /home/airflow/.local/lib/python3.8/site-packages/airflow/example_dags/example_external_task_marker_dag.py for tasks to queue
[2024-03-19T18:54:47.535+0000] {logging_mixin.py:188} INFO - [2024-03-19T18:54:47.535+0000] {dagbag.py:540} INFO - Filling up the DagBag from /home/airflow/.local/lib/python3.8/site-packages/airflow/example_dags/example_external_task_marker_dag.py
[2024-03-19T18:54:47.538+0000] {processor.py:840} INFO - DAG(s) 'example_external_task_marker_parent', 'example_external_task_marker_child' retrieved from /home/airflow/.local/lib/python3.8/site-packages/airflow/example_dags/example_external_task_marker_dag.py
[2024-03-19T18:54:47.548+0000] {logging_mixin.py:188} INFO - [2024-03-19T18:54:47.548+0000] {dag.py:3047} INFO - Sync 2 DAGs
[2024-03-19T18:54:47.553+0000] {logging_mixin.py:188} INFO - [2024-03-19T18:54:47.553+0000] {dag.py:3834} INFO - Setting next_dagrun for example_external_task_marker_child to None, run_after=None
[2024-03-19T18:54:47.555+0000] {logging_mixin.py:188} INFO - [2024-03-19T18:54:47.555+0000] {dag.py:3834} INFO - Setting next_dagrun for example_external_task_marker_parent to None, run_after=None
[2024-03-19T18:54:47.561+0000] {processor.py:183} INFO - Processing /home/airflow/.local/lib/python3.8/site-packages/airflow/example_dags/example_external_task_marker_dag.py took 0.028 seconds
[2024-03-19T18:55:17.965+0000] {processor.py:161} INFO - Started process (PID=3722) to work on /home/airflow/.local/lib/python3.8/site-packages/airflow/example_dags/example_external_task_marker_dag.py
[2024-03-19T18:55:17.966+0000] {processor.py:830} INFO - Processing file /home/airflow/.local/lib/python3.8/site-packages/airflow/example_dags/example_external_task_marker_dag.py for tasks to queue
[2024-03-19T18:55:17.966+0000] {logging_mixin.py:188} INFO - [2024-03-19T18:55:17.966+0000] {dagbag.py:540} INFO - Filling up the DagBag from /home/airflow/.local/lib/python3.8/site-packages/airflow/example_dags/example_external_task_marker_dag.py
[2024-03-19T18:55:17.969+0000] {processor.py:840} INFO - DAG(s) 'example_external_task_marker_child', 'example_external_task_marker_parent' retrieved from /home/airflow/.local/lib/python3.8/site-packages/airflow/example_dags/example_external_task_marker_dag.py
[2024-03-19T18:55:17.979+0000] {logging_mixin.py:188} INFO - [2024-03-19T18:55:17.979+0000] {dag.py:3047} INFO - Sync 2 DAGs
[2024-03-19T18:55:17.984+0000] {logging_mixin.py:188} INFO - [2024-03-19T18:55:17.984+0000] {dag.py:3834} INFO - Setting next_dagrun for example_external_task_marker_child to None, run_after=None
[2024-03-19T18:55:17.986+0000] {logging_mixin.py:188} INFO - [2024-03-19T18:55:17.986+0000] {dag.py:3834} INFO - Setting next_dagrun for example_external_task_marker_parent to None, run_after=None
[2024-03-19T18:55:17.992+0000] {processor.py:183} INFO - Processing /home/airflow/.local/lib/python3.8/site-packages/airflow/example_dags/example_external_task_marker_dag.py took 0.028 seconds
[2024-03-19T18:55:48.444+0000] {processor.py:161} INFO - Started process (PID=3969) to work on /home/airflow/.local/lib/python3.8/site-packages/airflow/example_dags/example_external_task_marker_dag.py
[2024-03-19T18:55:48.445+0000] {processor.py:830} INFO - Processing file /home/airflow/.local/lib/python3.8/site-packages/airflow/example_dags/example_external_task_marker_dag.py for tasks to queue
[2024-03-19T18:55:48.445+0000] {logging_mixin.py:188} INFO - [2024-03-19T18:55:48.445+0000] {dagbag.py:540} INFO - Filling up the DagBag from /home/airflow/.local/lib/python3.8/site-packages/airflow/example_dags/example_external_task_marker_dag.py
[2024-03-19T18:55:48.448+0000] {processor.py:840} INFO - DAG(s) 'example_external_task_marker_child', 'example_external_task_marker_parent' retrieved from /home/airflow/.local/lib/python3.8/site-packages/airflow/example_dags/example_external_task_marker_dag.py
[2024-03-19T18:55:48.458+0000] {logging_mixin.py:188} INFO - [2024-03-19T18:55:48.458+0000] {dag.py:3047} INFO - Sync 2 DAGs
[2024-03-19T18:55:48.464+0000] {logging_mixin.py:188} INFO - [2024-03-19T18:55:48.464+0000] {dag.py:3834} INFO - Setting next_dagrun for example_external_task_marker_child to None, run_after=None
[2024-03-19T18:55:48.465+0000] {logging_mixin.py:188} INFO - [2024-03-19T18:55:48.465+0000] {dag.py:3834} INFO - Setting next_dagrun for example_external_task_marker_parent to None, run_after=None
[2024-03-19T18:55:48.471+0000] {processor.py:183} INFO - Processing /home/airflow/.local/lib/python3.8/site-packages/airflow/example_dags/example_external_task_marker_dag.py took 0.029 seconds
[2024-03-19T18:56:18.956+0000] {processor.py:161} INFO - Started process (PID=4216) to work on /home/airflow/.local/lib/python3.8/site-packages/airflow/example_dags/example_external_task_marker_dag.py
[2024-03-19T18:56:18.956+0000] {processor.py:830} INFO - Processing file /home/airflow/.local/lib/python3.8/site-packages/airflow/example_dags/example_external_task_marker_dag.py for tasks to queue
[2024-03-19T18:56:18.957+0000] {logging_mixin.py:188} INFO - [2024-03-19T18:56:18.957+0000] {dagbag.py:540} INFO - Filling up the DagBag from /home/airflow/.local/lib/python3.8/site-packages/airflow/example_dags/example_external_task_marker_dag.py
[2024-03-19T18:56:18.959+0000] {processor.py:840} INFO - DAG(s) 'example_external_task_marker_parent', 'example_external_task_marker_child' retrieved from /home/airflow/.local/lib/python3.8/site-packages/airflow/example_dags/example_external_task_marker_dag.py
[2024-03-19T18:56:18.970+0000] {logging_mixin.py:188} INFO - [2024-03-19T18:56:18.969+0000] {dag.py:3047} INFO - Sync 2 DAGs
[2024-03-19T18:56:18.975+0000] {logging_mixin.py:188} INFO - [2024-03-19T18:56:18.975+0000] {dag.py:3834} INFO - Setting next_dagrun for example_external_task_marker_child to None, run_after=None
[2024-03-19T18:56:18.977+0000] {logging_mixin.py:188} INFO - [2024-03-19T18:56:18.977+0000] {dag.py:3834} INFO - Setting next_dagrun for example_external_task_marker_parent to None, run_after=None
[2024-03-19T18:56:18.983+0000] {processor.py:183} INFO - Processing /home/airflow/.local/lib/python3.8/site-packages/airflow/example_dags/example_external_task_marker_dag.py took 0.029 seconds
[2024-03-19T18:56:49.441+0000] {processor.py:161} INFO - Started process (PID=4462) to work on /home/airflow/.local/lib/python3.8/site-packages/airflow/example_dags/example_external_task_marker_dag.py
[2024-03-19T18:56:49.442+0000] {processor.py:830} INFO - Processing file /home/airflow/.local/lib/python3.8/site-packages/airflow/example_dags/example_external_task_marker_dag.py for tasks to queue
[2024-03-19T18:56:49.442+0000] {logging_mixin.py:188} INFO - [2024-03-19T18:56:49.442+0000] {dagbag.py:540} INFO - Filling up the DagBag from /home/airflow/.local/lib/python3.8/site-packages/airflow/example_dags/example_external_task_marker_dag.py
[2024-03-19T18:56:49.445+0000] {processor.py:840} INFO - DAG(s) 'example_external_task_marker_child', 'example_external_task_marker_parent' retrieved from /home/airflow/.local/lib/python3.8/site-packages/airflow/example_dags/example_external_task_marker_dag.py
[2024-03-19T18:56:49.456+0000] {logging_mixin.py:188} INFO - [2024-03-19T18:56:49.456+0000] {dag.py:3047} INFO - Sync 2 DAGs
[2024-03-19T18:56:49.462+0000] {logging_mixin.py:188} INFO - [2024-03-19T18:56:49.462+0000] {dag.py:3834} INFO - Setting next_dagrun for example_external_task_marker_child to None, run_after=None
[2024-03-19T18:56:49.464+0000] {logging_mixin.py:188} INFO - [2024-03-19T18:56:49.464+0000] {dag.py:3834} INFO - Setting next_dagrun for example_external_task_marker_parent to None, run_after=None
[2024-03-19T18:56:49.470+0000] {processor.py:183} INFO - Processing /home/airflow/.local/lib/python3.8/site-packages/airflow/example_dags/example_external_task_marker_dag.py took 0.031 seconds
[2024-03-19T18:57:19.977+0000] {processor.py:161} INFO - Started process (PID=4709) to work on /home/airflow/.local/lib/python3.8/site-packages/airflow/example_dags/example_external_task_marker_dag.py
[2024-03-19T18:57:19.978+0000] {processor.py:830} INFO - Processing file /home/airflow/.local/lib/python3.8/site-packages/airflow/example_dags/example_external_task_marker_dag.py for tasks to queue
[2024-03-19T18:57:19.978+0000] {logging_mixin.py:188} INFO - [2024-03-19T18:57:19.978+0000] {dagbag.py:540} INFO - Filling up the DagBag from /home/airflow/.local/lib/python3.8/site-packages/airflow/example_dags/example_external_task_marker_dag.py
[2024-03-19T18:57:19.981+0000] {processor.py:840} INFO - DAG(s) 'example_external_task_marker_child', 'example_external_task_marker_parent' retrieved from /home/airflow/.local/lib/python3.8/site-packages/airflow/example_dags/example_external_task_marker_dag.py
[2024-03-19T18:57:19.991+0000] {logging_mixin.py:188} INFO - [2024-03-19T18:57:19.991+0000] {dag.py:3047} INFO - Sync 2 DAGs
[2024-03-19T18:57:19.997+0000] {logging_mixin.py:188} INFO - [2024-03-19T18:57:19.997+0000] {dag.py:3834} INFO - Setting next_dagrun for example_external_task_marker_child to None, run_after=None
[2024-03-19T18:57:19.999+0000] {logging_mixin.py:188} INFO - [2024-03-19T18:57:19.999+0000] {dag.py:3834} INFO - Setting next_dagrun for example_external_task_marker_parent to None, run_after=None
[2024-03-19T18:57:20.006+0000] {processor.py:183} INFO - Processing /home/airflow/.local/lib/python3.8/site-packages/airflow/example_dags/example_external_task_marker_dag.py took 0.030 seconds
[2024-03-19T18:57:50.492+0000] {processor.py:161} INFO - Started process (PID=4956) to work on /home/airflow/.local/lib/python3.8/site-packages/airflow/example_dags/example_external_task_marker_dag.py
[2024-03-19T18:57:50.493+0000] {processor.py:830} INFO - Processing file /home/airflow/.local/lib/python3.8/site-packages/airflow/example_dags/example_external_task_marker_dag.py for tasks to queue
[2024-03-19T18:57:50.493+0000] {logging_mixin.py:188} INFO - [2024-03-19T18:57:50.493+0000] {dagbag.py:540} INFO - Filling up the DagBag from /home/airflow/.local/lib/python3.8/site-packages/airflow/example_dags/example_external_task_marker_dag.py
[2024-03-19T18:57:50.496+0000] {processor.py:840} INFO - DAG(s) 'example_external_task_marker_child', 'example_external_task_marker_parent' retrieved from /home/airflow/.local/lib/python3.8/site-packages/airflow/example_dags/example_external_task_marker_dag.py
[2024-03-19T18:57:50.506+0000] {logging_mixin.py:188} INFO - [2024-03-19T18:57:50.506+0000] {dag.py:3047} INFO - Sync 2 DAGs
[2024-03-19T18:57:50.512+0000] {logging_mixin.py:188} INFO - [2024-03-19T18:57:50.512+0000] {dag.py:3834} INFO - Setting next_dagrun for example_external_task_marker_child to None, run_after=None
[2024-03-19T18:57:50.513+0000] {logging_mixin.py:188} INFO - [2024-03-19T18:57:50.513+0000] {dag.py:3834} INFO - Setting next_dagrun for example_external_task_marker_parent to None, run_after=None
[2024-03-19T18:57:50.520+0000] {processor.py:183} INFO - Processing /home/airflow/.local/lib/python3.8/site-packages/airflow/example_dags/example_external_task_marker_dag.py took 0.029 seconds
[2024-03-19T18:58:21.035+0000] {processor.py:161} INFO - Started process (PID=5203) to work on /home/airflow/.local/lib/python3.8/site-packages/airflow/example_dags/example_external_task_marker_dag.py
[2024-03-19T18:58:21.035+0000] {processor.py:830} INFO - Processing file /home/airflow/.local/lib/python3.8/site-packages/airflow/example_dags/example_external_task_marker_dag.py for tasks to queue
[2024-03-19T18:58:21.036+0000] {logging_mixin.py:188} INFO - [2024-03-19T18:58:21.036+0000] {dagbag.py:540} INFO - Filling up the DagBag from /home/airflow/.local/lib/python3.8/site-packages/airflow/example_dags/example_external_task_marker_dag.py
[2024-03-19T18:58:21.039+0000] {processor.py:840} INFO - DAG(s) 'example_external_task_marker_parent', 'example_external_task_marker_child' retrieved from /home/airflow/.local/lib/python3.8/site-packages/airflow/example_dags/example_external_task_marker_dag.py
[2024-03-19T18:58:21.049+0000] {logging_mixin.py:188} INFO - [2024-03-19T18:58:21.049+0000] {dag.py:3047} INFO - Sync 2 DAGs
[2024-03-19T18:58:21.054+0000] {logging_mixin.py:188} INFO - [2024-03-19T18:58:21.054+0000] {dag.py:3834} INFO - Setting next_dagrun for example_external_task_marker_child to None, run_after=None
[2024-03-19T18:58:21.056+0000] {logging_mixin.py:188} INFO - [2024-03-19T18:58:21.056+0000] {dag.py:3834} INFO - Setting next_dagrun for example_external_task_marker_parent to None, run_after=None
[2024-03-19T18:58:21.062+0000] {processor.py:183} INFO - Processing /home/airflow/.local/lib/python3.8/site-packages/airflow/example_dags/example_external_task_marker_dag.py took 0.029 seconds
[2024-03-19T18:58:51.566+0000] {processor.py:161} INFO - Started process (PID=5450) to work on /home/airflow/.local/lib/python3.8/site-packages/airflow/example_dags/example_external_task_marker_dag.py
[2024-03-19T18:58:51.567+0000] {processor.py:830} INFO - Processing file /home/airflow/.local/lib/python3.8/site-packages/airflow/example_dags/example_external_task_marker_dag.py for tasks to queue
[2024-03-19T18:58:51.567+0000] {logging_mixin.py:188} INFO - [2024-03-19T18:58:51.567+0000] {dagbag.py:540} INFO - Filling up the DagBag from /home/airflow/.local/lib/python3.8/site-packages/airflow/example_dags/example_external_task_marker_dag.py
[2024-03-19T18:58:51.570+0000] {processor.py:840} INFO - DAG(s) 'example_external_task_marker_child', 'example_external_task_marker_parent' retrieved from /home/airflow/.local/lib/python3.8/site-packages/airflow/example_dags/example_external_task_marker_dag.py
[2024-03-19T18:58:51.584+0000] {logging_mixin.py:188} INFO - [2024-03-19T18:58:51.584+0000] {dag.py:3047} INFO - Sync 2 DAGs
[2024-03-19T18:58:51.590+0000] {logging_mixin.py:188} INFO - [2024-03-19T18:58:51.590+0000] {dag.py:3834} INFO - Setting next_dagrun for example_external_task_marker_child to None, run_after=None
[2024-03-19T18:58:51.592+0000] {logging_mixin.py:188} INFO - [2024-03-19T18:58:51.592+0000] {dag.py:3834} INFO - Setting next_dagrun for example_external_task_marker_parent to None, run_after=None
[2024-03-19T18:58:51.599+0000] {processor.py:183} INFO - Processing /home/airflow/.local/lib/python3.8/site-packages/airflow/example_dags/example_external_task_marker_dag.py took 0.034 seconds
[2024-03-19T18:59:22.211+0000] {processor.py:161} INFO - Started process (PID=5697) to work on /home/airflow/.local/lib/python3.8/site-packages/airflow/example_dags/example_external_task_marker_dag.py
[2024-03-19T18:59:22.212+0000] {processor.py:830} INFO - Processing file /home/airflow/.local/lib/python3.8/site-packages/airflow/example_dags/example_external_task_marker_dag.py for tasks to queue
[2024-03-19T18:59:22.212+0000] {logging_mixin.py:188} INFO - [2024-03-19T18:59:22.212+0000] {dagbag.py:540} INFO - Filling up the DagBag from /home/airflow/.local/lib/python3.8/site-packages/airflow/example_dags/example_external_task_marker_dag.py
[2024-03-19T18:59:22.216+0000] {processor.py:840} INFO - DAG(s) 'example_external_task_marker_child', 'example_external_task_marker_parent' retrieved from /home/airflow/.local/lib/python3.8/site-packages/airflow/example_dags/example_external_task_marker_dag.py
[2024-03-19T18:59:22.225+0000] {logging_mixin.py:188} INFO - [2024-03-19T18:59:22.225+0000] {dag.py:3047} INFO - Sync 2 DAGs
[2024-03-19T18:59:22.231+0000] {logging_mixin.py:188} INFO - [2024-03-19T18:59:22.230+0000] {dag.py:3834} INFO - Setting next_dagrun for example_external_task_marker_child to None, run_after=None
[2024-03-19T18:59:22.232+0000] {logging_mixin.py:188} INFO - [2024-03-19T18:59:22.232+0000] {dag.py:3834} INFO - Setting next_dagrun for example_external_task_marker_parent to None, run_after=None
[2024-03-19T18:59:22.238+0000] {processor.py:183} INFO - Processing /home/airflow/.local/lib/python3.8/site-packages/airflow/example_dags/example_external_task_marker_dag.py took 0.029 seconds
[2024-03-19T18:59:52.792+0000] {processor.py:161} INFO - Started process (PID=5943) to work on /home/airflow/.local/lib/python3.8/site-packages/airflow/example_dags/example_external_task_marker_dag.py
[2024-03-19T18:59:52.793+0000] {processor.py:830} INFO - Processing file /home/airflow/.local/lib/python3.8/site-packages/airflow/example_dags/example_external_task_marker_dag.py for tasks to queue
[2024-03-19T18:59:52.797+0000] {logging_mixin.py:188} INFO - [2024-03-19T18:59:52.797+0000] {dagbag.py:540} INFO - Filling up the DagBag from /home/airflow/.local/lib/python3.8/site-packages/airflow/example_dags/example_external_task_marker_dag.py
[2024-03-19T18:59:52.802+0000] {processor.py:840} INFO - DAG(s) 'example_external_task_marker_parent', 'example_external_task_marker_child' retrieved from /home/airflow/.local/lib/python3.8/site-packages/airflow/example_dags/example_external_task_marker_dag.py
[2024-03-19T18:59:52.819+0000] {logging_mixin.py:188} INFO - [2024-03-19T18:59:52.818+0000] {dag.py:3047} INFO - Sync 2 DAGs
[2024-03-19T18:59:52.824+0000] {logging_mixin.py:188} INFO - [2024-03-19T18:59:52.824+0000] {dag.py:3834} INFO - Setting next_dagrun for example_external_task_marker_child to None, run_after=None
[2024-03-19T18:59:52.826+0000] {logging_mixin.py:188} INFO - [2024-03-19T18:59:52.826+0000] {dag.py:3834} INFO - Setting next_dagrun for example_external_task_marker_parent to None, run_after=None
[2024-03-19T18:59:52.834+0000] {processor.py:183} INFO - Processing /home/airflow/.local/lib/python3.8/site-packages/airflow/example_dags/example_external_task_marker_dag.py took 0.044 seconds
[2024-03-19T19:00:23.339+0000] {processor.py:161} INFO - Started process (PID=6190) to work on /home/airflow/.local/lib/python3.8/site-packages/airflow/example_dags/example_external_task_marker_dag.py
[2024-03-19T19:00:23.340+0000] {processor.py:830} INFO - Processing file /home/airflow/.local/lib/python3.8/site-packages/airflow/example_dags/example_external_task_marker_dag.py for tasks to queue
[2024-03-19T19:00:23.341+0000] {logging_mixin.py:188} INFO - [2024-03-19T19:00:23.341+0000] {dagbag.py:540} INFO - Filling up the DagBag from /home/airflow/.local/lib/python3.8/site-packages/airflow/example_dags/example_external_task_marker_dag.py
[2024-03-19T19:00:23.343+0000] {processor.py:840} INFO - DAG(s) 'example_external_task_marker_child', 'example_external_task_marker_parent' retrieved from /home/airflow/.local/lib/python3.8/site-packages/airflow/example_dags/example_external_task_marker_dag.py
[2024-03-19T19:00:23.354+0000] {logging_mixin.py:188} INFO - [2024-03-19T19:00:23.353+0000] {dag.py:3047} INFO - Sync 2 DAGs
[2024-03-19T19:00:23.359+0000] {logging_mixin.py:188} INFO - [2024-03-19T19:00:23.359+0000] {dag.py:3834} INFO - Setting next_dagrun for example_external_task_marker_child to None, run_after=None
[2024-03-19T19:00:23.360+0000] {logging_mixin.py:188} INFO - [2024-03-19T19:00:23.360+0000] {dag.py:3834} INFO - Setting next_dagrun for example_external_task_marker_parent to None, run_after=None
[2024-03-19T19:00:23.367+0000] {processor.py:183} INFO - Processing /home/airflow/.local/lib/python3.8/site-packages/airflow/example_dags/example_external_task_marker_dag.py took 0.029 seconds
[2024-03-19T19:00:53.864+0000] {processor.py:161} INFO - Started process (PID=6439) to work on /home/airflow/.local/lib/python3.8/site-packages/airflow/example_dags/example_external_task_marker_dag.py
[2024-03-19T19:00:53.864+0000] {processor.py:830} INFO - Processing file /home/airflow/.local/lib/python3.8/site-packages/airflow/example_dags/example_external_task_marker_dag.py for tasks to queue
[2024-03-19T19:00:53.865+0000] {logging_mixin.py:188} INFO - [2024-03-19T19:00:53.865+0000] {dagbag.py:540} INFO - Filling up the DagBag from /home/airflow/.local/lib/python3.8/site-packages/airflow/example_dags/example_external_task_marker_dag.py
[2024-03-19T19:00:53.867+0000] {processor.py:840} INFO - DAG(s) 'example_external_task_marker_child', 'example_external_task_marker_parent' retrieved from /home/airflow/.local/lib/python3.8/site-packages/airflow/example_dags/example_external_task_marker_dag.py
[2024-03-19T19:00:53.877+0000] {logging_mixin.py:188} INFO - [2024-03-19T19:00:53.877+0000] {dag.py:3047} INFO - Sync 2 DAGs
[2024-03-19T19:00:53.882+0000] {logging_mixin.py:188} INFO - [2024-03-19T19:00:53.881+0000] {dag.py:3834} INFO - Setting next_dagrun for example_external_task_marker_child to None, run_after=None
[2024-03-19T19:00:53.883+0000] {logging_mixin.py:188} INFO - [2024-03-19T19:00:53.883+0000] {dag.py:3834} INFO - Setting next_dagrun for example_external_task_marker_parent to None, run_after=None
[2024-03-19T19:00:53.889+0000] {processor.py:183} INFO - Processing /home/airflow/.local/lib/python3.8/site-packages/airflow/example_dags/example_external_task_marker_dag.py took 0.027 seconds
[2024-03-19T19:01:24.343+0000] {processor.py:161} INFO - Started process (PID=6684) to work on /home/airflow/.local/lib/python3.8/site-packages/airflow/example_dags/example_external_task_marker_dag.py
[2024-03-19T19:01:24.343+0000] {processor.py:830} INFO - Processing file /home/airflow/.local/lib/python3.8/site-packages/airflow/example_dags/example_external_task_marker_dag.py for tasks to queue
[2024-03-19T19:01:24.344+0000] {logging_mixin.py:188} INFO - [2024-03-19T19:01:24.343+0000] {dagbag.py:540} INFO - Filling up the DagBag from /home/airflow/.local/lib/python3.8/site-packages/airflow/example_dags/example_external_task_marker_dag.py
[2024-03-19T19:01:24.346+0000] {processor.py:840} INFO - DAG(s) 'example_external_task_marker_child', 'example_external_task_marker_parent' retrieved from /home/airflow/.local/lib/python3.8/site-packages/airflow/example_dags/example_external_task_marker_dag.py
[2024-03-19T19:01:24.356+0000] {logging_mixin.py:188} INFO - [2024-03-19T19:01:24.356+0000] {dag.py:3047} INFO - Sync 2 DAGs
[2024-03-19T19:01:24.361+0000] {logging_mixin.py:188} INFO - [2024-03-19T19:01:24.361+0000] {dag.py:3834} INFO - Setting next_dagrun for example_external_task_marker_child to None, run_after=None
[2024-03-19T19:01:24.363+0000] {logging_mixin.py:188} INFO - [2024-03-19T19:01:24.363+0000] {dag.py:3834} INFO - Setting next_dagrun for example_external_task_marker_parent to None, run_after=None
[2024-03-19T19:01:24.369+0000] {processor.py:183} INFO - Processing /home/airflow/.local/lib/python3.8/site-packages/airflow/example_dags/example_external_task_marker_dag.py took 0.028 seconds
[2024-03-19T19:01:54.783+0000] {processor.py:161} INFO - Started process (PID=6931) to work on /home/airflow/.local/lib/python3.8/site-packages/airflow/example_dags/example_external_task_marker_dag.py
[2024-03-19T19:01:54.784+0000] {processor.py:830} INFO - Processing file /home/airflow/.local/lib/python3.8/site-packages/airflow/example_dags/example_external_task_marker_dag.py for tasks to queue
[2024-03-19T19:01:54.784+0000] {logging_mixin.py:188} INFO - [2024-03-19T19:01:54.784+0000] {dagbag.py:540} INFO - Filling up the DagBag from /home/airflow/.local/lib/python3.8/site-packages/airflow/example_dags/example_external_task_marker_dag.py
[2024-03-19T19:01:54.787+0000] {processor.py:840} INFO - DAG(s) 'example_external_task_marker_parent', 'example_external_task_marker_child' retrieved from /home/airflow/.local/lib/python3.8/site-packages/airflow/example_dags/example_external_task_marker_dag.py
[2024-03-19T19:01:54.797+0000] {logging_mixin.py:188} INFO - [2024-03-19T19:01:54.796+0000] {dag.py:3047} INFO - Sync 2 DAGs
[2024-03-19T19:01:54.801+0000] {logging_mixin.py:188} INFO - [2024-03-19T19:01:54.801+0000] {dag.py:3834} INFO - Setting next_dagrun for example_external_task_marker_child to None, run_after=None
[2024-03-19T19:01:54.803+0000] {logging_mixin.py:188} INFO - [2024-03-19T19:01:54.803+0000] {dag.py:3834} INFO - Setting next_dagrun for example_external_task_marker_parent to None, run_after=None
[2024-03-19T19:01:54.810+0000] {processor.py:183} INFO - Processing /home/airflow/.local/lib/python3.8/site-packages/airflow/example_dags/example_external_task_marker_dag.py took 0.028 seconds
[2024-03-19T19:02:25.286+0000] {processor.py:161} INFO - Started process (PID=7177) to work on /home/airflow/.local/lib/python3.8/site-packages/airflow/example_dags/example_external_task_marker_dag.py
[2024-03-19T19:02:25.287+0000] {processor.py:830} INFO - Processing file /home/airflow/.local/lib/python3.8/site-packages/airflow/example_dags/example_external_task_marker_dag.py for tasks to queue
[2024-03-19T19:02:25.287+0000] {logging_mixin.py:188} INFO - [2024-03-19T19:02:25.287+0000] {dagbag.py:540} INFO - Filling up the DagBag from /home/airflow/.local/lib/python3.8/site-packages/airflow/example_dags/example_external_task_marker_dag.py
[2024-03-19T19:02:25.290+0000] {processor.py:840} INFO - DAG(s) 'example_external_task_marker_child', 'example_external_task_marker_parent' retrieved from /home/airflow/.local/lib/python3.8/site-packages/airflow/example_dags/example_external_task_marker_dag.py
[2024-03-19T19:02:25.300+0000] {logging_mixin.py:188} INFO - [2024-03-19T19:02:25.300+0000] {dag.py:3047} INFO - Sync 2 DAGs
[2024-03-19T19:02:25.305+0000] {logging_mixin.py:188} INFO - [2024-03-19T19:02:25.305+0000] {dag.py:3834} INFO - Setting next_dagrun for example_external_task_marker_child to None, run_after=None
[2024-03-19T19:02:25.307+0000] {logging_mixin.py:188} INFO - [2024-03-19T19:02:25.307+0000] {dag.py:3834} INFO - Setting next_dagrun for example_external_task_marker_parent to None, run_after=None
[2024-03-19T19:02:25.313+0000] {processor.py:183} INFO - Processing /home/airflow/.local/lib/python3.8/site-packages/airflow/example_dags/example_external_task_marker_dag.py took 0.028 seconds
[2024-03-19T19:02:55.772+0000] {processor.py:161} INFO - Started process (PID=7424) to work on /home/airflow/.local/lib/python3.8/site-packages/airflow/example_dags/example_external_task_marker_dag.py
[2024-03-19T19:02:55.773+0000] {processor.py:830} INFO - Processing file /home/airflow/.local/lib/python3.8/site-packages/airflow/example_dags/example_external_task_marker_dag.py for tasks to queue
[2024-03-19T19:02:55.773+0000] {logging_mixin.py:188} INFO - [2024-03-19T19:02:55.773+0000] {dagbag.py:540} INFO - Filling up the DagBag from /home/airflow/.local/lib/python3.8/site-packages/airflow/example_dags/example_external_task_marker_dag.py
[2024-03-19T19:02:55.776+0000] {processor.py:840} INFO - DAG(s) 'example_external_task_marker_parent', 'example_external_task_marker_child' retrieved from /home/airflow/.local/lib/python3.8/site-packages/airflow/example_dags/example_external_task_marker_dag.py
[2024-03-19T19:02:55.786+0000] {logging_mixin.py:188} INFO - [2024-03-19T19:02:55.786+0000] {dag.py:3047} INFO - Sync 2 DAGs
[2024-03-19T19:02:55.791+0000] {logging_mixin.py:188} INFO - [2024-03-19T19:02:55.791+0000] {dag.py:3834} INFO - Setting next_dagrun for example_external_task_marker_child to None, run_after=None
[2024-03-19T19:02:55.792+0000] {logging_mixin.py:188} INFO - [2024-03-19T19:02:55.792+0000] {dag.py:3834} INFO - Setting next_dagrun for example_external_task_marker_parent to None, run_after=None
[2024-03-19T19:02:55.799+0000] {processor.py:183} INFO - Processing /home/airflow/.local/lib/python3.8/site-packages/airflow/example_dags/example_external_task_marker_dag.py took 0.028 seconds
[2024-03-19T19:03:26.251+0000] {processor.py:161} INFO - Started process (PID=7671) to work on /home/airflow/.local/lib/python3.8/site-packages/airflow/example_dags/example_external_task_marker_dag.py
[2024-03-19T19:03:26.251+0000] {processor.py:830} INFO - Processing file /home/airflow/.local/lib/python3.8/site-packages/airflow/example_dags/example_external_task_marker_dag.py for tasks to queue
[2024-03-19T19:03:26.252+0000] {logging_mixin.py:188} INFO - [2024-03-19T19:03:26.252+0000] {dagbag.py:540} INFO - Filling up the DagBag from /home/airflow/.local/lib/python3.8/site-packages/airflow/example_dags/example_external_task_marker_dag.py
[2024-03-19T19:03:26.255+0000] {processor.py:840} INFO - DAG(s) 'example_external_task_marker_child', 'example_external_task_marker_parent' retrieved from /home/airflow/.local/lib/python3.8/site-packages/airflow/example_dags/example_external_task_marker_dag.py
[2024-03-19T19:03:26.265+0000] {logging_mixin.py:188} INFO - [2024-03-19T19:03:26.265+0000] {dag.py:3047} INFO - Sync 2 DAGs
[2024-03-19T19:03:26.270+0000] {logging_mixin.py:188} INFO - [2024-03-19T19:03:26.270+0000] {dag.py:3834} INFO - Setting next_dagrun for example_external_task_marker_child to None, run_after=None
[2024-03-19T19:03:26.272+0000] {logging_mixin.py:188} INFO - [2024-03-19T19:03:26.271+0000] {dag.py:3834} INFO - Setting next_dagrun for example_external_task_marker_parent to None, run_after=None
[2024-03-19T19:03:26.278+0000] {processor.py:183} INFO - Processing /home/airflow/.local/lib/python3.8/site-packages/airflow/example_dags/example_external_task_marker_dag.py took 0.028 seconds
[2024-03-19T19:03:56.814+0000] {processor.py:161} INFO - Started process (PID=7918) to work on /home/airflow/.local/lib/python3.8/site-packages/airflow/example_dags/example_external_task_marker_dag.py
[2024-03-19T19:03:56.815+0000] {processor.py:830} INFO - Processing file /home/airflow/.local/lib/python3.8/site-packages/airflow/example_dags/example_external_task_marker_dag.py for tasks to queue
[2024-03-19T19:03:56.815+0000] {logging_mixin.py:188} INFO - [2024-03-19T19:03:56.815+0000] {dagbag.py:540} INFO - Filling up the DagBag from /home/airflow/.local/lib/python3.8/site-packages/airflow/example_dags/example_external_task_marker_dag.py
[2024-03-19T19:03:56.818+0000] {processor.py:840} INFO - DAG(s) 'example_external_task_marker_parent', 'example_external_task_marker_child' retrieved from /home/airflow/.local/lib/python3.8/site-packages/airflow/example_dags/example_external_task_marker_dag.py
[2024-03-19T19:03:56.828+0000] {logging_mixin.py:188} INFO - [2024-03-19T19:03:56.827+0000] {dag.py:3047} INFO - Sync 2 DAGs
[2024-03-19T19:03:56.833+0000] {logging_mixin.py:188} INFO - [2024-03-19T19:03:56.833+0000] {dag.py:3834} INFO - Setting next_dagrun for example_external_task_marker_child to None, run_after=None
[2024-03-19T19:03:56.834+0000] {logging_mixin.py:188} INFO - [2024-03-19T19:03:56.834+0000] {dag.py:3834} INFO - Setting next_dagrun for example_external_task_marker_parent to None, run_after=None
[2024-03-19T19:03:56.840+0000] {processor.py:183} INFO - Processing /home/airflow/.local/lib/python3.8/site-packages/airflow/example_dags/example_external_task_marker_dag.py took 0.027 seconds
[2024-03-19T19:04:27.348+0000] {processor.py:161} INFO - Started process (PID=8165) to work on /home/airflow/.local/lib/python3.8/site-packages/airflow/example_dags/example_external_task_marker_dag.py
[2024-03-19T19:04:27.349+0000] {processor.py:830} INFO - Processing file /home/airflow/.local/lib/python3.8/site-packages/airflow/example_dags/example_external_task_marker_dag.py for tasks to queue
[2024-03-19T19:04:27.349+0000] {logging_mixin.py:188} INFO - [2024-03-19T19:04:27.349+0000] {dagbag.py:540} INFO - Filling up the DagBag from /home/airflow/.local/lib/python3.8/site-packages/airflow/example_dags/example_external_task_marker_dag.py
[2024-03-19T19:04:27.352+0000] {processor.py:840} INFO - DAG(s) 'example_external_task_marker_parent', 'example_external_task_marker_child' retrieved from /home/airflow/.local/lib/python3.8/site-packages/airflow/example_dags/example_external_task_marker_dag.py
[2024-03-19T19:04:27.361+0000] {logging_mixin.py:188} INFO - [2024-03-19T19:04:27.361+0000] {dag.py:3047} INFO - Sync 2 DAGs
[2024-03-19T19:04:27.366+0000] {logging_mixin.py:188} INFO - [2024-03-19T19:04:27.366+0000] {dag.py:3834} INFO - Setting next_dagrun for example_external_task_marker_child to None, run_after=None
[2024-03-19T19:04:27.368+0000] {logging_mixin.py:188} INFO - [2024-03-19T19:04:27.368+0000] {dag.py:3834} INFO - Setting next_dagrun for example_external_task_marker_parent to None, run_after=None
[2024-03-19T19:04:27.374+0000] {processor.py:183} INFO - Processing /home/airflow/.local/lib/python3.8/site-packages/airflow/example_dags/example_external_task_marker_dag.py took 0.028 seconds
[2024-03-19T19:04:57.901+0000] {processor.py:161} INFO - Started process (PID=8412) to work on /home/airflow/.local/lib/python3.8/site-packages/airflow/example_dags/example_external_task_marker_dag.py
[2024-03-19T19:04:57.902+0000] {processor.py:830} INFO - Processing file /home/airflow/.local/lib/python3.8/site-packages/airflow/example_dags/example_external_task_marker_dag.py for tasks to queue
[2024-03-19T19:04:57.902+0000] {logging_mixin.py:188} INFO - [2024-03-19T19:04:57.902+0000] {dagbag.py:540} INFO - Filling up the DagBag from /home/airflow/.local/lib/python3.8/site-packages/airflow/example_dags/example_external_task_marker_dag.py
[2024-03-19T19:04:57.905+0000] {processor.py:840} INFO - DAG(s) 'example_external_task_marker_parent', 'example_external_task_marker_child' retrieved from /home/airflow/.local/lib/python3.8/site-packages/airflow/example_dags/example_external_task_marker_dag.py
[2024-03-19T19:04:57.915+0000] {logging_mixin.py:188} INFO - [2024-03-19T19:04:57.915+0000] {dag.py:3047} INFO - Sync 2 DAGs
[2024-03-19T19:04:57.920+0000] {logging_mixin.py:188} INFO - [2024-03-19T19:04:57.920+0000] {dag.py:3834} INFO - Setting next_dagrun for example_external_task_marker_child to None, run_after=None
[2024-03-19T19:04:57.922+0000] {logging_mixin.py:188} INFO - [2024-03-19T19:04:57.922+0000] {dag.py:3834} INFO - Setting next_dagrun for example_external_task_marker_parent to None, run_after=None
[2024-03-19T19:04:57.928+0000] {processor.py:183} INFO - Processing /home/airflow/.local/lib/python3.8/site-packages/airflow/example_dags/example_external_task_marker_dag.py took 0.029 seconds
[2024-03-19T19:05:28.402+0000] {processor.py:161} INFO - Started process (PID=8659) to work on /home/airflow/.local/lib/python3.8/site-packages/airflow/example_dags/example_external_task_marker_dag.py
[2024-03-19T19:05:28.403+0000] {processor.py:830} INFO - Processing file /home/airflow/.local/lib/python3.8/site-packages/airflow/example_dags/example_external_task_marker_dag.py for tasks to queue
[2024-03-19T19:05:28.403+0000] {logging_mixin.py:188} INFO - [2024-03-19T19:05:28.403+0000] {dagbag.py:540} INFO - Filling up the DagBag from /home/airflow/.local/lib/python3.8/site-packages/airflow/example_dags/example_external_task_marker_dag.py
[2024-03-19T19:05:28.406+0000] {processor.py:840} INFO - DAG(s) 'example_external_task_marker_child', 'example_external_task_marker_parent' retrieved from /home/airflow/.local/lib/python3.8/site-packages/airflow/example_dags/example_external_task_marker_dag.py
[2024-03-19T19:05:28.416+0000] {logging_mixin.py:188} INFO - [2024-03-19T19:05:28.416+0000] {dag.py:3047} INFO - Sync 2 DAGs
[2024-03-19T19:05:28.422+0000] {logging_mixin.py:188} INFO - [2024-03-19T19:05:28.422+0000] {dag.py:3834} INFO - Setting next_dagrun for example_external_task_marker_child to None, run_after=None
[2024-03-19T19:05:28.423+0000] {logging_mixin.py:188} INFO - [2024-03-19T19:05:28.423+0000] {dag.py:3834} INFO - Setting next_dagrun for example_external_task_marker_parent to None, run_after=None
[2024-03-19T19:05:28.430+0000] {processor.py:183} INFO - Processing /home/airflow/.local/lib/python3.8/site-packages/airflow/example_dags/example_external_task_marker_dag.py took 0.029 seconds
[2024-03-19T19:05:58.964+0000] {processor.py:161} INFO - Started process (PID=8906) to work on /home/airflow/.local/lib/python3.8/site-packages/airflow/example_dags/example_external_task_marker_dag.py
[2024-03-19T19:05:58.965+0000] {processor.py:830} INFO - Processing file /home/airflow/.local/lib/python3.8/site-packages/airflow/example_dags/example_external_task_marker_dag.py for tasks to queue
[2024-03-19T19:05:58.965+0000] {logging_mixin.py:188} INFO - [2024-03-19T19:05:58.965+0000] {dagbag.py:540} INFO - Filling up the DagBag from /home/airflow/.local/lib/python3.8/site-packages/airflow/example_dags/example_external_task_marker_dag.py
[2024-03-19T19:05:58.968+0000] {processor.py:840} INFO - DAG(s) 'example_external_task_marker_child', 'example_external_task_marker_parent' retrieved from /home/airflow/.local/lib/python3.8/site-packages/airflow/example_dags/example_external_task_marker_dag.py
[2024-03-19T19:05:58.978+0000] {logging_mixin.py:188} INFO - [2024-03-19T19:05:58.978+0000] {dag.py:3047} INFO - Sync 2 DAGs
[2024-03-19T19:05:58.983+0000] {logging_mixin.py:188} INFO - [2024-03-19T19:05:58.983+0000] {dag.py:3834} INFO - Setting next_dagrun for example_external_task_marker_child to None, run_after=None
[2024-03-19T19:05:58.985+0000] {logging_mixin.py:188} INFO - [2024-03-19T19:05:58.985+0000] {dag.py:3834} INFO - Setting next_dagrun for example_external_task_marker_parent to None, run_after=None
[2024-03-19T19:05:58.991+0000] {processor.py:183} INFO - Processing /home/airflow/.local/lib/python3.8/site-packages/airflow/example_dags/example_external_task_marker_dag.py took 0.029 seconds
