[2024-03-19T18:48:10.580+0000] {processor.py:161} INFO - Started process (PID=193) to work on /home/airflow/.local/lib/python3.8/site-packages/airflow/example_dags/example_latest_only_with_trigger.py
[2024-03-19T18:48:10.581+0000] {processor.py:830} INFO - Processing file /home/airflow/.local/lib/python3.8/site-packages/airflow/example_dags/example_latest_only_with_trigger.py for tasks to queue
[2024-03-19T18:48:10.581+0000] {logging_mixin.py:188} INFO - [2024-03-19T18:48:10.581+0000] {dagbag.py:540} INFO - Filling up the DagBag from /home/airflow/.local/lib/python3.8/site-packages/airflow/example_dags/example_latest_only_with_trigger.py
[2024-03-19T18:48:10.586+0000] {processor.py:840} INFO - DAG(s) 'latest_only_with_trigger' retrieved from /home/airflow/.local/lib/python3.8/site-packages/airflow/example_dags/example_latest_only_with_trigger.py
[2024-03-19T18:48:10.595+0000] {logging_mixin.py:188} INFO - [2024-03-19T18:48:10.595+0000] {dag.py:3047} INFO - Sync 1 DAGs
[2024-03-19T18:48:10.611+0000] {logging_mixin.py:188} INFO - [2024-03-19T18:48:10.610+0000] {dag.py:3834} INFO - Setting next_dagrun for latest_only_with_trigger to 2024-03-19 12:00:00+00:00, run_after=2024-03-19 16:00:00+00:00
[2024-03-19T18:48:10.620+0000] {processor.py:183} INFO - Processing /home/airflow/.local/lib/python3.8/site-packages/airflow/example_dags/example_latest_only_with_trigger.py took 0.042 seconds
[2024-03-19T18:48:40.857+0000] {processor.py:161} INFO - Started process (PID=438) to work on /home/airflow/.local/lib/python3.8/site-packages/airflow/example_dags/example_latest_only_with_trigger.py
[2024-03-19T18:48:40.857+0000] {processor.py:830} INFO - Processing file /home/airflow/.local/lib/python3.8/site-packages/airflow/example_dags/example_latest_only_with_trigger.py for tasks to queue
[2024-03-19T18:48:40.858+0000] {logging_mixin.py:188} INFO - [2024-03-19T18:48:40.858+0000] {dagbag.py:540} INFO - Filling up the DagBag from /home/airflow/.local/lib/python3.8/site-packages/airflow/example_dags/example_latest_only_with_trigger.py
[2024-03-19T18:48:40.861+0000] {processor.py:840} INFO - DAG(s) 'latest_only_with_trigger' retrieved from /home/airflow/.local/lib/python3.8/site-packages/airflow/example_dags/example_latest_only_with_trigger.py
[2024-03-19T18:48:40.905+0000] {logging_mixin.py:188} INFO - [2024-03-19T18:48:40.905+0000] {dag.py:3047} INFO - Sync 1 DAGs
[2024-03-19T18:48:40.913+0000] {logging_mixin.py:188} INFO - [2024-03-19T18:48:40.913+0000] {dag.py:3834} INFO - Setting next_dagrun for latest_only_with_trigger to 2024-03-19 12:00:00+00:00, run_after=2024-03-19 16:00:00+00:00
[2024-03-19T18:48:40.920+0000] {processor.py:183} INFO - Processing /home/airflow/.local/lib/python3.8/site-packages/airflow/example_dags/example_latest_only_with_trigger.py took 0.065 seconds
[2024-03-19T18:49:11.430+0000] {processor.py:161} INFO - Started process (PID=685) to work on /home/airflow/.local/lib/python3.8/site-packages/airflow/example_dags/example_latest_only_with_trigger.py
[2024-03-19T18:49:11.430+0000] {processor.py:830} INFO - Processing file /home/airflow/.local/lib/python3.8/site-packages/airflow/example_dags/example_latest_only_with_trigger.py for tasks to queue
[2024-03-19T18:49:11.431+0000] {logging_mixin.py:188} INFO - [2024-03-19T18:49:11.431+0000] {dagbag.py:540} INFO - Filling up the DagBag from /home/airflow/.local/lib/python3.8/site-packages/airflow/example_dags/example_latest_only_with_trigger.py
[2024-03-19T18:49:11.434+0000] {processor.py:840} INFO - DAG(s) 'latest_only_with_trigger' retrieved from /home/airflow/.local/lib/python3.8/site-packages/airflow/example_dags/example_latest_only_with_trigger.py
[2024-03-19T18:49:11.443+0000] {logging_mixin.py:188} INFO - [2024-03-19T18:49:11.443+0000] {dag.py:3047} INFO - Sync 1 DAGs
[2024-03-19T18:49:11.452+0000] {logging_mixin.py:188} INFO - [2024-03-19T18:49:11.452+0000] {dag.py:3834} INFO - Setting next_dagrun for latest_only_with_trigger to 2024-03-19 12:00:00+00:00, run_after=2024-03-19 16:00:00+00:00
[2024-03-19T18:49:11.459+0000] {processor.py:183} INFO - Processing /home/airflow/.local/lib/python3.8/site-packages/airflow/example_dags/example_latest_only_with_trigger.py took 0.031 seconds
[2024-03-19T18:49:41.961+0000] {processor.py:161} INFO - Started process (PID=932) to work on /home/airflow/.local/lib/python3.8/site-packages/airflow/example_dags/example_latest_only_with_trigger.py
[2024-03-19T18:49:41.962+0000] {processor.py:830} INFO - Processing file /home/airflow/.local/lib/python3.8/site-packages/airflow/example_dags/example_latest_only_with_trigger.py for tasks to queue
[2024-03-19T18:49:41.962+0000] {logging_mixin.py:188} INFO - [2024-03-19T18:49:41.962+0000] {dagbag.py:540} INFO - Filling up the DagBag from /home/airflow/.local/lib/python3.8/site-packages/airflow/example_dags/example_latest_only_with_trigger.py
[2024-03-19T18:49:41.965+0000] {processor.py:840} INFO - DAG(s) 'latest_only_with_trigger' retrieved from /home/airflow/.local/lib/python3.8/site-packages/airflow/example_dags/example_latest_only_with_trigger.py
[2024-03-19T18:49:41.976+0000] {logging_mixin.py:188} INFO - [2024-03-19T18:49:41.976+0000] {dag.py:3047} INFO - Sync 1 DAGs
[2024-03-19T18:49:41.986+0000] {logging_mixin.py:188} INFO - [2024-03-19T18:49:41.986+0000] {dag.py:3834} INFO - Setting next_dagrun for latest_only_with_trigger to 2024-03-19 12:00:00+00:00, run_after=2024-03-19 16:00:00+00:00
[2024-03-19T18:49:41.993+0000] {processor.py:183} INFO - Processing /home/airflow/.local/lib/python3.8/site-packages/airflow/example_dags/example_latest_only_with_trigger.py took 0.034 seconds
[2024-03-19T18:50:12.480+0000] {processor.py:161} INFO - Started process (PID=1179) to work on /home/airflow/.local/lib/python3.8/site-packages/airflow/example_dags/example_latest_only_with_trigger.py
[2024-03-19T18:50:12.481+0000] {processor.py:830} INFO - Processing file /home/airflow/.local/lib/python3.8/site-packages/airflow/example_dags/example_latest_only_with_trigger.py for tasks to queue
[2024-03-19T18:50:12.481+0000] {logging_mixin.py:188} INFO - [2024-03-19T18:50:12.481+0000] {dagbag.py:540} INFO - Filling up the DagBag from /home/airflow/.local/lib/python3.8/site-packages/airflow/example_dags/example_latest_only_with_trigger.py
[2024-03-19T18:50:12.484+0000] {processor.py:840} INFO - DAG(s) 'latest_only_with_trigger' retrieved from /home/airflow/.local/lib/python3.8/site-packages/airflow/example_dags/example_latest_only_with_trigger.py
[2024-03-19T18:50:12.494+0000] {logging_mixin.py:188} INFO - [2024-03-19T18:50:12.494+0000] {dag.py:3047} INFO - Sync 1 DAGs
[2024-03-19T18:50:12.503+0000] {logging_mixin.py:188} INFO - [2024-03-19T18:50:12.503+0000] {dag.py:3834} INFO - Setting next_dagrun for latest_only_with_trigger to 2024-03-19 12:00:00+00:00, run_after=2024-03-19 16:00:00+00:00
[2024-03-19T18:50:12.510+0000] {processor.py:183} INFO - Processing /home/airflow/.local/lib/python3.8/site-packages/airflow/example_dags/example_latest_only_with_trigger.py took 0.032 seconds
[2024-03-19T18:50:43.086+0000] {processor.py:161} INFO - Started process (PID=1452) to work on /home/airflow/.local/lib/python3.8/site-packages/airflow/example_dags/example_latest_only_with_trigger.py
[2024-03-19T18:50:43.087+0000] {processor.py:830} INFO - Processing file /home/airflow/.local/lib/python3.8/site-packages/airflow/example_dags/example_latest_only_with_trigger.py for tasks to queue
[2024-03-19T18:50:43.087+0000] {logging_mixin.py:188} INFO - [2024-03-19T18:50:43.087+0000] {dagbag.py:540} INFO - Filling up the DagBag from /home/airflow/.local/lib/python3.8/site-packages/airflow/example_dags/example_latest_only_with_trigger.py
[2024-03-19T18:50:43.090+0000] {processor.py:840} INFO - DAG(s) 'latest_only_with_trigger' retrieved from /home/airflow/.local/lib/python3.8/site-packages/airflow/example_dags/example_latest_only_with_trigger.py
[2024-03-19T18:50:43.099+0000] {logging_mixin.py:188} INFO - [2024-03-19T18:50:43.098+0000] {dag.py:3047} INFO - Sync 1 DAGs
[2024-03-19T18:50:43.107+0000] {logging_mixin.py:188} INFO - [2024-03-19T18:50:43.107+0000] {dag.py:3834} INFO - Setting next_dagrun for latest_only_with_trigger to 2024-03-19 12:00:00+00:00, run_after=2024-03-19 16:00:00+00:00
[2024-03-19T18:50:43.113+0000] {processor.py:183} INFO - Processing /home/airflow/.local/lib/python3.8/site-packages/airflow/example_dags/example_latest_only_with_trigger.py took 0.029 seconds
[2024-03-19T18:51:13.913+0000] {processor.py:161} INFO - Started process (PID=1697) to work on /home/airflow/.local/lib/python3.8/site-packages/airflow/example_dags/example_latest_only_with_trigger.py
[2024-03-19T18:51:13.914+0000] {processor.py:830} INFO - Processing file /home/airflow/.local/lib/python3.8/site-packages/airflow/example_dags/example_latest_only_with_trigger.py for tasks to queue
[2024-03-19T18:51:13.914+0000] {logging_mixin.py:188} INFO - [2024-03-19T18:51:13.914+0000] {dagbag.py:540} INFO - Filling up the DagBag from /home/airflow/.local/lib/python3.8/site-packages/airflow/example_dags/example_latest_only_with_trigger.py
[2024-03-19T18:51:13.917+0000] {processor.py:840} INFO - DAG(s) 'latest_only_with_trigger' retrieved from /home/airflow/.local/lib/python3.8/site-packages/airflow/example_dags/example_latest_only_with_trigger.py
[2024-03-19T18:51:13.926+0000] {logging_mixin.py:188} INFO - [2024-03-19T18:51:13.926+0000] {dag.py:3047} INFO - Sync 1 DAGs
[2024-03-19T18:51:13.935+0000] {logging_mixin.py:188} INFO - [2024-03-19T18:51:13.935+0000] {dag.py:3834} INFO - Setting next_dagrun for latest_only_with_trigger to 2024-03-19 12:00:00+00:00, run_after=2024-03-19 16:00:00+00:00
[2024-03-19T18:51:13.943+0000] {processor.py:183} INFO - Processing /home/airflow/.local/lib/python3.8/site-packages/airflow/example_dags/example_latest_only_with_trigger.py took 0.031 seconds
[2024-03-19T18:51:44.285+0000] {processor.py:161} INFO - Started process (PID=1944) to work on /home/airflow/.local/lib/python3.8/site-packages/airflow/example_dags/example_latest_only_with_trigger.py
[2024-03-19T18:51:44.286+0000] {processor.py:830} INFO - Processing file /home/airflow/.local/lib/python3.8/site-packages/airflow/example_dags/example_latest_only_with_trigger.py for tasks to queue
[2024-03-19T18:51:44.286+0000] {logging_mixin.py:188} INFO - [2024-03-19T18:51:44.286+0000] {dagbag.py:540} INFO - Filling up the DagBag from /home/airflow/.local/lib/python3.8/site-packages/airflow/example_dags/example_latest_only_with_trigger.py
[2024-03-19T18:51:44.289+0000] {processor.py:840} INFO - DAG(s) 'latest_only_with_trigger' retrieved from /home/airflow/.local/lib/python3.8/site-packages/airflow/example_dags/example_latest_only_with_trigger.py
[2024-03-19T18:51:44.298+0000] {logging_mixin.py:188} INFO - [2024-03-19T18:51:44.298+0000] {dag.py:3047} INFO - Sync 1 DAGs
[2024-03-19T18:51:44.307+0000] {logging_mixin.py:188} INFO - [2024-03-19T18:51:44.307+0000] {dag.py:3834} INFO - Setting next_dagrun for latest_only_with_trigger to 2024-03-19 12:00:00+00:00, run_after=2024-03-19 16:00:00+00:00
[2024-03-19T18:51:44.315+0000] {processor.py:183} INFO - Processing /home/airflow/.local/lib/python3.8/site-packages/airflow/example_dags/example_latest_only_with_trigger.py took 0.031 seconds
[2024-03-19T18:52:14.664+0000] {processor.py:161} INFO - Started process (PID=2190) to work on /home/airflow/.local/lib/python3.8/site-packages/airflow/example_dags/example_latest_only_with_trigger.py
[2024-03-19T18:52:14.665+0000] {processor.py:830} INFO - Processing file /home/airflow/.local/lib/python3.8/site-packages/airflow/example_dags/example_latest_only_with_trigger.py for tasks to queue
[2024-03-19T18:52:14.665+0000] {logging_mixin.py:188} INFO - [2024-03-19T18:52:14.665+0000] {dagbag.py:540} INFO - Filling up the DagBag from /home/airflow/.local/lib/python3.8/site-packages/airflow/example_dags/example_latest_only_with_trigger.py
[2024-03-19T18:52:14.668+0000] {processor.py:840} INFO - DAG(s) 'latest_only_with_trigger' retrieved from /home/airflow/.local/lib/python3.8/site-packages/airflow/example_dags/example_latest_only_with_trigger.py
[2024-03-19T18:52:14.677+0000] {logging_mixin.py:188} INFO - [2024-03-19T18:52:14.677+0000] {dag.py:3047} INFO - Sync 1 DAGs
[2024-03-19T18:52:14.687+0000] {logging_mixin.py:188} INFO - [2024-03-19T18:52:14.687+0000] {dag.py:3834} INFO - Setting next_dagrun for latest_only_with_trigger to 2024-03-19 12:00:00+00:00, run_after=2024-03-19 16:00:00+00:00
[2024-03-19T18:52:14.695+0000] {processor.py:183} INFO - Processing /home/airflow/.local/lib/python3.8/site-packages/airflow/example_dags/example_latest_only_with_trigger.py took 0.032 seconds
[2024-03-19T18:52:45.087+0000] {processor.py:161} INFO - Started process (PID=2437) to work on /home/airflow/.local/lib/python3.8/site-packages/airflow/example_dags/example_latest_only_with_trigger.py
[2024-03-19T18:52:45.088+0000] {processor.py:830} INFO - Processing file /home/airflow/.local/lib/python3.8/site-packages/airflow/example_dags/example_latest_only_with_trigger.py for tasks to queue
[2024-03-19T18:52:45.088+0000] {logging_mixin.py:188} INFO - [2024-03-19T18:52:45.088+0000] {dagbag.py:540} INFO - Filling up the DagBag from /home/airflow/.local/lib/python3.8/site-packages/airflow/example_dags/example_latest_only_with_trigger.py
[2024-03-19T18:52:45.091+0000] {processor.py:840} INFO - DAG(s) 'latest_only_with_trigger' retrieved from /home/airflow/.local/lib/python3.8/site-packages/airflow/example_dags/example_latest_only_with_trigger.py
[2024-03-19T18:52:45.100+0000] {logging_mixin.py:188} INFO - [2024-03-19T18:52:45.100+0000] {dag.py:3047} INFO - Sync 1 DAGs
[2024-03-19T18:52:45.110+0000] {logging_mixin.py:188} INFO - [2024-03-19T18:52:45.110+0000] {dag.py:3834} INFO - Setting next_dagrun for latest_only_with_trigger to 2024-03-19 12:00:00+00:00, run_after=2024-03-19 16:00:00+00:00
[2024-03-19T18:52:45.117+0000] {processor.py:183} INFO - Processing /home/airflow/.local/lib/python3.8/site-packages/airflow/example_dags/example_latest_only_with_trigger.py took 0.031 seconds
[2024-03-19T18:53:15.588+0000] {processor.py:161} INFO - Started process (PID=2684) to work on /home/airflow/.local/lib/python3.8/site-packages/airflow/example_dags/example_latest_only_with_trigger.py
[2024-03-19T18:53:15.588+0000] {processor.py:830} INFO - Processing file /home/airflow/.local/lib/python3.8/site-packages/airflow/example_dags/example_latest_only_with_trigger.py for tasks to queue
[2024-03-19T18:53:15.589+0000] {logging_mixin.py:188} INFO - [2024-03-19T18:53:15.588+0000] {dagbag.py:540} INFO - Filling up the DagBag from /home/airflow/.local/lib/python3.8/site-packages/airflow/example_dags/example_latest_only_with_trigger.py
[2024-03-19T18:53:15.591+0000] {processor.py:840} INFO - DAG(s) 'latest_only_with_trigger' retrieved from /home/airflow/.local/lib/python3.8/site-packages/airflow/example_dags/example_latest_only_with_trigger.py
[2024-03-19T18:53:15.601+0000] {logging_mixin.py:188} INFO - [2024-03-19T18:53:15.601+0000] {dag.py:3047} INFO - Sync 1 DAGs
[2024-03-19T18:53:15.610+0000] {logging_mixin.py:188} INFO - [2024-03-19T18:53:15.610+0000] {dag.py:3834} INFO - Setting next_dagrun for latest_only_with_trigger to 2024-03-19 12:00:00+00:00, run_after=2024-03-19 16:00:00+00:00
[2024-03-19T18:53:15.617+0000] {processor.py:183} INFO - Processing /home/airflow/.local/lib/python3.8/site-packages/airflow/example_dags/example_latest_only_with_trigger.py took 0.032 seconds
[2024-03-19T18:53:46.131+0000] {processor.py:161} INFO - Started process (PID=2931) to work on /home/airflow/.local/lib/python3.8/site-packages/airflow/example_dags/example_latest_only_with_trigger.py
[2024-03-19T18:53:46.131+0000] {processor.py:830} INFO - Processing file /home/airflow/.local/lib/python3.8/site-packages/airflow/example_dags/example_latest_only_with_trigger.py for tasks to queue
[2024-03-19T18:53:46.132+0000] {logging_mixin.py:188} INFO - [2024-03-19T18:53:46.131+0000] {dagbag.py:540} INFO - Filling up the DagBag from /home/airflow/.local/lib/python3.8/site-packages/airflow/example_dags/example_latest_only_with_trigger.py
[2024-03-19T18:53:46.135+0000] {processor.py:840} INFO - DAG(s) 'latest_only_with_trigger' retrieved from /home/airflow/.local/lib/python3.8/site-packages/airflow/example_dags/example_latest_only_with_trigger.py
[2024-03-19T18:53:46.147+0000] {logging_mixin.py:188} INFO - [2024-03-19T18:53:46.147+0000] {dag.py:3047} INFO - Sync 1 DAGs
[2024-03-19T18:53:46.157+0000] {logging_mixin.py:188} INFO - [2024-03-19T18:53:46.157+0000] {dag.py:3834} INFO - Setting next_dagrun for latest_only_with_trigger to 2024-03-19 12:00:00+00:00, run_after=2024-03-19 16:00:00+00:00
[2024-03-19T18:53:46.164+0000] {processor.py:183} INFO - Processing /home/airflow/.local/lib/python3.8/site-packages/airflow/example_dags/example_latest_only_with_trigger.py took 0.036 seconds
[2024-03-19T18:54:16.826+0000] {processor.py:161} INFO - Started process (PID=3179) to work on /home/airflow/.local/lib/python3.8/site-packages/airflow/example_dags/example_latest_only_with_trigger.py
[2024-03-19T18:54:16.827+0000] {processor.py:830} INFO - Processing file /home/airflow/.local/lib/python3.8/site-packages/airflow/example_dags/example_latest_only_with_trigger.py for tasks to queue
[2024-03-19T18:54:16.827+0000] {logging_mixin.py:188} INFO - [2024-03-19T18:54:16.827+0000] {dagbag.py:540} INFO - Filling up the DagBag from /home/airflow/.local/lib/python3.8/site-packages/airflow/example_dags/example_latest_only_with_trigger.py
[2024-03-19T18:54:16.830+0000] {processor.py:840} INFO - DAG(s) 'latest_only_with_trigger' retrieved from /home/airflow/.local/lib/python3.8/site-packages/airflow/example_dags/example_latest_only_with_trigger.py
[2024-03-19T18:54:16.840+0000] {logging_mixin.py:188} INFO - [2024-03-19T18:54:16.840+0000] {dag.py:3047} INFO - Sync 1 DAGs
[2024-03-19T18:54:16.851+0000] {logging_mixin.py:188} INFO - [2024-03-19T18:54:16.851+0000] {dag.py:3834} INFO - Setting next_dagrun for latest_only_with_trigger to 2024-03-19 12:00:00+00:00, run_after=2024-03-19 16:00:00+00:00
[2024-03-19T18:54:16.860+0000] {processor.py:183} INFO - Processing /home/airflow/.local/lib/python3.8/site-packages/airflow/example_dags/example_latest_only_with_trigger.py took 0.036 seconds
[2024-03-19T18:54:47.319+0000] {processor.py:161} INFO - Started process (PID=3425) to work on /home/airflow/.local/lib/python3.8/site-packages/airflow/example_dags/example_latest_only_with_trigger.py
[2024-03-19T18:54:47.319+0000] {processor.py:830} INFO - Processing file /home/airflow/.local/lib/python3.8/site-packages/airflow/example_dags/example_latest_only_with_trigger.py for tasks to queue
[2024-03-19T18:54:47.320+0000] {logging_mixin.py:188} INFO - [2024-03-19T18:54:47.320+0000] {dagbag.py:540} INFO - Filling up the DagBag from /home/airflow/.local/lib/python3.8/site-packages/airflow/example_dags/example_latest_only_with_trigger.py
[2024-03-19T18:54:47.323+0000] {processor.py:840} INFO - DAG(s) 'latest_only_with_trigger' retrieved from /home/airflow/.local/lib/python3.8/site-packages/airflow/example_dags/example_latest_only_with_trigger.py
[2024-03-19T18:54:47.332+0000] {logging_mixin.py:188} INFO - [2024-03-19T18:54:47.332+0000] {dag.py:3047} INFO - Sync 1 DAGs
[2024-03-19T18:54:47.343+0000] {logging_mixin.py:188} INFO - [2024-03-19T18:54:47.342+0000] {dag.py:3834} INFO - Setting next_dagrun for latest_only_with_trigger to 2024-03-19 12:00:00+00:00, run_after=2024-03-19 16:00:00+00:00
[2024-03-19T18:54:47.352+0000] {processor.py:183} INFO - Processing /home/airflow/.local/lib/python3.8/site-packages/airflow/example_dags/example_latest_only_with_trigger.py took 0.035 seconds
[2024-03-19T18:55:17.758+0000] {processor.py:161} INFO - Started process (PID=3672) to work on /home/airflow/.local/lib/python3.8/site-packages/airflow/example_dags/example_latest_only_with_trigger.py
[2024-03-19T18:55:17.759+0000] {processor.py:830} INFO - Processing file /home/airflow/.local/lib/python3.8/site-packages/airflow/example_dags/example_latest_only_with_trigger.py for tasks to queue
[2024-03-19T18:55:17.759+0000] {logging_mixin.py:188} INFO - [2024-03-19T18:55:17.759+0000] {dagbag.py:540} INFO - Filling up the DagBag from /home/airflow/.local/lib/python3.8/site-packages/airflow/example_dags/example_latest_only_with_trigger.py
[2024-03-19T18:55:17.763+0000] {processor.py:840} INFO - DAG(s) 'latest_only_with_trigger' retrieved from /home/airflow/.local/lib/python3.8/site-packages/airflow/example_dags/example_latest_only_with_trigger.py
[2024-03-19T18:55:17.773+0000] {logging_mixin.py:188} INFO - [2024-03-19T18:55:17.773+0000] {dag.py:3047} INFO - Sync 1 DAGs
[2024-03-19T18:55:17.783+0000] {logging_mixin.py:188} INFO - [2024-03-19T18:55:17.783+0000] {dag.py:3834} INFO - Setting next_dagrun for latest_only_with_trigger to 2024-03-19 12:00:00+00:00, run_after=2024-03-19 16:00:00+00:00
[2024-03-19T18:55:17.790+0000] {processor.py:183} INFO - Processing /home/airflow/.local/lib/python3.8/site-packages/airflow/example_dags/example_latest_only_with_trigger.py took 0.034 seconds
[2024-03-19T18:55:48.237+0000] {processor.py:161} INFO - Started process (PID=3919) to work on /home/airflow/.local/lib/python3.8/site-packages/airflow/example_dags/example_latest_only_with_trigger.py
[2024-03-19T18:55:48.238+0000] {processor.py:830} INFO - Processing file /home/airflow/.local/lib/python3.8/site-packages/airflow/example_dags/example_latest_only_with_trigger.py for tasks to queue
[2024-03-19T18:55:48.239+0000] {logging_mixin.py:188} INFO - [2024-03-19T18:55:48.239+0000] {dagbag.py:540} INFO - Filling up the DagBag from /home/airflow/.local/lib/python3.8/site-packages/airflow/example_dags/example_latest_only_with_trigger.py
[2024-03-19T18:55:48.242+0000] {processor.py:840} INFO - DAG(s) 'latest_only_with_trigger' retrieved from /home/airflow/.local/lib/python3.8/site-packages/airflow/example_dags/example_latest_only_with_trigger.py
[2024-03-19T18:55:48.251+0000] {logging_mixin.py:188} INFO - [2024-03-19T18:55:48.251+0000] {dag.py:3047} INFO - Sync 1 DAGs
[2024-03-19T18:55:48.263+0000] {logging_mixin.py:188} INFO - [2024-03-19T18:55:48.263+0000] {dag.py:3834} INFO - Setting next_dagrun for latest_only_with_trigger to 2024-03-19 12:00:00+00:00, run_after=2024-03-19 16:00:00+00:00
[2024-03-19T18:55:48.270+0000] {processor.py:183} INFO - Processing /home/airflow/.local/lib/python3.8/site-packages/airflow/example_dags/example_latest_only_with_trigger.py took 0.034 seconds
[2024-03-19T18:56:18.748+0000] {processor.py:161} INFO - Started process (PID=4166) to work on /home/airflow/.local/lib/python3.8/site-packages/airflow/example_dags/example_latest_only_with_trigger.py
[2024-03-19T18:56:18.748+0000] {processor.py:830} INFO - Processing file /home/airflow/.local/lib/python3.8/site-packages/airflow/example_dags/example_latest_only_with_trigger.py for tasks to queue
[2024-03-19T18:56:18.749+0000] {logging_mixin.py:188} INFO - [2024-03-19T18:56:18.749+0000] {dagbag.py:540} INFO - Filling up the DagBag from /home/airflow/.local/lib/python3.8/site-packages/airflow/example_dags/example_latest_only_with_trigger.py
[2024-03-19T18:56:18.752+0000] {processor.py:840} INFO - DAG(s) 'latest_only_with_trigger' retrieved from /home/airflow/.local/lib/python3.8/site-packages/airflow/example_dags/example_latest_only_with_trigger.py
[2024-03-19T18:56:18.761+0000] {logging_mixin.py:188} INFO - [2024-03-19T18:56:18.761+0000] {dag.py:3047} INFO - Sync 1 DAGs
[2024-03-19T18:56:18.771+0000] {logging_mixin.py:188} INFO - [2024-03-19T18:56:18.771+0000] {dag.py:3834} INFO - Setting next_dagrun for latest_only_with_trigger to 2024-03-19 12:00:00+00:00, run_after=2024-03-19 16:00:00+00:00
[2024-03-19T18:56:18.777+0000] {processor.py:183} INFO - Processing /home/airflow/.local/lib/python3.8/site-packages/airflow/example_dags/example_latest_only_with_trigger.py took 0.031 seconds
[2024-03-19T18:56:49.237+0000] {processor.py:161} INFO - Started process (PID=4414) to work on /home/airflow/.local/lib/python3.8/site-packages/airflow/example_dags/example_latest_only_with_trigger.py
[2024-03-19T18:56:49.238+0000] {processor.py:830} INFO - Processing file /home/airflow/.local/lib/python3.8/site-packages/airflow/example_dags/example_latest_only_with_trigger.py for tasks to queue
[2024-03-19T18:56:49.238+0000] {logging_mixin.py:188} INFO - [2024-03-19T18:56:49.238+0000] {dagbag.py:540} INFO - Filling up the DagBag from /home/airflow/.local/lib/python3.8/site-packages/airflow/example_dags/example_latest_only_with_trigger.py
[2024-03-19T18:56:49.241+0000] {processor.py:840} INFO - DAG(s) 'latest_only_with_trigger' retrieved from /home/airflow/.local/lib/python3.8/site-packages/airflow/example_dags/example_latest_only_with_trigger.py
[2024-03-19T18:56:49.251+0000] {logging_mixin.py:188} INFO - [2024-03-19T18:56:49.250+0000] {dag.py:3047} INFO - Sync 1 DAGs
[2024-03-19T18:56:49.260+0000] {logging_mixin.py:188} INFO - [2024-03-19T18:56:49.260+0000] {dag.py:3834} INFO - Setting next_dagrun for latest_only_with_trigger to 2024-03-19 12:00:00+00:00, run_after=2024-03-19 16:00:00+00:00
[2024-03-19T18:56:49.267+0000] {processor.py:183} INFO - Processing /home/airflow/.local/lib/python3.8/site-packages/airflow/example_dags/example_latest_only_with_trigger.py took 0.031 seconds
[2024-03-19T18:57:19.747+0000] {processor.py:161} INFO - Started process (PID=4661) to work on /home/airflow/.local/lib/python3.8/site-packages/airflow/example_dags/example_latest_only_with_trigger.py
[2024-03-19T18:57:19.748+0000] {processor.py:830} INFO - Processing file /home/airflow/.local/lib/python3.8/site-packages/airflow/example_dags/example_latest_only_with_trigger.py for tasks to queue
[2024-03-19T18:57:19.748+0000] {logging_mixin.py:188} INFO - [2024-03-19T18:57:19.748+0000] {dagbag.py:540} INFO - Filling up the DagBag from /home/airflow/.local/lib/python3.8/site-packages/airflow/example_dags/example_latest_only_with_trigger.py
[2024-03-19T18:57:19.753+0000] {processor.py:840} INFO - DAG(s) 'latest_only_with_trigger' retrieved from /home/airflow/.local/lib/python3.8/site-packages/airflow/example_dags/example_latest_only_with_trigger.py
[2024-03-19T18:57:19.763+0000] {logging_mixin.py:188} INFO - [2024-03-19T18:57:19.763+0000] {dag.py:3047} INFO - Sync 1 DAGs
[2024-03-19T18:57:19.771+0000] {logging_mixin.py:188} INFO - [2024-03-19T18:57:19.771+0000] {dag.py:3834} INFO - Setting next_dagrun for latest_only_with_trigger to 2024-03-19 12:00:00+00:00, run_after=2024-03-19 16:00:00+00:00
[2024-03-19T18:57:19.779+0000] {processor.py:183} INFO - Processing /home/airflow/.local/lib/python3.8/site-packages/airflow/example_dags/example_latest_only_with_trigger.py took 0.034 seconds
[2024-03-19T18:57:50.270+0000] {processor.py:161} INFO - Started process (PID=4906) to work on /home/airflow/.local/lib/python3.8/site-packages/airflow/example_dags/example_latest_only_with_trigger.py
[2024-03-19T18:57:50.270+0000] {processor.py:830} INFO - Processing file /home/airflow/.local/lib/python3.8/site-packages/airflow/example_dags/example_latest_only_with_trigger.py for tasks to queue
[2024-03-19T18:57:50.271+0000] {logging_mixin.py:188} INFO - [2024-03-19T18:57:50.271+0000] {dagbag.py:540} INFO - Filling up the DagBag from /home/airflow/.local/lib/python3.8/site-packages/airflow/example_dags/example_latest_only_with_trigger.py
[2024-03-19T18:57:50.274+0000] {processor.py:840} INFO - DAG(s) 'latest_only_with_trigger' retrieved from /home/airflow/.local/lib/python3.8/site-packages/airflow/example_dags/example_latest_only_with_trigger.py
[2024-03-19T18:57:50.286+0000] {logging_mixin.py:188} INFO - [2024-03-19T18:57:50.286+0000] {dag.py:3047} INFO - Sync 1 DAGs
[2024-03-19T18:57:50.296+0000] {logging_mixin.py:188} INFO - [2024-03-19T18:57:50.296+0000] {dag.py:3834} INFO - Setting next_dagrun for latest_only_with_trigger to 2024-03-19 12:00:00+00:00, run_after=2024-03-19 16:00:00+00:00
[2024-03-19T18:57:50.304+0000] {processor.py:183} INFO - Processing /home/airflow/.local/lib/python3.8/site-packages/airflow/example_dags/example_latest_only_with_trigger.py took 0.036 seconds
[2024-03-19T18:58:20.811+0000] {processor.py:161} INFO - Started process (PID=5153) to work on /home/airflow/.local/lib/python3.8/site-packages/airflow/example_dags/example_latest_only_with_trigger.py
[2024-03-19T18:58:20.812+0000] {processor.py:830} INFO - Processing file /home/airflow/.local/lib/python3.8/site-packages/airflow/example_dags/example_latest_only_with_trigger.py for tasks to queue
[2024-03-19T18:58:20.812+0000] {logging_mixin.py:188} INFO - [2024-03-19T18:58:20.812+0000] {dagbag.py:540} INFO - Filling up the DagBag from /home/airflow/.local/lib/python3.8/site-packages/airflow/example_dags/example_latest_only_with_trigger.py
[2024-03-19T18:58:20.816+0000] {processor.py:840} INFO - DAG(s) 'latest_only_with_trigger' retrieved from /home/airflow/.local/lib/python3.8/site-packages/airflow/example_dags/example_latest_only_with_trigger.py
[2024-03-19T18:58:20.826+0000] {logging_mixin.py:188} INFO - [2024-03-19T18:58:20.826+0000] {dag.py:3047} INFO - Sync 1 DAGs
[2024-03-19T18:58:20.839+0000] {logging_mixin.py:188} INFO - [2024-03-19T18:58:20.839+0000] {dag.py:3834} INFO - Setting next_dagrun for latest_only_with_trigger to 2024-03-19 12:00:00+00:00, run_after=2024-03-19 16:00:00+00:00
[2024-03-19T18:58:20.851+0000] {processor.py:183} INFO - Processing /home/airflow/.local/lib/python3.8/site-packages/airflow/example_dags/example_latest_only_with_trigger.py took 0.042 seconds
[2024-03-19T18:58:51.360+0000] {processor.py:161} INFO - Started process (PID=5400) to work on /home/airflow/.local/lib/python3.8/site-packages/airflow/example_dags/example_latest_only_with_trigger.py
[2024-03-19T18:58:51.360+0000] {processor.py:830} INFO - Processing file /home/airflow/.local/lib/python3.8/site-packages/airflow/example_dags/example_latest_only_with_trigger.py for tasks to queue
[2024-03-19T18:58:51.361+0000] {logging_mixin.py:188} INFO - [2024-03-19T18:58:51.361+0000] {dagbag.py:540} INFO - Filling up the DagBag from /home/airflow/.local/lib/python3.8/site-packages/airflow/example_dags/example_latest_only_with_trigger.py
[2024-03-19T18:58:51.364+0000] {processor.py:840} INFO - DAG(s) 'latest_only_with_trigger' retrieved from /home/airflow/.local/lib/python3.8/site-packages/airflow/example_dags/example_latest_only_with_trigger.py
[2024-03-19T18:58:51.373+0000] {logging_mixin.py:188} INFO - [2024-03-19T18:58:51.373+0000] {dag.py:3047} INFO - Sync 1 DAGs
[2024-03-19T18:58:51.383+0000] {logging_mixin.py:188} INFO - [2024-03-19T18:58:51.383+0000] {dag.py:3834} INFO - Setting next_dagrun for latest_only_with_trigger to 2024-03-19 12:00:00+00:00, run_after=2024-03-19 16:00:00+00:00
[2024-03-19T18:58:51.390+0000] {processor.py:183} INFO - Processing /home/airflow/.local/lib/python3.8/site-packages/airflow/example_dags/example_latest_only_with_trigger.py took 0.031 seconds
[2024-03-19T18:59:22.004+0000] {processor.py:161} INFO - Started process (PID=5647) to work on /home/airflow/.local/lib/python3.8/site-packages/airflow/example_dags/example_latest_only_with_trigger.py
[2024-03-19T18:59:22.005+0000] {processor.py:830} INFO - Processing file /home/airflow/.local/lib/python3.8/site-packages/airflow/example_dags/example_latest_only_with_trigger.py for tasks to queue
[2024-03-19T18:59:22.005+0000] {logging_mixin.py:188} INFO - [2024-03-19T18:59:22.005+0000] {dagbag.py:540} INFO - Filling up the DagBag from /home/airflow/.local/lib/python3.8/site-packages/airflow/example_dags/example_latest_only_with_trigger.py
[2024-03-19T18:59:22.008+0000] {processor.py:840} INFO - DAG(s) 'latest_only_with_trigger' retrieved from /home/airflow/.local/lib/python3.8/site-packages/airflow/example_dags/example_latest_only_with_trigger.py
[2024-03-19T18:59:22.018+0000] {logging_mixin.py:188} INFO - [2024-03-19T18:59:22.018+0000] {dag.py:3047} INFO - Sync 1 DAGs
[2024-03-19T18:59:22.027+0000] {logging_mixin.py:188} INFO - [2024-03-19T18:59:22.027+0000] {dag.py:3834} INFO - Setting next_dagrun for latest_only_with_trigger to 2024-03-19 12:00:00+00:00, run_after=2024-03-19 16:00:00+00:00
[2024-03-19T18:59:22.034+0000] {processor.py:183} INFO - Processing /home/airflow/.local/lib/python3.8/site-packages/airflow/example_dags/example_latest_only_with_trigger.py took 0.032 seconds
[2024-03-19T18:59:52.507+0000] {processor.py:161} INFO - Started process (PID=5893) to work on /home/airflow/.local/lib/python3.8/site-packages/airflow/example_dags/example_latest_only_with_trigger.py
[2024-03-19T18:59:52.508+0000] {processor.py:830} INFO - Processing file /home/airflow/.local/lib/python3.8/site-packages/airflow/example_dags/example_latest_only_with_trigger.py for tasks to queue
[2024-03-19T18:59:52.508+0000] {logging_mixin.py:188} INFO - [2024-03-19T18:59:52.508+0000] {dagbag.py:540} INFO - Filling up the DagBag from /home/airflow/.local/lib/python3.8/site-packages/airflow/example_dags/example_latest_only_with_trigger.py
[2024-03-19T18:59:52.512+0000] {processor.py:840} INFO - DAG(s) 'latest_only_with_trigger' retrieved from /home/airflow/.local/lib/python3.8/site-packages/airflow/example_dags/example_latest_only_with_trigger.py
[2024-03-19T18:59:52.521+0000] {logging_mixin.py:188} INFO - [2024-03-19T18:59:52.521+0000] {dag.py:3047} INFO - Sync 1 DAGs
[2024-03-19T18:59:52.531+0000] {logging_mixin.py:188} INFO - [2024-03-19T18:59:52.531+0000] {dag.py:3834} INFO - Setting next_dagrun for latest_only_with_trigger to 2024-03-19 12:00:00+00:00, run_after=2024-03-19 16:00:00+00:00
[2024-03-19T18:59:52.538+0000] {processor.py:183} INFO - Processing /home/airflow/.local/lib/python3.8/site-packages/airflow/example_dags/example_latest_only_with_trigger.py took 0.032 seconds
[2024-03-19T19:00:23.134+0000] {processor.py:161} INFO - Started process (PID=6140) to work on /home/airflow/.local/lib/python3.8/site-packages/airflow/example_dags/example_latest_only_with_trigger.py
[2024-03-19T19:00:23.135+0000] {processor.py:830} INFO - Processing file /home/airflow/.local/lib/python3.8/site-packages/airflow/example_dags/example_latest_only_with_trigger.py for tasks to queue
[2024-03-19T19:00:23.135+0000] {logging_mixin.py:188} INFO - [2024-03-19T19:00:23.135+0000] {dagbag.py:540} INFO - Filling up the DagBag from /home/airflow/.local/lib/python3.8/site-packages/airflow/example_dags/example_latest_only_with_trigger.py
[2024-03-19T19:00:23.139+0000] {processor.py:840} INFO - DAG(s) 'latest_only_with_trigger' retrieved from /home/airflow/.local/lib/python3.8/site-packages/airflow/example_dags/example_latest_only_with_trigger.py
[2024-03-19T19:00:23.148+0000] {logging_mixin.py:188} INFO - [2024-03-19T19:00:23.148+0000] {dag.py:3047} INFO - Sync 1 DAGs
[2024-03-19T19:00:23.158+0000] {logging_mixin.py:188} INFO - [2024-03-19T19:00:23.157+0000] {dag.py:3834} INFO - Setting next_dagrun for latest_only_with_trigger to 2024-03-19 12:00:00+00:00, run_after=2024-03-19 16:00:00+00:00
[2024-03-19T19:00:23.165+0000] {processor.py:183} INFO - Processing /home/airflow/.local/lib/python3.8/site-packages/airflow/example_dags/example_latest_only_with_trigger.py took 0.032 seconds
[2024-03-19T19:00:53.610+0000] {processor.py:161} INFO - Started process (PID=6387) to work on /home/airflow/.local/lib/python3.8/site-packages/airflow/example_dags/example_latest_only_with_trigger.py
[2024-03-19T19:00:53.611+0000] {processor.py:830} INFO - Processing file /home/airflow/.local/lib/python3.8/site-packages/airflow/example_dags/example_latest_only_with_trigger.py for tasks to queue
[2024-03-19T19:00:53.611+0000] {logging_mixin.py:188} INFO - [2024-03-19T19:00:53.611+0000] {dagbag.py:540} INFO - Filling up the DagBag from /home/airflow/.local/lib/python3.8/site-packages/airflow/example_dags/example_latest_only_with_trigger.py
[2024-03-19T19:00:53.615+0000] {processor.py:840} INFO - DAG(s) 'latest_only_with_trigger' retrieved from /home/airflow/.local/lib/python3.8/site-packages/airflow/example_dags/example_latest_only_with_trigger.py
[2024-03-19T19:00:53.624+0000] {logging_mixin.py:188} INFO - [2024-03-19T19:00:53.624+0000] {dag.py:3047} INFO - Sync 1 DAGs
[2024-03-19T19:00:53.633+0000] {logging_mixin.py:188} INFO - [2024-03-19T19:00:53.633+0000] {dag.py:3834} INFO - Setting next_dagrun for latest_only_with_trigger to 2024-03-19 12:00:00+00:00, run_after=2024-03-19 16:00:00+00:00
[2024-03-19T19:00:53.640+0000] {processor.py:183} INFO - Processing /home/airflow/.local/lib/python3.8/site-packages/airflow/example_dags/example_latest_only_with_trigger.py took 0.031 seconds
[2024-03-19T19:01:24.134+0000] {processor.py:161} INFO - Started process (PID=6634) to work on /home/airflow/.local/lib/python3.8/site-packages/airflow/example_dags/example_latest_only_with_trigger.py
[2024-03-19T19:01:24.135+0000] {processor.py:830} INFO - Processing file /home/airflow/.local/lib/python3.8/site-packages/airflow/example_dags/example_latest_only_with_trigger.py for tasks to queue
[2024-03-19T19:01:24.136+0000] {logging_mixin.py:188} INFO - [2024-03-19T19:01:24.135+0000] {dagbag.py:540} INFO - Filling up the DagBag from /home/airflow/.local/lib/python3.8/site-packages/airflow/example_dags/example_latest_only_with_trigger.py
[2024-03-19T19:01:24.138+0000] {processor.py:840} INFO - DAG(s) 'latest_only_with_trigger' retrieved from /home/airflow/.local/lib/python3.8/site-packages/airflow/example_dags/example_latest_only_with_trigger.py
[2024-03-19T19:01:24.148+0000] {logging_mixin.py:188} INFO - [2024-03-19T19:01:24.147+0000] {dag.py:3047} INFO - Sync 1 DAGs
[2024-03-19T19:01:24.156+0000] {logging_mixin.py:188} INFO - [2024-03-19T19:01:24.156+0000] {dag.py:3834} INFO - Setting next_dagrun for latest_only_with_trigger to 2024-03-19 12:00:00+00:00, run_after=2024-03-19 16:00:00+00:00
[2024-03-19T19:01:24.163+0000] {processor.py:183} INFO - Processing /home/airflow/.local/lib/python3.8/site-packages/airflow/example_dags/example_latest_only_with_trigger.py took 0.030 seconds
[2024-03-19T19:01:54.572+0000] {processor.py:161} INFO - Started process (PID=6881) to work on /home/airflow/.local/lib/python3.8/site-packages/airflow/example_dags/example_latest_only_with_trigger.py
[2024-03-19T19:01:54.572+0000] {processor.py:830} INFO - Processing file /home/airflow/.local/lib/python3.8/site-packages/airflow/example_dags/example_latest_only_with_trigger.py for tasks to queue
[2024-03-19T19:01:54.573+0000] {logging_mixin.py:188} INFO - [2024-03-19T19:01:54.573+0000] {dagbag.py:540} INFO - Filling up the DagBag from /home/airflow/.local/lib/python3.8/site-packages/airflow/example_dags/example_latest_only_with_trigger.py
[2024-03-19T19:01:54.576+0000] {processor.py:840} INFO - DAG(s) 'latest_only_with_trigger' retrieved from /home/airflow/.local/lib/python3.8/site-packages/airflow/example_dags/example_latest_only_with_trigger.py
[2024-03-19T19:01:54.585+0000] {logging_mixin.py:188} INFO - [2024-03-19T19:01:54.585+0000] {dag.py:3047} INFO - Sync 1 DAGs
[2024-03-19T19:01:54.595+0000] {logging_mixin.py:188} INFO - [2024-03-19T19:01:54.595+0000] {dag.py:3834} INFO - Setting next_dagrun for latest_only_with_trigger to 2024-03-19 12:00:00+00:00, run_after=2024-03-19 16:00:00+00:00
[2024-03-19T19:01:54.602+0000] {processor.py:183} INFO - Processing /home/airflow/.local/lib/python3.8/site-packages/airflow/example_dags/example_latest_only_with_trigger.py took 0.032 seconds
[2024-03-19T19:02:25.076+0000] {processor.py:161} INFO - Started process (PID=7127) to work on /home/airflow/.local/lib/python3.8/site-packages/airflow/example_dags/example_latest_only_with_trigger.py
[2024-03-19T19:02:25.077+0000] {processor.py:830} INFO - Processing file /home/airflow/.local/lib/python3.8/site-packages/airflow/example_dags/example_latest_only_with_trigger.py for tasks to queue
[2024-03-19T19:02:25.077+0000] {logging_mixin.py:188} INFO - [2024-03-19T19:02:25.077+0000] {dagbag.py:540} INFO - Filling up the DagBag from /home/airflow/.local/lib/python3.8/site-packages/airflow/example_dags/example_latest_only_with_trigger.py
[2024-03-19T19:02:25.081+0000] {processor.py:840} INFO - DAG(s) 'latest_only_with_trigger' retrieved from /home/airflow/.local/lib/python3.8/site-packages/airflow/example_dags/example_latest_only_with_trigger.py
[2024-03-19T19:02:25.090+0000] {logging_mixin.py:188} INFO - [2024-03-19T19:02:25.090+0000] {dag.py:3047} INFO - Sync 1 DAGs
[2024-03-19T19:02:25.099+0000] {logging_mixin.py:188} INFO - [2024-03-19T19:02:25.099+0000] {dag.py:3834} INFO - Setting next_dagrun for latest_only_with_trigger to 2024-03-19 12:00:00+00:00, run_after=2024-03-19 16:00:00+00:00
[2024-03-19T19:02:25.107+0000] {processor.py:183} INFO - Processing /home/airflow/.local/lib/python3.8/site-packages/airflow/example_dags/example_latest_only_with_trigger.py took 0.033 seconds
[2024-03-19T19:02:55.566+0000] {processor.py:161} INFO - Started process (PID=7374) to work on /home/airflow/.local/lib/python3.8/site-packages/airflow/example_dags/example_latest_only_with_trigger.py
[2024-03-19T19:02:55.566+0000] {processor.py:830} INFO - Processing file /home/airflow/.local/lib/python3.8/site-packages/airflow/example_dags/example_latest_only_with_trigger.py for tasks to queue
[2024-03-19T19:02:55.567+0000] {logging_mixin.py:188} INFO - [2024-03-19T19:02:55.566+0000] {dagbag.py:540} INFO - Filling up the DagBag from /home/airflow/.local/lib/python3.8/site-packages/airflow/example_dags/example_latest_only_with_trigger.py
[2024-03-19T19:02:55.569+0000] {processor.py:840} INFO - DAG(s) 'latest_only_with_trigger' retrieved from /home/airflow/.local/lib/python3.8/site-packages/airflow/example_dags/example_latest_only_with_trigger.py
[2024-03-19T19:02:55.577+0000] {logging_mixin.py:188} INFO - [2024-03-19T19:02:55.577+0000] {dag.py:3047} INFO - Sync 1 DAGs
[2024-03-19T19:02:55.586+0000] {logging_mixin.py:188} INFO - [2024-03-19T19:02:55.586+0000] {dag.py:3834} INFO - Setting next_dagrun for latest_only_with_trigger to 2024-03-19 12:00:00+00:00, run_after=2024-03-19 16:00:00+00:00
[2024-03-19T19:02:55.593+0000] {processor.py:183} INFO - Processing /home/airflow/.local/lib/python3.8/site-packages/airflow/example_dags/example_latest_only_with_trigger.py took 0.029 seconds
[2024-03-19T19:03:26.024+0000] {processor.py:161} INFO - Started process (PID=7621) to work on /home/airflow/.local/lib/python3.8/site-packages/airflow/example_dags/example_latest_only_with_trigger.py
[2024-03-19T19:03:26.025+0000] {processor.py:830} INFO - Processing file /home/airflow/.local/lib/python3.8/site-packages/airflow/example_dags/example_latest_only_with_trigger.py for tasks to queue
[2024-03-19T19:03:26.025+0000] {logging_mixin.py:188} INFO - [2024-03-19T19:03:26.025+0000] {dagbag.py:540} INFO - Filling up the DagBag from /home/airflow/.local/lib/python3.8/site-packages/airflow/example_dags/example_latest_only_with_trigger.py
[2024-03-19T19:03:26.028+0000] {processor.py:840} INFO - DAG(s) 'latest_only_with_trigger' retrieved from /home/airflow/.local/lib/python3.8/site-packages/airflow/example_dags/example_latest_only_with_trigger.py
[2024-03-19T19:03:26.037+0000] {logging_mixin.py:188} INFO - [2024-03-19T19:03:26.037+0000] {dag.py:3047} INFO - Sync 1 DAGs
[2024-03-19T19:03:26.046+0000] {logging_mixin.py:188} INFO - [2024-03-19T19:03:26.046+0000] {dag.py:3834} INFO - Setting next_dagrun for latest_only_with_trigger to 2024-03-19 12:00:00+00:00, run_after=2024-03-19 16:00:00+00:00
[2024-03-19T19:03:26.054+0000] {processor.py:183} INFO - Processing /home/airflow/.local/lib/python3.8/site-packages/airflow/example_dags/example_latest_only_with_trigger.py took 0.031 seconds
[2024-03-19T19:03:56.602+0000] {processor.py:161} INFO - Started process (PID=7868) to work on /home/airflow/.local/lib/python3.8/site-packages/airflow/example_dags/example_latest_only_with_trigger.py
[2024-03-19T19:03:56.603+0000] {processor.py:830} INFO - Processing file /home/airflow/.local/lib/python3.8/site-packages/airflow/example_dags/example_latest_only_with_trigger.py for tasks to queue
[2024-03-19T19:03:56.603+0000] {logging_mixin.py:188} INFO - [2024-03-19T19:03:56.603+0000] {dagbag.py:540} INFO - Filling up the DagBag from /home/airflow/.local/lib/python3.8/site-packages/airflow/example_dags/example_latest_only_with_trigger.py
[2024-03-19T19:03:56.606+0000] {processor.py:840} INFO - DAG(s) 'latest_only_with_trigger' retrieved from /home/airflow/.local/lib/python3.8/site-packages/airflow/example_dags/example_latest_only_with_trigger.py
[2024-03-19T19:03:56.615+0000] {logging_mixin.py:188} INFO - [2024-03-19T19:03:56.615+0000] {dag.py:3047} INFO - Sync 1 DAGs
[2024-03-19T19:03:56.624+0000] {logging_mixin.py:188} INFO - [2024-03-19T19:03:56.624+0000] {dag.py:3834} INFO - Setting next_dagrun for latest_only_with_trigger to 2024-03-19 12:00:00+00:00, run_after=2024-03-19 16:00:00+00:00
[2024-03-19T19:03:56.631+0000] {processor.py:183} INFO - Processing /home/airflow/.local/lib/python3.8/site-packages/airflow/example_dags/example_latest_only_with_trigger.py took 0.030 seconds
[2024-03-19T19:04:27.143+0000] {processor.py:161} INFO - Started process (PID=8115) to work on /home/airflow/.local/lib/python3.8/site-packages/airflow/example_dags/example_latest_only_with_trigger.py
[2024-03-19T19:04:27.144+0000] {processor.py:830} INFO - Processing file /home/airflow/.local/lib/python3.8/site-packages/airflow/example_dags/example_latest_only_with_trigger.py for tasks to queue
[2024-03-19T19:04:27.144+0000] {logging_mixin.py:188} INFO - [2024-03-19T19:04:27.144+0000] {dagbag.py:540} INFO - Filling up the DagBag from /home/airflow/.local/lib/python3.8/site-packages/airflow/example_dags/example_latest_only_with_trigger.py
[2024-03-19T19:04:27.147+0000] {processor.py:840} INFO - DAG(s) 'latest_only_with_trigger' retrieved from /home/airflow/.local/lib/python3.8/site-packages/airflow/example_dags/example_latest_only_with_trigger.py
[2024-03-19T19:04:27.157+0000] {logging_mixin.py:188} INFO - [2024-03-19T19:04:27.156+0000] {dag.py:3047} INFO - Sync 1 DAGs
[2024-03-19T19:04:27.165+0000] {logging_mixin.py:188} INFO - [2024-03-19T19:04:27.165+0000] {dag.py:3834} INFO - Setting next_dagrun for latest_only_with_trigger to 2024-03-19 12:00:00+00:00, run_after=2024-03-19 16:00:00+00:00
[2024-03-19T19:04:27.172+0000] {processor.py:183} INFO - Processing /home/airflow/.local/lib/python3.8/site-packages/airflow/example_dags/example_latest_only_with_trigger.py took 0.031 seconds
[2024-03-19T19:04:57.684+0000] {processor.py:161} INFO - Started process (PID=8364) to work on /home/airflow/.local/lib/python3.8/site-packages/airflow/example_dags/example_latest_only_with_trigger.py
[2024-03-19T19:04:57.685+0000] {processor.py:830} INFO - Processing file /home/airflow/.local/lib/python3.8/site-packages/airflow/example_dags/example_latest_only_with_trigger.py for tasks to queue
[2024-03-19T19:04:57.685+0000] {logging_mixin.py:188} INFO - [2024-03-19T19:04:57.685+0000] {dagbag.py:540} INFO - Filling up the DagBag from /home/airflow/.local/lib/python3.8/site-packages/airflow/example_dags/example_latest_only_with_trigger.py
[2024-03-19T19:04:57.688+0000] {processor.py:840} INFO - DAG(s) 'latest_only_with_trigger' retrieved from /home/airflow/.local/lib/python3.8/site-packages/airflow/example_dags/example_latest_only_with_trigger.py
[2024-03-19T19:04:57.696+0000] {logging_mixin.py:188} INFO - [2024-03-19T19:04:57.696+0000] {dag.py:3047} INFO - Sync 1 DAGs
[2024-03-19T19:04:57.705+0000] {logging_mixin.py:188} INFO - [2024-03-19T19:04:57.705+0000] {dag.py:3834} INFO - Setting next_dagrun for latest_only_with_trigger to 2024-03-19 12:00:00+00:00, run_after=2024-03-19 16:00:00+00:00
[2024-03-19T19:04:57.711+0000] {processor.py:183} INFO - Processing /home/airflow/.local/lib/python3.8/site-packages/airflow/example_dags/example_latest_only_with_trigger.py took 0.029 seconds
[2024-03-19T19:05:28.168+0000] {processor.py:161} INFO - Started process (PID=8609) to work on /home/airflow/.local/lib/python3.8/site-packages/airflow/example_dags/example_latest_only_with_trigger.py
[2024-03-19T19:05:28.168+0000] {processor.py:830} INFO - Processing file /home/airflow/.local/lib/python3.8/site-packages/airflow/example_dags/example_latest_only_with_trigger.py for tasks to queue
[2024-03-19T19:05:28.169+0000] {logging_mixin.py:188} INFO - [2024-03-19T19:05:28.169+0000] {dagbag.py:540} INFO - Filling up the DagBag from /home/airflow/.local/lib/python3.8/site-packages/airflow/example_dags/example_latest_only_with_trigger.py
[2024-03-19T19:05:28.172+0000] {processor.py:840} INFO - DAG(s) 'latest_only_with_trigger' retrieved from /home/airflow/.local/lib/python3.8/site-packages/airflow/example_dags/example_latest_only_with_trigger.py
[2024-03-19T19:05:28.180+0000] {logging_mixin.py:188} INFO - [2024-03-19T19:05:28.180+0000] {dag.py:3047} INFO - Sync 1 DAGs
[2024-03-19T19:05:28.190+0000] {logging_mixin.py:188} INFO - [2024-03-19T19:05:28.190+0000] {dag.py:3834} INFO - Setting next_dagrun for latest_only_with_trigger to 2024-03-19 12:00:00+00:00, run_after=2024-03-19 16:00:00+00:00
[2024-03-19T19:05:28.197+0000] {processor.py:183} INFO - Processing /home/airflow/.local/lib/python3.8/site-packages/airflow/example_dags/example_latest_only_with_trigger.py took 0.031 seconds
[2024-03-19T19:05:58.732+0000] {processor.py:161} INFO - Started process (PID=8856) to work on /home/airflow/.local/lib/python3.8/site-packages/airflow/example_dags/example_latest_only_with_trigger.py
[2024-03-19T19:05:58.733+0000] {processor.py:830} INFO - Processing file /home/airflow/.local/lib/python3.8/site-packages/airflow/example_dags/example_latest_only_with_trigger.py for tasks to queue
[2024-03-19T19:05:58.733+0000] {logging_mixin.py:188} INFO - [2024-03-19T19:05:58.733+0000] {dagbag.py:540} INFO - Filling up the DagBag from /home/airflow/.local/lib/python3.8/site-packages/airflow/example_dags/example_latest_only_with_trigger.py
[2024-03-19T19:05:58.736+0000] {processor.py:840} INFO - DAG(s) 'latest_only_with_trigger' retrieved from /home/airflow/.local/lib/python3.8/site-packages/airflow/example_dags/example_latest_only_with_trigger.py
[2024-03-19T19:05:58.745+0000] {logging_mixin.py:188} INFO - [2024-03-19T19:05:58.745+0000] {dag.py:3047} INFO - Sync 1 DAGs
[2024-03-19T19:05:58.754+0000] {logging_mixin.py:188} INFO - [2024-03-19T19:05:58.754+0000] {dag.py:3834} INFO - Setting next_dagrun for latest_only_with_trigger to 2024-03-19 12:00:00+00:00, run_after=2024-03-19 16:00:00+00:00
[2024-03-19T19:05:58.761+0000] {processor.py:183} INFO - Processing /home/airflow/.local/lib/python3.8/site-packages/airflow/example_dags/example_latest_only_with_trigger.py took 0.030 seconds
