[2024-03-19T18:48:11.085+0000] {processor.py:161} INFO - Started process (PID=281) to work on /home/airflow/.local/lib/python3.8/site-packages/airflow/example_dags/example_task_group_decorator.py
[2024-03-19T18:48:11.086+0000] {processor.py:830} INFO - Processing file /home/airflow/.local/lib/python3.8/site-packages/airflow/example_dags/example_task_group_decorator.py for tasks to queue
[2024-03-19T18:48:11.087+0000] {logging_mixin.py:188} INFO - [2024-03-19T18:48:11.086+0000] {dagbag.py:540} INFO - Filling up the DagBag from /home/airflow/.local/lib/python3.8/site-packages/airflow/example_dags/example_task_group_decorator.py
[2024-03-19T18:48:11.095+0000] {processor.py:840} INFO - DAG(s) 'example_task_group_decorator' retrieved from /home/airflow/.local/lib/python3.8/site-packages/airflow/example_dags/example_task_group_decorator.py
[2024-03-19T18:48:11.101+0000] {logging_mixin.py:188} INFO - [2024-03-19T18:48:11.101+0000] {dag.py:3047} INFO - Sync 1 DAGs
[2024-03-19T18:48:11.111+0000] {logging_mixin.py:188} INFO - [2024-03-19T18:48:11.111+0000] {dag.py:3834} INFO - Setting next_dagrun for example_task_group_decorator to 2024-03-18 00:00:00+00:00, run_after=2024-03-19 00:00:00+00:00
[2024-03-19T18:48:11.118+0000] {processor.py:183} INFO - Processing /home/airflow/.local/lib/python3.8/site-packages/airflow/example_dags/example_task_group_decorator.py took 0.035 seconds
[2024-03-19T18:48:41.859+0000] {processor.py:161} INFO - Started process (PID=528) to work on /home/airflow/.local/lib/python3.8/site-packages/airflow/example_dags/example_task_group_decorator.py
[2024-03-19T18:48:41.860+0000] {processor.py:830} INFO - Processing file /home/airflow/.local/lib/python3.8/site-packages/airflow/example_dags/example_task_group_decorator.py for tasks to queue
[2024-03-19T18:48:41.860+0000] {logging_mixin.py:188} INFO - [2024-03-19T18:48:41.860+0000] {dagbag.py:540} INFO - Filling up the DagBag from /home/airflow/.local/lib/python3.8/site-packages/airflow/example_dags/example_task_group_decorator.py
[2024-03-19T18:48:41.867+0000] {processor.py:840} INFO - DAG(s) 'example_task_group_decorator' retrieved from /home/airflow/.local/lib/python3.8/site-packages/airflow/example_dags/example_task_group_decorator.py
[2024-03-19T18:48:41.910+0000] {logging_mixin.py:188} INFO - [2024-03-19T18:48:41.910+0000] {dag.py:3047} INFO - Sync 1 DAGs
[2024-03-19T18:48:41.918+0000] {logging_mixin.py:188} INFO - [2024-03-19T18:48:41.918+0000] {dag.py:3834} INFO - Setting next_dagrun for example_task_group_decorator to 2024-03-18 00:00:00+00:00, run_after=2024-03-19 00:00:00+00:00
[2024-03-19T18:48:41.925+0000] {processor.py:183} INFO - Processing /home/airflow/.local/lib/python3.8/site-packages/airflow/example_dags/example_task_group_decorator.py took 0.067 seconds
[2024-03-19T18:49:12.871+0000] {processor.py:161} INFO - Started process (PID=775) to work on /home/airflow/.local/lib/python3.8/site-packages/airflow/example_dags/example_task_group_decorator.py
[2024-03-19T18:49:12.871+0000] {processor.py:830} INFO - Processing file /home/airflow/.local/lib/python3.8/site-packages/airflow/example_dags/example_task_group_decorator.py for tasks to queue
[2024-03-19T18:49:12.872+0000] {logging_mixin.py:188} INFO - [2024-03-19T18:49:12.872+0000] {dagbag.py:540} INFO - Filling up the DagBag from /home/airflow/.local/lib/python3.8/site-packages/airflow/example_dags/example_task_group_decorator.py
[2024-03-19T18:49:12.878+0000] {processor.py:840} INFO - DAG(s) 'example_task_group_decorator' retrieved from /home/airflow/.local/lib/python3.8/site-packages/airflow/example_dags/example_task_group_decorator.py
[2024-03-19T18:49:12.888+0000] {logging_mixin.py:188} INFO - [2024-03-19T18:49:12.888+0000] {dag.py:3047} INFO - Sync 1 DAGs
[2024-03-19T18:49:12.897+0000] {logging_mixin.py:188} INFO - [2024-03-19T18:49:12.896+0000] {dag.py:3834} INFO - Setting next_dagrun for example_task_group_decorator to 2024-03-18 00:00:00+00:00, run_after=2024-03-19 00:00:00+00:00
[2024-03-19T18:49:12.904+0000] {processor.py:183} INFO - Processing /home/airflow/.local/lib/python3.8/site-packages/airflow/example_dags/example_task_group_decorator.py took 0.034 seconds
[2024-03-19T18:49:43.340+0000] {processor.py:161} INFO - Started process (PID=1022) to work on /home/airflow/.local/lib/python3.8/site-packages/airflow/example_dags/example_task_group_decorator.py
[2024-03-19T18:49:43.341+0000] {processor.py:830} INFO - Processing file /home/airflow/.local/lib/python3.8/site-packages/airflow/example_dags/example_task_group_decorator.py for tasks to queue
[2024-03-19T18:49:43.341+0000] {logging_mixin.py:188} INFO - [2024-03-19T18:49:43.341+0000] {dagbag.py:540} INFO - Filling up the DagBag from /home/airflow/.local/lib/python3.8/site-packages/airflow/example_dags/example_task_group_decorator.py
[2024-03-19T18:49:43.348+0000] {processor.py:840} INFO - DAG(s) 'example_task_group_decorator' retrieved from /home/airflow/.local/lib/python3.8/site-packages/airflow/example_dags/example_task_group_decorator.py
[2024-03-19T18:49:43.358+0000] {logging_mixin.py:188} INFO - [2024-03-19T18:49:43.358+0000] {dag.py:3047} INFO - Sync 1 DAGs
[2024-03-19T18:49:43.366+0000] {logging_mixin.py:188} INFO - [2024-03-19T18:49:43.366+0000] {dag.py:3834} INFO - Setting next_dagrun for example_task_group_decorator to 2024-03-18 00:00:00+00:00, run_after=2024-03-19 00:00:00+00:00
[2024-03-19T18:49:43.373+0000] {processor.py:183} INFO - Processing /home/airflow/.local/lib/python3.8/site-packages/airflow/example_dags/example_task_group_decorator.py took 0.034 seconds
[2024-03-19T18:50:13.935+0000] {processor.py:161} INFO - Started process (PID=1269) to work on /home/airflow/.local/lib/python3.8/site-packages/airflow/example_dags/example_task_group_decorator.py
[2024-03-19T18:50:13.936+0000] {processor.py:830} INFO - Processing file /home/airflow/.local/lib/python3.8/site-packages/airflow/example_dags/example_task_group_decorator.py for tasks to queue
[2024-03-19T18:50:13.936+0000] {logging_mixin.py:188} INFO - [2024-03-19T18:50:13.936+0000] {dagbag.py:540} INFO - Filling up the DagBag from /home/airflow/.local/lib/python3.8/site-packages/airflow/example_dags/example_task_group_decorator.py
[2024-03-19T18:50:13.943+0000] {processor.py:840} INFO - DAG(s) 'example_task_group_decorator' retrieved from /home/airflow/.local/lib/python3.8/site-packages/airflow/example_dags/example_task_group_decorator.py
[2024-03-19T18:50:13.953+0000] {logging_mixin.py:188} INFO - [2024-03-19T18:50:13.953+0000] {dag.py:3047} INFO - Sync 1 DAGs
[2024-03-19T18:50:13.962+0000] {logging_mixin.py:188} INFO - [2024-03-19T18:50:13.962+0000] {dag.py:3834} INFO - Setting next_dagrun for example_task_group_decorator to 2024-03-18 00:00:00+00:00, run_after=2024-03-19 00:00:00+00:00
[2024-03-19T18:50:13.970+0000] {processor.py:183} INFO - Processing /home/airflow/.local/lib/python3.8/site-packages/airflow/example_dags/example_task_group_decorator.py took 0.036 seconds
[2024-03-19T18:50:44.574+0000] {processor.py:161} INFO - Started process (PID=1542) to work on /home/airflow/.local/lib/python3.8/site-packages/airflow/example_dags/example_task_group_decorator.py
[2024-03-19T18:50:44.575+0000] {processor.py:830} INFO - Processing file /home/airflow/.local/lib/python3.8/site-packages/airflow/example_dags/example_task_group_decorator.py for tasks to queue
[2024-03-19T18:50:44.575+0000] {logging_mixin.py:188} INFO - [2024-03-19T18:50:44.575+0000] {dagbag.py:540} INFO - Filling up the DagBag from /home/airflow/.local/lib/python3.8/site-packages/airflow/example_dags/example_task_group_decorator.py
[2024-03-19T18:50:44.584+0000] {processor.py:840} INFO - DAG(s) 'example_task_group_decorator' retrieved from /home/airflow/.local/lib/python3.8/site-packages/airflow/example_dags/example_task_group_decorator.py
[2024-03-19T18:50:44.607+0000] {logging_mixin.py:188} INFO - [2024-03-19T18:50:44.607+0000] {dag.py:3047} INFO - Sync 1 DAGs
[2024-03-19T18:50:44.618+0000] {logging_mixin.py:188} INFO - [2024-03-19T18:50:44.618+0000] {dag.py:3834} INFO - Setting next_dagrun for example_task_group_decorator to 2024-03-18 00:00:00+00:00, run_after=2024-03-19 00:00:00+00:00
[2024-03-19T18:50:44.625+0000] {processor.py:183} INFO - Processing /home/airflow/.local/lib/python3.8/site-packages/airflow/example_dags/example_task_group_decorator.py took 0.054 seconds
[2024-03-19T18:51:15.301+0000] {processor.py:161} INFO - Started process (PID=1787) to work on /home/airflow/.local/lib/python3.8/site-packages/airflow/example_dags/example_task_group_decorator.py
[2024-03-19T18:51:15.302+0000] {processor.py:830} INFO - Processing file /home/airflow/.local/lib/python3.8/site-packages/airflow/example_dags/example_task_group_decorator.py for tasks to queue
[2024-03-19T18:51:15.302+0000] {logging_mixin.py:188} INFO - [2024-03-19T18:51:15.302+0000] {dagbag.py:540} INFO - Filling up the DagBag from /home/airflow/.local/lib/python3.8/site-packages/airflow/example_dags/example_task_group_decorator.py
[2024-03-19T18:51:15.309+0000] {processor.py:840} INFO - DAG(s) 'example_task_group_decorator' retrieved from /home/airflow/.local/lib/python3.8/site-packages/airflow/example_dags/example_task_group_decorator.py
[2024-03-19T18:51:15.319+0000] {logging_mixin.py:188} INFO - [2024-03-19T18:51:15.319+0000] {dag.py:3047} INFO - Sync 1 DAGs
[2024-03-19T18:51:15.327+0000] {logging_mixin.py:188} INFO - [2024-03-19T18:51:15.327+0000] {dag.py:3834} INFO - Setting next_dagrun for example_task_group_decorator to 2024-03-18 00:00:00+00:00, run_after=2024-03-19 00:00:00+00:00
[2024-03-19T18:51:15.335+0000] {processor.py:183} INFO - Processing /home/airflow/.local/lib/python3.8/site-packages/airflow/example_dags/example_task_group_decorator.py took 0.035 seconds
[2024-03-19T18:51:45.728+0000] {processor.py:161} INFO - Started process (PID=2036) to work on /home/airflow/.local/lib/python3.8/site-packages/airflow/example_dags/example_task_group_decorator.py
[2024-03-19T18:51:45.729+0000] {processor.py:830} INFO - Processing file /home/airflow/.local/lib/python3.8/site-packages/airflow/example_dags/example_task_group_decorator.py for tasks to queue
[2024-03-19T18:51:45.729+0000] {logging_mixin.py:188} INFO - [2024-03-19T18:51:45.729+0000] {dagbag.py:540} INFO - Filling up the DagBag from /home/airflow/.local/lib/python3.8/site-packages/airflow/example_dags/example_task_group_decorator.py
[2024-03-19T18:51:45.736+0000] {processor.py:840} INFO - DAG(s) 'example_task_group_decorator' retrieved from /home/airflow/.local/lib/python3.8/site-packages/airflow/example_dags/example_task_group_decorator.py
[2024-03-19T18:51:45.746+0000] {logging_mixin.py:188} INFO - [2024-03-19T18:51:45.746+0000] {dag.py:3047} INFO - Sync 1 DAGs
[2024-03-19T18:51:45.755+0000] {logging_mixin.py:188} INFO - [2024-03-19T18:51:45.755+0000] {dag.py:3834} INFO - Setting next_dagrun for example_task_group_decorator to 2024-03-18 00:00:00+00:00, run_after=2024-03-19 00:00:00+00:00
[2024-03-19T18:51:45.763+0000] {processor.py:183} INFO - Processing /home/airflow/.local/lib/python3.8/site-packages/airflow/example_dags/example_task_group_decorator.py took 0.036 seconds
[2024-03-19T18:52:16.102+0000] {processor.py:161} INFO - Started process (PID=2282) to work on /home/airflow/.local/lib/python3.8/site-packages/airflow/example_dags/example_task_group_decorator.py
[2024-03-19T18:52:16.102+0000] {processor.py:830} INFO - Processing file /home/airflow/.local/lib/python3.8/site-packages/airflow/example_dags/example_task_group_decorator.py for tasks to queue
[2024-03-19T18:52:16.103+0000] {logging_mixin.py:188} INFO - [2024-03-19T18:52:16.103+0000] {dagbag.py:540} INFO - Filling up the DagBag from /home/airflow/.local/lib/python3.8/site-packages/airflow/example_dags/example_task_group_decorator.py
[2024-03-19T18:52:16.111+0000] {processor.py:840} INFO - DAG(s) 'example_task_group_decorator' retrieved from /home/airflow/.local/lib/python3.8/site-packages/airflow/example_dags/example_task_group_decorator.py
[2024-03-19T18:52:16.123+0000] {logging_mixin.py:188} INFO - [2024-03-19T18:52:16.123+0000] {dag.py:3047} INFO - Sync 1 DAGs
[2024-03-19T18:52:16.133+0000] {logging_mixin.py:188} INFO - [2024-03-19T18:52:16.132+0000] {dag.py:3834} INFO - Setting next_dagrun for example_task_group_decorator to 2024-03-18 00:00:00+00:00, run_after=2024-03-19 00:00:00+00:00
[2024-03-19T18:52:16.140+0000] {processor.py:183} INFO - Processing /home/airflow/.local/lib/python3.8/site-packages/airflow/example_dags/example_task_group_decorator.py took 0.040 seconds
[2024-03-19T18:52:46.566+0000] {processor.py:161} INFO - Started process (PID=2529) to work on /home/airflow/.local/lib/python3.8/site-packages/airflow/example_dags/example_task_group_decorator.py
[2024-03-19T18:52:46.567+0000] {processor.py:830} INFO - Processing file /home/airflow/.local/lib/python3.8/site-packages/airflow/example_dags/example_task_group_decorator.py for tasks to queue
[2024-03-19T18:52:46.567+0000] {logging_mixin.py:188} INFO - [2024-03-19T18:52:46.567+0000] {dagbag.py:540} INFO - Filling up the DagBag from /home/airflow/.local/lib/python3.8/site-packages/airflow/example_dags/example_task_group_decorator.py
[2024-03-19T18:52:46.577+0000] {processor.py:840} INFO - DAG(s) 'example_task_group_decorator' retrieved from /home/airflow/.local/lib/python3.8/site-packages/airflow/example_dags/example_task_group_decorator.py
[2024-03-19T18:52:46.594+0000] {logging_mixin.py:188} INFO - [2024-03-19T18:52:46.594+0000] {dag.py:3047} INFO - Sync 1 DAGs
[2024-03-19T18:52:46.607+0000] {logging_mixin.py:188} INFO - [2024-03-19T18:52:46.607+0000] {dag.py:3834} INFO - Setting next_dagrun for example_task_group_decorator to 2024-03-18 00:00:00+00:00, run_after=2024-03-19 00:00:00+00:00
[2024-03-19T18:52:46.615+0000] {processor.py:183} INFO - Processing /home/airflow/.local/lib/python3.8/site-packages/airflow/example_dags/example_task_group_decorator.py took 0.050 seconds
[2024-03-19T18:53:17.039+0000] {processor.py:161} INFO - Started process (PID=2776) to work on /home/airflow/.local/lib/python3.8/site-packages/airflow/example_dags/example_task_group_decorator.py
[2024-03-19T18:53:17.040+0000] {processor.py:830} INFO - Processing file /home/airflow/.local/lib/python3.8/site-packages/airflow/example_dags/example_task_group_decorator.py for tasks to queue
[2024-03-19T18:53:17.040+0000] {logging_mixin.py:188} INFO - [2024-03-19T18:53:17.040+0000] {dagbag.py:540} INFO - Filling up the DagBag from /home/airflow/.local/lib/python3.8/site-packages/airflow/example_dags/example_task_group_decorator.py
[2024-03-19T18:53:17.047+0000] {processor.py:840} INFO - DAG(s) 'example_task_group_decorator' retrieved from /home/airflow/.local/lib/python3.8/site-packages/airflow/example_dags/example_task_group_decorator.py
[2024-03-19T18:53:17.057+0000] {logging_mixin.py:188} INFO - [2024-03-19T18:53:17.057+0000] {dag.py:3047} INFO - Sync 1 DAGs
[2024-03-19T18:53:17.066+0000] {logging_mixin.py:188} INFO - [2024-03-19T18:53:17.066+0000] {dag.py:3834} INFO - Setting next_dagrun for example_task_group_decorator to 2024-03-18 00:00:00+00:00, run_after=2024-03-19 00:00:00+00:00
[2024-03-19T18:53:17.073+0000] {processor.py:183} INFO - Processing /home/airflow/.local/lib/python3.8/site-packages/airflow/example_dags/example_task_group_decorator.py took 0.035 seconds
[2024-03-19T18:53:47.631+0000] {processor.py:161} INFO - Started process (PID=3023) to work on /home/airflow/.local/lib/python3.8/site-packages/airflow/example_dags/example_task_group_decorator.py
[2024-03-19T18:53:47.632+0000] {processor.py:830} INFO - Processing file /home/airflow/.local/lib/python3.8/site-packages/airflow/example_dags/example_task_group_decorator.py for tasks to queue
[2024-03-19T18:53:47.633+0000] {logging_mixin.py:188} INFO - [2024-03-19T18:53:47.632+0000] {dagbag.py:540} INFO - Filling up the DagBag from /home/airflow/.local/lib/python3.8/site-packages/airflow/example_dags/example_task_group_decorator.py
[2024-03-19T18:53:47.644+0000] {processor.py:840} INFO - DAG(s) 'example_task_group_decorator' retrieved from /home/airflow/.local/lib/python3.8/site-packages/airflow/example_dags/example_task_group_decorator.py
[2024-03-19T18:53:47.663+0000] {logging_mixin.py:188} INFO - [2024-03-19T18:53:47.662+0000] {dag.py:3047} INFO - Sync 1 DAGs
[2024-03-19T18:53:47.673+0000] {logging_mixin.py:188} INFO - [2024-03-19T18:53:47.673+0000] {dag.py:3834} INFO - Setting next_dagrun for example_task_group_decorator to 2024-03-18 00:00:00+00:00, run_after=2024-03-19 00:00:00+00:00
[2024-03-19T18:53:47.682+0000] {processor.py:183} INFO - Processing /home/airflow/.local/lib/python3.8/site-packages/airflow/example_dags/example_task_group_decorator.py took 0.053 seconds
[2024-03-19T18:54:18.311+0000] {processor.py:161} INFO - Started process (PID=3270) to work on /home/airflow/.local/lib/python3.8/site-packages/airflow/example_dags/example_task_group_decorator.py
[2024-03-19T18:54:18.312+0000] {processor.py:830} INFO - Processing file /home/airflow/.local/lib/python3.8/site-packages/airflow/example_dags/example_task_group_decorator.py for tasks to queue
[2024-03-19T18:54:18.312+0000] {logging_mixin.py:188} INFO - [2024-03-19T18:54:18.312+0000] {dagbag.py:540} INFO - Filling up the DagBag from /home/airflow/.local/lib/python3.8/site-packages/airflow/example_dags/example_task_group_decorator.py
[2024-03-19T18:54:18.320+0000] {processor.py:840} INFO - DAG(s) 'example_task_group_decorator' retrieved from /home/airflow/.local/lib/python3.8/site-packages/airflow/example_dags/example_task_group_decorator.py
[2024-03-19T18:54:18.331+0000] {logging_mixin.py:188} INFO - [2024-03-19T18:54:18.331+0000] {dag.py:3047} INFO - Sync 1 DAGs
[2024-03-19T18:54:18.340+0000] {logging_mixin.py:188} INFO - [2024-03-19T18:54:18.339+0000] {dag.py:3834} INFO - Setting next_dagrun for example_task_group_decorator to 2024-03-18 00:00:00+00:00, run_after=2024-03-19 00:00:00+00:00
[2024-03-19T18:54:18.347+0000] {processor.py:183} INFO - Processing /home/airflow/.local/lib/python3.8/site-packages/airflow/example_dags/example_task_group_decorator.py took 0.038 seconds
[2024-03-19T18:54:48.763+0000] {processor.py:161} INFO - Started process (PID=3517) to work on /home/airflow/.local/lib/python3.8/site-packages/airflow/example_dags/example_task_group_decorator.py
[2024-03-19T18:54:48.764+0000] {processor.py:830} INFO - Processing file /home/airflow/.local/lib/python3.8/site-packages/airflow/example_dags/example_task_group_decorator.py for tasks to queue
[2024-03-19T18:54:48.764+0000] {logging_mixin.py:188} INFO - [2024-03-19T18:54:48.764+0000] {dagbag.py:540} INFO - Filling up the DagBag from /home/airflow/.local/lib/python3.8/site-packages/airflow/example_dags/example_task_group_decorator.py
[2024-03-19T18:54:48.772+0000] {processor.py:840} INFO - DAG(s) 'example_task_group_decorator' retrieved from /home/airflow/.local/lib/python3.8/site-packages/airflow/example_dags/example_task_group_decorator.py
[2024-03-19T18:54:48.783+0000] {logging_mixin.py:188} INFO - [2024-03-19T18:54:48.783+0000] {dag.py:3047} INFO - Sync 1 DAGs
[2024-03-19T18:54:48.793+0000] {logging_mixin.py:188} INFO - [2024-03-19T18:54:48.793+0000] {dag.py:3834} INFO - Setting next_dagrun for example_task_group_decorator to 2024-03-18 00:00:00+00:00, run_after=2024-03-19 00:00:00+00:00
[2024-03-19T18:54:48.800+0000] {processor.py:183} INFO - Processing /home/airflow/.local/lib/python3.8/site-packages/airflow/example_dags/example_task_group_decorator.py took 0.039 seconds
[2024-03-19T18:55:19.143+0000] {processor.py:161} INFO - Started process (PID=3762) to work on /home/airflow/.local/lib/python3.8/site-packages/airflow/example_dags/example_task_group_decorator.py
[2024-03-19T18:55:19.143+0000] {processor.py:830} INFO - Processing file /home/airflow/.local/lib/python3.8/site-packages/airflow/example_dags/example_task_group_decorator.py for tasks to queue
[2024-03-19T18:55:19.144+0000] {logging_mixin.py:188} INFO - [2024-03-19T18:55:19.144+0000] {dagbag.py:540} INFO - Filling up the DagBag from /home/airflow/.local/lib/python3.8/site-packages/airflow/example_dags/example_task_group_decorator.py
[2024-03-19T18:55:19.152+0000] {processor.py:840} INFO - DAG(s) 'example_task_group_decorator' retrieved from /home/airflow/.local/lib/python3.8/site-packages/airflow/example_dags/example_task_group_decorator.py
[2024-03-19T18:55:19.165+0000] {logging_mixin.py:188} INFO - [2024-03-19T18:55:19.165+0000] {dag.py:3047} INFO - Sync 1 DAGs
[2024-03-19T18:55:19.177+0000] {logging_mixin.py:188} INFO - [2024-03-19T18:55:19.176+0000] {dag.py:3834} INFO - Setting next_dagrun for example_task_group_decorator to 2024-03-18 00:00:00+00:00, run_after=2024-03-19 00:00:00+00:00
[2024-03-19T18:55:19.185+0000] {processor.py:183} INFO - Processing /home/airflow/.local/lib/python3.8/site-packages/airflow/example_dags/example_task_group_decorator.py took 0.044 seconds
[2024-03-19T18:55:49.681+0000] {processor.py:161} INFO - Started process (PID=4011) to work on /home/airflow/.local/lib/python3.8/site-packages/airflow/example_dags/example_task_group_decorator.py
[2024-03-19T18:55:49.681+0000] {processor.py:830} INFO - Processing file /home/airflow/.local/lib/python3.8/site-packages/airflow/example_dags/example_task_group_decorator.py for tasks to queue
[2024-03-19T18:55:49.682+0000] {logging_mixin.py:188} INFO - [2024-03-19T18:55:49.682+0000] {dagbag.py:540} INFO - Filling up the DagBag from /home/airflow/.local/lib/python3.8/site-packages/airflow/example_dags/example_task_group_decorator.py
[2024-03-19T18:55:49.689+0000] {processor.py:840} INFO - DAG(s) 'example_task_group_decorator' retrieved from /home/airflow/.local/lib/python3.8/site-packages/airflow/example_dags/example_task_group_decorator.py
[2024-03-19T18:55:49.699+0000] {logging_mixin.py:188} INFO - [2024-03-19T18:55:49.699+0000] {dag.py:3047} INFO - Sync 1 DAGs
[2024-03-19T18:55:49.708+0000] {logging_mixin.py:188} INFO - [2024-03-19T18:55:49.708+0000] {dag.py:3834} INFO - Setting next_dagrun for example_task_group_decorator to 2024-03-18 00:00:00+00:00, run_after=2024-03-19 00:00:00+00:00
[2024-03-19T18:55:49.716+0000] {processor.py:183} INFO - Processing /home/airflow/.local/lib/python3.8/site-packages/airflow/example_dags/example_task_group_decorator.py took 0.037 seconds
[2024-03-19T18:56:20.195+0000] {processor.py:161} INFO - Started process (PID=4258) to work on /home/airflow/.local/lib/python3.8/site-packages/airflow/example_dags/example_task_group_decorator.py
[2024-03-19T18:56:20.196+0000] {processor.py:830} INFO - Processing file /home/airflow/.local/lib/python3.8/site-packages/airflow/example_dags/example_task_group_decorator.py for tasks to queue
[2024-03-19T18:56:20.196+0000] {logging_mixin.py:188} INFO - [2024-03-19T18:56:20.196+0000] {dagbag.py:540} INFO - Filling up the DagBag from /home/airflow/.local/lib/python3.8/site-packages/airflow/example_dags/example_task_group_decorator.py
[2024-03-19T18:56:20.204+0000] {processor.py:840} INFO - DAG(s) 'example_task_group_decorator' retrieved from /home/airflow/.local/lib/python3.8/site-packages/airflow/example_dags/example_task_group_decorator.py
[2024-03-19T18:56:20.215+0000] {logging_mixin.py:188} INFO - [2024-03-19T18:56:20.215+0000] {dag.py:3047} INFO - Sync 1 DAGs
[2024-03-19T18:56:20.225+0000] {logging_mixin.py:188} INFO - [2024-03-19T18:56:20.225+0000] {dag.py:3834} INFO - Setting next_dagrun for example_task_group_decorator to 2024-03-18 00:00:00+00:00, run_after=2024-03-19 00:00:00+00:00
[2024-03-19T18:56:20.233+0000] {processor.py:183} INFO - Processing /home/airflow/.local/lib/python3.8/site-packages/airflow/example_dags/example_task_group_decorator.py took 0.039 seconds
[2024-03-19T18:56:50.639+0000] {processor.py:161} INFO - Started process (PID=4502) to work on /home/airflow/.local/lib/python3.8/site-packages/airflow/example_dags/example_task_group_decorator.py
[2024-03-19T18:56:50.640+0000] {processor.py:830} INFO - Processing file /home/airflow/.local/lib/python3.8/site-packages/airflow/example_dags/example_task_group_decorator.py for tasks to queue
[2024-03-19T18:56:50.640+0000] {logging_mixin.py:188} INFO - [2024-03-19T18:56:50.640+0000] {dagbag.py:540} INFO - Filling up the DagBag from /home/airflow/.local/lib/python3.8/site-packages/airflow/example_dags/example_task_group_decorator.py
[2024-03-19T18:56:50.647+0000] {processor.py:840} INFO - DAG(s) 'example_task_group_decorator' retrieved from /home/airflow/.local/lib/python3.8/site-packages/airflow/example_dags/example_task_group_decorator.py
[2024-03-19T18:56:50.657+0000] {logging_mixin.py:188} INFO - [2024-03-19T18:56:50.657+0000] {dag.py:3047} INFO - Sync 1 DAGs
[2024-03-19T18:56:50.666+0000] {logging_mixin.py:188} INFO - [2024-03-19T18:56:50.666+0000] {dag.py:3834} INFO - Setting next_dagrun for example_task_group_decorator to 2024-03-18 00:00:00+00:00, run_after=2024-03-19 00:00:00+00:00
[2024-03-19T18:56:50.673+0000] {processor.py:183} INFO - Processing /home/airflow/.local/lib/python3.8/site-packages/airflow/example_dags/example_task_group_decorator.py took 0.035 seconds
[2024-03-19T18:57:21.222+0000] {processor.py:161} INFO - Started process (PID=4751) to work on /home/airflow/.local/lib/python3.8/site-packages/airflow/example_dags/example_task_group_decorator.py
[2024-03-19T18:57:21.223+0000] {processor.py:830} INFO - Processing file /home/airflow/.local/lib/python3.8/site-packages/airflow/example_dags/example_task_group_decorator.py for tasks to queue
[2024-03-19T18:57:21.223+0000] {logging_mixin.py:188} INFO - [2024-03-19T18:57:21.223+0000] {dagbag.py:540} INFO - Filling up the DagBag from /home/airflow/.local/lib/python3.8/site-packages/airflow/example_dags/example_task_group_decorator.py
[2024-03-19T18:57:21.230+0000] {processor.py:840} INFO - DAG(s) 'example_task_group_decorator' retrieved from /home/airflow/.local/lib/python3.8/site-packages/airflow/example_dags/example_task_group_decorator.py
[2024-03-19T18:57:21.240+0000] {logging_mixin.py:188} INFO - [2024-03-19T18:57:21.240+0000] {dag.py:3047} INFO - Sync 1 DAGs
[2024-03-19T18:57:21.250+0000] {logging_mixin.py:188} INFO - [2024-03-19T18:57:21.250+0000] {dag.py:3834} INFO - Setting next_dagrun for example_task_group_decorator to 2024-03-18 00:00:00+00:00, run_after=2024-03-19 00:00:00+00:00
[2024-03-19T18:57:21.257+0000] {processor.py:183} INFO - Processing /home/airflow/.local/lib/python3.8/site-packages/airflow/example_dags/example_task_group_decorator.py took 0.036 seconds
[2024-03-19T18:57:51.729+0000] {processor.py:161} INFO - Started process (PID=4998) to work on /home/airflow/.local/lib/python3.8/site-packages/airflow/example_dags/example_task_group_decorator.py
[2024-03-19T18:57:51.731+0000] {processor.py:830} INFO - Processing file /home/airflow/.local/lib/python3.8/site-packages/airflow/example_dags/example_task_group_decorator.py for tasks to queue
[2024-03-19T18:57:51.731+0000] {logging_mixin.py:188} INFO - [2024-03-19T18:57:51.731+0000] {dagbag.py:540} INFO - Filling up the DagBag from /home/airflow/.local/lib/python3.8/site-packages/airflow/example_dags/example_task_group_decorator.py
[2024-03-19T18:57:51.738+0000] {processor.py:840} INFO - DAG(s) 'example_task_group_decorator' retrieved from /home/airflow/.local/lib/python3.8/site-packages/airflow/example_dags/example_task_group_decorator.py
[2024-03-19T18:57:51.749+0000] {logging_mixin.py:188} INFO - [2024-03-19T18:57:51.749+0000] {dag.py:3047} INFO - Sync 1 DAGs
[2024-03-19T18:57:51.758+0000] {logging_mixin.py:188} INFO - [2024-03-19T18:57:51.758+0000] {dag.py:3834} INFO - Setting next_dagrun for example_task_group_decorator to 2024-03-18 00:00:00+00:00, run_after=2024-03-19 00:00:00+00:00
[2024-03-19T18:57:51.767+0000] {processor.py:183} INFO - Processing /home/airflow/.local/lib/python3.8/site-packages/airflow/example_dags/example_task_group_decorator.py took 0.040 seconds
[2024-03-19T18:58:22.286+0000] {processor.py:161} INFO - Started process (PID=5245) to work on /home/airflow/.local/lib/python3.8/site-packages/airflow/example_dags/example_task_group_decorator.py
[2024-03-19T18:58:22.287+0000] {processor.py:830} INFO - Processing file /home/airflow/.local/lib/python3.8/site-packages/airflow/example_dags/example_task_group_decorator.py for tasks to queue
[2024-03-19T18:58:22.288+0000] {logging_mixin.py:188} INFO - [2024-03-19T18:58:22.287+0000] {dagbag.py:540} INFO - Filling up the DagBag from /home/airflow/.local/lib/python3.8/site-packages/airflow/example_dags/example_task_group_decorator.py
[2024-03-19T18:58:22.295+0000] {processor.py:840} INFO - DAG(s) 'example_task_group_decorator' retrieved from /home/airflow/.local/lib/python3.8/site-packages/airflow/example_dags/example_task_group_decorator.py
[2024-03-19T18:58:22.306+0000] {logging_mixin.py:188} INFO - [2024-03-19T18:58:22.305+0000] {dag.py:3047} INFO - Sync 1 DAGs
[2024-03-19T18:58:22.315+0000] {logging_mixin.py:188} INFO - [2024-03-19T18:58:22.314+0000] {dag.py:3834} INFO - Setting next_dagrun for example_task_group_decorator to 2024-03-18 00:00:00+00:00, run_after=2024-03-19 00:00:00+00:00
[2024-03-19T18:58:22.321+0000] {processor.py:183} INFO - Processing /home/airflow/.local/lib/python3.8/site-packages/airflow/example_dags/example_task_group_decorator.py took 0.037 seconds
[2024-03-19T18:58:52.952+0000] {processor.py:161} INFO - Started process (PID=5492) to work on /home/airflow/.local/lib/python3.8/site-packages/airflow/example_dags/example_task_group_decorator.py
[2024-03-19T18:58:52.953+0000] {processor.py:830} INFO - Processing file /home/airflow/.local/lib/python3.8/site-packages/airflow/example_dags/example_task_group_decorator.py for tasks to queue
[2024-03-19T18:58:52.953+0000] {logging_mixin.py:188} INFO - [2024-03-19T18:58:52.953+0000] {dagbag.py:540} INFO - Filling up the DagBag from /home/airflow/.local/lib/python3.8/site-packages/airflow/example_dags/example_task_group_decorator.py
[2024-03-19T18:58:52.961+0000] {processor.py:840} INFO - DAG(s) 'example_task_group_decorator' retrieved from /home/airflow/.local/lib/python3.8/site-packages/airflow/example_dags/example_task_group_decorator.py
[2024-03-19T18:58:52.973+0000] {logging_mixin.py:188} INFO - [2024-03-19T18:58:52.973+0000] {dag.py:3047} INFO - Sync 1 DAGs
[2024-03-19T18:58:52.983+0000] {logging_mixin.py:188} INFO - [2024-03-19T18:58:52.983+0000] {dag.py:3834} INFO - Setting next_dagrun for example_task_group_decorator to 2024-03-18 00:00:00+00:00, run_after=2024-03-19 00:00:00+00:00
[2024-03-19T18:58:52.990+0000] {processor.py:183} INFO - Processing /home/airflow/.local/lib/python3.8/site-packages/airflow/example_dags/example_task_group_decorator.py took 0.039 seconds
[2024-03-19T18:59:23.462+0000] {processor.py:161} INFO - Started process (PID=5739) to work on /home/airflow/.local/lib/python3.8/site-packages/airflow/example_dags/example_task_group_decorator.py
[2024-03-19T18:59:23.462+0000] {processor.py:830} INFO - Processing file /home/airflow/.local/lib/python3.8/site-packages/airflow/example_dags/example_task_group_decorator.py for tasks to queue
[2024-03-19T18:59:23.463+0000] {logging_mixin.py:188} INFO - [2024-03-19T18:59:23.463+0000] {dagbag.py:540} INFO - Filling up the DagBag from /home/airflow/.local/lib/python3.8/site-packages/airflow/example_dags/example_task_group_decorator.py
[2024-03-19T18:59:23.470+0000] {processor.py:840} INFO - DAG(s) 'example_task_group_decorator' retrieved from /home/airflow/.local/lib/python3.8/site-packages/airflow/example_dags/example_task_group_decorator.py
[2024-03-19T18:59:23.480+0000] {logging_mixin.py:188} INFO - [2024-03-19T18:59:23.480+0000] {dag.py:3047} INFO - Sync 1 DAGs
[2024-03-19T18:59:23.489+0000] {logging_mixin.py:188} INFO - [2024-03-19T18:59:23.488+0000] {dag.py:3834} INFO - Setting next_dagrun for example_task_group_decorator to 2024-03-18 00:00:00+00:00, run_after=2024-03-19 00:00:00+00:00
[2024-03-19T18:59:23.495+0000] {processor.py:183} INFO - Processing /home/airflow/.local/lib/python3.8/site-packages/airflow/example_dags/example_task_group_decorator.py took 0.035 seconds
[2024-03-19T18:59:54.028+0000] {processor.py:161} INFO - Started process (PID=5983) to work on /home/airflow/.local/lib/python3.8/site-packages/airflow/example_dags/example_task_group_decorator.py
[2024-03-19T18:59:54.028+0000] {processor.py:830} INFO - Processing file /home/airflow/.local/lib/python3.8/site-packages/airflow/example_dags/example_task_group_decorator.py for tasks to queue
[2024-03-19T18:59:54.029+0000] {logging_mixin.py:188} INFO - [2024-03-19T18:59:54.029+0000] {dagbag.py:540} INFO - Filling up the DagBag from /home/airflow/.local/lib/python3.8/site-packages/airflow/example_dags/example_task_group_decorator.py
[2024-03-19T18:59:54.038+0000] {processor.py:840} INFO - DAG(s) 'example_task_group_decorator' retrieved from /home/airflow/.local/lib/python3.8/site-packages/airflow/example_dags/example_task_group_decorator.py
[2024-03-19T18:59:54.049+0000] {logging_mixin.py:188} INFO - [2024-03-19T18:59:54.049+0000] {dag.py:3047} INFO - Sync 1 DAGs
[2024-03-19T18:59:54.059+0000] {logging_mixin.py:188} INFO - [2024-03-19T18:59:54.059+0000] {dag.py:3834} INFO - Setting next_dagrun for example_task_group_decorator to 2024-03-18 00:00:00+00:00, run_after=2024-03-19 00:00:00+00:00
[2024-03-19T18:59:54.067+0000] {processor.py:183} INFO - Processing /home/airflow/.local/lib/python3.8/site-packages/airflow/example_dags/example_task_group_decorator.py took 0.041 seconds
[2024-03-19T19:00:24.546+0000] {processor.py:161} INFO - Started process (PID=6230) to work on /home/airflow/.local/lib/python3.8/site-packages/airflow/example_dags/example_task_group_decorator.py
[2024-03-19T19:00:24.547+0000] {processor.py:830} INFO - Processing file /home/airflow/.local/lib/python3.8/site-packages/airflow/example_dags/example_task_group_decorator.py for tasks to queue
[2024-03-19T19:00:24.548+0000] {logging_mixin.py:188} INFO - [2024-03-19T19:00:24.547+0000] {dagbag.py:540} INFO - Filling up the DagBag from /home/airflow/.local/lib/python3.8/site-packages/airflow/example_dags/example_task_group_decorator.py
[2024-03-19T19:00:24.555+0000] {processor.py:840} INFO - DAG(s) 'example_task_group_decorator' retrieved from /home/airflow/.local/lib/python3.8/site-packages/airflow/example_dags/example_task_group_decorator.py
[2024-03-19T19:00:24.566+0000] {logging_mixin.py:188} INFO - [2024-03-19T19:00:24.566+0000] {dag.py:3047} INFO - Sync 1 DAGs
[2024-03-19T19:00:24.575+0000] {logging_mixin.py:188} INFO - [2024-03-19T19:00:24.574+0000] {dag.py:3834} INFO - Setting next_dagrun for example_task_group_decorator to 2024-03-18 00:00:00+00:00, run_after=2024-03-19 00:00:00+00:00
[2024-03-19T19:00:24.582+0000] {processor.py:183} INFO - Processing /home/airflow/.local/lib/python3.8/site-packages/airflow/example_dags/example_task_group_decorator.py took 0.037 seconds
[2024-03-19T19:00:55.081+0000] {processor.py:161} INFO - Started process (PID=6477) to work on /home/airflow/.local/lib/python3.8/site-packages/airflow/example_dags/example_task_group_decorator.py
[2024-03-19T19:00:55.081+0000] {processor.py:830} INFO - Processing file /home/airflow/.local/lib/python3.8/site-packages/airflow/example_dags/example_task_group_decorator.py for tasks to queue
[2024-03-19T19:00:55.082+0000] {logging_mixin.py:188} INFO - [2024-03-19T19:00:55.082+0000] {dagbag.py:540} INFO - Filling up the DagBag from /home/airflow/.local/lib/python3.8/site-packages/airflow/example_dags/example_task_group_decorator.py
[2024-03-19T19:00:55.088+0000] {processor.py:840} INFO - DAG(s) 'example_task_group_decorator' retrieved from /home/airflow/.local/lib/python3.8/site-packages/airflow/example_dags/example_task_group_decorator.py
[2024-03-19T19:00:55.098+0000] {logging_mixin.py:188} INFO - [2024-03-19T19:00:55.098+0000] {dag.py:3047} INFO - Sync 1 DAGs
[2024-03-19T19:00:55.107+0000] {logging_mixin.py:188} INFO - [2024-03-19T19:00:55.107+0000] {dag.py:3834} INFO - Setting next_dagrun for example_task_group_decorator to 2024-03-18 00:00:00+00:00, run_after=2024-03-19 00:00:00+00:00
[2024-03-19T19:00:55.113+0000] {processor.py:183} INFO - Processing /home/airflow/.local/lib/python3.8/site-packages/airflow/example_dags/example_task_group_decorator.py took 0.034 seconds
[2024-03-19T19:01:25.512+0000] {processor.py:161} INFO - Started process (PID=6724) to work on /home/airflow/.local/lib/python3.8/site-packages/airflow/example_dags/example_task_group_decorator.py
[2024-03-19T19:01:25.513+0000] {processor.py:830} INFO - Processing file /home/airflow/.local/lib/python3.8/site-packages/airflow/example_dags/example_task_group_decorator.py for tasks to queue
[2024-03-19T19:01:25.513+0000] {logging_mixin.py:188} INFO - [2024-03-19T19:01:25.513+0000] {dagbag.py:540} INFO - Filling up the DagBag from /home/airflow/.local/lib/python3.8/site-packages/airflow/example_dags/example_task_group_decorator.py
[2024-03-19T19:01:25.520+0000] {processor.py:840} INFO - DAG(s) 'example_task_group_decorator' retrieved from /home/airflow/.local/lib/python3.8/site-packages/airflow/example_dags/example_task_group_decorator.py
[2024-03-19T19:01:25.530+0000] {logging_mixin.py:188} INFO - [2024-03-19T19:01:25.530+0000] {dag.py:3047} INFO - Sync 1 DAGs
[2024-03-19T19:01:25.539+0000] {logging_mixin.py:188} INFO - [2024-03-19T19:01:25.538+0000] {dag.py:3834} INFO - Setting next_dagrun for example_task_group_decorator to 2024-03-18 00:00:00+00:00, run_after=2024-03-19 00:00:00+00:00
[2024-03-19T19:01:25.546+0000] {processor.py:183} INFO - Processing /home/airflow/.local/lib/python3.8/site-packages/airflow/example_dags/example_task_group_decorator.py took 0.035 seconds
[2024-03-19T19:01:56.030+0000] {processor.py:161} INFO - Started process (PID=6973) to work on /home/airflow/.local/lib/python3.8/site-packages/airflow/example_dags/example_task_group_decorator.py
[2024-03-19T19:01:56.031+0000] {processor.py:830} INFO - Processing file /home/airflow/.local/lib/python3.8/site-packages/airflow/example_dags/example_task_group_decorator.py for tasks to queue
[2024-03-19T19:01:56.031+0000] {logging_mixin.py:188} INFO - [2024-03-19T19:01:56.031+0000] {dagbag.py:540} INFO - Filling up the DagBag from /home/airflow/.local/lib/python3.8/site-packages/airflow/example_dags/example_task_group_decorator.py
[2024-03-19T19:01:56.038+0000] {processor.py:840} INFO - DAG(s) 'example_task_group_decorator' retrieved from /home/airflow/.local/lib/python3.8/site-packages/airflow/example_dags/example_task_group_decorator.py
[2024-03-19T19:01:56.051+0000] {logging_mixin.py:188} INFO - [2024-03-19T19:01:56.051+0000] {dag.py:3047} INFO - Sync 1 DAGs
[2024-03-19T19:01:56.061+0000] {logging_mixin.py:188} INFO - [2024-03-19T19:01:56.061+0000] {dag.py:3834} INFO - Setting next_dagrun for example_task_group_decorator to 2024-03-18 00:00:00+00:00, run_after=2024-03-19 00:00:00+00:00
[2024-03-19T19:01:56.069+0000] {processor.py:183} INFO - Processing /home/airflow/.local/lib/python3.8/site-packages/airflow/example_dags/example_task_group_decorator.py took 0.041 seconds
[2024-03-19T19:02:26.535+0000] {processor.py:161} INFO - Started process (PID=7219) to work on /home/airflow/.local/lib/python3.8/site-packages/airflow/example_dags/example_task_group_decorator.py
[2024-03-19T19:02:26.535+0000] {processor.py:830} INFO - Processing file /home/airflow/.local/lib/python3.8/site-packages/airflow/example_dags/example_task_group_decorator.py for tasks to queue
[2024-03-19T19:02:26.536+0000] {logging_mixin.py:188} INFO - [2024-03-19T19:02:26.536+0000] {dagbag.py:540} INFO - Filling up the DagBag from /home/airflow/.local/lib/python3.8/site-packages/airflow/example_dags/example_task_group_decorator.py
[2024-03-19T19:02:26.543+0000] {processor.py:840} INFO - DAG(s) 'example_task_group_decorator' retrieved from /home/airflow/.local/lib/python3.8/site-packages/airflow/example_dags/example_task_group_decorator.py
[2024-03-19T19:02:26.554+0000] {logging_mixin.py:188} INFO - [2024-03-19T19:02:26.553+0000] {dag.py:3047} INFO - Sync 1 DAGs
[2024-03-19T19:02:26.564+0000] {logging_mixin.py:188} INFO - [2024-03-19T19:02:26.564+0000] {dag.py:3834} INFO - Setting next_dagrun for example_task_group_decorator to 2024-03-18 00:00:00+00:00, run_after=2024-03-19 00:00:00+00:00
[2024-03-19T19:02:26.574+0000] {processor.py:183} INFO - Processing /home/airflow/.local/lib/python3.8/site-packages/airflow/example_dags/example_task_group_decorator.py took 0.041 seconds
[2024-03-19T19:02:56.981+0000] {processor.py:161} INFO - Started process (PID=7464) to work on /home/airflow/.local/lib/python3.8/site-packages/airflow/example_dags/example_task_group_decorator.py
[2024-03-19T19:02:56.982+0000] {processor.py:830} INFO - Processing file /home/airflow/.local/lib/python3.8/site-packages/airflow/example_dags/example_task_group_decorator.py for tasks to queue
[2024-03-19T19:02:56.982+0000] {logging_mixin.py:188} INFO - [2024-03-19T19:02:56.982+0000] {dagbag.py:540} INFO - Filling up the DagBag from /home/airflow/.local/lib/python3.8/site-packages/airflow/example_dags/example_task_group_decorator.py
[2024-03-19T19:02:56.989+0000] {processor.py:840} INFO - DAG(s) 'example_task_group_decorator' retrieved from /home/airflow/.local/lib/python3.8/site-packages/airflow/example_dags/example_task_group_decorator.py
[2024-03-19T19:02:57.001+0000] {logging_mixin.py:188} INFO - [2024-03-19T19:02:57.000+0000] {dag.py:3047} INFO - Sync 1 DAGs
[2024-03-19T19:02:57.012+0000] {logging_mixin.py:188} INFO - [2024-03-19T19:02:57.012+0000] {dag.py:3834} INFO - Setting next_dagrun for example_task_group_decorator to 2024-03-18 00:00:00+00:00, run_after=2024-03-19 00:00:00+00:00
[2024-03-19T19:02:57.020+0000] {processor.py:183} INFO - Processing /home/airflow/.local/lib/python3.8/site-packages/airflow/example_dags/example_task_group_decorator.py took 0.040 seconds
[2024-03-19T19:03:27.505+0000] {processor.py:161} INFO - Started process (PID=7713) to work on /home/airflow/.local/lib/python3.8/site-packages/airflow/example_dags/example_task_group_decorator.py
[2024-03-19T19:03:27.506+0000] {processor.py:830} INFO - Processing file /home/airflow/.local/lib/python3.8/site-packages/airflow/example_dags/example_task_group_decorator.py for tasks to queue
[2024-03-19T19:03:27.506+0000] {logging_mixin.py:188} INFO - [2024-03-19T19:03:27.506+0000] {dagbag.py:540} INFO - Filling up the DagBag from /home/airflow/.local/lib/python3.8/site-packages/airflow/example_dags/example_task_group_decorator.py
[2024-03-19T19:03:27.514+0000] {processor.py:840} INFO - DAG(s) 'example_task_group_decorator' retrieved from /home/airflow/.local/lib/python3.8/site-packages/airflow/example_dags/example_task_group_decorator.py
[2024-03-19T19:03:27.525+0000] {logging_mixin.py:188} INFO - [2024-03-19T19:03:27.525+0000] {dag.py:3047} INFO - Sync 1 DAGs
[2024-03-19T19:03:27.536+0000] {logging_mixin.py:188} INFO - [2024-03-19T19:03:27.536+0000] {dag.py:3834} INFO - Setting next_dagrun for example_task_group_decorator to 2024-03-18 00:00:00+00:00, run_after=2024-03-19 00:00:00+00:00
[2024-03-19T19:03:27.543+0000] {processor.py:183} INFO - Processing /home/airflow/.local/lib/python3.8/site-packages/airflow/example_dags/example_task_group_decorator.py took 0.040 seconds
[2024-03-19T19:03:58.056+0000] {processor.py:161} INFO - Started process (PID=7960) to work on /home/airflow/.local/lib/python3.8/site-packages/airflow/example_dags/example_task_group_decorator.py
[2024-03-19T19:03:58.057+0000] {processor.py:830} INFO - Processing file /home/airflow/.local/lib/python3.8/site-packages/airflow/example_dags/example_task_group_decorator.py for tasks to queue
[2024-03-19T19:03:58.057+0000] {logging_mixin.py:188} INFO - [2024-03-19T19:03:58.057+0000] {dagbag.py:540} INFO - Filling up the DagBag from /home/airflow/.local/lib/python3.8/site-packages/airflow/example_dags/example_task_group_decorator.py
[2024-03-19T19:03:58.064+0000] {processor.py:840} INFO - DAG(s) 'example_task_group_decorator' retrieved from /home/airflow/.local/lib/python3.8/site-packages/airflow/example_dags/example_task_group_decorator.py
[2024-03-19T19:03:58.074+0000] {logging_mixin.py:188} INFO - [2024-03-19T19:03:58.074+0000] {dag.py:3047} INFO - Sync 1 DAGs
[2024-03-19T19:03:58.082+0000] {logging_mixin.py:188} INFO - [2024-03-19T19:03:58.082+0000] {dag.py:3834} INFO - Setting next_dagrun for example_task_group_decorator to 2024-03-18 00:00:00+00:00, run_after=2024-03-19 00:00:00+00:00
[2024-03-19T19:03:58.090+0000] {processor.py:183} INFO - Processing /home/airflow/.local/lib/python3.8/site-packages/airflow/example_dags/example_task_group_decorator.py took 0.035 seconds
[2024-03-19T19:04:28.597+0000] {processor.py:161} INFO - Started process (PID=8207) to work on /home/airflow/.local/lib/python3.8/site-packages/airflow/example_dags/example_task_group_decorator.py
[2024-03-19T19:04:28.598+0000] {processor.py:830} INFO - Processing file /home/airflow/.local/lib/python3.8/site-packages/airflow/example_dags/example_task_group_decorator.py for tasks to queue
[2024-03-19T19:04:28.598+0000] {logging_mixin.py:188} INFO - [2024-03-19T19:04:28.598+0000] {dagbag.py:540} INFO - Filling up the DagBag from /home/airflow/.local/lib/python3.8/site-packages/airflow/example_dags/example_task_group_decorator.py
[2024-03-19T19:04:28.605+0000] {processor.py:840} INFO - DAG(s) 'example_task_group_decorator' retrieved from /home/airflow/.local/lib/python3.8/site-packages/airflow/example_dags/example_task_group_decorator.py
[2024-03-19T19:04:28.616+0000] {logging_mixin.py:188} INFO - [2024-03-19T19:04:28.616+0000] {dag.py:3047} INFO - Sync 1 DAGs
[2024-03-19T19:04:28.625+0000] {logging_mixin.py:188} INFO - [2024-03-19T19:04:28.625+0000] {dag.py:3834} INFO - Setting next_dagrun for example_task_group_decorator to 2024-03-18 00:00:00+00:00, run_after=2024-03-19 00:00:00+00:00
[2024-03-19T19:04:28.632+0000] {processor.py:183} INFO - Processing /home/airflow/.local/lib/python3.8/site-packages/airflow/example_dags/example_task_group_decorator.py took 0.037 seconds
[2024-03-19T19:04:59.134+0000] {processor.py:161} INFO - Started process (PID=8454) to work on /home/airflow/.local/lib/python3.8/site-packages/airflow/example_dags/example_task_group_decorator.py
[2024-03-19T19:04:59.135+0000] {processor.py:830} INFO - Processing file /home/airflow/.local/lib/python3.8/site-packages/airflow/example_dags/example_task_group_decorator.py for tasks to queue
[2024-03-19T19:04:59.135+0000] {logging_mixin.py:188} INFO - [2024-03-19T19:04:59.135+0000] {dagbag.py:540} INFO - Filling up the DagBag from /home/airflow/.local/lib/python3.8/site-packages/airflow/example_dags/example_task_group_decorator.py
[2024-03-19T19:04:59.142+0000] {processor.py:840} INFO - DAG(s) 'example_task_group_decorator' retrieved from /home/airflow/.local/lib/python3.8/site-packages/airflow/example_dags/example_task_group_decorator.py
[2024-03-19T19:04:59.154+0000] {logging_mixin.py:188} INFO - [2024-03-19T19:04:59.154+0000] {dag.py:3047} INFO - Sync 1 DAGs
[2024-03-19T19:04:59.165+0000] {logging_mixin.py:188} INFO - [2024-03-19T19:04:59.165+0000] {dag.py:3834} INFO - Setting next_dagrun for example_task_group_decorator to 2024-03-18 00:00:00+00:00, run_after=2024-03-19 00:00:00+00:00
[2024-03-19T19:04:59.172+0000] {processor.py:183} INFO - Processing /home/airflow/.local/lib/python3.8/site-packages/airflow/example_dags/example_task_group_decorator.py took 0.040 seconds
[2024-03-19T19:05:29.607+0000] {processor.py:161} INFO - Started process (PID=8699) to work on /home/airflow/.local/lib/python3.8/site-packages/airflow/example_dags/example_task_group_decorator.py
[2024-03-19T19:05:29.608+0000] {processor.py:830} INFO - Processing file /home/airflow/.local/lib/python3.8/site-packages/airflow/example_dags/example_task_group_decorator.py for tasks to queue
[2024-03-19T19:05:29.608+0000] {logging_mixin.py:188} INFO - [2024-03-19T19:05:29.608+0000] {dagbag.py:540} INFO - Filling up the DagBag from /home/airflow/.local/lib/python3.8/site-packages/airflow/example_dags/example_task_group_decorator.py
[2024-03-19T19:05:29.615+0000] {processor.py:840} INFO - DAG(s) 'example_task_group_decorator' retrieved from /home/airflow/.local/lib/python3.8/site-packages/airflow/example_dags/example_task_group_decorator.py
[2024-03-19T19:05:29.626+0000] {logging_mixin.py:188} INFO - [2024-03-19T19:05:29.626+0000] {dag.py:3047} INFO - Sync 1 DAGs
[2024-03-19T19:05:29.636+0000] {logging_mixin.py:188} INFO - [2024-03-19T19:05:29.636+0000] {dag.py:3834} INFO - Setting next_dagrun for example_task_group_decorator to 2024-03-18 00:00:00+00:00, run_after=2024-03-19 00:00:00+00:00
[2024-03-19T19:05:29.643+0000] {processor.py:183} INFO - Processing /home/airflow/.local/lib/python3.8/site-packages/airflow/example_dags/example_task_group_decorator.py took 0.038 seconds
[2024-03-19T19:06:00.269+0000] {processor.py:161} INFO - Started process (PID=8948) to work on /home/airflow/.local/lib/python3.8/site-packages/airflow/example_dags/example_task_group_decorator.py
[2024-03-19T19:06:00.271+0000] {processor.py:830} INFO - Processing file /home/airflow/.local/lib/python3.8/site-packages/airflow/example_dags/example_task_group_decorator.py for tasks to queue
[2024-03-19T19:06:00.272+0000] {logging_mixin.py:188} INFO - [2024-03-19T19:06:00.272+0000] {dagbag.py:540} INFO - Filling up the DagBag from /home/airflow/.local/lib/python3.8/site-packages/airflow/example_dags/example_task_group_decorator.py
[2024-03-19T19:06:00.286+0000] {processor.py:840} INFO - DAG(s) 'example_task_group_decorator' retrieved from /home/airflow/.local/lib/python3.8/site-packages/airflow/example_dags/example_task_group_decorator.py
[2024-03-19T19:06:00.301+0000] {logging_mixin.py:188} INFO - [2024-03-19T19:06:00.301+0000] {dag.py:3047} INFO - Sync 1 DAGs
[2024-03-19T19:06:00.310+0000] {logging_mixin.py:188} INFO - [2024-03-19T19:06:00.310+0000] {dag.py:3834} INFO - Setting next_dagrun for example_task_group_decorator to 2024-03-18 00:00:00+00:00, run_after=2024-03-19 00:00:00+00:00
[2024-03-19T19:06:00.318+0000] {processor.py:183} INFO - Processing /home/airflow/.local/lib/python3.8/site-packages/airflow/example_dags/example_task_group_decorator.py took 0.051 seconds
