[2024-03-19T18:48:11.489+0000] {processor.py:161} INFO - Started process (PID=376) to work on /home/airflow/.local/lib/python3.8/site-packages/airflow/example_dags/example_branch_labels.py
[2024-03-19T18:48:11.489+0000] {processor.py:830} INFO - Processing file /home/airflow/.local/lib/python3.8/site-packages/airflow/example_dags/example_branch_labels.py for tasks to queue
[2024-03-19T18:48:11.490+0000] {logging_mixin.py:188} INFO - [2024-03-19T18:48:11.490+0000] {dagbag.py:540} INFO - Filling up the DagBag from /home/airflow/.local/lib/python3.8/site-packages/airflow/example_dags/example_branch_labels.py
[2024-03-19T18:48:11.494+0000] {processor.py:840} INFO - DAG(s) 'example_branch_labels' retrieved from /home/airflow/.local/lib/python3.8/site-packages/airflow/example_dags/example_branch_labels.py
[2024-03-19T18:48:11.499+0000] {logging_mixin.py:188} INFO - [2024-03-19T18:48:11.499+0000] {dag.py:3047} INFO - Sync 1 DAGs
[2024-03-19T18:48:11.510+0000] {logging_mixin.py:188} INFO - [2024-03-19T18:48:11.510+0000] {dag.py:3834} INFO - Setting next_dagrun for example_branch_labels to 2024-03-18 00:00:00+00:00, run_after=2024-03-19 00:00:00+00:00
[2024-03-19T18:48:11.518+0000] {processor.py:183} INFO - Processing /home/airflow/.local/lib/python3.8/site-packages/airflow/example_dags/example_branch_labels.py took 0.031 seconds
[2024-03-19T18:48:42.695+0000] {processor.py:161} INFO - Started process (PID=625) to work on /home/airflow/.local/lib/python3.8/site-packages/airflow/example_dags/example_branch_labels.py
[2024-03-19T18:48:42.695+0000] {processor.py:830} INFO - Processing file /home/airflow/.local/lib/python3.8/site-packages/airflow/example_dags/example_branch_labels.py for tasks to queue
[2024-03-19T18:48:42.696+0000] {logging_mixin.py:188} INFO - [2024-03-19T18:48:42.696+0000] {dagbag.py:540} INFO - Filling up the DagBag from /home/airflow/.local/lib/python3.8/site-packages/airflow/example_dags/example_branch_labels.py
[2024-03-19T18:48:42.699+0000] {processor.py:840} INFO - DAG(s) 'example_branch_labels' retrieved from /home/airflow/.local/lib/python3.8/site-packages/airflow/example_dags/example_branch_labels.py
[2024-03-19T18:48:42.739+0000] {logging_mixin.py:188} INFO - [2024-03-19T18:48:42.739+0000] {dag.py:3047} INFO - Sync 1 DAGs
[2024-03-19T18:48:42.748+0000] {logging_mixin.py:188} INFO - [2024-03-19T18:48:42.748+0000] {dag.py:3834} INFO - Setting next_dagrun for example_branch_labels to 2024-03-18 00:00:00+00:00, run_after=2024-03-19 00:00:00+00:00
[2024-03-19T18:48:42.760+0000] {processor.py:183} INFO - Processing /home/airflow/.local/lib/python3.8/site-packages/airflow/example_dags/example_branch_labels.py took 0.066 seconds
[2024-03-19T18:49:13.338+0000] {processor.py:161} INFO - Started process (PID=872) to work on /home/airflow/.local/lib/python3.8/site-packages/airflow/example_dags/example_branch_labels.py
[2024-03-19T18:49:13.339+0000] {processor.py:830} INFO - Processing file /home/airflow/.local/lib/python3.8/site-packages/airflow/example_dags/example_branch_labels.py for tasks to queue
[2024-03-19T18:49:13.339+0000] {logging_mixin.py:188} INFO - [2024-03-19T18:49:13.339+0000] {dagbag.py:540} INFO - Filling up the DagBag from /home/airflow/.local/lib/python3.8/site-packages/airflow/example_dags/example_branch_labels.py
[2024-03-19T18:49:13.343+0000] {processor.py:840} INFO - DAG(s) 'example_branch_labels' retrieved from /home/airflow/.local/lib/python3.8/site-packages/airflow/example_dags/example_branch_labels.py
[2024-03-19T18:49:13.352+0000] {logging_mixin.py:188} INFO - [2024-03-19T18:49:13.351+0000] {dag.py:3047} INFO - Sync 1 DAGs
[2024-03-19T18:49:13.361+0000] {logging_mixin.py:188} INFO - [2024-03-19T18:49:13.361+0000] {dag.py:3834} INFO - Setting next_dagrun for example_branch_labels to 2024-03-18 00:00:00+00:00, run_after=2024-03-19 00:00:00+00:00
[2024-03-19T18:49:13.368+0000] {processor.py:183} INFO - Processing /home/airflow/.local/lib/python3.8/site-packages/airflow/example_dags/example_branch_labels.py took 0.031 seconds
[2024-03-19T18:49:43.776+0000] {processor.py:161} INFO - Started process (PID=1117) to work on /home/airflow/.local/lib/python3.8/site-packages/airflow/example_dags/example_branch_labels.py
[2024-03-19T18:49:43.777+0000] {processor.py:830} INFO - Processing file /home/airflow/.local/lib/python3.8/site-packages/airflow/example_dags/example_branch_labels.py for tasks to queue
[2024-03-19T18:49:43.777+0000] {logging_mixin.py:188} INFO - [2024-03-19T18:49:43.777+0000] {dagbag.py:540} INFO - Filling up the DagBag from /home/airflow/.local/lib/python3.8/site-packages/airflow/example_dags/example_branch_labels.py
[2024-03-19T18:49:43.781+0000] {processor.py:840} INFO - DAG(s) 'example_branch_labels' retrieved from /home/airflow/.local/lib/python3.8/site-packages/airflow/example_dags/example_branch_labels.py
[2024-03-19T18:49:43.790+0000] {logging_mixin.py:188} INFO - [2024-03-19T18:49:43.790+0000] {dag.py:3047} INFO - Sync 1 DAGs
[2024-03-19T18:49:43.799+0000] {logging_mixin.py:188} INFO - [2024-03-19T18:49:43.799+0000] {dag.py:3834} INFO - Setting next_dagrun for example_branch_labels to 2024-03-18 00:00:00+00:00, run_after=2024-03-19 00:00:00+00:00
[2024-03-19T18:49:43.805+0000] {processor.py:183} INFO - Processing /home/airflow/.local/lib/python3.8/site-packages/airflow/example_dags/example_branch_labels.py took 0.031 seconds
[2024-03-19T18:50:14.356+0000] {processor.py:161} INFO - Started process (PID=1364) to work on /home/airflow/.local/lib/python3.8/site-packages/airflow/example_dags/example_branch_labels.py
[2024-03-19T18:50:14.357+0000] {processor.py:830} INFO - Processing file /home/airflow/.local/lib/python3.8/site-packages/airflow/example_dags/example_branch_labels.py for tasks to queue
[2024-03-19T18:50:14.357+0000] {logging_mixin.py:188} INFO - [2024-03-19T18:50:14.357+0000] {dagbag.py:540} INFO - Filling up the DagBag from /home/airflow/.local/lib/python3.8/site-packages/airflow/example_dags/example_branch_labels.py
[2024-03-19T18:50:14.361+0000] {processor.py:840} INFO - DAG(s) 'example_branch_labels' retrieved from /home/airflow/.local/lib/python3.8/site-packages/airflow/example_dags/example_branch_labels.py
[2024-03-19T18:50:14.369+0000] {logging_mixin.py:188} INFO - [2024-03-19T18:50:14.369+0000] {dag.py:3047} INFO - Sync 1 DAGs
[2024-03-19T18:50:14.378+0000] {logging_mixin.py:188} INFO - [2024-03-19T18:50:14.378+0000] {dag.py:3834} INFO - Setting next_dagrun for example_branch_labels to 2024-03-18 00:00:00+00:00, run_after=2024-03-19 00:00:00+00:00
[2024-03-19T18:50:14.385+0000] {processor.py:183} INFO - Processing /home/airflow/.local/lib/python3.8/site-packages/airflow/example_dags/example_branch_labels.py took 0.030 seconds
[2024-03-19T18:50:45.300+0000] {processor.py:161} INFO - Started process (PID=1635) to work on /home/airflow/.local/lib/python3.8/site-packages/airflow/example_dags/example_branch_labels.py
[2024-03-19T18:50:45.301+0000] {processor.py:830} INFO - Processing file /home/airflow/.local/lib/python3.8/site-packages/airflow/example_dags/example_branch_labels.py for tasks to queue
[2024-03-19T18:50:45.301+0000] {logging_mixin.py:188} INFO - [2024-03-19T18:50:45.301+0000] {dagbag.py:540} INFO - Filling up the DagBag from /home/airflow/.local/lib/python3.8/site-packages/airflow/example_dags/example_branch_labels.py
[2024-03-19T18:50:45.306+0000] {processor.py:840} INFO - DAG(s) 'example_branch_labels' retrieved from /home/airflow/.local/lib/python3.8/site-packages/airflow/example_dags/example_branch_labels.py
[2024-03-19T18:50:45.324+0000] {logging_mixin.py:188} INFO - [2024-03-19T18:50:45.323+0000] {dag.py:3047} INFO - Sync 1 DAGs
[2024-03-19T18:50:45.334+0000] {logging_mixin.py:188} INFO - [2024-03-19T18:50:45.334+0000] {dag.py:3834} INFO - Setting next_dagrun for example_branch_labels to 2024-03-18 00:00:00+00:00, run_after=2024-03-19 00:00:00+00:00
[2024-03-19T18:50:45.342+0000] {processor.py:183} INFO - Processing /home/airflow/.local/lib/python3.8/site-packages/airflow/example_dags/example_branch_labels.py took 0.044 seconds
[2024-03-19T18:51:15.728+0000] {processor.py:161} INFO - Started process (PID=1882) to work on /home/airflow/.local/lib/python3.8/site-packages/airflow/example_dags/example_branch_labels.py
[2024-03-19T18:51:15.729+0000] {processor.py:830} INFO - Processing file /home/airflow/.local/lib/python3.8/site-packages/airflow/example_dags/example_branch_labels.py for tasks to queue
[2024-03-19T18:51:15.729+0000] {logging_mixin.py:188} INFO - [2024-03-19T18:51:15.729+0000] {dagbag.py:540} INFO - Filling up the DagBag from /home/airflow/.local/lib/python3.8/site-packages/airflow/example_dags/example_branch_labels.py
[2024-03-19T18:51:15.733+0000] {processor.py:840} INFO - DAG(s) 'example_branch_labels' retrieved from /home/airflow/.local/lib/python3.8/site-packages/airflow/example_dags/example_branch_labels.py
[2024-03-19T18:51:15.741+0000] {logging_mixin.py:188} INFO - [2024-03-19T18:51:15.741+0000] {dag.py:3047} INFO - Sync 1 DAGs
[2024-03-19T18:51:15.754+0000] {logging_mixin.py:188} INFO - [2024-03-19T18:51:15.754+0000] {dag.py:3834} INFO - Setting next_dagrun for example_branch_labels to 2024-03-18 00:00:00+00:00, run_after=2024-03-19 00:00:00+00:00
[2024-03-19T18:51:15.761+0000] {processor.py:183} INFO - Processing /home/airflow/.local/lib/python3.8/site-packages/airflow/example_dags/example_branch_labels.py took 0.034 seconds
[2024-03-19T18:51:46.148+0000] {processor.py:161} INFO - Started process (PID=2131) to work on /home/airflow/.local/lib/python3.8/site-packages/airflow/example_dags/example_branch_labels.py
[2024-03-19T18:51:46.149+0000] {processor.py:830} INFO - Processing file /home/airflow/.local/lib/python3.8/site-packages/airflow/example_dags/example_branch_labels.py for tasks to queue
[2024-03-19T18:51:46.149+0000] {logging_mixin.py:188} INFO - [2024-03-19T18:51:46.149+0000] {dagbag.py:540} INFO - Filling up the DagBag from /home/airflow/.local/lib/python3.8/site-packages/airflow/example_dags/example_branch_labels.py
[2024-03-19T18:51:46.153+0000] {processor.py:840} INFO - DAG(s) 'example_branch_labels' retrieved from /home/airflow/.local/lib/python3.8/site-packages/airflow/example_dags/example_branch_labels.py
[2024-03-19T18:51:46.163+0000] {logging_mixin.py:188} INFO - [2024-03-19T18:51:46.163+0000] {dag.py:3047} INFO - Sync 1 DAGs
[2024-03-19T18:51:46.172+0000] {logging_mixin.py:188} INFO - [2024-03-19T18:51:46.172+0000] {dag.py:3834} INFO - Setting next_dagrun for example_branch_labels to 2024-03-18 00:00:00+00:00, run_after=2024-03-19 00:00:00+00:00
[2024-03-19T18:51:46.179+0000] {processor.py:183} INFO - Processing /home/airflow/.local/lib/python3.8/site-packages/airflow/example_dags/example_branch_labels.py took 0.033 seconds
[2024-03-19T18:52:16.529+0000] {processor.py:161} INFO - Started process (PID=2377) to work on /home/airflow/.local/lib/python3.8/site-packages/airflow/example_dags/example_branch_labels.py
[2024-03-19T18:52:16.530+0000] {processor.py:830} INFO - Processing file /home/airflow/.local/lib/python3.8/site-packages/airflow/example_dags/example_branch_labels.py for tasks to queue
[2024-03-19T18:52:16.530+0000] {logging_mixin.py:188} INFO - [2024-03-19T18:52:16.530+0000] {dagbag.py:540} INFO - Filling up the DagBag from /home/airflow/.local/lib/python3.8/site-packages/airflow/example_dags/example_branch_labels.py
[2024-03-19T18:52:16.533+0000] {processor.py:840} INFO - DAG(s) 'example_branch_labels' retrieved from /home/airflow/.local/lib/python3.8/site-packages/airflow/example_dags/example_branch_labels.py
[2024-03-19T18:52:16.542+0000] {logging_mixin.py:188} INFO - [2024-03-19T18:52:16.542+0000] {dag.py:3047} INFO - Sync 1 DAGs
[2024-03-19T18:52:16.551+0000] {logging_mixin.py:188} INFO - [2024-03-19T18:52:16.551+0000] {dag.py:3834} INFO - Setting next_dagrun for example_branch_labels to 2024-03-18 00:00:00+00:00, run_after=2024-03-19 00:00:00+00:00
[2024-03-19T18:52:16.557+0000] {processor.py:183} INFO - Processing /home/airflow/.local/lib/python3.8/site-packages/airflow/example_dags/example_branch_labels.py took 0.029 seconds
[2024-03-19T18:52:46.971+0000] {processor.py:161} INFO - Started process (PID=2622) to work on /home/airflow/.local/lib/python3.8/site-packages/airflow/example_dags/example_branch_labels.py
[2024-03-19T18:52:46.972+0000] {processor.py:830} INFO - Processing file /home/airflow/.local/lib/python3.8/site-packages/airflow/example_dags/example_branch_labels.py for tasks to queue
[2024-03-19T18:52:46.972+0000] {logging_mixin.py:188} INFO - [2024-03-19T18:52:46.972+0000] {dagbag.py:540} INFO - Filling up the DagBag from /home/airflow/.local/lib/python3.8/site-packages/airflow/example_dags/example_branch_labels.py
[2024-03-19T18:52:46.976+0000] {processor.py:840} INFO - DAG(s) 'example_branch_labels' retrieved from /home/airflow/.local/lib/python3.8/site-packages/airflow/example_dags/example_branch_labels.py
[2024-03-19T18:52:46.985+0000] {logging_mixin.py:188} INFO - [2024-03-19T18:52:46.985+0000] {dag.py:3047} INFO - Sync 1 DAGs
[2024-03-19T18:52:46.994+0000] {logging_mixin.py:188} INFO - [2024-03-19T18:52:46.994+0000] {dag.py:3834} INFO - Setting next_dagrun for example_branch_labels to 2024-03-18 00:00:00+00:00, run_after=2024-03-19 00:00:00+00:00
[2024-03-19T18:52:47.001+0000] {processor.py:183} INFO - Processing /home/airflow/.local/lib/python3.8/site-packages/airflow/example_dags/example_branch_labels.py took 0.031 seconds
[2024-03-19T18:53:17.442+0000] {processor.py:161} INFO - Started process (PID=2869) to work on /home/airflow/.local/lib/python3.8/site-packages/airflow/example_dags/example_branch_labels.py
[2024-03-19T18:53:17.442+0000] {processor.py:830} INFO - Processing file /home/airflow/.local/lib/python3.8/site-packages/airflow/example_dags/example_branch_labels.py for tasks to queue
[2024-03-19T18:53:17.443+0000] {logging_mixin.py:188} INFO - [2024-03-19T18:53:17.443+0000] {dagbag.py:540} INFO - Filling up the DagBag from /home/airflow/.local/lib/python3.8/site-packages/airflow/example_dags/example_branch_labels.py
[2024-03-19T18:53:17.446+0000] {processor.py:840} INFO - DAG(s) 'example_branch_labels' retrieved from /home/airflow/.local/lib/python3.8/site-packages/airflow/example_dags/example_branch_labels.py
[2024-03-19T18:53:17.456+0000] {logging_mixin.py:188} INFO - [2024-03-19T18:53:17.456+0000] {dag.py:3047} INFO - Sync 1 DAGs
[2024-03-19T18:53:17.466+0000] {logging_mixin.py:188} INFO - [2024-03-19T18:53:17.465+0000] {dag.py:3834} INFO - Setting next_dagrun for example_branch_labels to 2024-03-18 00:00:00+00:00, run_after=2024-03-19 00:00:00+00:00
[2024-03-19T18:53:17.472+0000] {processor.py:183} INFO - Processing /home/airflow/.local/lib/python3.8/site-packages/airflow/example_dags/example_branch_labels.py took 0.032 seconds
[2024-03-19T18:53:48.191+0000] {processor.py:161} INFO - Started process (PID=3116) to work on /home/airflow/.local/lib/python3.8/site-packages/airflow/example_dags/example_branch_labels.py
[2024-03-19T18:53:48.191+0000] {processor.py:830} INFO - Processing file /home/airflow/.local/lib/python3.8/site-packages/airflow/example_dags/example_branch_labels.py for tasks to queue
[2024-03-19T18:53:48.192+0000] {logging_mixin.py:188} INFO - [2024-03-19T18:53:48.192+0000] {dagbag.py:540} INFO - Filling up the DagBag from /home/airflow/.local/lib/python3.8/site-packages/airflow/example_dags/example_branch_labels.py
[2024-03-19T18:53:48.196+0000] {processor.py:840} INFO - DAG(s) 'example_branch_labels' retrieved from /home/airflow/.local/lib/python3.8/site-packages/airflow/example_dags/example_branch_labels.py
[2024-03-19T18:53:48.206+0000] {logging_mixin.py:188} INFO - [2024-03-19T18:53:48.206+0000] {dag.py:3047} INFO - Sync 1 DAGs
[2024-03-19T18:53:48.216+0000] {logging_mixin.py:188} INFO - [2024-03-19T18:53:48.216+0000] {dag.py:3834} INFO - Setting next_dagrun for example_branch_labels to 2024-03-18 00:00:00+00:00, run_after=2024-03-19 00:00:00+00:00
[2024-03-19T18:53:48.223+0000] {processor.py:183} INFO - Processing /home/airflow/.local/lib/python3.8/site-packages/airflow/example_dags/example_branch_labels.py took 0.034 seconds
[2024-03-19T18:54:18.747+0000] {processor.py:161} INFO - Started process (PID=3365) to work on /home/airflow/.local/lib/python3.8/site-packages/airflow/example_dags/example_branch_labels.py
[2024-03-19T18:54:18.747+0000] {processor.py:830} INFO - Processing file /home/airflow/.local/lib/python3.8/site-packages/airflow/example_dags/example_branch_labels.py for tasks to queue
[2024-03-19T18:54:18.748+0000] {logging_mixin.py:188} INFO - [2024-03-19T18:54:18.748+0000] {dagbag.py:540} INFO - Filling up the DagBag from /home/airflow/.local/lib/python3.8/site-packages/airflow/example_dags/example_branch_labels.py
[2024-03-19T18:54:18.752+0000] {processor.py:840} INFO - DAG(s) 'example_branch_labels' retrieved from /home/airflow/.local/lib/python3.8/site-packages/airflow/example_dags/example_branch_labels.py
[2024-03-19T18:54:18.761+0000] {logging_mixin.py:188} INFO - [2024-03-19T18:54:18.761+0000] {dag.py:3047} INFO - Sync 1 DAGs
[2024-03-19T18:54:18.771+0000] {logging_mixin.py:188} INFO - [2024-03-19T18:54:18.771+0000] {dag.py:3834} INFO - Setting next_dagrun for example_branch_labels to 2024-03-18 00:00:00+00:00, run_after=2024-03-19 00:00:00+00:00
[2024-03-19T18:54:18.778+0000] {processor.py:183} INFO - Processing /home/airflow/.local/lib/python3.8/site-packages/airflow/example_dags/example_branch_labels.py took 0.033 seconds
[2024-03-19T18:54:49.184+0000] {processor.py:161} INFO - Started process (PID=3612) to work on /home/airflow/.local/lib/python3.8/site-packages/airflow/example_dags/example_branch_labels.py
[2024-03-19T18:54:49.184+0000] {processor.py:830} INFO - Processing file /home/airflow/.local/lib/python3.8/site-packages/airflow/example_dags/example_branch_labels.py for tasks to queue
[2024-03-19T18:54:49.185+0000] {logging_mixin.py:188} INFO - [2024-03-19T18:54:49.185+0000] {dagbag.py:540} INFO - Filling up the DagBag from /home/airflow/.local/lib/python3.8/site-packages/airflow/example_dags/example_branch_labels.py
[2024-03-19T18:54:49.188+0000] {processor.py:840} INFO - DAG(s) 'example_branch_labels' retrieved from /home/airflow/.local/lib/python3.8/site-packages/airflow/example_dags/example_branch_labels.py
[2024-03-19T18:54:49.198+0000] {logging_mixin.py:188} INFO - [2024-03-19T18:54:49.198+0000] {dag.py:3047} INFO - Sync 1 DAGs
[2024-03-19T18:54:49.207+0000] {logging_mixin.py:188} INFO - [2024-03-19T18:54:49.207+0000] {dag.py:3834} INFO - Setting next_dagrun for example_branch_labels to 2024-03-18 00:00:00+00:00, run_after=2024-03-19 00:00:00+00:00
[2024-03-19T18:54:49.214+0000] {processor.py:183} INFO - Processing /home/airflow/.local/lib/python3.8/site-packages/airflow/example_dags/example_branch_labels.py took 0.031 seconds
[2024-03-19T18:55:19.606+0000] {processor.py:161} INFO - Started process (PID=3857) to work on /home/airflow/.local/lib/python3.8/site-packages/airflow/example_dags/example_branch_labels.py
[2024-03-19T18:55:19.606+0000] {processor.py:830} INFO - Processing file /home/airflow/.local/lib/python3.8/site-packages/airflow/example_dags/example_branch_labels.py for tasks to queue
[2024-03-19T18:55:19.607+0000] {logging_mixin.py:188} INFO - [2024-03-19T18:55:19.606+0000] {dagbag.py:540} INFO - Filling up the DagBag from /home/airflow/.local/lib/python3.8/site-packages/airflow/example_dags/example_branch_labels.py
[2024-03-19T18:55:19.610+0000] {processor.py:840} INFO - DAG(s) 'example_branch_labels' retrieved from /home/airflow/.local/lib/python3.8/site-packages/airflow/example_dags/example_branch_labels.py
[2024-03-19T18:55:19.621+0000] {logging_mixin.py:188} INFO - [2024-03-19T18:55:19.621+0000] {dag.py:3047} INFO - Sync 1 DAGs
[2024-03-19T18:55:19.632+0000] {logging_mixin.py:188} INFO - [2024-03-19T18:55:19.632+0000] {dag.py:3834} INFO - Setting next_dagrun for example_branch_labels to 2024-03-18 00:00:00+00:00, run_after=2024-03-19 00:00:00+00:00
[2024-03-19T18:55:19.639+0000] {processor.py:183} INFO - Processing /home/airflow/.local/lib/python3.8/site-packages/airflow/example_dags/example_branch_labels.py took 0.036 seconds
[2024-03-19T18:55:50.126+0000] {processor.py:161} INFO - Started process (PID=4106) to work on /home/airflow/.local/lib/python3.8/site-packages/airflow/example_dags/example_branch_labels.py
[2024-03-19T18:55:50.127+0000] {processor.py:830} INFO - Processing file /home/airflow/.local/lib/python3.8/site-packages/airflow/example_dags/example_branch_labels.py for tasks to queue
[2024-03-19T18:55:50.127+0000] {logging_mixin.py:188} INFO - [2024-03-19T18:55:50.127+0000] {dagbag.py:540} INFO - Filling up the DagBag from /home/airflow/.local/lib/python3.8/site-packages/airflow/example_dags/example_branch_labels.py
[2024-03-19T18:55:50.131+0000] {processor.py:840} INFO - DAG(s) 'example_branch_labels' retrieved from /home/airflow/.local/lib/python3.8/site-packages/airflow/example_dags/example_branch_labels.py
[2024-03-19T18:55:50.141+0000] {logging_mixin.py:188} INFO - [2024-03-19T18:55:50.141+0000] {dag.py:3047} INFO - Sync 1 DAGs
[2024-03-19T18:55:50.151+0000] {logging_mixin.py:188} INFO - [2024-03-19T18:55:50.151+0000] {dag.py:3834} INFO - Setting next_dagrun for example_branch_labels to 2024-03-18 00:00:00+00:00, run_after=2024-03-19 00:00:00+00:00
[2024-03-19T18:55:50.158+0000] {processor.py:183} INFO - Processing /home/airflow/.local/lib/python3.8/site-packages/airflow/example_dags/example_branch_labels.py took 0.034 seconds
[2024-03-19T18:56:20.597+0000] {processor.py:161} INFO - Started process (PID=4351) to work on /home/airflow/.local/lib/python3.8/site-packages/airflow/example_dags/example_branch_labels.py
[2024-03-19T18:56:20.598+0000] {processor.py:830} INFO - Processing file /home/airflow/.local/lib/python3.8/site-packages/airflow/example_dags/example_branch_labels.py for tasks to queue
[2024-03-19T18:56:20.598+0000] {logging_mixin.py:188} INFO - [2024-03-19T18:56:20.598+0000] {dagbag.py:540} INFO - Filling up the DagBag from /home/airflow/.local/lib/python3.8/site-packages/airflow/example_dags/example_branch_labels.py
[2024-03-19T18:56:20.602+0000] {processor.py:840} INFO - DAG(s) 'example_branch_labels' retrieved from /home/airflow/.local/lib/python3.8/site-packages/airflow/example_dags/example_branch_labels.py
[2024-03-19T18:56:20.612+0000] {logging_mixin.py:188} INFO - [2024-03-19T18:56:20.611+0000] {dag.py:3047} INFO - Sync 1 DAGs
[2024-03-19T18:56:20.621+0000] {logging_mixin.py:188} INFO - [2024-03-19T18:56:20.621+0000] {dag.py:3834} INFO - Setting next_dagrun for example_branch_labels to 2024-03-18 00:00:00+00:00, run_after=2024-03-19 00:00:00+00:00
[2024-03-19T18:56:20.628+0000] {processor.py:183} INFO - Processing /home/airflow/.local/lib/python3.8/site-packages/airflow/example_dags/example_branch_labels.py took 0.032 seconds
[2024-03-19T18:56:51.065+0000] {processor.py:161} INFO - Started process (PID=4597) to work on /home/airflow/.local/lib/python3.8/site-packages/airflow/example_dags/example_branch_labels.py
[2024-03-19T18:56:51.066+0000] {processor.py:830} INFO - Processing file /home/airflow/.local/lib/python3.8/site-packages/airflow/example_dags/example_branch_labels.py for tasks to queue
[2024-03-19T18:56:51.066+0000] {logging_mixin.py:188} INFO - [2024-03-19T18:56:51.066+0000] {dagbag.py:540} INFO - Filling up the DagBag from /home/airflow/.local/lib/python3.8/site-packages/airflow/example_dags/example_branch_labels.py
[2024-03-19T18:56:51.070+0000] {processor.py:840} INFO - DAG(s) 'example_branch_labels' retrieved from /home/airflow/.local/lib/python3.8/site-packages/airflow/example_dags/example_branch_labels.py
[2024-03-19T18:56:51.079+0000] {logging_mixin.py:188} INFO - [2024-03-19T18:56:51.079+0000] {dag.py:3047} INFO - Sync 1 DAGs
[2024-03-19T18:56:51.089+0000] {logging_mixin.py:188} INFO - [2024-03-19T18:56:51.089+0000] {dag.py:3834} INFO - Setting next_dagrun for example_branch_labels to 2024-03-18 00:00:00+00:00, run_after=2024-03-19 00:00:00+00:00
[2024-03-19T18:56:51.096+0000] {processor.py:183} INFO - Processing /home/airflow/.local/lib/python3.8/site-packages/airflow/example_dags/example_branch_labels.py took 0.032 seconds
[2024-03-19T18:57:21.660+0000] {processor.py:161} INFO - Started process (PID=4844) to work on /home/airflow/.local/lib/python3.8/site-packages/airflow/example_dags/example_branch_labels.py
[2024-03-19T18:57:21.661+0000] {processor.py:830} INFO - Processing file /home/airflow/.local/lib/python3.8/site-packages/airflow/example_dags/example_branch_labels.py for tasks to queue
[2024-03-19T18:57:21.661+0000] {logging_mixin.py:188} INFO - [2024-03-19T18:57:21.661+0000] {dagbag.py:540} INFO - Filling up the DagBag from /home/airflow/.local/lib/python3.8/site-packages/airflow/example_dags/example_branch_labels.py
[2024-03-19T18:57:21.665+0000] {processor.py:840} INFO - DAG(s) 'example_branch_labels' retrieved from /home/airflow/.local/lib/python3.8/site-packages/airflow/example_dags/example_branch_labels.py
[2024-03-19T18:57:21.674+0000] {logging_mixin.py:188} INFO - [2024-03-19T18:57:21.674+0000] {dag.py:3047} INFO - Sync 1 DAGs
[2024-03-19T18:57:21.685+0000] {logging_mixin.py:188} INFO - [2024-03-19T18:57:21.685+0000] {dag.py:3834} INFO - Setting next_dagrun for example_branch_labels to 2024-03-18 00:00:00+00:00, run_after=2024-03-19 00:00:00+00:00
[2024-03-19T18:57:21.691+0000] {processor.py:183} INFO - Processing /home/airflow/.local/lib/python3.8/site-packages/airflow/example_dags/example_branch_labels.py took 0.033 seconds
[2024-03-19T18:57:52.151+0000] {processor.py:161} INFO - Started process (PID=5091) to work on /home/airflow/.local/lib/python3.8/site-packages/airflow/example_dags/example_branch_labels.py
[2024-03-19T18:57:52.152+0000] {processor.py:830} INFO - Processing file /home/airflow/.local/lib/python3.8/site-packages/airflow/example_dags/example_branch_labels.py for tasks to queue
[2024-03-19T18:57:52.153+0000] {logging_mixin.py:188} INFO - [2024-03-19T18:57:52.152+0000] {dagbag.py:540} INFO - Filling up the DagBag from /home/airflow/.local/lib/python3.8/site-packages/airflow/example_dags/example_branch_labels.py
[2024-03-19T18:57:52.156+0000] {processor.py:840} INFO - DAG(s) 'example_branch_labels' retrieved from /home/airflow/.local/lib/python3.8/site-packages/airflow/example_dags/example_branch_labels.py
[2024-03-19T18:57:52.167+0000] {logging_mixin.py:188} INFO - [2024-03-19T18:57:52.166+0000] {dag.py:3047} INFO - Sync 1 DAGs
[2024-03-19T18:57:52.177+0000] {logging_mixin.py:188} INFO - [2024-03-19T18:57:52.176+0000] {dag.py:3834} INFO - Setting next_dagrun for example_branch_labels to 2024-03-18 00:00:00+00:00, run_after=2024-03-19 00:00:00+00:00
[2024-03-19T18:57:52.184+0000] {processor.py:183} INFO - Processing /home/airflow/.local/lib/python3.8/site-packages/airflow/example_dags/example_branch_labels.py took 0.034 seconds
[2024-03-19T18:58:22.686+0000] {processor.py:161} INFO - Started process (PID=5338) to work on /home/airflow/.local/lib/python3.8/site-packages/airflow/example_dags/example_branch_labels.py
[2024-03-19T18:58:22.687+0000] {processor.py:830} INFO - Processing file /home/airflow/.local/lib/python3.8/site-packages/airflow/example_dags/example_branch_labels.py for tasks to queue
[2024-03-19T18:58:22.687+0000] {logging_mixin.py:188} INFO - [2024-03-19T18:58:22.687+0000] {dagbag.py:540} INFO - Filling up the DagBag from /home/airflow/.local/lib/python3.8/site-packages/airflow/example_dags/example_branch_labels.py
[2024-03-19T18:58:22.691+0000] {processor.py:840} INFO - DAG(s) 'example_branch_labels' retrieved from /home/airflow/.local/lib/python3.8/site-packages/airflow/example_dags/example_branch_labels.py
[2024-03-19T18:58:22.702+0000] {logging_mixin.py:188} INFO - [2024-03-19T18:58:22.701+0000] {dag.py:3047} INFO - Sync 1 DAGs
[2024-03-19T18:58:22.715+0000] {logging_mixin.py:188} INFO - [2024-03-19T18:58:22.715+0000] {dag.py:3834} INFO - Setting next_dagrun for example_branch_labels to 2024-03-18 00:00:00+00:00, run_after=2024-03-19 00:00:00+00:00
[2024-03-19T18:58:22.724+0000] {processor.py:183} INFO - Processing /home/airflow/.local/lib/python3.8/site-packages/airflow/example_dags/example_branch_labels.py took 0.039 seconds
[2024-03-19T18:58:53.358+0000] {processor.py:161} INFO - Started process (PID=5585) to work on /home/airflow/.local/lib/python3.8/site-packages/airflow/example_dags/example_branch_labels.py
[2024-03-19T18:58:53.358+0000] {processor.py:830} INFO - Processing file /home/airflow/.local/lib/python3.8/site-packages/airflow/example_dags/example_branch_labels.py for tasks to queue
[2024-03-19T18:58:53.359+0000] {logging_mixin.py:188} INFO - [2024-03-19T18:58:53.359+0000] {dagbag.py:540} INFO - Filling up the DagBag from /home/airflow/.local/lib/python3.8/site-packages/airflow/example_dags/example_branch_labels.py
[2024-03-19T18:58:53.362+0000] {processor.py:840} INFO - DAG(s) 'example_branch_labels' retrieved from /home/airflow/.local/lib/python3.8/site-packages/airflow/example_dags/example_branch_labels.py
[2024-03-19T18:58:53.371+0000] {logging_mixin.py:188} INFO - [2024-03-19T18:58:53.371+0000] {dag.py:3047} INFO - Sync 1 DAGs
[2024-03-19T18:58:53.380+0000] {logging_mixin.py:188} INFO - [2024-03-19T18:58:53.380+0000] {dag.py:3834} INFO - Setting next_dagrun for example_branch_labels to 2024-03-18 00:00:00+00:00, run_after=2024-03-19 00:00:00+00:00
[2024-03-19T18:58:53.387+0000] {processor.py:183} INFO - Processing /home/airflow/.local/lib/python3.8/site-packages/airflow/example_dags/example_branch_labels.py took 0.030 seconds
[2024-03-19T18:59:23.851+0000] {processor.py:161} INFO - Started process (PID=5832) to work on /home/airflow/.local/lib/python3.8/site-packages/airflow/example_dags/example_branch_labels.py
[2024-03-19T18:59:23.852+0000] {processor.py:830} INFO - Processing file /home/airflow/.local/lib/python3.8/site-packages/airflow/example_dags/example_branch_labels.py for tasks to queue
[2024-03-19T18:59:23.852+0000] {logging_mixin.py:188} INFO - [2024-03-19T18:59:23.852+0000] {dagbag.py:540} INFO - Filling up the DagBag from /home/airflow/.local/lib/python3.8/site-packages/airflow/example_dags/example_branch_labels.py
[2024-03-19T18:59:23.856+0000] {processor.py:840} INFO - DAG(s) 'example_branch_labels' retrieved from /home/airflow/.local/lib/python3.8/site-packages/airflow/example_dags/example_branch_labels.py
[2024-03-19T18:59:23.864+0000] {logging_mixin.py:188} INFO - [2024-03-19T18:59:23.864+0000] {dag.py:3047} INFO - Sync 1 DAGs
[2024-03-19T18:59:23.873+0000] {logging_mixin.py:188} INFO - [2024-03-19T18:59:23.873+0000] {dag.py:3834} INFO - Setting next_dagrun for example_branch_labels to 2024-03-18 00:00:00+00:00, run_after=2024-03-19 00:00:00+00:00
[2024-03-19T18:59:23.880+0000] {processor.py:183} INFO - Processing /home/airflow/.local/lib/python3.8/site-packages/airflow/example_dags/example_branch_labels.py took 0.030 seconds
[2024-03-19T18:59:54.474+0000] {processor.py:161} INFO - Started process (PID=6078) to work on /home/airflow/.local/lib/python3.8/site-packages/airflow/example_dags/example_branch_labels.py
[2024-03-19T18:59:54.475+0000] {processor.py:830} INFO - Processing file /home/airflow/.local/lib/python3.8/site-packages/airflow/example_dags/example_branch_labels.py for tasks to queue
[2024-03-19T18:59:54.475+0000] {logging_mixin.py:188} INFO - [2024-03-19T18:59:54.475+0000] {dagbag.py:540} INFO - Filling up the DagBag from /home/airflow/.local/lib/python3.8/site-packages/airflow/example_dags/example_branch_labels.py
[2024-03-19T18:59:54.479+0000] {processor.py:840} INFO - DAG(s) 'example_branch_labels' retrieved from /home/airflow/.local/lib/python3.8/site-packages/airflow/example_dags/example_branch_labels.py
[2024-03-19T18:59:54.488+0000] {logging_mixin.py:188} INFO - [2024-03-19T18:59:54.488+0000] {dag.py:3047} INFO - Sync 1 DAGs
[2024-03-19T18:59:54.498+0000] {logging_mixin.py:188} INFO - [2024-03-19T18:59:54.498+0000] {dag.py:3834} INFO - Setting next_dagrun for example_branch_labels to 2024-03-18 00:00:00+00:00, run_after=2024-03-19 00:00:00+00:00
[2024-03-19T18:59:54.505+0000] {processor.py:183} INFO - Processing /home/airflow/.local/lib/python3.8/site-packages/airflow/example_dags/example_branch_labels.py took 0.032 seconds
[2024-03-19T19:00:24.953+0000] {processor.py:161} INFO - Started process (PID=6325) to work on /home/airflow/.local/lib/python3.8/site-packages/airflow/example_dags/example_branch_labels.py
[2024-03-19T19:00:24.954+0000] {processor.py:830} INFO - Processing file /home/airflow/.local/lib/python3.8/site-packages/airflow/example_dags/example_branch_labels.py for tasks to queue
[2024-03-19T19:00:24.954+0000] {logging_mixin.py:188} INFO - [2024-03-19T19:00:24.954+0000] {dagbag.py:540} INFO - Filling up the DagBag from /home/airflow/.local/lib/python3.8/site-packages/airflow/example_dags/example_branch_labels.py
[2024-03-19T19:00:24.958+0000] {processor.py:840} INFO - DAG(s) 'example_branch_labels' retrieved from /home/airflow/.local/lib/python3.8/site-packages/airflow/example_dags/example_branch_labels.py
[2024-03-19T19:00:24.967+0000] {logging_mixin.py:188} INFO - [2024-03-19T19:00:24.967+0000] {dag.py:3047} INFO - Sync 1 DAGs
[2024-03-19T19:00:24.976+0000] {logging_mixin.py:188} INFO - [2024-03-19T19:00:24.976+0000] {dag.py:3834} INFO - Setting next_dagrun for example_branch_labels to 2024-03-18 00:00:00+00:00, run_after=2024-03-19 00:00:00+00:00
[2024-03-19T19:00:24.983+0000] {processor.py:183} INFO - Processing /home/airflow/.local/lib/python3.8/site-packages/airflow/example_dags/example_branch_labels.py took 0.031 seconds
[2024-03-19T19:00:55.506+0000] {processor.py:161} INFO - Started process (PID=6572) to work on /home/airflow/.local/lib/python3.8/site-packages/airflow/example_dags/example_branch_labels.py
[2024-03-19T19:00:55.507+0000] {processor.py:830} INFO - Processing file /home/airflow/.local/lib/python3.8/site-packages/airflow/example_dags/example_branch_labels.py for tasks to queue
[2024-03-19T19:00:55.507+0000] {logging_mixin.py:188} INFO - [2024-03-19T19:00:55.507+0000] {dagbag.py:540} INFO - Filling up the DagBag from /home/airflow/.local/lib/python3.8/site-packages/airflow/example_dags/example_branch_labels.py
[2024-03-19T19:00:55.511+0000] {processor.py:840} INFO - DAG(s) 'example_branch_labels' retrieved from /home/airflow/.local/lib/python3.8/site-packages/airflow/example_dags/example_branch_labels.py
[2024-03-19T19:00:55.520+0000] {logging_mixin.py:188} INFO - [2024-03-19T19:00:55.520+0000] {dag.py:3047} INFO - Sync 1 DAGs
[2024-03-19T19:00:55.530+0000] {logging_mixin.py:188} INFO - [2024-03-19T19:00:55.529+0000] {dag.py:3834} INFO - Setting next_dagrun for example_branch_labels to 2024-03-18 00:00:00+00:00, run_after=2024-03-19 00:00:00+00:00
[2024-03-19T19:00:55.537+0000] {processor.py:183} INFO - Processing /home/airflow/.local/lib/python3.8/site-packages/airflow/example_dags/example_branch_labels.py took 0.032 seconds
[2024-03-19T19:01:25.919+0000] {processor.py:161} INFO - Started process (PID=6819) to work on /home/airflow/.local/lib/python3.8/site-packages/airflow/example_dags/example_branch_labels.py
[2024-03-19T19:01:25.920+0000] {processor.py:830} INFO - Processing file /home/airflow/.local/lib/python3.8/site-packages/airflow/example_dags/example_branch_labels.py for tasks to queue
[2024-03-19T19:01:25.920+0000] {logging_mixin.py:188} INFO - [2024-03-19T19:01:25.920+0000] {dagbag.py:540} INFO - Filling up the DagBag from /home/airflow/.local/lib/python3.8/site-packages/airflow/example_dags/example_branch_labels.py
[2024-03-19T19:01:25.923+0000] {processor.py:840} INFO - DAG(s) 'example_branch_labels' retrieved from /home/airflow/.local/lib/python3.8/site-packages/airflow/example_dags/example_branch_labels.py
[2024-03-19T19:01:25.932+0000] {logging_mixin.py:188} INFO - [2024-03-19T19:01:25.932+0000] {dag.py:3047} INFO - Sync 1 DAGs
[2024-03-19T19:01:25.941+0000] {logging_mixin.py:188} INFO - [2024-03-19T19:01:25.941+0000] {dag.py:3834} INFO - Setting next_dagrun for example_branch_labels to 2024-03-18 00:00:00+00:00, run_after=2024-03-19 00:00:00+00:00
[2024-03-19T19:01:25.949+0000] {processor.py:183} INFO - Processing /home/airflow/.local/lib/python3.8/site-packages/airflow/example_dags/example_branch_labels.py took 0.032 seconds
[2024-03-19T19:01:56.458+0000] {processor.py:161} INFO - Started process (PID=7066) to work on /home/airflow/.local/lib/python3.8/site-packages/airflow/example_dags/example_branch_labels.py
[2024-03-19T19:01:56.458+0000] {processor.py:830} INFO - Processing file /home/airflow/.local/lib/python3.8/site-packages/airflow/example_dags/example_branch_labels.py for tasks to queue
[2024-03-19T19:01:56.459+0000] {logging_mixin.py:188} INFO - [2024-03-19T19:01:56.459+0000] {dagbag.py:540} INFO - Filling up the DagBag from /home/airflow/.local/lib/python3.8/site-packages/airflow/example_dags/example_branch_labels.py
[2024-03-19T19:01:56.462+0000] {processor.py:840} INFO - DAG(s) 'example_branch_labels' retrieved from /home/airflow/.local/lib/python3.8/site-packages/airflow/example_dags/example_branch_labels.py
[2024-03-19T19:01:56.472+0000] {logging_mixin.py:188} INFO - [2024-03-19T19:01:56.472+0000] {dag.py:3047} INFO - Sync 1 DAGs
[2024-03-19T19:01:56.481+0000] {logging_mixin.py:188} INFO - [2024-03-19T19:01:56.481+0000] {dag.py:3834} INFO - Setting next_dagrun for example_branch_labels to 2024-03-18 00:00:00+00:00, run_after=2024-03-19 00:00:00+00:00
[2024-03-19T19:01:56.488+0000] {processor.py:183} INFO - Processing /home/airflow/.local/lib/python3.8/site-packages/airflow/example_dags/example_branch_labels.py took 0.032 seconds
[2024-03-19T19:02:26.944+0000] {processor.py:161} INFO - Started process (PID=7312) to work on /home/airflow/.local/lib/python3.8/site-packages/airflow/example_dags/example_branch_labels.py
[2024-03-19T19:02:26.944+0000] {processor.py:830} INFO - Processing file /home/airflow/.local/lib/python3.8/site-packages/airflow/example_dags/example_branch_labels.py for tasks to queue
[2024-03-19T19:02:26.945+0000] {logging_mixin.py:188} INFO - [2024-03-19T19:02:26.944+0000] {dagbag.py:540} INFO - Filling up the DagBag from /home/airflow/.local/lib/python3.8/site-packages/airflow/example_dags/example_branch_labels.py
[2024-03-19T19:02:26.948+0000] {processor.py:840} INFO - DAG(s) 'example_branch_labels' retrieved from /home/airflow/.local/lib/python3.8/site-packages/airflow/example_dags/example_branch_labels.py
[2024-03-19T19:02:26.957+0000] {logging_mixin.py:188} INFO - [2024-03-19T19:02:26.957+0000] {dag.py:3047} INFO - Sync 1 DAGs
[2024-03-19T19:02:26.967+0000] {logging_mixin.py:188} INFO - [2024-03-19T19:02:26.967+0000] {dag.py:3834} INFO - Setting next_dagrun for example_branch_labels to 2024-03-18 00:00:00+00:00, run_after=2024-03-19 00:00:00+00:00
[2024-03-19T19:02:26.974+0000] {processor.py:183} INFO - Processing /home/airflow/.local/lib/python3.8/site-packages/airflow/example_dags/example_branch_labels.py took 0.032 seconds
[2024-03-19T19:02:57.421+0000] {processor.py:161} INFO - Started process (PID=7561) to work on /home/airflow/.local/lib/python3.8/site-packages/airflow/example_dags/example_branch_labels.py
[2024-03-19T19:02:57.422+0000] {processor.py:830} INFO - Processing file /home/airflow/.local/lib/python3.8/site-packages/airflow/example_dags/example_branch_labels.py for tasks to queue
[2024-03-19T19:02:57.422+0000] {logging_mixin.py:188} INFO - [2024-03-19T19:02:57.422+0000] {dagbag.py:540} INFO - Filling up the DagBag from /home/airflow/.local/lib/python3.8/site-packages/airflow/example_dags/example_branch_labels.py
[2024-03-19T19:02:57.426+0000] {processor.py:840} INFO - DAG(s) 'example_branch_labels' retrieved from /home/airflow/.local/lib/python3.8/site-packages/airflow/example_dags/example_branch_labels.py
[2024-03-19T19:02:57.435+0000] {logging_mixin.py:188} INFO - [2024-03-19T19:02:57.435+0000] {dag.py:3047} INFO - Sync 1 DAGs
[2024-03-19T19:02:57.445+0000] {logging_mixin.py:188} INFO - [2024-03-19T19:02:57.445+0000] {dag.py:3834} INFO - Setting next_dagrun for example_branch_labels to 2024-03-18 00:00:00+00:00, run_after=2024-03-19 00:00:00+00:00
[2024-03-19T19:02:57.451+0000] {processor.py:183} INFO - Processing /home/airflow/.local/lib/python3.8/site-packages/airflow/example_dags/example_branch_labels.py took 0.031 seconds
[2024-03-19T19:03:27.914+0000] {processor.py:161} INFO - Started process (PID=7806) to work on /home/airflow/.local/lib/python3.8/site-packages/airflow/example_dags/example_branch_labels.py
[2024-03-19T19:03:27.915+0000] {processor.py:830} INFO - Processing file /home/airflow/.local/lib/python3.8/site-packages/airflow/example_dags/example_branch_labels.py for tasks to queue
[2024-03-19T19:03:27.915+0000] {logging_mixin.py:188} INFO - [2024-03-19T19:03:27.915+0000] {dagbag.py:540} INFO - Filling up the DagBag from /home/airflow/.local/lib/python3.8/site-packages/airflow/example_dags/example_branch_labels.py
[2024-03-19T19:03:27.919+0000] {processor.py:840} INFO - DAG(s) 'example_branch_labels' retrieved from /home/airflow/.local/lib/python3.8/site-packages/airflow/example_dags/example_branch_labels.py
[2024-03-19T19:03:27.928+0000] {logging_mixin.py:188} INFO - [2024-03-19T19:03:27.928+0000] {dag.py:3047} INFO - Sync 1 DAGs
[2024-03-19T19:03:27.937+0000] {logging_mixin.py:188} INFO - [2024-03-19T19:03:27.937+0000] {dag.py:3834} INFO - Setting next_dagrun for example_branch_labels to 2024-03-18 00:00:00+00:00, run_after=2024-03-19 00:00:00+00:00
[2024-03-19T19:03:27.944+0000] {processor.py:183} INFO - Processing /home/airflow/.local/lib/python3.8/site-packages/airflow/example_dags/example_branch_labels.py took 0.031 seconds
[2024-03-19T19:03:58.444+0000] {processor.py:161} INFO - Started process (PID=8053) to work on /home/airflow/.local/lib/python3.8/site-packages/airflow/example_dags/example_branch_labels.py
[2024-03-19T19:03:58.445+0000] {processor.py:830} INFO - Processing file /home/airflow/.local/lib/python3.8/site-packages/airflow/example_dags/example_branch_labels.py for tasks to queue
[2024-03-19T19:03:58.445+0000] {logging_mixin.py:188} INFO - [2024-03-19T19:03:58.445+0000] {dagbag.py:540} INFO - Filling up the DagBag from /home/airflow/.local/lib/python3.8/site-packages/airflow/example_dags/example_branch_labels.py
[2024-03-19T19:03:58.449+0000] {processor.py:840} INFO - DAG(s) 'example_branch_labels' retrieved from /home/airflow/.local/lib/python3.8/site-packages/airflow/example_dags/example_branch_labels.py
[2024-03-19T19:03:58.458+0000] {logging_mixin.py:188} INFO - [2024-03-19T19:03:58.458+0000] {dag.py:3047} INFO - Sync 1 DAGs
[2024-03-19T19:03:58.467+0000] {logging_mixin.py:188} INFO - [2024-03-19T19:03:58.467+0000] {dag.py:3834} INFO - Setting next_dagrun for example_branch_labels to 2024-03-18 00:00:00+00:00, run_after=2024-03-19 00:00:00+00:00
[2024-03-19T19:03:58.474+0000] {processor.py:183} INFO - Processing /home/airflow/.local/lib/python3.8/site-packages/airflow/example_dags/example_branch_labels.py took 0.031 seconds
[2024-03-19T19:04:29.035+0000] {processor.py:161} INFO - Started process (PID=8302) to work on /home/airflow/.local/lib/python3.8/site-packages/airflow/example_dags/example_branch_labels.py
[2024-03-19T19:04:29.036+0000] {processor.py:830} INFO - Processing file /home/airflow/.local/lib/python3.8/site-packages/airflow/example_dags/example_branch_labels.py for tasks to queue
[2024-03-19T19:04:29.036+0000] {logging_mixin.py:188} INFO - [2024-03-19T19:04:29.036+0000] {dagbag.py:540} INFO - Filling up the DagBag from /home/airflow/.local/lib/python3.8/site-packages/airflow/example_dags/example_branch_labels.py
[2024-03-19T19:04:29.040+0000] {processor.py:840} INFO - DAG(s) 'example_branch_labels' retrieved from /home/airflow/.local/lib/python3.8/site-packages/airflow/example_dags/example_branch_labels.py
[2024-03-19T19:04:29.049+0000] {logging_mixin.py:188} INFO - [2024-03-19T19:04:29.049+0000] {dag.py:3047} INFO - Sync 1 DAGs
[2024-03-19T19:04:29.059+0000] {logging_mixin.py:188} INFO - [2024-03-19T19:04:29.058+0000] {dag.py:3834} INFO - Setting next_dagrun for example_branch_labels to 2024-03-18 00:00:00+00:00, run_after=2024-03-19 00:00:00+00:00
[2024-03-19T19:04:29.065+0000] {processor.py:183} INFO - Processing /home/airflow/.local/lib/python3.8/site-packages/airflow/example_dags/example_branch_labels.py took 0.032 seconds
[2024-03-19T19:04:59.547+0000] {processor.py:161} INFO - Started process (PID=8547) to work on /home/airflow/.local/lib/python3.8/site-packages/airflow/example_dags/example_branch_labels.py
[2024-03-19T19:04:59.547+0000] {processor.py:830} INFO - Processing file /home/airflow/.local/lib/python3.8/site-packages/airflow/example_dags/example_branch_labels.py for tasks to queue
[2024-03-19T19:04:59.548+0000] {logging_mixin.py:188} INFO - [2024-03-19T19:04:59.548+0000] {dagbag.py:540} INFO - Filling up the DagBag from /home/airflow/.local/lib/python3.8/site-packages/airflow/example_dags/example_branch_labels.py
[2024-03-19T19:04:59.551+0000] {processor.py:840} INFO - DAG(s) 'example_branch_labels' retrieved from /home/airflow/.local/lib/python3.8/site-packages/airflow/example_dags/example_branch_labels.py
[2024-03-19T19:04:59.561+0000] {logging_mixin.py:188} INFO - [2024-03-19T19:04:59.560+0000] {dag.py:3047} INFO - Sync 1 DAGs
[2024-03-19T19:04:59.570+0000] {logging_mixin.py:188} INFO - [2024-03-19T19:04:59.570+0000] {dag.py:3834} INFO - Setting next_dagrun for example_branch_labels to 2024-03-18 00:00:00+00:00, run_after=2024-03-19 00:00:00+00:00
[2024-03-19T19:04:59.576+0000] {processor.py:183} INFO - Processing /home/airflow/.local/lib/python3.8/site-packages/airflow/example_dags/example_branch_labels.py took 0.031 seconds
[2024-03-19T19:05:30.075+0000] {processor.py:161} INFO - Started process (PID=8794) to work on /home/airflow/.local/lib/python3.8/site-packages/airflow/example_dags/example_branch_labels.py
[2024-03-19T19:05:30.075+0000] {processor.py:830} INFO - Processing file /home/airflow/.local/lib/python3.8/site-packages/airflow/example_dags/example_branch_labels.py for tasks to queue
[2024-03-19T19:05:30.076+0000] {logging_mixin.py:188} INFO - [2024-03-19T19:05:30.076+0000] {dagbag.py:540} INFO - Filling up the DagBag from /home/airflow/.local/lib/python3.8/site-packages/airflow/example_dags/example_branch_labels.py
[2024-03-19T19:05:30.079+0000] {processor.py:840} INFO - DAG(s) 'example_branch_labels' retrieved from /home/airflow/.local/lib/python3.8/site-packages/airflow/example_dags/example_branch_labels.py
[2024-03-19T19:05:30.088+0000] {logging_mixin.py:188} INFO - [2024-03-19T19:05:30.088+0000] {dag.py:3047} INFO - Sync 1 DAGs
[2024-03-19T19:05:30.097+0000] {logging_mixin.py:188} INFO - [2024-03-19T19:05:30.097+0000] {dag.py:3834} INFO - Setting next_dagrun for example_branch_labels to 2024-03-18 00:00:00+00:00, run_after=2024-03-19 00:00:00+00:00
[2024-03-19T19:05:30.104+0000] {processor.py:183} INFO - Processing /home/airflow/.local/lib/python3.8/site-packages/airflow/example_dags/example_branch_labels.py took 0.030 seconds
[2024-03-19T19:06:00.762+0000] {processor.py:161} INFO - Started process (PID=9041) to work on /home/airflow/.local/lib/python3.8/site-packages/airflow/example_dags/example_branch_labels.py
[2024-03-19T19:06:00.762+0000] {processor.py:830} INFO - Processing file /home/airflow/.local/lib/python3.8/site-packages/airflow/example_dags/example_branch_labels.py for tasks to queue
[2024-03-19T19:06:00.763+0000] {logging_mixin.py:188} INFO - [2024-03-19T19:06:00.763+0000] {dagbag.py:540} INFO - Filling up the DagBag from /home/airflow/.local/lib/python3.8/site-packages/airflow/example_dags/example_branch_labels.py
[2024-03-19T19:06:00.767+0000] {processor.py:840} INFO - DAG(s) 'example_branch_labels' retrieved from /home/airflow/.local/lib/python3.8/site-packages/airflow/example_dags/example_branch_labels.py
[2024-03-19T19:06:00.778+0000] {logging_mixin.py:188} INFO - [2024-03-19T19:06:00.778+0000] {dag.py:3047} INFO - Sync 1 DAGs
[2024-03-19T19:06:00.789+0000] {logging_mixin.py:188} INFO - [2024-03-19T19:06:00.789+0000] {dag.py:3834} INFO - Setting next_dagrun for example_branch_labels to 2024-03-18 00:00:00+00:00, run_after=2024-03-19 00:00:00+00:00
[2024-03-19T19:06:00.796+0000] {processor.py:183} INFO - Processing /home/airflow/.local/lib/python3.8/site-packages/airflow/example_dags/example_branch_labels.py took 0.036 seconds
