[2024-03-19T18:48:10.581+0000] {processor.py:161} INFO - Started process (PID=196) to work on /home/airflow/.local/lib/python3.8/site-packages/airflow/example_dags/example_params_trigger_ui.py
[2024-03-19T18:48:10.581+0000] {processor.py:830} INFO - Processing file /home/airflow/.local/lib/python3.8/site-packages/airflow/example_dags/example_params_trigger_ui.py for tasks to queue
[2024-03-19T18:48:10.581+0000] {logging_mixin.py:188} INFO - [2024-03-19T18:48:10.581+0000] {dagbag.py:540} INFO - Filling up the DagBag from /home/airflow/.local/lib/python3.8/site-packages/airflow/example_dags/example_params_trigger_ui.py
[2024-03-19T18:48:10.589+0000] {processor.py:840} INFO - DAG(s) 'example_params_trigger_ui' retrieved from /home/airflow/.local/lib/python3.8/site-packages/airflow/example_dags/example_params_trigger_ui.py
[2024-03-19T18:48:10.595+0000] {logging_mixin.py:188} INFO - [2024-03-19T18:48:10.595+0000] {dag.py:3047} INFO - Sync 1 DAGs
[2024-03-19T18:48:10.603+0000] {logging_mixin.py:188} INFO - [2024-03-19T18:48:10.603+0000] {dag.py:3834} INFO - Setting next_dagrun for example_params_trigger_ui to None, run_after=None
[2024-03-19T18:48:10.615+0000] {processor.py:183} INFO - Processing /home/airflow/.local/lib/python3.8/site-packages/airflow/example_dags/example_params_trigger_ui.py took 0.036 seconds
[2024-03-19T18:48:40.884+0000] {processor.py:161} INFO - Started process (PID=443) to work on /home/airflow/.local/lib/python3.8/site-packages/airflow/example_dags/example_params_trigger_ui.py
[2024-03-19T18:48:40.885+0000] {processor.py:830} INFO - Processing file /home/airflow/.local/lib/python3.8/site-packages/airflow/example_dags/example_params_trigger_ui.py for tasks to queue
[2024-03-19T18:48:40.885+0000] {logging_mixin.py:188} INFO - [2024-03-19T18:48:40.885+0000] {dagbag.py:540} INFO - Filling up the DagBag from /home/airflow/.local/lib/python3.8/site-packages/airflow/example_dags/example_params_trigger_ui.py
[2024-03-19T18:48:40.892+0000] {processor.py:840} INFO - DAG(s) 'example_params_trigger_ui' retrieved from /home/airflow/.local/lib/python3.8/site-packages/airflow/example_dags/example_params_trigger_ui.py
[2024-03-19T18:48:41.034+0000] {logging_mixin.py:188} INFO - [2024-03-19T18:48:41.033+0000] {dag.py:3047} INFO - Sync 1 DAGs
[2024-03-19T18:48:41.040+0000] {logging_mixin.py:188} INFO - [2024-03-19T18:48:41.040+0000] {dag.py:3834} INFO - Setting next_dagrun for example_params_trigger_ui to None, run_after=None
[2024-03-19T18:48:41.063+0000] {processor.py:183} INFO - Processing /home/airflow/.local/lib/python3.8/site-packages/airflow/example_dags/example_params_trigger_ui.py took 0.180 seconds
[2024-03-19T18:49:11.441+0000] {processor.py:161} INFO - Started process (PID=690) to work on /home/airflow/.local/lib/python3.8/site-packages/airflow/example_dags/example_params_trigger_ui.py
[2024-03-19T18:49:11.442+0000] {processor.py:830} INFO - Processing file /home/airflow/.local/lib/python3.8/site-packages/airflow/example_dags/example_params_trigger_ui.py for tasks to queue
[2024-03-19T18:49:11.442+0000] {logging_mixin.py:188} INFO - [2024-03-19T18:49:11.442+0000] {dagbag.py:540} INFO - Filling up the DagBag from /home/airflow/.local/lib/python3.8/site-packages/airflow/example_dags/example_params_trigger_ui.py
[2024-03-19T18:49:11.448+0000] {processor.py:840} INFO - DAG(s) 'example_params_trigger_ui' retrieved from /home/airflow/.local/lib/python3.8/site-packages/airflow/example_dags/example_params_trigger_ui.py
[2024-03-19T18:49:11.469+0000] {logging_mixin.py:188} INFO - [2024-03-19T18:49:11.468+0000] {dag.py:3047} INFO - Sync 1 DAGs
[2024-03-19T18:49:11.474+0000] {logging_mixin.py:188} INFO - [2024-03-19T18:49:11.474+0000] {dag.py:3834} INFO - Setting next_dagrun for example_params_trigger_ui to None, run_after=None
[2024-03-19T18:49:11.481+0000] {processor.py:183} INFO - Processing /home/airflow/.local/lib/python3.8/site-packages/airflow/example_dags/example_params_trigger_ui.py took 0.041 seconds
[2024-03-19T18:49:41.979+0000] {processor.py:161} INFO - Started process (PID=937) to work on /home/airflow/.local/lib/python3.8/site-packages/airflow/example_dags/example_params_trigger_ui.py
[2024-03-19T18:49:41.980+0000] {processor.py:830} INFO - Processing file /home/airflow/.local/lib/python3.8/site-packages/airflow/example_dags/example_params_trigger_ui.py for tasks to queue
[2024-03-19T18:49:41.980+0000] {logging_mixin.py:188} INFO - [2024-03-19T18:49:41.980+0000] {dagbag.py:540} INFO - Filling up the DagBag from /home/airflow/.local/lib/python3.8/site-packages/airflow/example_dags/example_params_trigger_ui.py
[2024-03-19T18:49:41.987+0000] {processor.py:840} INFO - DAG(s) 'example_params_trigger_ui' retrieved from /home/airflow/.local/lib/python3.8/site-packages/airflow/example_dags/example_params_trigger_ui.py
[2024-03-19T18:49:42.007+0000] {logging_mixin.py:188} INFO - [2024-03-19T18:49:42.007+0000] {dag.py:3047} INFO - Sync 1 DAGs
[2024-03-19T18:49:42.013+0000] {logging_mixin.py:188} INFO - [2024-03-19T18:49:42.013+0000] {dag.py:3834} INFO - Setting next_dagrun for example_params_trigger_ui to None, run_after=None
[2024-03-19T18:49:42.019+0000] {processor.py:183} INFO - Processing /home/airflow/.local/lib/python3.8/site-packages/airflow/example_dags/example_params_trigger_ui.py took 0.042 seconds
[2024-03-19T18:50:12.498+0000] {processor.py:161} INFO - Started process (PID=1184) to work on /home/airflow/.local/lib/python3.8/site-packages/airflow/example_dags/example_params_trigger_ui.py
[2024-03-19T18:50:12.498+0000] {processor.py:830} INFO - Processing file /home/airflow/.local/lib/python3.8/site-packages/airflow/example_dags/example_params_trigger_ui.py for tasks to queue
[2024-03-19T18:50:12.499+0000] {logging_mixin.py:188} INFO - [2024-03-19T18:50:12.499+0000] {dagbag.py:540} INFO - Filling up the DagBag from /home/airflow/.local/lib/python3.8/site-packages/airflow/example_dags/example_params_trigger_ui.py
[2024-03-19T18:50:12.505+0000] {processor.py:840} INFO - DAG(s) 'example_params_trigger_ui' retrieved from /home/airflow/.local/lib/python3.8/site-packages/airflow/example_dags/example_params_trigger_ui.py
[2024-03-19T18:50:12.527+0000] {logging_mixin.py:188} INFO - [2024-03-19T18:50:12.526+0000] {dag.py:3047} INFO - Sync 1 DAGs
[2024-03-19T18:50:12.532+0000] {logging_mixin.py:188} INFO - [2024-03-19T18:50:12.532+0000] {dag.py:3834} INFO - Setting next_dagrun for example_params_trigger_ui to None, run_after=None
[2024-03-19T18:50:12.542+0000] {processor.py:183} INFO - Processing /home/airflow/.local/lib/python3.8/site-packages/airflow/example_dags/example_params_trigger_ui.py took 0.046 seconds
[2024-03-19T18:50:43.124+0000] {processor.py:161} INFO - Started process (PID=1457) to work on /home/airflow/.local/lib/python3.8/site-packages/airflow/example_dags/example_params_trigger_ui.py
[2024-03-19T18:50:43.124+0000] {processor.py:830} INFO - Processing file /home/airflow/.local/lib/python3.8/site-packages/airflow/example_dags/example_params_trigger_ui.py for tasks to queue
[2024-03-19T18:50:43.125+0000] {logging_mixin.py:188} INFO - [2024-03-19T18:50:43.125+0000] {dagbag.py:540} INFO - Filling up the DagBag from /home/airflow/.local/lib/python3.8/site-packages/airflow/example_dags/example_params_trigger_ui.py
[2024-03-19T18:50:43.131+0000] {processor.py:840} INFO - DAG(s) 'example_params_trigger_ui' retrieved from /home/airflow/.local/lib/python3.8/site-packages/airflow/example_dags/example_params_trigger_ui.py
[2024-03-19T18:50:43.150+0000] {logging_mixin.py:188} INFO - [2024-03-19T18:50:43.150+0000] {dag.py:3047} INFO - Sync 1 DAGs
[2024-03-19T18:50:43.156+0000] {logging_mixin.py:188} INFO - [2024-03-19T18:50:43.156+0000] {dag.py:3834} INFO - Setting next_dagrun for example_params_trigger_ui to None, run_after=None
[2024-03-19T18:50:43.163+0000] {processor.py:183} INFO - Processing /home/airflow/.local/lib/python3.8/site-packages/airflow/example_dags/example_params_trigger_ui.py took 0.041 seconds
[2024-03-19T18:51:13.943+0000] {processor.py:161} INFO - Started process (PID=1702) to work on /home/airflow/.local/lib/python3.8/site-packages/airflow/example_dags/example_params_trigger_ui.py
[2024-03-19T18:51:13.944+0000] {processor.py:830} INFO - Processing file /home/airflow/.local/lib/python3.8/site-packages/airflow/example_dags/example_params_trigger_ui.py for tasks to queue
[2024-03-19T18:51:13.945+0000] {logging_mixin.py:188} INFO - [2024-03-19T18:51:13.945+0000] {dagbag.py:540} INFO - Filling up the DagBag from /home/airflow/.local/lib/python3.8/site-packages/airflow/example_dags/example_params_trigger_ui.py
[2024-03-19T18:51:13.952+0000] {processor.py:840} INFO - DAG(s) 'example_params_trigger_ui' retrieved from /home/airflow/.local/lib/python3.8/site-packages/airflow/example_dags/example_params_trigger_ui.py
[2024-03-19T18:51:13.973+0000] {logging_mixin.py:188} INFO - [2024-03-19T18:51:13.973+0000] {dag.py:3047} INFO - Sync 1 DAGs
[2024-03-19T18:51:13.978+0000] {logging_mixin.py:188} INFO - [2024-03-19T18:51:13.978+0000] {dag.py:3834} INFO - Setting next_dagrun for example_params_trigger_ui to None, run_after=None
[2024-03-19T18:51:13.985+0000] {processor.py:183} INFO - Processing /home/airflow/.local/lib/python3.8/site-packages/airflow/example_dags/example_params_trigger_ui.py took 0.044 seconds
[2024-03-19T18:51:44.301+0000] {processor.py:161} INFO - Started process (PID=1949) to work on /home/airflow/.local/lib/python3.8/site-packages/airflow/example_dags/example_params_trigger_ui.py
[2024-03-19T18:51:44.301+0000] {processor.py:830} INFO - Processing file /home/airflow/.local/lib/python3.8/site-packages/airflow/example_dags/example_params_trigger_ui.py for tasks to queue
[2024-03-19T18:51:44.301+0000] {logging_mixin.py:188} INFO - [2024-03-19T18:51:44.301+0000] {dagbag.py:540} INFO - Filling up the DagBag from /home/airflow/.local/lib/python3.8/site-packages/airflow/example_dags/example_params_trigger_ui.py
[2024-03-19T18:51:44.307+0000] {processor.py:840} INFO - DAG(s) 'example_params_trigger_ui' retrieved from /home/airflow/.local/lib/python3.8/site-packages/airflow/example_dags/example_params_trigger_ui.py
[2024-03-19T18:51:44.328+0000] {logging_mixin.py:188} INFO - [2024-03-19T18:51:44.328+0000] {dag.py:3047} INFO - Sync 1 DAGs
[2024-03-19T18:51:44.335+0000] {logging_mixin.py:188} INFO - [2024-03-19T18:51:44.334+0000] {dag.py:3834} INFO - Setting next_dagrun for example_params_trigger_ui to None, run_after=None
[2024-03-19T18:51:44.341+0000] {processor.py:183} INFO - Processing /home/airflow/.local/lib/python3.8/site-packages/airflow/example_dags/example_params_trigger_ui.py took 0.042 seconds
[2024-03-19T18:52:14.679+0000] {processor.py:161} INFO - Started process (PID=2195) to work on /home/airflow/.local/lib/python3.8/site-packages/airflow/example_dags/example_params_trigger_ui.py
[2024-03-19T18:52:14.680+0000] {processor.py:830} INFO - Processing file /home/airflow/.local/lib/python3.8/site-packages/airflow/example_dags/example_params_trigger_ui.py for tasks to queue
[2024-03-19T18:52:14.680+0000] {logging_mixin.py:188} INFO - [2024-03-19T18:52:14.680+0000] {dagbag.py:540} INFO - Filling up the DagBag from /home/airflow/.local/lib/python3.8/site-packages/airflow/example_dags/example_params_trigger_ui.py
[2024-03-19T18:52:14.687+0000] {processor.py:840} INFO - DAG(s) 'example_params_trigger_ui' retrieved from /home/airflow/.local/lib/python3.8/site-packages/airflow/example_dags/example_params_trigger_ui.py
[2024-03-19T18:52:14.708+0000] {logging_mixin.py:188} INFO - [2024-03-19T18:52:14.708+0000] {dag.py:3047} INFO - Sync 1 DAGs
[2024-03-19T18:52:14.714+0000] {logging_mixin.py:188} INFO - [2024-03-19T18:52:14.713+0000] {dag.py:3834} INFO - Setting next_dagrun for example_params_trigger_ui to None, run_after=None
[2024-03-19T18:52:14.720+0000] {processor.py:183} INFO - Processing /home/airflow/.local/lib/python3.8/site-packages/airflow/example_dags/example_params_trigger_ui.py took 0.043 seconds
[2024-03-19T18:52:45.111+0000] {processor.py:161} INFO - Started process (PID=2442) to work on /home/airflow/.local/lib/python3.8/site-packages/airflow/example_dags/example_params_trigger_ui.py
[2024-03-19T18:52:45.112+0000] {processor.py:830} INFO - Processing file /home/airflow/.local/lib/python3.8/site-packages/airflow/example_dags/example_params_trigger_ui.py for tasks to queue
[2024-03-19T18:52:45.112+0000] {logging_mixin.py:188} INFO - [2024-03-19T18:52:45.112+0000] {dagbag.py:540} INFO - Filling up the DagBag from /home/airflow/.local/lib/python3.8/site-packages/airflow/example_dags/example_params_trigger_ui.py
[2024-03-19T18:52:45.119+0000] {processor.py:840} INFO - DAG(s) 'example_params_trigger_ui' retrieved from /home/airflow/.local/lib/python3.8/site-packages/airflow/example_dags/example_params_trigger_ui.py
[2024-03-19T18:52:45.140+0000] {logging_mixin.py:188} INFO - [2024-03-19T18:52:45.140+0000] {dag.py:3047} INFO - Sync 1 DAGs
[2024-03-19T18:52:45.145+0000] {logging_mixin.py:188} INFO - [2024-03-19T18:52:45.145+0000] {dag.py:3834} INFO - Setting next_dagrun for example_params_trigger_ui to None, run_after=None
[2024-03-19T18:52:45.152+0000] {processor.py:183} INFO - Processing /home/airflow/.local/lib/python3.8/site-packages/airflow/example_dags/example_params_trigger_ui.py took 0.042 seconds
[2024-03-19T18:53:15.602+0000] {processor.py:161} INFO - Started process (PID=2689) to work on /home/airflow/.local/lib/python3.8/site-packages/airflow/example_dags/example_params_trigger_ui.py
[2024-03-19T18:53:15.602+0000] {processor.py:830} INFO - Processing file /home/airflow/.local/lib/python3.8/site-packages/airflow/example_dags/example_params_trigger_ui.py for tasks to queue
[2024-03-19T18:53:15.603+0000] {logging_mixin.py:188} INFO - [2024-03-19T18:53:15.603+0000] {dagbag.py:540} INFO - Filling up the DagBag from /home/airflow/.local/lib/python3.8/site-packages/airflow/example_dags/example_params_trigger_ui.py
[2024-03-19T18:53:15.610+0000] {processor.py:840} INFO - DAG(s) 'example_params_trigger_ui' retrieved from /home/airflow/.local/lib/python3.8/site-packages/airflow/example_dags/example_params_trigger_ui.py
[2024-03-19T18:53:15.630+0000] {logging_mixin.py:188} INFO - [2024-03-19T18:53:15.630+0000] {dag.py:3047} INFO - Sync 1 DAGs
[2024-03-19T18:53:15.635+0000] {logging_mixin.py:188} INFO - [2024-03-19T18:53:15.635+0000] {dag.py:3834} INFO - Setting next_dagrun for example_params_trigger_ui to None, run_after=None
[2024-03-19T18:53:15.643+0000] {processor.py:183} INFO - Processing /home/airflow/.local/lib/python3.8/site-packages/airflow/example_dags/example_params_trigger_ui.py took 0.043 seconds
[2024-03-19T18:53:46.138+0000] {processor.py:161} INFO - Started process (PID=2936) to work on /home/airflow/.local/lib/python3.8/site-packages/airflow/example_dags/example_params_trigger_ui.py
[2024-03-19T18:53:46.139+0000] {processor.py:830} INFO - Processing file /home/airflow/.local/lib/python3.8/site-packages/airflow/example_dags/example_params_trigger_ui.py for tasks to queue
[2024-03-19T18:53:46.139+0000] {logging_mixin.py:188} INFO - [2024-03-19T18:53:46.139+0000] {dagbag.py:540} INFO - Filling up the DagBag from /home/airflow/.local/lib/python3.8/site-packages/airflow/example_dags/example_params_trigger_ui.py
[2024-03-19T18:53:46.148+0000] {processor.py:840} INFO - DAG(s) 'example_params_trigger_ui' retrieved from /home/airflow/.local/lib/python3.8/site-packages/airflow/example_dags/example_params_trigger_ui.py
[2024-03-19T18:53:46.170+0000] {logging_mixin.py:188} INFO - [2024-03-19T18:53:46.170+0000] {dag.py:3047} INFO - Sync 1 DAGs
[2024-03-19T18:53:46.177+0000] {logging_mixin.py:188} INFO - [2024-03-19T18:53:46.177+0000] {dag.py:3834} INFO - Setting next_dagrun for example_params_trigger_ui to None, run_after=None
[2024-03-19T18:53:46.186+0000] {processor.py:183} INFO - Processing /home/airflow/.local/lib/python3.8/site-packages/airflow/example_dags/example_params_trigger_ui.py took 0.049 seconds
[2024-03-19T18:54:16.833+0000] {processor.py:161} INFO - Started process (PID=3183) to work on /home/airflow/.local/lib/python3.8/site-packages/airflow/example_dags/example_params_trigger_ui.py
[2024-03-19T18:54:16.834+0000] {processor.py:830} INFO - Processing file /home/airflow/.local/lib/python3.8/site-packages/airflow/example_dags/example_params_trigger_ui.py for tasks to queue
[2024-03-19T18:54:16.834+0000] {logging_mixin.py:188} INFO - [2024-03-19T18:54:16.834+0000] {dagbag.py:540} INFO - Filling up the DagBag from /home/airflow/.local/lib/python3.8/site-packages/airflow/example_dags/example_params_trigger_ui.py
[2024-03-19T18:54:16.841+0000] {processor.py:840} INFO - DAG(s) 'example_params_trigger_ui' retrieved from /home/airflow/.local/lib/python3.8/site-packages/airflow/example_dags/example_params_trigger_ui.py
[2024-03-19T18:54:16.863+0000] {logging_mixin.py:188} INFO - [2024-03-19T18:54:16.863+0000] {dag.py:3047} INFO - Sync 1 DAGs
[2024-03-19T18:54:16.870+0000] {logging_mixin.py:188} INFO - [2024-03-19T18:54:16.870+0000] {dag.py:3834} INFO - Setting next_dagrun for example_params_trigger_ui to None, run_after=None
[2024-03-19T18:54:16.881+0000] {processor.py:183} INFO - Processing /home/airflow/.local/lib/python3.8/site-packages/airflow/example_dags/example_params_trigger_ui.py took 0.049 seconds
[2024-03-19T18:54:47.333+0000] {processor.py:161} INFO - Started process (PID=3430) to work on /home/airflow/.local/lib/python3.8/site-packages/airflow/example_dags/example_params_trigger_ui.py
[2024-03-19T18:54:47.334+0000] {processor.py:830} INFO - Processing file /home/airflow/.local/lib/python3.8/site-packages/airflow/example_dags/example_params_trigger_ui.py for tasks to queue
[2024-03-19T18:54:47.334+0000] {logging_mixin.py:188} INFO - [2024-03-19T18:54:47.334+0000] {dagbag.py:540} INFO - Filling up the DagBag from /home/airflow/.local/lib/python3.8/site-packages/airflow/example_dags/example_params_trigger_ui.py
[2024-03-19T18:54:47.344+0000] {processor.py:840} INFO - DAG(s) 'example_params_trigger_ui' retrieved from /home/airflow/.local/lib/python3.8/site-packages/airflow/example_dags/example_params_trigger_ui.py
[2024-03-19T18:54:47.370+0000] {logging_mixin.py:188} INFO - [2024-03-19T18:54:47.369+0000] {dag.py:3047} INFO - Sync 1 DAGs
[2024-03-19T18:54:47.375+0000] {logging_mixin.py:188} INFO - [2024-03-19T18:54:47.375+0000] {dag.py:3834} INFO - Setting next_dagrun for example_params_trigger_ui to None, run_after=None
[2024-03-19T18:54:47.382+0000] {processor.py:183} INFO - Processing /home/airflow/.local/lib/python3.8/site-packages/airflow/example_dags/example_params_trigger_ui.py took 0.051 seconds
[2024-03-19T18:55:17.774+0000] {processor.py:161} INFO - Started process (PID=3677) to work on /home/airflow/.local/lib/python3.8/site-packages/airflow/example_dags/example_params_trigger_ui.py
[2024-03-19T18:55:17.775+0000] {processor.py:830} INFO - Processing file /home/airflow/.local/lib/python3.8/site-packages/airflow/example_dags/example_params_trigger_ui.py for tasks to queue
[2024-03-19T18:55:17.775+0000] {logging_mixin.py:188} INFO - [2024-03-19T18:55:17.775+0000] {dagbag.py:540} INFO - Filling up the DagBag from /home/airflow/.local/lib/python3.8/site-packages/airflow/example_dags/example_params_trigger_ui.py
[2024-03-19T18:55:17.782+0000] {processor.py:840} INFO - DAG(s) 'example_params_trigger_ui' retrieved from /home/airflow/.local/lib/python3.8/site-packages/airflow/example_dags/example_params_trigger_ui.py
[2024-03-19T18:55:17.802+0000] {logging_mixin.py:188} INFO - [2024-03-19T18:55:17.802+0000] {dag.py:3047} INFO - Sync 1 DAGs
[2024-03-19T18:55:17.808+0000] {logging_mixin.py:188} INFO - [2024-03-19T18:55:17.808+0000] {dag.py:3834} INFO - Setting next_dagrun for example_params_trigger_ui to None, run_after=None
[2024-03-19T18:55:17.815+0000] {processor.py:183} INFO - Processing /home/airflow/.local/lib/python3.8/site-packages/airflow/example_dags/example_params_trigger_ui.py took 0.042 seconds
[2024-03-19T18:55:48.253+0000] {processor.py:161} INFO - Started process (PID=3924) to work on /home/airflow/.local/lib/python3.8/site-packages/airflow/example_dags/example_params_trigger_ui.py
[2024-03-19T18:55:48.253+0000] {processor.py:830} INFO - Processing file /home/airflow/.local/lib/python3.8/site-packages/airflow/example_dags/example_params_trigger_ui.py for tasks to queue
[2024-03-19T18:55:48.254+0000] {logging_mixin.py:188} INFO - [2024-03-19T18:55:48.253+0000] {dagbag.py:540} INFO - Filling up the DagBag from /home/airflow/.local/lib/python3.8/site-packages/airflow/example_dags/example_params_trigger_ui.py
[2024-03-19T18:55:48.260+0000] {processor.py:840} INFO - DAG(s) 'example_params_trigger_ui' retrieved from /home/airflow/.local/lib/python3.8/site-packages/airflow/example_dags/example_params_trigger_ui.py
[2024-03-19T18:55:48.280+0000] {logging_mixin.py:188} INFO - [2024-03-19T18:55:48.280+0000] {dag.py:3047} INFO - Sync 1 DAGs
[2024-03-19T18:55:48.286+0000] {logging_mixin.py:188} INFO - [2024-03-19T18:55:48.286+0000] {dag.py:3834} INFO - Setting next_dagrun for example_params_trigger_ui to None, run_after=None
[2024-03-19T18:55:48.294+0000] {processor.py:183} INFO - Processing /home/airflow/.local/lib/python3.8/site-packages/airflow/example_dags/example_params_trigger_ui.py took 0.043 seconds
[2024-03-19T18:56:18.763+0000] {processor.py:161} INFO - Started process (PID=4171) to work on /home/airflow/.local/lib/python3.8/site-packages/airflow/example_dags/example_params_trigger_ui.py
[2024-03-19T18:56:18.764+0000] {processor.py:830} INFO - Processing file /home/airflow/.local/lib/python3.8/site-packages/airflow/example_dags/example_params_trigger_ui.py for tasks to queue
[2024-03-19T18:56:18.764+0000] {logging_mixin.py:188} INFO - [2024-03-19T18:56:18.764+0000] {dagbag.py:540} INFO - Filling up the DagBag from /home/airflow/.local/lib/python3.8/site-packages/airflow/example_dags/example_params_trigger_ui.py
[2024-03-19T18:56:18.771+0000] {processor.py:840} INFO - DAG(s) 'example_params_trigger_ui' retrieved from /home/airflow/.local/lib/python3.8/site-packages/airflow/example_dags/example_params_trigger_ui.py
[2024-03-19T18:56:18.791+0000] {logging_mixin.py:188} INFO - [2024-03-19T18:56:18.791+0000] {dag.py:3047} INFO - Sync 1 DAGs
[2024-03-19T18:56:18.797+0000] {logging_mixin.py:188} INFO - [2024-03-19T18:56:18.797+0000] {dag.py:3834} INFO - Setting next_dagrun for example_params_trigger_ui to None, run_after=None
[2024-03-19T18:56:18.804+0000] {processor.py:183} INFO - Processing /home/airflow/.local/lib/python3.8/site-packages/airflow/example_dags/example_params_trigger_ui.py took 0.042 seconds
[2024-03-19T18:56:49.245+0000] {processor.py:161} INFO - Started process (PID=4417) to work on /home/airflow/.local/lib/python3.8/site-packages/airflow/example_dags/example_params_trigger_ui.py
[2024-03-19T18:56:49.246+0000] {processor.py:830} INFO - Processing file /home/airflow/.local/lib/python3.8/site-packages/airflow/example_dags/example_params_trigger_ui.py for tasks to queue
[2024-03-19T18:56:49.246+0000] {logging_mixin.py:188} INFO - [2024-03-19T18:56:49.246+0000] {dagbag.py:540} INFO - Filling up the DagBag from /home/airflow/.local/lib/python3.8/site-packages/airflow/example_dags/example_params_trigger_ui.py
[2024-03-19T18:56:49.252+0000] {processor.py:840} INFO - DAG(s) 'example_params_trigger_ui' retrieved from /home/airflow/.local/lib/python3.8/site-packages/airflow/example_dags/example_params_trigger_ui.py
[2024-03-19T18:56:49.273+0000] {logging_mixin.py:188} INFO - [2024-03-19T18:56:49.273+0000] {dag.py:3047} INFO - Sync 1 DAGs
[2024-03-19T18:56:49.278+0000] {logging_mixin.py:188} INFO - [2024-03-19T18:56:49.278+0000] {dag.py:3834} INFO - Setting next_dagrun for example_params_trigger_ui to None, run_after=None
[2024-03-19T18:56:49.285+0000] {processor.py:183} INFO - Processing /home/airflow/.local/lib/python3.8/site-packages/airflow/example_dags/example_params_trigger_ui.py took 0.042 seconds
[2024-03-19T18:57:19.791+0000] {processor.py:161} INFO - Started process (PID=4666) to work on /home/airflow/.local/lib/python3.8/site-packages/airflow/example_dags/example_params_trigger_ui.py
[2024-03-19T18:57:19.792+0000] {processor.py:830} INFO - Processing file /home/airflow/.local/lib/python3.8/site-packages/airflow/example_dags/example_params_trigger_ui.py for tasks to queue
[2024-03-19T18:57:19.792+0000] {logging_mixin.py:188} INFO - [2024-03-19T18:57:19.792+0000] {dagbag.py:540} INFO - Filling up the DagBag from /home/airflow/.local/lib/python3.8/site-packages/airflow/example_dags/example_params_trigger_ui.py
[2024-03-19T18:57:19.802+0000] {processor.py:840} INFO - DAG(s) 'example_params_trigger_ui' retrieved from /home/airflow/.local/lib/python3.8/site-packages/airflow/example_dags/example_params_trigger_ui.py
[2024-03-19T18:57:19.825+0000] {logging_mixin.py:188} INFO - [2024-03-19T18:57:19.825+0000] {dag.py:3047} INFO - Sync 1 DAGs
[2024-03-19T18:57:19.830+0000] {logging_mixin.py:188} INFO - [2024-03-19T18:57:19.830+0000] {dag.py:3834} INFO - Setting next_dagrun for example_params_trigger_ui to None, run_after=None
[2024-03-19T18:57:19.838+0000] {processor.py:183} INFO - Processing /home/airflow/.local/lib/python3.8/site-packages/airflow/example_dags/example_params_trigger_ui.py took 0.048 seconds
[2024-03-19T18:57:50.280+0000] {processor.py:161} INFO - Started process (PID=4911) to work on /home/airflow/.local/lib/python3.8/site-packages/airflow/example_dags/example_params_trigger_ui.py
[2024-03-19T18:57:50.281+0000] {processor.py:830} INFO - Processing file /home/airflow/.local/lib/python3.8/site-packages/airflow/example_dags/example_params_trigger_ui.py for tasks to queue
[2024-03-19T18:57:50.282+0000] {logging_mixin.py:188} INFO - [2024-03-19T18:57:50.282+0000] {dagbag.py:540} INFO - Filling up the DagBag from /home/airflow/.local/lib/python3.8/site-packages/airflow/example_dags/example_params_trigger_ui.py
[2024-03-19T18:57:50.289+0000] {processor.py:840} INFO - DAG(s) 'example_params_trigger_ui' retrieved from /home/airflow/.local/lib/python3.8/site-packages/airflow/example_dags/example_params_trigger_ui.py
[2024-03-19T18:57:50.311+0000] {logging_mixin.py:188} INFO - [2024-03-19T18:57:50.311+0000] {dag.py:3047} INFO - Sync 1 DAGs
[2024-03-19T18:57:50.318+0000] {logging_mixin.py:188} INFO - [2024-03-19T18:57:50.318+0000] {dag.py:3834} INFO - Setting next_dagrun for example_params_trigger_ui to None, run_after=None
[2024-03-19T18:57:50.327+0000] {processor.py:183} INFO - Processing /home/airflow/.local/lib/python3.8/site-packages/airflow/example_dags/example_params_trigger_ui.py took 0.048 seconds
[2024-03-19T18:58:20.826+0000] {processor.py:161} INFO - Started process (PID=5158) to work on /home/airflow/.local/lib/python3.8/site-packages/airflow/example_dags/example_params_trigger_ui.py
[2024-03-19T18:58:20.827+0000] {processor.py:830} INFO - Processing file /home/airflow/.local/lib/python3.8/site-packages/airflow/example_dags/example_params_trigger_ui.py for tasks to queue
[2024-03-19T18:58:20.827+0000] {logging_mixin.py:188} INFO - [2024-03-19T18:58:20.827+0000] {dagbag.py:540} INFO - Filling up the DagBag from /home/airflow/.local/lib/python3.8/site-packages/airflow/example_dags/example_params_trigger_ui.py
[2024-03-19T18:58:20.837+0000] {processor.py:840} INFO - DAG(s) 'example_params_trigger_ui' retrieved from /home/airflow/.local/lib/python3.8/site-packages/airflow/example_dags/example_params_trigger_ui.py
[2024-03-19T18:58:20.867+0000] {logging_mixin.py:188} INFO - [2024-03-19T18:58:20.866+0000] {dag.py:3047} INFO - Sync 1 DAGs
[2024-03-19T18:58:20.873+0000] {logging_mixin.py:188} INFO - [2024-03-19T18:58:20.872+0000] {dag.py:3834} INFO - Setting next_dagrun for example_params_trigger_ui to None, run_after=None
[2024-03-19T18:58:20.880+0000] {processor.py:183} INFO - Processing /home/airflow/.local/lib/python3.8/site-packages/airflow/example_dags/example_params_trigger_ui.py took 0.056 seconds
[2024-03-19T18:58:51.367+0000] {processor.py:161} INFO - Started process (PID=5405) to work on /home/airflow/.local/lib/python3.8/site-packages/airflow/example_dags/example_params_trigger_ui.py
[2024-03-19T18:58:51.368+0000] {processor.py:830} INFO - Processing file /home/airflow/.local/lib/python3.8/site-packages/airflow/example_dags/example_params_trigger_ui.py for tasks to queue
[2024-03-19T18:58:51.368+0000] {logging_mixin.py:188} INFO - [2024-03-19T18:58:51.368+0000] {dagbag.py:540} INFO - Filling up the DagBag from /home/airflow/.local/lib/python3.8/site-packages/airflow/example_dags/example_params_trigger_ui.py
[2024-03-19T18:58:51.375+0000] {processor.py:840} INFO - DAG(s) 'example_params_trigger_ui' retrieved from /home/airflow/.local/lib/python3.8/site-packages/airflow/example_dags/example_params_trigger_ui.py
[2024-03-19T18:58:51.396+0000] {logging_mixin.py:188} INFO - [2024-03-19T18:58:51.396+0000] {dag.py:3047} INFO - Sync 1 DAGs
[2024-03-19T18:58:51.401+0000] {logging_mixin.py:188} INFO - [2024-03-19T18:58:51.401+0000] {dag.py:3834} INFO - Setting next_dagrun for example_params_trigger_ui to None, run_after=None
[2024-03-19T18:58:51.409+0000] {processor.py:183} INFO - Processing /home/airflow/.local/lib/python3.8/site-packages/airflow/example_dags/example_params_trigger_ui.py took 0.043 seconds
[2024-03-19T18:59:22.020+0000] {processor.py:161} INFO - Started process (PID=5652) to work on /home/airflow/.local/lib/python3.8/site-packages/airflow/example_dags/example_params_trigger_ui.py
[2024-03-19T18:59:22.020+0000] {processor.py:830} INFO - Processing file /home/airflow/.local/lib/python3.8/site-packages/airflow/example_dags/example_params_trigger_ui.py for tasks to queue
[2024-03-19T18:59:22.021+0000] {logging_mixin.py:188} INFO - [2024-03-19T18:59:22.021+0000] {dagbag.py:540} INFO - Filling up the DagBag from /home/airflow/.local/lib/python3.8/site-packages/airflow/example_dags/example_params_trigger_ui.py
[2024-03-19T18:59:22.027+0000] {processor.py:840} INFO - DAG(s) 'example_params_trigger_ui' retrieved from /home/airflow/.local/lib/python3.8/site-packages/airflow/example_dags/example_params_trigger_ui.py
[2024-03-19T18:59:22.047+0000] {logging_mixin.py:188} INFO - [2024-03-19T18:59:22.047+0000] {dag.py:3047} INFO - Sync 1 DAGs
[2024-03-19T18:59:22.053+0000] {logging_mixin.py:188} INFO - [2024-03-19T18:59:22.053+0000] {dag.py:3834} INFO - Setting next_dagrun for example_params_trigger_ui to None, run_after=None
[2024-03-19T18:59:22.060+0000] {processor.py:183} INFO - Processing /home/airflow/.local/lib/python3.8/site-packages/airflow/example_dags/example_params_trigger_ui.py took 0.042 seconds
[2024-03-19T18:59:52.520+0000] {processor.py:161} INFO - Started process (PID=5898) to work on /home/airflow/.local/lib/python3.8/site-packages/airflow/example_dags/example_params_trigger_ui.py
[2024-03-19T18:59:52.520+0000] {processor.py:830} INFO - Processing file /home/airflow/.local/lib/python3.8/site-packages/airflow/example_dags/example_params_trigger_ui.py for tasks to queue
[2024-03-19T18:59:52.521+0000] {logging_mixin.py:188} INFO - [2024-03-19T18:59:52.521+0000] {dagbag.py:540} INFO - Filling up the DagBag from /home/airflow/.local/lib/python3.8/site-packages/airflow/example_dags/example_params_trigger_ui.py
[2024-03-19T18:59:52.527+0000] {processor.py:840} INFO - DAG(s) 'example_params_trigger_ui' retrieved from /home/airflow/.local/lib/python3.8/site-packages/airflow/example_dags/example_params_trigger_ui.py
[2024-03-19T18:59:52.555+0000] {logging_mixin.py:188} INFO - [2024-03-19T18:59:52.555+0000] {dag.py:3047} INFO - Sync 1 DAGs
[2024-03-19T18:59:52.560+0000] {logging_mixin.py:188} INFO - [2024-03-19T18:59:52.560+0000] {dag.py:3834} INFO - Setting next_dagrun for example_params_trigger_ui to None, run_after=None
[2024-03-19T18:59:52.567+0000] {processor.py:183} INFO - Processing /home/airflow/.local/lib/python3.8/site-packages/airflow/example_dags/example_params_trigger_ui.py took 0.049 seconds
[2024-03-19T19:00:23.148+0000] {processor.py:161} INFO - Started process (PID=6145) to work on /home/airflow/.local/lib/python3.8/site-packages/airflow/example_dags/example_params_trigger_ui.py
[2024-03-19T19:00:23.148+0000] {processor.py:830} INFO - Processing file /home/airflow/.local/lib/python3.8/site-packages/airflow/example_dags/example_params_trigger_ui.py for tasks to queue
[2024-03-19T19:00:23.149+0000] {logging_mixin.py:188} INFO - [2024-03-19T19:00:23.149+0000] {dagbag.py:540} INFO - Filling up the DagBag from /home/airflow/.local/lib/python3.8/site-packages/airflow/example_dags/example_params_trigger_ui.py
[2024-03-19T19:00:23.155+0000] {processor.py:840} INFO - DAG(s) 'example_params_trigger_ui' retrieved from /home/airflow/.local/lib/python3.8/site-packages/airflow/example_dags/example_params_trigger_ui.py
[2024-03-19T19:00:23.176+0000] {logging_mixin.py:188} INFO - [2024-03-19T19:00:23.176+0000] {dag.py:3047} INFO - Sync 1 DAGs
[2024-03-19T19:00:23.181+0000] {logging_mixin.py:188} INFO - [2024-03-19T19:00:23.181+0000] {dag.py:3834} INFO - Setting next_dagrun for example_params_trigger_ui to None, run_after=None
[2024-03-19T19:00:23.189+0000] {processor.py:183} INFO - Processing /home/airflow/.local/lib/python3.8/site-packages/airflow/example_dags/example_params_trigger_ui.py took 0.043 seconds
[2024-03-19T19:00:53.618+0000] {processor.py:161} INFO - Started process (PID=6392) to work on /home/airflow/.local/lib/python3.8/site-packages/airflow/example_dags/example_params_trigger_ui.py
[2024-03-19T19:00:53.618+0000] {processor.py:830} INFO - Processing file /home/airflow/.local/lib/python3.8/site-packages/airflow/example_dags/example_params_trigger_ui.py for tasks to queue
[2024-03-19T19:00:53.619+0000] {logging_mixin.py:188} INFO - [2024-03-19T19:00:53.619+0000] {dagbag.py:540} INFO - Filling up the DagBag from /home/airflow/.local/lib/python3.8/site-packages/airflow/example_dags/example_params_trigger_ui.py
[2024-03-19T19:00:53.625+0000] {processor.py:840} INFO - DAG(s) 'example_params_trigger_ui' retrieved from /home/airflow/.local/lib/python3.8/site-packages/airflow/example_dags/example_params_trigger_ui.py
[2024-03-19T19:00:53.645+0000] {logging_mixin.py:188} INFO - [2024-03-19T19:00:53.645+0000] {dag.py:3047} INFO - Sync 1 DAGs
[2024-03-19T19:00:53.650+0000] {logging_mixin.py:188} INFO - [2024-03-19T19:00:53.650+0000] {dag.py:3834} INFO - Setting next_dagrun for example_params_trigger_ui to None, run_after=None
[2024-03-19T19:00:53.658+0000] {processor.py:183} INFO - Processing /home/airflow/.local/lib/python3.8/site-packages/airflow/example_dags/example_params_trigger_ui.py took 0.042 seconds
[2024-03-19T19:01:24.163+0000] {processor.py:161} INFO - Started process (PID=6639) to work on /home/airflow/.local/lib/python3.8/site-packages/airflow/example_dags/example_params_trigger_ui.py
[2024-03-19T19:01:24.163+0000] {processor.py:830} INFO - Processing file /home/airflow/.local/lib/python3.8/site-packages/airflow/example_dags/example_params_trigger_ui.py for tasks to queue
[2024-03-19T19:01:24.165+0000] {logging_mixin.py:188} INFO - [2024-03-19T19:01:24.164+0000] {dagbag.py:540} INFO - Filling up the DagBag from /home/airflow/.local/lib/python3.8/site-packages/airflow/example_dags/example_params_trigger_ui.py
[2024-03-19T19:01:24.171+0000] {processor.py:840} INFO - DAG(s) 'example_params_trigger_ui' retrieved from /home/airflow/.local/lib/python3.8/site-packages/airflow/example_dags/example_params_trigger_ui.py
[2024-03-19T19:01:24.191+0000] {logging_mixin.py:188} INFO - [2024-03-19T19:01:24.191+0000] {dag.py:3047} INFO - Sync 1 DAGs
[2024-03-19T19:01:24.196+0000] {logging_mixin.py:188} INFO - [2024-03-19T19:01:24.196+0000] {dag.py:3834} INFO - Setting next_dagrun for example_params_trigger_ui to None, run_after=None
[2024-03-19T19:01:24.203+0000] {processor.py:183} INFO - Processing /home/airflow/.local/lib/python3.8/site-packages/airflow/example_dags/example_params_trigger_ui.py took 0.042 seconds
[2024-03-19T19:01:54.587+0000] {processor.py:161} INFO - Started process (PID=6886) to work on /home/airflow/.local/lib/python3.8/site-packages/airflow/example_dags/example_params_trigger_ui.py
[2024-03-19T19:01:54.588+0000] {processor.py:830} INFO - Processing file /home/airflow/.local/lib/python3.8/site-packages/airflow/example_dags/example_params_trigger_ui.py for tasks to queue
[2024-03-19T19:01:54.588+0000] {logging_mixin.py:188} INFO - [2024-03-19T19:01:54.588+0000] {dagbag.py:540} INFO - Filling up the DagBag from /home/airflow/.local/lib/python3.8/site-packages/airflow/example_dags/example_params_trigger_ui.py
[2024-03-19T19:01:54.595+0000] {processor.py:840} INFO - DAG(s) 'example_params_trigger_ui' retrieved from /home/airflow/.local/lib/python3.8/site-packages/airflow/example_dags/example_params_trigger_ui.py
[2024-03-19T19:01:54.616+0000] {logging_mixin.py:188} INFO - [2024-03-19T19:01:54.616+0000] {dag.py:3047} INFO - Sync 1 DAGs
[2024-03-19T19:01:54.621+0000] {logging_mixin.py:188} INFO - [2024-03-19T19:01:54.621+0000] {dag.py:3834} INFO - Setting next_dagrun for example_params_trigger_ui to None, run_after=None
[2024-03-19T19:01:54.629+0000] {processor.py:183} INFO - Processing /home/airflow/.local/lib/python3.8/site-packages/airflow/example_dags/example_params_trigger_ui.py took 0.043 seconds
[2024-03-19T19:02:25.093+0000] {processor.py:161} INFO - Started process (PID=7132) to work on /home/airflow/.local/lib/python3.8/site-packages/airflow/example_dags/example_params_trigger_ui.py
[2024-03-19T19:02:25.094+0000] {processor.py:830} INFO - Processing file /home/airflow/.local/lib/python3.8/site-packages/airflow/example_dags/example_params_trigger_ui.py for tasks to queue
[2024-03-19T19:02:25.094+0000] {logging_mixin.py:188} INFO - [2024-03-19T19:02:25.094+0000] {dagbag.py:540} INFO - Filling up the DagBag from /home/airflow/.local/lib/python3.8/site-packages/airflow/example_dags/example_params_trigger_ui.py
[2024-03-19T19:02:25.101+0000] {processor.py:840} INFO - DAG(s) 'example_params_trigger_ui' retrieved from /home/airflow/.local/lib/python3.8/site-packages/airflow/example_dags/example_params_trigger_ui.py
[2024-03-19T19:02:25.122+0000] {logging_mixin.py:188} INFO - [2024-03-19T19:02:25.122+0000] {dag.py:3047} INFO - Sync 1 DAGs
[2024-03-19T19:02:25.128+0000] {logging_mixin.py:188} INFO - [2024-03-19T19:02:25.128+0000] {dag.py:3834} INFO - Setting next_dagrun for example_params_trigger_ui to None, run_after=None
[2024-03-19T19:02:25.135+0000] {processor.py:183} INFO - Processing /home/airflow/.local/lib/python3.8/site-packages/airflow/example_dags/example_params_trigger_ui.py took 0.044 seconds
[2024-03-19T19:02:55.598+0000] {processor.py:161} INFO - Started process (PID=7381) to work on /home/airflow/.local/lib/python3.8/site-packages/airflow/example_dags/example_params_trigger_ui.py
[2024-03-19T19:02:55.598+0000] {processor.py:830} INFO - Processing file /home/airflow/.local/lib/python3.8/site-packages/airflow/example_dags/example_params_trigger_ui.py for tasks to queue
[2024-03-19T19:02:55.599+0000] {logging_mixin.py:188} INFO - [2024-03-19T19:02:55.599+0000] {dagbag.py:540} INFO - Filling up the DagBag from /home/airflow/.local/lib/python3.8/site-packages/airflow/example_dags/example_params_trigger_ui.py
[2024-03-19T19:02:55.605+0000] {processor.py:840} INFO - DAG(s) 'example_params_trigger_ui' retrieved from /home/airflow/.local/lib/python3.8/site-packages/airflow/example_dags/example_params_trigger_ui.py
[2024-03-19T19:02:55.625+0000] {logging_mixin.py:188} INFO - [2024-03-19T19:02:55.625+0000] {dag.py:3047} INFO - Sync 1 DAGs
[2024-03-19T19:02:55.630+0000] {logging_mixin.py:188} INFO - [2024-03-19T19:02:55.630+0000] {dag.py:3834} INFO - Setting next_dagrun for example_params_trigger_ui to None, run_after=None
[2024-03-19T19:02:55.637+0000] {processor.py:183} INFO - Processing /home/airflow/.local/lib/python3.8/site-packages/airflow/example_dags/example_params_trigger_ui.py took 0.040 seconds
[2024-03-19T19:03:26.044+0000] {processor.py:161} INFO - Started process (PID=7626) to work on /home/airflow/.local/lib/python3.8/site-packages/airflow/example_dags/example_params_trigger_ui.py
[2024-03-19T19:03:26.045+0000] {processor.py:830} INFO - Processing file /home/airflow/.local/lib/python3.8/site-packages/airflow/example_dags/example_params_trigger_ui.py for tasks to queue
[2024-03-19T19:03:26.045+0000] {logging_mixin.py:188} INFO - [2024-03-19T19:03:26.045+0000] {dagbag.py:540} INFO - Filling up the DagBag from /home/airflow/.local/lib/python3.8/site-packages/airflow/example_dags/example_params_trigger_ui.py
[2024-03-19T19:03:26.053+0000] {processor.py:840} INFO - DAG(s) 'example_params_trigger_ui' retrieved from /home/airflow/.local/lib/python3.8/site-packages/airflow/example_dags/example_params_trigger_ui.py
[2024-03-19T19:03:26.074+0000] {logging_mixin.py:188} INFO - [2024-03-19T19:03:26.074+0000] {dag.py:3047} INFO - Sync 1 DAGs
[2024-03-19T19:03:26.082+0000] {logging_mixin.py:188} INFO - [2024-03-19T19:03:26.081+0000] {dag.py:3834} INFO - Setting next_dagrun for example_params_trigger_ui to None, run_after=None
[2024-03-19T19:03:26.089+0000] {processor.py:183} INFO - Processing /home/airflow/.local/lib/python3.8/site-packages/airflow/example_dags/example_params_trigger_ui.py took 0.046 seconds
[2024-03-19T19:03:56.621+0000] {processor.py:161} INFO - Started process (PID=7873) to work on /home/airflow/.local/lib/python3.8/site-packages/airflow/example_dags/example_params_trigger_ui.py
[2024-03-19T19:03:56.621+0000] {processor.py:830} INFO - Processing file /home/airflow/.local/lib/python3.8/site-packages/airflow/example_dags/example_params_trigger_ui.py for tasks to queue
[2024-03-19T19:03:56.622+0000] {logging_mixin.py:188} INFO - [2024-03-19T19:03:56.622+0000] {dagbag.py:540} INFO - Filling up the DagBag from /home/airflow/.local/lib/python3.8/site-packages/airflow/example_dags/example_params_trigger_ui.py
[2024-03-19T19:03:56.628+0000] {processor.py:840} INFO - DAG(s) 'example_params_trigger_ui' retrieved from /home/airflow/.local/lib/python3.8/site-packages/airflow/example_dags/example_params_trigger_ui.py
[2024-03-19T19:03:56.648+0000] {logging_mixin.py:188} INFO - [2024-03-19T19:03:56.648+0000] {dag.py:3047} INFO - Sync 1 DAGs
[2024-03-19T19:03:56.654+0000] {logging_mixin.py:188} INFO - [2024-03-19T19:03:56.654+0000] {dag.py:3834} INFO - Setting next_dagrun for example_params_trigger_ui to None, run_after=None
[2024-03-19T19:03:56.663+0000] {processor.py:183} INFO - Processing /home/airflow/.local/lib/python3.8/site-packages/airflow/example_dags/example_params_trigger_ui.py took 0.044 seconds
[2024-03-19T19:04:27.171+0000] {processor.py:161} INFO - Started process (PID=8120) to work on /home/airflow/.local/lib/python3.8/site-packages/airflow/example_dags/example_params_trigger_ui.py
[2024-03-19T19:04:27.172+0000] {processor.py:830} INFO - Processing file /home/airflow/.local/lib/python3.8/site-packages/airflow/example_dags/example_params_trigger_ui.py for tasks to queue
[2024-03-19T19:04:27.172+0000] {logging_mixin.py:188} INFO - [2024-03-19T19:04:27.172+0000] {dagbag.py:540} INFO - Filling up the DagBag from /home/airflow/.local/lib/python3.8/site-packages/airflow/example_dags/example_params_trigger_ui.py
[2024-03-19T19:04:27.179+0000] {processor.py:840} INFO - DAG(s) 'example_params_trigger_ui' retrieved from /home/airflow/.local/lib/python3.8/site-packages/airflow/example_dags/example_params_trigger_ui.py
[2024-03-19T19:04:27.200+0000] {logging_mixin.py:188} INFO - [2024-03-19T19:04:27.199+0000] {dag.py:3047} INFO - Sync 1 DAGs
[2024-03-19T19:04:27.204+0000] {logging_mixin.py:188} INFO - [2024-03-19T19:04:27.204+0000] {dag.py:3834} INFO - Setting next_dagrun for example_params_trigger_ui to None, run_after=None
[2024-03-19T19:04:27.211+0000] {processor.py:183} INFO - Processing /home/airflow/.local/lib/python3.8/site-packages/airflow/example_dags/example_params_trigger_ui.py took 0.042 seconds
[2024-03-19T19:04:57.722+0000] {processor.py:161} INFO - Started process (PID=8369) to work on /home/airflow/.local/lib/python3.8/site-packages/airflow/example_dags/example_params_trigger_ui.py
[2024-03-19T19:04:57.722+0000] {processor.py:830} INFO - Processing file /home/airflow/.local/lib/python3.8/site-packages/airflow/example_dags/example_params_trigger_ui.py for tasks to queue
[2024-03-19T19:04:57.723+0000] {logging_mixin.py:188} INFO - [2024-03-19T19:04:57.723+0000] {dagbag.py:540} INFO - Filling up the DagBag from /home/airflow/.local/lib/python3.8/site-packages/airflow/example_dags/example_params_trigger_ui.py
[2024-03-19T19:04:57.729+0000] {processor.py:840} INFO - DAG(s) 'example_params_trigger_ui' retrieved from /home/airflow/.local/lib/python3.8/site-packages/airflow/example_dags/example_params_trigger_ui.py
[2024-03-19T19:04:57.749+0000] {logging_mixin.py:188} INFO - [2024-03-19T19:04:57.749+0000] {dag.py:3047} INFO - Sync 1 DAGs
[2024-03-19T19:04:57.754+0000] {logging_mixin.py:188} INFO - [2024-03-19T19:04:57.754+0000] {dag.py:3834} INFO - Setting next_dagrun for example_params_trigger_ui to None, run_after=None
[2024-03-19T19:04:57.761+0000] {processor.py:183} INFO - Processing /home/airflow/.local/lib/python3.8/site-packages/airflow/example_dags/example_params_trigger_ui.py took 0.041 seconds
[2024-03-19T19:05:28.191+0000] {processor.py:161} INFO - Started process (PID=8614) to work on /home/airflow/.local/lib/python3.8/site-packages/airflow/example_dags/example_params_trigger_ui.py
[2024-03-19T19:05:28.191+0000] {processor.py:830} INFO - Processing file /home/airflow/.local/lib/python3.8/site-packages/airflow/example_dags/example_params_trigger_ui.py for tasks to queue
[2024-03-19T19:05:28.192+0000] {logging_mixin.py:188} INFO - [2024-03-19T19:05:28.192+0000] {dagbag.py:540} INFO - Filling up the DagBag from /home/airflow/.local/lib/python3.8/site-packages/airflow/example_dags/example_params_trigger_ui.py
[2024-03-19T19:05:28.198+0000] {processor.py:840} INFO - DAG(s) 'example_params_trigger_ui' retrieved from /home/airflow/.local/lib/python3.8/site-packages/airflow/example_dags/example_params_trigger_ui.py
[2024-03-19T19:05:28.219+0000] {logging_mixin.py:188} INFO - [2024-03-19T19:05:28.219+0000] {dag.py:3047} INFO - Sync 1 DAGs
[2024-03-19T19:05:28.225+0000] {logging_mixin.py:188} INFO - [2024-03-19T19:05:28.225+0000] {dag.py:3834} INFO - Setting next_dagrun for example_params_trigger_ui to None, run_after=None
[2024-03-19T19:05:28.232+0000] {processor.py:183} INFO - Processing /home/airflow/.local/lib/python3.8/site-packages/airflow/example_dags/example_params_trigger_ui.py took 0.043 seconds
[2024-03-19T19:05:58.758+0000] {processor.py:161} INFO - Started process (PID=8861) to work on /home/airflow/.local/lib/python3.8/site-packages/airflow/example_dags/example_params_trigger_ui.py
[2024-03-19T19:05:58.758+0000] {processor.py:830} INFO - Processing file /home/airflow/.local/lib/python3.8/site-packages/airflow/example_dags/example_params_trigger_ui.py for tasks to queue
[2024-03-19T19:05:58.759+0000] {logging_mixin.py:188} INFO - [2024-03-19T19:05:58.759+0000] {dagbag.py:540} INFO - Filling up the DagBag from /home/airflow/.local/lib/python3.8/site-packages/airflow/example_dags/example_params_trigger_ui.py
[2024-03-19T19:05:58.765+0000] {processor.py:840} INFO - DAG(s) 'example_params_trigger_ui' retrieved from /home/airflow/.local/lib/python3.8/site-packages/airflow/example_dags/example_params_trigger_ui.py
[2024-03-19T19:05:58.786+0000] {logging_mixin.py:188} INFO - [2024-03-19T19:05:58.786+0000] {dag.py:3047} INFO - Sync 1 DAGs
[2024-03-19T19:05:58.791+0000] {logging_mixin.py:188} INFO - [2024-03-19T19:05:58.791+0000] {dag.py:3834} INFO - Setting next_dagrun for example_params_trigger_ui to None, run_after=None
[2024-03-19T19:05:58.798+0000] {processor.py:183} INFO - Processing /home/airflow/.local/lib/python3.8/site-packages/airflow/example_dags/example_params_trigger_ui.py took 0.042 seconds
