[2024-03-19T18:48:10.947+0000] {processor.py:161} INFO - Started process (PID=253) to work on /home/airflow/.local/lib/python3.8/site-packages/airflow/example_dags/example_setup_teardown.py
[2024-03-19T18:48:10.948+0000] {processor.py:830} INFO - Processing file /home/airflow/.local/lib/python3.8/site-packages/airflow/example_dags/example_setup_teardown.py for tasks to queue
[2024-03-19T18:48:10.948+0000] {logging_mixin.py:188} INFO - [2024-03-19T18:48:10.948+0000] {dagbag.py:540} INFO - Filling up the DagBag from /home/airflow/.local/lib/python3.8/site-packages/airflow/example_dags/example_setup_teardown.py
[2024-03-19T18:48:10.955+0000] {processor.py:840} INFO - DAG(s) 'example_setup_teardown' retrieved from /home/airflow/.local/lib/python3.8/site-packages/airflow/example_dags/example_setup_teardown.py
[2024-03-19T18:48:10.966+0000] {logging_mixin.py:188} INFO - [2024-03-19T18:48:10.965+0000] {dag.py:3047} INFO - Sync 1 DAGs
[2024-03-19T18:48:10.980+0000] {logging_mixin.py:188} INFO - [2024-03-19T18:48:10.980+0000] {dag.py:3834} INFO - Setting next_dagrun for example_setup_teardown to 2024-03-18 00:00:00+00:00, run_after=2024-03-19 00:00:00+00:00
[2024-03-19T18:48:10.992+0000] {processor.py:183} INFO - Processing /home/airflow/.local/lib/python3.8/site-packages/airflow/example_dags/example_setup_teardown.py took 0.047 seconds
[2024-03-19T18:48:41.628+0000] {processor.py:161} INFO - Started process (PID=498) to work on /home/airflow/.local/lib/python3.8/site-packages/airflow/example_dags/example_setup_teardown.py
[2024-03-19T18:48:41.628+0000] {processor.py:830} INFO - Processing file /home/airflow/.local/lib/python3.8/site-packages/airflow/example_dags/example_setup_teardown.py for tasks to queue
[2024-03-19T18:48:41.629+0000] {logging_mixin.py:188} INFO - [2024-03-19T18:48:41.629+0000] {dagbag.py:540} INFO - Filling up the DagBag from /home/airflow/.local/lib/python3.8/site-packages/airflow/example_dags/example_setup_teardown.py
[2024-03-19T18:48:41.632+0000] {processor.py:840} INFO - DAG(s) 'example_setup_teardown' retrieved from /home/airflow/.local/lib/python3.8/site-packages/airflow/example_dags/example_setup_teardown.py
[2024-03-19T18:48:41.674+0000] {logging_mixin.py:188} INFO - [2024-03-19T18:48:41.674+0000] {dag.py:3047} INFO - Sync 1 DAGs
[2024-03-19T18:48:41.682+0000] {logging_mixin.py:188} INFO - [2024-03-19T18:48:41.682+0000] {dag.py:3834} INFO - Setting next_dagrun for example_setup_teardown to 2024-03-18 00:00:00+00:00, run_after=2024-03-19 00:00:00+00:00
[2024-03-19T18:48:41.689+0000] {processor.py:183} INFO - Processing /home/airflow/.local/lib/python3.8/site-packages/airflow/example_dags/example_setup_teardown.py took 0.063 seconds
[2024-03-19T18:49:11.708+0000] {processor.py:161} INFO - Started process (PID=747) to work on /home/airflow/.local/lib/python3.8/site-packages/airflow/example_dags/example_setup_teardown.py
[2024-03-19T18:49:11.708+0000] {processor.py:830} INFO - Processing file /home/airflow/.local/lib/python3.8/site-packages/airflow/example_dags/example_setup_teardown.py for tasks to queue
[2024-03-19T18:49:11.709+0000] {logging_mixin.py:188} INFO - [2024-03-19T18:49:11.709+0000] {dagbag.py:540} INFO - Filling up the DagBag from /home/airflow/.local/lib/python3.8/site-packages/airflow/example_dags/example_setup_teardown.py
[2024-03-19T18:49:11.712+0000] {processor.py:840} INFO - DAG(s) 'example_setup_teardown' retrieved from /home/airflow/.local/lib/python3.8/site-packages/airflow/example_dags/example_setup_teardown.py
[2024-03-19T18:49:11.720+0000] {logging_mixin.py:188} INFO - [2024-03-19T18:49:11.720+0000] {dag.py:3047} INFO - Sync 1 DAGs
[2024-03-19T18:49:11.728+0000] {logging_mixin.py:188} INFO - [2024-03-19T18:49:11.728+0000] {dag.py:3834} INFO - Setting next_dagrun for example_setup_teardown to 2024-03-18 00:00:00+00:00, run_after=2024-03-19 00:00:00+00:00
[2024-03-19T18:49:11.736+0000] {processor.py:183} INFO - Processing /home/airflow/.local/lib/python3.8/site-packages/airflow/example_dags/example_setup_teardown.py took 0.029 seconds
[2024-03-19T18:49:42.205+0000] {processor.py:161} INFO - Started process (PID=992) to work on /home/airflow/.local/lib/python3.8/site-packages/airflow/example_dags/example_setup_teardown.py
[2024-03-19T18:49:42.206+0000] {processor.py:830} INFO - Processing file /home/airflow/.local/lib/python3.8/site-packages/airflow/example_dags/example_setup_teardown.py for tasks to queue
[2024-03-19T18:49:42.206+0000] {logging_mixin.py:188} INFO - [2024-03-19T18:49:42.206+0000] {dagbag.py:540} INFO - Filling up the DagBag from /home/airflow/.local/lib/python3.8/site-packages/airflow/example_dags/example_setup_teardown.py
[2024-03-19T18:49:42.209+0000] {processor.py:840} INFO - DAG(s) 'example_setup_teardown' retrieved from /home/airflow/.local/lib/python3.8/site-packages/airflow/example_dags/example_setup_teardown.py
[2024-03-19T18:49:42.217+0000] {logging_mixin.py:188} INFO - [2024-03-19T18:49:42.217+0000] {dag.py:3047} INFO - Sync 1 DAGs
[2024-03-19T18:49:42.225+0000] {logging_mixin.py:188} INFO - [2024-03-19T18:49:42.225+0000] {dag.py:3834} INFO - Setting next_dagrun for example_setup_teardown to 2024-03-18 00:00:00+00:00, run_after=2024-03-19 00:00:00+00:00
[2024-03-19T18:49:42.232+0000] {processor.py:183} INFO - Processing /home/airflow/.local/lib/python3.8/site-packages/airflow/example_dags/example_setup_teardown.py took 0.028 seconds
[2024-03-19T18:50:12.756+0000] {processor.py:161} INFO - Started process (PID=1239) to work on /home/airflow/.local/lib/python3.8/site-packages/airflow/example_dags/example_setup_teardown.py
[2024-03-19T18:50:12.757+0000] {processor.py:830} INFO - Processing file /home/airflow/.local/lib/python3.8/site-packages/airflow/example_dags/example_setup_teardown.py for tasks to queue
[2024-03-19T18:50:12.757+0000] {logging_mixin.py:188} INFO - [2024-03-19T18:50:12.757+0000] {dagbag.py:540} INFO - Filling up the DagBag from /home/airflow/.local/lib/python3.8/site-packages/airflow/example_dags/example_setup_teardown.py
[2024-03-19T18:50:12.761+0000] {processor.py:840} INFO - DAG(s) 'example_setup_teardown' retrieved from /home/airflow/.local/lib/python3.8/site-packages/airflow/example_dags/example_setup_teardown.py
[2024-03-19T18:50:12.769+0000] {logging_mixin.py:188} INFO - [2024-03-19T18:50:12.769+0000] {dag.py:3047} INFO - Sync 1 DAGs
[2024-03-19T18:50:12.778+0000] {logging_mixin.py:188} INFO - [2024-03-19T18:50:12.778+0000] {dag.py:3834} INFO - Setting next_dagrun for example_setup_teardown to 2024-03-18 00:00:00+00:00, run_after=2024-03-19 00:00:00+00:00
[2024-03-19T18:50:12.785+0000] {processor.py:183} INFO - Processing /home/airflow/.local/lib/python3.8/site-packages/airflow/example_dags/example_setup_teardown.py took 0.030 seconds
[2024-03-19T18:50:43.359+0000] {processor.py:161} INFO - Started process (PID=1510) to work on /home/airflow/.local/lib/python3.8/site-packages/airflow/example_dags/example_setup_teardown.py
[2024-03-19T18:50:43.359+0000] {processor.py:830} INFO - Processing file /home/airflow/.local/lib/python3.8/site-packages/airflow/example_dags/example_setup_teardown.py for tasks to queue
[2024-03-19T18:50:43.360+0000] {logging_mixin.py:188} INFO - [2024-03-19T18:50:43.360+0000] {dagbag.py:540} INFO - Filling up the DagBag from /home/airflow/.local/lib/python3.8/site-packages/airflow/example_dags/example_setup_teardown.py
[2024-03-19T18:50:43.363+0000] {processor.py:840} INFO - DAG(s) 'example_setup_teardown' retrieved from /home/airflow/.local/lib/python3.8/site-packages/airflow/example_dags/example_setup_teardown.py
[2024-03-19T18:50:43.372+0000] {logging_mixin.py:188} INFO - [2024-03-19T18:50:43.372+0000] {dag.py:3047} INFO - Sync 1 DAGs
[2024-03-19T18:50:43.381+0000] {logging_mixin.py:188} INFO - [2024-03-19T18:50:43.381+0000] {dag.py:3834} INFO - Setting next_dagrun for example_setup_teardown to 2024-03-18 00:00:00+00:00, run_after=2024-03-19 00:00:00+00:00
[2024-03-19T18:50:43.389+0000] {processor.py:183} INFO - Processing /home/airflow/.local/lib/python3.8/site-packages/airflow/example_dags/example_setup_teardown.py took 0.032 seconds
[2024-03-19T18:51:14.176+0000] {processor.py:161} INFO - Started process (PID=1757) to work on /home/airflow/.local/lib/python3.8/site-packages/airflow/example_dags/example_setup_teardown.py
[2024-03-19T18:51:14.177+0000] {processor.py:830} INFO - Processing file /home/airflow/.local/lib/python3.8/site-packages/airflow/example_dags/example_setup_teardown.py for tasks to queue
[2024-03-19T18:51:14.180+0000] {logging_mixin.py:188} INFO - [2024-03-19T18:51:14.180+0000] {dagbag.py:540} INFO - Filling up the DagBag from /home/airflow/.local/lib/python3.8/site-packages/airflow/example_dags/example_setup_teardown.py
[2024-03-19T18:51:14.184+0000] {processor.py:840} INFO - DAG(s) 'example_setup_teardown' retrieved from /home/airflow/.local/lib/python3.8/site-packages/airflow/example_dags/example_setup_teardown.py
[2024-03-19T18:51:14.193+0000] {logging_mixin.py:188} INFO - [2024-03-19T18:51:14.193+0000] {dag.py:3047} INFO - Sync 1 DAGs
[2024-03-19T18:51:14.202+0000] {logging_mixin.py:188} INFO - [2024-03-19T18:51:14.202+0000] {dag.py:3834} INFO - Setting next_dagrun for example_setup_teardown to 2024-03-18 00:00:00+00:00, run_after=2024-03-19 00:00:00+00:00
[2024-03-19T18:51:14.210+0000] {processor.py:183} INFO - Processing /home/airflow/.local/lib/python3.8/site-packages/airflow/example_dags/example_setup_teardown.py took 0.036 seconds
[2024-03-19T18:51:44.524+0000] {processor.py:161} INFO - Started process (PID=2004) to work on /home/airflow/.local/lib/python3.8/site-packages/airflow/example_dags/example_setup_teardown.py
[2024-03-19T18:51:44.525+0000] {processor.py:830} INFO - Processing file /home/airflow/.local/lib/python3.8/site-packages/airflow/example_dags/example_setup_teardown.py for tasks to queue
[2024-03-19T18:51:44.525+0000] {logging_mixin.py:188} INFO - [2024-03-19T18:51:44.525+0000] {dagbag.py:540} INFO - Filling up the DagBag from /home/airflow/.local/lib/python3.8/site-packages/airflow/example_dags/example_setup_teardown.py
[2024-03-19T18:51:44.528+0000] {processor.py:840} INFO - DAG(s) 'example_setup_teardown' retrieved from /home/airflow/.local/lib/python3.8/site-packages/airflow/example_dags/example_setup_teardown.py
[2024-03-19T18:51:44.537+0000] {logging_mixin.py:188} INFO - [2024-03-19T18:51:44.537+0000] {dag.py:3047} INFO - Sync 1 DAGs
[2024-03-19T18:51:44.546+0000] {logging_mixin.py:188} INFO - [2024-03-19T18:51:44.545+0000] {dag.py:3834} INFO - Setting next_dagrun for example_setup_teardown to 2024-03-18 00:00:00+00:00, run_after=2024-03-19 00:00:00+00:00
[2024-03-19T18:51:44.552+0000] {processor.py:183} INFO - Processing /home/airflow/.local/lib/python3.8/site-packages/airflow/example_dags/example_setup_teardown.py took 0.030 seconds
[2024-03-19T18:52:14.904+0000] {processor.py:161} INFO - Started process (PID=2250) to work on /home/airflow/.local/lib/python3.8/site-packages/airflow/example_dags/example_setup_teardown.py
[2024-03-19T18:52:14.905+0000] {processor.py:830} INFO - Processing file /home/airflow/.local/lib/python3.8/site-packages/airflow/example_dags/example_setup_teardown.py for tasks to queue
[2024-03-19T18:52:14.905+0000] {logging_mixin.py:188} INFO - [2024-03-19T18:52:14.905+0000] {dagbag.py:540} INFO - Filling up the DagBag from /home/airflow/.local/lib/python3.8/site-packages/airflow/example_dags/example_setup_teardown.py
[2024-03-19T18:52:14.908+0000] {processor.py:840} INFO - DAG(s) 'example_setup_teardown' retrieved from /home/airflow/.local/lib/python3.8/site-packages/airflow/example_dags/example_setup_teardown.py
[2024-03-19T18:52:14.917+0000] {logging_mixin.py:188} INFO - [2024-03-19T18:52:14.917+0000] {dag.py:3047} INFO - Sync 1 DAGs
[2024-03-19T18:52:14.925+0000] {logging_mixin.py:188} INFO - [2024-03-19T18:52:14.925+0000] {dag.py:3834} INFO - Setting next_dagrun for example_setup_teardown to 2024-03-18 00:00:00+00:00, run_after=2024-03-19 00:00:00+00:00
[2024-03-19T18:52:14.932+0000] {processor.py:183} INFO - Processing /home/airflow/.local/lib/python3.8/site-packages/airflow/example_dags/example_setup_teardown.py took 0.030 seconds
[2024-03-19T18:52:45.367+0000] {processor.py:161} INFO - Started process (PID=2497) to work on /home/airflow/.local/lib/python3.8/site-packages/airflow/example_dags/example_setup_teardown.py
[2024-03-19T18:52:45.368+0000] {processor.py:830} INFO - Processing file /home/airflow/.local/lib/python3.8/site-packages/airflow/example_dags/example_setup_teardown.py for tasks to queue
[2024-03-19T18:52:45.368+0000] {logging_mixin.py:188} INFO - [2024-03-19T18:52:45.368+0000] {dagbag.py:540} INFO - Filling up the DagBag from /home/airflow/.local/lib/python3.8/site-packages/airflow/example_dags/example_setup_teardown.py
[2024-03-19T18:52:45.371+0000] {processor.py:840} INFO - DAG(s) 'example_setup_teardown' retrieved from /home/airflow/.local/lib/python3.8/site-packages/airflow/example_dags/example_setup_teardown.py
[2024-03-19T18:52:45.380+0000] {logging_mixin.py:188} INFO - [2024-03-19T18:52:45.380+0000] {dag.py:3047} INFO - Sync 1 DAGs
[2024-03-19T18:52:45.389+0000] {logging_mixin.py:188} INFO - [2024-03-19T18:52:45.389+0000] {dag.py:3834} INFO - Setting next_dagrun for example_setup_teardown to 2024-03-18 00:00:00+00:00, run_after=2024-03-19 00:00:00+00:00
[2024-03-19T18:52:45.396+0000] {processor.py:183} INFO - Processing /home/airflow/.local/lib/python3.8/site-packages/airflow/example_dags/example_setup_teardown.py took 0.030 seconds
[2024-03-19T18:53:15.827+0000] {processor.py:161} INFO - Started process (PID=2744) to work on /home/airflow/.local/lib/python3.8/site-packages/airflow/example_dags/example_setup_teardown.py
[2024-03-19T18:53:15.828+0000] {processor.py:830} INFO - Processing file /home/airflow/.local/lib/python3.8/site-packages/airflow/example_dags/example_setup_teardown.py for tasks to queue
[2024-03-19T18:53:15.828+0000] {logging_mixin.py:188} INFO - [2024-03-19T18:53:15.828+0000] {dagbag.py:540} INFO - Filling up the DagBag from /home/airflow/.local/lib/python3.8/site-packages/airflow/example_dags/example_setup_teardown.py
[2024-03-19T18:53:15.832+0000] {processor.py:840} INFO - DAG(s) 'example_setup_teardown' retrieved from /home/airflow/.local/lib/python3.8/site-packages/airflow/example_dags/example_setup_teardown.py
[2024-03-19T18:53:15.840+0000] {logging_mixin.py:188} INFO - [2024-03-19T18:53:15.839+0000] {dag.py:3047} INFO - Sync 1 DAGs
[2024-03-19T18:53:15.849+0000] {logging_mixin.py:188} INFO - [2024-03-19T18:53:15.849+0000] {dag.py:3834} INFO - Setting next_dagrun for example_setup_teardown to 2024-03-18 00:00:00+00:00, run_after=2024-03-19 00:00:00+00:00
[2024-03-19T18:53:15.856+0000] {processor.py:183} INFO - Processing /home/airflow/.local/lib/python3.8/site-packages/airflow/example_dags/example_setup_teardown.py took 0.030 seconds
[2024-03-19T18:53:46.421+0000] {processor.py:161} INFO - Started process (PID=2991) to work on /home/airflow/.local/lib/python3.8/site-packages/airflow/example_dags/example_setup_teardown.py
[2024-03-19T18:53:46.422+0000] {processor.py:830} INFO - Processing file /home/airflow/.local/lib/python3.8/site-packages/airflow/example_dags/example_setup_teardown.py for tasks to queue
[2024-03-19T18:53:46.423+0000] {logging_mixin.py:188} INFO - [2024-03-19T18:53:46.423+0000] {dagbag.py:540} INFO - Filling up the DagBag from /home/airflow/.local/lib/python3.8/site-packages/airflow/example_dags/example_setup_teardown.py
[2024-03-19T18:53:46.428+0000] {processor.py:840} INFO - DAG(s) 'example_setup_teardown' retrieved from /home/airflow/.local/lib/python3.8/site-packages/airflow/example_dags/example_setup_teardown.py
[2024-03-19T18:53:46.440+0000] {logging_mixin.py:188} INFO - [2024-03-19T18:53:46.440+0000] {dag.py:3047} INFO - Sync 1 DAGs
[2024-03-19T18:53:46.451+0000] {logging_mixin.py:188} INFO - [2024-03-19T18:53:46.451+0000] {dag.py:3834} INFO - Setting next_dagrun for example_setup_teardown to 2024-03-18 00:00:00+00:00, run_after=2024-03-19 00:00:00+00:00
[2024-03-19T18:53:46.459+0000] {processor.py:183} INFO - Processing /home/airflow/.local/lib/python3.8/site-packages/airflow/example_dags/example_setup_teardown.py took 0.042 seconds
[2024-03-19T18:54:17.105+0000] {processor.py:161} INFO - Started process (PID=3238) to work on /home/airflow/.local/lib/python3.8/site-packages/airflow/example_dags/example_setup_teardown.py
[2024-03-19T18:54:17.106+0000] {processor.py:830} INFO - Processing file /home/airflow/.local/lib/python3.8/site-packages/airflow/example_dags/example_setup_teardown.py for tasks to queue
[2024-03-19T18:54:17.106+0000] {logging_mixin.py:188} INFO - [2024-03-19T18:54:17.106+0000] {dagbag.py:540} INFO - Filling up the DagBag from /home/airflow/.local/lib/python3.8/site-packages/airflow/example_dags/example_setup_teardown.py
[2024-03-19T18:54:17.109+0000] {processor.py:840} INFO - DAG(s) 'example_setup_teardown' retrieved from /home/airflow/.local/lib/python3.8/site-packages/airflow/example_dags/example_setup_teardown.py
[2024-03-19T18:54:17.119+0000] {logging_mixin.py:188} INFO - [2024-03-19T18:54:17.119+0000] {dag.py:3047} INFO - Sync 1 DAGs
[2024-03-19T18:54:17.129+0000] {logging_mixin.py:188} INFO - [2024-03-19T18:54:17.129+0000] {dag.py:3834} INFO - Setting next_dagrun for example_setup_teardown to 2024-03-18 00:00:00+00:00, run_after=2024-03-19 00:00:00+00:00
[2024-03-19T18:54:17.136+0000] {processor.py:183} INFO - Processing /home/airflow/.local/lib/python3.8/site-packages/airflow/example_dags/example_setup_teardown.py took 0.033 seconds
[2024-03-19T18:54:47.571+0000] {processor.py:161} INFO - Started process (PID=3485) to work on /home/airflow/.local/lib/python3.8/site-packages/airflow/example_dags/example_setup_teardown.py
[2024-03-19T18:54:47.572+0000] {processor.py:830} INFO - Processing file /home/airflow/.local/lib/python3.8/site-packages/airflow/example_dags/example_setup_teardown.py for tasks to queue
[2024-03-19T18:54:47.572+0000] {logging_mixin.py:188} INFO - [2024-03-19T18:54:47.572+0000] {dagbag.py:540} INFO - Filling up the DagBag from /home/airflow/.local/lib/python3.8/site-packages/airflow/example_dags/example_setup_teardown.py
[2024-03-19T18:54:47.576+0000] {processor.py:840} INFO - DAG(s) 'example_setup_teardown' retrieved from /home/airflow/.local/lib/python3.8/site-packages/airflow/example_dags/example_setup_teardown.py
[2024-03-19T18:54:47.583+0000] {logging_mixin.py:188} INFO - [2024-03-19T18:54:47.583+0000] {dag.py:3047} INFO - Sync 1 DAGs
[2024-03-19T18:54:47.592+0000] {logging_mixin.py:188} INFO - [2024-03-19T18:54:47.592+0000] {dag.py:3834} INFO - Setting next_dagrun for example_setup_teardown to 2024-03-18 00:00:00+00:00, run_after=2024-03-19 00:00:00+00:00
[2024-03-19T18:54:47.599+0000] {processor.py:183} INFO - Processing /home/airflow/.local/lib/python3.8/site-packages/airflow/example_dags/example_setup_teardown.py took 0.029 seconds
[2024-03-19T18:55:18.003+0000] {processor.py:161} INFO - Started process (PID=3732) to work on /home/airflow/.local/lib/python3.8/site-packages/airflow/example_dags/example_setup_teardown.py
[2024-03-19T18:55:18.003+0000] {processor.py:830} INFO - Processing file /home/airflow/.local/lib/python3.8/site-packages/airflow/example_dags/example_setup_teardown.py for tasks to queue
[2024-03-19T18:55:18.004+0000] {logging_mixin.py:188} INFO - [2024-03-19T18:55:18.003+0000] {dagbag.py:540} INFO - Filling up the DagBag from /home/airflow/.local/lib/python3.8/site-packages/airflow/example_dags/example_setup_teardown.py
[2024-03-19T18:55:18.007+0000] {processor.py:840} INFO - DAG(s) 'example_setup_teardown' retrieved from /home/airflow/.local/lib/python3.8/site-packages/airflow/example_dags/example_setup_teardown.py
[2024-03-19T18:55:18.015+0000] {logging_mixin.py:188} INFO - [2024-03-19T18:55:18.015+0000] {dag.py:3047} INFO - Sync 1 DAGs
[2024-03-19T18:55:18.024+0000] {logging_mixin.py:188} INFO - [2024-03-19T18:55:18.024+0000] {dag.py:3834} INFO - Setting next_dagrun for example_setup_teardown to 2024-03-18 00:00:00+00:00, run_after=2024-03-19 00:00:00+00:00
[2024-03-19T18:55:18.031+0000] {processor.py:183} INFO - Processing /home/airflow/.local/lib/python3.8/site-packages/airflow/example_dags/example_setup_teardown.py took 0.030 seconds
[2024-03-19T18:55:48.482+0000] {processor.py:161} INFO - Started process (PID=3979) to work on /home/airflow/.local/lib/python3.8/site-packages/airflow/example_dags/example_setup_teardown.py
[2024-03-19T18:55:48.482+0000] {processor.py:830} INFO - Processing file /home/airflow/.local/lib/python3.8/site-packages/airflow/example_dags/example_setup_teardown.py for tasks to queue
[2024-03-19T18:55:48.483+0000] {logging_mixin.py:188} INFO - [2024-03-19T18:55:48.483+0000] {dagbag.py:540} INFO - Filling up the DagBag from /home/airflow/.local/lib/python3.8/site-packages/airflow/example_dags/example_setup_teardown.py
[2024-03-19T18:55:48.486+0000] {processor.py:840} INFO - DAG(s) 'example_setup_teardown' retrieved from /home/airflow/.local/lib/python3.8/site-packages/airflow/example_dags/example_setup_teardown.py
[2024-03-19T18:55:48.495+0000] {logging_mixin.py:188} INFO - [2024-03-19T18:55:48.495+0000] {dag.py:3047} INFO - Sync 1 DAGs
[2024-03-19T18:55:48.504+0000] {logging_mixin.py:188} INFO - [2024-03-19T18:55:48.504+0000] {dag.py:3834} INFO - Setting next_dagrun for example_setup_teardown to 2024-03-18 00:00:00+00:00, run_after=2024-03-19 00:00:00+00:00
[2024-03-19T18:55:48.511+0000] {processor.py:183} INFO - Processing /home/airflow/.local/lib/python3.8/site-packages/airflow/example_dags/example_setup_teardown.py took 0.031 seconds
[2024-03-19T18:56:18.995+0000] {processor.py:161} INFO - Started process (PID=4226) to work on /home/airflow/.local/lib/python3.8/site-packages/airflow/example_dags/example_setup_teardown.py
[2024-03-19T18:56:18.996+0000] {processor.py:830} INFO - Processing file /home/airflow/.local/lib/python3.8/site-packages/airflow/example_dags/example_setup_teardown.py for tasks to queue
[2024-03-19T18:56:18.997+0000] {logging_mixin.py:188} INFO - [2024-03-19T18:56:18.996+0000] {dagbag.py:540} INFO - Filling up the DagBag from /home/airflow/.local/lib/python3.8/site-packages/airflow/example_dags/example_setup_teardown.py
[2024-03-19T18:56:19.000+0000] {processor.py:840} INFO - DAG(s) 'example_setup_teardown' retrieved from /home/airflow/.local/lib/python3.8/site-packages/airflow/example_dags/example_setup_teardown.py
[2024-03-19T18:56:19.008+0000] {logging_mixin.py:188} INFO - [2024-03-19T18:56:19.008+0000] {dag.py:3047} INFO - Sync 1 DAGs
[2024-03-19T18:56:19.017+0000] {logging_mixin.py:188} INFO - [2024-03-19T18:56:19.017+0000] {dag.py:3834} INFO - Setting next_dagrun for example_setup_teardown to 2024-03-18 00:00:00+00:00, run_after=2024-03-19 00:00:00+00:00
[2024-03-19T18:56:19.024+0000] {processor.py:183} INFO - Processing /home/airflow/.local/lib/python3.8/site-packages/airflow/example_dags/example_setup_teardown.py took 0.030 seconds
[2024-03-19T18:56:49.481+0000] {processor.py:161} INFO - Started process (PID=4472) to work on /home/airflow/.local/lib/python3.8/site-packages/airflow/example_dags/example_setup_teardown.py
[2024-03-19T18:56:49.481+0000] {processor.py:830} INFO - Processing file /home/airflow/.local/lib/python3.8/site-packages/airflow/example_dags/example_setup_teardown.py for tasks to queue
[2024-03-19T18:56:49.482+0000] {logging_mixin.py:188} INFO - [2024-03-19T18:56:49.482+0000] {dagbag.py:540} INFO - Filling up the DagBag from /home/airflow/.local/lib/python3.8/site-packages/airflow/example_dags/example_setup_teardown.py
[2024-03-19T18:56:49.485+0000] {processor.py:840} INFO - DAG(s) 'example_setup_teardown' retrieved from /home/airflow/.local/lib/python3.8/site-packages/airflow/example_dags/example_setup_teardown.py
[2024-03-19T18:56:49.494+0000] {logging_mixin.py:188} INFO - [2024-03-19T18:56:49.493+0000] {dag.py:3047} INFO - Sync 1 DAGs
[2024-03-19T18:56:49.503+0000] {logging_mixin.py:188} INFO - [2024-03-19T18:56:49.502+0000] {dag.py:3834} INFO - Setting next_dagrun for example_setup_teardown to 2024-03-18 00:00:00+00:00, run_after=2024-03-19 00:00:00+00:00
[2024-03-19T18:56:49.510+0000] {processor.py:183} INFO - Processing /home/airflow/.local/lib/python3.8/site-packages/airflow/example_dags/example_setup_teardown.py took 0.031 seconds
[2024-03-19T18:57:20.016+0000] {processor.py:161} INFO - Started process (PID=4719) to work on /home/airflow/.local/lib/python3.8/site-packages/airflow/example_dags/example_setup_teardown.py
[2024-03-19T18:57:20.017+0000] {processor.py:830} INFO - Processing file /home/airflow/.local/lib/python3.8/site-packages/airflow/example_dags/example_setup_teardown.py for tasks to queue
[2024-03-19T18:57:20.017+0000] {logging_mixin.py:188} INFO - [2024-03-19T18:57:20.017+0000] {dagbag.py:540} INFO - Filling up the DagBag from /home/airflow/.local/lib/python3.8/site-packages/airflow/example_dags/example_setup_teardown.py
[2024-03-19T18:57:20.021+0000] {processor.py:840} INFO - DAG(s) 'example_setup_teardown' retrieved from /home/airflow/.local/lib/python3.8/site-packages/airflow/example_dags/example_setup_teardown.py
[2024-03-19T18:57:20.029+0000] {logging_mixin.py:188} INFO - [2024-03-19T18:57:20.029+0000] {dag.py:3047} INFO - Sync 1 DAGs
[2024-03-19T18:57:20.038+0000] {logging_mixin.py:188} INFO - [2024-03-19T18:57:20.038+0000] {dag.py:3834} INFO - Setting next_dagrun for example_setup_teardown to 2024-03-18 00:00:00+00:00, run_after=2024-03-19 00:00:00+00:00
[2024-03-19T18:57:20.045+0000] {processor.py:183} INFO - Processing /home/airflow/.local/lib/python3.8/site-packages/airflow/example_dags/example_setup_teardown.py took 0.030 seconds
[2024-03-19T18:57:50.530+0000] {processor.py:161} INFO - Started process (PID=4966) to work on /home/airflow/.local/lib/python3.8/site-packages/airflow/example_dags/example_setup_teardown.py
[2024-03-19T18:57:50.531+0000] {processor.py:830} INFO - Processing file /home/airflow/.local/lib/python3.8/site-packages/airflow/example_dags/example_setup_teardown.py for tasks to queue
[2024-03-19T18:57:50.531+0000] {logging_mixin.py:188} INFO - [2024-03-19T18:57:50.531+0000] {dagbag.py:540} INFO - Filling up the DagBag from /home/airflow/.local/lib/python3.8/site-packages/airflow/example_dags/example_setup_teardown.py
[2024-03-19T18:57:50.535+0000] {processor.py:840} INFO - DAG(s) 'example_setup_teardown' retrieved from /home/airflow/.local/lib/python3.8/site-packages/airflow/example_dags/example_setup_teardown.py
[2024-03-19T18:57:50.543+0000] {logging_mixin.py:188} INFO - [2024-03-19T18:57:50.543+0000] {dag.py:3047} INFO - Sync 1 DAGs
[2024-03-19T18:57:50.553+0000] {logging_mixin.py:188} INFO - [2024-03-19T18:57:50.553+0000] {dag.py:3834} INFO - Setting next_dagrun for example_setup_teardown to 2024-03-18 00:00:00+00:00, run_after=2024-03-19 00:00:00+00:00
[2024-03-19T18:57:50.560+0000] {processor.py:183} INFO - Processing /home/airflow/.local/lib/python3.8/site-packages/airflow/example_dags/example_setup_teardown.py took 0.031 seconds
[2024-03-19T18:58:21.073+0000] {processor.py:161} INFO - Started process (PID=5213) to work on /home/airflow/.local/lib/python3.8/site-packages/airflow/example_dags/example_setup_teardown.py
[2024-03-19T18:58:21.073+0000] {processor.py:830} INFO - Processing file /home/airflow/.local/lib/python3.8/site-packages/airflow/example_dags/example_setup_teardown.py for tasks to queue
[2024-03-19T18:58:21.073+0000] {logging_mixin.py:188} INFO - [2024-03-19T18:58:21.073+0000] {dagbag.py:540} INFO - Filling up the DagBag from /home/airflow/.local/lib/python3.8/site-packages/airflow/example_dags/example_setup_teardown.py
[2024-03-19T18:58:21.077+0000] {processor.py:840} INFO - DAG(s) 'example_setup_teardown' retrieved from /home/airflow/.local/lib/python3.8/site-packages/airflow/example_dags/example_setup_teardown.py
[2024-03-19T18:58:21.085+0000] {logging_mixin.py:188} INFO - [2024-03-19T18:58:21.085+0000] {dag.py:3047} INFO - Sync 1 DAGs
[2024-03-19T18:58:21.095+0000] {logging_mixin.py:188} INFO - [2024-03-19T18:58:21.095+0000] {dag.py:3834} INFO - Setting next_dagrun for example_setup_teardown to 2024-03-18 00:00:00+00:00, run_after=2024-03-19 00:00:00+00:00
[2024-03-19T18:58:21.102+0000] {processor.py:183} INFO - Processing /home/airflow/.local/lib/python3.8/site-packages/airflow/example_dags/example_setup_teardown.py took 0.031 seconds
[2024-03-19T18:58:51.609+0000] {processor.py:161} INFO - Started process (PID=5460) to work on /home/airflow/.local/lib/python3.8/site-packages/airflow/example_dags/example_setup_teardown.py
[2024-03-19T18:58:51.610+0000] {processor.py:830} INFO - Processing file /home/airflow/.local/lib/python3.8/site-packages/airflow/example_dags/example_setup_teardown.py for tasks to queue
[2024-03-19T18:58:51.610+0000] {logging_mixin.py:188} INFO - [2024-03-19T18:58:51.610+0000] {dagbag.py:540} INFO - Filling up the DagBag from /home/airflow/.local/lib/python3.8/site-packages/airflow/example_dags/example_setup_teardown.py
[2024-03-19T18:58:51.613+0000] {processor.py:840} INFO - DAG(s) 'example_setup_teardown' retrieved from /home/airflow/.local/lib/python3.8/site-packages/airflow/example_dags/example_setup_teardown.py
[2024-03-19T18:58:51.622+0000] {logging_mixin.py:188} INFO - [2024-03-19T18:58:51.622+0000] {dag.py:3047} INFO - Sync 1 DAGs
[2024-03-19T18:58:51.631+0000] {logging_mixin.py:188} INFO - [2024-03-19T18:58:51.631+0000] {dag.py:3834} INFO - Setting next_dagrun for example_setup_teardown to 2024-03-18 00:00:00+00:00, run_after=2024-03-19 00:00:00+00:00
[2024-03-19T18:58:51.638+0000] {processor.py:183} INFO - Processing /home/airflow/.local/lib/python3.8/site-packages/airflow/example_dags/example_setup_teardown.py took 0.031 seconds
[2024-03-19T18:59:22.285+0000] {processor.py:161} INFO - Started process (PID=5709) to work on /home/airflow/.local/lib/python3.8/site-packages/airflow/example_dags/example_setup_teardown.py
[2024-03-19T18:59:22.287+0000] {processor.py:830} INFO - Processing file /home/airflow/.local/lib/python3.8/site-packages/airflow/example_dags/example_setup_teardown.py for tasks to queue
[2024-03-19T18:59:22.287+0000] {logging_mixin.py:188} INFO - [2024-03-19T18:59:22.287+0000] {dagbag.py:540} INFO - Filling up the DagBag from /home/airflow/.local/lib/python3.8/site-packages/airflow/example_dags/example_setup_teardown.py
[2024-03-19T18:59:22.291+0000] {processor.py:840} INFO - DAG(s) 'example_setup_teardown' retrieved from /home/airflow/.local/lib/python3.8/site-packages/airflow/example_dags/example_setup_teardown.py
[2024-03-19T18:59:22.300+0000] {logging_mixin.py:188} INFO - [2024-03-19T18:59:22.300+0000] {dag.py:3047} INFO - Sync 1 DAGs
[2024-03-19T18:59:22.309+0000] {logging_mixin.py:188} INFO - [2024-03-19T18:59:22.309+0000] {dag.py:3834} INFO - Setting next_dagrun for example_setup_teardown to 2024-03-18 00:00:00+00:00, run_after=2024-03-19 00:00:00+00:00
[2024-03-19T18:59:22.316+0000] {processor.py:183} INFO - Processing /home/airflow/.local/lib/python3.8/site-packages/airflow/example_dags/example_setup_teardown.py took 0.033 seconds
[2024-03-19T18:59:52.846+0000] {processor.py:161} INFO - Started process (PID=5953) to work on /home/airflow/.local/lib/python3.8/site-packages/airflow/example_dags/example_setup_teardown.py
[2024-03-19T18:59:52.847+0000] {processor.py:830} INFO - Processing file /home/airflow/.local/lib/python3.8/site-packages/airflow/example_dags/example_setup_teardown.py for tasks to queue
[2024-03-19T18:59:52.847+0000] {logging_mixin.py:188} INFO - [2024-03-19T18:59:52.847+0000] {dagbag.py:540} INFO - Filling up the DagBag from /home/airflow/.local/lib/python3.8/site-packages/airflow/example_dags/example_setup_teardown.py
[2024-03-19T18:59:52.851+0000] {processor.py:840} INFO - DAG(s) 'example_setup_teardown' retrieved from /home/airflow/.local/lib/python3.8/site-packages/airflow/example_dags/example_setup_teardown.py
[2024-03-19T18:59:52.860+0000] {logging_mixin.py:188} INFO - [2024-03-19T18:59:52.860+0000] {dag.py:3047} INFO - Sync 1 DAGs
[2024-03-19T18:59:52.870+0000] {logging_mixin.py:188} INFO - [2024-03-19T18:59:52.870+0000] {dag.py:3834} INFO - Setting next_dagrun for example_setup_teardown to 2024-03-18 00:00:00+00:00, run_after=2024-03-19 00:00:00+00:00
[2024-03-19T18:59:52.879+0000] {processor.py:183} INFO - Processing /home/airflow/.local/lib/python3.8/site-packages/airflow/example_dags/example_setup_teardown.py took 0.035 seconds
[2024-03-19T19:00:23.378+0000] {processor.py:161} INFO - Started process (PID=6200) to work on /home/airflow/.local/lib/python3.8/site-packages/airflow/example_dags/example_setup_teardown.py
[2024-03-19T19:00:23.378+0000] {processor.py:830} INFO - Processing file /home/airflow/.local/lib/python3.8/site-packages/airflow/example_dags/example_setup_teardown.py for tasks to queue
[2024-03-19T19:00:23.379+0000] {logging_mixin.py:188} INFO - [2024-03-19T19:00:23.379+0000] {dagbag.py:540} INFO - Filling up the DagBag from /home/airflow/.local/lib/python3.8/site-packages/airflow/example_dags/example_setup_teardown.py
[2024-03-19T19:00:23.382+0000] {processor.py:840} INFO - DAG(s) 'example_setup_teardown' retrieved from /home/airflow/.local/lib/python3.8/site-packages/airflow/example_dags/example_setup_teardown.py
[2024-03-19T19:00:23.390+0000] {logging_mixin.py:188} INFO - [2024-03-19T19:00:23.390+0000] {dag.py:3047} INFO - Sync 1 DAGs
[2024-03-19T19:00:23.399+0000] {logging_mixin.py:188} INFO - [2024-03-19T19:00:23.399+0000] {dag.py:3834} INFO - Setting next_dagrun for example_setup_teardown to 2024-03-18 00:00:00+00:00, run_after=2024-03-19 00:00:00+00:00
[2024-03-19T19:00:23.407+0000] {processor.py:183} INFO - Processing /home/airflow/.local/lib/python3.8/site-packages/airflow/example_dags/example_setup_teardown.py took 0.031 seconds
[2024-03-19T19:00:53.900+0000] {processor.py:161} INFO - Started process (PID=6447) to work on /home/airflow/.local/lib/python3.8/site-packages/airflow/example_dags/example_setup_teardown.py
[2024-03-19T19:00:53.901+0000] {processor.py:830} INFO - Processing file /home/airflow/.local/lib/python3.8/site-packages/airflow/example_dags/example_setup_teardown.py for tasks to queue
[2024-03-19T19:00:53.901+0000] {logging_mixin.py:188} INFO - [2024-03-19T19:00:53.901+0000] {dagbag.py:540} INFO - Filling up the DagBag from /home/airflow/.local/lib/python3.8/site-packages/airflow/example_dags/example_setup_teardown.py
[2024-03-19T19:00:53.905+0000] {processor.py:840} INFO - DAG(s) 'example_setup_teardown' retrieved from /home/airflow/.local/lib/python3.8/site-packages/airflow/example_dags/example_setup_teardown.py
[2024-03-19T19:00:53.912+0000] {logging_mixin.py:188} INFO - [2024-03-19T19:00:53.912+0000] {dag.py:3047} INFO - Sync 1 DAGs
[2024-03-19T19:00:53.921+0000] {logging_mixin.py:188} INFO - [2024-03-19T19:00:53.921+0000] {dag.py:3834} INFO - Setting next_dagrun for example_setup_teardown to 2024-03-18 00:00:00+00:00, run_after=2024-03-19 00:00:00+00:00
[2024-03-19T19:00:53.928+0000] {processor.py:183} INFO - Processing /home/airflow/.local/lib/python3.8/site-packages/airflow/example_dags/example_setup_teardown.py took 0.029 seconds
[2024-03-19T19:01:24.379+0000] {processor.py:161} INFO - Started process (PID=6694) to work on /home/airflow/.local/lib/python3.8/site-packages/airflow/example_dags/example_setup_teardown.py
[2024-03-19T19:01:24.379+0000] {processor.py:830} INFO - Processing file /home/airflow/.local/lib/python3.8/site-packages/airflow/example_dags/example_setup_teardown.py for tasks to queue
[2024-03-19T19:01:24.380+0000] {logging_mixin.py:188} INFO - [2024-03-19T19:01:24.380+0000] {dagbag.py:540} INFO - Filling up the DagBag from /home/airflow/.local/lib/python3.8/site-packages/airflow/example_dags/example_setup_teardown.py
[2024-03-19T19:01:24.383+0000] {processor.py:840} INFO - DAG(s) 'example_setup_teardown' retrieved from /home/airflow/.local/lib/python3.8/site-packages/airflow/example_dags/example_setup_teardown.py
[2024-03-19T19:01:24.391+0000] {logging_mixin.py:188} INFO - [2024-03-19T19:01:24.391+0000] {dag.py:3047} INFO - Sync 1 DAGs
[2024-03-19T19:01:24.400+0000] {logging_mixin.py:188} INFO - [2024-03-19T19:01:24.400+0000] {dag.py:3834} INFO - Setting next_dagrun for example_setup_teardown to 2024-03-18 00:00:00+00:00, run_after=2024-03-19 00:00:00+00:00
[2024-03-19T19:01:24.407+0000] {processor.py:183} INFO - Processing /home/airflow/.local/lib/python3.8/site-packages/airflow/example_dags/example_setup_teardown.py took 0.029 seconds
[2024-03-19T19:01:54.857+0000] {processor.py:161} INFO - Started process (PID=6943) to work on /home/airflow/.local/lib/python3.8/site-packages/airflow/example_dags/example_setup_teardown.py
[2024-03-19T19:01:54.858+0000] {processor.py:830} INFO - Processing file /home/airflow/.local/lib/python3.8/site-packages/airflow/example_dags/example_setup_teardown.py for tasks to queue
[2024-03-19T19:01:54.859+0000] {logging_mixin.py:188} INFO - [2024-03-19T19:01:54.859+0000] {dagbag.py:540} INFO - Filling up the DagBag from /home/airflow/.local/lib/python3.8/site-packages/airflow/example_dags/example_setup_teardown.py
[2024-03-19T19:01:54.863+0000] {processor.py:840} INFO - DAG(s) 'example_setup_teardown' retrieved from /home/airflow/.local/lib/python3.8/site-packages/airflow/example_dags/example_setup_teardown.py
[2024-03-19T19:01:54.873+0000] {logging_mixin.py:188} INFO - [2024-03-19T19:01:54.873+0000] {dag.py:3047} INFO - Sync 1 DAGs
[2024-03-19T19:01:54.882+0000] {logging_mixin.py:188} INFO - [2024-03-19T19:01:54.882+0000] {dag.py:3834} INFO - Setting next_dagrun for example_setup_teardown to 2024-03-18 00:00:00+00:00, run_after=2024-03-19 00:00:00+00:00
[2024-03-19T19:01:54.888+0000] {processor.py:183} INFO - Processing /home/airflow/.local/lib/python3.8/site-packages/airflow/example_dags/example_setup_teardown.py took 0.033 seconds
[2024-03-19T19:02:25.325+0000] {processor.py:161} INFO - Started process (PID=7187) to work on /home/airflow/.local/lib/python3.8/site-packages/airflow/example_dags/example_setup_teardown.py
[2024-03-19T19:02:25.326+0000] {processor.py:830} INFO - Processing file /home/airflow/.local/lib/python3.8/site-packages/airflow/example_dags/example_setup_teardown.py for tasks to queue
[2024-03-19T19:02:25.326+0000] {logging_mixin.py:188} INFO - [2024-03-19T19:02:25.326+0000] {dagbag.py:540} INFO - Filling up the DagBag from /home/airflow/.local/lib/python3.8/site-packages/airflow/example_dags/example_setup_teardown.py
[2024-03-19T19:02:25.329+0000] {processor.py:840} INFO - DAG(s) 'example_setup_teardown' retrieved from /home/airflow/.local/lib/python3.8/site-packages/airflow/example_dags/example_setup_teardown.py
[2024-03-19T19:02:25.337+0000] {logging_mixin.py:188} INFO - [2024-03-19T19:02:25.337+0000] {dag.py:3047} INFO - Sync 1 DAGs
[2024-03-19T19:02:25.346+0000] {logging_mixin.py:188} INFO - [2024-03-19T19:02:25.346+0000] {dag.py:3834} INFO - Setting next_dagrun for example_setup_teardown to 2024-03-18 00:00:00+00:00, run_after=2024-03-19 00:00:00+00:00
[2024-03-19T19:02:25.353+0000] {processor.py:183} INFO - Processing /home/airflow/.local/lib/python3.8/site-packages/airflow/example_dags/example_setup_teardown.py took 0.029 seconds
[2024-03-19T19:02:55.808+0000] {processor.py:161} INFO - Started process (PID=7434) to work on /home/airflow/.local/lib/python3.8/site-packages/airflow/example_dags/example_setup_teardown.py
[2024-03-19T19:02:55.809+0000] {processor.py:830} INFO - Processing file /home/airflow/.local/lib/python3.8/site-packages/airflow/example_dags/example_setup_teardown.py for tasks to queue
[2024-03-19T19:02:55.810+0000] {logging_mixin.py:188} INFO - [2024-03-19T19:02:55.809+0000] {dagbag.py:540} INFO - Filling up the DagBag from /home/airflow/.local/lib/python3.8/site-packages/airflow/example_dags/example_setup_teardown.py
[2024-03-19T19:02:55.813+0000] {processor.py:840} INFO - DAG(s) 'example_setup_teardown' retrieved from /home/airflow/.local/lib/python3.8/site-packages/airflow/example_dags/example_setup_teardown.py
[2024-03-19T19:02:55.821+0000] {logging_mixin.py:188} INFO - [2024-03-19T19:02:55.821+0000] {dag.py:3047} INFO - Sync 1 DAGs
[2024-03-19T19:02:55.829+0000] {logging_mixin.py:188} INFO - [2024-03-19T19:02:55.829+0000] {dag.py:3834} INFO - Setting next_dagrun for example_setup_teardown to 2024-03-18 00:00:00+00:00, run_after=2024-03-19 00:00:00+00:00
[2024-03-19T19:02:55.836+0000] {processor.py:183} INFO - Processing /home/airflow/.local/lib/python3.8/site-packages/airflow/example_dags/example_setup_teardown.py took 0.029 seconds
[2024-03-19T19:03:26.288+0000] {processor.py:161} INFO - Started process (PID=7681) to work on /home/airflow/.local/lib/python3.8/site-packages/airflow/example_dags/example_setup_teardown.py
[2024-03-19T19:03:26.289+0000] {processor.py:830} INFO - Processing file /home/airflow/.local/lib/python3.8/site-packages/airflow/example_dags/example_setup_teardown.py for tasks to queue
[2024-03-19T19:03:26.289+0000] {logging_mixin.py:188} INFO - [2024-03-19T19:03:26.289+0000] {dagbag.py:540} INFO - Filling up the DagBag from /home/airflow/.local/lib/python3.8/site-packages/airflow/example_dags/example_setup_teardown.py
[2024-03-19T19:03:26.293+0000] {processor.py:840} INFO - DAG(s) 'example_setup_teardown' retrieved from /home/airflow/.local/lib/python3.8/site-packages/airflow/example_dags/example_setup_teardown.py
[2024-03-19T19:03:26.301+0000] {logging_mixin.py:188} INFO - [2024-03-19T19:03:26.301+0000] {dag.py:3047} INFO - Sync 1 DAGs
[2024-03-19T19:03:26.310+0000] {logging_mixin.py:188} INFO - [2024-03-19T19:03:26.309+0000] {dag.py:3834} INFO - Setting next_dagrun for example_setup_teardown to 2024-03-18 00:00:00+00:00, run_after=2024-03-19 00:00:00+00:00
[2024-03-19T19:03:26.317+0000] {processor.py:183} INFO - Processing /home/airflow/.local/lib/python3.8/site-packages/airflow/example_dags/example_setup_teardown.py took 0.030 seconds
[2024-03-19T19:03:56.882+0000] {processor.py:161} INFO - Started process (PID=7930) to work on /home/airflow/.local/lib/python3.8/site-packages/airflow/example_dags/example_setup_teardown.py
[2024-03-19T19:03:56.882+0000] {processor.py:830} INFO - Processing file /home/airflow/.local/lib/python3.8/site-packages/airflow/example_dags/example_setup_teardown.py for tasks to queue
[2024-03-19T19:03:56.883+0000] {logging_mixin.py:188} INFO - [2024-03-19T19:03:56.883+0000] {dagbag.py:540} INFO - Filling up the DagBag from /home/airflow/.local/lib/python3.8/site-packages/airflow/example_dags/example_setup_teardown.py
[2024-03-19T19:03:56.886+0000] {processor.py:840} INFO - DAG(s) 'example_setup_teardown' retrieved from /home/airflow/.local/lib/python3.8/site-packages/airflow/example_dags/example_setup_teardown.py
[2024-03-19T19:03:56.895+0000] {logging_mixin.py:188} INFO - [2024-03-19T19:03:56.895+0000] {dag.py:3047} INFO - Sync 1 DAGs
[2024-03-19T19:03:56.903+0000] {logging_mixin.py:188} INFO - [2024-03-19T19:03:56.903+0000] {dag.py:3834} INFO - Setting next_dagrun for example_setup_teardown to 2024-03-18 00:00:00+00:00, run_after=2024-03-19 00:00:00+00:00
[2024-03-19T19:03:56.910+0000] {processor.py:183} INFO - Processing /home/airflow/.local/lib/python3.8/site-packages/airflow/example_dags/example_setup_teardown.py took 0.030 seconds
[2024-03-19T19:04:27.388+0000] {processor.py:161} INFO - Started process (PID=8175) to work on /home/airflow/.local/lib/python3.8/site-packages/airflow/example_dags/example_setup_teardown.py
[2024-03-19T19:04:27.389+0000] {processor.py:830} INFO - Processing file /home/airflow/.local/lib/python3.8/site-packages/airflow/example_dags/example_setup_teardown.py for tasks to queue
[2024-03-19T19:04:27.389+0000] {logging_mixin.py:188} INFO - [2024-03-19T19:04:27.389+0000] {dagbag.py:540} INFO - Filling up the DagBag from /home/airflow/.local/lib/python3.8/site-packages/airflow/example_dags/example_setup_teardown.py
[2024-03-19T19:04:27.393+0000] {processor.py:840} INFO - DAG(s) 'example_setup_teardown' retrieved from /home/airflow/.local/lib/python3.8/site-packages/airflow/example_dags/example_setup_teardown.py
[2024-03-19T19:04:27.404+0000] {logging_mixin.py:188} INFO - [2024-03-19T19:04:27.403+0000] {dag.py:3047} INFO - Sync 1 DAGs
[2024-03-19T19:04:27.413+0000] {logging_mixin.py:188} INFO - [2024-03-19T19:04:27.413+0000] {dag.py:3834} INFO - Setting next_dagrun for example_setup_teardown to 2024-03-18 00:00:00+00:00, run_after=2024-03-19 00:00:00+00:00
[2024-03-19T19:04:27.419+0000] {processor.py:183} INFO - Processing /home/airflow/.local/lib/python3.8/site-packages/airflow/example_dags/example_setup_teardown.py took 0.033 seconds
[2024-03-19T19:04:57.938+0000] {processor.py:161} INFO - Started process (PID=8422) to work on /home/airflow/.local/lib/python3.8/site-packages/airflow/example_dags/example_setup_teardown.py
[2024-03-19T19:04:57.939+0000] {processor.py:830} INFO - Processing file /home/airflow/.local/lib/python3.8/site-packages/airflow/example_dags/example_setup_teardown.py for tasks to queue
[2024-03-19T19:04:57.939+0000] {logging_mixin.py:188} INFO - [2024-03-19T19:04:57.939+0000] {dagbag.py:540} INFO - Filling up the DagBag from /home/airflow/.local/lib/python3.8/site-packages/airflow/example_dags/example_setup_teardown.py
[2024-03-19T19:04:57.943+0000] {processor.py:840} INFO - DAG(s) 'example_setup_teardown' retrieved from /home/airflow/.local/lib/python3.8/site-packages/airflow/example_dags/example_setup_teardown.py
[2024-03-19T19:04:57.951+0000] {logging_mixin.py:188} INFO - [2024-03-19T19:04:57.951+0000] {dag.py:3047} INFO - Sync 1 DAGs
[2024-03-19T19:04:57.960+0000] {logging_mixin.py:188} INFO - [2024-03-19T19:04:57.960+0000] {dag.py:3834} INFO - Setting next_dagrun for example_setup_teardown to 2024-03-18 00:00:00+00:00, run_after=2024-03-19 00:00:00+00:00
[2024-03-19T19:04:57.968+0000] {processor.py:183} INFO - Processing /home/airflow/.local/lib/python3.8/site-packages/airflow/example_dags/example_setup_teardown.py took 0.031 seconds
[2024-03-19T19:05:28.440+0000] {processor.py:161} INFO - Started process (PID=8669) to work on /home/airflow/.local/lib/python3.8/site-packages/airflow/example_dags/example_setup_teardown.py
[2024-03-19T19:05:28.441+0000] {processor.py:830} INFO - Processing file /home/airflow/.local/lib/python3.8/site-packages/airflow/example_dags/example_setup_teardown.py for tasks to queue
[2024-03-19T19:05:28.441+0000] {logging_mixin.py:188} INFO - [2024-03-19T19:05:28.441+0000] {dagbag.py:540} INFO - Filling up the DagBag from /home/airflow/.local/lib/python3.8/site-packages/airflow/example_dags/example_setup_teardown.py
[2024-03-19T19:05:28.444+0000] {processor.py:840} INFO - DAG(s) 'example_setup_teardown' retrieved from /home/airflow/.local/lib/python3.8/site-packages/airflow/example_dags/example_setup_teardown.py
[2024-03-19T19:05:28.453+0000] {logging_mixin.py:188} INFO - [2024-03-19T19:05:28.453+0000] {dag.py:3047} INFO - Sync 1 DAGs
[2024-03-19T19:05:28.462+0000] {logging_mixin.py:188} INFO - [2024-03-19T19:05:28.462+0000] {dag.py:3834} INFO - Setting next_dagrun for example_setup_teardown to 2024-03-18 00:00:00+00:00, run_after=2024-03-19 00:00:00+00:00
[2024-03-19T19:05:28.469+0000] {processor.py:183} INFO - Processing /home/airflow/.local/lib/python3.8/site-packages/airflow/example_dags/example_setup_teardown.py took 0.030 seconds
[2024-03-19T19:05:59.002+0000] {processor.py:161} INFO - Started process (PID=8916) to work on /home/airflow/.local/lib/python3.8/site-packages/airflow/example_dags/example_setup_teardown.py
[2024-03-19T19:05:59.002+0000] {processor.py:830} INFO - Processing file /home/airflow/.local/lib/python3.8/site-packages/airflow/example_dags/example_setup_teardown.py for tasks to queue
[2024-03-19T19:05:59.003+0000] {logging_mixin.py:188} INFO - [2024-03-19T19:05:59.003+0000] {dagbag.py:540} INFO - Filling up the DagBag from /home/airflow/.local/lib/python3.8/site-packages/airflow/example_dags/example_setup_teardown.py
[2024-03-19T19:05:59.006+0000] {processor.py:840} INFO - DAG(s) 'example_setup_teardown' retrieved from /home/airflow/.local/lib/python3.8/site-packages/airflow/example_dags/example_setup_teardown.py
[2024-03-19T19:05:59.014+0000] {logging_mixin.py:188} INFO - [2024-03-19T19:05:59.014+0000] {dag.py:3047} INFO - Sync 1 DAGs
[2024-03-19T19:05:59.023+0000] {logging_mixin.py:188} INFO - [2024-03-19T19:05:59.023+0000] {dag.py:3834} INFO - Setting next_dagrun for example_setup_teardown to 2024-03-18 00:00:00+00:00, run_after=2024-03-19 00:00:00+00:00
[2024-03-19T19:05:59.030+0000] {processor.py:183} INFO - Processing /home/airflow/.local/lib/python3.8/site-packages/airflow/example_dags/example_setup_teardown.py took 0.030 seconds
