[2024-03-19T18:48:10.949+0000] {processor.py:161} INFO - Started process (PID=256) to work on /home/airflow/.local/lib/python3.8/site-packages/airflow/example_dags/example_python_operator.py
[2024-03-19T18:48:10.950+0000] {processor.py:830} INFO - Processing file /home/airflow/.local/lib/python3.8/site-packages/airflow/example_dags/example_python_operator.py for tasks to queue
[2024-03-19T18:48:10.951+0000] {logging_mixin.py:188} INFO - [2024-03-19T18:48:10.951+0000] {dagbag.py:540} INFO - Filling up the DagBag from /home/airflow/.local/lib/python3.8/site-packages/airflow/example_dags/example_python_operator.py
[2024-03-19T18:48:10.961+0000] {processor.py:840} INFO - DAG(s) 'example_python_operator' retrieved from /home/airflow/.local/lib/python3.8/site-packages/airflow/example_dags/example_python_operator.py
[2024-03-19T18:48:10.972+0000] {logging_mixin.py:188} INFO - [2024-03-19T18:48:10.972+0000] {dag.py:3047} INFO - Sync 1 DAGs
[2024-03-19T18:48:10.979+0000] {logging_mixin.py:188} INFO - [2024-03-19T18:48:10.979+0000] {dag.py:3834} INFO - Setting next_dagrun for example_python_operator to None, run_after=None
[2024-03-19T18:48:10.992+0000] {processor.py:183} INFO - Processing /home/airflow/.local/lib/python3.8/site-packages/airflow/example_dags/example_python_operator.py took 0.044 seconds
[2024-03-19T18:48:41.669+0000] {processor.py:161} INFO - Started process (PID=503) to work on /home/airflow/.local/lib/python3.8/site-packages/airflow/example_dags/example_python_operator.py
[2024-03-19T18:48:41.669+0000] {processor.py:830} INFO - Processing file /home/airflow/.local/lib/python3.8/site-packages/airflow/example_dags/example_python_operator.py for tasks to queue
[2024-03-19T18:48:41.670+0000] {logging_mixin.py:188} INFO - [2024-03-19T18:48:41.670+0000] {dagbag.py:540} INFO - Filling up the DagBag from /home/airflow/.local/lib/python3.8/site-packages/airflow/example_dags/example_python_operator.py
[2024-03-19T18:48:41.675+0000] {processor.py:840} INFO - DAG(s) 'example_python_operator' retrieved from /home/airflow/.local/lib/python3.8/site-packages/airflow/example_dags/example_python_operator.py
[2024-03-19T18:48:41.717+0000] {logging_mixin.py:188} INFO - [2024-03-19T18:48:41.717+0000] {dag.py:3047} INFO - Sync 1 DAGs
[2024-03-19T18:48:41.721+0000] {logging_mixin.py:188} INFO - [2024-03-19T18:48:41.721+0000] {dag.py:3834} INFO - Setting next_dagrun for example_python_operator to None, run_after=None
[2024-03-19T18:48:41.728+0000] {processor.py:183} INFO - Processing /home/airflow/.local/lib/python3.8/site-packages/airflow/example_dags/example_python_operator.py took 0.061 seconds
[2024-03-19T18:49:11.751+0000] {processor.py:161} INFO - Started process (PID=752) to work on /home/airflow/.local/lib/python3.8/site-packages/airflow/example_dags/example_python_operator.py
[2024-03-19T18:49:11.752+0000] {processor.py:830} INFO - Processing file /home/airflow/.local/lib/python3.8/site-packages/airflow/example_dags/example_python_operator.py for tasks to queue
[2024-03-19T18:49:11.752+0000] {logging_mixin.py:188} INFO - [2024-03-19T18:49:11.752+0000] {dagbag.py:540} INFO - Filling up the DagBag from /home/airflow/.local/lib/python3.8/site-packages/airflow/example_dags/example_python_operator.py
[2024-03-19T18:49:11.757+0000] {processor.py:840} INFO - DAG(s) 'example_python_operator' retrieved from /home/airflow/.local/lib/python3.8/site-packages/airflow/example_dags/example_python_operator.py
[2024-03-19T18:49:11.766+0000] {logging_mixin.py:188} INFO - [2024-03-19T18:49:11.766+0000] {dag.py:3047} INFO - Sync 1 DAGs
[2024-03-19T18:49:11.771+0000] {logging_mixin.py:188} INFO - [2024-03-19T18:49:11.771+0000] {dag.py:3834} INFO - Setting next_dagrun for example_python_operator to None, run_after=None
[2024-03-19T18:49:11.778+0000] {processor.py:183} INFO - Processing /home/airflow/.local/lib/python3.8/site-packages/airflow/example_dags/example_python_operator.py took 0.029 seconds
[2024-03-19T18:49:42.238+0000] {processor.py:161} INFO - Started process (PID=999) to work on /home/airflow/.local/lib/python3.8/site-packages/airflow/example_dags/example_python_operator.py
[2024-03-19T18:49:42.239+0000] {processor.py:830} INFO - Processing file /home/airflow/.local/lib/python3.8/site-packages/airflow/example_dags/example_python_operator.py for tasks to queue
[2024-03-19T18:49:42.239+0000] {logging_mixin.py:188} INFO - [2024-03-19T18:49:42.239+0000] {dagbag.py:540} INFO - Filling up the DagBag from /home/airflow/.local/lib/python3.8/site-packages/airflow/example_dags/example_python_operator.py
[2024-03-19T18:49:42.244+0000] {processor.py:840} INFO - DAG(s) 'example_python_operator' retrieved from /home/airflow/.local/lib/python3.8/site-packages/airflow/example_dags/example_python_operator.py
[2024-03-19T18:49:42.253+0000] {logging_mixin.py:188} INFO - [2024-03-19T18:49:42.252+0000] {dag.py:3047} INFO - Sync 1 DAGs
[2024-03-19T18:49:42.257+0000] {logging_mixin.py:188} INFO - [2024-03-19T18:49:42.257+0000] {dag.py:3834} INFO - Setting next_dagrun for example_python_operator to None, run_after=None
[2024-03-19T18:49:42.264+0000] {processor.py:183} INFO - Processing /home/airflow/.local/lib/python3.8/site-packages/airflow/example_dags/example_python_operator.py took 0.027 seconds
[2024-03-19T18:50:12.794+0000] {processor.py:161} INFO - Started process (PID=1246) to work on /home/airflow/.local/lib/python3.8/site-packages/airflow/example_dags/example_python_operator.py
[2024-03-19T18:50:12.795+0000] {processor.py:830} INFO - Processing file /home/airflow/.local/lib/python3.8/site-packages/airflow/example_dags/example_python_operator.py for tasks to queue
[2024-03-19T18:50:12.795+0000] {logging_mixin.py:188} INFO - [2024-03-19T18:50:12.795+0000] {dagbag.py:540} INFO - Filling up the DagBag from /home/airflow/.local/lib/python3.8/site-packages/airflow/example_dags/example_python_operator.py
[2024-03-19T18:50:12.800+0000] {processor.py:840} INFO - DAG(s) 'example_python_operator' retrieved from /home/airflow/.local/lib/python3.8/site-packages/airflow/example_dags/example_python_operator.py
[2024-03-19T18:50:12.810+0000] {logging_mixin.py:188} INFO - [2024-03-19T18:50:12.809+0000] {dag.py:3047} INFO - Sync 1 DAGs
[2024-03-19T18:50:12.815+0000] {logging_mixin.py:188} INFO - [2024-03-19T18:50:12.815+0000] {dag.py:3834} INFO - Setting next_dagrun for example_python_operator to None, run_after=None
[2024-03-19T18:50:12.823+0000] {processor.py:183} INFO - Processing /home/airflow/.local/lib/python3.8/site-packages/airflow/example_dags/example_python_operator.py took 0.030 seconds
[2024-03-19T18:50:43.380+0000] {processor.py:161} INFO - Started process (PID=1515) to work on /home/airflow/.local/lib/python3.8/site-packages/airflow/example_dags/example_python_operator.py
[2024-03-19T18:50:43.381+0000] {processor.py:830} INFO - Processing file /home/airflow/.local/lib/python3.8/site-packages/airflow/example_dags/example_python_operator.py for tasks to queue
[2024-03-19T18:50:43.381+0000] {logging_mixin.py:188} INFO - [2024-03-19T18:50:43.381+0000] {dagbag.py:540} INFO - Filling up the DagBag from /home/airflow/.local/lib/python3.8/site-packages/airflow/example_dags/example_python_operator.py
[2024-03-19T18:50:43.386+0000] {processor.py:840} INFO - DAG(s) 'example_python_operator' retrieved from /home/airflow/.local/lib/python3.8/site-packages/airflow/example_dags/example_python_operator.py
[2024-03-19T18:50:43.396+0000] {logging_mixin.py:188} INFO - [2024-03-19T18:50:43.396+0000] {dag.py:3047} INFO - Sync 1 DAGs
[2024-03-19T18:50:43.401+0000] {logging_mixin.py:188} INFO - [2024-03-19T18:50:43.401+0000] {dag.py:3834} INFO - Setting next_dagrun for example_python_operator to None, run_after=None
[2024-03-19T18:50:43.409+0000] {processor.py:183} INFO - Processing /home/airflow/.local/lib/python3.8/site-packages/airflow/example_dags/example_python_operator.py took 0.030 seconds
[2024-03-19T18:51:14.207+0000] {processor.py:161} INFO - Started process (PID=1762) to work on /home/airflow/.local/lib/python3.8/site-packages/airflow/example_dags/example_python_operator.py
[2024-03-19T18:51:14.208+0000] {processor.py:830} INFO - Processing file /home/airflow/.local/lib/python3.8/site-packages/airflow/example_dags/example_python_operator.py for tasks to queue
[2024-03-19T18:51:14.208+0000] {logging_mixin.py:188} INFO - [2024-03-19T18:51:14.208+0000] {dagbag.py:540} INFO - Filling up the DagBag from /home/airflow/.local/lib/python3.8/site-packages/airflow/example_dags/example_python_operator.py
[2024-03-19T18:51:14.213+0000] {processor.py:840} INFO - DAG(s) 'example_python_operator' retrieved from /home/airflow/.local/lib/python3.8/site-packages/airflow/example_dags/example_python_operator.py
[2024-03-19T18:51:14.223+0000] {logging_mixin.py:188} INFO - [2024-03-19T18:51:14.223+0000] {dag.py:3047} INFO - Sync 1 DAGs
[2024-03-19T18:51:14.228+0000] {logging_mixin.py:188} INFO - [2024-03-19T18:51:14.228+0000] {dag.py:3834} INFO - Setting next_dagrun for example_python_operator to None, run_after=None
[2024-03-19T18:51:14.235+0000] {processor.py:183} INFO - Processing /home/airflow/.local/lib/python3.8/site-packages/airflow/example_dags/example_python_operator.py took 0.029 seconds
[2024-03-19T18:51:44.557+0000] {processor.py:161} INFO - Started process (PID=2009) to work on /home/airflow/.local/lib/python3.8/site-packages/airflow/example_dags/example_python_operator.py
[2024-03-19T18:51:44.557+0000] {processor.py:830} INFO - Processing file /home/airflow/.local/lib/python3.8/site-packages/airflow/example_dags/example_python_operator.py for tasks to queue
[2024-03-19T18:51:44.558+0000] {logging_mixin.py:188} INFO - [2024-03-19T18:51:44.558+0000] {dagbag.py:540} INFO - Filling up the DagBag from /home/airflow/.local/lib/python3.8/site-packages/airflow/example_dags/example_python_operator.py
[2024-03-19T18:51:44.563+0000] {processor.py:840} INFO - DAG(s) 'example_python_operator' retrieved from /home/airflow/.local/lib/python3.8/site-packages/airflow/example_dags/example_python_operator.py
[2024-03-19T18:51:44.572+0000] {logging_mixin.py:188} INFO - [2024-03-19T18:51:44.572+0000] {dag.py:3047} INFO - Sync 1 DAGs
[2024-03-19T18:51:44.577+0000] {logging_mixin.py:188} INFO - [2024-03-19T18:51:44.577+0000] {dag.py:3834} INFO - Setting next_dagrun for example_python_operator to None, run_after=None
[2024-03-19T18:51:44.584+0000] {processor.py:183} INFO - Processing /home/airflow/.local/lib/python3.8/site-packages/airflow/example_dags/example_python_operator.py took 0.029 seconds
[2024-03-19T18:52:14.937+0000] {processor.py:161} INFO - Started process (PID=2257) to work on /home/airflow/.local/lib/python3.8/site-packages/airflow/example_dags/example_python_operator.py
[2024-03-19T18:52:14.938+0000] {processor.py:830} INFO - Processing file /home/airflow/.local/lib/python3.8/site-packages/airflow/example_dags/example_python_operator.py for tasks to queue
[2024-03-19T18:52:14.938+0000] {logging_mixin.py:188} INFO - [2024-03-19T18:52:14.938+0000] {dagbag.py:540} INFO - Filling up the DagBag from /home/airflow/.local/lib/python3.8/site-packages/airflow/example_dags/example_python_operator.py
[2024-03-19T18:52:14.944+0000] {processor.py:840} INFO - DAG(s) 'example_python_operator' retrieved from /home/airflow/.local/lib/python3.8/site-packages/airflow/example_dags/example_python_operator.py
[2024-03-19T18:52:14.958+0000] {logging_mixin.py:188} INFO - [2024-03-19T18:52:14.958+0000] {dag.py:3047} INFO - Sync 1 DAGs
[2024-03-19T18:52:14.965+0000] {logging_mixin.py:188} INFO - [2024-03-19T18:52:14.965+0000] {dag.py:3834} INFO - Setting next_dagrun for example_python_operator to None, run_after=None
[2024-03-19T18:52:14.972+0000] {processor.py:183} INFO - Processing /home/airflow/.local/lib/python3.8/site-packages/airflow/example_dags/example_python_operator.py took 0.037 seconds
[2024-03-19T18:52:45.395+0000] {processor.py:161} INFO - Started process (PID=2502) to work on /home/airflow/.local/lib/python3.8/site-packages/airflow/example_dags/example_python_operator.py
[2024-03-19T18:52:45.396+0000] {processor.py:830} INFO - Processing file /home/airflow/.local/lib/python3.8/site-packages/airflow/example_dags/example_python_operator.py for tasks to queue
[2024-03-19T18:52:45.396+0000] {logging_mixin.py:188} INFO - [2024-03-19T18:52:45.396+0000] {dagbag.py:540} INFO - Filling up the DagBag from /home/airflow/.local/lib/python3.8/site-packages/airflow/example_dags/example_python_operator.py
[2024-03-19T18:52:45.402+0000] {processor.py:840} INFO - DAG(s) 'example_python_operator' retrieved from /home/airflow/.local/lib/python3.8/site-packages/airflow/example_dags/example_python_operator.py
[2024-03-19T18:52:45.411+0000] {logging_mixin.py:188} INFO - [2024-03-19T18:52:45.411+0000] {dag.py:3047} INFO - Sync 1 DAGs
[2024-03-19T18:52:45.417+0000] {logging_mixin.py:188} INFO - [2024-03-19T18:52:45.417+0000] {dag.py:3834} INFO - Setting next_dagrun for example_python_operator to None, run_after=None
[2024-03-19T18:52:45.424+0000] {processor.py:183} INFO - Processing /home/airflow/.local/lib/python3.8/site-packages/airflow/example_dags/example_python_operator.py took 0.030 seconds
[2024-03-19T18:53:15.860+0000] {processor.py:161} INFO - Started process (PID=2750) to work on /home/airflow/.local/lib/python3.8/site-packages/airflow/example_dags/example_python_operator.py
[2024-03-19T18:53:15.861+0000] {processor.py:830} INFO - Processing file /home/airflow/.local/lib/python3.8/site-packages/airflow/example_dags/example_python_operator.py for tasks to queue
[2024-03-19T18:53:15.861+0000] {logging_mixin.py:188} INFO - [2024-03-19T18:53:15.861+0000] {dagbag.py:540} INFO - Filling up the DagBag from /home/airflow/.local/lib/python3.8/site-packages/airflow/example_dags/example_python_operator.py
[2024-03-19T18:53:15.866+0000] {processor.py:840} INFO - DAG(s) 'example_python_operator' retrieved from /home/airflow/.local/lib/python3.8/site-packages/airflow/example_dags/example_python_operator.py
[2024-03-19T18:53:15.876+0000] {logging_mixin.py:188} INFO - [2024-03-19T18:53:15.876+0000] {dag.py:3047} INFO - Sync 1 DAGs
[2024-03-19T18:53:15.882+0000] {logging_mixin.py:188} INFO - [2024-03-19T18:53:15.882+0000] {dag.py:3834} INFO - Setting next_dagrun for example_python_operator to None, run_after=None
[2024-03-19T18:53:15.891+0000] {processor.py:183} INFO - Processing /home/airflow/.local/lib/python3.8/site-packages/airflow/example_dags/example_python_operator.py took 0.032 seconds
[2024-03-19T18:53:46.446+0000] {processor.py:161} INFO - Started process (PID=2996) to work on /home/airflow/.local/lib/python3.8/site-packages/airflow/example_dags/example_python_operator.py
[2024-03-19T18:53:46.446+0000] {processor.py:830} INFO - Processing file /home/airflow/.local/lib/python3.8/site-packages/airflow/example_dags/example_python_operator.py for tasks to queue
[2024-03-19T18:53:46.447+0000] {logging_mixin.py:188} INFO - [2024-03-19T18:53:46.447+0000] {dagbag.py:540} INFO - Filling up the DagBag from /home/airflow/.local/lib/python3.8/site-packages/airflow/example_dags/example_python_operator.py
[2024-03-19T18:53:46.452+0000] {processor.py:840} INFO - DAG(s) 'example_python_operator' retrieved from /home/airflow/.local/lib/python3.8/site-packages/airflow/example_dags/example_python_operator.py
[2024-03-19T18:53:46.464+0000] {logging_mixin.py:188} INFO - [2024-03-19T18:53:46.464+0000] {dag.py:3047} INFO - Sync 1 DAGs
[2024-03-19T18:53:46.469+0000] {logging_mixin.py:188} INFO - [2024-03-19T18:53:46.469+0000] {dag.py:3834} INFO - Setting next_dagrun for example_python_operator to None, run_after=None
[2024-03-19T18:53:46.480+0000] {processor.py:183} INFO - Processing /home/airflow/.local/lib/python3.8/site-packages/airflow/example_dags/example_python_operator.py took 0.035 seconds
[2024-03-19T18:54:17.128+0000] {processor.py:161} INFO - Started process (PID=3243) to work on /home/airflow/.local/lib/python3.8/site-packages/airflow/example_dags/example_python_operator.py
[2024-03-19T18:54:17.129+0000] {processor.py:830} INFO - Processing file /home/airflow/.local/lib/python3.8/site-packages/airflow/example_dags/example_python_operator.py for tasks to queue
[2024-03-19T18:54:17.129+0000] {logging_mixin.py:188} INFO - [2024-03-19T18:54:17.129+0000] {dagbag.py:540} INFO - Filling up the DagBag from /home/airflow/.local/lib/python3.8/site-packages/airflow/example_dags/example_python_operator.py
[2024-03-19T18:54:17.134+0000] {processor.py:840} INFO - DAG(s) 'example_python_operator' retrieved from /home/airflow/.local/lib/python3.8/site-packages/airflow/example_dags/example_python_operator.py
[2024-03-19T18:54:17.145+0000] {logging_mixin.py:188} INFO - [2024-03-19T18:54:17.145+0000] {dag.py:3047} INFO - Sync 1 DAGs
[2024-03-19T18:54:17.151+0000] {logging_mixin.py:188} INFO - [2024-03-19T18:54:17.150+0000] {dag.py:3834} INFO - Setting next_dagrun for example_python_operator to None, run_after=None
[2024-03-19T18:54:17.159+0000] {processor.py:183} INFO - Processing /home/airflow/.local/lib/python3.8/site-packages/airflow/example_dags/example_python_operator.py took 0.032 seconds
[2024-03-19T18:54:47.603+0000] {processor.py:161} INFO - Started process (PID=3490) to work on /home/airflow/.local/lib/python3.8/site-packages/airflow/example_dags/example_python_operator.py
[2024-03-19T18:54:47.604+0000] {processor.py:830} INFO - Processing file /home/airflow/.local/lib/python3.8/site-packages/airflow/example_dags/example_python_operator.py for tasks to queue
[2024-03-19T18:54:47.604+0000] {logging_mixin.py:188} INFO - [2024-03-19T18:54:47.604+0000] {dagbag.py:540} INFO - Filling up the DagBag from /home/airflow/.local/lib/python3.8/site-packages/airflow/example_dags/example_python_operator.py
[2024-03-19T18:54:47.609+0000] {processor.py:840} INFO - DAG(s) 'example_python_operator' retrieved from /home/airflow/.local/lib/python3.8/site-packages/airflow/example_dags/example_python_operator.py
[2024-03-19T18:54:47.619+0000] {logging_mixin.py:188} INFO - [2024-03-19T18:54:47.619+0000] {dag.py:3047} INFO - Sync 1 DAGs
[2024-03-19T18:54:47.624+0000] {logging_mixin.py:188} INFO - [2024-03-19T18:54:47.624+0000] {dag.py:3834} INFO - Setting next_dagrun for example_python_operator to None, run_after=None
[2024-03-19T18:54:47.631+0000] {processor.py:183} INFO - Processing /home/airflow/.local/lib/python3.8/site-packages/airflow/example_dags/example_python_operator.py took 0.029 seconds
[2024-03-19T18:55:18.033+0000] {processor.py:161} INFO - Started process (PID=3737) to work on /home/airflow/.local/lib/python3.8/site-packages/airflow/example_dags/example_python_operator.py
[2024-03-19T18:55:18.034+0000] {processor.py:830} INFO - Processing file /home/airflow/.local/lib/python3.8/site-packages/airflow/example_dags/example_python_operator.py for tasks to queue
[2024-03-19T18:55:18.034+0000] {logging_mixin.py:188} INFO - [2024-03-19T18:55:18.034+0000] {dagbag.py:540} INFO - Filling up the DagBag from /home/airflow/.local/lib/python3.8/site-packages/airflow/example_dags/example_python_operator.py
[2024-03-19T18:55:18.039+0000] {processor.py:840} INFO - DAG(s) 'example_python_operator' retrieved from /home/airflow/.local/lib/python3.8/site-packages/airflow/example_dags/example_python_operator.py
[2024-03-19T18:55:18.049+0000] {logging_mixin.py:188} INFO - [2024-03-19T18:55:18.049+0000] {dag.py:3047} INFO - Sync 1 DAGs
[2024-03-19T18:55:18.054+0000] {logging_mixin.py:188} INFO - [2024-03-19T18:55:18.054+0000] {dag.py:3834} INFO - Setting next_dagrun for example_python_operator to None, run_after=None
[2024-03-19T18:55:18.061+0000] {processor.py:183} INFO - Processing /home/airflow/.local/lib/python3.8/site-packages/airflow/example_dags/example_python_operator.py took 0.030 seconds
[2024-03-19T18:55:48.512+0000] {processor.py:161} INFO - Started process (PID=3984) to work on /home/airflow/.local/lib/python3.8/site-packages/airflow/example_dags/example_python_operator.py
[2024-03-19T18:55:48.512+0000] {processor.py:830} INFO - Processing file /home/airflow/.local/lib/python3.8/site-packages/airflow/example_dags/example_python_operator.py for tasks to queue
[2024-03-19T18:55:48.513+0000] {logging_mixin.py:188} INFO - [2024-03-19T18:55:48.512+0000] {dagbag.py:540} INFO - Filling up the DagBag from /home/airflow/.local/lib/python3.8/site-packages/airflow/example_dags/example_python_operator.py
[2024-03-19T18:55:48.518+0000] {processor.py:840} INFO - DAG(s) 'example_python_operator' retrieved from /home/airflow/.local/lib/python3.8/site-packages/airflow/example_dags/example_python_operator.py
[2024-03-19T18:55:48.528+0000] {logging_mixin.py:188} INFO - [2024-03-19T18:55:48.527+0000] {dag.py:3047} INFO - Sync 1 DAGs
[2024-03-19T18:55:48.533+0000] {logging_mixin.py:188} INFO - [2024-03-19T18:55:48.533+0000] {dag.py:3834} INFO - Setting next_dagrun for example_python_operator to None, run_after=None
[2024-03-19T18:55:48.540+0000] {processor.py:183} INFO - Processing /home/airflow/.local/lib/python3.8/site-packages/airflow/example_dags/example_python_operator.py took 0.030 seconds
[2024-03-19T18:56:19.028+0000] {processor.py:161} INFO - Started process (PID=4231) to work on /home/airflow/.local/lib/python3.8/site-packages/airflow/example_dags/example_python_operator.py
[2024-03-19T18:56:19.029+0000] {processor.py:830} INFO - Processing file /home/airflow/.local/lib/python3.8/site-packages/airflow/example_dags/example_python_operator.py for tasks to queue
[2024-03-19T18:56:19.029+0000] {logging_mixin.py:188} INFO - [2024-03-19T18:56:19.029+0000] {dagbag.py:540} INFO - Filling up the DagBag from /home/airflow/.local/lib/python3.8/site-packages/airflow/example_dags/example_python_operator.py
[2024-03-19T18:56:19.034+0000] {processor.py:840} INFO - DAG(s) 'example_python_operator' retrieved from /home/airflow/.local/lib/python3.8/site-packages/airflow/example_dags/example_python_operator.py
[2024-03-19T18:56:19.044+0000] {logging_mixin.py:188} INFO - [2024-03-19T18:56:19.043+0000] {dag.py:3047} INFO - Sync 1 DAGs
[2024-03-19T18:56:19.049+0000] {logging_mixin.py:188} INFO - [2024-03-19T18:56:19.049+0000] {dag.py:3834} INFO - Setting next_dagrun for example_python_operator to None, run_after=None
[2024-03-19T18:56:19.056+0000] {processor.py:183} INFO - Processing /home/airflow/.local/lib/python3.8/site-packages/airflow/example_dags/example_python_operator.py took 0.030 seconds
[2024-03-19T18:56:49.506+0000] {processor.py:161} INFO - Started process (PID=4477) to work on /home/airflow/.local/lib/python3.8/site-packages/airflow/example_dags/example_python_operator.py
[2024-03-19T18:56:49.506+0000] {processor.py:830} INFO - Processing file /home/airflow/.local/lib/python3.8/site-packages/airflow/example_dags/example_python_operator.py for tasks to queue
[2024-03-19T18:56:49.507+0000] {logging_mixin.py:188} INFO - [2024-03-19T18:56:49.506+0000] {dagbag.py:540} INFO - Filling up the DagBag from /home/airflow/.local/lib/python3.8/site-packages/airflow/example_dags/example_python_operator.py
[2024-03-19T18:56:49.512+0000] {processor.py:840} INFO - DAG(s) 'example_python_operator' retrieved from /home/airflow/.local/lib/python3.8/site-packages/airflow/example_dags/example_python_operator.py
[2024-03-19T18:56:49.521+0000] {logging_mixin.py:188} INFO - [2024-03-19T18:56:49.521+0000] {dag.py:3047} INFO - Sync 1 DAGs
[2024-03-19T18:56:49.527+0000] {logging_mixin.py:188} INFO - [2024-03-19T18:56:49.527+0000] {dag.py:3834} INFO - Setting next_dagrun for example_python_operator to None, run_after=None
[2024-03-19T18:56:49.535+0000] {processor.py:183} INFO - Processing /home/airflow/.local/lib/python3.8/site-packages/airflow/example_dags/example_python_operator.py took 0.031 seconds
[2024-03-19T18:57:20.050+0000] {processor.py:161} INFO - Started process (PID=4724) to work on /home/airflow/.local/lib/python3.8/site-packages/airflow/example_dags/example_python_operator.py
[2024-03-19T18:57:20.050+0000] {processor.py:830} INFO - Processing file /home/airflow/.local/lib/python3.8/site-packages/airflow/example_dags/example_python_operator.py for tasks to queue
[2024-03-19T18:57:20.051+0000] {logging_mixin.py:188} INFO - [2024-03-19T18:57:20.051+0000] {dagbag.py:540} INFO - Filling up the DagBag from /home/airflow/.local/lib/python3.8/site-packages/airflow/example_dags/example_python_operator.py
[2024-03-19T18:57:20.056+0000] {processor.py:840} INFO - DAG(s) 'example_python_operator' retrieved from /home/airflow/.local/lib/python3.8/site-packages/airflow/example_dags/example_python_operator.py
[2024-03-19T18:57:20.065+0000] {logging_mixin.py:188} INFO - [2024-03-19T18:57:20.065+0000] {dag.py:3047} INFO - Sync 1 DAGs
[2024-03-19T18:57:20.071+0000] {logging_mixin.py:188} INFO - [2024-03-19T18:57:20.070+0000] {dag.py:3834} INFO - Setting next_dagrun for example_python_operator to None, run_after=None
[2024-03-19T18:57:20.078+0000] {processor.py:183} INFO - Processing /home/airflow/.local/lib/python3.8/site-packages/airflow/example_dags/example_python_operator.py took 0.029 seconds
[2024-03-19T18:57:50.553+0000] {processor.py:161} INFO - Started process (PID=4971) to work on /home/airflow/.local/lib/python3.8/site-packages/airflow/example_dags/example_python_operator.py
[2024-03-19T18:57:50.553+0000] {processor.py:830} INFO - Processing file /home/airflow/.local/lib/python3.8/site-packages/airflow/example_dags/example_python_operator.py for tasks to queue
[2024-03-19T18:57:50.554+0000] {logging_mixin.py:188} INFO - [2024-03-19T18:57:50.554+0000] {dagbag.py:540} INFO - Filling up the DagBag from /home/airflow/.local/lib/python3.8/site-packages/airflow/example_dags/example_python_operator.py
[2024-03-19T18:57:50.559+0000] {processor.py:840} INFO - DAG(s) 'example_python_operator' retrieved from /home/airflow/.local/lib/python3.8/site-packages/airflow/example_dags/example_python_operator.py
[2024-03-19T18:57:50.568+0000] {logging_mixin.py:188} INFO - [2024-03-19T18:57:50.568+0000] {dag.py:3047} INFO - Sync 1 DAGs
[2024-03-19T18:57:50.574+0000] {logging_mixin.py:188} INFO - [2024-03-19T18:57:50.574+0000] {dag.py:3834} INFO - Setting next_dagrun for example_python_operator to None, run_after=None
[2024-03-19T18:57:50.581+0000] {processor.py:183} INFO - Processing /home/airflow/.local/lib/python3.8/site-packages/airflow/example_dags/example_python_operator.py took 0.030 seconds
[2024-03-19T18:58:21.105+0000] {processor.py:161} INFO - Started process (PID=5218) to work on /home/airflow/.local/lib/python3.8/site-packages/airflow/example_dags/example_python_operator.py
[2024-03-19T18:58:21.105+0000] {processor.py:830} INFO - Processing file /home/airflow/.local/lib/python3.8/site-packages/airflow/example_dags/example_python_operator.py for tasks to queue
[2024-03-19T18:58:21.106+0000] {logging_mixin.py:188} INFO - [2024-03-19T18:58:21.106+0000] {dagbag.py:540} INFO - Filling up the DagBag from /home/airflow/.local/lib/python3.8/site-packages/airflow/example_dags/example_python_operator.py
[2024-03-19T18:58:21.111+0000] {processor.py:840} INFO - DAG(s) 'example_python_operator' retrieved from /home/airflow/.local/lib/python3.8/site-packages/airflow/example_dags/example_python_operator.py
[2024-03-19T18:58:21.122+0000] {logging_mixin.py:188} INFO - [2024-03-19T18:58:21.122+0000] {dag.py:3047} INFO - Sync 1 DAGs
[2024-03-19T18:58:21.130+0000] {logging_mixin.py:188} INFO - [2024-03-19T18:58:21.130+0000] {dag.py:3834} INFO - Setting next_dagrun for example_python_operator to None, run_after=None
[2024-03-19T18:58:21.137+0000] {processor.py:183} INFO - Processing /home/airflow/.local/lib/python3.8/site-packages/airflow/example_dags/example_python_operator.py took 0.034 seconds
[2024-03-19T18:58:51.630+0000] {processor.py:161} INFO - Started process (PID=5465) to work on /home/airflow/.local/lib/python3.8/site-packages/airflow/example_dags/example_python_operator.py
[2024-03-19T18:58:51.632+0000] {processor.py:830} INFO - Processing file /home/airflow/.local/lib/python3.8/site-packages/airflow/example_dags/example_python_operator.py for tasks to queue
[2024-03-19T18:58:51.633+0000] {logging_mixin.py:188} INFO - [2024-03-19T18:58:51.633+0000] {dagbag.py:540} INFO - Filling up the DagBag from /home/airflow/.local/lib/python3.8/site-packages/airflow/example_dags/example_python_operator.py
[2024-03-19T18:58:51.638+0000] {processor.py:840} INFO - DAG(s) 'example_python_operator' retrieved from /home/airflow/.local/lib/python3.8/site-packages/airflow/example_dags/example_python_operator.py
[2024-03-19T18:58:51.649+0000] {logging_mixin.py:188} INFO - [2024-03-19T18:58:51.649+0000] {dag.py:3047} INFO - Sync 1 DAGs
[2024-03-19T18:58:51.654+0000] {logging_mixin.py:188} INFO - [2024-03-19T18:58:51.654+0000] {dag.py:3834} INFO - Setting next_dagrun for example_python_operator to None, run_after=None
[2024-03-19T18:58:51.661+0000] {processor.py:183} INFO - Processing /home/airflow/.local/lib/python3.8/site-packages/airflow/example_dags/example_python_operator.py took 0.033 seconds
[2024-03-19T18:59:22.286+0000] {processor.py:161} INFO - Started process (PID=5712) to work on /home/airflow/.local/lib/python3.8/site-packages/airflow/example_dags/example_python_operator.py
[2024-03-19T18:59:22.287+0000] {processor.py:830} INFO - Processing file /home/airflow/.local/lib/python3.8/site-packages/airflow/example_dags/example_python_operator.py for tasks to queue
[2024-03-19T18:59:22.287+0000] {logging_mixin.py:188} INFO - [2024-03-19T18:59:22.287+0000] {dagbag.py:540} INFO - Filling up the DagBag from /home/airflow/.local/lib/python3.8/site-packages/airflow/example_dags/example_python_operator.py
[2024-03-19T18:59:22.292+0000] {processor.py:840} INFO - DAG(s) 'example_python_operator' retrieved from /home/airflow/.local/lib/python3.8/site-packages/airflow/example_dags/example_python_operator.py
[2024-03-19T18:59:22.301+0000] {logging_mixin.py:188} INFO - [2024-03-19T18:59:22.301+0000] {dag.py:3047} INFO - Sync 1 DAGs
[2024-03-19T18:59:22.306+0000] {logging_mixin.py:188} INFO - [2024-03-19T18:59:22.306+0000] {dag.py:3834} INFO - Setting next_dagrun for example_python_operator to None, run_after=None
[2024-03-19T18:59:22.313+0000] {processor.py:183} INFO - Processing /home/airflow/.local/lib/python3.8/site-packages/airflow/example_dags/example_python_operator.py took 0.029 seconds
[2024-03-19T18:59:52.877+0000] {processor.py:161} INFO - Started process (PID=5958) to work on /home/airflow/.local/lib/python3.8/site-packages/airflow/example_dags/example_python_operator.py
[2024-03-19T18:59:52.878+0000] {processor.py:830} INFO - Processing file /home/airflow/.local/lib/python3.8/site-packages/airflow/example_dags/example_python_operator.py for tasks to queue
[2024-03-19T18:59:52.879+0000] {logging_mixin.py:188} INFO - [2024-03-19T18:59:52.878+0000] {dagbag.py:540} INFO - Filling up the DagBag from /home/airflow/.local/lib/python3.8/site-packages/airflow/example_dags/example_python_operator.py
[2024-03-19T18:59:52.886+0000] {processor.py:840} INFO - DAG(s) 'example_python_operator' retrieved from /home/airflow/.local/lib/python3.8/site-packages/airflow/example_dags/example_python_operator.py
[2024-03-19T18:59:52.897+0000] {logging_mixin.py:188} INFO - [2024-03-19T18:59:52.896+0000] {dag.py:3047} INFO - Sync 1 DAGs
[2024-03-19T18:59:52.902+0000] {logging_mixin.py:188} INFO - [2024-03-19T18:59:52.902+0000] {dag.py:3834} INFO - Setting next_dagrun for example_python_operator to None, run_after=None
[2024-03-19T18:59:52.909+0000] {processor.py:183} INFO - Processing /home/airflow/.local/lib/python3.8/site-packages/airflow/example_dags/example_python_operator.py took 0.035 seconds
[2024-03-19T19:00:23.408+0000] {processor.py:161} INFO - Started process (PID=6205) to work on /home/airflow/.local/lib/python3.8/site-packages/airflow/example_dags/example_python_operator.py
[2024-03-19T19:00:23.408+0000] {processor.py:830} INFO - Processing file /home/airflow/.local/lib/python3.8/site-packages/airflow/example_dags/example_python_operator.py for tasks to queue
[2024-03-19T19:00:23.409+0000] {logging_mixin.py:188} INFO - [2024-03-19T19:00:23.409+0000] {dagbag.py:540} INFO - Filling up the DagBag from /home/airflow/.local/lib/python3.8/site-packages/airflow/example_dags/example_python_operator.py
[2024-03-19T19:00:23.414+0000] {processor.py:840} INFO - DAG(s) 'example_python_operator' retrieved from /home/airflow/.local/lib/python3.8/site-packages/airflow/example_dags/example_python_operator.py
[2024-03-19T19:00:23.424+0000] {logging_mixin.py:188} INFO - [2024-03-19T19:00:23.423+0000] {dag.py:3047} INFO - Sync 1 DAGs
[2024-03-19T19:00:23.429+0000] {logging_mixin.py:188} INFO - [2024-03-19T19:00:23.429+0000] {dag.py:3834} INFO - Setting next_dagrun for example_python_operator to None, run_after=None
[2024-03-19T19:00:23.436+0000] {processor.py:183} INFO - Processing /home/airflow/.local/lib/python3.8/site-packages/airflow/example_dags/example_python_operator.py took 0.030 seconds
[2024-03-19T19:00:53.939+0000] {processor.py:161} INFO - Started process (PID=6454) to work on /home/airflow/.local/lib/python3.8/site-packages/airflow/example_dags/example_python_operator.py
[2024-03-19T19:00:53.940+0000] {processor.py:830} INFO - Processing file /home/airflow/.local/lib/python3.8/site-packages/airflow/example_dags/example_python_operator.py for tasks to queue
[2024-03-19T19:00:53.940+0000] {logging_mixin.py:188} INFO - [2024-03-19T19:00:53.940+0000] {dagbag.py:540} INFO - Filling up the DagBag from /home/airflow/.local/lib/python3.8/site-packages/airflow/example_dags/example_python_operator.py
[2024-03-19T19:00:53.946+0000] {processor.py:840} INFO - DAG(s) 'example_python_operator' retrieved from /home/airflow/.local/lib/python3.8/site-packages/airflow/example_dags/example_python_operator.py
[2024-03-19T19:00:53.955+0000] {logging_mixin.py:188} INFO - [2024-03-19T19:00:53.955+0000] {dag.py:3047} INFO - Sync 1 DAGs
[2024-03-19T19:00:53.960+0000] {logging_mixin.py:188} INFO - [2024-03-19T19:00:53.960+0000] {dag.py:3834} INFO - Setting next_dagrun for example_python_operator to None, run_after=None
[2024-03-19T19:00:53.969+0000] {processor.py:183} INFO - Processing /home/airflow/.local/lib/python3.8/site-packages/airflow/example_dags/example_python_operator.py took 0.032 seconds
[2024-03-19T19:01:24.408+0000] {processor.py:161} INFO - Started process (PID=6699) to work on /home/airflow/.local/lib/python3.8/site-packages/airflow/example_dags/example_python_operator.py
[2024-03-19T19:01:24.409+0000] {processor.py:830} INFO - Processing file /home/airflow/.local/lib/python3.8/site-packages/airflow/example_dags/example_python_operator.py for tasks to queue
[2024-03-19T19:01:24.409+0000] {logging_mixin.py:188} INFO - [2024-03-19T19:01:24.409+0000] {dagbag.py:540} INFO - Filling up the DagBag from /home/airflow/.local/lib/python3.8/site-packages/airflow/example_dags/example_python_operator.py
[2024-03-19T19:01:24.414+0000] {processor.py:840} INFO - DAG(s) 'example_python_operator' retrieved from /home/airflow/.local/lib/python3.8/site-packages/airflow/example_dags/example_python_operator.py
[2024-03-19T19:01:24.424+0000] {logging_mixin.py:188} INFO - [2024-03-19T19:01:24.423+0000] {dag.py:3047} INFO - Sync 1 DAGs
[2024-03-19T19:01:24.429+0000] {logging_mixin.py:188} INFO - [2024-03-19T19:01:24.429+0000] {dag.py:3834} INFO - Setting next_dagrun for example_python_operator to None, run_after=None
[2024-03-19T19:01:24.436+0000] {processor.py:183} INFO - Processing /home/airflow/.local/lib/python3.8/site-packages/airflow/example_dags/example_python_operator.py took 0.029 seconds
[2024-03-19T19:01:54.860+0000] {processor.py:161} INFO - Started process (PID=6946) to work on /home/airflow/.local/lib/python3.8/site-packages/airflow/example_dags/example_python_operator.py
[2024-03-19T19:01:54.861+0000] {processor.py:830} INFO - Processing file /home/airflow/.local/lib/python3.8/site-packages/airflow/example_dags/example_python_operator.py for tasks to queue
[2024-03-19T19:01:54.862+0000] {logging_mixin.py:188} INFO - [2024-03-19T19:01:54.861+0000] {dagbag.py:540} INFO - Filling up the DagBag from /home/airflow/.local/lib/python3.8/site-packages/airflow/example_dags/example_python_operator.py
[2024-03-19T19:01:54.867+0000] {processor.py:840} INFO - DAG(s) 'example_python_operator' retrieved from /home/airflow/.local/lib/python3.8/site-packages/airflow/example_dags/example_python_operator.py
[2024-03-19T19:01:54.876+0000] {logging_mixin.py:188} INFO - [2024-03-19T19:01:54.876+0000] {dag.py:3047} INFO - Sync 1 DAGs
[2024-03-19T19:01:54.881+0000] {logging_mixin.py:188} INFO - [2024-03-19T19:01:54.880+0000] {dag.py:3834} INFO - Setting next_dagrun for example_python_operator to None, run_after=None
[2024-03-19T19:01:54.888+0000] {processor.py:183} INFO - Processing /home/airflow/.local/lib/python3.8/site-packages/airflow/example_dags/example_python_operator.py took 0.029 seconds
[2024-03-19T19:02:25.360+0000] {processor.py:161} INFO - Started process (PID=7194) to work on /home/airflow/.local/lib/python3.8/site-packages/airflow/example_dags/example_python_operator.py
[2024-03-19T19:02:25.360+0000] {processor.py:830} INFO - Processing file /home/airflow/.local/lib/python3.8/site-packages/airflow/example_dags/example_python_operator.py for tasks to queue
[2024-03-19T19:02:25.360+0000] {logging_mixin.py:188} INFO - [2024-03-19T19:02:25.360+0000] {dagbag.py:540} INFO - Filling up the DagBag from /home/airflow/.local/lib/python3.8/site-packages/airflow/example_dags/example_python_operator.py
[2024-03-19T19:02:25.365+0000] {processor.py:840} INFO - DAG(s) 'example_python_operator' retrieved from /home/airflow/.local/lib/python3.8/site-packages/airflow/example_dags/example_python_operator.py
[2024-03-19T19:02:25.374+0000] {logging_mixin.py:188} INFO - [2024-03-19T19:02:25.374+0000] {dag.py:3047} INFO - Sync 1 DAGs
[2024-03-19T19:02:25.379+0000] {logging_mixin.py:188} INFO - [2024-03-19T19:02:25.379+0000] {dag.py:3834} INFO - Setting next_dagrun for example_python_operator to None, run_after=None
[2024-03-19T19:02:25.387+0000] {processor.py:183} INFO - Processing /home/airflow/.local/lib/python3.8/site-packages/airflow/example_dags/example_python_operator.py took 0.029 seconds
[2024-03-19T19:02:55.845+0000] {processor.py:161} INFO - Started process (PID=7441) to work on /home/airflow/.local/lib/python3.8/site-packages/airflow/example_dags/example_python_operator.py
[2024-03-19T19:02:55.846+0000] {processor.py:830} INFO - Processing file /home/airflow/.local/lib/python3.8/site-packages/airflow/example_dags/example_python_operator.py for tasks to queue
[2024-03-19T19:02:55.846+0000] {logging_mixin.py:188} INFO - [2024-03-19T19:02:55.846+0000] {dagbag.py:540} INFO - Filling up the DagBag from /home/airflow/.local/lib/python3.8/site-packages/airflow/example_dags/example_python_operator.py
[2024-03-19T19:02:55.851+0000] {processor.py:840} INFO - DAG(s) 'example_python_operator' retrieved from /home/airflow/.local/lib/python3.8/site-packages/airflow/example_dags/example_python_operator.py
[2024-03-19T19:02:55.860+0000] {logging_mixin.py:188} INFO - [2024-03-19T19:02:55.859+0000] {dag.py:3047} INFO - Sync 1 DAGs
[2024-03-19T19:02:55.865+0000] {logging_mixin.py:188} INFO - [2024-03-19T19:02:55.865+0000] {dag.py:3834} INFO - Setting next_dagrun for example_python_operator to None, run_after=None
[2024-03-19T19:02:55.871+0000] {processor.py:183} INFO - Processing /home/airflow/.local/lib/python3.8/site-packages/airflow/example_dags/example_python_operator.py took 0.028 seconds
[2024-03-19T19:03:26.321+0000] {processor.py:161} INFO - Started process (PID=7686) to work on /home/airflow/.local/lib/python3.8/site-packages/airflow/example_dags/example_python_operator.py
[2024-03-19T19:03:26.322+0000] {processor.py:830} INFO - Processing file /home/airflow/.local/lib/python3.8/site-packages/airflow/example_dags/example_python_operator.py for tasks to queue
[2024-03-19T19:03:26.322+0000] {logging_mixin.py:188} INFO - [2024-03-19T19:03:26.322+0000] {dagbag.py:540} INFO - Filling up the DagBag from /home/airflow/.local/lib/python3.8/site-packages/airflow/example_dags/example_python_operator.py
[2024-03-19T19:03:26.327+0000] {processor.py:840} INFO - DAG(s) 'example_python_operator' retrieved from /home/airflow/.local/lib/python3.8/site-packages/airflow/example_dags/example_python_operator.py
[2024-03-19T19:03:26.337+0000] {logging_mixin.py:188} INFO - [2024-03-19T19:03:26.337+0000] {dag.py:3047} INFO - Sync 1 DAGs
[2024-03-19T19:03:26.342+0000] {logging_mixin.py:188} INFO - [2024-03-19T19:03:26.342+0000] {dag.py:3834} INFO - Setting next_dagrun for example_python_operator to None, run_after=None
[2024-03-19T19:03:26.352+0000] {processor.py:183} INFO - Processing /home/airflow/.local/lib/python3.8/site-packages/airflow/example_dags/example_python_operator.py took 0.032 seconds
[2024-03-19T19:03:56.884+0000] {processor.py:161} INFO - Started process (PID=7933) to work on /home/airflow/.local/lib/python3.8/site-packages/airflow/example_dags/example_python_operator.py
[2024-03-19T19:03:56.884+0000] {processor.py:830} INFO - Processing file /home/airflow/.local/lib/python3.8/site-packages/airflow/example_dags/example_python_operator.py for tasks to queue
[2024-03-19T19:03:56.885+0000] {logging_mixin.py:188} INFO - [2024-03-19T19:03:56.885+0000] {dagbag.py:540} INFO - Filling up the DagBag from /home/airflow/.local/lib/python3.8/site-packages/airflow/example_dags/example_python_operator.py
[2024-03-19T19:03:56.889+0000] {processor.py:840} INFO - DAG(s) 'example_python_operator' retrieved from /home/airflow/.local/lib/python3.8/site-packages/airflow/example_dags/example_python_operator.py
[2024-03-19T19:03:56.898+0000] {logging_mixin.py:188} INFO - [2024-03-19T19:03:56.898+0000] {dag.py:3047} INFO - Sync 1 DAGs
[2024-03-19T19:03:56.902+0000] {logging_mixin.py:188} INFO - [2024-03-19T19:03:56.902+0000] {dag.py:3834} INFO - Setting next_dagrun for example_python_operator to None, run_after=None
[2024-03-19T19:03:56.910+0000] {processor.py:183} INFO - Processing /home/airflow/.local/lib/python3.8/site-packages/airflow/example_dags/example_python_operator.py took 0.028 seconds
[2024-03-19T19:04:27.428+0000] {processor.py:161} INFO - Started process (PID=8182) to work on /home/airflow/.local/lib/python3.8/site-packages/airflow/example_dags/example_python_operator.py
[2024-03-19T19:04:27.429+0000] {processor.py:830} INFO - Processing file /home/airflow/.local/lib/python3.8/site-packages/airflow/example_dags/example_python_operator.py for tasks to queue
[2024-03-19T19:04:27.429+0000] {logging_mixin.py:188} INFO - [2024-03-19T19:04:27.429+0000] {dagbag.py:540} INFO - Filling up the DagBag from /home/airflow/.local/lib/python3.8/site-packages/airflow/example_dags/example_python_operator.py
[2024-03-19T19:04:27.435+0000] {processor.py:840} INFO - DAG(s) 'example_python_operator' retrieved from /home/airflow/.local/lib/python3.8/site-packages/airflow/example_dags/example_python_operator.py
[2024-03-19T19:04:27.446+0000] {logging_mixin.py:188} INFO - [2024-03-19T19:04:27.445+0000] {dag.py:3047} INFO - Sync 1 DAGs
[2024-03-19T19:04:27.450+0000] {logging_mixin.py:188} INFO - [2024-03-19T19:04:27.450+0000] {dag.py:3834} INFO - Setting next_dagrun for example_python_operator to None, run_after=None
[2024-03-19T19:04:27.457+0000] {processor.py:183} INFO - Processing /home/airflow/.local/lib/python3.8/site-packages/airflow/example_dags/example_python_operator.py took 0.030 seconds
[2024-03-19T19:04:57.965+0000] {processor.py:161} INFO - Started process (PID=8427) to work on /home/airflow/.local/lib/python3.8/site-packages/airflow/example_dags/example_python_operator.py
[2024-03-19T19:04:57.966+0000] {processor.py:830} INFO - Processing file /home/airflow/.local/lib/python3.8/site-packages/airflow/example_dags/example_python_operator.py for tasks to queue
[2024-03-19T19:04:57.966+0000] {logging_mixin.py:188} INFO - [2024-03-19T19:04:57.966+0000] {dagbag.py:540} INFO - Filling up the DagBag from /home/airflow/.local/lib/python3.8/site-packages/airflow/example_dags/example_python_operator.py
[2024-03-19T19:04:57.971+0000] {processor.py:840} INFO - DAG(s) 'example_python_operator' retrieved from /home/airflow/.local/lib/python3.8/site-packages/airflow/example_dags/example_python_operator.py
[2024-03-19T19:04:57.981+0000] {logging_mixin.py:188} INFO - [2024-03-19T19:04:57.981+0000] {dag.py:3047} INFO - Sync 1 DAGs
[2024-03-19T19:04:57.986+0000] {logging_mixin.py:188} INFO - [2024-03-19T19:04:57.986+0000] {dag.py:3834} INFO - Setting next_dagrun for example_python_operator to None, run_after=None
[2024-03-19T19:04:57.993+0000] {processor.py:183} INFO - Processing /home/airflow/.local/lib/python3.8/site-packages/airflow/example_dags/example_python_operator.py took 0.030 seconds
[2024-03-19T19:05:28.473+0000] {processor.py:161} INFO - Started process (PID=8674) to work on /home/airflow/.local/lib/python3.8/site-packages/airflow/example_dags/example_python_operator.py
[2024-03-19T19:05:28.473+0000] {processor.py:830} INFO - Processing file /home/airflow/.local/lib/python3.8/site-packages/airflow/example_dags/example_python_operator.py for tasks to queue
[2024-03-19T19:05:28.474+0000] {logging_mixin.py:188} INFO - [2024-03-19T19:05:28.474+0000] {dagbag.py:540} INFO - Filling up the DagBag from /home/airflow/.local/lib/python3.8/site-packages/airflow/example_dags/example_python_operator.py
[2024-03-19T19:05:28.479+0000] {processor.py:840} INFO - DAG(s) 'example_python_operator' retrieved from /home/airflow/.local/lib/python3.8/site-packages/airflow/example_dags/example_python_operator.py
[2024-03-19T19:05:28.489+0000] {logging_mixin.py:188} INFO - [2024-03-19T19:05:28.489+0000] {dag.py:3047} INFO - Sync 1 DAGs
[2024-03-19T19:05:28.494+0000] {logging_mixin.py:188} INFO - [2024-03-19T19:05:28.494+0000] {dag.py:3834} INFO - Setting next_dagrun for example_python_operator to None, run_after=None
[2024-03-19T19:05:28.504+0000] {processor.py:183} INFO - Processing /home/airflow/.local/lib/python3.8/site-packages/airflow/example_dags/example_python_operator.py took 0.033 seconds
[2024-03-19T19:05:59.035+0000] {processor.py:161} INFO - Started process (PID=8921) to work on /home/airflow/.local/lib/python3.8/site-packages/airflow/example_dags/example_python_operator.py
[2024-03-19T19:05:59.035+0000] {processor.py:830} INFO - Processing file /home/airflow/.local/lib/python3.8/site-packages/airflow/example_dags/example_python_operator.py for tasks to queue
[2024-03-19T19:05:59.036+0000] {logging_mixin.py:188} INFO - [2024-03-19T19:05:59.036+0000] {dagbag.py:540} INFO - Filling up the DagBag from /home/airflow/.local/lib/python3.8/site-packages/airflow/example_dags/example_python_operator.py
[2024-03-19T19:05:59.041+0000] {processor.py:840} INFO - DAG(s) 'example_python_operator' retrieved from /home/airflow/.local/lib/python3.8/site-packages/airflow/example_dags/example_python_operator.py
[2024-03-19T19:05:59.051+0000] {logging_mixin.py:188} INFO - [2024-03-19T19:05:59.050+0000] {dag.py:3047} INFO - Sync 1 DAGs
[2024-03-19T19:05:59.056+0000] {logging_mixin.py:188} INFO - [2024-03-19T19:05:59.056+0000] {dag.py:3834} INFO - Setting next_dagrun for example_python_operator to None, run_after=None
[2024-03-19T19:05:59.063+0000] {processor.py:183} INFO - Processing /home/airflow/.local/lib/python3.8/site-packages/airflow/example_dags/example_python_operator.py took 0.030 seconds
