[2024-03-19T18:48:11.213+0000] {processor.py:161} INFO - Started process (PID=316) to work on /home/airflow/.local/lib/python3.8/site-packages/airflow/example_dags/example_short_circuit_operator.py
[2024-03-19T18:48:11.214+0000] {processor.py:830} INFO - Processing file /home/airflow/.local/lib/python3.8/site-packages/airflow/example_dags/example_short_circuit_operator.py for tasks to queue
[2024-03-19T18:48:11.214+0000] {logging_mixin.py:188} INFO - [2024-03-19T18:48:11.214+0000] {dagbag.py:540} INFO - Filling up the DagBag from /home/airflow/.local/lib/python3.8/site-packages/airflow/example_dags/example_short_circuit_operator.py
[2024-03-19T18:48:11.218+0000] {processor.py:840} INFO - DAG(s) 'example_short_circuit_operator' retrieved from /home/airflow/.local/lib/python3.8/site-packages/airflow/example_dags/example_short_circuit_operator.py
[2024-03-19T18:48:11.223+0000] {logging_mixin.py:188} INFO - [2024-03-19T18:48:11.223+0000] {dag.py:3047} INFO - Sync 1 DAGs
[2024-03-19T18:48:11.233+0000] {logging_mixin.py:188} INFO - [2024-03-19T18:48:11.233+0000] {dag.py:3834} INFO - Setting next_dagrun for example_short_circuit_operator to 2024-03-18 00:00:00+00:00, run_after=2024-03-19 00:00:00+00:00
[2024-03-19T18:48:11.240+0000] {processor.py:183} INFO - Processing /home/airflow/.local/lib/python3.8/site-packages/airflow/example_dags/example_short_circuit_operator.py took 0.029 seconds
[2024-03-19T18:48:42.146+0000] {processor.py:161} INFO - Started process (PID=563) to work on /home/airflow/.local/lib/python3.8/site-packages/airflow/example_dags/example_short_circuit_operator.py
[2024-03-19T18:48:42.147+0000] {processor.py:830} INFO - Processing file /home/airflow/.local/lib/python3.8/site-packages/airflow/example_dags/example_short_circuit_operator.py for tasks to queue
[2024-03-19T18:48:42.148+0000] {logging_mixin.py:188} INFO - [2024-03-19T18:48:42.147+0000] {dagbag.py:540} INFO - Filling up the DagBag from /home/airflow/.local/lib/python3.8/site-packages/airflow/example_dags/example_short_circuit_operator.py
[2024-03-19T18:48:42.151+0000] {processor.py:840} INFO - DAG(s) 'example_short_circuit_operator' retrieved from /home/airflow/.local/lib/python3.8/site-packages/airflow/example_dags/example_short_circuit_operator.py
[2024-03-19T18:48:42.194+0000] {logging_mixin.py:188} INFO - [2024-03-19T18:48:42.194+0000] {dag.py:3047} INFO - Sync 1 DAGs
[2024-03-19T18:48:42.202+0000] {logging_mixin.py:188} INFO - [2024-03-19T18:48:42.202+0000] {dag.py:3834} INFO - Setting next_dagrun for example_short_circuit_operator to 2024-03-18 00:00:00+00:00, run_after=2024-03-19 00:00:00+00:00
[2024-03-19T18:48:42.210+0000] {processor.py:183} INFO - Processing /home/airflow/.local/lib/python3.8/site-packages/airflow/example_dags/example_short_circuit_operator.py took 0.065 seconds
[2024-03-19T18:49:13.070+0000] {processor.py:161} INFO - Started process (PID=810) to work on /home/airflow/.local/lib/python3.8/site-packages/airflow/example_dags/example_short_circuit_operator.py
[2024-03-19T18:49:13.071+0000] {processor.py:830} INFO - Processing file /home/airflow/.local/lib/python3.8/site-packages/airflow/example_dags/example_short_circuit_operator.py for tasks to queue
[2024-03-19T18:49:13.072+0000] {logging_mixin.py:188} INFO - [2024-03-19T18:49:13.072+0000] {dagbag.py:540} INFO - Filling up the DagBag from /home/airflow/.local/lib/python3.8/site-packages/airflow/example_dags/example_short_circuit_operator.py
[2024-03-19T18:49:13.075+0000] {processor.py:840} INFO - DAG(s) 'example_short_circuit_operator' retrieved from /home/airflow/.local/lib/python3.8/site-packages/airflow/example_dags/example_short_circuit_operator.py
[2024-03-19T18:49:13.085+0000] {logging_mixin.py:188} INFO - [2024-03-19T18:49:13.085+0000] {dag.py:3047} INFO - Sync 1 DAGs
[2024-03-19T18:49:13.094+0000] {logging_mixin.py:188} INFO - [2024-03-19T18:49:13.094+0000] {dag.py:3834} INFO - Setting next_dagrun for example_short_circuit_operator to 2024-03-18 00:00:00+00:00, run_after=2024-03-19 00:00:00+00:00
[2024-03-19T18:49:13.101+0000] {processor.py:183} INFO - Processing /home/airflow/.local/lib/python3.8/site-packages/airflow/example_dags/example_short_circuit_operator.py took 0.032 seconds
[2024-03-19T18:49:43.532+0000] {processor.py:161} INFO - Started process (PID=1059) to work on /home/airflow/.local/lib/python3.8/site-packages/airflow/example_dags/example_short_circuit_operator.py
[2024-03-19T18:49:43.532+0000] {processor.py:830} INFO - Processing file /home/airflow/.local/lib/python3.8/site-packages/airflow/example_dags/example_short_circuit_operator.py for tasks to queue
[2024-03-19T18:49:43.533+0000] {logging_mixin.py:188} INFO - [2024-03-19T18:49:43.532+0000] {dagbag.py:540} INFO - Filling up the DagBag from /home/airflow/.local/lib/python3.8/site-packages/airflow/example_dags/example_short_circuit_operator.py
[2024-03-19T18:49:43.536+0000] {processor.py:840} INFO - DAG(s) 'example_short_circuit_operator' retrieved from /home/airflow/.local/lib/python3.8/site-packages/airflow/example_dags/example_short_circuit_operator.py
[2024-03-19T18:49:43.546+0000] {logging_mixin.py:188} INFO - [2024-03-19T18:49:43.546+0000] {dag.py:3047} INFO - Sync 1 DAGs
[2024-03-19T18:49:43.555+0000] {logging_mixin.py:188} INFO - [2024-03-19T18:49:43.554+0000] {dag.py:3834} INFO - Setting next_dagrun for example_short_circuit_operator to 2024-03-18 00:00:00+00:00, run_after=2024-03-19 00:00:00+00:00
[2024-03-19T18:49:43.561+0000] {processor.py:183} INFO - Processing /home/airflow/.local/lib/python3.8/site-packages/airflow/example_dags/example_short_circuit_operator.py took 0.031 seconds
[2024-03-19T18:50:14.106+0000] {processor.py:161} INFO - Started process (PID=1304) to work on /home/airflow/.local/lib/python3.8/site-packages/airflow/example_dags/example_short_circuit_operator.py
[2024-03-19T18:50:14.107+0000] {processor.py:830} INFO - Processing file /home/airflow/.local/lib/python3.8/site-packages/airflow/example_dags/example_short_circuit_operator.py for tasks to queue
[2024-03-19T18:50:14.107+0000] {logging_mixin.py:188} INFO - [2024-03-19T18:50:14.107+0000] {dagbag.py:540} INFO - Filling up the DagBag from /home/airflow/.local/lib/python3.8/site-packages/airflow/example_dags/example_short_circuit_operator.py
[2024-03-19T18:50:14.111+0000] {processor.py:840} INFO - DAG(s) 'example_short_circuit_operator' retrieved from /home/airflow/.local/lib/python3.8/site-packages/airflow/example_dags/example_short_circuit_operator.py
[2024-03-19T18:50:14.122+0000] {logging_mixin.py:188} INFO - [2024-03-19T18:50:14.122+0000] {dag.py:3047} INFO - Sync 1 DAGs
[2024-03-19T18:50:14.132+0000] {logging_mixin.py:188} INFO - [2024-03-19T18:50:14.132+0000] {dag.py:3834} INFO - Setting next_dagrun for example_short_circuit_operator to 2024-03-18 00:00:00+00:00, run_after=2024-03-19 00:00:00+00:00
[2024-03-19T18:50:14.140+0000] {processor.py:183} INFO - Processing /home/airflow/.local/lib/python3.8/site-packages/airflow/example_dags/example_short_circuit_operator.py took 0.035 seconds
[2024-03-19T18:50:44.889+0000] {processor.py:161} INFO - Started process (PID=1577) to work on /home/airflow/.local/lib/python3.8/site-packages/airflow/example_dags/example_short_circuit_operator.py
[2024-03-19T18:50:44.890+0000] {processor.py:830} INFO - Processing file /home/airflow/.local/lib/python3.8/site-packages/airflow/example_dags/example_short_circuit_operator.py for tasks to queue
[2024-03-19T18:50:44.890+0000] {logging_mixin.py:188} INFO - [2024-03-19T18:50:44.890+0000] {dagbag.py:540} INFO - Filling up the DagBag from /home/airflow/.local/lib/python3.8/site-packages/airflow/example_dags/example_short_circuit_operator.py
[2024-03-19T18:50:44.895+0000] {processor.py:840} INFO - DAG(s) 'example_short_circuit_operator' retrieved from /home/airflow/.local/lib/python3.8/site-packages/airflow/example_dags/example_short_circuit_operator.py
[2024-03-19T18:50:44.906+0000] {logging_mixin.py:188} INFO - [2024-03-19T18:50:44.906+0000] {dag.py:3047} INFO - Sync 1 DAGs
[2024-03-19T18:50:44.917+0000] {logging_mixin.py:188} INFO - [2024-03-19T18:50:44.916+0000] {dag.py:3834} INFO - Setting next_dagrun for example_short_circuit_operator to 2024-03-18 00:00:00+00:00, run_after=2024-03-19 00:00:00+00:00
[2024-03-19T18:50:44.925+0000] {processor.py:183} INFO - Processing /home/airflow/.local/lib/python3.8/site-packages/airflow/example_dags/example_short_circuit_operator.py took 0.038 seconds
[2024-03-19T18:51:15.489+0000] {processor.py:161} INFO - Started process (PID=1822) to work on /home/airflow/.local/lib/python3.8/site-packages/airflow/example_dags/example_short_circuit_operator.py
[2024-03-19T18:51:15.490+0000] {processor.py:830} INFO - Processing file /home/airflow/.local/lib/python3.8/site-packages/airflow/example_dags/example_short_circuit_operator.py for tasks to queue
[2024-03-19T18:51:15.490+0000] {logging_mixin.py:188} INFO - [2024-03-19T18:51:15.490+0000] {dagbag.py:540} INFO - Filling up the DagBag from /home/airflow/.local/lib/python3.8/site-packages/airflow/example_dags/example_short_circuit_operator.py
[2024-03-19T18:51:15.494+0000] {processor.py:840} INFO - DAG(s) 'example_short_circuit_operator' retrieved from /home/airflow/.local/lib/python3.8/site-packages/airflow/example_dags/example_short_circuit_operator.py
[2024-03-19T18:51:15.503+0000] {logging_mixin.py:188} INFO - [2024-03-19T18:51:15.503+0000] {dag.py:3047} INFO - Sync 1 DAGs
[2024-03-19T18:51:15.512+0000] {logging_mixin.py:188} INFO - [2024-03-19T18:51:15.512+0000] {dag.py:3834} INFO - Setting next_dagrun for example_short_circuit_operator to 2024-03-18 00:00:00+00:00, run_after=2024-03-19 00:00:00+00:00
[2024-03-19T18:51:15.519+0000] {processor.py:183} INFO - Processing /home/airflow/.local/lib/python3.8/site-packages/airflow/example_dags/example_short_circuit_operator.py took 0.032 seconds
[2024-03-19T18:51:45.878+0000] {processor.py:161} INFO - Started process (PID=2069) to work on /home/airflow/.local/lib/python3.8/site-packages/airflow/example_dags/example_short_circuit_operator.py
[2024-03-19T18:51:45.878+0000] {processor.py:830} INFO - Processing file /home/airflow/.local/lib/python3.8/site-packages/airflow/example_dags/example_short_circuit_operator.py for tasks to queue
[2024-03-19T18:51:45.879+0000] {logging_mixin.py:188} INFO - [2024-03-19T18:51:45.878+0000] {dagbag.py:540} INFO - Filling up the DagBag from /home/airflow/.local/lib/python3.8/site-packages/airflow/example_dags/example_short_circuit_operator.py
[2024-03-19T18:51:45.882+0000] {processor.py:840} INFO - DAG(s) 'example_short_circuit_operator' retrieved from /home/airflow/.local/lib/python3.8/site-packages/airflow/example_dags/example_short_circuit_operator.py
[2024-03-19T18:51:45.892+0000] {logging_mixin.py:188} INFO - [2024-03-19T18:51:45.892+0000] {dag.py:3047} INFO - Sync 1 DAGs
[2024-03-19T18:51:45.901+0000] {logging_mixin.py:188} INFO - [2024-03-19T18:51:45.901+0000] {dag.py:3834} INFO - Setting next_dagrun for example_short_circuit_operator to 2024-03-18 00:00:00+00:00, run_after=2024-03-19 00:00:00+00:00
[2024-03-19T18:51:45.908+0000] {processor.py:183} INFO - Processing /home/airflow/.local/lib/python3.8/site-packages/airflow/example_dags/example_short_circuit_operator.py took 0.032 seconds
[2024-03-19T18:52:16.255+0000] {processor.py:161} INFO - Started process (PID=2315) to work on /home/airflow/.local/lib/python3.8/site-packages/airflow/example_dags/example_short_circuit_operator.py
[2024-03-19T18:52:16.256+0000] {processor.py:830} INFO - Processing file /home/airflow/.local/lib/python3.8/site-packages/airflow/example_dags/example_short_circuit_operator.py for tasks to queue
[2024-03-19T18:52:16.256+0000] {logging_mixin.py:188} INFO - [2024-03-19T18:52:16.256+0000] {dagbag.py:540} INFO - Filling up the DagBag from /home/airflow/.local/lib/python3.8/site-packages/airflow/example_dags/example_short_circuit_operator.py
[2024-03-19T18:52:16.260+0000] {processor.py:840} INFO - DAG(s) 'example_short_circuit_operator' retrieved from /home/airflow/.local/lib/python3.8/site-packages/airflow/example_dags/example_short_circuit_operator.py
[2024-03-19T18:52:16.270+0000] {logging_mixin.py:188} INFO - [2024-03-19T18:52:16.270+0000] {dag.py:3047} INFO - Sync 1 DAGs
[2024-03-19T18:52:16.279+0000] {logging_mixin.py:188} INFO - [2024-03-19T18:52:16.279+0000] {dag.py:3834} INFO - Setting next_dagrun for example_short_circuit_operator to 2024-03-18 00:00:00+00:00, run_after=2024-03-19 00:00:00+00:00
[2024-03-19T18:52:16.286+0000] {processor.py:183} INFO - Processing /home/airflow/.local/lib/python3.8/site-packages/airflow/example_dags/example_short_circuit_operator.py took 0.032 seconds
[2024-03-19T18:52:46.733+0000] {processor.py:161} INFO - Started process (PID=2562) to work on /home/airflow/.local/lib/python3.8/site-packages/airflow/example_dags/example_short_circuit_operator.py
[2024-03-19T18:52:46.734+0000] {processor.py:830} INFO - Processing file /home/airflow/.local/lib/python3.8/site-packages/airflow/example_dags/example_short_circuit_operator.py for tasks to queue
[2024-03-19T18:52:46.734+0000] {logging_mixin.py:188} INFO - [2024-03-19T18:52:46.734+0000] {dagbag.py:540} INFO - Filling up the DagBag from /home/airflow/.local/lib/python3.8/site-packages/airflow/example_dags/example_short_circuit_operator.py
[2024-03-19T18:52:46.738+0000] {processor.py:840} INFO - DAG(s) 'example_short_circuit_operator' retrieved from /home/airflow/.local/lib/python3.8/site-packages/airflow/example_dags/example_short_circuit_operator.py
[2024-03-19T18:52:46.748+0000] {logging_mixin.py:188} INFO - [2024-03-19T18:52:46.747+0000] {dag.py:3047} INFO - Sync 1 DAGs
[2024-03-19T18:52:46.756+0000] {logging_mixin.py:188} INFO - [2024-03-19T18:52:46.756+0000] {dag.py:3834} INFO - Setting next_dagrun for example_short_circuit_operator to 2024-03-18 00:00:00+00:00, run_after=2024-03-19 00:00:00+00:00
[2024-03-19T18:52:46.763+0000] {processor.py:183} INFO - Processing /home/airflow/.local/lib/python3.8/site-packages/airflow/example_dags/example_short_circuit_operator.py took 0.032 seconds
[2024-03-19T18:53:17.166+0000] {processor.py:161} INFO - Started process (PID=2809) to work on /home/airflow/.local/lib/python3.8/site-packages/airflow/example_dags/example_short_circuit_operator.py
[2024-03-19T18:53:17.167+0000] {processor.py:830} INFO - Processing file /home/airflow/.local/lib/python3.8/site-packages/airflow/example_dags/example_short_circuit_operator.py for tasks to queue
[2024-03-19T18:53:17.167+0000] {logging_mixin.py:188} INFO - [2024-03-19T18:53:17.167+0000] {dagbag.py:540} INFO - Filling up the DagBag from /home/airflow/.local/lib/python3.8/site-packages/airflow/example_dags/example_short_circuit_operator.py
[2024-03-19T18:53:17.171+0000] {processor.py:840} INFO - DAG(s) 'example_short_circuit_operator' retrieved from /home/airflow/.local/lib/python3.8/site-packages/airflow/example_dags/example_short_circuit_operator.py
[2024-03-19T18:53:17.180+0000] {logging_mixin.py:188} INFO - [2024-03-19T18:53:17.180+0000] {dag.py:3047} INFO - Sync 1 DAGs
[2024-03-19T18:53:17.189+0000] {logging_mixin.py:188} INFO - [2024-03-19T18:53:17.189+0000] {dag.py:3834} INFO - Setting next_dagrun for example_short_circuit_operator to 2024-03-18 00:00:00+00:00, run_after=2024-03-19 00:00:00+00:00
[2024-03-19T18:53:17.196+0000] {processor.py:183} INFO - Processing /home/airflow/.local/lib/python3.8/site-packages/airflow/example_dags/example_short_circuit_operator.py took 0.031 seconds
[2024-03-19T18:53:47.807+0000] {processor.py:161} INFO - Started process (PID=3058) to work on /home/airflow/.local/lib/python3.8/site-packages/airflow/example_dags/example_short_circuit_operator.py
[2024-03-19T18:53:47.808+0000] {processor.py:830} INFO - Processing file /home/airflow/.local/lib/python3.8/site-packages/airflow/example_dags/example_short_circuit_operator.py for tasks to queue
[2024-03-19T18:53:47.808+0000] {logging_mixin.py:188} INFO - [2024-03-19T18:53:47.808+0000] {dagbag.py:540} INFO - Filling up the DagBag from /home/airflow/.local/lib/python3.8/site-packages/airflow/example_dags/example_short_circuit_operator.py
[2024-03-19T18:53:47.812+0000] {processor.py:840} INFO - DAG(s) 'example_short_circuit_operator' retrieved from /home/airflow/.local/lib/python3.8/site-packages/airflow/example_dags/example_short_circuit_operator.py
[2024-03-19T18:53:47.823+0000] {logging_mixin.py:188} INFO - [2024-03-19T18:53:47.822+0000] {dag.py:3047} INFO - Sync 1 DAGs
[2024-03-19T18:53:47.832+0000] {logging_mixin.py:188} INFO - [2024-03-19T18:53:47.832+0000] {dag.py:3834} INFO - Setting next_dagrun for example_short_circuit_operator to 2024-03-18 00:00:00+00:00, run_after=2024-03-19 00:00:00+00:00
[2024-03-19T18:53:47.840+0000] {processor.py:183} INFO - Processing /home/airflow/.local/lib/python3.8/site-packages/airflow/example_dags/example_short_circuit_operator.py took 0.034 seconds
[2024-03-19T18:54:18.465+0000] {processor.py:161} INFO - Started process (PID=3303) to work on /home/airflow/.local/lib/python3.8/site-packages/airflow/example_dags/example_short_circuit_operator.py
[2024-03-19T18:54:18.465+0000] {processor.py:830} INFO - Processing file /home/airflow/.local/lib/python3.8/site-packages/airflow/example_dags/example_short_circuit_operator.py for tasks to queue
[2024-03-19T18:54:18.466+0000] {logging_mixin.py:188} INFO - [2024-03-19T18:54:18.465+0000] {dagbag.py:540} INFO - Filling up the DagBag from /home/airflow/.local/lib/python3.8/site-packages/airflow/example_dags/example_short_circuit_operator.py
[2024-03-19T18:54:18.469+0000] {processor.py:840} INFO - DAG(s) 'example_short_circuit_operator' retrieved from /home/airflow/.local/lib/python3.8/site-packages/airflow/example_dags/example_short_circuit_operator.py
[2024-03-19T18:54:18.479+0000] {logging_mixin.py:188} INFO - [2024-03-19T18:54:18.479+0000] {dag.py:3047} INFO - Sync 1 DAGs
[2024-03-19T18:54:18.488+0000] {logging_mixin.py:188} INFO - [2024-03-19T18:54:18.488+0000] {dag.py:3834} INFO - Setting next_dagrun for example_short_circuit_operator to 2024-03-18 00:00:00+00:00, run_after=2024-03-19 00:00:00+00:00
[2024-03-19T18:54:18.495+0000] {processor.py:183} INFO - Processing /home/airflow/.local/lib/python3.8/site-packages/airflow/example_dags/example_short_circuit_operator.py took 0.032 seconds
[2024-03-19T18:54:48.913+0000] {processor.py:161} INFO - Started process (PID=3550) to work on /home/airflow/.local/lib/python3.8/site-packages/airflow/example_dags/example_short_circuit_operator.py
[2024-03-19T18:54:48.913+0000] {processor.py:830} INFO - Processing file /home/airflow/.local/lib/python3.8/site-packages/airflow/example_dags/example_short_circuit_operator.py for tasks to queue
[2024-03-19T18:54:48.913+0000] {logging_mixin.py:188} INFO - [2024-03-19T18:54:48.913+0000] {dagbag.py:540} INFO - Filling up the DagBag from /home/airflow/.local/lib/python3.8/site-packages/airflow/example_dags/example_short_circuit_operator.py
[2024-03-19T18:54:48.917+0000] {processor.py:840} INFO - DAG(s) 'example_short_circuit_operator' retrieved from /home/airflow/.local/lib/python3.8/site-packages/airflow/example_dags/example_short_circuit_operator.py
[2024-03-19T18:54:48.927+0000] {logging_mixin.py:188} INFO - [2024-03-19T18:54:48.927+0000] {dag.py:3047} INFO - Sync 1 DAGs
[2024-03-19T18:54:48.936+0000] {logging_mixin.py:188} INFO - [2024-03-19T18:54:48.936+0000] {dag.py:3834} INFO - Setting next_dagrun for example_short_circuit_operator to 2024-03-18 00:00:00+00:00, run_after=2024-03-19 00:00:00+00:00
[2024-03-19T18:54:48.943+0000] {processor.py:183} INFO - Processing /home/airflow/.local/lib/python3.8/site-packages/airflow/example_dags/example_short_circuit_operator.py took 0.032 seconds
[2024-03-19T18:55:19.321+0000] {processor.py:161} INFO - Started process (PID=3797) to work on /home/airflow/.local/lib/python3.8/site-packages/airflow/example_dags/example_short_circuit_operator.py
[2024-03-19T18:55:19.321+0000] {processor.py:830} INFO - Processing file /home/airflow/.local/lib/python3.8/site-packages/airflow/example_dags/example_short_circuit_operator.py for tasks to queue
[2024-03-19T18:55:19.322+0000] {logging_mixin.py:188} INFO - [2024-03-19T18:55:19.321+0000] {dagbag.py:540} INFO - Filling up the DagBag from /home/airflow/.local/lib/python3.8/site-packages/airflow/example_dags/example_short_circuit_operator.py
[2024-03-19T18:55:19.325+0000] {processor.py:840} INFO - DAG(s) 'example_short_circuit_operator' retrieved from /home/airflow/.local/lib/python3.8/site-packages/airflow/example_dags/example_short_circuit_operator.py
[2024-03-19T18:55:19.335+0000] {logging_mixin.py:188} INFO - [2024-03-19T18:55:19.335+0000] {dag.py:3047} INFO - Sync 1 DAGs
[2024-03-19T18:55:19.345+0000] {logging_mixin.py:188} INFO - [2024-03-19T18:55:19.344+0000] {dag.py:3834} INFO - Setting next_dagrun for example_short_circuit_operator to 2024-03-18 00:00:00+00:00, run_after=2024-03-19 00:00:00+00:00
[2024-03-19T18:55:19.352+0000] {processor.py:183} INFO - Processing /home/airflow/.local/lib/python3.8/site-packages/airflow/example_dags/example_short_circuit_operator.py took 0.033 seconds
[2024-03-19T18:55:49.831+0000] {processor.py:161} INFO - Started process (PID=4044) to work on /home/airflow/.local/lib/python3.8/site-packages/airflow/example_dags/example_short_circuit_operator.py
[2024-03-19T18:55:49.832+0000] {processor.py:830} INFO - Processing file /home/airflow/.local/lib/python3.8/site-packages/airflow/example_dags/example_short_circuit_operator.py for tasks to queue
[2024-03-19T18:55:49.832+0000] {logging_mixin.py:188} INFO - [2024-03-19T18:55:49.832+0000] {dagbag.py:540} INFO - Filling up the DagBag from /home/airflow/.local/lib/python3.8/site-packages/airflow/example_dags/example_short_circuit_operator.py
[2024-03-19T18:55:49.836+0000] {processor.py:840} INFO - DAG(s) 'example_short_circuit_operator' retrieved from /home/airflow/.local/lib/python3.8/site-packages/airflow/example_dags/example_short_circuit_operator.py
[2024-03-19T18:55:49.846+0000] {logging_mixin.py:188} INFO - [2024-03-19T18:55:49.846+0000] {dag.py:3047} INFO - Sync 1 DAGs
[2024-03-19T18:55:49.855+0000] {logging_mixin.py:188} INFO - [2024-03-19T18:55:49.855+0000] {dag.py:3834} INFO - Setting next_dagrun for example_short_circuit_operator to 2024-03-18 00:00:00+00:00, run_after=2024-03-19 00:00:00+00:00
[2024-03-19T18:55:49.862+0000] {processor.py:183} INFO - Processing /home/airflow/.local/lib/python3.8/site-packages/airflow/example_dags/example_short_circuit_operator.py took 0.032 seconds
[2024-03-19T18:56:20.320+0000] {processor.py:161} INFO - Started process (PID=4291) to work on /home/airflow/.local/lib/python3.8/site-packages/airflow/example_dags/example_short_circuit_operator.py
[2024-03-19T18:56:20.320+0000] {processor.py:830} INFO - Processing file /home/airflow/.local/lib/python3.8/site-packages/airflow/example_dags/example_short_circuit_operator.py for tasks to queue
[2024-03-19T18:56:20.321+0000] {logging_mixin.py:188} INFO - [2024-03-19T18:56:20.321+0000] {dagbag.py:540} INFO - Filling up the DagBag from /home/airflow/.local/lib/python3.8/site-packages/airflow/example_dags/example_short_circuit_operator.py
[2024-03-19T18:56:20.324+0000] {processor.py:840} INFO - DAG(s) 'example_short_circuit_operator' retrieved from /home/airflow/.local/lib/python3.8/site-packages/airflow/example_dags/example_short_circuit_operator.py
[2024-03-19T18:56:20.333+0000] {logging_mixin.py:188} INFO - [2024-03-19T18:56:20.333+0000] {dag.py:3047} INFO - Sync 1 DAGs
[2024-03-19T18:56:20.342+0000] {logging_mixin.py:188} INFO - [2024-03-19T18:56:20.342+0000] {dag.py:3834} INFO - Setting next_dagrun for example_short_circuit_operator to 2024-03-18 00:00:00+00:00, run_after=2024-03-19 00:00:00+00:00
[2024-03-19T18:56:20.349+0000] {processor.py:183} INFO - Processing /home/airflow/.local/lib/python3.8/site-packages/airflow/example_dags/example_short_circuit_operator.py took 0.030 seconds
[2024-03-19T18:56:50.796+0000] {processor.py:161} INFO - Started process (PID=4537) to work on /home/airflow/.local/lib/python3.8/site-packages/airflow/example_dags/example_short_circuit_operator.py
[2024-03-19T18:56:50.796+0000] {processor.py:830} INFO - Processing file /home/airflow/.local/lib/python3.8/site-packages/airflow/example_dags/example_short_circuit_operator.py for tasks to queue
[2024-03-19T18:56:50.797+0000] {logging_mixin.py:188} INFO - [2024-03-19T18:56:50.797+0000] {dagbag.py:540} INFO - Filling up the DagBag from /home/airflow/.local/lib/python3.8/site-packages/airflow/example_dags/example_short_circuit_operator.py
[2024-03-19T18:56:50.800+0000] {processor.py:840} INFO - DAG(s) 'example_short_circuit_operator' retrieved from /home/airflow/.local/lib/python3.8/site-packages/airflow/example_dags/example_short_circuit_operator.py
[2024-03-19T18:56:50.810+0000] {logging_mixin.py:188} INFO - [2024-03-19T18:56:50.810+0000] {dag.py:3047} INFO - Sync 1 DAGs
[2024-03-19T18:56:50.818+0000] {logging_mixin.py:188} INFO - [2024-03-19T18:56:50.818+0000] {dag.py:3834} INFO - Setting next_dagrun for example_short_circuit_operator to 2024-03-18 00:00:00+00:00, run_after=2024-03-19 00:00:00+00:00
[2024-03-19T18:56:50.825+0000] {processor.py:183} INFO - Processing /home/airflow/.local/lib/python3.8/site-packages/airflow/example_dags/example_short_circuit_operator.py took 0.031 seconds
[2024-03-19T18:57:21.382+0000] {processor.py:161} INFO - Started process (PID=4786) to work on /home/airflow/.local/lib/python3.8/site-packages/airflow/example_dags/example_short_circuit_operator.py
[2024-03-19T18:57:21.382+0000] {processor.py:830} INFO - Processing file /home/airflow/.local/lib/python3.8/site-packages/airflow/example_dags/example_short_circuit_operator.py for tasks to queue
[2024-03-19T18:57:21.383+0000] {logging_mixin.py:188} INFO - [2024-03-19T18:57:21.383+0000] {dagbag.py:540} INFO - Filling up the DagBag from /home/airflow/.local/lib/python3.8/site-packages/airflow/example_dags/example_short_circuit_operator.py
[2024-03-19T18:57:21.387+0000] {processor.py:840} INFO - DAG(s) 'example_short_circuit_operator' retrieved from /home/airflow/.local/lib/python3.8/site-packages/airflow/example_dags/example_short_circuit_operator.py
[2024-03-19T18:57:21.396+0000] {logging_mixin.py:188} INFO - [2024-03-19T18:57:21.396+0000] {dag.py:3047} INFO - Sync 1 DAGs
[2024-03-19T18:57:21.405+0000] {logging_mixin.py:188} INFO - [2024-03-19T18:57:21.405+0000] {dag.py:3834} INFO - Setting next_dagrun for example_short_circuit_operator to 2024-03-18 00:00:00+00:00, run_after=2024-03-19 00:00:00+00:00
[2024-03-19T18:57:21.412+0000] {processor.py:183} INFO - Processing /home/airflow/.local/lib/python3.8/site-packages/airflow/example_dags/example_short_circuit_operator.py took 0.032 seconds
[2024-03-19T18:57:51.855+0000] {processor.py:161} INFO - Started process (PID=5031) to work on /home/airflow/.local/lib/python3.8/site-packages/airflow/example_dags/example_short_circuit_operator.py
[2024-03-19T18:57:51.856+0000] {processor.py:830} INFO - Processing file /home/airflow/.local/lib/python3.8/site-packages/airflow/example_dags/example_short_circuit_operator.py for tasks to queue
[2024-03-19T18:57:51.856+0000] {logging_mixin.py:188} INFO - [2024-03-19T18:57:51.856+0000] {dagbag.py:540} INFO - Filling up the DagBag from /home/airflow/.local/lib/python3.8/site-packages/airflow/example_dags/example_short_circuit_operator.py
[2024-03-19T18:57:51.860+0000] {processor.py:840} INFO - DAG(s) 'example_short_circuit_operator' retrieved from /home/airflow/.local/lib/python3.8/site-packages/airflow/example_dags/example_short_circuit_operator.py
[2024-03-19T18:57:51.872+0000] {logging_mixin.py:188} INFO - [2024-03-19T18:57:51.872+0000] {dag.py:3047} INFO - Sync 1 DAGs
[2024-03-19T18:57:51.883+0000] {logging_mixin.py:188} INFO - [2024-03-19T18:57:51.883+0000] {dag.py:3834} INFO - Setting next_dagrun for example_short_circuit_operator to 2024-03-18 00:00:00+00:00, run_after=2024-03-19 00:00:00+00:00
[2024-03-19T18:57:51.890+0000] {processor.py:183} INFO - Processing /home/airflow/.local/lib/python3.8/site-packages/airflow/example_dags/example_short_circuit_operator.py took 0.037 seconds
[2024-03-19T18:58:22.412+0000] {processor.py:161} INFO - Started process (PID=5278) to work on /home/airflow/.local/lib/python3.8/site-packages/airflow/example_dags/example_short_circuit_operator.py
[2024-03-19T18:58:22.412+0000] {processor.py:830} INFO - Processing file /home/airflow/.local/lib/python3.8/site-packages/airflow/example_dags/example_short_circuit_operator.py for tasks to queue
[2024-03-19T18:58:22.413+0000] {logging_mixin.py:188} INFO - [2024-03-19T18:58:22.413+0000] {dagbag.py:540} INFO - Filling up the DagBag from /home/airflow/.local/lib/python3.8/site-packages/airflow/example_dags/example_short_circuit_operator.py
[2024-03-19T18:58:22.416+0000] {processor.py:840} INFO - DAG(s) 'example_short_circuit_operator' retrieved from /home/airflow/.local/lib/python3.8/site-packages/airflow/example_dags/example_short_circuit_operator.py
[2024-03-19T18:58:22.425+0000] {logging_mixin.py:188} INFO - [2024-03-19T18:58:22.425+0000] {dag.py:3047} INFO - Sync 1 DAGs
[2024-03-19T18:58:22.434+0000] {logging_mixin.py:188} INFO - [2024-03-19T18:58:22.434+0000] {dag.py:3834} INFO - Setting next_dagrun for example_short_circuit_operator to 2024-03-18 00:00:00+00:00, run_after=2024-03-19 00:00:00+00:00
[2024-03-19T18:58:22.441+0000] {processor.py:183} INFO - Processing /home/airflow/.local/lib/python3.8/site-packages/airflow/example_dags/example_short_circuit_operator.py took 0.031 seconds
[2024-03-19T18:58:53.115+0000] {processor.py:161} INFO - Started process (PID=5525) to work on /home/airflow/.local/lib/python3.8/site-packages/airflow/example_dags/example_short_circuit_operator.py
[2024-03-19T18:58:53.116+0000] {processor.py:830} INFO - Processing file /home/airflow/.local/lib/python3.8/site-packages/airflow/example_dags/example_short_circuit_operator.py for tasks to queue
[2024-03-19T18:58:53.116+0000] {logging_mixin.py:188} INFO - [2024-03-19T18:58:53.116+0000] {dagbag.py:540} INFO - Filling up the DagBag from /home/airflow/.local/lib/python3.8/site-packages/airflow/example_dags/example_short_circuit_operator.py
[2024-03-19T18:58:53.120+0000] {processor.py:840} INFO - DAG(s) 'example_short_circuit_operator' retrieved from /home/airflow/.local/lib/python3.8/site-packages/airflow/example_dags/example_short_circuit_operator.py
[2024-03-19T18:58:53.129+0000] {logging_mixin.py:188} INFO - [2024-03-19T18:58:53.129+0000] {dag.py:3047} INFO - Sync 1 DAGs
[2024-03-19T18:58:53.138+0000] {logging_mixin.py:188} INFO - [2024-03-19T18:58:53.138+0000] {dag.py:3834} INFO - Setting next_dagrun for example_short_circuit_operator to 2024-03-18 00:00:00+00:00, run_after=2024-03-19 00:00:00+00:00
[2024-03-19T18:58:53.145+0000] {processor.py:183} INFO - Processing /home/airflow/.local/lib/python3.8/site-packages/airflow/example_dags/example_short_circuit_operator.py took 0.032 seconds
[2024-03-19T18:59:23.611+0000] {processor.py:161} INFO - Started process (PID=5772) to work on /home/airflow/.local/lib/python3.8/site-packages/airflow/example_dags/example_short_circuit_operator.py
[2024-03-19T18:59:23.612+0000] {processor.py:830} INFO - Processing file /home/airflow/.local/lib/python3.8/site-packages/airflow/example_dags/example_short_circuit_operator.py for tasks to queue
[2024-03-19T18:59:23.612+0000] {logging_mixin.py:188} INFO - [2024-03-19T18:59:23.612+0000] {dagbag.py:540} INFO - Filling up the DagBag from /home/airflow/.local/lib/python3.8/site-packages/airflow/example_dags/example_short_circuit_operator.py
[2024-03-19T18:59:23.616+0000] {processor.py:840} INFO - DAG(s) 'example_short_circuit_operator' retrieved from /home/airflow/.local/lib/python3.8/site-packages/airflow/example_dags/example_short_circuit_operator.py
[2024-03-19T18:59:23.626+0000] {logging_mixin.py:188} INFO - [2024-03-19T18:59:23.626+0000] {dag.py:3047} INFO - Sync 1 DAGs
[2024-03-19T18:59:23.635+0000] {logging_mixin.py:188} INFO - [2024-03-19T18:59:23.635+0000] {dag.py:3834} INFO - Setting next_dagrun for example_short_circuit_operator to 2024-03-18 00:00:00+00:00, run_after=2024-03-19 00:00:00+00:00
[2024-03-19T18:59:23.642+0000] {processor.py:183} INFO - Processing /home/airflow/.local/lib/python3.8/site-packages/airflow/example_dags/example_short_circuit_operator.py took 0.032 seconds
[2024-03-19T18:59:54.194+0000] {processor.py:161} INFO - Started process (PID=6018) to work on /home/airflow/.local/lib/python3.8/site-packages/airflow/example_dags/example_short_circuit_operator.py
[2024-03-19T18:59:54.195+0000] {processor.py:830} INFO - Processing file /home/airflow/.local/lib/python3.8/site-packages/airflow/example_dags/example_short_circuit_operator.py for tasks to queue
[2024-03-19T18:59:54.195+0000] {logging_mixin.py:188} INFO - [2024-03-19T18:59:54.195+0000] {dagbag.py:540} INFO - Filling up the DagBag from /home/airflow/.local/lib/python3.8/site-packages/airflow/example_dags/example_short_circuit_operator.py
[2024-03-19T18:59:54.199+0000] {processor.py:840} INFO - DAG(s) 'example_short_circuit_operator' retrieved from /home/airflow/.local/lib/python3.8/site-packages/airflow/example_dags/example_short_circuit_operator.py
[2024-03-19T18:59:54.208+0000] {logging_mixin.py:188} INFO - [2024-03-19T18:59:54.208+0000] {dag.py:3047} INFO - Sync 1 DAGs
[2024-03-19T18:59:54.216+0000] {logging_mixin.py:188} INFO - [2024-03-19T18:59:54.216+0000] {dag.py:3834} INFO - Setting next_dagrun for example_short_circuit_operator to 2024-03-18 00:00:00+00:00, run_after=2024-03-19 00:00:00+00:00
[2024-03-19T18:59:54.224+0000] {processor.py:183} INFO - Processing /home/airflow/.local/lib/python3.8/site-packages/airflow/example_dags/example_short_circuit_operator.py took 0.031 seconds
[2024-03-19T19:00:24.703+0000] {processor.py:161} INFO - Started process (PID=6265) to work on /home/airflow/.local/lib/python3.8/site-packages/airflow/example_dags/example_short_circuit_operator.py
[2024-03-19T19:00:24.704+0000] {processor.py:830} INFO - Processing file /home/airflow/.local/lib/python3.8/site-packages/airflow/example_dags/example_short_circuit_operator.py for tasks to queue
[2024-03-19T19:00:24.704+0000] {logging_mixin.py:188} INFO - [2024-03-19T19:00:24.704+0000] {dagbag.py:540} INFO - Filling up the DagBag from /home/airflow/.local/lib/python3.8/site-packages/airflow/example_dags/example_short_circuit_operator.py
[2024-03-19T19:00:24.708+0000] {processor.py:840} INFO - DAG(s) 'example_short_circuit_operator' retrieved from /home/airflow/.local/lib/python3.8/site-packages/airflow/example_dags/example_short_circuit_operator.py
[2024-03-19T19:00:24.718+0000] {logging_mixin.py:188} INFO - [2024-03-19T19:00:24.718+0000] {dag.py:3047} INFO - Sync 1 DAGs
[2024-03-19T19:00:24.727+0000] {logging_mixin.py:188} INFO - [2024-03-19T19:00:24.727+0000] {dag.py:3834} INFO - Setting next_dagrun for example_short_circuit_operator to 2024-03-18 00:00:00+00:00, run_after=2024-03-19 00:00:00+00:00
[2024-03-19T19:00:24.735+0000] {processor.py:183} INFO - Processing /home/airflow/.local/lib/python3.8/site-packages/airflow/example_dags/example_short_circuit_operator.py took 0.033 seconds
[2024-03-19T19:00:55.238+0000] {processor.py:161} INFO - Started process (PID=6512) to work on /home/airflow/.local/lib/python3.8/site-packages/airflow/example_dags/example_short_circuit_operator.py
[2024-03-19T19:00:55.239+0000] {processor.py:830} INFO - Processing file /home/airflow/.local/lib/python3.8/site-packages/airflow/example_dags/example_short_circuit_operator.py for tasks to queue
[2024-03-19T19:00:55.239+0000] {logging_mixin.py:188} INFO - [2024-03-19T19:00:55.239+0000] {dagbag.py:540} INFO - Filling up the DagBag from /home/airflow/.local/lib/python3.8/site-packages/airflow/example_dags/example_short_circuit_operator.py
[2024-03-19T19:00:55.243+0000] {processor.py:840} INFO - DAG(s) 'example_short_circuit_operator' retrieved from /home/airflow/.local/lib/python3.8/site-packages/airflow/example_dags/example_short_circuit_operator.py
[2024-03-19T19:00:55.253+0000] {logging_mixin.py:188} INFO - [2024-03-19T19:00:55.253+0000] {dag.py:3047} INFO - Sync 1 DAGs
[2024-03-19T19:00:55.262+0000] {logging_mixin.py:188} INFO - [2024-03-19T19:00:55.261+0000] {dag.py:3834} INFO - Setting next_dagrun for example_short_circuit_operator to 2024-03-18 00:00:00+00:00, run_after=2024-03-19 00:00:00+00:00
[2024-03-19T19:00:55.269+0000] {processor.py:183} INFO - Processing /home/airflow/.local/lib/python3.8/site-packages/airflow/example_dags/example_short_circuit_operator.py took 0.032 seconds
[2024-03-19T19:01:25.664+0000] {processor.py:161} INFO - Started process (PID=6759) to work on /home/airflow/.local/lib/python3.8/site-packages/airflow/example_dags/example_short_circuit_operator.py
[2024-03-19T19:01:25.665+0000] {processor.py:830} INFO - Processing file /home/airflow/.local/lib/python3.8/site-packages/airflow/example_dags/example_short_circuit_operator.py for tasks to queue
[2024-03-19T19:01:25.665+0000] {logging_mixin.py:188} INFO - [2024-03-19T19:01:25.665+0000] {dagbag.py:540} INFO - Filling up the DagBag from /home/airflow/.local/lib/python3.8/site-packages/airflow/example_dags/example_short_circuit_operator.py
[2024-03-19T19:01:25.668+0000] {processor.py:840} INFO - DAG(s) 'example_short_circuit_operator' retrieved from /home/airflow/.local/lib/python3.8/site-packages/airflow/example_dags/example_short_circuit_operator.py
[2024-03-19T19:01:25.678+0000] {logging_mixin.py:188} INFO - [2024-03-19T19:01:25.678+0000] {dag.py:3047} INFO - Sync 1 DAGs
[2024-03-19T19:01:25.686+0000] {logging_mixin.py:188} INFO - [2024-03-19T19:01:25.686+0000] {dag.py:3834} INFO - Setting next_dagrun for example_short_circuit_operator to 2024-03-18 00:00:00+00:00, run_after=2024-03-19 00:00:00+00:00
[2024-03-19T19:01:25.693+0000] {processor.py:183} INFO - Processing /home/airflow/.local/lib/python3.8/site-packages/airflow/example_dags/example_short_circuit_operator.py took 0.030 seconds
[2024-03-19T19:01:56.191+0000] {processor.py:161} INFO - Started process (PID=7006) to work on /home/airflow/.local/lib/python3.8/site-packages/airflow/example_dags/example_short_circuit_operator.py
[2024-03-19T19:01:56.191+0000] {processor.py:830} INFO - Processing file /home/airflow/.local/lib/python3.8/site-packages/airflow/example_dags/example_short_circuit_operator.py for tasks to queue
[2024-03-19T19:01:56.192+0000] {logging_mixin.py:188} INFO - [2024-03-19T19:01:56.192+0000] {dagbag.py:540} INFO - Filling up the DagBag from /home/airflow/.local/lib/python3.8/site-packages/airflow/example_dags/example_short_circuit_operator.py
[2024-03-19T19:01:56.197+0000] {processor.py:840} INFO - DAG(s) 'example_short_circuit_operator' retrieved from /home/airflow/.local/lib/python3.8/site-packages/airflow/example_dags/example_short_circuit_operator.py
[2024-03-19T19:01:56.209+0000] {logging_mixin.py:188} INFO - [2024-03-19T19:01:56.209+0000] {dag.py:3047} INFO - Sync 1 DAGs
[2024-03-19T19:01:56.219+0000] {logging_mixin.py:188} INFO - [2024-03-19T19:01:56.219+0000] {dag.py:3834} INFO - Setting next_dagrun for example_short_circuit_operator to 2024-03-18 00:00:00+00:00, run_after=2024-03-19 00:00:00+00:00
[2024-03-19T19:01:56.227+0000] {processor.py:183} INFO - Processing /home/airflow/.local/lib/python3.8/site-packages/airflow/example_dags/example_short_circuit_operator.py took 0.038 seconds
[2024-03-19T19:02:26.696+0000] {processor.py:161} INFO - Started process (PID=7252) to work on /home/airflow/.local/lib/python3.8/site-packages/airflow/example_dags/example_short_circuit_operator.py
[2024-03-19T19:02:26.697+0000] {processor.py:830} INFO - Processing file /home/airflow/.local/lib/python3.8/site-packages/airflow/example_dags/example_short_circuit_operator.py for tasks to queue
[2024-03-19T19:02:26.698+0000] {logging_mixin.py:188} INFO - [2024-03-19T19:02:26.698+0000] {dagbag.py:540} INFO - Filling up the DagBag from /home/airflow/.local/lib/python3.8/site-packages/airflow/example_dags/example_short_circuit_operator.py
[2024-03-19T19:02:26.702+0000] {processor.py:840} INFO - DAG(s) 'example_short_circuit_operator' retrieved from /home/airflow/.local/lib/python3.8/site-packages/airflow/example_dags/example_short_circuit_operator.py
[2024-03-19T19:02:26.713+0000] {logging_mixin.py:188} INFO - [2024-03-19T19:02:26.713+0000] {dag.py:3047} INFO - Sync 1 DAGs
[2024-03-19T19:02:26.722+0000] {logging_mixin.py:188} INFO - [2024-03-19T19:02:26.721+0000] {dag.py:3834} INFO - Setting next_dagrun for example_short_circuit_operator to 2024-03-18 00:00:00+00:00, run_after=2024-03-19 00:00:00+00:00
[2024-03-19T19:02:26.729+0000] {processor.py:183} INFO - Processing /home/airflow/.local/lib/python3.8/site-packages/airflow/example_dags/example_short_circuit_operator.py took 0.034 seconds
[2024-03-19T19:02:57.134+0000] {processor.py:161} INFO - Started process (PID=7499) to work on /home/airflow/.local/lib/python3.8/site-packages/airflow/example_dags/example_short_circuit_operator.py
[2024-03-19T19:02:57.134+0000] {processor.py:830} INFO - Processing file /home/airflow/.local/lib/python3.8/site-packages/airflow/example_dags/example_short_circuit_operator.py for tasks to queue
[2024-03-19T19:02:57.135+0000] {logging_mixin.py:188} INFO - [2024-03-19T19:02:57.135+0000] {dagbag.py:540} INFO - Filling up the DagBag from /home/airflow/.local/lib/python3.8/site-packages/airflow/example_dags/example_short_circuit_operator.py
[2024-03-19T19:02:57.138+0000] {processor.py:840} INFO - DAG(s) 'example_short_circuit_operator' retrieved from /home/airflow/.local/lib/python3.8/site-packages/airflow/example_dags/example_short_circuit_operator.py
[2024-03-19T19:02:57.147+0000] {logging_mixin.py:188} INFO - [2024-03-19T19:02:57.147+0000] {dag.py:3047} INFO - Sync 1 DAGs
[2024-03-19T19:02:57.156+0000] {logging_mixin.py:188} INFO - [2024-03-19T19:02:57.156+0000] {dag.py:3834} INFO - Setting next_dagrun for example_short_circuit_operator to 2024-03-18 00:00:00+00:00, run_after=2024-03-19 00:00:00+00:00
[2024-03-19T19:02:57.163+0000] {processor.py:183} INFO - Processing /home/airflow/.local/lib/python3.8/site-packages/airflow/example_dags/example_short_circuit_operator.py took 0.030 seconds
[2024-03-19T19:03:27.662+0000] {processor.py:161} INFO - Started process (PID=7746) to work on /home/airflow/.local/lib/python3.8/site-packages/airflow/example_dags/example_short_circuit_operator.py
[2024-03-19T19:03:27.663+0000] {processor.py:830} INFO - Processing file /home/airflow/.local/lib/python3.8/site-packages/airflow/example_dags/example_short_circuit_operator.py for tasks to queue
[2024-03-19T19:03:27.663+0000] {logging_mixin.py:188} INFO - [2024-03-19T19:03:27.663+0000] {dagbag.py:540} INFO - Filling up the DagBag from /home/airflow/.local/lib/python3.8/site-packages/airflow/example_dags/example_short_circuit_operator.py
[2024-03-19T19:03:27.667+0000] {processor.py:840} INFO - DAG(s) 'example_short_circuit_operator' retrieved from /home/airflow/.local/lib/python3.8/site-packages/airflow/example_dags/example_short_circuit_operator.py
[2024-03-19T19:03:27.677+0000] {logging_mixin.py:188} INFO - [2024-03-19T19:03:27.677+0000] {dag.py:3047} INFO - Sync 1 DAGs
[2024-03-19T19:03:27.686+0000] {logging_mixin.py:188} INFO - [2024-03-19T19:03:27.686+0000] {dag.py:3834} INFO - Setting next_dagrun for example_short_circuit_operator to 2024-03-18 00:00:00+00:00, run_after=2024-03-19 00:00:00+00:00
[2024-03-19T19:03:27.693+0000] {processor.py:183} INFO - Processing /home/airflow/.local/lib/python3.8/site-packages/airflow/example_dags/example_short_circuit_operator.py took 0.033 seconds
[2024-03-19T19:03:58.173+0000] {processor.py:161} INFO - Started process (PID=7993) to work on /home/airflow/.local/lib/python3.8/site-packages/airflow/example_dags/example_short_circuit_operator.py
[2024-03-19T19:03:58.174+0000] {processor.py:830} INFO - Processing file /home/airflow/.local/lib/python3.8/site-packages/airflow/example_dags/example_short_circuit_operator.py for tasks to queue
[2024-03-19T19:03:58.174+0000] {logging_mixin.py:188} INFO - [2024-03-19T19:03:58.174+0000] {dagbag.py:540} INFO - Filling up the DagBag from /home/airflow/.local/lib/python3.8/site-packages/airflow/example_dags/example_short_circuit_operator.py
[2024-03-19T19:03:58.178+0000] {processor.py:840} INFO - DAG(s) 'example_short_circuit_operator' retrieved from /home/airflow/.local/lib/python3.8/site-packages/airflow/example_dags/example_short_circuit_operator.py
[2024-03-19T19:03:58.187+0000] {logging_mixin.py:188} INFO - [2024-03-19T19:03:58.187+0000] {dag.py:3047} INFO - Sync 1 DAGs
[2024-03-19T19:03:58.195+0000] {logging_mixin.py:188} INFO - [2024-03-19T19:03:58.195+0000] {dag.py:3834} INFO - Setting next_dagrun for example_short_circuit_operator to 2024-03-18 00:00:00+00:00, run_after=2024-03-19 00:00:00+00:00
[2024-03-19T19:03:58.202+0000] {processor.py:183} INFO - Processing /home/airflow/.local/lib/python3.8/site-packages/airflow/example_dags/example_short_circuit_operator.py took 0.030 seconds
[2024-03-19T19:04:28.759+0000] {processor.py:161} INFO - Started process (PID=8240) to work on /home/airflow/.local/lib/python3.8/site-packages/airflow/example_dags/example_short_circuit_operator.py
[2024-03-19T19:04:28.760+0000] {processor.py:830} INFO - Processing file /home/airflow/.local/lib/python3.8/site-packages/airflow/example_dags/example_short_circuit_operator.py for tasks to queue
[2024-03-19T19:04:28.760+0000] {logging_mixin.py:188} INFO - [2024-03-19T19:04:28.760+0000] {dagbag.py:540} INFO - Filling up the DagBag from /home/airflow/.local/lib/python3.8/site-packages/airflow/example_dags/example_short_circuit_operator.py
[2024-03-19T19:04:28.764+0000] {processor.py:840} INFO - DAG(s) 'example_short_circuit_operator' retrieved from /home/airflow/.local/lib/python3.8/site-packages/airflow/example_dags/example_short_circuit_operator.py
[2024-03-19T19:04:28.775+0000] {logging_mixin.py:188} INFO - [2024-03-19T19:04:28.775+0000] {dag.py:3047} INFO - Sync 1 DAGs
[2024-03-19T19:04:28.784+0000] {logging_mixin.py:188} INFO - [2024-03-19T19:04:28.784+0000] {dag.py:3834} INFO - Setting next_dagrun for example_short_circuit_operator to 2024-03-18 00:00:00+00:00, run_after=2024-03-19 00:00:00+00:00
[2024-03-19T19:04:28.792+0000] {processor.py:183} INFO - Processing /home/airflow/.local/lib/python3.8/site-packages/airflow/example_dags/example_short_circuit_operator.py took 0.034 seconds
[2024-03-19T19:04:59.295+0000] {processor.py:161} INFO - Started process (PID=8489) to work on /home/airflow/.local/lib/python3.8/site-packages/airflow/example_dags/example_short_circuit_operator.py
[2024-03-19T19:04:59.296+0000] {processor.py:830} INFO - Processing file /home/airflow/.local/lib/python3.8/site-packages/airflow/example_dags/example_short_circuit_operator.py for tasks to queue
[2024-03-19T19:04:59.296+0000] {logging_mixin.py:188} INFO - [2024-03-19T19:04:59.296+0000] {dagbag.py:540} INFO - Filling up the DagBag from /home/airflow/.local/lib/python3.8/site-packages/airflow/example_dags/example_short_circuit_operator.py
[2024-03-19T19:04:59.300+0000] {processor.py:840} INFO - DAG(s) 'example_short_circuit_operator' retrieved from /home/airflow/.local/lib/python3.8/site-packages/airflow/example_dags/example_short_circuit_operator.py
[2024-03-19T19:04:59.310+0000] {logging_mixin.py:188} INFO - [2024-03-19T19:04:59.309+0000] {dag.py:3047} INFO - Sync 1 DAGs
[2024-03-19T19:04:59.318+0000] {logging_mixin.py:188} INFO - [2024-03-19T19:04:59.318+0000] {dag.py:3834} INFO - Setting next_dagrun for example_short_circuit_operator to 2024-03-18 00:00:00+00:00, run_after=2024-03-19 00:00:00+00:00
[2024-03-19T19:04:59.326+0000] {processor.py:183} INFO - Processing /home/airflow/.local/lib/python3.8/site-packages/airflow/example_dags/example_short_circuit_operator.py took 0.032 seconds
[2024-03-19T19:05:29.768+0000] {processor.py:161} INFO - Started process (PID=8734) to work on /home/airflow/.local/lib/python3.8/site-packages/airflow/example_dags/example_short_circuit_operator.py
[2024-03-19T19:05:29.768+0000] {processor.py:830} INFO - Processing file /home/airflow/.local/lib/python3.8/site-packages/airflow/example_dags/example_short_circuit_operator.py for tasks to queue
[2024-03-19T19:05:29.769+0000] {logging_mixin.py:188} INFO - [2024-03-19T19:05:29.769+0000] {dagbag.py:540} INFO - Filling up the DagBag from /home/airflow/.local/lib/python3.8/site-packages/airflow/example_dags/example_short_circuit_operator.py
[2024-03-19T19:05:29.773+0000] {processor.py:840} INFO - DAG(s) 'example_short_circuit_operator' retrieved from /home/airflow/.local/lib/python3.8/site-packages/airflow/example_dags/example_short_circuit_operator.py
[2024-03-19T19:05:29.782+0000] {logging_mixin.py:188} INFO - [2024-03-19T19:05:29.782+0000] {dag.py:3047} INFO - Sync 1 DAGs
[2024-03-19T19:05:29.790+0000] {logging_mixin.py:188} INFO - [2024-03-19T19:05:29.790+0000] {dag.py:3834} INFO - Setting next_dagrun for example_short_circuit_operator to 2024-03-18 00:00:00+00:00, run_after=2024-03-19 00:00:00+00:00
[2024-03-19T19:05:29.797+0000] {processor.py:183} INFO - Processing /home/airflow/.local/lib/python3.8/site-packages/airflow/example_dags/example_short_circuit_operator.py took 0.031 seconds
[2024-03-19T19:06:00.417+0000] {processor.py:161} INFO - Started process (PID=8981) to work on /home/airflow/.local/lib/python3.8/site-packages/airflow/example_dags/example_short_circuit_operator.py
[2024-03-19T19:06:00.418+0000] {processor.py:830} INFO - Processing file /home/airflow/.local/lib/python3.8/site-packages/airflow/example_dags/example_short_circuit_operator.py for tasks to queue
[2024-03-19T19:06:00.419+0000] {logging_mixin.py:188} INFO - [2024-03-19T19:06:00.418+0000] {dagbag.py:540} INFO - Filling up the DagBag from /home/airflow/.local/lib/python3.8/site-packages/airflow/example_dags/example_short_circuit_operator.py
[2024-03-19T19:06:00.422+0000] {processor.py:840} INFO - DAG(s) 'example_short_circuit_operator' retrieved from /home/airflow/.local/lib/python3.8/site-packages/airflow/example_dags/example_short_circuit_operator.py
[2024-03-19T19:06:00.432+0000] {logging_mixin.py:188} INFO - [2024-03-19T19:06:00.432+0000] {dag.py:3047} INFO - Sync 1 DAGs
[2024-03-19T19:06:00.441+0000] {logging_mixin.py:188} INFO - [2024-03-19T19:06:00.441+0000] {dag.py:3834} INFO - Setting next_dagrun for example_short_circuit_operator to 2024-03-18 00:00:00+00:00, run_after=2024-03-19 00:00:00+00:00
[2024-03-19T19:06:00.450+0000] {processor.py:183} INFO - Processing /home/airflow/.local/lib/python3.8/site-packages/airflow/example_dags/example_short_circuit_operator.py took 0.034 seconds
