[2024-03-19T18:48:11.471+0000] {processor.py:161} INFO - Started process (PID=371) to work on /home/airflow/.local/lib/python3.8/site-packages/airflow/example_dags/example_xcomargs.py
[2024-03-19T18:48:11.472+0000] {processor.py:830} INFO - Processing file /home/airflow/.local/lib/python3.8/site-packages/airflow/example_dags/example_xcomargs.py for tasks to queue
[2024-03-19T18:48:11.473+0000] {logging_mixin.py:188} INFO - [2024-03-19T18:48:11.473+0000] {dagbag.py:540} INFO - Filling up the DagBag from /home/airflow/.local/lib/python3.8/site-packages/airflow/example_dags/example_xcomargs.py
[2024-03-19T18:48:11.477+0000] {processor.py:840} INFO - DAG(s) 'example_xcom_args', 'example_xcom_args_with_operators' retrieved from /home/airflow/.local/lib/python3.8/site-packages/airflow/example_dags/example_xcomargs.py
[2024-03-19T18:48:11.483+0000] {logging_mixin.py:188} INFO - [2024-03-19T18:48:11.483+0000] {dag.py:3047} INFO - Sync 2 DAGs
[2024-03-19T18:48:11.489+0000] {logging_mixin.py:188} INFO - [2024-03-19T18:48:11.489+0000] {dag.py:3834} INFO - Setting next_dagrun for example_xcom_args to None, run_after=None
[2024-03-19T18:48:11.490+0000] {logging_mixin.py:188} INFO - [2024-03-19T18:48:11.490+0000] {dag.py:3834} INFO - Setting next_dagrun for example_xcom_args_with_operators to None, run_after=None
[2024-03-19T18:48:11.497+0000] {processor.py:183} INFO - Processing /home/airflow/.local/lib/python3.8/site-packages/airflow/example_dags/example_xcomargs.py took 0.027 seconds
[2024-03-19T18:48:42.616+0000] {processor.py:161} INFO - Started process (PID=618) to work on /home/airflow/.local/lib/python3.8/site-packages/airflow/example_dags/example_xcomargs.py
[2024-03-19T18:48:42.617+0000] {processor.py:830} INFO - Processing file /home/airflow/.local/lib/python3.8/site-packages/airflow/example_dags/example_xcomargs.py for tasks to queue
[2024-03-19T18:48:42.617+0000] {logging_mixin.py:188} INFO - [2024-03-19T18:48:42.617+0000] {dagbag.py:540} INFO - Filling up the DagBag from /home/airflow/.local/lib/python3.8/site-packages/airflow/example_dags/example_xcomargs.py
[2024-03-19T18:48:42.621+0000] {processor.py:840} INFO - DAG(s) 'example_xcom_args_with_operators', 'example_xcom_args' retrieved from /home/airflow/.local/lib/python3.8/site-packages/airflow/example_dags/example_xcomargs.py
[2024-03-19T18:48:42.671+0000] {logging_mixin.py:188} INFO - [2024-03-19T18:48:42.671+0000] {dag.py:3047} INFO - Sync 2 DAGs
[2024-03-19T18:48:42.676+0000] {logging_mixin.py:188} INFO - [2024-03-19T18:48:42.675+0000] {dag.py:3834} INFO - Setting next_dagrun for example_xcom_args to None, run_after=None
[2024-03-19T18:48:42.677+0000] {logging_mixin.py:188} INFO - [2024-03-19T18:48:42.677+0000] {dag.py:3834} INFO - Setting next_dagrun for example_xcom_args_with_operators to None, run_after=None
[2024-03-19T18:48:42.686+0000] {processor.py:183} INFO - Processing /home/airflow/.local/lib/python3.8/site-packages/airflow/example_dags/example_xcomargs.py took 0.072 seconds
[2024-03-19T18:49:13.303+0000] {processor.py:161} INFO - Started process (PID=867) to work on /home/airflow/.local/lib/python3.8/site-packages/airflow/example_dags/example_xcomargs.py
[2024-03-19T18:49:13.304+0000] {processor.py:830} INFO - Processing file /home/airflow/.local/lib/python3.8/site-packages/airflow/example_dags/example_xcomargs.py for tasks to queue
[2024-03-19T18:49:13.304+0000] {logging_mixin.py:188} INFO - [2024-03-19T18:49:13.304+0000] {dagbag.py:540} INFO - Filling up the DagBag from /home/airflow/.local/lib/python3.8/site-packages/airflow/example_dags/example_xcomargs.py
[2024-03-19T18:49:13.307+0000] {processor.py:840} INFO - DAG(s) 'example_xcom_args', 'example_xcom_args_with_operators' retrieved from /home/airflow/.local/lib/python3.8/site-packages/airflow/example_dags/example_xcomargs.py
[2024-03-19T18:49:13.317+0000] {logging_mixin.py:188} INFO - [2024-03-19T18:49:13.317+0000] {dag.py:3047} INFO - Sync 2 DAGs
[2024-03-19T18:49:13.322+0000] {logging_mixin.py:188} INFO - [2024-03-19T18:49:13.322+0000] {dag.py:3834} INFO - Setting next_dagrun for example_xcom_args to None, run_after=None
[2024-03-19T18:49:13.323+0000] {logging_mixin.py:188} INFO - [2024-03-19T18:49:13.323+0000] {dag.py:3834} INFO - Setting next_dagrun for example_xcom_args_with_operators to None, run_after=None
[2024-03-19T18:49:13.329+0000] {processor.py:183} INFO - Processing /home/airflow/.local/lib/python3.8/site-packages/airflow/example_dags/example_xcomargs.py took 0.027 seconds
[2024-03-19T18:49:43.755+0000] {processor.py:161} INFO - Started process (PID=1112) to work on /home/airflow/.local/lib/python3.8/site-packages/airflow/example_dags/example_xcomargs.py
[2024-03-19T18:49:43.755+0000] {processor.py:830} INFO - Processing file /home/airflow/.local/lib/python3.8/site-packages/airflow/example_dags/example_xcomargs.py for tasks to queue
[2024-03-19T18:49:43.756+0000] {logging_mixin.py:188} INFO - [2024-03-19T18:49:43.756+0000] {dagbag.py:540} INFO - Filling up the DagBag from /home/airflow/.local/lib/python3.8/site-packages/airflow/example_dags/example_xcomargs.py
[2024-03-19T18:49:43.759+0000] {processor.py:840} INFO - DAG(s) 'example_xcom_args', 'example_xcom_args_with_operators' retrieved from /home/airflow/.local/lib/python3.8/site-packages/airflow/example_dags/example_xcomargs.py
[2024-03-19T18:49:43.769+0000] {logging_mixin.py:188} INFO - [2024-03-19T18:49:43.769+0000] {dag.py:3047} INFO - Sync 2 DAGs
[2024-03-19T18:49:43.774+0000] {logging_mixin.py:188} INFO - [2024-03-19T18:49:43.774+0000] {dag.py:3834} INFO - Setting next_dagrun for example_xcom_args to None, run_after=None
[2024-03-19T18:49:43.776+0000] {logging_mixin.py:188} INFO - [2024-03-19T18:49:43.776+0000] {dag.py:3834} INFO - Setting next_dagrun for example_xcom_args_with_operators to None, run_after=None
[2024-03-19T18:49:43.782+0000] {processor.py:183} INFO - Processing /home/airflow/.local/lib/python3.8/site-packages/airflow/example_dags/example_xcomargs.py took 0.029 seconds
[2024-03-19T18:50:14.355+0000] {processor.py:161} INFO - Started process (PID=1361) to work on /home/airflow/.local/lib/python3.8/site-packages/airflow/example_dags/example_xcomargs.py
[2024-03-19T18:50:14.356+0000] {processor.py:830} INFO - Processing file /home/airflow/.local/lib/python3.8/site-packages/airflow/example_dags/example_xcomargs.py for tasks to queue
[2024-03-19T18:50:14.356+0000] {logging_mixin.py:188} INFO - [2024-03-19T18:50:14.356+0000] {dagbag.py:540} INFO - Filling up the DagBag from /home/airflow/.local/lib/python3.8/site-packages/airflow/example_dags/example_xcomargs.py
[2024-03-19T18:50:14.360+0000] {processor.py:840} INFO - DAG(s) 'example_xcom_args', 'example_xcom_args_with_operators' retrieved from /home/airflow/.local/lib/python3.8/site-packages/airflow/example_dags/example_xcomargs.py
[2024-03-19T18:50:14.370+0000] {logging_mixin.py:188} INFO - [2024-03-19T18:50:14.370+0000] {dag.py:3047} INFO - Sync 2 DAGs
[2024-03-19T18:50:14.375+0000] {logging_mixin.py:188} INFO - [2024-03-19T18:50:14.375+0000] {dag.py:3834} INFO - Setting next_dagrun for example_xcom_args to None, run_after=None
[2024-03-19T18:50:14.377+0000] {logging_mixin.py:188} INFO - [2024-03-19T18:50:14.377+0000] {dag.py:3834} INFO - Setting next_dagrun for example_xcom_args_with_operators to None, run_after=None
[2024-03-19T18:50:14.383+0000] {processor.py:183} INFO - Processing /home/airflow/.local/lib/python3.8/site-packages/airflow/example_dags/example_xcomargs.py took 0.030 seconds
[2024-03-19T18:50:45.261+0000] {processor.py:161} INFO - Started process (PID=1630) to work on /home/airflow/.local/lib/python3.8/site-packages/airflow/example_dags/example_xcomargs.py
[2024-03-19T18:50:45.262+0000] {processor.py:830} INFO - Processing file /home/airflow/.local/lib/python3.8/site-packages/airflow/example_dags/example_xcomargs.py for tasks to queue
[2024-03-19T18:50:45.262+0000] {logging_mixin.py:188} INFO - [2024-03-19T18:50:45.262+0000] {dagbag.py:540} INFO - Filling up the DagBag from /home/airflow/.local/lib/python3.8/site-packages/airflow/example_dags/example_xcomargs.py
[2024-03-19T18:50:45.272+0000] {processor.py:840} INFO - DAG(s) 'example_xcom_args_with_operators', 'example_xcom_args' retrieved from /home/airflow/.local/lib/python3.8/site-packages/airflow/example_dags/example_xcomargs.py
[2024-03-19T18:50:45.285+0000] {logging_mixin.py:188} INFO - [2024-03-19T18:50:45.285+0000] {dag.py:3047} INFO - Sync 2 DAGs
[2024-03-19T18:50:45.295+0000] {logging_mixin.py:188} INFO - [2024-03-19T18:50:45.295+0000] {dag.py:3834} INFO - Setting next_dagrun for example_xcom_args to None, run_after=None
[2024-03-19T18:50:45.299+0000] {logging_mixin.py:188} INFO - [2024-03-19T18:50:45.299+0000] {dag.py:3834} INFO - Setting next_dagrun for example_xcom_args_with_operators to None, run_after=None
[2024-03-19T18:50:45.306+0000] {processor.py:183} INFO - Processing /home/airflow/.local/lib/python3.8/site-packages/airflow/example_dags/example_xcomargs.py took 0.047 seconds
[2024-03-19T18:51:15.727+0000] {processor.py:161} INFO - Started process (PID=1879) to work on /home/airflow/.local/lib/python3.8/site-packages/airflow/example_dags/example_xcomargs.py
[2024-03-19T18:51:15.727+0000] {processor.py:830} INFO - Processing file /home/airflow/.local/lib/python3.8/site-packages/airflow/example_dags/example_xcomargs.py for tasks to queue
[2024-03-19T18:51:15.728+0000] {logging_mixin.py:188} INFO - [2024-03-19T18:51:15.727+0000] {dagbag.py:540} INFO - Filling up the DagBag from /home/airflow/.local/lib/python3.8/site-packages/airflow/example_dags/example_xcomargs.py
[2024-03-19T18:51:15.731+0000] {processor.py:840} INFO - DAG(s) 'example_xcom_args_with_operators', 'example_xcom_args' retrieved from /home/airflow/.local/lib/python3.8/site-packages/airflow/example_dags/example_xcomargs.py
[2024-03-19T18:51:15.741+0000] {logging_mixin.py:188} INFO - [2024-03-19T18:51:15.741+0000] {dag.py:3047} INFO - Sync 2 DAGs
[2024-03-19T18:51:15.746+0000] {logging_mixin.py:188} INFO - [2024-03-19T18:51:15.746+0000] {dag.py:3834} INFO - Setting next_dagrun for example_xcom_args to None, run_after=None
[2024-03-19T18:51:15.748+0000] {logging_mixin.py:188} INFO - [2024-03-19T18:51:15.748+0000] {dag.py:3834} INFO - Setting next_dagrun for example_xcom_args_with_operators to None, run_after=None
[2024-03-19T18:51:15.754+0000] {processor.py:183} INFO - Processing /home/airflow/.local/lib/python3.8/site-packages/airflow/example_dags/example_xcomargs.py took 0.029 seconds
[2024-03-19T18:51:46.113+0000] {processor.py:161} INFO - Started process (PID=2126) to work on /home/airflow/.local/lib/python3.8/site-packages/airflow/example_dags/example_xcomargs.py
[2024-03-19T18:51:46.113+0000] {processor.py:830} INFO - Processing file /home/airflow/.local/lib/python3.8/site-packages/airflow/example_dags/example_xcomargs.py for tasks to queue
[2024-03-19T18:51:46.114+0000] {logging_mixin.py:188} INFO - [2024-03-19T18:51:46.114+0000] {dagbag.py:540} INFO - Filling up the DagBag from /home/airflow/.local/lib/python3.8/site-packages/airflow/example_dags/example_xcomargs.py
[2024-03-19T18:51:46.117+0000] {processor.py:840} INFO - DAG(s) 'example_xcom_args', 'example_xcom_args_with_operators' retrieved from /home/airflow/.local/lib/python3.8/site-packages/airflow/example_dags/example_xcomargs.py
[2024-03-19T18:51:46.126+0000] {logging_mixin.py:188} INFO - [2024-03-19T18:51:46.126+0000] {dag.py:3047} INFO - Sync 2 DAGs
[2024-03-19T18:51:46.131+0000] {logging_mixin.py:188} INFO - [2024-03-19T18:51:46.131+0000] {dag.py:3834} INFO - Setting next_dagrun for example_xcom_args to None, run_after=None
[2024-03-19T18:51:46.133+0000] {logging_mixin.py:188} INFO - [2024-03-19T18:51:46.133+0000] {dag.py:3834} INFO - Setting next_dagrun for example_xcom_args_with_operators to None, run_after=None
[2024-03-19T18:51:46.139+0000] {processor.py:183} INFO - Processing /home/airflow/.local/lib/python3.8/site-packages/airflow/example_dags/example_xcomargs.py took 0.027 seconds
[2024-03-19T18:52:16.492+0000] {processor.py:161} INFO - Started process (PID=2370) to work on /home/airflow/.local/lib/python3.8/site-packages/airflow/example_dags/example_xcomargs.py
[2024-03-19T18:52:16.493+0000] {processor.py:830} INFO - Processing file /home/airflow/.local/lib/python3.8/site-packages/airflow/example_dags/example_xcomargs.py for tasks to queue
[2024-03-19T18:52:16.493+0000] {logging_mixin.py:188} INFO - [2024-03-19T18:52:16.493+0000] {dagbag.py:540} INFO - Filling up the DagBag from /home/airflow/.local/lib/python3.8/site-packages/airflow/example_dags/example_xcomargs.py
[2024-03-19T18:52:16.497+0000] {processor.py:840} INFO - DAG(s) 'example_xcom_args_with_operators', 'example_xcom_args' retrieved from /home/airflow/.local/lib/python3.8/site-packages/airflow/example_dags/example_xcomargs.py
[2024-03-19T18:52:16.507+0000] {logging_mixin.py:188} INFO - [2024-03-19T18:52:16.507+0000] {dag.py:3047} INFO - Sync 2 DAGs
[2024-03-19T18:52:16.512+0000] {logging_mixin.py:188} INFO - [2024-03-19T18:52:16.512+0000] {dag.py:3834} INFO - Setting next_dagrun for example_xcom_args to None, run_after=None
[2024-03-19T18:52:16.513+0000] {logging_mixin.py:188} INFO - [2024-03-19T18:52:16.513+0000] {dag.py:3834} INFO - Setting next_dagrun for example_xcom_args_with_operators to None, run_after=None
[2024-03-19T18:52:16.520+0000] {processor.py:183} INFO - Processing /home/airflow/.local/lib/python3.8/site-packages/airflow/example_dags/example_xcomargs.py took 0.029 seconds
[2024-03-19T18:52:46.966+0000] {processor.py:161} INFO - Started process (PID=2619) to work on /home/airflow/.local/lib/python3.8/site-packages/airflow/example_dags/example_xcomargs.py
[2024-03-19T18:52:46.967+0000] {processor.py:830} INFO - Processing file /home/airflow/.local/lib/python3.8/site-packages/airflow/example_dags/example_xcomargs.py for tasks to queue
[2024-03-19T18:52:46.967+0000] {logging_mixin.py:188} INFO - [2024-03-19T18:52:46.967+0000] {dagbag.py:540} INFO - Filling up the DagBag from /home/airflow/.local/lib/python3.8/site-packages/airflow/example_dags/example_xcomargs.py
[2024-03-19T18:52:46.971+0000] {processor.py:840} INFO - DAG(s) 'example_xcom_args', 'example_xcom_args_with_operators' retrieved from /home/airflow/.local/lib/python3.8/site-packages/airflow/example_dags/example_xcomargs.py
[2024-03-19T18:52:46.982+0000] {logging_mixin.py:188} INFO - [2024-03-19T18:52:46.982+0000] {dag.py:3047} INFO - Sync 2 DAGs
[2024-03-19T18:52:46.987+0000] {logging_mixin.py:188} INFO - [2024-03-19T18:52:46.987+0000] {dag.py:3834} INFO - Setting next_dagrun for example_xcom_args to None, run_after=None
[2024-03-19T18:52:46.989+0000] {logging_mixin.py:188} INFO - [2024-03-19T18:52:46.989+0000] {dag.py:3834} INFO - Setting next_dagrun for example_xcom_args_with_operators to None, run_after=None
[2024-03-19T18:52:46.995+0000] {processor.py:183} INFO - Processing /home/airflow/.local/lib/python3.8/site-packages/airflow/example_dags/example_xcomargs.py took 0.030 seconds
[2024-03-19T18:53:17.421+0000] {processor.py:161} INFO - Started process (PID=2864) to work on /home/airflow/.local/lib/python3.8/site-packages/airflow/example_dags/example_xcomargs.py
[2024-03-19T18:53:17.422+0000] {processor.py:830} INFO - Processing file /home/airflow/.local/lib/python3.8/site-packages/airflow/example_dags/example_xcomargs.py for tasks to queue
[2024-03-19T18:53:17.422+0000] {logging_mixin.py:188} INFO - [2024-03-19T18:53:17.422+0000] {dagbag.py:540} INFO - Filling up the DagBag from /home/airflow/.local/lib/python3.8/site-packages/airflow/example_dags/example_xcomargs.py
[2024-03-19T18:53:17.426+0000] {processor.py:840} INFO - DAG(s) 'example_xcom_args_with_operators', 'example_xcom_args' retrieved from /home/airflow/.local/lib/python3.8/site-packages/airflow/example_dags/example_xcomargs.py
[2024-03-19T18:53:17.436+0000] {logging_mixin.py:188} INFO - [2024-03-19T18:53:17.436+0000] {dag.py:3047} INFO - Sync 2 DAGs
[2024-03-19T18:53:17.441+0000] {logging_mixin.py:188} INFO - [2024-03-19T18:53:17.441+0000] {dag.py:3834} INFO - Setting next_dagrun for example_xcom_args to None, run_after=None
[2024-03-19T18:53:17.443+0000] {logging_mixin.py:188} INFO - [2024-03-19T18:53:17.443+0000] {dag.py:3834} INFO - Setting next_dagrun for example_xcom_args_with_operators to None, run_after=None
[2024-03-19T18:53:17.449+0000] {processor.py:183} INFO - Processing /home/airflow/.local/lib/python3.8/site-packages/airflow/example_dags/example_xcomargs.py took 0.030 seconds
[2024-03-19T18:53:48.180+0000] {processor.py:161} INFO - Started process (PID=3111) to work on /home/airflow/.local/lib/python3.8/site-packages/airflow/example_dags/example_xcomargs.py
[2024-03-19T18:53:48.180+0000] {processor.py:830} INFO - Processing file /home/airflow/.local/lib/python3.8/site-packages/airflow/example_dags/example_xcomargs.py for tasks to queue
[2024-03-19T18:53:48.181+0000] {logging_mixin.py:188} INFO - [2024-03-19T18:53:48.180+0000] {dagbag.py:540} INFO - Filling up the DagBag from /home/airflow/.local/lib/python3.8/site-packages/airflow/example_dags/example_xcomargs.py
[2024-03-19T18:53:48.185+0000] {processor.py:840} INFO - DAG(s) 'example_xcom_args_with_operators', 'example_xcom_args' retrieved from /home/airflow/.local/lib/python3.8/site-packages/airflow/example_dags/example_xcomargs.py
[2024-03-19T18:53:48.195+0000] {logging_mixin.py:188} INFO - [2024-03-19T18:53:48.195+0000] {dag.py:3047} INFO - Sync 2 DAGs
[2024-03-19T18:53:48.201+0000] {logging_mixin.py:188} INFO - [2024-03-19T18:53:48.201+0000] {dag.py:3834} INFO - Setting next_dagrun for example_xcom_args to None, run_after=None
[2024-03-19T18:53:48.203+0000] {logging_mixin.py:188} INFO - [2024-03-19T18:53:48.203+0000] {dag.py:3834} INFO - Setting next_dagrun for example_xcom_args_with_operators to None, run_after=None
[2024-03-19T18:53:48.210+0000] {processor.py:183} INFO - Processing /home/airflow/.local/lib/python3.8/site-packages/airflow/example_dags/example_xcomargs.py took 0.032 seconds
[2024-03-19T18:54:18.709+0000] {processor.py:161} INFO - Started process (PID=3358) to work on /home/airflow/.local/lib/python3.8/site-packages/airflow/example_dags/example_xcomargs.py
[2024-03-19T18:54:18.710+0000] {processor.py:830} INFO - Processing file /home/airflow/.local/lib/python3.8/site-packages/airflow/example_dags/example_xcomargs.py for tasks to queue
[2024-03-19T18:54:18.710+0000] {logging_mixin.py:188} INFO - [2024-03-19T18:54:18.710+0000] {dagbag.py:540} INFO - Filling up the DagBag from /home/airflow/.local/lib/python3.8/site-packages/airflow/example_dags/example_xcomargs.py
[2024-03-19T18:54:18.714+0000] {processor.py:840} INFO - DAG(s) 'example_xcom_args_with_operators', 'example_xcom_args' retrieved from /home/airflow/.local/lib/python3.8/site-packages/airflow/example_dags/example_xcomargs.py
[2024-03-19T18:54:18.723+0000] {logging_mixin.py:188} INFO - [2024-03-19T18:54:18.723+0000] {dag.py:3047} INFO - Sync 2 DAGs
[2024-03-19T18:54:18.728+0000] {logging_mixin.py:188} INFO - [2024-03-19T18:54:18.728+0000] {dag.py:3834} INFO - Setting next_dagrun for example_xcom_args to None, run_after=None
[2024-03-19T18:54:18.730+0000] {logging_mixin.py:188} INFO - [2024-03-19T18:54:18.730+0000] {dag.py:3834} INFO - Setting next_dagrun for example_xcom_args_with_operators to None, run_after=None
[2024-03-19T18:54:18.736+0000] {processor.py:183} INFO - Processing /home/airflow/.local/lib/python3.8/site-packages/airflow/example_dags/example_xcomargs.py took 0.029 seconds
[2024-03-19T18:54:49.148+0000] {processor.py:161} INFO - Started process (PID=3607) to work on /home/airflow/.local/lib/python3.8/site-packages/airflow/example_dags/example_xcomargs.py
[2024-03-19T18:54:49.149+0000] {processor.py:830} INFO - Processing file /home/airflow/.local/lib/python3.8/site-packages/airflow/example_dags/example_xcomargs.py for tasks to queue
[2024-03-19T18:54:49.149+0000] {logging_mixin.py:188} INFO - [2024-03-19T18:54:49.149+0000] {dagbag.py:540} INFO - Filling up the DagBag from /home/airflow/.local/lib/python3.8/site-packages/airflow/example_dags/example_xcomargs.py
[2024-03-19T18:54:49.153+0000] {processor.py:840} INFO - DAG(s) 'example_xcom_args', 'example_xcom_args_with_operators' retrieved from /home/airflow/.local/lib/python3.8/site-packages/airflow/example_dags/example_xcomargs.py
[2024-03-19T18:54:49.162+0000] {logging_mixin.py:188} INFO - [2024-03-19T18:54:49.162+0000] {dag.py:3047} INFO - Sync 2 DAGs
[2024-03-19T18:54:49.167+0000] {logging_mixin.py:188} INFO - [2024-03-19T18:54:49.167+0000] {dag.py:3834} INFO - Setting next_dagrun for example_xcom_args to None, run_after=None
[2024-03-19T18:54:49.168+0000] {logging_mixin.py:188} INFO - [2024-03-19T18:54:49.168+0000] {dag.py:3834} INFO - Setting next_dagrun for example_xcom_args_with_operators to None, run_after=None
[2024-03-19T18:54:49.174+0000] {processor.py:183} INFO - Processing /home/airflow/.local/lib/python3.8/site-packages/airflow/example_dags/example_xcomargs.py took 0.027 seconds
[2024-03-19T18:55:19.593+0000] {processor.py:161} INFO - Started process (PID=3852) to work on /home/airflow/.local/lib/python3.8/site-packages/airflow/example_dags/example_xcomargs.py
[2024-03-19T18:55:19.594+0000] {processor.py:830} INFO - Processing file /home/airflow/.local/lib/python3.8/site-packages/airflow/example_dags/example_xcomargs.py for tasks to queue
[2024-03-19T18:55:19.595+0000] {logging_mixin.py:188} INFO - [2024-03-19T18:55:19.595+0000] {dagbag.py:540} INFO - Filling up the DagBag from /home/airflow/.local/lib/python3.8/site-packages/airflow/example_dags/example_xcomargs.py
[2024-03-19T18:55:19.599+0000] {processor.py:840} INFO - DAG(s) 'example_xcom_args_with_operators', 'example_xcom_args' retrieved from /home/airflow/.local/lib/python3.8/site-packages/airflow/example_dags/example_xcomargs.py
[2024-03-19T18:55:19.610+0000] {logging_mixin.py:188} INFO - [2024-03-19T18:55:19.610+0000] {dag.py:3047} INFO - Sync 2 DAGs
[2024-03-19T18:55:19.616+0000] {logging_mixin.py:188} INFO - [2024-03-19T18:55:19.616+0000] {dag.py:3834} INFO - Setting next_dagrun for example_xcom_args to None, run_after=None
[2024-03-19T18:55:19.617+0000] {logging_mixin.py:188} INFO - [2024-03-19T18:55:19.617+0000] {dag.py:3834} INFO - Setting next_dagrun for example_xcom_args_with_operators to None, run_after=None
[2024-03-19T18:55:19.625+0000] {processor.py:183} INFO - Processing /home/airflow/.local/lib/python3.8/site-packages/airflow/example_dags/example_xcomargs.py took 0.033 seconds
[2024-03-19T18:55:50.087+0000] {processor.py:161} INFO - Started process (PID=4099) to work on /home/airflow/.local/lib/python3.8/site-packages/airflow/example_dags/example_xcomargs.py
[2024-03-19T18:55:50.088+0000] {processor.py:830} INFO - Processing file /home/airflow/.local/lib/python3.8/site-packages/airflow/example_dags/example_xcomargs.py for tasks to queue
[2024-03-19T18:55:50.088+0000] {logging_mixin.py:188} INFO - [2024-03-19T18:55:50.088+0000] {dagbag.py:540} INFO - Filling up the DagBag from /home/airflow/.local/lib/python3.8/site-packages/airflow/example_dags/example_xcomargs.py
[2024-03-19T18:55:50.092+0000] {processor.py:840} INFO - DAG(s) 'example_xcom_args', 'example_xcom_args_with_operators' retrieved from /home/airflow/.local/lib/python3.8/site-packages/airflow/example_dags/example_xcomargs.py
[2024-03-19T18:55:50.103+0000] {logging_mixin.py:188} INFO - [2024-03-19T18:55:50.103+0000] {dag.py:3047} INFO - Sync 2 DAGs
[2024-03-19T18:55:50.109+0000] {logging_mixin.py:188} INFO - [2024-03-19T18:55:50.109+0000] {dag.py:3834} INFO - Setting next_dagrun for example_xcom_args to None, run_after=None
[2024-03-19T18:55:50.111+0000] {logging_mixin.py:188} INFO - [2024-03-19T18:55:50.111+0000] {dag.py:3834} INFO - Setting next_dagrun for example_xcom_args_with_operators to None, run_after=None
[2024-03-19T18:55:50.119+0000] {processor.py:183} INFO - Processing /home/airflow/.local/lib/python3.8/site-packages/airflow/example_dags/example_xcomargs.py took 0.033 seconds
[2024-03-19T18:56:20.574+0000] {processor.py:161} INFO - Started process (PID=4346) to work on /home/airflow/.local/lib/python3.8/site-packages/airflow/example_dags/example_xcomargs.py
[2024-03-19T18:56:20.575+0000] {processor.py:830} INFO - Processing file /home/airflow/.local/lib/python3.8/site-packages/airflow/example_dags/example_xcomargs.py for tasks to queue
[2024-03-19T18:56:20.575+0000] {logging_mixin.py:188} INFO - [2024-03-19T18:56:20.575+0000] {dagbag.py:540} INFO - Filling up the DagBag from /home/airflow/.local/lib/python3.8/site-packages/airflow/example_dags/example_xcomargs.py
[2024-03-19T18:56:20.579+0000] {processor.py:840} INFO - DAG(s) 'example_xcom_args', 'example_xcom_args_with_operators' retrieved from /home/airflow/.local/lib/python3.8/site-packages/airflow/example_dags/example_xcomargs.py
[2024-03-19T18:56:20.589+0000] {logging_mixin.py:188} INFO - [2024-03-19T18:56:20.589+0000] {dag.py:3047} INFO - Sync 2 DAGs
[2024-03-19T18:56:20.594+0000] {logging_mixin.py:188} INFO - [2024-03-19T18:56:20.594+0000] {dag.py:3834} INFO - Setting next_dagrun for example_xcom_args to None, run_after=None
[2024-03-19T18:56:20.596+0000] {logging_mixin.py:188} INFO - [2024-03-19T18:56:20.596+0000] {dag.py:3834} INFO - Setting next_dagrun for example_xcom_args_with_operators to None, run_after=None
[2024-03-19T18:56:20.602+0000] {processor.py:183} INFO - Processing /home/airflow/.local/lib/python3.8/site-packages/airflow/example_dags/example_xcomargs.py took 0.030 seconds
[2024-03-19T18:56:51.045+0000] {processor.py:161} INFO - Started process (PID=4592) to work on /home/airflow/.local/lib/python3.8/site-packages/airflow/example_dags/example_xcomargs.py
[2024-03-19T18:56:51.046+0000] {processor.py:830} INFO - Processing file /home/airflow/.local/lib/python3.8/site-packages/airflow/example_dags/example_xcomargs.py for tasks to queue
[2024-03-19T18:56:51.046+0000] {logging_mixin.py:188} INFO - [2024-03-19T18:56:51.046+0000] {dagbag.py:540} INFO - Filling up the DagBag from /home/airflow/.local/lib/python3.8/site-packages/airflow/example_dags/example_xcomargs.py
[2024-03-19T18:56:51.050+0000] {processor.py:840} INFO - DAG(s) 'example_xcom_args_with_operators', 'example_xcom_args' retrieved from /home/airflow/.local/lib/python3.8/site-packages/airflow/example_dags/example_xcomargs.py
[2024-03-19T18:56:51.060+0000] {logging_mixin.py:188} INFO - [2024-03-19T18:56:51.060+0000] {dag.py:3047} INFO - Sync 2 DAGs
[2024-03-19T18:56:51.066+0000] {logging_mixin.py:188} INFO - [2024-03-19T18:56:51.065+0000] {dag.py:3834} INFO - Setting next_dagrun for example_xcom_args to None, run_after=None
[2024-03-19T18:56:51.067+0000] {logging_mixin.py:188} INFO - [2024-03-19T18:56:51.067+0000] {dag.py:3834} INFO - Setting next_dagrun for example_xcom_args_with_operators to None, run_after=None
[2024-03-19T18:56:51.074+0000] {processor.py:183} INFO - Processing /home/airflow/.local/lib/python3.8/site-packages/airflow/example_dags/example_xcomargs.py took 0.030 seconds
[2024-03-19T18:57:21.637+0000] {processor.py:161} INFO - Started process (PID=4839) to work on /home/airflow/.local/lib/python3.8/site-packages/airflow/example_dags/example_xcomargs.py
[2024-03-19T18:57:21.637+0000] {processor.py:830} INFO - Processing file /home/airflow/.local/lib/python3.8/site-packages/airflow/example_dags/example_xcomargs.py for tasks to queue
[2024-03-19T18:57:21.638+0000] {logging_mixin.py:188} INFO - [2024-03-19T18:57:21.638+0000] {dagbag.py:540} INFO - Filling up the DagBag from /home/airflow/.local/lib/python3.8/site-packages/airflow/example_dags/example_xcomargs.py
[2024-03-19T18:57:21.641+0000] {processor.py:840} INFO - DAG(s) 'example_xcom_args_with_operators', 'example_xcom_args' retrieved from /home/airflow/.local/lib/python3.8/site-packages/airflow/example_dags/example_xcomargs.py
[2024-03-19T18:57:21.651+0000] {logging_mixin.py:188} INFO - [2024-03-19T18:57:21.651+0000] {dag.py:3047} INFO - Sync 2 DAGs
[2024-03-19T18:57:21.657+0000] {logging_mixin.py:188} INFO - [2024-03-19T18:57:21.657+0000] {dag.py:3834} INFO - Setting next_dagrun for example_xcom_args to None, run_after=None
[2024-03-19T18:57:21.659+0000] {logging_mixin.py:188} INFO - [2024-03-19T18:57:21.659+0000] {dag.py:3834} INFO - Setting next_dagrun for example_xcom_args_with_operators to None, run_after=None
[2024-03-19T18:57:21.665+0000] {processor.py:183} INFO - Processing /home/airflow/.local/lib/python3.8/site-packages/airflow/example_dags/example_xcomargs.py took 0.030 seconds
[2024-03-19T18:57:52.137+0000] {processor.py:161} INFO - Started process (PID=5086) to work on /home/airflow/.local/lib/python3.8/site-packages/airflow/example_dags/example_xcomargs.py
[2024-03-19T18:57:52.138+0000] {processor.py:830} INFO - Processing file /home/airflow/.local/lib/python3.8/site-packages/airflow/example_dags/example_xcomargs.py for tasks to queue
[2024-03-19T18:57:52.138+0000] {logging_mixin.py:188} INFO - [2024-03-19T18:57:52.138+0000] {dagbag.py:540} INFO - Filling up the DagBag from /home/airflow/.local/lib/python3.8/site-packages/airflow/example_dags/example_xcomargs.py
[2024-03-19T18:57:52.142+0000] {processor.py:840} INFO - DAG(s) 'example_xcom_args_with_operators', 'example_xcom_args' retrieved from /home/airflow/.local/lib/python3.8/site-packages/airflow/example_dags/example_xcomargs.py
[2024-03-19T18:57:52.153+0000] {logging_mixin.py:188} INFO - [2024-03-19T18:57:52.153+0000] {dag.py:3047} INFO - Sync 2 DAGs
[2024-03-19T18:57:52.158+0000] {logging_mixin.py:188} INFO - [2024-03-19T18:57:52.158+0000] {dag.py:3834} INFO - Setting next_dagrun for example_xcom_args to None, run_after=None
[2024-03-19T18:57:52.160+0000] {logging_mixin.py:188} INFO - [2024-03-19T18:57:52.160+0000] {dag.py:3834} INFO - Setting next_dagrun for example_xcom_args_with_operators to None, run_after=None
[2024-03-19T18:57:52.168+0000] {processor.py:183} INFO - Processing /home/airflow/.local/lib/python3.8/site-packages/airflow/example_dags/example_xcomargs.py took 0.033 seconds
[2024-03-19T18:58:22.667+0000] {processor.py:161} INFO - Started process (PID=5333) to work on /home/airflow/.local/lib/python3.8/site-packages/airflow/example_dags/example_xcomargs.py
[2024-03-19T18:58:22.668+0000] {processor.py:830} INFO - Processing file /home/airflow/.local/lib/python3.8/site-packages/airflow/example_dags/example_xcomargs.py for tasks to queue
[2024-03-19T18:58:22.668+0000] {logging_mixin.py:188} INFO - [2024-03-19T18:58:22.668+0000] {dagbag.py:540} INFO - Filling up the DagBag from /home/airflow/.local/lib/python3.8/site-packages/airflow/example_dags/example_xcomargs.py
[2024-03-19T18:58:22.672+0000] {processor.py:840} INFO - DAG(s) 'example_xcom_args', 'example_xcom_args_with_operators' retrieved from /home/airflow/.local/lib/python3.8/site-packages/airflow/example_dags/example_xcomargs.py
[2024-03-19T18:58:22.682+0000] {logging_mixin.py:188} INFO - [2024-03-19T18:58:22.682+0000] {dag.py:3047} INFO - Sync 2 DAGs
[2024-03-19T18:58:22.688+0000] {logging_mixin.py:188} INFO - [2024-03-19T18:58:22.688+0000] {dag.py:3834} INFO - Setting next_dagrun for example_xcom_args to None, run_after=None
[2024-03-19T18:58:22.689+0000] {logging_mixin.py:188} INFO - [2024-03-19T18:58:22.689+0000] {dag.py:3834} INFO - Setting next_dagrun for example_xcom_args_with_operators to None, run_after=None
[2024-03-19T18:58:22.697+0000] {processor.py:183} INFO - Processing /home/airflow/.local/lib/python3.8/site-packages/airflow/example_dags/example_xcomargs.py took 0.031 seconds
[2024-03-19T18:58:53.351+0000] {processor.py:161} INFO - Started process (PID=5580) to work on /home/airflow/.local/lib/python3.8/site-packages/airflow/example_dags/example_xcomargs.py
[2024-03-19T18:58:53.352+0000] {processor.py:830} INFO - Processing file /home/airflow/.local/lib/python3.8/site-packages/airflow/example_dags/example_xcomargs.py for tasks to queue
[2024-03-19T18:58:53.354+0000] {logging_mixin.py:188} INFO - [2024-03-19T18:58:53.354+0000] {dagbag.py:540} INFO - Filling up the DagBag from /home/airflow/.local/lib/python3.8/site-packages/airflow/example_dags/example_xcomargs.py
[2024-03-19T18:58:53.358+0000] {processor.py:840} INFO - DAG(s) 'example_xcom_args_with_operators', 'example_xcom_args' retrieved from /home/airflow/.local/lib/python3.8/site-packages/airflow/example_dags/example_xcomargs.py
[2024-03-19T18:58:53.368+0000] {logging_mixin.py:188} INFO - [2024-03-19T18:58:53.368+0000] {dag.py:3047} INFO - Sync 2 DAGs
[2024-03-19T18:58:53.373+0000] {logging_mixin.py:188} INFO - [2024-03-19T18:58:53.373+0000] {dag.py:3834} INFO - Setting next_dagrun for example_xcom_args to None, run_after=None
[2024-03-19T18:58:53.375+0000] {logging_mixin.py:188} INFO - [2024-03-19T18:58:53.375+0000] {dag.py:3834} INFO - Setting next_dagrun for example_xcom_args_with_operators to None, run_after=None
[2024-03-19T18:58:53.381+0000] {processor.py:183} INFO - Processing /home/airflow/.local/lib/python3.8/site-packages/airflow/example_dags/example_xcomargs.py took 0.032 seconds
[2024-03-19T18:59:23.846+0000] {processor.py:161} INFO - Started process (PID=5829) to work on /home/airflow/.local/lib/python3.8/site-packages/airflow/example_dags/example_xcomargs.py
[2024-03-19T18:59:23.847+0000] {processor.py:830} INFO - Processing file /home/airflow/.local/lib/python3.8/site-packages/airflow/example_dags/example_xcomargs.py for tasks to queue
[2024-03-19T18:59:23.847+0000] {logging_mixin.py:188} INFO - [2024-03-19T18:59:23.847+0000] {dagbag.py:540} INFO - Filling up the DagBag from /home/airflow/.local/lib/python3.8/site-packages/airflow/example_dags/example_xcomargs.py
[2024-03-19T18:59:23.851+0000] {processor.py:840} INFO - DAG(s) 'example_xcom_args', 'example_xcom_args_with_operators' retrieved from /home/airflow/.local/lib/python3.8/site-packages/airflow/example_dags/example_xcomargs.py
[2024-03-19T18:59:23.861+0000] {logging_mixin.py:188} INFO - [2024-03-19T18:59:23.861+0000] {dag.py:3047} INFO - Sync 2 DAGs
[2024-03-19T18:59:23.866+0000] {logging_mixin.py:188} INFO - [2024-03-19T18:59:23.866+0000] {dag.py:3834} INFO - Setting next_dagrun for example_xcom_args to None, run_after=None
[2024-03-19T18:59:23.868+0000] {logging_mixin.py:188} INFO - [2024-03-19T18:59:23.868+0000] {dag.py:3834} INFO - Setting next_dagrun for example_xcom_args_with_operators to None, run_after=None
[2024-03-19T18:59:23.874+0000] {processor.py:183} INFO - Processing /home/airflow/.local/lib/python3.8/site-packages/airflow/example_dags/example_xcomargs.py took 0.030 seconds
[2024-03-19T18:59:54.454+0000] {processor.py:161} INFO - Started process (PID=6073) to work on /home/airflow/.local/lib/python3.8/site-packages/airflow/example_dags/example_xcomargs.py
[2024-03-19T18:59:54.454+0000] {processor.py:830} INFO - Processing file /home/airflow/.local/lib/python3.8/site-packages/airflow/example_dags/example_xcomargs.py for tasks to queue
[2024-03-19T18:59:54.455+0000] {logging_mixin.py:188} INFO - [2024-03-19T18:59:54.455+0000] {dagbag.py:540} INFO - Filling up the DagBag from /home/airflow/.local/lib/python3.8/site-packages/airflow/example_dags/example_xcomargs.py
[2024-03-19T18:59:54.459+0000] {processor.py:840} INFO - DAG(s) 'example_xcom_args_with_operators', 'example_xcom_args' retrieved from /home/airflow/.local/lib/python3.8/site-packages/airflow/example_dags/example_xcomargs.py
[2024-03-19T18:59:54.469+0000] {logging_mixin.py:188} INFO - [2024-03-19T18:59:54.469+0000] {dag.py:3047} INFO - Sync 2 DAGs
[2024-03-19T18:59:54.475+0000] {logging_mixin.py:188} INFO - [2024-03-19T18:59:54.474+0000] {dag.py:3834} INFO - Setting next_dagrun for example_xcom_args to None, run_after=None
[2024-03-19T18:59:54.476+0000] {logging_mixin.py:188} INFO - [2024-03-19T18:59:54.476+0000] {dag.py:3834} INFO - Setting next_dagrun for example_xcom_args_with_operators to None, run_after=None
[2024-03-19T18:59:54.483+0000] {processor.py:183} INFO - Processing /home/airflow/.local/lib/python3.8/site-packages/airflow/example_dags/example_xcomargs.py took 0.030 seconds
[2024-03-19T19:00:24.945+0000] {processor.py:161} INFO - Started process (PID=6320) to work on /home/airflow/.local/lib/python3.8/site-packages/airflow/example_dags/example_xcomargs.py
[2024-03-19T19:00:24.946+0000] {processor.py:830} INFO - Processing file /home/airflow/.local/lib/python3.8/site-packages/airflow/example_dags/example_xcomargs.py for tasks to queue
[2024-03-19T19:00:24.946+0000] {logging_mixin.py:188} INFO - [2024-03-19T19:00:24.946+0000] {dagbag.py:540} INFO - Filling up the DagBag from /home/airflow/.local/lib/python3.8/site-packages/airflow/example_dags/example_xcomargs.py
[2024-03-19T19:00:24.950+0000] {processor.py:840} INFO - DAG(s) 'example_xcom_args_with_operators', 'example_xcom_args' retrieved from /home/airflow/.local/lib/python3.8/site-packages/airflow/example_dags/example_xcomargs.py
[2024-03-19T19:00:24.960+0000] {logging_mixin.py:188} INFO - [2024-03-19T19:00:24.960+0000] {dag.py:3047} INFO - Sync 2 DAGs
[2024-03-19T19:00:24.966+0000] {logging_mixin.py:188} INFO - [2024-03-19T19:00:24.965+0000] {dag.py:3834} INFO - Setting next_dagrun for example_xcom_args to None, run_after=None
[2024-03-19T19:00:24.967+0000] {logging_mixin.py:188} INFO - [2024-03-19T19:00:24.967+0000] {dag.py:3834} INFO - Setting next_dagrun for example_xcom_args_with_operators to None, run_after=None
[2024-03-19T19:00:24.973+0000] {processor.py:183} INFO - Processing /home/airflow/.local/lib/python3.8/site-packages/airflow/example_dags/example_xcomargs.py took 0.030 seconds
[2024-03-19T19:00:55.490+0000] {processor.py:161} INFO - Started process (PID=6567) to work on /home/airflow/.local/lib/python3.8/site-packages/airflow/example_dags/example_xcomargs.py
[2024-03-19T19:00:55.490+0000] {processor.py:830} INFO - Processing file /home/airflow/.local/lib/python3.8/site-packages/airflow/example_dags/example_xcomargs.py for tasks to queue
[2024-03-19T19:00:55.491+0000] {logging_mixin.py:188} INFO - [2024-03-19T19:00:55.491+0000] {dagbag.py:540} INFO - Filling up the DagBag from /home/airflow/.local/lib/python3.8/site-packages/airflow/example_dags/example_xcomargs.py
[2024-03-19T19:00:55.494+0000] {processor.py:840} INFO - DAG(s) 'example_xcom_args_with_operators', 'example_xcom_args' retrieved from /home/airflow/.local/lib/python3.8/site-packages/airflow/example_dags/example_xcomargs.py
[2024-03-19T19:00:55.505+0000] {logging_mixin.py:188} INFO - [2024-03-19T19:00:55.505+0000] {dag.py:3047} INFO - Sync 2 DAGs
[2024-03-19T19:00:55.510+0000] {logging_mixin.py:188} INFO - [2024-03-19T19:00:55.510+0000] {dag.py:3834} INFO - Setting next_dagrun for example_xcom_args to None, run_after=None
[2024-03-19T19:00:55.512+0000] {logging_mixin.py:188} INFO - [2024-03-19T19:00:55.512+0000] {dag.py:3834} INFO - Setting next_dagrun for example_xcom_args_with_operators to None, run_after=None
[2024-03-19T19:00:55.519+0000] {processor.py:183} INFO - Processing /home/airflow/.local/lib/python3.8/site-packages/airflow/example_dags/example_xcomargs.py took 0.030 seconds
[2024-03-19T19:01:25.909+0000] {processor.py:161} INFO - Started process (PID=6814) to work on /home/airflow/.local/lib/python3.8/site-packages/airflow/example_dags/example_xcomargs.py
[2024-03-19T19:01:25.910+0000] {processor.py:830} INFO - Processing file /home/airflow/.local/lib/python3.8/site-packages/airflow/example_dags/example_xcomargs.py for tasks to queue
[2024-03-19T19:01:25.910+0000] {logging_mixin.py:188} INFO - [2024-03-19T19:01:25.910+0000] {dagbag.py:540} INFO - Filling up the DagBag from /home/airflow/.local/lib/python3.8/site-packages/airflow/example_dags/example_xcomargs.py
[2024-03-19T19:01:25.914+0000] {processor.py:840} INFO - DAG(s) 'example_xcom_args_with_operators', 'example_xcom_args' retrieved from /home/airflow/.local/lib/python3.8/site-packages/airflow/example_dags/example_xcomargs.py
[2024-03-19T19:01:25.924+0000] {logging_mixin.py:188} INFO - [2024-03-19T19:01:25.924+0000] {dag.py:3047} INFO - Sync 2 DAGs
[2024-03-19T19:01:25.929+0000] {logging_mixin.py:188} INFO - [2024-03-19T19:01:25.929+0000] {dag.py:3834} INFO - Setting next_dagrun for example_xcom_args to None, run_after=None
[2024-03-19T19:01:25.931+0000] {logging_mixin.py:188} INFO - [2024-03-19T19:01:25.931+0000] {dag.py:3834} INFO - Setting next_dagrun for example_xcom_args_with_operators to None, run_after=None
[2024-03-19T19:01:25.937+0000] {processor.py:183} INFO - Processing /home/airflow/.local/lib/python3.8/site-packages/airflow/example_dags/example_xcomargs.py took 0.029 seconds
[2024-03-19T19:01:56.443+0000] {processor.py:161} INFO - Started process (PID=7061) to work on /home/airflow/.local/lib/python3.8/site-packages/airflow/example_dags/example_xcomargs.py
[2024-03-19T19:01:56.444+0000] {processor.py:830} INFO - Processing file /home/airflow/.local/lib/python3.8/site-packages/airflow/example_dags/example_xcomargs.py for tasks to queue
[2024-03-19T19:01:56.444+0000] {logging_mixin.py:188} INFO - [2024-03-19T19:01:56.444+0000] {dagbag.py:540} INFO - Filling up the DagBag from /home/airflow/.local/lib/python3.8/site-packages/airflow/example_dags/example_xcomargs.py
[2024-03-19T19:01:56.448+0000] {processor.py:840} INFO - DAG(s) 'example_xcom_args_with_operators', 'example_xcom_args' retrieved from /home/airflow/.local/lib/python3.8/site-packages/airflow/example_dags/example_xcomargs.py
[2024-03-19T19:01:56.459+0000] {logging_mixin.py:188} INFO - [2024-03-19T19:01:56.459+0000] {dag.py:3047} INFO - Sync 2 DAGs
[2024-03-19T19:01:56.464+0000] {logging_mixin.py:188} INFO - [2024-03-19T19:01:56.464+0000] {dag.py:3834} INFO - Setting next_dagrun for example_xcom_args to None, run_after=None
[2024-03-19T19:01:56.466+0000] {logging_mixin.py:188} INFO - [2024-03-19T19:01:56.466+0000] {dag.py:3834} INFO - Setting next_dagrun for example_xcom_args_with_operators to None, run_after=None
[2024-03-19T19:01:56.472+0000] {processor.py:183} INFO - Processing /home/airflow/.local/lib/python3.8/site-packages/airflow/example_dags/example_xcomargs.py took 0.031 seconds
[2024-03-19T19:02:26.932+0000] {processor.py:161} INFO - Started process (PID=7307) to work on /home/airflow/.local/lib/python3.8/site-packages/airflow/example_dags/example_xcomargs.py
[2024-03-19T19:02:26.933+0000] {processor.py:830} INFO - Processing file /home/airflow/.local/lib/python3.8/site-packages/airflow/example_dags/example_xcomargs.py for tasks to queue
[2024-03-19T19:02:26.933+0000] {logging_mixin.py:188} INFO - [2024-03-19T19:02:26.933+0000] {dagbag.py:540} INFO - Filling up the DagBag from /home/airflow/.local/lib/python3.8/site-packages/airflow/example_dags/example_xcomargs.py
[2024-03-19T19:02:26.937+0000] {processor.py:840} INFO - DAG(s) 'example_xcom_args', 'example_xcom_args_with_operators' retrieved from /home/airflow/.local/lib/python3.8/site-packages/airflow/example_dags/example_xcomargs.py
[2024-03-19T19:02:26.947+0000] {logging_mixin.py:188} INFO - [2024-03-19T19:02:26.947+0000] {dag.py:3047} INFO - Sync 2 DAGs
[2024-03-19T19:02:26.952+0000] {logging_mixin.py:188} INFO - [2024-03-19T19:02:26.952+0000] {dag.py:3834} INFO - Setting next_dagrun for example_xcom_args to None, run_after=None
[2024-03-19T19:02:26.954+0000] {logging_mixin.py:188} INFO - [2024-03-19T19:02:26.954+0000] {dag.py:3834} INFO - Setting next_dagrun for example_xcom_args_with_operators to None, run_after=None
[2024-03-19T19:02:26.960+0000] {processor.py:183} INFO - Processing /home/airflow/.local/lib/python3.8/site-packages/airflow/example_dags/example_xcomargs.py took 0.030 seconds
[2024-03-19T19:02:57.385+0000] {processor.py:161} INFO - Started process (PID=7554) to work on /home/airflow/.local/lib/python3.8/site-packages/airflow/example_dags/example_xcomargs.py
[2024-03-19T19:02:57.385+0000] {processor.py:830} INFO - Processing file /home/airflow/.local/lib/python3.8/site-packages/airflow/example_dags/example_xcomargs.py for tasks to queue
[2024-03-19T19:02:57.386+0000] {logging_mixin.py:188} INFO - [2024-03-19T19:02:57.386+0000] {dagbag.py:540} INFO - Filling up the DagBag from /home/airflow/.local/lib/python3.8/site-packages/airflow/example_dags/example_xcomargs.py
[2024-03-19T19:02:57.390+0000] {processor.py:840} INFO - DAG(s) 'example_xcom_args', 'example_xcom_args_with_operators' retrieved from /home/airflow/.local/lib/python3.8/site-packages/airflow/example_dags/example_xcomargs.py
[2024-03-19T19:02:57.399+0000] {logging_mixin.py:188} INFO - [2024-03-19T19:02:57.399+0000] {dag.py:3047} INFO - Sync 2 DAGs
[2024-03-19T19:02:57.404+0000] {logging_mixin.py:188} INFO - [2024-03-19T19:02:57.404+0000] {dag.py:3834} INFO - Setting next_dagrun for example_xcom_args to None, run_after=None
[2024-03-19T19:02:57.405+0000] {logging_mixin.py:188} INFO - [2024-03-19T19:02:57.405+0000] {dag.py:3834} INFO - Setting next_dagrun for example_xcom_args_with_operators to None, run_after=None
[2024-03-19T19:02:57.412+0000] {processor.py:183} INFO - Processing /home/airflow/.local/lib/python3.8/site-packages/airflow/example_dags/example_xcomargs.py took 0.028 seconds
[2024-03-19T19:03:27.909+0000] {processor.py:161} INFO - Started process (PID=7803) to work on /home/airflow/.local/lib/python3.8/site-packages/airflow/example_dags/example_xcomargs.py
[2024-03-19T19:03:27.910+0000] {processor.py:830} INFO - Processing file /home/airflow/.local/lib/python3.8/site-packages/airflow/example_dags/example_xcomargs.py for tasks to queue
[2024-03-19T19:03:27.911+0000] {logging_mixin.py:188} INFO - [2024-03-19T19:03:27.911+0000] {dagbag.py:540} INFO - Filling up the DagBag from /home/airflow/.local/lib/python3.8/site-packages/airflow/example_dags/example_xcomargs.py
[2024-03-19T19:03:27.915+0000] {processor.py:840} INFO - DAG(s) 'example_xcom_args_with_operators', 'example_xcom_args' retrieved from /home/airflow/.local/lib/python3.8/site-packages/airflow/example_dags/example_xcomargs.py
[2024-03-19T19:03:27.925+0000] {logging_mixin.py:188} INFO - [2024-03-19T19:03:27.925+0000] {dag.py:3047} INFO - Sync 2 DAGs
[2024-03-19T19:03:27.930+0000] {logging_mixin.py:188} INFO - [2024-03-19T19:03:27.930+0000] {dag.py:3834} INFO - Setting next_dagrun for example_xcom_args to None, run_after=None
[2024-03-19T19:03:27.932+0000] {logging_mixin.py:188} INFO - [2024-03-19T19:03:27.932+0000] {dag.py:3834} INFO - Setting next_dagrun for example_xcom_args_with_operators to None, run_after=None
[2024-03-19T19:03:27.938+0000] {processor.py:183} INFO - Processing /home/airflow/.local/lib/python3.8/site-packages/airflow/example_dags/example_xcomargs.py took 0.030 seconds
[2024-03-19T19:03:58.433+0000] {processor.py:161} INFO - Started process (PID=8048) to work on /home/airflow/.local/lib/python3.8/site-packages/airflow/example_dags/example_xcomargs.py
[2024-03-19T19:03:58.433+0000] {processor.py:830} INFO - Processing file /home/airflow/.local/lib/python3.8/site-packages/airflow/example_dags/example_xcomargs.py for tasks to queue
[2024-03-19T19:03:58.434+0000] {logging_mixin.py:188} INFO - [2024-03-19T19:03:58.434+0000] {dagbag.py:540} INFO - Filling up the DagBag from /home/airflow/.local/lib/python3.8/site-packages/airflow/example_dags/example_xcomargs.py
[2024-03-19T19:03:58.438+0000] {processor.py:840} INFO - DAG(s) 'example_xcom_args', 'example_xcom_args_with_operators' retrieved from /home/airflow/.local/lib/python3.8/site-packages/airflow/example_dags/example_xcomargs.py
[2024-03-19T19:03:58.448+0000] {logging_mixin.py:188} INFO - [2024-03-19T19:03:58.447+0000] {dag.py:3047} INFO - Sync 2 DAGs
[2024-03-19T19:03:58.453+0000] {logging_mixin.py:188} INFO - [2024-03-19T19:03:58.453+0000] {dag.py:3834} INFO - Setting next_dagrun for example_xcom_args to None, run_after=None
[2024-03-19T19:03:58.455+0000] {logging_mixin.py:188} INFO - [2024-03-19T19:03:58.455+0000] {dag.py:3834} INFO - Setting next_dagrun for example_xcom_args_with_operators to None, run_after=None
[2024-03-19T19:03:58.461+0000] {processor.py:183} INFO - Processing /home/airflow/.local/lib/python3.8/site-packages/airflow/example_dags/example_xcomargs.py took 0.030 seconds
[2024-03-19T19:04:28.999+0000] {processor.py:161} INFO - Started process (PID=8297) to work on /home/airflow/.local/lib/python3.8/site-packages/airflow/example_dags/example_xcomargs.py
[2024-03-19T19:04:28.999+0000] {processor.py:830} INFO - Processing file /home/airflow/.local/lib/python3.8/site-packages/airflow/example_dags/example_xcomargs.py for tasks to queue
[2024-03-19T19:04:29.000+0000] {logging_mixin.py:188} INFO - [2024-03-19T19:04:29.000+0000] {dagbag.py:540} INFO - Filling up the DagBag from /home/airflow/.local/lib/python3.8/site-packages/airflow/example_dags/example_xcomargs.py
[2024-03-19T19:04:29.003+0000] {processor.py:840} INFO - DAG(s) 'example_xcom_args_with_operators', 'example_xcom_args' retrieved from /home/airflow/.local/lib/python3.8/site-packages/airflow/example_dags/example_xcomargs.py
[2024-03-19T19:04:29.013+0000] {logging_mixin.py:188} INFO - [2024-03-19T19:04:29.013+0000] {dag.py:3047} INFO - Sync 2 DAGs
[2024-03-19T19:04:29.018+0000] {logging_mixin.py:188} INFO - [2024-03-19T19:04:29.018+0000] {dag.py:3834} INFO - Setting next_dagrun for example_xcom_args to None, run_after=None
[2024-03-19T19:04:29.019+0000] {logging_mixin.py:188} INFO - [2024-03-19T19:04:29.019+0000] {dag.py:3834} INFO - Setting next_dagrun for example_xcom_args_with_operators to None, run_after=None
[2024-03-19T19:04:29.025+0000] {processor.py:183} INFO - Processing /home/airflow/.local/lib/python3.8/site-packages/airflow/example_dags/example_xcomargs.py took 0.028 seconds
[2024-03-19T19:04:59.543+0000] {processor.py:161} INFO - Started process (PID=8544) to work on /home/airflow/.local/lib/python3.8/site-packages/airflow/example_dags/example_xcomargs.py
[2024-03-19T19:04:59.543+0000] {processor.py:830} INFO - Processing file /home/airflow/.local/lib/python3.8/site-packages/airflow/example_dags/example_xcomargs.py for tasks to queue
[2024-03-19T19:04:59.544+0000] {logging_mixin.py:188} INFO - [2024-03-19T19:04:59.544+0000] {dagbag.py:540} INFO - Filling up the DagBag from /home/airflow/.local/lib/python3.8/site-packages/airflow/example_dags/example_xcomargs.py
[2024-03-19T19:04:59.548+0000] {processor.py:840} INFO - DAG(s) 'example_xcom_args_with_operators', 'example_xcom_args' retrieved from /home/airflow/.local/lib/python3.8/site-packages/airflow/example_dags/example_xcomargs.py
[2024-03-19T19:04:59.558+0000] {logging_mixin.py:188} INFO - [2024-03-19T19:04:59.557+0000] {dag.py:3047} INFO - Sync 2 DAGs
[2024-03-19T19:04:59.563+0000] {logging_mixin.py:188} INFO - [2024-03-19T19:04:59.563+0000] {dag.py:3834} INFO - Setting next_dagrun for example_xcom_args to None, run_after=None
[2024-03-19T19:04:59.564+0000] {logging_mixin.py:188} INFO - [2024-03-19T19:04:59.564+0000] {dag.py:3834} INFO - Setting next_dagrun for example_xcom_args_with_operators to None, run_after=None
[2024-03-19T19:04:59.571+0000] {processor.py:183} INFO - Processing /home/airflow/.local/lib/python3.8/site-packages/airflow/example_dags/example_xcomargs.py took 0.029 seconds
[2024-03-19T19:05:30.073+0000] {processor.py:161} INFO - Started process (PID=8791) to work on /home/airflow/.local/lib/python3.8/site-packages/airflow/example_dags/example_xcomargs.py
[2024-03-19T19:05:30.074+0000] {processor.py:830} INFO - Processing file /home/airflow/.local/lib/python3.8/site-packages/airflow/example_dags/example_xcomargs.py for tasks to queue
[2024-03-19T19:05:30.074+0000] {logging_mixin.py:188} INFO - [2024-03-19T19:05:30.074+0000] {dagbag.py:540} INFO - Filling up the DagBag from /home/airflow/.local/lib/python3.8/site-packages/airflow/example_dags/example_xcomargs.py
[2024-03-19T19:05:30.078+0000] {processor.py:840} INFO - DAG(s) 'example_xcom_args_with_operators', 'example_xcom_args' retrieved from /home/airflow/.local/lib/python3.8/site-packages/airflow/example_dags/example_xcomargs.py
[2024-03-19T19:05:30.089+0000] {logging_mixin.py:188} INFO - [2024-03-19T19:05:30.089+0000] {dag.py:3047} INFO - Sync 2 DAGs
[2024-03-19T19:05:30.094+0000] {logging_mixin.py:188} INFO - [2024-03-19T19:05:30.094+0000] {dag.py:3834} INFO - Setting next_dagrun for example_xcom_args to None, run_after=None
[2024-03-19T19:05:30.095+0000] {logging_mixin.py:188} INFO - [2024-03-19T19:05:30.095+0000] {dag.py:3834} INFO - Setting next_dagrun for example_xcom_args_with_operators to None, run_after=None
[2024-03-19T19:05:30.102+0000] {processor.py:183} INFO - Processing /home/airflow/.local/lib/python3.8/site-packages/airflow/example_dags/example_xcomargs.py took 0.030 seconds
[2024-03-19T19:06:00.760+0000] {processor.py:161} INFO - Started process (PID=9038) to work on /home/airflow/.local/lib/python3.8/site-packages/airflow/example_dags/example_xcomargs.py
[2024-03-19T19:06:00.761+0000] {processor.py:830} INFO - Processing file /home/airflow/.local/lib/python3.8/site-packages/airflow/example_dags/example_xcomargs.py for tasks to queue
[2024-03-19T19:06:00.761+0000] {logging_mixin.py:188} INFO - [2024-03-19T19:06:00.761+0000] {dagbag.py:540} INFO - Filling up the DagBag from /home/airflow/.local/lib/python3.8/site-packages/airflow/example_dags/example_xcomargs.py
[2024-03-19T19:06:00.766+0000] {processor.py:840} INFO - DAG(s) 'example_xcom_args_with_operators', 'example_xcom_args' retrieved from /home/airflow/.local/lib/python3.8/site-packages/airflow/example_dags/example_xcomargs.py
[2024-03-19T19:06:00.780+0000] {logging_mixin.py:188} INFO - [2024-03-19T19:06:00.779+0000] {dag.py:3047} INFO - Sync 2 DAGs
[2024-03-19T19:06:00.786+0000] {logging_mixin.py:188} INFO - [2024-03-19T19:06:00.785+0000] {dag.py:3834} INFO - Setting next_dagrun for example_xcom_args to None, run_after=None
[2024-03-19T19:06:00.787+0000] {logging_mixin.py:188} INFO - [2024-03-19T19:06:00.787+0000] {dag.py:3834} INFO - Setting next_dagrun for example_xcom_args_with_operators to None, run_after=None
[2024-03-19T19:06:00.794+0000] {processor.py:183} INFO - Processing /home/airflow/.local/lib/python3.8/site-packages/airflow/example_dags/example_xcomargs.py took 0.036 seconds
