[2024-03-19T18:48:11.098+0000] {processor.py:161} INFO - Started process (PID=286) to work on /home/airflow/.local/lib/python3.8/site-packages/airflow/example_dags/example_subdag_operator.py
[2024-03-19T18:48:11.099+0000] {processor.py:830} INFO - Processing file /home/airflow/.local/lib/python3.8/site-packages/airflow/example_dags/example_subdag_operator.py for tasks to queue
[2024-03-19T18:48:11.100+0000] {logging_mixin.py:188} INFO - [2024-03-19T18:48:11.099+0000] {dagbag.py:540} INFO - Filling up the DagBag from /home/airflow/.local/lib/python3.8/site-packages/airflow/example_dags/example_subdag_operator.py
[2024-03-19T18:48:11.110+0000] {processor.py:840} INFO - DAG(s) 'example_subdag_operator.section-1', 'example_subdag_operator.section-2', 'example_subdag_operator' retrieved from /home/airflow/.local/lib/python3.8/site-packages/airflow/example_dags/example_subdag_operator.py
[2024-03-19T18:48:11.112+0000] {logging_mixin.py:188} INFO - [2024-03-19T18:48:11.111+0000] {dag.py:3047} INFO - Sync 3 DAGs
[2024-03-19T18:48:11.121+0000] {logging_mixin.py:188} INFO - [2024-03-19T18:48:11.121+0000] {dag.py:3834} INFO - Setting next_dagrun for example_subdag_operator to 2022-01-01 00:00:00+00:00, run_after=2022-01-01 00:00:00+00:00
[2024-03-19T18:48:11.122+0000] {logging_mixin.py:188} INFO - [2024-03-19T18:48:11.122+0000] {dag.py:3834} INFO - Setting next_dagrun for example_subdag_operator.section-1 to None, run_after=None
[2024-03-19T18:48:11.123+0000] {logging_mixin.py:188} INFO - [2024-03-19T18:48:11.123+0000] {dag.py:3834} INFO - Setting next_dagrun for example_subdag_operator.section-2 to None, run_after=None
[2024-03-19T18:48:11.126+0000] {logging_mixin.py:188} INFO - [2024-03-19T18:48:11.126+0000] {dag.py:3047} INFO - Sync 2 DAGs
[2024-03-19T18:48:11.128+0000] {logging_mixin.py:188} INFO - [2024-03-19T18:48:11.128+0000] {dag.py:3834} INFO - Setting next_dagrun for example_subdag_operator.section-1 to None, run_after=None
[2024-03-19T18:48:11.129+0000] {logging_mixin.py:188} INFO - [2024-03-19T18:48:11.129+0000] {dag.py:3834} INFO - Setting next_dagrun for example_subdag_operator.section-2 to None, run_after=None
[2024-03-19T18:48:11.133+0000] {processor.py:183} INFO - Processing /home/airflow/.local/lib/python3.8/site-packages/airflow/example_dags/example_subdag_operator.py took 0.037 seconds
[2024-03-19T18:48:41.908+0000] {processor.py:161} INFO - Started process (PID=533) to work on /home/airflow/.local/lib/python3.8/site-packages/airflow/example_dags/example_subdag_operator.py
[2024-03-19T18:48:41.909+0000] {processor.py:830} INFO - Processing file /home/airflow/.local/lib/python3.8/site-packages/airflow/example_dags/example_subdag_operator.py for tasks to queue
[2024-03-19T18:48:41.909+0000] {logging_mixin.py:188} INFO - [2024-03-19T18:48:41.909+0000] {dagbag.py:540} INFO - Filling up the DagBag from /home/airflow/.local/lib/python3.8/site-packages/airflow/example_dags/example_subdag_operator.py
[2024-03-19T18:48:41.919+0000] {processor.py:840} INFO - DAG(s) 'example_subdag_operator.section-1', 'example_subdag_operator.section-2', 'example_subdag_operator' retrieved from /home/airflow/.local/lib/python3.8/site-packages/airflow/example_dags/example_subdag_operator.py
[2024-03-19T18:48:41.959+0000] {logging_mixin.py:188} INFO - [2024-03-19T18:48:41.959+0000] {dag.py:3047} INFO - Sync 3 DAGs
[2024-03-19T18:48:41.966+0000] {logging_mixin.py:188} INFO - [2024-03-19T18:48:41.966+0000] {dag.py:3834} INFO - Setting next_dagrun for example_subdag_operator to 2022-01-01 00:00:00+00:00, run_after=2022-01-01 00:00:00+00:00
[2024-03-19T18:48:41.968+0000] {logging_mixin.py:188} INFO - [2024-03-19T18:48:41.968+0000] {dag.py:3834} INFO - Setting next_dagrun for example_subdag_operator.section-1 to None, run_after=None
[2024-03-19T18:48:41.968+0000] {logging_mixin.py:188} INFO - [2024-03-19T18:48:41.968+0000] {dag.py:3834} INFO - Setting next_dagrun for example_subdag_operator.section-2 to None, run_after=None
[2024-03-19T18:48:41.972+0000] {logging_mixin.py:188} INFO - [2024-03-19T18:48:41.972+0000] {dag.py:3047} INFO - Sync 2 DAGs
[2024-03-19T18:48:41.974+0000] {logging_mixin.py:188} INFO - [2024-03-19T18:48:41.974+0000] {dag.py:3834} INFO - Setting next_dagrun for example_subdag_operator.section-1 to None, run_after=None
[2024-03-19T18:48:41.975+0000] {logging_mixin.py:188} INFO - [2024-03-19T18:48:41.974+0000] {dag.py:3834} INFO - Setting next_dagrun for example_subdag_operator.section-2 to None, run_after=None
[2024-03-19T18:48:41.979+0000] {processor.py:183} INFO - Processing /home/airflow/.local/lib/python3.8/site-packages/airflow/example_dags/example_subdag_operator.py took 0.072 seconds
[2024-03-19T18:49:12.914+0000] {processor.py:161} INFO - Started process (PID=782) to work on /home/airflow/.local/lib/python3.8/site-packages/airflow/example_dags/example_subdag_operator.py
[2024-03-19T18:49:12.914+0000] {processor.py:830} INFO - Processing file /home/airflow/.local/lib/python3.8/site-packages/airflow/example_dags/example_subdag_operator.py for tasks to queue
[2024-03-19T18:49:12.915+0000] {logging_mixin.py:188} INFO - [2024-03-19T18:49:12.915+0000] {dagbag.py:540} INFO - Filling up the DagBag from /home/airflow/.local/lib/python3.8/site-packages/airflow/example_dags/example_subdag_operator.py
[2024-03-19T18:49:12.925+0000] {processor.py:840} INFO - DAG(s) 'example_subdag_operator.section-1', 'example_subdag_operator.section-2', 'example_subdag_operator' retrieved from /home/airflow/.local/lib/python3.8/site-packages/airflow/example_dags/example_subdag_operator.py
[2024-03-19T18:49:12.931+0000] {logging_mixin.py:188} INFO - [2024-03-19T18:49:12.931+0000] {dag.py:3047} INFO - Sync 3 DAGs
[2024-03-19T18:49:12.939+0000] {logging_mixin.py:188} INFO - [2024-03-19T18:49:12.939+0000] {dag.py:3834} INFO - Setting next_dagrun for example_subdag_operator to 2022-01-01 00:00:00+00:00, run_after=2022-01-01 00:00:00+00:00
[2024-03-19T18:49:12.941+0000] {logging_mixin.py:188} INFO - [2024-03-19T18:49:12.941+0000] {dag.py:3834} INFO - Setting next_dagrun for example_subdag_operator.section-1 to None, run_after=None
[2024-03-19T18:49:12.941+0000] {logging_mixin.py:188} INFO - [2024-03-19T18:49:12.941+0000] {dag.py:3834} INFO - Setting next_dagrun for example_subdag_operator.section-2 to None, run_after=None
[2024-03-19T18:49:12.944+0000] {logging_mixin.py:188} INFO - [2024-03-19T18:49:12.944+0000] {dag.py:3047} INFO - Sync 2 DAGs
[2024-03-19T18:49:12.946+0000] {logging_mixin.py:188} INFO - [2024-03-19T18:49:12.946+0000] {dag.py:3834} INFO - Setting next_dagrun for example_subdag_operator.section-1 to None, run_after=None
[2024-03-19T18:49:12.946+0000] {logging_mixin.py:188} INFO - [2024-03-19T18:49:12.946+0000] {dag.py:3834} INFO - Setting next_dagrun for example_subdag_operator.section-2 to None, run_after=None
[2024-03-19T18:49:12.950+0000] {processor.py:183} INFO - Processing /home/airflow/.local/lib/python3.8/site-packages/airflow/example_dags/example_subdag_operator.py took 0.038 seconds
[2024-03-19T18:49:43.382+0000] {processor.py:161} INFO - Started process (PID=1029) to work on /home/airflow/.local/lib/python3.8/site-packages/airflow/example_dags/example_subdag_operator.py
[2024-03-19T18:49:43.383+0000] {processor.py:830} INFO - Processing file /home/airflow/.local/lib/python3.8/site-packages/airflow/example_dags/example_subdag_operator.py for tasks to queue
[2024-03-19T18:49:43.383+0000] {logging_mixin.py:188} INFO - [2024-03-19T18:49:43.383+0000] {dagbag.py:540} INFO - Filling up the DagBag from /home/airflow/.local/lib/python3.8/site-packages/airflow/example_dags/example_subdag_operator.py
[2024-03-19T18:49:43.393+0000] {processor.py:840} INFO - DAG(s) 'example_subdag_operator.section-1', 'example_subdag_operator.section-2', 'example_subdag_operator' retrieved from /home/airflow/.local/lib/python3.8/site-packages/airflow/example_dags/example_subdag_operator.py
[2024-03-19T18:49:43.400+0000] {logging_mixin.py:188} INFO - [2024-03-19T18:49:43.400+0000] {dag.py:3047} INFO - Sync 3 DAGs
[2024-03-19T18:49:43.408+0000] {logging_mixin.py:188} INFO - [2024-03-19T18:49:43.408+0000] {dag.py:3834} INFO - Setting next_dagrun for example_subdag_operator to 2022-01-01 00:00:00+00:00, run_after=2022-01-01 00:00:00+00:00
[2024-03-19T18:49:43.409+0000] {logging_mixin.py:188} INFO - [2024-03-19T18:49:43.409+0000] {dag.py:3834} INFO - Setting next_dagrun for example_subdag_operator.section-1 to None, run_after=None
[2024-03-19T18:49:43.410+0000] {logging_mixin.py:188} INFO - [2024-03-19T18:49:43.410+0000] {dag.py:3834} INFO - Setting next_dagrun for example_subdag_operator.section-2 to None, run_after=None
[2024-03-19T18:49:43.412+0000] {logging_mixin.py:188} INFO - [2024-03-19T18:49:43.412+0000] {dag.py:3047} INFO - Sync 2 DAGs
[2024-03-19T18:49:43.414+0000] {logging_mixin.py:188} INFO - [2024-03-19T18:49:43.414+0000] {dag.py:3834} INFO - Setting next_dagrun for example_subdag_operator.section-1 to None, run_after=None
[2024-03-19T18:49:43.414+0000] {logging_mixin.py:188} INFO - [2024-03-19T18:49:43.414+0000] {dag.py:3834} INFO - Setting next_dagrun for example_subdag_operator.section-2 to None, run_after=None
[2024-03-19T18:49:43.418+0000] {processor.py:183} INFO - Processing /home/airflow/.local/lib/python3.8/site-packages/airflow/example_dags/example_subdag_operator.py took 0.037 seconds
[2024-03-19T18:50:13.976+0000] {processor.py:161} INFO - Started process (PID=1274) to work on /home/airflow/.local/lib/python3.8/site-packages/airflow/example_dags/example_subdag_operator.py
[2024-03-19T18:50:13.976+0000] {processor.py:830} INFO - Processing file /home/airflow/.local/lib/python3.8/site-packages/airflow/example_dags/example_subdag_operator.py for tasks to queue
[2024-03-19T18:50:13.978+0000] {logging_mixin.py:188} INFO - [2024-03-19T18:50:13.978+0000] {dagbag.py:540} INFO - Filling up the DagBag from /home/airflow/.local/lib/python3.8/site-packages/airflow/example_dags/example_subdag_operator.py
[2024-03-19T18:50:13.990+0000] {processor.py:840} INFO - DAG(s) 'example_subdag_operator.section-1', 'example_subdag_operator.section-2', 'example_subdag_operator' retrieved from /home/airflow/.local/lib/python3.8/site-packages/airflow/example_dags/example_subdag_operator.py
[2024-03-19T18:50:13.997+0000] {logging_mixin.py:188} INFO - [2024-03-19T18:50:13.997+0000] {dag.py:3047} INFO - Sync 3 DAGs
[2024-03-19T18:50:14.006+0000] {logging_mixin.py:188} INFO - [2024-03-19T18:50:14.006+0000] {dag.py:3834} INFO - Setting next_dagrun for example_subdag_operator to 2022-01-01 00:00:00+00:00, run_after=2022-01-01 00:00:00+00:00
[2024-03-19T18:50:14.008+0000] {logging_mixin.py:188} INFO - [2024-03-19T18:50:14.008+0000] {dag.py:3834} INFO - Setting next_dagrun for example_subdag_operator.section-1 to None, run_after=None
[2024-03-19T18:50:14.008+0000] {logging_mixin.py:188} INFO - [2024-03-19T18:50:14.008+0000] {dag.py:3834} INFO - Setting next_dagrun for example_subdag_operator.section-2 to None, run_after=None
[2024-03-19T18:50:14.012+0000] {logging_mixin.py:188} INFO - [2024-03-19T18:50:14.012+0000] {dag.py:3047} INFO - Sync 2 DAGs
[2024-03-19T18:50:14.015+0000] {logging_mixin.py:188} INFO - [2024-03-19T18:50:14.014+0000] {dag.py:3834} INFO - Setting next_dagrun for example_subdag_operator.section-1 to None, run_after=None
[2024-03-19T18:50:14.015+0000] {logging_mixin.py:188} INFO - [2024-03-19T18:50:14.015+0000] {dag.py:3834} INFO - Setting next_dagrun for example_subdag_operator.section-2 to None, run_after=None
[2024-03-19T18:50:14.020+0000] {processor.py:183} INFO - Processing /home/airflow/.local/lib/python3.8/site-packages/airflow/example_dags/example_subdag_operator.py took 0.046 seconds
[2024-03-19T18:50:44.578+0000] {processor.py:161} INFO - Started process (PID=1545) to work on /home/airflow/.local/lib/python3.8/site-packages/airflow/example_dags/example_subdag_operator.py
[2024-03-19T18:50:44.579+0000] {processor.py:830} INFO - Processing file /home/airflow/.local/lib/python3.8/site-packages/airflow/example_dags/example_subdag_operator.py for tasks to queue
[2024-03-19T18:50:44.580+0000] {logging_mixin.py:188} INFO - [2024-03-19T18:50:44.579+0000] {dagbag.py:540} INFO - Filling up the DagBag from /home/airflow/.local/lib/python3.8/site-packages/airflow/example_dags/example_subdag_operator.py
[2024-03-19T18:50:44.599+0000] {processor.py:840} INFO - DAG(s) 'example_subdag_operator.section-1', 'example_subdag_operator.section-2', 'example_subdag_operator' retrieved from /home/airflow/.local/lib/python3.8/site-packages/airflow/example_dags/example_subdag_operator.py
[2024-03-19T18:50:44.611+0000] {logging_mixin.py:188} INFO - [2024-03-19T18:50:44.611+0000] {dag.py:3047} INFO - Sync 3 DAGs
[2024-03-19T18:50:44.620+0000] {logging_mixin.py:188} INFO - [2024-03-19T18:50:44.620+0000] {dag.py:3834} INFO - Setting next_dagrun for example_subdag_operator to 2022-01-01 00:00:00+00:00, run_after=2022-01-01 00:00:00+00:00
[2024-03-19T18:50:44.622+0000] {logging_mixin.py:188} INFO - [2024-03-19T18:50:44.622+0000] {dag.py:3834} INFO - Setting next_dagrun for example_subdag_operator.section-1 to None, run_after=None
[2024-03-19T18:50:44.623+0000] {logging_mixin.py:188} INFO - [2024-03-19T18:50:44.622+0000] {dag.py:3834} INFO - Setting next_dagrun for example_subdag_operator.section-2 to None, run_after=None
[2024-03-19T18:50:44.626+0000] {logging_mixin.py:188} INFO - [2024-03-19T18:50:44.625+0000] {dag.py:3047} INFO - Sync 2 DAGs
[2024-03-19T18:50:44.628+0000] {logging_mixin.py:188} INFO - [2024-03-19T18:50:44.628+0000] {dag.py:3834} INFO - Setting next_dagrun for example_subdag_operator.section-1 to None, run_after=None
[2024-03-19T18:50:44.628+0000] {logging_mixin.py:188} INFO - [2024-03-19T18:50:44.628+0000] {dag.py:3834} INFO - Setting next_dagrun for example_subdag_operator.section-2 to None, run_after=None
[2024-03-19T18:50:44.633+0000] {processor.py:183} INFO - Processing /home/airflow/.local/lib/python3.8/site-packages/airflow/example_dags/example_subdag_operator.py took 0.057 seconds
[2024-03-19T18:51:15.342+0000] {processor.py:161} INFO - Started process (PID=1794) to work on /home/airflow/.local/lib/python3.8/site-packages/airflow/example_dags/example_subdag_operator.py
[2024-03-19T18:51:15.342+0000] {processor.py:830} INFO - Processing file /home/airflow/.local/lib/python3.8/site-packages/airflow/example_dags/example_subdag_operator.py for tasks to queue
[2024-03-19T18:51:15.343+0000] {logging_mixin.py:188} INFO - [2024-03-19T18:51:15.343+0000] {dagbag.py:540} INFO - Filling up the DagBag from /home/airflow/.local/lib/python3.8/site-packages/airflow/example_dags/example_subdag_operator.py
[2024-03-19T18:51:15.352+0000] {processor.py:840} INFO - DAG(s) 'example_subdag_operator.section-1', 'example_subdag_operator.section-2', 'example_subdag_operator' retrieved from /home/airflow/.local/lib/python3.8/site-packages/airflow/example_dags/example_subdag_operator.py
[2024-03-19T18:51:15.359+0000] {logging_mixin.py:188} INFO - [2024-03-19T18:51:15.358+0000] {dag.py:3047} INFO - Sync 3 DAGs
[2024-03-19T18:51:15.367+0000] {logging_mixin.py:188} INFO - [2024-03-19T18:51:15.366+0000] {dag.py:3834} INFO - Setting next_dagrun for example_subdag_operator to 2022-01-01 00:00:00+00:00, run_after=2022-01-01 00:00:00+00:00
[2024-03-19T18:51:15.368+0000] {logging_mixin.py:188} INFO - [2024-03-19T18:51:15.368+0000] {dag.py:3834} INFO - Setting next_dagrun for example_subdag_operator.section-1 to None, run_after=None
[2024-03-19T18:51:15.368+0000] {logging_mixin.py:188} INFO - [2024-03-19T18:51:15.368+0000] {dag.py:3834} INFO - Setting next_dagrun for example_subdag_operator.section-2 to None, run_after=None
[2024-03-19T18:51:15.371+0000] {logging_mixin.py:188} INFO - [2024-03-19T18:51:15.371+0000] {dag.py:3047} INFO - Sync 2 DAGs
[2024-03-19T18:51:15.373+0000] {logging_mixin.py:188} INFO - [2024-03-19T18:51:15.373+0000] {dag.py:3834} INFO - Setting next_dagrun for example_subdag_operator.section-1 to None, run_after=None
[2024-03-19T18:51:15.373+0000] {logging_mixin.py:188} INFO - [2024-03-19T18:51:15.373+0000] {dag.py:3834} INFO - Setting next_dagrun for example_subdag_operator.section-2 to None, run_after=None
[2024-03-19T18:51:15.377+0000] {processor.py:183} INFO - Processing /home/airflow/.local/lib/python3.8/site-packages/airflow/example_dags/example_subdag_operator.py took 0.037 seconds
[2024-03-19T18:51:45.730+0000] {processor.py:161} INFO - Started process (PID=2039) to work on /home/airflow/.local/lib/python3.8/site-packages/airflow/example_dags/example_subdag_operator.py
[2024-03-19T18:51:45.730+0000] {processor.py:830} INFO - Processing file /home/airflow/.local/lib/python3.8/site-packages/airflow/example_dags/example_subdag_operator.py for tasks to queue
[2024-03-19T18:51:45.731+0000] {logging_mixin.py:188} INFO - [2024-03-19T18:51:45.731+0000] {dagbag.py:540} INFO - Filling up the DagBag from /home/airflow/.local/lib/python3.8/site-packages/airflow/example_dags/example_subdag_operator.py
[2024-03-19T18:51:45.742+0000] {processor.py:840} INFO - DAG(s) 'example_subdag_operator.section-1', 'example_subdag_operator.section-2', 'example_subdag_operator' retrieved from /home/airflow/.local/lib/python3.8/site-packages/airflow/example_dags/example_subdag_operator.py
[2024-03-19T18:51:45.748+0000] {logging_mixin.py:188} INFO - [2024-03-19T18:51:45.748+0000] {dag.py:3047} INFO - Sync 3 DAGs
[2024-03-19T18:51:45.757+0000] {logging_mixin.py:188} INFO - [2024-03-19T18:51:45.757+0000] {dag.py:3834} INFO - Setting next_dagrun for example_subdag_operator to 2022-01-01 00:00:00+00:00, run_after=2022-01-01 00:00:00+00:00
[2024-03-19T18:51:45.758+0000] {logging_mixin.py:188} INFO - [2024-03-19T18:51:45.758+0000] {dag.py:3834} INFO - Setting next_dagrun for example_subdag_operator.section-1 to None, run_after=None
[2024-03-19T18:51:45.759+0000] {logging_mixin.py:188} INFO - [2024-03-19T18:51:45.759+0000] {dag.py:3834} INFO - Setting next_dagrun for example_subdag_operator.section-2 to None, run_after=None
[2024-03-19T18:51:45.762+0000] {logging_mixin.py:188} INFO - [2024-03-19T18:51:45.762+0000] {dag.py:3047} INFO - Sync 2 DAGs
[2024-03-19T18:51:45.764+0000] {logging_mixin.py:188} INFO - [2024-03-19T18:51:45.764+0000] {dag.py:3834} INFO - Setting next_dagrun for example_subdag_operator.section-1 to None, run_after=None
[2024-03-19T18:51:45.764+0000] {logging_mixin.py:188} INFO - [2024-03-19T18:51:45.764+0000] {dag.py:3834} INFO - Setting next_dagrun for example_subdag_operator.section-2 to None, run_after=None
[2024-03-19T18:51:45.768+0000] {processor.py:183} INFO - Processing /home/airflow/.local/lib/python3.8/site-packages/airflow/example_dags/example_subdag_operator.py took 0.040 seconds
[2024-03-19T18:52:16.103+0000] {processor.py:161} INFO - Started process (PID=2285) to work on /home/airflow/.local/lib/python3.8/site-packages/airflow/example_dags/example_subdag_operator.py
[2024-03-19T18:52:16.104+0000] {processor.py:830} INFO - Processing file /home/airflow/.local/lib/python3.8/site-packages/airflow/example_dags/example_subdag_operator.py for tasks to queue
[2024-03-19T18:52:16.104+0000] {logging_mixin.py:188} INFO - [2024-03-19T18:52:16.104+0000] {dagbag.py:540} INFO - Filling up the DagBag from /home/airflow/.local/lib/python3.8/site-packages/airflow/example_dags/example_subdag_operator.py
[2024-03-19T18:52:16.118+0000] {processor.py:840} INFO - DAG(s) 'example_subdag_operator.section-1', 'example_subdag_operator.section-2', 'example_subdag_operator' retrieved from /home/airflow/.local/lib/python3.8/site-packages/airflow/example_dags/example_subdag_operator.py
[2024-03-19T18:52:16.125+0000] {logging_mixin.py:188} INFO - [2024-03-19T18:52:16.125+0000] {dag.py:3047} INFO - Sync 3 DAGs
[2024-03-19T18:52:16.134+0000] {logging_mixin.py:188} INFO - [2024-03-19T18:52:16.133+0000] {dag.py:3834} INFO - Setting next_dagrun for example_subdag_operator to 2022-01-01 00:00:00+00:00, run_after=2022-01-01 00:00:00+00:00
[2024-03-19T18:52:16.135+0000] {logging_mixin.py:188} INFO - [2024-03-19T18:52:16.135+0000] {dag.py:3834} INFO - Setting next_dagrun for example_subdag_operator.section-1 to None, run_after=None
[2024-03-19T18:52:16.136+0000] {logging_mixin.py:188} INFO - [2024-03-19T18:52:16.135+0000] {dag.py:3834} INFO - Setting next_dagrun for example_subdag_operator.section-2 to None, run_after=None
[2024-03-19T18:52:16.138+0000] {logging_mixin.py:188} INFO - [2024-03-19T18:52:16.138+0000] {dag.py:3047} INFO - Sync 2 DAGs
[2024-03-19T18:52:16.140+0000] {logging_mixin.py:188} INFO - [2024-03-19T18:52:16.140+0000] {dag.py:3834} INFO - Setting next_dagrun for example_subdag_operator.section-1 to None, run_after=None
[2024-03-19T18:52:16.141+0000] {logging_mixin.py:188} INFO - [2024-03-19T18:52:16.141+0000] {dag.py:3834} INFO - Setting next_dagrun for example_subdag_operator.section-2 to None, run_after=None
[2024-03-19T18:52:16.145+0000] {processor.py:183} INFO - Processing /home/airflow/.local/lib/python3.8/site-packages/airflow/example_dags/example_subdag_operator.py took 0.043 seconds
[2024-03-19T18:52:46.567+0000] {processor.py:161} INFO - Started process (PID=2532) to work on /home/airflow/.local/lib/python3.8/site-packages/airflow/example_dags/example_subdag_operator.py
[2024-03-19T18:52:46.568+0000] {processor.py:830} INFO - Processing file /home/airflow/.local/lib/python3.8/site-packages/airflow/example_dags/example_subdag_operator.py for tasks to queue
[2024-03-19T18:52:46.568+0000] {logging_mixin.py:188} INFO - [2024-03-19T18:52:46.568+0000] {dagbag.py:540} INFO - Filling up the DagBag from /home/airflow/.local/lib/python3.8/site-packages/airflow/example_dags/example_subdag_operator.py
[2024-03-19T18:52:46.585+0000] {processor.py:840} INFO - DAG(s) 'example_subdag_operator.section-1', 'example_subdag_operator.section-2', 'example_subdag_operator' retrieved from /home/airflow/.local/lib/python3.8/site-packages/airflow/example_dags/example_subdag_operator.py
[2024-03-19T18:52:46.595+0000] {logging_mixin.py:188} INFO - [2024-03-19T18:52:46.595+0000] {dag.py:3047} INFO - Sync 3 DAGs
[2024-03-19T18:52:46.607+0000] {logging_mixin.py:188} INFO - [2024-03-19T18:52:46.606+0000] {dag.py:3834} INFO - Setting next_dagrun for example_subdag_operator to 2022-01-01 00:00:00+00:00, run_after=2022-01-01 00:00:00+00:00
[2024-03-19T18:52:46.608+0000] {logging_mixin.py:188} INFO - [2024-03-19T18:52:46.608+0000] {dag.py:3834} INFO - Setting next_dagrun for example_subdag_operator.section-1 to None, run_after=None
[2024-03-19T18:52:46.609+0000] {logging_mixin.py:188} INFO - [2024-03-19T18:52:46.609+0000] {dag.py:3834} INFO - Setting next_dagrun for example_subdag_operator.section-2 to None, run_after=None
[2024-03-19T18:52:46.612+0000] {logging_mixin.py:188} INFO - [2024-03-19T18:52:46.612+0000] {dag.py:3047} INFO - Sync 2 DAGs
[2024-03-19T18:52:46.614+0000] {logging_mixin.py:188} INFO - [2024-03-19T18:52:46.614+0000] {dag.py:3834} INFO - Setting next_dagrun for example_subdag_operator.section-1 to None, run_after=None
[2024-03-19T18:52:46.615+0000] {logging_mixin.py:188} INFO - [2024-03-19T18:52:46.615+0000] {dag.py:3834} INFO - Setting next_dagrun for example_subdag_operator.section-2 to None, run_after=None
[2024-03-19T18:52:46.620+0000] {processor.py:183} INFO - Processing /home/airflow/.local/lib/python3.8/site-packages/airflow/example_dags/example_subdag_operator.py took 0.053 seconds
[2024-03-19T18:53:17.042+0000] {processor.py:161} INFO - Started process (PID=2779) to work on /home/airflow/.local/lib/python3.8/site-packages/airflow/example_dags/example_subdag_operator.py
[2024-03-19T18:53:17.044+0000] {processor.py:830} INFO - Processing file /home/airflow/.local/lib/python3.8/site-packages/airflow/example_dags/example_subdag_operator.py for tasks to queue
[2024-03-19T18:53:17.044+0000] {logging_mixin.py:188} INFO - [2024-03-19T18:53:17.044+0000] {dagbag.py:540} INFO - Filling up the DagBag from /home/airflow/.local/lib/python3.8/site-packages/airflow/example_dags/example_subdag_operator.py
[2024-03-19T18:53:17.054+0000] {processor.py:840} INFO - DAG(s) 'example_subdag_operator.section-1', 'example_subdag_operator.section-2', 'example_subdag_operator' retrieved from /home/airflow/.local/lib/python3.8/site-packages/airflow/example_dags/example_subdag_operator.py
[2024-03-19T18:53:17.062+0000] {logging_mixin.py:188} INFO - [2024-03-19T18:53:17.062+0000] {dag.py:3047} INFO - Sync 3 DAGs
[2024-03-19T18:53:17.072+0000] {logging_mixin.py:188} INFO - [2024-03-19T18:53:17.072+0000] {dag.py:3834} INFO - Setting next_dagrun for example_subdag_operator to 2022-01-01 00:00:00+00:00, run_after=2022-01-01 00:00:00+00:00
[2024-03-19T18:53:17.074+0000] {logging_mixin.py:188} INFO - [2024-03-19T18:53:17.074+0000] {dag.py:3834} INFO - Setting next_dagrun for example_subdag_operator.section-1 to None, run_after=None
[2024-03-19T18:53:17.076+0000] {logging_mixin.py:188} INFO - [2024-03-19T18:53:17.076+0000] {dag.py:3834} INFO - Setting next_dagrun for example_subdag_operator.section-2 to None, run_after=None
[2024-03-19T18:53:17.079+0000] {logging_mixin.py:188} INFO - [2024-03-19T18:53:17.079+0000] {dag.py:3047} INFO - Sync 2 DAGs
[2024-03-19T18:53:17.081+0000] {logging_mixin.py:188} INFO - [2024-03-19T18:53:17.081+0000] {dag.py:3834} INFO - Setting next_dagrun for example_subdag_operator.section-1 to None, run_after=None
[2024-03-19T18:53:17.081+0000] {logging_mixin.py:188} INFO - [2024-03-19T18:53:17.081+0000] {dag.py:3834} INFO - Setting next_dagrun for example_subdag_operator.section-2 to None, run_after=None
[2024-03-19T18:53:17.086+0000] {processor.py:183} INFO - Processing /home/airflow/.local/lib/python3.8/site-packages/airflow/example_dags/example_subdag_operator.py took 0.045 seconds
[2024-03-19T18:53:47.632+0000] {processor.py:161} INFO - Started process (PID=3026) to work on /home/airflow/.local/lib/python3.8/site-packages/airflow/example_dags/example_subdag_operator.py
[2024-03-19T18:53:47.633+0000] {processor.py:830} INFO - Processing file /home/airflow/.local/lib/python3.8/site-packages/airflow/example_dags/example_subdag_operator.py for tasks to queue
[2024-03-19T18:53:47.634+0000] {logging_mixin.py:188} INFO - [2024-03-19T18:53:47.633+0000] {dagbag.py:540} INFO - Filling up the DagBag from /home/airflow/.local/lib/python3.8/site-packages/airflow/example_dags/example_subdag_operator.py
[2024-03-19T18:53:47.650+0000] {processor.py:840} INFO - DAG(s) 'example_subdag_operator.section-1', 'example_subdag_operator.section-2', 'example_subdag_operator' retrieved from /home/airflow/.local/lib/python3.8/site-packages/airflow/example_dags/example_subdag_operator.py
[2024-03-19T18:53:47.662+0000] {logging_mixin.py:188} INFO - [2024-03-19T18:53:47.662+0000] {dag.py:3047} INFO - Sync 3 DAGs
[2024-03-19T18:53:47.673+0000] {logging_mixin.py:188} INFO - [2024-03-19T18:53:47.673+0000] {dag.py:3834} INFO - Setting next_dagrun for example_subdag_operator to 2022-01-01 00:00:00+00:00, run_after=2022-01-01 00:00:00+00:00
[2024-03-19T18:53:47.675+0000] {logging_mixin.py:188} INFO - [2024-03-19T18:53:47.675+0000] {dag.py:3834} INFO - Setting next_dagrun for example_subdag_operator.section-1 to None, run_after=None
[2024-03-19T18:53:47.676+0000] {logging_mixin.py:188} INFO - [2024-03-19T18:53:47.675+0000] {dag.py:3834} INFO - Setting next_dagrun for example_subdag_operator.section-2 to None, run_after=None
[2024-03-19T18:53:47.679+0000] {logging_mixin.py:188} INFO - [2024-03-19T18:53:47.679+0000] {dag.py:3047} INFO - Sync 2 DAGs
[2024-03-19T18:53:47.681+0000] {logging_mixin.py:188} INFO - [2024-03-19T18:53:47.681+0000] {dag.py:3834} INFO - Setting next_dagrun for example_subdag_operator.section-1 to None, run_after=None
[2024-03-19T18:53:47.682+0000] {logging_mixin.py:188} INFO - [2024-03-19T18:53:47.681+0000] {dag.py:3834} INFO - Setting next_dagrun for example_subdag_operator.section-2 to None, run_after=None
[2024-03-19T18:53:47.686+0000] {processor.py:183} INFO - Processing /home/airflow/.local/lib/python3.8/site-packages/airflow/example_dags/example_subdag_operator.py took 0.057 seconds
[2024-03-19T18:54:18.314+0000] {processor.py:161} INFO - Started process (PID=3273) to work on /home/airflow/.local/lib/python3.8/site-packages/airflow/example_dags/example_subdag_operator.py
[2024-03-19T18:54:18.314+0000] {processor.py:830} INFO - Processing file /home/airflow/.local/lib/python3.8/site-packages/airflow/example_dags/example_subdag_operator.py for tasks to queue
[2024-03-19T18:54:18.315+0000] {logging_mixin.py:188} INFO - [2024-03-19T18:54:18.315+0000] {dagbag.py:540} INFO - Filling up the DagBag from /home/airflow/.local/lib/python3.8/site-packages/airflow/example_dags/example_subdag_operator.py
[2024-03-19T18:54:18.327+0000] {processor.py:840} INFO - DAG(s) 'example_subdag_operator.section-1', 'example_subdag_operator.section-2', 'example_subdag_operator' retrieved from /home/airflow/.local/lib/python3.8/site-packages/airflow/example_dags/example_subdag_operator.py
[2024-03-19T18:54:18.333+0000] {logging_mixin.py:188} INFO - [2024-03-19T18:54:18.333+0000] {dag.py:3047} INFO - Sync 3 DAGs
[2024-03-19T18:54:18.342+0000] {logging_mixin.py:188} INFO - [2024-03-19T18:54:18.342+0000] {dag.py:3834} INFO - Setting next_dagrun for example_subdag_operator to 2022-01-01 00:00:00+00:00, run_after=2022-01-01 00:00:00+00:00
[2024-03-19T18:54:18.343+0000] {logging_mixin.py:188} INFO - [2024-03-19T18:54:18.343+0000] {dag.py:3834} INFO - Setting next_dagrun for example_subdag_operator.section-1 to None, run_after=None
[2024-03-19T18:54:18.344+0000] {logging_mixin.py:188} INFO - [2024-03-19T18:54:18.344+0000] {dag.py:3834} INFO - Setting next_dagrun for example_subdag_operator.section-2 to None, run_after=None
[2024-03-19T18:54:18.347+0000] {logging_mixin.py:188} INFO - [2024-03-19T18:54:18.347+0000] {dag.py:3047} INFO - Sync 2 DAGs
[2024-03-19T18:54:18.349+0000] {logging_mixin.py:188} INFO - [2024-03-19T18:54:18.349+0000] {dag.py:3834} INFO - Setting next_dagrun for example_subdag_operator.section-1 to None, run_after=None
[2024-03-19T18:54:18.350+0000] {logging_mixin.py:188} INFO - [2024-03-19T18:54:18.349+0000] {dag.py:3834} INFO - Setting next_dagrun for example_subdag_operator.section-2 to None, run_after=None
[2024-03-19T18:54:18.354+0000] {processor.py:183} INFO - Processing /home/airflow/.local/lib/python3.8/site-packages/airflow/example_dags/example_subdag_operator.py took 0.042 seconds
[2024-03-19T18:54:48.765+0000] {processor.py:161} INFO - Started process (PID=3520) to work on /home/airflow/.local/lib/python3.8/site-packages/airflow/example_dags/example_subdag_operator.py
[2024-03-19T18:54:48.765+0000] {processor.py:830} INFO - Processing file /home/airflow/.local/lib/python3.8/site-packages/airflow/example_dags/example_subdag_operator.py for tasks to queue
[2024-03-19T18:54:48.766+0000] {logging_mixin.py:188} INFO - [2024-03-19T18:54:48.766+0000] {dagbag.py:540} INFO - Filling up the DagBag from /home/airflow/.local/lib/python3.8/site-packages/airflow/example_dags/example_subdag_operator.py
[2024-03-19T18:54:48.779+0000] {processor.py:840} INFO - DAG(s) 'example_subdag_operator.section-1', 'example_subdag_operator.section-2', 'example_subdag_operator' retrieved from /home/airflow/.local/lib/python3.8/site-packages/airflow/example_dags/example_subdag_operator.py
[2024-03-19T18:54:48.786+0000] {logging_mixin.py:188} INFO - [2024-03-19T18:54:48.786+0000] {dag.py:3047} INFO - Sync 3 DAGs
[2024-03-19T18:54:48.795+0000] {logging_mixin.py:188} INFO - [2024-03-19T18:54:48.795+0000] {dag.py:3834} INFO - Setting next_dagrun for example_subdag_operator to 2022-01-01 00:00:00+00:00, run_after=2022-01-01 00:00:00+00:00
[2024-03-19T18:54:48.796+0000] {logging_mixin.py:188} INFO - [2024-03-19T18:54:48.796+0000] {dag.py:3834} INFO - Setting next_dagrun for example_subdag_operator.section-1 to None, run_after=None
[2024-03-19T18:54:48.797+0000] {logging_mixin.py:188} INFO - [2024-03-19T18:54:48.797+0000] {dag.py:3834} INFO - Setting next_dagrun for example_subdag_operator.section-2 to None, run_after=None
[2024-03-19T18:54:48.800+0000] {logging_mixin.py:188} INFO - [2024-03-19T18:54:48.800+0000] {dag.py:3047} INFO - Sync 2 DAGs
[2024-03-19T18:54:48.802+0000] {logging_mixin.py:188} INFO - [2024-03-19T18:54:48.802+0000] {dag.py:3834} INFO - Setting next_dagrun for example_subdag_operator.section-1 to None, run_after=None
[2024-03-19T18:54:48.802+0000] {logging_mixin.py:188} INFO - [2024-03-19T18:54:48.802+0000] {dag.py:3834} INFO - Setting next_dagrun for example_subdag_operator.section-2 to None, run_after=None
[2024-03-19T18:54:48.806+0000] {processor.py:183} INFO - Processing /home/airflow/.local/lib/python3.8/site-packages/airflow/example_dags/example_subdag_operator.py took 0.043 seconds
[2024-03-19T18:55:19.193+0000] {processor.py:161} INFO - Started process (PID=3767) to work on /home/airflow/.local/lib/python3.8/site-packages/airflow/example_dags/example_subdag_operator.py
[2024-03-19T18:55:19.194+0000] {processor.py:830} INFO - Processing file /home/airflow/.local/lib/python3.8/site-packages/airflow/example_dags/example_subdag_operator.py for tasks to queue
[2024-03-19T18:55:19.198+0000] {logging_mixin.py:188} INFO - [2024-03-19T18:55:19.198+0000] {dagbag.py:540} INFO - Filling up the DagBag from /home/airflow/.local/lib/python3.8/site-packages/airflow/example_dags/example_subdag_operator.py
[2024-03-19T18:55:19.211+0000] {processor.py:840} INFO - DAG(s) 'example_subdag_operator.section-1', 'example_subdag_operator.section-2', 'example_subdag_operator' retrieved from /home/airflow/.local/lib/python3.8/site-packages/airflow/example_dags/example_subdag_operator.py
[2024-03-19T18:55:19.218+0000] {logging_mixin.py:188} INFO - [2024-03-19T18:55:19.218+0000] {dag.py:3047} INFO - Sync 3 DAGs
[2024-03-19T18:55:19.226+0000] {logging_mixin.py:188} INFO - [2024-03-19T18:55:19.226+0000] {dag.py:3834} INFO - Setting next_dagrun for example_subdag_operator to 2022-01-01 00:00:00+00:00, run_after=2022-01-01 00:00:00+00:00
[2024-03-19T18:55:19.228+0000] {logging_mixin.py:188} INFO - [2024-03-19T18:55:19.228+0000] {dag.py:3834} INFO - Setting next_dagrun for example_subdag_operator.section-1 to None, run_after=None
[2024-03-19T18:55:19.229+0000] {logging_mixin.py:188} INFO - [2024-03-19T18:55:19.228+0000] {dag.py:3834} INFO - Setting next_dagrun for example_subdag_operator.section-2 to None, run_after=None
[2024-03-19T18:55:19.232+0000] {logging_mixin.py:188} INFO - [2024-03-19T18:55:19.232+0000] {dag.py:3047} INFO - Sync 2 DAGs
[2024-03-19T18:55:19.234+0000] {logging_mixin.py:188} INFO - [2024-03-19T18:55:19.234+0000] {dag.py:3834} INFO - Setting next_dagrun for example_subdag_operator.section-1 to None, run_after=None
[2024-03-19T18:55:19.234+0000] {logging_mixin.py:188} INFO - [2024-03-19T18:55:19.234+0000] {dag.py:3834} INFO - Setting next_dagrun for example_subdag_operator.section-2 to None, run_after=None
[2024-03-19T18:55:19.238+0000] {processor.py:183} INFO - Processing /home/airflow/.local/lib/python3.8/site-packages/airflow/example_dags/example_subdag_operator.py took 0.048 seconds
[2024-03-19T18:55:49.682+0000] {processor.py:161} INFO - Started process (PID=4014) to work on /home/airflow/.local/lib/python3.8/site-packages/airflow/example_dags/example_subdag_operator.py
[2024-03-19T18:55:49.683+0000] {processor.py:830} INFO - Processing file /home/airflow/.local/lib/python3.8/site-packages/airflow/example_dags/example_subdag_operator.py for tasks to queue
[2024-03-19T18:55:49.683+0000] {logging_mixin.py:188} INFO - [2024-03-19T18:55:49.683+0000] {dagbag.py:540} INFO - Filling up the DagBag from /home/airflow/.local/lib/python3.8/site-packages/airflow/example_dags/example_subdag_operator.py
[2024-03-19T18:55:49.694+0000] {processor.py:840} INFO - DAG(s) 'example_subdag_operator.section-1', 'example_subdag_operator.section-2', 'example_subdag_operator' retrieved from /home/airflow/.local/lib/python3.8/site-packages/airflow/example_dags/example_subdag_operator.py
[2024-03-19T18:55:49.701+0000] {logging_mixin.py:188} INFO - [2024-03-19T18:55:49.701+0000] {dag.py:3047} INFO - Sync 3 DAGs
[2024-03-19T18:55:49.709+0000] {logging_mixin.py:188} INFO - [2024-03-19T18:55:49.709+0000] {dag.py:3834} INFO - Setting next_dagrun for example_subdag_operator to 2022-01-01 00:00:00+00:00, run_after=2022-01-01 00:00:00+00:00
[2024-03-19T18:55:49.711+0000] {logging_mixin.py:188} INFO - [2024-03-19T18:55:49.711+0000] {dag.py:3834} INFO - Setting next_dagrun for example_subdag_operator.section-1 to None, run_after=None
[2024-03-19T18:55:49.711+0000] {logging_mixin.py:188} INFO - [2024-03-19T18:55:49.711+0000] {dag.py:3834} INFO - Setting next_dagrun for example_subdag_operator.section-2 to None, run_after=None
[2024-03-19T18:55:49.715+0000] {logging_mixin.py:188} INFO - [2024-03-19T18:55:49.715+0000] {dag.py:3047} INFO - Sync 2 DAGs
[2024-03-19T18:55:49.717+0000] {logging_mixin.py:188} INFO - [2024-03-19T18:55:49.717+0000] {dag.py:3834} INFO - Setting next_dagrun for example_subdag_operator.section-1 to None, run_after=None
[2024-03-19T18:55:49.717+0000] {logging_mixin.py:188} INFO - [2024-03-19T18:55:49.717+0000] {dag.py:3834} INFO - Setting next_dagrun for example_subdag_operator.section-2 to None, run_after=None
[2024-03-19T18:55:49.721+0000] {processor.py:183} INFO - Processing /home/airflow/.local/lib/python3.8/site-packages/airflow/example_dags/example_subdag_operator.py took 0.040 seconds
[2024-03-19T18:56:20.197+0000] {processor.py:161} INFO - Started process (PID=4261) to work on /home/airflow/.local/lib/python3.8/site-packages/airflow/example_dags/example_subdag_operator.py
[2024-03-19T18:56:20.197+0000] {processor.py:830} INFO - Processing file /home/airflow/.local/lib/python3.8/site-packages/airflow/example_dags/example_subdag_operator.py for tasks to queue
[2024-03-19T18:56:20.198+0000] {logging_mixin.py:188} INFO - [2024-03-19T18:56:20.198+0000] {dagbag.py:540} INFO - Filling up the DagBag from /home/airflow/.local/lib/python3.8/site-packages/airflow/example_dags/example_subdag_operator.py
[2024-03-19T18:56:20.209+0000] {processor.py:840} INFO - DAG(s) 'example_subdag_operator.section-1', 'example_subdag_operator.section-2', 'example_subdag_operator' retrieved from /home/airflow/.local/lib/python3.8/site-packages/airflow/example_dags/example_subdag_operator.py
[2024-03-19T18:56:20.216+0000] {logging_mixin.py:188} INFO - [2024-03-19T18:56:20.216+0000] {dag.py:3047} INFO - Sync 3 DAGs
[2024-03-19T18:56:20.225+0000] {logging_mixin.py:188} INFO - [2024-03-19T18:56:20.225+0000] {dag.py:3834} INFO - Setting next_dagrun for example_subdag_operator to 2022-01-01 00:00:00+00:00, run_after=2022-01-01 00:00:00+00:00
[2024-03-19T18:56:20.227+0000] {logging_mixin.py:188} INFO - [2024-03-19T18:56:20.227+0000] {dag.py:3834} INFO - Setting next_dagrun for example_subdag_operator.section-1 to None, run_after=None
[2024-03-19T18:56:20.227+0000] {logging_mixin.py:188} INFO - [2024-03-19T18:56:20.227+0000] {dag.py:3834} INFO - Setting next_dagrun for example_subdag_operator.section-2 to None, run_after=None
[2024-03-19T18:56:20.230+0000] {logging_mixin.py:188} INFO - [2024-03-19T18:56:20.230+0000] {dag.py:3047} INFO - Sync 2 DAGs
[2024-03-19T18:56:20.232+0000] {logging_mixin.py:188} INFO - [2024-03-19T18:56:20.232+0000] {dag.py:3834} INFO - Setting next_dagrun for example_subdag_operator.section-1 to None, run_after=None
[2024-03-19T18:56:20.233+0000] {logging_mixin.py:188} INFO - [2024-03-19T18:56:20.233+0000] {dag.py:3834} INFO - Setting next_dagrun for example_subdag_operator.section-2 to None, run_after=None
[2024-03-19T18:56:20.237+0000] {processor.py:183} INFO - Processing /home/airflow/.local/lib/python3.8/site-packages/airflow/example_dags/example_subdag_operator.py took 0.041 seconds
[2024-03-19T18:56:50.678+0000] {processor.py:161} INFO - Started process (PID=4509) to work on /home/airflow/.local/lib/python3.8/site-packages/airflow/example_dags/example_subdag_operator.py
[2024-03-19T18:56:50.679+0000] {processor.py:830} INFO - Processing file /home/airflow/.local/lib/python3.8/site-packages/airflow/example_dags/example_subdag_operator.py for tasks to queue
[2024-03-19T18:56:50.679+0000] {logging_mixin.py:188} INFO - [2024-03-19T18:56:50.679+0000] {dagbag.py:540} INFO - Filling up the DagBag from /home/airflow/.local/lib/python3.8/site-packages/airflow/example_dags/example_subdag_operator.py
[2024-03-19T18:56:50.691+0000] {processor.py:840} INFO - DAG(s) 'example_subdag_operator.section-1', 'example_subdag_operator.section-2', 'example_subdag_operator' retrieved from /home/airflow/.local/lib/python3.8/site-packages/airflow/example_dags/example_subdag_operator.py
[2024-03-19T18:56:50.698+0000] {logging_mixin.py:188} INFO - [2024-03-19T18:56:50.698+0000] {dag.py:3047} INFO - Sync 3 DAGs
[2024-03-19T18:56:50.707+0000] {logging_mixin.py:188} INFO - [2024-03-19T18:56:50.707+0000] {dag.py:3834} INFO - Setting next_dagrun for example_subdag_operator to 2022-01-01 00:00:00+00:00, run_after=2022-01-01 00:00:00+00:00
[2024-03-19T18:56:50.709+0000] {logging_mixin.py:188} INFO - [2024-03-19T18:56:50.709+0000] {dag.py:3834} INFO - Setting next_dagrun for example_subdag_operator.section-1 to None, run_after=None
[2024-03-19T18:56:50.710+0000] {logging_mixin.py:188} INFO - [2024-03-19T18:56:50.709+0000] {dag.py:3834} INFO - Setting next_dagrun for example_subdag_operator.section-2 to None, run_after=None
[2024-03-19T18:56:50.712+0000] {logging_mixin.py:188} INFO - [2024-03-19T18:56:50.712+0000] {dag.py:3047} INFO - Sync 2 DAGs
[2024-03-19T18:56:50.715+0000] {logging_mixin.py:188} INFO - [2024-03-19T18:56:50.714+0000] {dag.py:3834} INFO - Setting next_dagrun for example_subdag_operator.section-1 to None, run_after=None
[2024-03-19T18:56:50.715+0000] {logging_mixin.py:188} INFO - [2024-03-19T18:56:50.715+0000] {dag.py:3834} INFO - Setting next_dagrun for example_subdag_operator.section-2 to None, run_after=None
[2024-03-19T18:56:50.719+0000] {processor.py:183} INFO - Processing /home/airflow/.local/lib/python3.8/site-packages/airflow/example_dags/example_subdag_operator.py took 0.042 seconds
[2024-03-19T18:57:21.224+0000] {processor.py:161} INFO - Started process (PID=4754) to work on /home/airflow/.local/lib/python3.8/site-packages/airflow/example_dags/example_subdag_operator.py
[2024-03-19T18:57:21.224+0000] {processor.py:830} INFO - Processing file /home/airflow/.local/lib/python3.8/site-packages/airflow/example_dags/example_subdag_operator.py for tasks to queue
[2024-03-19T18:57:21.225+0000] {logging_mixin.py:188} INFO - [2024-03-19T18:57:21.225+0000] {dagbag.py:540} INFO - Filling up the DagBag from /home/airflow/.local/lib/python3.8/site-packages/airflow/example_dags/example_subdag_operator.py
[2024-03-19T18:57:21.235+0000] {processor.py:840} INFO - DAG(s) 'example_subdag_operator.section-1', 'example_subdag_operator.section-2', 'example_subdag_operator' retrieved from /home/airflow/.local/lib/python3.8/site-packages/airflow/example_dags/example_subdag_operator.py
[2024-03-19T18:57:21.242+0000] {logging_mixin.py:188} INFO - [2024-03-19T18:57:21.242+0000] {dag.py:3047} INFO - Sync 3 DAGs
[2024-03-19T18:57:21.251+0000] {logging_mixin.py:188} INFO - [2024-03-19T18:57:21.251+0000] {dag.py:3834} INFO - Setting next_dagrun for example_subdag_operator to 2022-01-01 00:00:00+00:00, run_after=2022-01-01 00:00:00+00:00
[2024-03-19T18:57:21.253+0000] {logging_mixin.py:188} INFO - [2024-03-19T18:57:21.253+0000] {dag.py:3834} INFO - Setting next_dagrun for example_subdag_operator.section-1 to None, run_after=None
[2024-03-19T18:57:21.253+0000] {logging_mixin.py:188} INFO - [2024-03-19T18:57:21.253+0000] {dag.py:3834} INFO - Setting next_dagrun for example_subdag_operator.section-2 to None, run_after=None
[2024-03-19T18:57:21.256+0000] {logging_mixin.py:188} INFO - [2024-03-19T18:57:21.256+0000] {dag.py:3047} INFO - Sync 2 DAGs
[2024-03-19T18:57:21.258+0000] {logging_mixin.py:188} INFO - [2024-03-19T18:57:21.258+0000] {dag.py:3834} INFO - Setting next_dagrun for example_subdag_operator.section-1 to None, run_after=None
[2024-03-19T18:57:21.258+0000] {logging_mixin.py:188} INFO - [2024-03-19T18:57:21.258+0000] {dag.py:3834} INFO - Setting next_dagrun for example_subdag_operator.section-2 to None, run_after=None
[2024-03-19T18:57:21.262+0000] {processor.py:183} INFO - Processing /home/airflow/.local/lib/python3.8/site-packages/airflow/example_dags/example_subdag_operator.py took 0.040 seconds
[2024-03-19T18:57:51.731+0000] {processor.py:161} INFO - Started process (PID=5001) to work on /home/airflow/.local/lib/python3.8/site-packages/airflow/example_dags/example_subdag_operator.py
[2024-03-19T18:57:51.732+0000] {processor.py:830} INFO - Processing file /home/airflow/.local/lib/python3.8/site-packages/airflow/example_dags/example_subdag_operator.py for tasks to queue
[2024-03-19T18:57:51.732+0000] {logging_mixin.py:188} INFO - [2024-03-19T18:57:51.732+0000] {dagbag.py:540} INFO - Filling up the DagBag from /home/airflow/.local/lib/python3.8/site-packages/airflow/example_dags/example_subdag_operator.py
[2024-03-19T18:57:51.743+0000] {processor.py:840} INFO - DAG(s) 'example_subdag_operator.section-1', 'example_subdag_operator.section-2', 'example_subdag_operator' retrieved from /home/airflow/.local/lib/python3.8/site-packages/airflow/example_dags/example_subdag_operator.py
[2024-03-19T18:57:51.751+0000] {logging_mixin.py:188} INFO - [2024-03-19T18:57:51.750+0000] {dag.py:3047} INFO - Sync 3 DAGs
[2024-03-19T18:57:51.759+0000] {logging_mixin.py:188} INFO - [2024-03-19T18:57:51.759+0000] {dag.py:3834} INFO - Setting next_dagrun for example_subdag_operator to 2022-01-01 00:00:00+00:00, run_after=2022-01-01 00:00:00+00:00
[2024-03-19T18:57:51.760+0000] {logging_mixin.py:188} INFO - [2024-03-19T18:57:51.760+0000] {dag.py:3834} INFO - Setting next_dagrun for example_subdag_operator.section-1 to None, run_after=None
[2024-03-19T18:57:51.761+0000] {logging_mixin.py:188} INFO - [2024-03-19T18:57:51.761+0000] {dag.py:3834} INFO - Setting next_dagrun for example_subdag_operator.section-2 to None, run_after=None
[2024-03-19T18:57:51.765+0000] {logging_mixin.py:188} INFO - [2024-03-19T18:57:51.765+0000] {dag.py:3047} INFO - Sync 2 DAGs
[2024-03-19T18:57:51.767+0000] {logging_mixin.py:188} INFO - [2024-03-19T18:57:51.767+0000] {dag.py:3834} INFO - Setting next_dagrun for example_subdag_operator.section-1 to None, run_after=None
[2024-03-19T18:57:51.767+0000] {logging_mixin.py:188} INFO - [2024-03-19T18:57:51.767+0000] {dag.py:3834} INFO - Setting next_dagrun for example_subdag_operator.section-2 to None, run_after=None
[2024-03-19T18:57:51.771+0000] {processor.py:183} INFO - Processing /home/airflow/.local/lib/python3.8/site-packages/airflow/example_dags/example_subdag_operator.py took 0.042 seconds
[2024-03-19T18:58:22.288+0000] {processor.py:161} INFO - Started process (PID=5248) to work on /home/airflow/.local/lib/python3.8/site-packages/airflow/example_dags/example_subdag_operator.py
[2024-03-19T18:58:22.289+0000] {processor.py:830} INFO - Processing file /home/airflow/.local/lib/python3.8/site-packages/airflow/example_dags/example_subdag_operator.py for tasks to queue
[2024-03-19T18:58:22.289+0000] {logging_mixin.py:188} INFO - [2024-03-19T18:58:22.289+0000] {dagbag.py:540} INFO - Filling up the DagBag from /home/airflow/.local/lib/python3.8/site-packages/airflow/example_dags/example_subdag_operator.py
[2024-03-19T18:58:22.300+0000] {processor.py:840} INFO - DAG(s) 'example_subdag_operator.section-1', 'example_subdag_operator.section-2', 'example_subdag_operator' retrieved from /home/airflow/.local/lib/python3.8/site-packages/airflow/example_dags/example_subdag_operator.py
[2024-03-19T18:58:22.310+0000] {logging_mixin.py:188} INFO - [2024-03-19T18:58:22.309+0000] {dag.py:3047} INFO - Sync 3 DAGs
[2024-03-19T18:58:22.318+0000] {logging_mixin.py:188} INFO - [2024-03-19T18:58:22.318+0000] {dag.py:3834} INFO - Setting next_dagrun for example_subdag_operator to 2022-01-01 00:00:00+00:00, run_after=2022-01-01 00:00:00+00:00
[2024-03-19T18:58:22.320+0000] {logging_mixin.py:188} INFO - [2024-03-19T18:58:22.320+0000] {dag.py:3834} INFO - Setting next_dagrun for example_subdag_operator.section-1 to None, run_after=None
[2024-03-19T18:58:22.320+0000] {logging_mixin.py:188} INFO - [2024-03-19T18:58:22.320+0000] {dag.py:3834} INFO - Setting next_dagrun for example_subdag_operator.section-2 to None, run_after=None
[2024-03-19T18:58:22.323+0000] {logging_mixin.py:188} INFO - [2024-03-19T18:58:22.323+0000] {dag.py:3047} INFO - Sync 2 DAGs
[2024-03-19T18:58:22.326+0000] {logging_mixin.py:188} INFO - [2024-03-19T18:58:22.326+0000] {dag.py:3834} INFO - Setting next_dagrun for example_subdag_operator.section-1 to None, run_after=None
[2024-03-19T18:58:22.326+0000] {logging_mixin.py:188} INFO - [2024-03-19T18:58:22.326+0000] {dag.py:3834} INFO - Setting next_dagrun for example_subdag_operator.section-2 to None, run_after=None
[2024-03-19T18:58:22.331+0000] {processor.py:183} INFO - Processing /home/airflow/.local/lib/python3.8/site-packages/airflow/example_dags/example_subdag_operator.py took 0.044 seconds
[2024-03-19T18:58:52.954+0000] {processor.py:161} INFO - Started process (PID=5495) to work on /home/airflow/.local/lib/python3.8/site-packages/airflow/example_dags/example_subdag_operator.py
[2024-03-19T18:58:52.955+0000] {processor.py:830} INFO - Processing file /home/airflow/.local/lib/python3.8/site-packages/airflow/example_dags/example_subdag_operator.py for tasks to queue
[2024-03-19T18:58:52.956+0000] {logging_mixin.py:188} INFO - [2024-03-19T18:58:52.955+0000] {dagbag.py:540} INFO - Filling up the DagBag from /home/airflow/.local/lib/python3.8/site-packages/airflow/example_dags/example_subdag_operator.py
[2024-03-19T18:58:52.968+0000] {processor.py:840} INFO - DAG(s) 'example_subdag_operator.section-1', 'example_subdag_operator.section-2', 'example_subdag_operator' retrieved from /home/airflow/.local/lib/python3.8/site-packages/airflow/example_dags/example_subdag_operator.py
[2024-03-19T18:58:52.975+0000] {logging_mixin.py:188} INFO - [2024-03-19T18:58:52.975+0000] {dag.py:3047} INFO - Sync 3 DAGs
[2024-03-19T18:58:52.984+0000] {logging_mixin.py:188} INFO - [2024-03-19T18:58:52.984+0000] {dag.py:3834} INFO - Setting next_dagrun for example_subdag_operator to 2022-01-01 00:00:00+00:00, run_after=2022-01-01 00:00:00+00:00
[2024-03-19T18:58:52.985+0000] {logging_mixin.py:188} INFO - [2024-03-19T18:58:52.985+0000] {dag.py:3834} INFO - Setting next_dagrun for example_subdag_operator.section-1 to None, run_after=None
[2024-03-19T18:58:52.986+0000] {logging_mixin.py:188} INFO - [2024-03-19T18:58:52.986+0000] {dag.py:3834} INFO - Setting next_dagrun for example_subdag_operator.section-2 to None, run_after=None
[2024-03-19T18:58:52.989+0000] {logging_mixin.py:188} INFO - [2024-03-19T18:58:52.989+0000] {dag.py:3047} INFO - Sync 2 DAGs
[2024-03-19T18:58:52.991+0000] {logging_mixin.py:188} INFO - [2024-03-19T18:58:52.991+0000] {dag.py:3834} INFO - Setting next_dagrun for example_subdag_operator.section-1 to None, run_after=None
[2024-03-19T18:58:52.991+0000] {logging_mixin.py:188} INFO - [2024-03-19T18:58:52.991+0000] {dag.py:3834} INFO - Setting next_dagrun for example_subdag_operator.section-2 to None, run_after=None
[2024-03-19T18:58:52.995+0000] {processor.py:183} INFO - Processing /home/airflow/.local/lib/python3.8/site-packages/airflow/example_dags/example_subdag_operator.py took 0.043 seconds
[2024-03-19T18:59:23.463+0000] {processor.py:161} INFO - Started process (PID=5742) to work on /home/airflow/.local/lib/python3.8/site-packages/airflow/example_dags/example_subdag_operator.py
[2024-03-19T18:59:23.464+0000] {processor.py:830} INFO - Processing file /home/airflow/.local/lib/python3.8/site-packages/airflow/example_dags/example_subdag_operator.py for tasks to queue
[2024-03-19T18:59:23.464+0000] {logging_mixin.py:188} INFO - [2024-03-19T18:59:23.464+0000] {dagbag.py:540} INFO - Filling up the DagBag from /home/airflow/.local/lib/python3.8/site-packages/airflow/example_dags/example_subdag_operator.py
[2024-03-19T18:59:23.475+0000] {processor.py:840} INFO - DAG(s) 'example_subdag_operator.section-1', 'example_subdag_operator.section-2', 'example_subdag_operator' retrieved from /home/airflow/.local/lib/python3.8/site-packages/airflow/example_dags/example_subdag_operator.py
[2024-03-19T18:59:23.481+0000] {logging_mixin.py:188} INFO - [2024-03-19T18:59:23.481+0000] {dag.py:3047} INFO - Sync 3 DAGs
[2024-03-19T18:59:23.490+0000] {logging_mixin.py:188} INFO - [2024-03-19T18:59:23.490+0000] {dag.py:3834} INFO - Setting next_dagrun for example_subdag_operator to 2022-01-01 00:00:00+00:00, run_after=2022-01-01 00:00:00+00:00
[2024-03-19T18:59:23.491+0000] {logging_mixin.py:188} INFO - [2024-03-19T18:59:23.491+0000] {dag.py:3834} INFO - Setting next_dagrun for example_subdag_operator.section-1 to None, run_after=None
[2024-03-19T18:59:23.492+0000] {logging_mixin.py:188} INFO - [2024-03-19T18:59:23.492+0000] {dag.py:3834} INFO - Setting next_dagrun for example_subdag_operator.section-2 to None, run_after=None
[2024-03-19T18:59:23.495+0000] {logging_mixin.py:188} INFO - [2024-03-19T18:59:23.494+0000] {dag.py:3047} INFO - Sync 2 DAGs
[2024-03-19T18:59:23.497+0000] {logging_mixin.py:188} INFO - [2024-03-19T18:59:23.496+0000] {dag.py:3834} INFO - Setting next_dagrun for example_subdag_operator.section-1 to None, run_after=None
[2024-03-19T18:59:23.497+0000] {logging_mixin.py:188} INFO - [2024-03-19T18:59:23.497+0000] {dag.py:3834} INFO - Setting next_dagrun for example_subdag_operator.section-2 to None, run_after=None
[2024-03-19T18:59:23.501+0000] {processor.py:183} INFO - Processing /home/airflow/.local/lib/python3.8/site-packages/airflow/example_dags/example_subdag_operator.py took 0.039 seconds
[2024-03-19T18:59:54.068+0000] {processor.py:161} INFO - Started process (PID=5988) to work on /home/airflow/.local/lib/python3.8/site-packages/airflow/example_dags/example_subdag_operator.py
[2024-03-19T18:59:54.071+0000] {processor.py:830} INFO - Processing file /home/airflow/.local/lib/python3.8/site-packages/airflow/example_dags/example_subdag_operator.py for tasks to queue
[2024-03-19T18:59:54.072+0000] {logging_mixin.py:188} INFO - [2024-03-19T18:59:54.072+0000] {dagbag.py:540} INFO - Filling up the DagBag from /home/airflow/.local/lib/python3.8/site-packages/airflow/example_dags/example_subdag_operator.py
[2024-03-19T18:59:54.084+0000] {processor.py:840} INFO - DAG(s) 'example_subdag_operator.section-1', 'example_subdag_operator.section-2', 'example_subdag_operator' retrieved from /home/airflow/.local/lib/python3.8/site-packages/airflow/example_dags/example_subdag_operator.py
[2024-03-19T18:59:54.092+0000] {logging_mixin.py:188} INFO - [2024-03-19T18:59:54.092+0000] {dag.py:3047} INFO - Sync 3 DAGs
[2024-03-19T18:59:54.101+0000] {logging_mixin.py:188} INFO - [2024-03-19T18:59:54.101+0000] {dag.py:3834} INFO - Setting next_dagrun for example_subdag_operator to 2022-01-01 00:00:00+00:00, run_after=2022-01-01 00:00:00+00:00
[2024-03-19T18:59:54.103+0000] {logging_mixin.py:188} INFO - [2024-03-19T18:59:54.103+0000] {dag.py:3834} INFO - Setting next_dagrun for example_subdag_operator.section-1 to None, run_after=None
[2024-03-19T18:59:54.103+0000] {logging_mixin.py:188} INFO - [2024-03-19T18:59:54.103+0000] {dag.py:3834} INFO - Setting next_dagrun for example_subdag_operator.section-2 to None, run_after=None
[2024-03-19T18:59:54.106+0000] {logging_mixin.py:188} INFO - [2024-03-19T18:59:54.106+0000] {dag.py:3047} INFO - Sync 2 DAGs
[2024-03-19T18:59:54.109+0000] {logging_mixin.py:188} INFO - [2024-03-19T18:59:54.109+0000] {dag.py:3834} INFO - Setting next_dagrun for example_subdag_operator.section-1 to None, run_after=None
[2024-03-19T18:59:54.109+0000] {logging_mixin.py:188} INFO - [2024-03-19T18:59:54.109+0000] {dag.py:3834} INFO - Setting next_dagrun for example_subdag_operator.section-2 to None, run_after=None
[2024-03-19T18:59:54.115+0000] {processor.py:183} INFO - Processing /home/airflow/.local/lib/python3.8/site-packages/airflow/example_dags/example_subdag_operator.py took 0.049 seconds
[2024-03-19T19:00:24.593+0000] {processor.py:161} INFO - Started process (PID=6237) to work on /home/airflow/.local/lib/python3.8/site-packages/airflow/example_dags/example_subdag_operator.py
[2024-03-19T19:00:24.594+0000] {processor.py:830} INFO - Processing file /home/airflow/.local/lib/python3.8/site-packages/airflow/example_dags/example_subdag_operator.py for tasks to queue
[2024-03-19T19:00:24.594+0000] {logging_mixin.py:188} INFO - [2024-03-19T19:00:24.594+0000] {dagbag.py:540} INFO - Filling up the DagBag from /home/airflow/.local/lib/python3.8/site-packages/airflow/example_dags/example_subdag_operator.py
[2024-03-19T19:00:24.605+0000] {processor.py:840} INFO - DAG(s) 'example_subdag_operator.section-1', 'example_subdag_operator.section-2', 'example_subdag_operator' retrieved from /home/airflow/.local/lib/python3.8/site-packages/airflow/example_dags/example_subdag_operator.py
[2024-03-19T19:00:24.612+0000] {logging_mixin.py:188} INFO - [2024-03-19T19:00:24.612+0000] {dag.py:3047} INFO - Sync 3 DAGs
[2024-03-19T19:00:24.621+0000] {logging_mixin.py:188} INFO - [2024-03-19T19:00:24.621+0000] {dag.py:3834} INFO - Setting next_dagrun for example_subdag_operator to 2022-01-01 00:00:00+00:00, run_after=2022-01-01 00:00:00+00:00
[2024-03-19T19:00:24.623+0000] {logging_mixin.py:188} INFO - [2024-03-19T19:00:24.623+0000] {dag.py:3834} INFO - Setting next_dagrun for example_subdag_operator.section-1 to None, run_after=None
[2024-03-19T19:00:24.625+0000] {logging_mixin.py:188} INFO - [2024-03-19T19:00:24.625+0000] {dag.py:3834} INFO - Setting next_dagrun for example_subdag_operator.section-2 to None, run_after=None
[2024-03-19T19:00:24.628+0000] {logging_mixin.py:188} INFO - [2024-03-19T19:00:24.628+0000] {dag.py:3047} INFO - Sync 2 DAGs
[2024-03-19T19:00:24.630+0000] {logging_mixin.py:188} INFO - [2024-03-19T19:00:24.630+0000] {dag.py:3834} INFO - Setting next_dagrun for example_subdag_operator.section-1 to None, run_after=None
[2024-03-19T19:00:24.630+0000] {logging_mixin.py:188} INFO - [2024-03-19T19:00:24.630+0000] {dag.py:3834} INFO - Setting next_dagrun for example_subdag_operator.section-2 to None, run_after=None
[2024-03-19T19:00:24.635+0000] {processor.py:183} INFO - Processing /home/airflow/.local/lib/python3.8/site-packages/airflow/example_dags/example_subdag_operator.py took 0.043 seconds
[2024-03-19T19:00:55.119+0000] {processor.py:161} INFO - Started process (PID=6484) to work on /home/airflow/.local/lib/python3.8/site-packages/airflow/example_dags/example_subdag_operator.py
[2024-03-19T19:00:55.120+0000] {processor.py:830} INFO - Processing file /home/airflow/.local/lib/python3.8/site-packages/airflow/example_dags/example_subdag_operator.py for tasks to queue
[2024-03-19T19:00:55.120+0000] {logging_mixin.py:188} INFO - [2024-03-19T19:00:55.120+0000] {dagbag.py:540} INFO - Filling up the DagBag from /home/airflow/.local/lib/python3.8/site-packages/airflow/example_dags/example_subdag_operator.py
[2024-03-19T19:00:55.131+0000] {processor.py:840} INFO - DAG(s) 'example_subdag_operator.section-1', 'example_subdag_operator.section-2', 'example_subdag_operator' retrieved from /home/airflow/.local/lib/python3.8/site-packages/airflow/example_dags/example_subdag_operator.py
[2024-03-19T19:00:55.137+0000] {logging_mixin.py:188} INFO - [2024-03-19T19:00:55.137+0000] {dag.py:3047} INFO - Sync 3 DAGs
[2024-03-19T19:00:55.146+0000] {logging_mixin.py:188} INFO - [2024-03-19T19:00:55.146+0000] {dag.py:3834} INFO - Setting next_dagrun for example_subdag_operator to 2022-01-01 00:00:00+00:00, run_after=2022-01-01 00:00:00+00:00
[2024-03-19T19:00:55.148+0000] {logging_mixin.py:188} INFO - [2024-03-19T19:00:55.148+0000] {dag.py:3834} INFO - Setting next_dagrun for example_subdag_operator.section-1 to None, run_after=None
[2024-03-19T19:00:55.148+0000] {logging_mixin.py:188} INFO - [2024-03-19T19:00:55.148+0000] {dag.py:3834} INFO - Setting next_dagrun for example_subdag_operator.section-2 to None, run_after=None
[2024-03-19T19:00:55.151+0000] {logging_mixin.py:188} INFO - [2024-03-19T19:00:55.151+0000] {dag.py:3047} INFO - Sync 2 DAGs
[2024-03-19T19:00:55.153+0000] {logging_mixin.py:188} INFO - [2024-03-19T19:00:55.153+0000] {dag.py:3834} INFO - Setting next_dagrun for example_subdag_operator.section-1 to None, run_after=None
[2024-03-19T19:00:55.153+0000] {logging_mixin.py:188} INFO - [2024-03-19T19:00:55.153+0000] {dag.py:3834} INFO - Setting next_dagrun for example_subdag_operator.section-2 to None, run_after=None
[2024-03-19T19:00:55.158+0000] {processor.py:183} INFO - Processing /home/airflow/.local/lib/python3.8/site-packages/airflow/example_dags/example_subdag_operator.py took 0.040 seconds
[2024-03-19T19:01:25.551+0000] {processor.py:161} INFO - Started process (PID=6729) to work on /home/airflow/.local/lib/python3.8/site-packages/airflow/example_dags/example_subdag_operator.py
[2024-03-19T19:01:25.552+0000] {processor.py:830} INFO - Processing file /home/airflow/.local/lib/python3.8/site-packages/airflow/example_dags/example_subdag_operator.py for tasks to queue
[2024-03-19T19:01:25.552+0000] {logging_mixin.py:188} INFO - [2024-03-19T19:01:25.552+0000] {dagbag.py:540} INFO - Filling up the DagBag from /home/airflow/.local/lib/python3.8/site-packages/airflow/example_dags/example_subdag_operator.py
[2024-03-19T19:01:25.563+0000] {processor.py:840} INFO - DAG(s) 'example_subdag_operator.section-1', 'example_subdag_operator.section-2', 'example_subdag_operator' retrieved from /home/airflow/.local/lib/python3.8/site-packages/airflow/example_dags/example_subdag_operator.py
[2024-03-19T19:01:25.570+0000] {logging_mixin.py:188} INFO - [2024-03-19T19:01:25.570+0000] {dag.py:3047} INFO - Sync 3 DAGs
[2024-03-19T19:01:25.578+0000] {logging_mixin.py:188} INFO - [2024-03-19T19:01:25.578+0000] {dag.py:3834} INFO - Setting next_dagrun for example_subdag_operator to 2022-01-01 00:00:00+00:00, run_after=2022-01-01 00:00:00+00:00
[2024-03-19T19:01:25.580+0000] {logging_mixin.py:188} INFO - [2024-03-19T19:01:25.579+0000] {dag.py:3834} INFO - Setting next_dagrun for example_subdag_operator.section-1 to None, run_after=None
[2024-03-19T19:01:25.580+0000] {logging_mixin.py:188} INFO - [2024-03-19T19:01:25.580+0000] {dag.py:3834} INFO - Setting next_dagrun for example_subdag_operator.section-2 to None, run_after=None
[2024-03-19T19:01:25.583+0000] {logging_mixin.py:188} INFO - [2024-03-19T19:01:25.583+0000] {dag.py:3047} INFO - Sync 2 DAGs
[2024-03-19T19:01:25.585+0000] {logging_mixin.py:188} INFO - [2024-03-19T19:01:25.585+0000] {dag.py:3834} INFO - Setting next_dagrun for example_subdag_operator.section-1 to None, run_after=None
[2024-03-19T19:01:25.585+0000] {logging_mixin.py:188} INFO - [2024-03-19T19:01:25.585+0000] {dag.py:3834} INFO - Setting next_dagrun for example_subdag_operator.section-2 to None, run_after=None
[2024-03-19T19:01:25.589+0000] {processor.py:183} INFO - Processing /home/airflow/.local/lib/python3.8/site-packages/airflow/example_dags/example_subdag_operator.py took 0.040 seconds
[2024-03-19T19:01:56.031+0000] {processor.py:161} INFO - Started process (PID=6976) to work on /home/airflow/.local/lib/python3.8/site-packages/airflow/example_dags/example_subdag_operator.py
[2024-03-19T19:01:56.032+0000] {processor.py:830} INFO - Processing file /home/airflow/.local/lib/python3.8/site-packages/airflow/example_dags/example_subdag_operator.py for tasks to queue
[2024-03-19T19:01:56.032+0000] {logging_mixin.py:188} INFO - [2024-03-19T19:01:56.032+0000] {dagbag.py:540} INFO - Filling up the DagBag from /home/airflow/.local/lib/python3.8/site-packages/airflow/example_dags/example_subdag_operator.py
[2024-03-19T19:01:56.044+0000] {processor.py:840} INFO - DAG(s) 'example_subdag_operator.section-1', 'example_subdag_operator.section-2', 'example_subdag_operator' retrieved from /home/airflow/.local/lib/python3.8/site-packages/airflow/example_dags/example_subdag_operator.py
[2024-03-19T19:01:56.052+0000] {logging_mixin.py:188} INFO - [2024-03-19T19:01:56.052+0000] {dag.py:3047} INFO - Sync 3 DAGs
[2024-03-19T19:01:56.061+0000] {logging_mixin.py:188} INFO - [2024-03-19T19:01:56.061+0000] {dag.py:3834} INFO - Setting next_dagrun for example_subdag_operator to 2022-01-01 00:00:00+00:00, run_after=2022-01-01 00:00:00+00:00
[2024-03-19T19:01:56.063+0000] {logging_mixin.py:188} INFO - [2024-03-19T19:01:56.063+0000] {dag.py:3834} INFO - Setting next_dagrun for example_subdag_operator.section-1 to None, run_after=None
[2024-03-19T19:01:56.064+0000] {logging_mixin.py:188} INFO - [2024-03-19T19:01:56.063+0000] {dag.py:3834} INFO - Setting next_dagrun for example_subdag_operator.section-2 to None, run_after=None
[2024-03-19T19:01:56.067+0000] {logging_mixin.py:188} INFO - [2024-03-19T19:01:56.067+0000] {dag.py:3047} INFO - Sync 2 DAGs
[2024-03-19T19:01:56.069+0000] {logging_mixin.py:188} INFO - [2024-03-19T19:01:56.069+0000] {dag.py:3834} INFO - Setting next_dagrun for example_subdag_operator.section-1 to None, run_after=None
[2024-03-19T19:01:56.069+0000] {logging_mixin.py:188} INFO - [2024-03-19T19:01:56.069+0000] {dag.py:3834} INFO - Setting next_dagrun for example_subdag_operator.section-2 to None, run_after=None
[2024-03-19T19:01:56.074+0000] {processor.py:183} INFO - Processing /home/airflow/.local/lib/python3.8/site-packages/airflow/example_dags/example_subdag_operator.py took 0.044 seconds
[2024-03-19T19:02:26.538+0000] {processor.py:161} INFO - Started process (PID=7222) to work on /home/airflow/.local/lib/python3.8/site-packages/airflow/example_dags/example_subdag_operator.py
[2024-03-19T19:02:26.540+0000] {processor.py:830} INFO - Processing file /home/airflow/.local/lib/python3.8/site-packages/airflow/example_dags/example_subdag_operator.py for tasks to queue
[2024-03-19T19:02:26.540+0000] {logging_mixin.py:188} INFO - [2024-03-19T19:02:26.540+0000] {dagbag.py:540} INFO - Filling up the DagBag from /home/airflow/.local/lib/python3.8/site-packages/airflow/example_dags/example_subdag_operator.py
[2024-03-19T19:02:26.550+0000] {processor.py:840} INFO - DAG(s) 'example_subdag_operator.section-1', 'example_subdag_operator.section-2', 'example_subdag_operator' retrieved from /home/airflow/.local/lib/python3.8/site-packages/airflow/example_dags/example_subdag_operator.py
[2024-03-19T19:02:26.557+0000] {logging_mixin.py:188} INFO - [2024-03-19T19:02:26.557+0000] {dag.py:3047} INFO - Sync 3 DAGs
[2024-03-19T19:02:26.569+0000] {logging_mixin.py:188} INFO - [2024-03-19T19:02:26.568+0000] {dag.py:3834} INFO - Setting next_dagrun for example_subdag_operator to 2022-01-01 00:00:00+00:00, run_after=2022-01-01 00:00:00+00:00
[2024-03-19T19:02:26.571+0000] {logging_mixin.py:188} INFO - [2024-03-19T19:02:26.571+0000] {dag.py:3834} INFO - Setting next_dagrun for example_subdag_operator.section-1 to None, run_after=None
[2024-03-19T19:02:26.571+0000] {logging_mixin.py:188} INFO - [2024-03-19T19:02:26.571+0000] {dag.py:3834} INFO - Setting next_dagrun for example_subdag_operator.section-2 to None, run_after=None
[2024-03-19T19:02:26.575+0000] {logging_mixin.py:188} INFO - [2024-03-19T19:02:26.575+0000] {dag.py:3047} INFO - Sync 2 DAGs
[2024-03-19T19:02:26.578+0000] {logging_mixin.py:188} INFO - [2024-03-19T19:02:26.578+0000] {dag.py:3834} INFO - Setting next_dagrun for example_subdag_operator.section-1 to None, run_after=None
[2024-03-19T19:02:26.578+0000] {logging_mixin.py:188} INFO - [2024-03-19T19:02:26.578+0000] {dag.py:3834} INFO - Setting next_dagrun for example_subdag_operator.section-2 to None, run_after=None
[2024-03-19T19:02:26.585+0000] {processor.py:183} INFO - Processing /home/airflow/.local/lib/python3.8/site-packages/airflow/example_dags/example_subdag_operator.py took 0.048 seconds
[2024-03-19T19:02:57.020+0000] {processor.py:161} INFO - Started process (PID=7469) to work on /home/airflow/.local/lib/python3.8/site-packages/airflow/example_dags/example_subdag_operator.py
[2024-03-19T19:02:57.021+0000] {processor.py:830} INFO - Processing file /home/airflow/.local/lib/python3.8/site-packages/airflow/example_dags/example_subdag_operator.py for tasks to queue
[2024-03-19T19:02:57.021+0000] {logging_mixin.py:188} INFO - [2024-03-19T19:02:57.021+0000] {dagbag.py:540} INFO - Filling up the DagBag from /home/airflow/.local/lib/python3.8/site-packages/airflow/example_dags/example_subdag_operator.py
[2024-03-19T19:02:57.031+0000] {processor.py:840} INFO - DAG(s) 'example_subdag_operator.section-1', 'example_subdag_operator.section-2', 'example_subdag_operator' retrieved from /home/airflow/.local/lib/python3.8/site-packages/airflow/example_dags/example_subdag_operator.py
[2024-03-19T19:02:57.038+0000] {logging_mixin.py:188} INFO - [2024-03-19T19:02:57.038+0000] {dag.py:3047} INFO - Sync 3 DAGs
[2024-03-19T19:02:57.046+0000] {logging_mixin.py:188} INFO - [2024-03-19T19:02:57.046+0000] {dag.py:3834} INFO - Setting next_dagrun for example_subdag_operator to 2022-01-01 00:00:00+00:00, run_after=2022-01-01 00:00:00+00:00
[2024-03-19T19:02:57.048+0000] {logging_mixin.py:188} INFO - [2024-03-19T19:02:57.048+0000] {dag.py:3834} INFO - Setting next_dagrun for example_subdag_operator.section-1 to None, run_after=None
[2024-03-19T19:02:57.049+0000] {logging_mixin.py:188} INFO - [2024-03-19T19:02:57.049+0000] {dag.py:3834} INFO - Setting next_dagrun for example_subdag_operator.section-2 to None, run_after=None
[2024-03-19T19:02:57.051+0000] {logging_mixin.py:188} INFO - [2024-03-19T19:02:57.051+0000] {dag.py:3047} INFO - Sync 2 DAGs
[2024-03-19T19:02:57.054+0000] {logging_mixin.py:188} INFO - [2024-03-19T19:02:57.054+0000] {dag.py:3834} INFO - Setting next_dagrun for example_subdag_operator.section-1 to None, run_after=None
[2024-03-19T19:02:57.054+0000] {logging_mixin.py:188} INFO - [2024-03-19T19:02:57.054+0000] {dag.py:3834} INFO - Setting next_dagrun for example_subdag_operator.section-2 to None, run_after=None
[2024-03-19T19:02:57.058+0000] {processor.py:183} INFO - Processing /home/airflow/.local/lib/python3.8/site-packages/airflow/example_dags/example_subdag_operator.py took 0.039 seconds
[2024-03-19T19:03:27.506+0000] {processor.py:161} INFO - Started process (PID=7716) to work on /home/airflow/.local/lib/python3.8/site-packages/airflow/example_dags/example_subdag_operator.py
[2024-03-19T19:03:27.507+0000] {processor.py:830} INFO - Processing file /home/airflow/.local/lib/python3.8/site-packages/airflow/example_dags/example_subdag_operator.py for tasks to queue
[2024-03-19T19:03:27.507+0000] {logging_mixin.py:188} INFO - [2024-03-19T19:03:27.507+0000] {dagbag.py:540} INFO - Filling up the DagBag from /home/airflow/.local/lib/python3.8/site-packages/airflow/example_dags/example_subdag_operator.py
[2024-03-19T19:03:27.519+0000] {processor.py:840} INFO - DAG(s) 'example_subdag_operator.section-1', 'example_subdag_operator.section-2', 'example_subdag_operator' retrieved from /home/airflow/.local/lib/python3.8/site-packages/airflow/example_dags/example_subdag_operator.py
[2024-03-19T19:03:27.526+0000] {logging_mixin.py:188} INFO - [2024-03-19T19:03:27.526+0000] {dag.py:3047} INFO - Sync 3 DAGs
[2024-03-19T19:03:27.536+0000] {logging_mixin.py:188} INFO - [2024-03-19T19:03:27.536+0000] {dag.py:3834} INFO - Setting next_dagrun for example_subdag_operator to 2022-01-01 00:00:00+00:00, run_after=2022-01-01 00:00:00+00:00
[2024-03-19T19:03:27.537+0000] {logging_mixin.py:188} INFO - [2024-03-19T19:03:27.537+0000] {dag.py:3834} INFO - Setting next_dagrun for example_subdag_operator.section-1 to None, run_after=None
[2024-03-19T19:03:27.538+0000] {logging_mixin.py:188} INFO - [2024-03-19T19:03:27.538+0000] {dag.py:3834} INFO - Setting next_dagrun for example_subdag_operator.section-2 to None, run_after=None
[2024-03-19T19:03:27.541+0000] {logging_mixin.py:188} INFO - [2024-03-19T19:03:27.541+0000] {dag.py:3047} INFO - Sync 2 DAGs
[2024-03-19T19:03:27.543+0000] {logging_mixin.py:188} INFO - [2024-03-19T19:03:27.543+0000] {dag.py:3834} INFO - Setting next_dagrun for example_subdag_operator.section-1 to None, run_after=None
[2024-03-19T19:03:27.543+0000] {logging_mixin.py:188} INFO - [2024-03-19T19:03:27.543+0000] {dag.py:3834} INFO - Setting next_dagrun for example_subdag_operator.section-2 to None, run_after=None
[2024-03-19T19:03:27.547+0000] {processor.py:183} INFO - Processing /home/airflow/.local/lib/python3.8/site-packages/airflow/example_dags/example_subdag_operator.py took 0.043 seconds
[2024-03-19T19:03:58.058+0000] {processor.py:161} INFO - Started process (PID=7963) to work on /home/airflow/.local/lib/python3.8/site-packages/airflow/example_dags/example_subdag_operator.py
[2024-03-19T19:03:58.058+0000] {processor.py:830} INFO - Processing file /home/airflow/.local/lib/python3.8/site-packages/airflow/example_dags/example_subdag_operator.py for tasks to queue
[2024-03-19T19:03:58.059+0000] {logging_mixin.py:188} INFO - [2024-03-19T19:03:58.059+0000] {dagbag.py:540} INFO - Filling up the DagBag from /home/airflow/.local/lib/python3.8/site-packages/airflow/example_dags/example_subdag_operator.py
[2024-03-19T19:03:58.069+0000] {processor.py:840} INFO - DAG(s) 'example_subdag_operator.section-1', 'example_subdag_operator.section-2', 'example_subdag_operator' retrieved from /home/airflow/.local/lib/python3.8/site-packages/airflow/example_dags/example_subdag_operator.py
[2024-03-19T19:03:58.075+0000] {logging_mixin.py:188} INFO - [2024-03-19T19:03:58.075+0000] {dag.py:3047} INFO - Sync 3 DAGs
[2024-03-19T19:03:58.083+0000] {logging_mixin.py:188} INFO - [2024-03-19T19:03:58.083+0000] {dag.py:3834} INFO - Setting next_dagrun for example_subdag_operator to 2022-01-01 00:00:00+00:00, run_after=2022-01-01 00:00:00+00:00
[2024-03-19T19:03:58.085+0000] {logging_mixin.py:188} INFO - [2024-03-19T19:03:58.085+0000] {dag.py:3834} INFO - Setting next_dagrun for example_subdag_operator.section-1 to None, run_after=None
[2024-03-19T19:03:58.085+0000] {logging_mixin.py:188} INFO - [2024-03-19T19:03:58.085+0000] {dag.py:3834} INFO - Setting next_dagrun for example_subdag_operator.section-2 to None, run_after=None
[2024-03-19T19:03:58.088+0000] {logging_mixin.py:188} INFO - [2024-03-19T19:03:58.088+0000] {dag.py:3047} INFO - Sync 2 DAGs
[2024-03-19T19:03:58.090+0000] {logging_mixin.py:188} INFO - [2024-03-19T19:03:58.090+0000] {dag.py:3834} INFO - Setting next_dagrun for example_subdag_operator.section-1 to None, run_after=None
[2024-03-19T19:03:58.091+0000] {logging_mixin.py:188} INFO - [2024-03-19T19:03:58.091+0000] {dag.py:3834} INFO - Setting next_dagrun for example_subdag_operator.section-2 to None, run_after=None
[2024-03-19T19:03:58.095+0000] {processor.py:183} INFO - Processing /home/airflow/.local/lib/python3.8/site-packages/airflow/example_dags/example_subdag_operator.py took 0.038 seconds
[2024-03-19T19:04:28.598+0000] {processor.py:161} INFO - Started process (PID=8210) to work on /home/airflow/.local/lib/python3.8/site-packages/airflow/example_dags/example_subdag_operator.py
[2024-03-19T19:04:28.599+0000] {processor.py:830} INFO - Processing file /home/airflow/.local/lib/python3.8/site-packages/airflow/example_dags/example_subdag_operator.py for tasks to queue
[2024-03-19T19:04:28.599+0000] {logging_mixin.py:188} INFO - [2024-03-19T19:04:28.599+0000] {dagbag.py:540} INFO - Filling up the DagBag from /home/airflow/.local/lib/python3.8/site-packages/airflow/example_dags/example_subdag_operator.py
[2024-03-19T19:04:28.610+0000] {processor.py:840} INFO - DAG(s) 'example_subdag_operator.section-1', 'example_subdag_operator.section-2', 'example_subdag_operator' retrieved from /home/airflow/.local/lib/python3.8/site-packages/airflow/example_dags/example_subdag_operator.py
[2024-03-19T19:04:28.617+0000] {logging_mixin.py:188} INFO - [2024-03-19T19:04:28.617+0000] {dag.py:3047} INFO - Sync 3 DAGs
[2024-03-19T19:04:28.625+0000] {logging_mixin.py:188} INFO - [2024-03-19T19:04:28.625+0000] {dag.py:3834} INFO - Setting next_dagrun for example_subdag_operator to 2022-01-01 00:00:00+00:00, run_after=2022-01-01 00:00:00+00:00
[2024-03-19T19:04:28.627+0000] {logging_mixin.py:188} INFO - [2024-03-19T19:04:28.627+0000] {dag.py:3834} INFO - Setting next_dagrun for example_subdag_operator.section-1 to None, run_after=None
[2024-03-19T19:04:28.627+0000] {logging_mixin.py:188} INFO - [2024-03-19T19:04:28.627+0000] {dag.py:3834} INFO - Setting next_dagrun for example_subdag_operator.section-2 to None, run_after=None
[2024-03-19T19:04:28.630+0000] {logging_mixin.py:188} INFO - [2024-03-19T19:04:28.630+0000] {dag.py:3047} INFO - Sync 2 DAGs
[2024-03-19T19:04:28.632+0000] {logging_mixin.py:188} INFO - [2024-03-19T19:04:28.632+0000] {dag.py:3834} INFO - Setting next_dagrun for example_subdag_operator.section-1 to None, run_after=None
[2024-03-19T19:04:28.632+0000] {logging_mixin.py:188} INFO - [2024-03-19T19:04:28.632+0000] {dag.py:3834} INFO - Setting next_dagrun for example_subdag_operator.section-2 to None, run_after=None
[2024-03-19T19:04:28.636+0000] {processor.py:183} INFO - Processing /home/airflow/.local/lib/python3.8/site-packages/airflow/example_dags/example_subdag_operator.py took 0.040 seconds
[2024-03-19T19:04:59.136+0000] {processor.py:161} INFO - Started process (PID=8457) to work on /home/airflow/.local/lib/python3.8/site-packages/airflow/example_dags/example_subdag_operator.py
[2024-03-19T19:04:59.136+0000] {processor.py:830} INFO - Processing file /home/airflow/.local/lib/python3.8/site-packages/airflow/example_dags/example_subdag_operator.py for tasks to queue
[2024-03-19T19:04:59.137+0000] {logging_mixin.py:188} INFO - [2024-03-19T19:04:59.137+0000] {dagbag.py:540} INFO - Filling up the DagBag from /home/airflow/.local/lib/python3.8/site-packages/airflow/example_dags/example_subdag_operator.py
[2024-03-19T19:04:59.148+0000] {processor.py:840} INFO - DAG(s) 'example_subdag_operator.section-1', 'example_subdag_operator.section-2', 'example_subdag_operator' retrieved from /home/airflow/.local/lib/python3.8/site-packages/airflow/example_dags/example_subdag_operator.py
[2024-03-19T19:04:59.157+0000] {logging_mixin.py:188} INFO - [2024-03-19T19:04:59.157+0000] {dag.py:3047} INFO - Sync 3 DAGs
[2024-03-19T19:04:59.166+0000] {logging_mixin.py:188} INFO - [2024-03-19T19:04:59.166+0000] {dag.py:3834} INFO - Setting next_dagrun for example_subdag_operator to 2022-01-01 00:00:00+00:00, run_after=2022-01-01 00:00:00+00:00
[2024-03-19T19:04:59.168+0000] {logging_mixin.py:188} INFO - [2024-03-19T19:04:59.168+0000] {dag.py:3834} INFO - Setting next_dagrun for example_subdag_operator.section-1 to None, run_after=None
[2024-03-19T19:04:59.169+0000] {logging_mixin.py:188} INFO - [2024-03-19T19:04:59.169+0000] {dag.py:3834} INFO - Setting next_dagrun for example_subdag_operator.section-2 to None, run_after=None
[2024-03-19T19:04:59.172+0000] {logging_mixin.py:188} INFO - [2024-03-19T19:04:59.171+0000] {dag.py:3047} INFO - Sync 2 DAGs
[2024-03-19T19:04:59.174+0000] {logging_mixin.py:188} INFO - [2024-03-19T19:04:59.174+0000] {dag.py:3834} INFO - Setting next_dagrun for example_subdag_operator.section-1 to None, run_after=None
[2024-03-19T19:04:59.174+0000] {logging_mixin.py:188} INFO - [2024-03-19T19:04:59.174+0000] {dag.py:3834} INFO - Setting next_dagrun for example_subdag_operator.section-2 to None, run_after=None
[2024-03-19T19:04:59.178+0000] {processor.py:183} INFO - Processing /home/airflow/.local/lib/python3.8/site-packages/airflow/example_dags/example_subdag_operator.py took 0.044 seconds
[2024-03-19T19:05:29.645+0000] {processor.py:161} INFO - Started process (PID=8704) to work on /home/airflow/.local/lib/python3.8/site-packages/airflow/example_dags/example_subdag_operator.py
[2024-03-19T19:05:29.645+0000] {processor.py:830} INFO - Processing file /home/airflow/.local/lib/python3.8/site-packages/airflow/example_dags/example_subdag_operator.py for tasks to queue
[2024-03-19T19:05:29.646+0000] {logging_mixin.py:188} INFO - [2024-03-19T19:05:29.646+0000] {dagbag.py:540} INFO - Filling up the DagBag from /home/airflow/.local/lib/python3.8/site-packages/airflow/example_dags/example_subdag_operator.py
[2024-03-19T19:05:29.657+0000] {processor.py:840} INFO - DAG(s) 'example_subdag_operator.section-1', 'example_subdag_operator.section-2', 'example_subdag_operator' retrieved from /home/airflow/.local/lib/python3.8/site-packages/airflow/example_dags/example_subdag_operator.py
[2024-03-19T19:05:29.664+0000] {logging_mixin.py:188} INFO - [2024-03-19T19:05:29.664+0000] {dag.py:3047} INFO - Sync 3 DAGs
[2024-03-19T19:05:29.673+0000] {logging_mixin.py:188} INFO - [2024-03-19T19:05:29.673+0000] {dag.py:3834} INFO - Setting next_dagrun for example_subdag_operator to 2022-01-01 00:00:00+00:00, run_after=2022-01-01 00:00:00+00:00
[2024-03-19T19:05:29.675+0000] {logging_mixin.py:188} INFO - [2024-03-19T19:05:29.675+0000] {dag.py:3834} INFO - Setting next_dagrun for example_subdag_operator.section-1 to None, run_after=None
[2024-03-19T19:05:29.676+0000] {logging_mixin.py:188} INFO - [2024-03-19T19:05:29.676+0000] {dag.py:3834} INFO - Setting next_dagrun for example_subdag_operator.section-2 to None, run_after=None
[2024-03-19T19:05:29.679+0000] {logging_mixin.py:188} INFO - [2024-03-19T19:05:29.679+0000] {dag.py:3047} INFO - Sync 2 DAGs
[2024-03-19T19:05:29.682+0000] {logging_mixin.py:188} INFO - [2024-03-19T19:05:29.681+0000] {dag.py:3834} INFO - Setting next_dagrun for example_subdag_operator.section-1 to None, run_after=None
[2024-03-19T19:05:29.682+0000] {logging_mixin.py:188} INFO - [2024-03-19T19:05:29.682+0000] {dag.py:3834} INFO - Setting next_dagrun for example_subdag_operator.section-2 to None, run_after=None
[2024-03-19T19:05:29.686+0000] {processor.py:183} INFO - Processing /home/airflow/.local/lib/python3.8/site-packages/airflow/example_dags/example_subdag_operator.py took 0.043 seconds
[2024-03-19T19:06:00.271+0000] {processor.py:161} INFO - Started process (PID=8951) to work on /home/airflow/.local/lib/python3.8/site-packages/airflow/example_dags/example_subdag_operator.py
[2024-03-19T19:06:00.272+0000] {processor.py:830} INFO - Processing file /home/airflow/.local/lib/python3.8/site-packages/airflow/example_dags/example_subdag_operator.py for tasks to queue
[2024-03-19T19:06:00.273+0000] {logging_mixin.py:188} INFO - [2024-03-19T19:06:00.273+0000] {dagbag.py:540} INFO - Filling up the DagBag from /home/airflow/.local/lib/python3.8/site-packages/airflow/example_dags/example_subdag_operator.py
[2024-03-19T19:06:00.292+0000] {processor.py:840} INFO - DAG(s) 'example_subdag_operator.section-1', 'example_subdag_operator.section-2', 'example_subdag_operator' retrieved from /home/airflow/.local/lib/python3.8/site-packages/airflow/example_dags/example_subdag_operator.py
[2024-03-19T19:06:00.300+0000] {logging_mixin.py:188} INFO - [2024-03-19T19:06:00.300+0000] {dag.py:3047} INFO - Sync 3 DAGs
[2024-03-19T19:06:00.310+0000] {logging_mixin.py:188} INFO - [2024-03-19T19:06:00.310+0000] {dag.py:3834} INFO - Setting next_dagrun for example_subdag_operator to 2022-01-01 00:00:00+00:00, run_after=2022-01-01 00:00:00+00:00
[2024-03-19T19:06:00.312+0000] {logging_mixin.py:188} INFO - [2024-03-19T19:06:00.311+0000] {dag.py:3834} INFO - Setting next_dagrun for example_subdag_operator.section-1 to None, run_after=None
[2024-03-19T19:06:00.312+0000] {logging_mixin.py:188} INFO - [2024-03-19T19:06:00.312+0000] {dag.py:3834} INFO - Setting next_dagrun for example_subdag_operator.section-2 to None, run_after=None
[2024-03-19T19:06:00.315+0000] {logging_mixin.py:188} INFO - [2024-03-19T19:06:00.315+0000] {dag.py:3047} INFO - Sync 2 DAGs
[2024-03-19T19:06:00.318+0000] {logging_mixin.py:188} INFO - [2024-03-19T19:06:00.317+0000] {dag.py:3834} INFO - Setting next_dagrun for example_subdag_operator.section-1 to None, run_after=None
[2024-03-19T19:06:00.318+0000] {logging_mixin.py:188} INFO - [2024-03-19T19:06:00.318+0000] {dag.py:3834} INFO - Setting next_dagrun for example_subdag_operator.section-2 to None, run_after=None
[2024-03-19T19:06:00.322+0000] {processor.py:183} INFO - Processing /home/airflow/.local/lib/python3.8/site-packages/airflow/example_dags/example_subdag_operator.py took 0.053 seconds
