[2024-03-19T18:48:10.845+0000] {processor.py:161} INFO - Started process (PID=238) to work on /home/airflow/.local/lib/python3.8/site-packages/airflow/example_dags/example_branch_operator.py
[2024-03-19T18:48:10.845+0000] {processor.py:830} INFO - Processing file /home/airflow/.local/lib/python3.8/site-packages/airflow/example_dags/example_branch_operator.py for tasks to queue
[2024-03-19T18:48:10.846+0000] {logging_mixin.py:188} INFO - [2024-03-19T18:48:10.845+0000] {dagbag.py:540} INFO - Filling up the DagBag from /home/airflow/.local/lib/python3.8/site-packages/airflow/example_dags/example_branch_operator.py
[2024-03-19T18:48:10.855+0000] {processor.py:840} INFO - DAG(s) 'example_branch_operator' retrieved from /home/airflow/.local/lib/python3.8/site-packages/airflow/example_dags/example_branch_operator.py
[2024-03-19T18:48:10.866+0000] {logging_mixin.py:188} INFO - [2024-03-19T18:48:10.865+0000] {dag.py:3047} INFO - Sync 1 DAGs
[2024-03-19T18:48:10.885+0000] {logging_mixin.py:188} INFO - [2024-03-19T18:48:10.885+0000] {dag.py:3834} INFO - Setting next_dagrun for example_branch_operator to 2024-03-18 00:00:00+00:00, run_after=2024-03-19 00:00:00+00:00
[2024-03-19T18:48:10.895+0000] {processor.py:183} INFO - Processing /home/airflow/.local/lib/python3.8/site-packages/airflow/example_dags/example_branch_operator.py took 0.052 seconds
[2024-03-19T18:48:41.510+0000] {processor.py:161} INFO - Started process (PID=483) to work on /home/airflow/.local/lib/python3.8/site-packages/airflow/example_dags/example_branch_operator.py
[2024-03-19T18:48:41.511+0000] {processor.py:830} INFO - Processing file /home/airflow/.local/lib/python3.8/site-packages/airflow/example_dags/example_branch_operator.py for tasks to queue
[2024-03-19T18:48:41.511+0000] {logging_mixin.py:188} INFO - [2024-03-19T18:48:41.511+0000] {dagbag.py:540} INFO - Filling up the DagBag from /home/airflow/.local/lib/python3.8/site-packages/airflow/example_dags/example_branch_operator.py
[2024-03-19T18:48:41.519+0000] {processor.py:840} INFO - DAG(s) 'example_branch_operator' retrieved from /home/airflow/.local/lib/python3.8/site-packages/airflow/example_dags/example_branch_operator.py
[2024-03-19T18:48:41.567+0000] {logging_mixin.py:188} INFO - [2024-03-19T18:48:41.567+0000] {dag.py:3047} INFO - Sync 1 DAGs
[2024-03-19T18:48:41.577+0000] {logging_mixin.py:188} INFO - [2024-03-19T18:48:41.577+0000] {dag.py:3834} INFO - Setting next_dagrun for example_branch_operator to 2024-03-18 00:00:00+00:00, run_after=2024-03-19 00:00:00+00:00
[2024-03-19T18:48:41.585+0000] {processor.py:183} INFO - Processing /home/airflow/.local/lib/python3.8/site-packages/airflow/example_dags/example_branch_operator.py took 0.077 seconds
[2024-03-19T18:49:11.613+0000] {processor.py:161} INFO - Started process (PID=730) to work on /home/airflow/.local/lib/python3.8/site-packages/airflow/example_dags/example_branch_operator.py
[2024-03-19T18:49:11.614+0000] {processor.py:830} INFO - Processing file /home/airflow/.local/lib/python3.8/site-packages/airflow/example_dags/example_branch_operator.py for tasks to queue
[2024-03-19T18:49:11.614+0000] {logging_mixin.py:188} INFO - [2024-03-19T18:49:11.614+0000] {dagbag.py:540} INFO - Filling up the DagBag from /home/airflow/.local/lib/python3.8/site-packages/airflow/example_dags/example_branch_operator.py
[2024-03-19T18:49:11.622+0000] {processor.py:840} INFO - DAG(s) 'example_branch_operator' retrieved from /home/airflow/.local/lib/python3.8/site-packages/airflow/example_dags/example_branch_operator.py
[2024-03-19T18:49:11.634+0000] {logging_mixin.py:188} INFO - [2024-03-19T18:49:11.634+0000] {dag.py:3047} INFO - Sync 1 DAGs
[2024-03-19T18:49:11.644+0000] {logging_mixin.py:188} INFO - [2024-03-19T18:49:11.644+0000] {dag.py:3834} INFO - Setting next_dagrun for example_branch_operator to 2024-03-18 00:00:00+00:00, run_after=2024-03-19 00:00:00+00:00
[2024-03-19T18:49:11.650+0000] {processor.py:183} INFO - Processing /home/airflow/.local/lib/python3.8/site-packages/airflow/example_dags/example_branch_operator.py took 0.039 seconds
[2024-03-19T18:49:42.151+0000] {processor.py:161} INFO - Started process (PID=977) to work on /home/airflow/.local/lib/python3.8/site-packages/airflow/example_dags/example_branch_operator.py
[2024-03-19T18:49:42.152+0000] {processor.py:830} INFO - Processing file /home/airflow/.local/lib/python3.8/site-packages/airflow/example_dags/example_branch_operator.py for tasks to queue
[2024-03-19T18:49:42.152+0000] {logging_mixin.py:188} INFO - [2024-03-19T18:49:42.152+0000] {dagbag.py:540} INFO - Filling up the DagBag from /home/airflow/.local/lib/python3.8/site-packages/airflow/example_dags/example_branch_operator.py
[2024-03-19T18:49:42.160+0000] {processor.py:840} INFO - DAG(s) 'example_branch_operator' retrieved from /home/airflow/.local/lib/python3.8/site-packages/airflow/example_dags/example_branch_operator.py
[2024-03-19T18:49:42.171+0000] {logging_mixin.py:188} INFO - [2024-03-19T18:49:42.171+0000] {dag.py:3047} INFO - Sync 1 DAGs
[2024-03-19T18:49:42.181+0000] {logging_mixin.py:188} INFO - [2024-03-19T18:49:42.181+0000] {dag.py:3834} INFO - Setting next_dagrun for example_branch_operator to 2024-03-18 00:00:00+00:00, run_after=2024-03-19 00:00:00+00:00
[2024-03-19T18:49:42.188+0000] {processor.py:183} INFO - Processing /home/airflow/.local/lib/python3.8/site-packages/airflow/example_dags/example_branch_operator.py took 0.038 seconds
[2024-03-19T18:50:12.702+0000] {processor.py:161} INFO - Started process (PID=1224) to work on /home/airflow/.local/lib/python3.8/site-packages/airflow/example_dags/example_branch_operator.py
[2024-03-19T18:50:12.703+0000] {processor.py:830} INFO - Processing file /home/airflow/.local/lib/python3.8/site-packages/airflow/example_dags/example_branch_operator.py for tasks to queue
[2024-03-19T18:50:12.704+0000] {logging_mixin.py:188} INFO - [2024-03-19T18:50:12.703+0000] {dagbag.py:540} INFO - Filling up the DagBag from /home/airflow/.local/lib/python3.8/site-packages/airflow/example_dags/example_branch_operator.py
[2024-03-19T18:50:12.712+0000] {processor.py:840} INFO - DAG(s) 'example_branch_operator' retrieved from /home/airflow/.local/lib/python3.8/site-packages/airflow/example_dags/example_branch_operator.py
[2024-03-19T18:50:12.726+0000] {logging_mixin.py:188} INFO - [2024-03-19T18:50:12.726+0000] {dag.py:3047} INFO - Sync 1 DAGs
[2024-03-19T18:50:12.735+0000] {logging_mixin.py:188} INFO - [2024-03-19T18:50:12.735+0000] {dag.py:3834} INFO - Setting next_dagrun for example_branch_operator to 2024-03-18 00:00:00+00:00, run_after=2024-03-19 00:00:00+00:00
[2024-03-19T18:50:12.742+0000] {processor.py:183} INFO - Processing /home/airflow/.local/lib/python3.8/site-packages/airflow/example_dags/example_branch_operator.py took 0.042 seconds
[2024-03-19T18:50:43.289+0000] {processor.py:161} INFO - Started process (PID=1495) to work on /home/airflow/.local/lib/python3.8/site-packages/airflow/example_dags/example_branch_operator.py
[2024-03-19T18:50:43.290+0000] {processor.py:830} INFO - Processing file /home/airflow/.local/lib/python3.8/site-packages/airflow/example_dags/example_branch_operator.py for tasks to queue
[2024-03-19T18:50:43.290+0000] {logging_mixin.py:188} INFO - [2024-03-19T18:50:43.290+0000] {dagbag.py:540} INFO - Filling up the DagBag from /home/airflow/.local/lib/python3.8/site-packages/airflow/example_dags/example_branch_operator.py
[2024-03-19T18:50:43.299+0000] {processor.py:840} INFO - DAG(s) 'example_branch_operator' retrieved from /home/airflow/.local/lib/python3.8/site-packages/airflow/example_dags/example_branch_operator.py
[2024-03-19T18:50:43.313+0000] {logging_mixin.py:188} INFO - [2024-03-19T18:50:43.312+0000] {dag.py:3047} INFO - Sync 1 DAGs
[2024-03-19T18:50:43.323+0000] {logging_mixin.py:188} INFO - [2024-03-19T18:50:43.323+0000] {dag.py:3834} INFO - Setting next_dagrun for example_branch_operator to 2024-03-18 00:00:00+00:00, run_after=2024-03-19 00:00:00+00:00
[2024-03-19T18:50:43.330+0000] {processor.py:183} INFO - Processing /home/airflow/.local/lib/python3.8/site-packages/airflow/example_dags/example_branch_operator.py took 0.043 seconds
[2024-03-19T18:51:14.117+0000] {processor.py:161} INFO - Started process (PID=1742) to work on /home/airflow/.local/lib/python3.8/site-packages/airflow/example_dags/example_branch_operator.py
[2024-03-19T18:51:14.118+0000] {processor.py:830} INFO - Processing file /home/airflow/.local/lib/python3.8/site-packages/airflow/example_dags/example_branch_operator.py for tasks to queue
[2024-03-19T18:51:14.119+0000] {logging_mixin.py:188} INFO - [2024-03-19T18:51:14.118+0000] {dagbag.py:540} INFO - Filling up the DagBag from /home/airflow/.local/lib/python3.8/site-packages/airflow/example_dags/example_branch_operator.py
[2024-03-19T18:51:14.126+0000] {processor.py:840} INFO - DAG(s) 'example_branch_operator' retrieved from /home/airflow/.local/lib/python3.8/site-packages/airflow/example_dags/example_branch_operator.py
[2024-03-19T18:51:14.139+0000] {logging_mixin.py:188} INFO - [2024-03-19T18:51:14.138+0000] {dag.py:3047} INFO - Sync 1 DAGs
[2024-03-19T18:51:14.148+0000] {logging_mixin.py:188} INFO - [2024-03-19T18:51:14.148+0000] {dag.py:3834} INFO - Setting next_dagrun for example_branch_operator to 2024-03-18 00:00:00+00:00, run_after=2024-03-19 00:00:00+00:00
[2024-03-19T18:51:14.156+0000] {processor.py:183} INFO - Processing /home/airflow/.local/lib/python3.8/site-packages/airflow/example_dags/example_branch_operator.py took 0.040 seconds
[2024-03-19T18:51:44.470+0000] {processor.py:161} INFO - Started process (PID=1989) to work on /home/airflow/.local/lib/python3.8/site-packages/airflow/example_dags/example_branch_operator.py
[2024-03-19T18:51:44.471+0000] {processor.py:830} INFO - Processing file /home/airflow/.local/lib/python3.8/site-packages/airflow/example_dags/example_branch_operator.py for tasks to queue
[2024-03-19T18:51:44.471+0000] {logging_mixin.py:188} INFO - [2024-03-19T18:51:44.471+0000] {dagbag.py:540} INFO - Filling up the DagBag from /home/airflow/.local/lib/python3.8/site-packages/airflow/example_dags/example_branch_operator.py
[2024-03-19T18:51:44.479+0000] {processor.py:840} INFO - DAG(s) 'example_branch_operator' retrieved from /home/airflow/.local/lib/python3.8/site-packages/airflow/example_dags/example_branch_operator.py
[2024-03-19T18:51:44.491+0000] {logging_mixin.py:188} INFO - [2024-03-19T18:51:44.490+0000] {dag.py:3047} INFO - Sync 1 DAGs
[2024-03-19T18:51:44.500+0000] {logging_mixin.py:188} INFO - [2024-03-19T18:51:44.500+0000] {dag.py:3834} INFO - Setting next_dagrun for example_branch_operator to 2024-03-18 00:00:00+00:00, run_after=2024-03-19 00:00:00+00:00
[2024-03-19T18:51:44.507+0000] {processor.py:183} INFO - Processing /home/airflow/.local/lib/python3.8/site-packages/airflow/example_dags/example_branch_operator.py took 0.039 seconds
[2024-03-19T18:52:14.851+0000] {processor.py:161} INFO - Started process (PID=2235) to work on /home/airflow/.local/lib/python3.8/site-packages/airflow/example_dags/example_branch_operator.py
[2024-03-19T18:52:14.852+0000] {processor.py:830} INFO - Processing file /home/airflow/.local/lib/python3.8/site-packages/airflow/example_dags/example_branch_operator.py for tasks to queue
[2024-03-19T18:52:14.852+0000] {logging_mixin.py:188} INFO - [2024-03-19T18:52:14.852+0000] {dagbag.py:540} INFO - Filling up the DagBag from /home/airflow/.local/lib/python3.8/site-packages/airflow/example_dags/example_branch_operator.py
[2024-03-19T18:52:14.860+0000] {processor.py:840} INFO - DAG(s) 'example_branch_operator' retrieved from /home/airflow/.local/lib/python3.8/site-packages/airflow/example_dags/example_branch_operator.py
[2024-03-19T18:52:14.872+0000] {logging_mixin.py:188} INFO - [2024-03-19T18:52:14.872+0000] {dag.py:3047} INFO - Sync 1 DAGs
[2024-03-19T18:52:14.881+0000] {logging_mixin.py:188} INFO - [2024-03-19T18:52:14.881+0000] {dag.py:3834} INFO - Setting next_dagrun for example_branch_operator to 2024-03-18 00:00:00+00:00, run_after=2024-03-19 00:00:00+00:00
[2024-03-19T18:52:14.889+0000] {processor.py:183} INFO - Processing /home/airflow/.local/lib/python3.8/site-packages/airflow/example_dags/example_branch_operator.py took 0.039 seconds
[2024-03-19T18:52:45.307+0000] {processor.py:161} INFO - Started process (PID=2482) to work on /home/airflow/.local/lib/python3.8/site-packages/airflow/example_dags/example_branch_operator.py
[2024-03-19T18:52:45.308+0000] {processor.py:830} INFO - Processing file /home/airflow/.local/lib/python3.8/site-packages/airflow/example_dags/example_branch_operator.py for tasks to queue
[2024-03-19T18:52:45.308+0000] {logging_mixin.py:188} INFO - [2024-03-19T18:52:45.308+0000] {dagbag.py:540} INFO - Filling up the DagBag from /home/airflow/.local/lib/python3.8/site-packages/airflow/example_dags/example_branch_operator.py
[2024-03-19T18:52:45.316+0000] {processor.py:840} INFO - DAG(s) 'example_branch_operator' retrieved from /home/airflow/.local/lib/python3.8/site-packages/airflow/example_dags/example_branch_operator.py
[2024-03-19T18:52:45.329+0000] {logging_mixin.py:188} INFO - [2024-03-19T18:52:45.329+0000] {dag.py:3047} INFO - Sync 1 DAGs
[2024-03-19T18:52:45.338+0000] {logging_mixin.py:188} INFO - [2024-03-19T18:52:45.338+0000] {dag.py:3834} INFO - Setting next_dagrun for example_branch_operator to 2024-03-18 00:00:00+00:00, run_after=2024-03-19 00:00:00+00:00
[2024-03-19T18:52:45.345+0000] {processor.py:183} INFO - Processing /home/airflow/.local/lib/python3.8/site-packages/airflow/example_dags/example_branch_operator.py took 0.040 seconds
[2024-03-19T18:53:15.773+0000] {processor.py:161} INFO - Started process (PID=2729) to work on /home/airflow/.local/lib/python3.8/site-packages/airflow/example_dags/example_branch_operator.py
[2024-03-19T18:53:15.773+0000] {processor.py:830} INFO - Processing file /home/airflow/.local/lib/python3.8/site-packages/airflow/example_dags/example_branch_operator.py for tasks to queue
[2024-03-19T18:53:15.774+0000] {logging_mixin.py:188} INFO - [2024-03-19T18:53:15.774+0000] {dagbag.py:540} INFO - Filling up the DagBag from /home/airflow/.local/lib/python3.8/site-packages/airflow/example_dags/example_branch_operator.py
[2024-03-19T18:53:15.782+0000] {processor.py:840} INFO - DAG(s) 'example_branch_operator' retrieved from /home/airflow/.local/lib/python3.8/site-packages/airflow/example_dags/example_branch_operator.py
[2024-03-19T18:53:15.794+0000] {logging_mixin.py:188} INFO - [2024-03-19T18:53:15.794+0000] {dag.py:3047} INFO - Sync 1 DAGs
[2024-03-19T18:53:15.804+0000] {logging_mixin.py:188} INFO - [2024-03-19T18:53:15.804+0000] {dag.py:3834} INFO - Setting next_dagrun for example_branch_operator to 2024-03-18 00:00:00+00:00, run_after=2024-03-19 00:00:00+00:00
[2024-03-19T18:53:15.811+0000] {processor.py:183} INFO - Processing /home/airflow/.local/lib/python3.8/site-packages/airflow/example_dags/example_branch_operator.py took 0.040 seconds
[2024-03-19T18:53:46.333+0000] {processor.py:161} INFO - Started process (PID=2976) to work on /home/airflow/.local/lib/python3.8/site-packages/airflow/example_dags/example_branch_operator.py
[2024-03-19T18:53:46.333+0000] {processor.py:830} INFO - Processing file /home/airflow/.local/lib/python3.8/site-packages/airflow/example_dags/example_branch_operator.py for tasks to queue
[2024-03-19T18:53:46.334+0000] {logging_mixin.py:188} INFO - [2024-03-19T18:53:46.333+0000] {dagbag.py:540} INFO - Filling up the DagBag from /home/airflow/.local/lib/python3.8/site-packages/airflow/example_dags/example_branch_operator.py
[2024-03-19T18:53:46.342+0000] {processor.py:840} INFO - DAG(s) 'example_branch_operator' retrieved from /home/airflow/.local/lib/python3.8/site-packages/airflow/example_dags/example_branch_operator.py
[2024-03-19T18:53:46.355+0000] {logging_mixin.py:188} INFO - [2024-03-19T18:53:46.354+0000] {dag.py:3047} INFO - Sync 1 DAGs
[2024-03-19T18:53:46.365+0000] {logging_mixin.py:188} INFO - [2024-03-19T18:53:46.365+0000] {dag.py:3834} INFO - Setting next_dagrun for example_branch_operator to 2024-03-18 00:00:00+00:00, run_after=2024-03-19 00:00:00+00:00
[2024-03-19T18:53:46.374+0000] {processor.py:183} INFO - Processing /home/airflow/.local/lib/python3.8/site-packages/airflow/example_dags/example_branch_operator.py took 0.043 seconds
[2024-03-19T18:54:17.031+0000] {processor.py:161} INFO - Started process (PID=3223) to work on /home/airflow/.local/lib/python3.8/site-packages/airflow/example_dags/example_branch_operator.py
[2024-03-19T18:54:17.032+0000] {processor.py:830} INFO - Processing file /home/airflow/.local/lib/python3.8/site-packages/airflow/example_dags/example_branch_operator.py for tasks to queue
[2024-03-19T18:54:17.032+0000] {logging_mixin.py:188} INFO - [2024-03-19T18:54:17.032+0000] {dagbag.py:540} INFO - Filling up the DagBag from /home/airflow/.local/lib/python3.8/site-packages/airflow/example_dags/example_branch_operator.py
[2024-03-19T18:54:17.041+0000] {processor.py:840} INFO - DAG(s) 'example_branch_operator' retrieved from /home/airflow/.local/lib/python3.8/site-packages/airflow/example_dags/example_branch_operator.py
[2024-03-19T18:54:17.053+0000] {logging_mixin.py:188} INFO - [2024-03-19T18:54:17.053+0000] {dag.py:3047} INFO - Sync 1 DAGs
[2024-03-19T18:54:17.064+0000] {logging_mixin.py:188} INFO - [2024-03-19T18:54:17.063+0000] {dag.py:3834} INFO - Setting next_dagrun for example_branch_operator to 2024-03-18 00:00:00+00:00, run_after=2024-03-19 00:00:00+00:00
[2024-03-19T18:54:17.073+0000] {processor.py:183} INFO - Processing /home/airflow/.local/lib/python3.8/site-packages/airflow/example_dags/example_branch_operator.py took 0.043 seconds
[2024-03-19T18:54:47.517+0000] {processor.py:161} INFO - Started process (PID=3470) to work on /home/airflow/.local/lib/python3.8/site-packages/airflow/example_dags/example_branch_operator.py
[2024-03-19T18:54:47.518+0000] {processor.py:830} INFO - Processing file /home/airflow/.local/lib/python3.8/site-packages/airflow/example_dags/example_branch_operator.py for tasks to queue
[2024-03-19T18:54:47.518+0000] {logging_mixin.py:188} INFO - [2024-03-19T18:54:47.518+0000] {dagbag.py:540} INFO - Filling up the DagBag from /home/airflow/.local/lib/python3.8/site-packages/airflow/example_dags/example_branch_operator.py
[2024-03-19T18:54:47.526+0000] {processor.py:840} INFO - DAG(s) 'example_branch_operator' retrieved from /home/airflow/.local/lib/python3.8/site-packages/airflow/example_dags/example_branch_operator.py
[2024-03-19T18:54:47.538+0000] {logging_mixin.py:188} INFO - [2024-03-19T18:54:47.538+0000] {dag.py:3047} INFO - Sync 1 DAGs
[2024-03-19T18:54:47.548+0000] {logging_mixin.py:188} INFO - [2024-03-19T18:54:47.547+0000] {dag.py:3834} INFO - Setting next_dagrun for example_branch_operator to 2024-03-18 00:00:00+00:00, run_after=2024-03-19 00:00:00+00:00
[2024-03-19T18:54:47.555+0000] {processor.py:183} INFO - Processing /home/airflow/.local/lib/python3.8/site-packages/airflow/example_dags/example_branch_operator.py took 0.039 seconds
[2024-03-19T18:55:17.945+0000] {processor.py:161} INFO - Started process (PID=3717) to work on /home/airflow/.local/lib/python3.8/site-packages/airflow/example_dags/example_branch_operator.py
[2024-03-19T18:55:17.946+0000] {processor.py:830} INFO - Processing file /home/airflow/.local/lib/python3.8/site-packages/airflow/example_dags/example_branch_operator.py for tasks to queue
[2024-03-19T18:55:17.946+0000] {logging_mixin.py:188} INFO - [2024-03-19T18:55:17.946+0000] {dagbag.py:540} INFO - Filling up the DagBag from /home/airflow/.local/lib/python3.8/site-packages/airflow/example_dags/example_branch_operator.py
[2024-03-19T18:55:17.954+0000] {processor.py:840} INFO - DAG(s) 'example_branch_operator' retrieved from /home/airflow/.local/lib/python3.8/site-packages/airflow/example_dags/example_branch_operator.py
[2024-03-19T18:55:17.966+0000] {logging_mixin.py:188} INFO - [2024-03-19T18:55:17.966+0000] {dag.py:3047} INFO - Sync 1 DAGs
[2024-03-19T18:55:17.976+0000] {logging_mixin.py:188} INFO - [2024-03-19T18:55:17.975+0000] {dag.py:3834} INFO - Setting next_dagrun for example_branch_operator to 2024-03-18 00:00:00+00:00, run_after=2024-03-19 00:00:00+00:00
[2024-03-19T18:55:17.983+0000] {processor.py:183} INFO - Processing /home/airflow/.local/lib/python3.8/site-packages/airflow/example_dags/example_branch_operator.py took 0.039 seconds
[2024-03-19T18:55:48.424+0000] {processor.py:161} INFO - Started process (PID=3964) to work on /home/airflow/.local/lib/python3.8/site-packages/airflow/example_dags/example_branch_operator.py
[2024-03-19T18:55:48.424+0000] {processor.py:830} INFO - Processing file /home/airflow/.local/lib/python3.8/site-packages/airflow/example_dags/example_branch_operator.py for tasks to queue
[2024-03-19T18:55:48.425+0000] {logging_mixin.py:188} INFO - [2024-03-19T18:55:48.425+0000] {dagbag.py:540} INFO - Filling up the DagBag from /home/airflow/.local/lib/python3.8/site-packages/airflow/example_dags/example_branch_operator.py
[2024-03-19T18:55:48.432+0000] {processor.py:840} INFO - DAG(s) 'example_branch_operator' retrieved from /home/airflow/.local/lib/python3.8/site-packages/airflow/example_dags/example_branch_operator.py
[2024-03-19T18:55:48.444+0000] {logging_mixin.py:188} INFO - [2024-03-19T18:55:48.444+0000] {dag.py:3047} INFO - Sync 1 DAGs
[2024-03-19T18:55:48.454+0000] {logging_mixin.py:188} INFO - [2024-03-19T18:55:48.454+0000] {dag.py:3834} INFO - Setting next_dagrun for example_branch_operator to 2024-03-18 00:00:00+00:00, run_after=2024-03-19 00:00:00+00:00
[2024-03-19T18:55:48.461+0000] {processor.py:183} INFO - Processing /home/airflow/.local/lib/python3.8/site-packages/airflow/example_dags/example_branch_operator.py took 0.039 seconds
[2024-03-19T18:56:18.934+0000] {processor.py:161} INFO - Started process (PID=4211) to work on /home/airflow/.local/lib/python3.8/site-packages/airflow/example_dags/example_branch_operator.py
[2024-03-19T18:56:18.934+0000] {processor.py:830} INFO - Processing file /home/airflow/.local/lib/python3.8/site-packages/airflow/example_dags/example_branch_operator.py for tasks to queue
[2024-03-19T18:56:18.935+0000] {logging_mixin.py:188} INFO - [2024-03-19T18:56:18.935+0000] {dagbag.py:540} INFO - Filling up the DagBag from /home/airflow/.local/lib/python3.8/site-packages/airflow/example_dags/example_branch_operator.py
[2024-03-19T18:56:18.943+0000] {processor.py:840} INFO - DAG(s) 'example_branch_operator' retrieved from /home/airflow/.local/lib/python3.8/site-packages/airflow/example_dags/example_branch_operator.py
[2024-03-19T18:56:18.955+0000] {logging_mixin.py:188} INFO - [2024-03-19T18:56:18.955+0000] {dag.py:3047} INFO - Sync 1 DAGs
[2024-03-19T18:56:18.966+0000] {logging_mixin.py:188} INFO - [2024-03-19T18:56:18.965+0000] {dag.py:3834} INFO - Setting next_dagrun for example_branch_operator to 2024-03-18 00:00:00+00:00, run_after=2024-03-19 00:00:00+00:00
[2024-03-19T18:56:18.975+0000] {processor.py:183} INFO - Processing /home/airflow/.local/lib/python3.8/site-packages/airflow/example_dags/example_branch_operator.py took 0.042 seconds
[2024-03-19T18:56:49.414+0000] {processor.py:161} INFO - Started process (PID=4457) to work on /home/airflow/.local/lib/python3.8/site-packages/airflow/example_dags/example_branch_operator.py
[2024-03-19T18:56:49.415+0000] {processor.py:830} INFO - Processing file /home/airflow/.local/lib/python3.8/site-packages/airflow/example_dags/example_branch_operator.py for tasks to queue
[2024-03-19T18:56:49.415+0000] {logging_mixin.py:188} INFO - [2024-03-19T18:56:49.415+0000] {dagbag.py:540} INFO - Filling up the DagBag from /home/airflow/.local/lib/python3.8/site-packages/airflow/example_dags/example_branch_operator.py
[2024-03-19T18:56:49.423+0000] {processor.py:840} INFO - DAG(s) 'example_branch_operator' retrieved from /home/airflow/.local/lib/python3.8/site-packages/airflow/example_dags/example_branch_operator.py
[2024-03-19T18:56:49.435+0000] {logging_mixin.py:188} INFO - [2024-03-19T18:56:49.435+0000] {dag.py:3047} INFO - Sync 1 DAGs
[2024-03-19T18:56:49.448+0000] {logging_mixin.py:188} INFO - [2024-03-19T18:56:49.448+0000] {dag.py:3834} INFO - Setting next_dagrun for example_branch_operator to 2024-03-18 00:00:00+00:00, run_after=2024-03-19 00:00:00+00:00
[2024-03-19T18:56:49.455+0000] {processor.py:183} INFO - Processing /home/airflow/.local/lib/python3.8/site-packages/airflow/example_dags/example_branch_operator.py took 0.043 seconds
[2024-03-19T18:57:19.951+0000] {processor.py:161} INFO - Started process (PID=4704) to work on /home/airflow/.local/lib/python3.8/site-packages/airflow/example_dags/example_branch_operator.py
[2024-03-19T18:57:19.952+0000] {processor.py:830} INFO - Processing file /home/airflow/.local/lib/python3.8/site-packages/airflow/example_dags/example_branch_operator.py for tasks to queue
[2024-03-19T18:57:19.952+0000] {logging_mixin.py:188} INFO - [2024-03-19T18:57:19.952+0000] {dagbag.py:540} INFO - Filling up the DagBag from /home/airflow/.local/lib/python3.8/site-packages/airflow/example_dags/example_branch_operator.py
[2024-03-19T18:57:19.960+0000] {processor.py:840} INFO - DAG(s) 'example_branch_operator' retrieved from /home/airflow/.local/lib/python3.8/site-packages/airflow/example_dags/example_branch_operator.py
[2024-03-19T18:57:19.972+0000] {logging_mixin.py:188} INFO - [2024-03-19T18:57:19.972+0000] {dag.py:3047} INFO - Sync 1 DAGs
[2024-03-19T18:57:19.983+0000] {logging_mixin.py:188} INFO - [2024-03-19T18:57:19.983+0000] {dag.py:3834} INFO - Setting next_dagrun for example_branch_operator to 2024-03-18 00:00:00+00:00, run_after=2024-03-19 00:00:00+00:00
[2024-03-19T18:57:19.991+0000] {processor.py:183} INFO - Processing /home/airflow/.local/lib/python3.8/site-packages/airflow/example_dags/example_branch_operator.py took 0.041 seconds
[2024-03-19T18:57:50.466+0000] {processor.py:161} INFO - Started process (PID=4951) to work on /home/airflow/.local/lib/python3.8/site-packages/airflow/example_dags/example_branch_operator.py
[2024-03-19T18:57:50.466+0000] {processor.py:830} INFO - Processing file /home/airflow/.local/lib/python3.8/site-packages/airflow/example_dags/example_branch_operator.py for tasks to queue
[2024-03-19T18:57:50.467+0000] {logging_mixin.py:188} INFO - [2024-03-19T18:57:50.467+0000] {dagbag.py:540} INFO - Filling up the DagBag from /home/airflow/.local/lib/python3.8/site-packages/airflow/example_dags/example_branch_operator.py
[2024-03-19T18:57:50.474+0000] {processor.py:840} INFO - DAG(s) 'example_branch_operator' retrieved from /home/airflow/.local/lib/python3.8/site-packages/airflow/example_dags/example_branch_operator.py
[2024-03-19T18:57:50.486+0000] {logging_mixin.py:188} INFO - [2024-03-19T18:57:50.486+0000] {dag.py:3047} INFO - Sync 1 DAGs
[2024-03-19T18:57:50.496+0000] {logging_mixin.py:188} INFO - [2024-03-19T18:57:50.496+0000] {dag.py:3834} INFO - Setting next_dagrun for example_branch_operator to 2024-03-18 00:00:00+00:00, run_after=2024-03-19 00:00:00+00:00
[2024-03-19T18:57:50.503+0000] {processor.py:183} INFO - Processing /home/airflow/.local/lib/python3.8/site-packages/airflow/example_dags/example_branch_operator.py took 0.039 seconds
[2024-03-19T18:58:21.011+0000] {processor.py:161} INFO - Started process (PID=5198) to work on /home/airflow/.local/lib/python3.8/site-packages/airflow/example_dags/example_branch_operator.py
[2024-03-19T18:58:21.012+0000] {processor.py:830} INFO - Processing file /home/airflow/.local/lib/python3.8/site-packages/airflow/example_dags/example_branch_operator.py for tasks to queue
[2024-03-19T18:58:21.012+0000] {logging_mixin.py:188} INFO - [2024-03-19T18:58:21.012+0000] {dagbag.py:540} INFO - Filling up the DagBag from /home/airflow/.local/lib/python3.8/site-packages/airflow/example_dags/example_branch_operator.py
[2024-03-19T18:58:21.020+0000] {processor.py:840} INFO - DAG(s) 'example_branch_operator' retrieved from /home/airflow/.local/lib/python3.8/site-packages/airflow/example_dags/example_branch_operator.py
[2024-03-19T18:58:21.033+0000] {logging_mixin.py:188} INFO - [2024-03-19T18:58:21.033+0000] {dag.py:3047} INFO - Sync 1 DAGs
[2024-03-19T18:58:21.043+0000] {logging_mixin.py:188} INFO - [2024-03-19T18:58:21.043+0000] {dag.py:3834} INFO - Setting next_dagrun for example_branch_operator to 2024-03-18 00:00:00+00:00, run_after=2024-03-19 00:00:00+00:00
[2024-03-19T18:58:21.050+0000] {processor.py:183} INFO - Processing /home/airflow/.local/lib/python3.8/site-packages/airflow/example_dags/example_branch_operator.py took 0.041 seconds
[2024-03-19T18:58:51.539+0000] {processor.py:161} INFO - Started process (PID=5445) to work on /home/airflow/.local/lib/python3.8/site-packages/airflow/example_dags/example_branch_operator.py
[2024-03-19T18:58:51.540+0000] {processor.py:830} INFO - Processing file /home/airflow/.local/lib/python3.8/site-packages/airflow/example_dags/example_branch_operator.py for tasks to queue
[2024-03-19T18:58:51.540+0000] {logging_mixin.py:188} INFO - [2024-03-19T18:58:51.540+0000] {dagbag.py:540} INFO - Filling up the DagBag from /home/airflow/.local/lib/python3.8/site-packages/airflow/example_dags/example_branch_operator.py
[2024-03-19T18:58:51.548+0000] {processor.py:840} INFO - DAG(s) 'example_branch_operator' retrieved from /home/airflow/.local/lib/python3.8/site-packages/airflow/example_dags/example_branch_operator.py
[2024-03-19T18:58:51.560+0000] {logging_mixin.py:188} INFO - [2024-03-19T18:58:51.560+0000] {dag.py:3047} INFO - Sync 1 DAGs
[2024-03-19T18:58:51.569+0000] {logging_mixin.py:188} INFO - [2024-03-19T18:58:51.569+0000] {dag.py:3834} INFO - Setting next_dagrun for example_branch_operator to 2024-03-18 00:00:00+00:00, run_after=2024-03-19 00:00:00+00:00
[2024-03-19T18:58:51.577+0000] {processor.py:183} INFO - Processing /home/airflow/.local/lib/python3.8/site-packages/airflow/example_dags/example_branch_operator.py took 0.040 seconds
[2024-03-19T18:59:22.196+0000] {processor.py:161} INFO - Started process (PID=5692) to work on /home/airflow/.local/lib/python3.8/site-packages/airflow/example_dags/example_branch_operator.py
[2024-03-19T18:59:22.197+0000] {processor.py:830} INFO - Processing file /home/airflow/.local/lib/python3.8/site-packages/airflow/example_dags/example_branch_operator.py for tasks to queue
[2024-03-19T18:59:22.197+0000] {logging_mixin.py:188} INFO - [2024-03-19T18:59:22.197+0000] {dagbag.py:540} INFO - Filling up the DagBag from /home/airflow/.local/lib/python3.8/site-packages/airflow/example_dags/example_branch_operator.py
[2024-03-19T18:59:22.210+0000] {processor.py:840} INFO - DAG(s) 'example_branch_operator' retrieved from /home/airflow/.local/lib/python3.8/site-packages/airflow/example_dags/example_branch_operator.py
[2024-03-19T18:59:22.223+0000] {logging_mixin.py:188} INFO - [2024-03-19T18:59:22.223+0000] {dag.py:3047} INFO - Sync 1 DAGs
[2024-03-19T18:59:22.233+0000] {logging_mixin.py:188} INFO - [2024-03-19T18:59:22.232+0000] {dag.py:3834} INFO - Setting next_dagrun for example_branch_operator to 2024-03-18 00:00:00+00:00, run_after=2024-03-19 00:00:00+00:00
[2024-03-19T18:59:22.239+0000] {processor.py:183} INFO - Processing /home/airflow/.local/lib/python3.8/site-packages/airflow/example_dags/example_branch_operator.py took 0.045 seconds
[2024-03-19T18:59:52.699+0000] {processor.py:161} INFO - Started process (PID=5938) to work on /home/airflow/.local/lib/python3.8/site-packages/airflow/example_dags/example_branch_operator.py
[2024-03-19T18:59:52.699+0000] {processor.py:830} INFO - Processing file /home/airflow/.local/lib/python3.8/site-packages/airflow/example_dags/example_branch_operator.py for tasks to queue
[2024-03-19T18:59:52.700+0000] {logging_mixin.py:188} INFO - [2024-03-19T18:59:52.700+0000] {dagbag.py:540} INFO - Filling up the DagBag from /home/airflow/.local/lib/python3.8/site-packages/airflow/example_dags/example_branch_operator.py
[2024-03-19T18:59:52.769+0000] {processor.py:840} INFO - DAG(s) 'example_branch_operator' retrieved from /home/airflow/.local/lib/python3.8/site-packages/airflow/example_dags/example_branch_operator.py
[2024-03-19T18:59:52.790+0000] {logging_mixin.py:188} INFO - [2024-03-19T18:59:52.790+0000] {dag.py:3047} INFO - Sync 1 DAGs
[2024-03-19T18:59:52.813+0000] {logging_mixin.py:188} INFO - [2024-03-19T18:59:52.813+0000] {dag.py:3834} INFO - Setting next_dagrun for example_branch_operator to 2024-03-18 00:00:00+00:00, run_after=2024-03-19 00:00:00+00:00
[2024-03-19T18:59:52.820+0000] {processor.py:183} INFO - Processing /home/airflow/.local/lib/python3.8/site-packages/airflow/example_dags/example_branch_operator.py took 0.123 seconds
[2024-03-19T19:00:23.319+0000] {processor.py:161} INFO - Started process (PID=6185) to work on /home/airflow/.local/lib/python3.8/site-packages/airflow/example_dags/example_branch_operator.py
[2024-03-19T19:00:23.320+0000] {processor.py:830} INFO - Processing file /home/airflow/.local/lib/python3.8/site-packages/airflow/example_dags/example_branch_operator.py for tasks to queue
[2024-03-19T19:00:23.320+0000] {logging_mixin.py:188} INFO - [2024-03-19T19:00:23.320+0000] {dagbag.py:540} INFO - Filling up the DagBag from /home/airflow/.local/lib/python3.8/site-packages/airflow/example_dags/example_branch_operator.py
[2024-03-19T19:00:23.328+0000] {processor.py:840} INFO - DAG(s) 'example_branch_operator' retrieved from /home/airflow/.local/lib/python3.8/site-packages/airflow/example_dags/example_branch_operator.py
[2024-03-19T19:00:23.340+0000] {logging_mixin.py:188} INFO - [2024-03-19T19:00:23.340+0000] {dag.py:3047} INFO - Sync 1 DAGs
[2024-03-19T19:00:23.350+0000] {logging_mixin.py:188} INFO - [2024-03-19T19:00:23.350+0000] {dag.py:3834} INFO - Setting next_dagrun for example_branch_operator to 2024-03-18 00:00:00+00:00, run_after=2024-03-19 00:00:00+00:00
[2024-03-19T19:00:23.357+0000] {processor.py:183} INFO - Processing /home/airflow/.local/lib/python3.8/site-packages/airflow/example_dags/example_branch_operator.py took 0.040 seconds
[2024-03-19T19:00:53.819+0000] {processor.py:161} INFO - Started process (PID=6434) to work on /home/airflow/.local/lib/python3.8/site-packages/airflow/example_dags/example_branch_operator.py
[2024-03-19T19:00:53.820+0000] {processor.py:830} INFO - Processing file /home/airflow/.local/lib/python3.8/site-packages/airflow/example_dags/example_branch_operator.py for tasks to queue
[2024-03-19T19:00:53.820+0000] {logging_mixin.py:188} INFO - [2024-03-19T19:00:53.820+0000] {dagbag.py:540} INFO - Filling up the DagBag from /home/airflow/.local/lib/python3.8/site-packages/airflow/example_dags/example_branch_operator.py
[2024-03-19T19:00:53.828+0000] {processor.py:840} INFO - DAG(s) 'example_branch_operator' retrieved from /home/airflow/.local/lib/python3.8/site-packages/airflow/example_dags/example_branch_operator.py
[2024-03-19T19:00:53.839+0000] {logging_mixin.py:188} INFO - [2024-03-19T19:00:53.839+0000] {dag.py:3047} INFO - Sync 1 DAGs
[2024-03-19T19:00:53.848+0000] {logging_mixin.py:188} INFO - [2024-03-19T19:00:53.847+0000] {dag.py:3834} INFO - Setting next_dagrun for example_branch_operator to 2024-03-18 00:00:00+00:00, run_after=2024-03-19 00:00:00+00:00
[2024-03-19T19:00:53.854+0000] {processor.py:183} INFO - Processing /home/airflow/.local/lib/python3.8/site-packages/airflow/example_dags/example_branch_operator.py took 0.036 seconds
[2024-03-19T19:01:24.323+0000] {processor.py:161} INFO - Started process (PID=6679) to work on /home/airflow/.local/lib/python3.8/site-packages/airflow/example_dags/example_branch_operator.py
[2024-03-19T19:01:24.323+0000] {processor.py:830} INFO - Processing file /home/airflow/.local/lib/python3.8/site-packages/airflow/example_dags/example_branch_operator.py for tasks to queue
[2024-03-19T19:01:24.324+0000] {logging_mixin.py:188} INFO - [2024-03-19T19:01:24.324+0000] {dagbag.py:540} INFO - Filling up the DagBag from /home/airflow/.local/lib/python3.8/site-packages/airflow/example_dags/example_branch_operator.py
[2024-03-19T19:01:24.332+0000] {processor.py:840} INFO - DAG(s) 'example_branch_operator' retrieved from /home/airflow/.local/lib/python3.8/site-packages/airflow/example_dags/example_branch_operator.py
[2024-03-19T19:01:24.343+0000] {logging_mixin.py:188} INFO - [2024-03-19T19:01:24.343+0000] {dag.py:3047} INFO - Sync 1 DAGs
[2024-03-19T19:01:24.353+0000] {logging_mixin.py:188} INFO - [2024-03-19T19:01:24.353+0000] {dag.py:3834} INFO - Setting next_dagrun for example_branch_operator to 2024-03-18 00:00:00+00:00, run_after=2024-03-19 00:00:00+00:00
[2024-03-19T19:01:24.359+0000] {processor.py:183} INFO - Processing /home/airflow/.local/lib/python3.8/site-packages/airflow/example_dags/example_branch_operator.py took 0.038 seconds
[2024-03-19T19:01:54.774+0000] {processor.py:161} INFO - Started process (PID=6926) to work on /home/airflow/.local/lib/python3.8/site-packages/airflow/example_dags/example_branch_operator.py
[2024-03-19T19:01:54.774+0000] {processor.py:830} INFO - Processing file /home/airflow/.local/lib/python3.8/site-packages/airflow/example_dags/example_branch_operator.py for tasks to queue
[2024-03-19T19:01:54.775+0000] {logging_mixin.py:188} INFO - [2024-03-19T19:01:54.775+0000] {dagbag.py:540} INFO - Filling up the DagBag from /home/airflow/.local/lib/python3.8/site-packages/airflow/example_dags/example_branch_operator.py
[2024-03-19T19:01:54.783+0000] {processor.py:840} INFO - DAG(s) 'example_branch_operator' retrieved from /home/airflow/.local/lib/python3.8/site-packages/airflow/example_dags/example_branch_operator.py
[2024-03-19T19:01:54.795+0000] {logging_mixin.py:188} INFO - [2024-03-19T19:01:54.795+0000] {dag.py:3047} INFO - Sync 1 DAGs
[2024-03-19T19:01:54.804+0000] {logging_mixin.py:188} INFO - [2024-03-19T19:01:54.804+0000] {dag.py:3834} INFO - Setting next_dagrun for example_branch_operator to 2024-03-18 00:00:00+00:00, run_after=2024-03-19 00:00:00+00:00
[2024-03-19T19:01:54.811+0000] {processor.py:183} INFO - Processing /home/airflow/.local/lib/python3.8/site-packages/airflow/example_dags/example_branch_operator.py took 0.039 seconds
[2024-03-19T19:02:25.272+0000] {processor.py:161} INFO - Started process (PID=7172) to work on /home/airflow/.local/lib/python3.8/site-packages/airflow/example_dags/example_branch_operator.py
[2024-03-19T19:02:25.273+0000] {processor.py:830} INFO - Processing file /home/airflow/.local/lib/python3.8/site-packages/airflow/example_dags/example_branch_operator.py for tasks to queue
[2024-03-19T19:02:25.273+0000] {logging_mixin.py:188} INFO - [2024-03-19T19:02:25.273+0000] {dagbag.py:540} INFO - Filling up the DagBag from /home/airflow/.local/lib/python3.8/site-packages/airflow/example_dags/example_branch_operator.py
[2024-03-19T19:02:25.281+0000] {processor.py:840} INFO - DAG(s) 'example_branch_operator' retrieved from /home/airflow/.local/lib/python3.8/site-packages/airflow/example_dags/example_branch_operator.py
[2024-03-19T19:02:25.294+0000] {logging_mixin.py:188} INFO - [2024-03-19T19:02:25.294+0000] {dag.py:3047} INFO - Sync 1 DAGs
[2024-03-19T19:02:25.303+0000] {logging_mixin.py:188} INFO - [2024-03-19T19:02:25.303+0000] {dag.py:3834} INFO - Setting next_dagrun for example_branch_operator to 2024-03-18 00:00:00+00:00, run_after=2024-03-19 00:00:00+00:00
[2024-03-19T19:02:25.310+0000] {processor.py:183} INFO - Processing /home/airflow/.local/lib/python3.8/site-packages/airflow/example_dags/example_branch_operator.py took 0.040 seconds
[2024-03-19T19:02:55.757+0000] {processor.py:161} INFO - Started process (PID=7419) to work on /home/airflow/.local/lib/python3.8/site-packages/airflow/example_dags/example_branch_operator.py
[2024-03-19T19:02:55.758+0000] {processor.py:830} INFO - Processing file /home/airflow/.local/lib/python3.8/site-packages/airflow/example_dags/example_branch_operator.py for tasks to queue
[2024-03-19T19:02:55.758+0000] {logging_mixin.py:188} INFO - [2024-03-19T19:02:55.758+0000] {dagbag.py:540} INFO - Filling up the DagBag from /home/airflow/.local/lib/python3.8/site-packages/airflow/example_dags/example_branch_operator.py
[2024-03-19T19:02:55.766+0000] {processor.py:840} INFO - DAG(s) 'example_branch_operator' retrieved from /home/airflow/.local/lib/python3.8/site-packages/airflow/example_dags/example_branch_operator.py
[2024-03-19T19:02:55.778+0000] {logging_mixin.py:188} INFO - [2024-03-19T19:02:55.778+0000] {dag.py:3047} INFO - Sync 1 DAGs
[2024-03-19T19:02:55.787+0000] {logging_mixin.py:188} INFO - [2024-03-19T19:02:55.787+0000] {dag.py:3834} INFO - Setting next_dagrun for example_branch_operator to 2024-03-18 00:00:00+00:00, run_after=2024-03-19 00:00:00+00:00
[2024-03-19T19:02:55.794+0000] {processor.py:183} INFO - Processing /home/airflow/.local/lib/python3.8/site-packages/airflow/example_dags/example_branch_operator.py took 0.038 seconds
[2024-03-19T19:03:26.232+0000] {processor.py:161} INFO - Started process (PID=7666) to work on /home/airflow/.local/lib/python3.8/site-packages/airflow/example_dags/example_branch_operator.py
[2024-03-19T19:03:26.233+0000] {processor.py:830} INFO - Processing file /home/airflow/.local/lib/python3.8/site-packages/airflow/example_dags/example_branch_operator.py for tasks to queue
[2024-03-19T19:03:26.234+0000] {logging_mixin.py:188} INFO - [2024-03-19T19:03:26.233+0000] {dagbag.py:540} INFO - Filling up the DagBag from /home/airflow/.local/lib/python3.8/site-packages/airflow/example_dags/example_branch_operator.py
[2024-03-19T19:03:26.241+0000] {processor.py:840} INFO - DAG(s) 'example_branch_operator' retrieved from /home/airflow/.local/lib/python3.8/site-packages/airflow/example_dags/example_branch_operator.py
[2024-03-19T19:03:26.253+0000] {logging_mixin.py:188} INFO - [2024-03-19T19:03:26.253+0000] {dag.py:3047} INFO - Sync 1 DAGs
[2024-03-19T19:03:26.263+0000] {logging_mixin.py:188} INFO - [2024-03-19T19:03:26.263+0000] {dag.py:3834} INFO - Setting next_dagrun for example_branch_operator to 2024-03-18 00:00:00+00:00, run_after=2024-03-19 00:00:00+00:00
[2024-03-19T19:03:26.271+0000] {processor.py:183} INFO - Processing /home/airflow/.local/lib/python3.8/site-packages/airflow/example_dags/example_branch_operator.py took 0.040 seconds
[2024-03-19T19:03:56.800+0000] {processor.py:161} INFO - Started process (PID=7913) to work on /home/airflow/.local/lib/python3.8/site-packages/airflow/example_dags/example_branch_operator.py
[2024-03-19T19:03:56.800+0000] {processor.py:830} INFO - Processing file /home/airflow/.local/lib/python3.8/site-packages/airflow/example_dags/example_branch_operator.py for tasks to queue
[2024-03-19T19:03:56.801+0000] {logging_mixin.py:188} INFO - [2024-03-19T19:03:56.800+0000] {dagbag.py:540} INFO - Filling up the DagBag from /home/airflow/.local/lib/python3.8/site-packages/airflow/example_dags/example_branch_operator.py
[2024-03-19T19:03:56.808+0000] {processor.py:840} INFO - DAG(s) 'example_branch_operator' retrieved from /home/airflow/.local/lib/python3.8/site-packages/airflow/example_dags/example_branch_operator.py
[2024-03-19T19:03:56.820+0000] {logging_mixin.py:188} INFO - [2024-03-19T19:03:56.820+0000] {dag.py:3047} INFO - Sync 1 DAGs
[2024-03-19T19:03:56.829+0000] {logging_mixin.py:188} INFO - [2024-03-19T19:03:56.829+0000] {dag.py:3834} INFO - Setting next_dagrun for example_branch_operator to 2024-03-18 00:00:00+00:00, run_after=2024-03-19 00:00:00+00:00
[2024-03-19T19:03:56.837+0000] {processor.py:183} INFO - Processing /home/airflow/.local/lib/python3.8/site-packages/airflow/example_dags/example_branch_operator.py took 0.039 seconds
[2024-03-19T19:04:27.341+0000] {processor.py:161} INFO - Started process (PID=8160) to work on /home/airflow/.local/lib/python3.8/site-packages/airflow/example_dags/example_branch_operator.py
[2024-03-19T19:04:27.342+0000] {processor.py:830} INFO - Processing file /home/airflow/.local/lib/python3.8/site-packages/airflow/example_dags/example_branch_operator.py for tasks to queue
[2024-03-19T19:04:27.342+0000] {logging_mixin.py:188} INFO - [2024-03-19T19:04:27.342+0000] {dagbag.py:540} INFO - Filling up the DagBag from /home/airflow/.local/lib/python3.8/site-packages/airflow/example_dags/example_branch_operator.py
[2024-03-19T19:04:27.350+0000] {processor.py:840} INFO - DAG(s) 'example_branch_operator' retrieved from /home/airflow/.local/lib/python3.8/site-packages/airflow/example_dags/example_branch_operator.py
[2024-03-19T19:04:27.362+0000] {logging_mixin.py:188} INFO - [2024-03-19T19:04:27.362+0000] {dag.py:3047} INFO - Sync 1 DAGs
[2024-03-19T19:04:27.371+0000] {logging_mixin.py:188} INFO - [2024-03-19T19:04:27.371+0000] {dag.py:3834} INFO - Setting next_dagrun for example_branch_operator to 2024-03-18 00:00:00+00:00, run_after=2024-03-19 00:00:00+00:00
[2024-03-19T19:04:27.378+0000] {processor.py:183} INFO - Processing /home/airflow/.local/lib/python3.8/site-packages/airflow/example_dags/example_branch_operator.py took 0.038 seconds
[2024-03-19T19:04:57.878+0000] {processor.py:161} INFO - Started process (PID=8407) to work on /home/airflow/.local/lib/python3.8/site-packages/airflow/example_dags/example_branch_operator.py
[2024-03-19T19:04:57.879+0000] {processor.py:830} INFO - Processing file /home/airflow/.local/lib/python3.8/site-packages/airflow/example_dags/example_branch_operator.py for tasks to queue
[2024-03-19T19:04:57.879+0000] {logging_mixin.py:188} INFO - [2024-03-19T19:04:57.879+0000] {dagbag.py:540} INFO - Filling up the DagBag from /home/airflow/.local/lib/python3.8/site-packages/airflow/example_dags/example_branch_operator.py
[2024-03-19T19:04:57.887+0000] {processor.py:840} INFO - DAG(s) 'example_branch_operator' retrieved from /home/airflow/.local/lib/python3.8/site-packages/airflow/example_dags/example_branch_operator.py
[2024-03-19T19:04:57.899+0000] {logging_mixin.py:188} INFO - [2024-03-19T19:04:57.899+0000] {dag.py:3047} INFO - Sync 1 DAGs
[2024-03-19T19:04:57.909+0000] {logging_mixin.py:188} INFO - [2024-03-19T19:04:57.908+0000] {dag.py:3834} INFO - Setting next_dagrun for example_branch_operator to 2024-03-18 00:00:00+00:00, run_after=2024-03-19 00:00:00+00:00
[2024-03-19T19:04:57.915+0000] {processor.py:183} INFO - Processing /home/airflow/.local/lib/python3.8/site-packages/airflow/example_dags/example_branch_operator.py took 0.039 seconds
[2024-03-19T19:05:28.381+0000] {processor.py:161} INFO - Started process (PID=8654) to work on /home/airflow/.local/lib/python3.8/site-packages/airflow/example_dags/example_branch_operator.py
[2024-03-19T19:05:28.382+0000] {processor.py:830} INFO - Processing file /home/airflow/.local/lib/python3.8/site-packages/airflow/example_dags/example_branch_operator.py for tasks to queue
[2024-03-19T19:05:28.382+0000] {logging_mixin.py:188} INFO - [2024-03-19T19:05:28.382+0000] {dagbag.py:540} INFO - Filling up the DagBag from /home/airflow/.local/lib/python3.8/site-packages/airflow/example_dags/example_branch_operator.py
[2024-03-19T19:05:28.391+0000] {processor.py:840} INFO - DAG(s) 'example_branch_operator' retrieved from /home/airflow/.local/lib/python3.8/site-packages/airflow/example_dags/example_branch_operator.py
[2024-03-19T19:05:28.405+0000] {logging_mixin.py:188} INFO - [2024-03-19T19:05:28.404+0000] {dag.py:3047} INFO - Sync 1 DAGs
[2024-03-19T19:05:28.414+0000] {logging_mixin.py:188} INFO - [2024-03-19T19:05:28.414+0000] {dag.py:3834} INFO - Setting next_dagrun for example_branch_operator to 2024-03-18 00:00:00+00:00, run_after=2024-03-19 00:00:00+00:00
[2024-03-19T19:05:28.422+0000] {processor.py:183} INFO - Processing /home/airflow/.local/lib/python3.8/site-packages/airflow/example_dags/example_branch_operator.py took 0.044 seconds
[2024-03-19T19:05:58.947+0000] {processor.py:161} INFO - Started process (PID=8901) to work on /home/airflow/.local/lib/python3.8/site-packages/airflow/example_dags/example_branch_operator.py
[2024-03-19T19:05:58.948+0000] {processor.py:830} INFO - Processing file /home/airflow/.local/lib/python3.8/site-packages/airflow/example_dags/example_branch_operator.py for tasks to queue
[2024-03-19T19:05:58.948+0000] {logging_mixin.py:188} INFO - [2024-03-19T19:05:58.948+0000] {dagbag.py:540} INFO - Filling up the DagBag from /home/airflow/.local/lib/python3.8/site-packages/airflow/example_dags/example_branch_operator.py
[2024-03-19T19:05:58.956+0000] {processor.py:840} INFO - DAG(s) 'example_branch_operator' retrieved from /home/airflow/.local/lib/python3.8/site-packages/airflow/example_dags/example_branch_operator.py
[2024-03-19T19:05:58.968+0000] {logging_mixin.py:188} INFO - [2024-03-19T19:05:58.968+0000] {dag.py:3047} INFO - Sync 1 DAGs
[2024-03-19T19:05:58.978+0000] {logging_mixin.py:188} INFO - [2024-03-19T19:05:58.978+0000] {dag.py:3834} INFO - Setting next_dagrun for example_branch_operator to 2024-03-18 00:00:00+00:00, run_after=2024-03-19 00:00:00+00:00
[2024-03-19T19:05:58.985+0000] {processor.py:183} INFO - Processing /home/airflow/.local/lib/python3.8/site-packages/airflow/example_dags/example_branch_operator.py took 0.039 seconds
