[2024-03-19T18:48:11.448+0000] {processor.py:161} INFO - Started process (PID=366) to work on /home/airflow/.local/lib/python3.8/site-packages/airflow/example_dags/example_latest_only.py
[2024-03-19T18:48:11.449+0000] {processor.py:830} INFO - Processing file /home/airflow/.local/lib/python3.8/site-packages/airflow/example_dags/example_latest_only.py for tasks to queue
[2024-03-19T18:48:11.449+0000] {logging_mixin.py:188} INFO - [2024-03-19T18:48:11.449+0000] {dagbag.py:540} INFO - Filling up the DagBag from /home/airflow/.local/lib/python3.8/site-packages/airflow/example_dags/example_latest_only.py
[2024-03-19T18:48:11.452+0000] {processor.py:840} INFO - DAG(s) 'latest_only' retrieved from /home/airflow/.local/lib/python3.8/site-packages/airflow/example_dags/example_latest_only.py
[2024-03-19T18:48:11.457+0000] {logging_mixin.py:188} INFO - [2024-03-19T18:48:11.457+0000] {dag.py:3047} INFO - Sync 1 DAGs
[2024-03-19T18:48:11.469+0000] {logging_mixin.py:188} INFO - [2024-03-19T18:48:11.469+0000] {dag.py:3834} INFO - Setting next_dagrun for latest_only to 2024-03-19 12:00:00+00:00, run_after=2024-03-19 16:00:00+00:00
[2024-03-19T18:48:11.478+0000] {processor.py:183} INFO - Processing /home/airflow/.local/lib/python3.8/site-packages/airflow/example_dags/example_latest_only.py took 0.031 seconds
[2024-03-19T18:48:42.615+0000] {processor.py:161} INFO - Started process (PID=615) to work on /home/airflow/.local/lib/python3.8/site-packages/airflow/example_dags/example_latest_only.py
[2024-03-19T18:48:42.615+0000] {processor.py:830} INFO - Processing file /home/airflow/.local/lib/python3.8/site-packages/airflow/example_dags/example_latest_only.py for tasks to queue
[2024-03-19T18:48:42.616+0000] {logging_mixin.py:188} INFO - [2024-03-19T18:48:42.616+0000] {dagbag.py:540} INFO - Filling up the DagBag from /home/airflow/.local/lib/python3.8/site-packages/airflow/example_dags/example_latest_only.py
[2024-03-19T18:48:42.618+0000] {processor.py:840} INFO - DAG(s) 'latest_only' retrieved from /home/airflow/.local/lib/python3.8/site-packages/airflow/example_dags/example_latest_only.py
[2024-03-19T18:48:42.666+0000] {logging_mixin.py:188} INFO - [2024-03-19T18:48:42.666+0000] {dag.py:3047} INFO - Sync 1 DAGs
[2024-03-19T18:48:42.675+0000] {logging_mixin.py:188} INFO - [2024-03-19T18:48:42.675+0000] {dag.py:3834} INFO - Setting next_dagrun for latest_only to 2024-03-19 12:00:00+00:00, run_after=2024-03-19 16:00:00+00:00
[2024-03-19T18:48:42.684+0000] {processor.py:183} INFO - Processing /home/airflow/.local/lib/python3.8/site-packages/airflow/example_dags/example_latest_only.py took 0.071 seconds
[2024-03-19T18:49:13.268+0000] {processor.py:161} INFO - Started process (PID=860) to work on /home/airflow/.local/lib/python3.8/site-packages/airflow/example_dags/example_latest_only.py
[2024-03-19T18:49:13.269+0000] {processor.py:830} INFO - Processing file /home/airflow/.local/lib/python3.8/site-packages/airflow/example_dags/example_latest_only.py for tasks to queue
[2024-03-19T18:49:13.269+0000] {logging_mixin.py:188} INFO - [2024-03-19T18:49:13.269+0000] {dagbag.py:540} INFO - Filling up the DagBag from /home/airflow/.local/lib/python3.8/site-packages/airflow/example_dags/example_latest_only.py
[2024-03-19T18:49:13.272+0000] {processor.py:840} INFO - DAG(s) 'latest_only' retrieved from /home/airflow/.local/lib/python3.8/site-packages/airflow/example_dags/example_latest_only.py
[2024-03-19T18:49:13.280+0000] {logging_mixin.py:188} INFO - [2024-03-19T18:49:13.280+0000] {dag.py:3047} INFO - Sync 1 DAGs
[2024-03-19T18:49:13.288+0000] {logging_mixin.py:188} INFO - [2024-03-19T18:49:13.288+0000] {dag.py:3834} INFO - Setting next_dagrun for latest_only to 2024-03-19 12:00:00+00:00, run_after=2024-03-19 16:00:00+00:00
[2024-03-19T18:49:13.295+0000] {processor.py:183} INFO - Processing /home/airflow/.local/lib/python3.8/site-packages/airflow/example_dags/example_latest_only.py took 0.028 seconds
[2024-03-19T18:49:43.739+0000] {processor.py:161} INFO - Started process (PID=1107) to work on /home/airflow/.local/lib/python3.8/site-packages/airflow/example_dags/example_latest_only.py
[2024-03-19T18:49:43.739+0000] {processor.py:830} INFO - Processing file /home/airflow/.local/lib/python3.8/site-packages/airflow/example_dags/example_latest_only.py for tasks to queue
[2024-03-19T18:49:43.740+0000] {logging_mixin.py:188} INFO - [2024-03-19T18:49:43.740+0000] {dagbag.py:540} INFO - Filling up the DagBag from /home/airflow/.local/lib/python3.8/site-packages/airflow/example_dags/example_latest_only.py
[2024-03-19T18:49:43.742+0000] {processor.py:840} INFO - DAG(s) 'latest_only' retrieved from /home/airflow/.local/lib/python3.8/site-packages/airflow/example_dags/example_latest_only.py
[2024-03-19T18:49:43.751+0000] {logging_mixin.py:188} INFO - [2024-03-19T18:49:43.751+0000] {dag.py:3047} INFO - Sync 1 DAGs
[2024-03-19T18:49:43.760+0000] {logging_mixin.py:188} INFO - [2024-03-19T18:49:43.760+0000] {dag.py:3834} INFO - Setting next_dagrun for latest_only to 2024-03-19 12:00:00+00:00, run_after=2024-03-19 16:00:00+00:00
[2024-03-19T18:49:43.767+0000] {processor.py:183} INFO - Processing /home/airflow/.local/lib/python3.8/site-packages/airflow/example_dags/example_latest_only.py took 0.029 seconds
[2024-03-19T18:50:14.317+0000] {processor.py:161} INFO - Started process (PID=1354) to work on /home/airflow/.local/lib/python3.8/site-packages/airflow/example_dags/example_latest_only.py
[2024-03-19T18:50:14.317+0000] {processor.py:830} INFO - Processing file /home/airflow/.local/lib/python3.8/site-packages/airflow/example_dags/example_latest_only.py for tasks to queue
[2024-03-19T18:50:14.318+0000] {logging_mixin.py:188} INFO - [2024-03-19T18:50:14.318+0000] {dagbag.py:540} INFO - Filling up the DagBag from /home/airflow/.local/lib/python3.8/site-packages/airflow/example_dags/example_latest_only.py
[2024-03-19T18:50:14.320+0000] {processor.py:840} INFO - DAG(s) 'latest_only' retrieved from /home/airflow/.local/lib/python3.8/site-packages/airflow/example_dags/example_latest_only.py
[2024-03-19T18:50:14.328+0000] {logging_mixin.py:188} INFO - [2024-03-19T18:50:14.328+0000] {dag.py:3047} INFO - Sync 1 DAGs
[2024-03-19T18:50:14.337+0000] {logging_mixin.py:188} INFO - [2024-03-19T18:50:14.337+0000] {dag.py:3834} INFO - Setting next_dagrun for latest_only to 2024-03-19 12:00:00+00:00, run_after=2024-03-19 16:00:00+00:00
[2024-03-19T18:50:14.344+0000] {processor.py:183} INFO - Processing /home/airflow/.local/lib/python3.8/site-packages/airflow/example_dags/example_latest_only.py took 0.029 seconds
[2024-03-19T18:50:45.232+0000] {processor.py:161} INFO - Started process (PID=1625) to work on /home/airflow/.local/lib/python3.8/site-packages/airflow/example_dags/example_latest_only.py
[2024-03-19T18:50:45.234+0000] {processor.py:830} INFO - Processing file /home/airflow/.local/lib/python3.8/site-packages/airflow/example_dags/example_latest_only.py for tasks to queue
[2024-03-19T18:50:45.236+0000] {logging_mixin.py:188} INFO - [2024-03-19T18:50:45.235+0000] {dagbag.py:540} INFO - Filling up the DagBag from /home/airflow/.local/lib/python3.8/site-packages/airflow/example_dags/example_latest_only.py
[2024-03-19T18:50:45.241+0000] {processor.py:840} INFO - DAG(s) 'latest_only' retrieved from /home/airflow/.local/lib/python3.8/site-packages/airflow/example_dags/example_latest_only.py
[2024-03-19T18:50:45.252+0000] {logging_mixin.py:188} INFO - [2024-03-19T18:50:45.252+0000] {dag.py:3047} INFO - Sync 1 DAGs
[2024-03-19T18:50:45.264+0000] {logging_mixin.py:188} INFO - [2024-03-19T18:50:45.264+0000] {dag.py:3834} INFO - Setting next_dagrun for latest_only to 2024-03-19 12:00:00+00:00, run_after=2024-03-19 16:00:00+00:00
[2024-03-19T18:50:45.280+0000] {processor.py:183} INFO - Processing /home/airflow/.local/lib/python3.8/site-packages/airflow/example_dags/example_latest_only.py took 0.050 seconds
[2024-03-19T18:51:15.690+0000] {processor.py:161} INFO - Started process (PID=1872) to work on /home/airflow/.local/lib/python3.8/site-packages/airflow/example_dags/example_latest_only.py
[2024-03-19T18:51:15.691+0000] {processor.py:830} INFO - Processing file /home/airflow/.local/lib/python3.8/site-packages/airflow/example_dags/example_latest_only.py for tasks to queue
[2024-03-19T18:51:15.691+0000] {logging_mixin.py:188} INFO - [2024-03-19T18:51:15.691+0000] {dagbag.py:540} INFO - Filling up the DagBag from /home/airflow/.local/lib/python3.8/site-packages/airflow/example_dags/example_latest_only.py
[2024-03-19T18:51:15.694+0000] {processor.py:840} INFO - DAG(s) 'latest_only' retrieved from /home/airflow/.local/lib/python3.8/site-packages/airflow/example_dags/example_latest_only.py
[2024-03-19T18:51:15.702+0000] {logging_mixin.py:188} INFO - [2024-03-19T18:51:15.701+0000] {dag.py:3047} INFO - Sync 1 DAGs
[2024-03-19T18:51:15.710+0000] {logging_mixin.py:188} INFO - [2024-03-19T18:51:15.710+0000] {dag.py:3834} INFO - Setting next_dagrun for latest_only to 2024-03-19 12:00:00+00:00, run_after=2024-03-19 16:00:00+00:00
[2024-03-19T18:51:15.717+0000] {processor.py:183} INFO - Processing /home/airflow/.local/lib/python3.8/site-packages/airflow/example_dags/example_latest_only.py took 0.029 seconds
[2024-03-19T18:51:46.079+0000] {processor.py:161} INFO - Started process (PID=2119) to work on /home/airflow/.local/lib/python3.8/site-packages/airflow/example_dags/example_latest_only.py
[2024-03-19T18:51:46.079+0000] {processor.py:830} INFO - Processing file /home/airflow/.local/lib/python3.8/site-packages/airflow/example_dags/example_latest_only.py for tasks to queue
[2024-03-19T18:51:46.080+0000] {logging_mixin.py:188} INFO - [2024-03-19T18:51:46.080+0000] {dagbag.py:540} INFO - Filling up the DagBag from /home/airflow/.local/lib/python3.8/site-packages/airflow/example_dags/example_latest_only.py
[2024-03-19T18:51:46.082+0000] {processor.py:840} INFO - DAG(s) 'latest_only' retrieved from /home/airflow/.local/lib/python3.8/site-packages/airflow/example_dags/example_latest_only.py
[2024-03-19T18:51:46.090+0000] {logging_mixin.py:188} INFO - [2024-03-19T18:51:46.090+0000] {dag.py:3047} INFO - Sync 1 DAGs
[2024-03-19T18:51:46.099+0000] {logging_mixin.py:188} INFO - [2024-03-19T18:51:46.099+0000] {dag.py:3834} INFO - Setting next_dagrun for latest_only to 2024-03-19 12:00:00+00:00, run_after=2024-03-19 16:00:00+00:00
[2024-03-19T18:51:46.106+0000] {processor.py:183} INFO - Processing /home/airflow/.local/lib/python3.8/site-packages/airflow/example_dags/example_latest_only.py took 0.029 seconds
[2024-03-19T18:52:16.491+0000] {processor.py:161} INFO - Started process (PID=2367) to work on /home/airflow/.local/lib/python3.8/site-packages/airflow/example_dags/example_latest_only.py
[2024-03-19T18:52:16.493+0000] {processor.py:830} INFO - Processing file /home/airflow/.local/lib/python3.8/site-packages/airflow/example_dags/example_latest_only.py for tasks to queue
[2024-03-19T18:52:16.493+0000] {logging_mixin.py:188} INFO - [2024-03-19T18:52:16.493+0000] {dagbag.py:540} INFO - Filling up the DagBag from /home/airflow/.local/lib/python3.8/site-packages/airflow/example_dags/example_latest_only.py
[2024-03-19T18:52:16.495+0000] {processor.py:840} INFO - DAG(s) 'latest_only' retrieved from /home/airflow/.local/lib/python3.8/site-packages/airflow/example_dags/example_latest_only.py
[2024-03-19T18:52:16.505+0000] {logging_mixin.py:188} INFO - [2024-03-19T18:52:16.505+0000] {dag.py:3047} INFO - Sync 1 DAGs
[2024-03-19T18:52:16.514+0000] {logging_mixin.py:188} INFO - [2024-03-19T18:52:16.514+0000] {dag.py:3834} INFO - Setting next_dagrun for latest_only to 2024-03-19 12:00:00+00:00, run_after=2024-03-19 16:00:00+00:00
[2024-03-19T18:52:16.522+0000] {processor.py:183} INFO - Processing /home/airflow/.local/lib/python3.8/site-packages/airflow/example_dags/example_latest_only.py took 0.032 seconds
[2024-03-19T18:52:46.933+0000] {processor.py:161} INFO - Started process (PID=2612) to work on /home/airflow/.local/lib/python3.8/site-packages/airflow/example_dags/example_latest_only.py
[2024-03-19T18:52:46.934+0000] {processor.py:830} INFO - Processing file /home/airflow/.local/lib/python3.8/site-packages/airflow/example_dags/example_latest_only.py for tasks to queue
[2024-03-19T18:52:46.934+0000] {logging_mixin.py:188} INFO - [2024-03-19T18:52:46.934+0000] {dagbag.py:540} INFO - Filling up the DagBag from /home/airflow/.local/lib/python3.8/site-packages/airflow/example_dags/example_latest_only.py
[2024-03-19T18:52:46.937+0000] {processor.py:840} INFO - DAG(s) 'latest_only' retrieved from /home/airflow/.local/lib/python3.8/site-packages/airflow/example_dags/example_latest_only.py
[2024-03-19T18:52:46.945+0000] {logging_mixin.py:188} INFO - [2024-03-19T18:52:46.945+0000] {dag.py:3047} INFO - Sync 1 DAGs
[2024-03-19T18:52:46.954+0000] {logging_mixin.py:188} INFO - [2024-03-19T18:52:46.954+0000] {dag.py:3834} INFO - Setting next_dagrun for latest_only to 2024-03-19 12:00:00+00:00, run_after=2024-03-19 16:00:00+00:00
[2024-03-19T18:52:46.961+0000] {processor.py:183} INFO - Processing /home/airflow/.local/lib/python3.8/site-packages/airflow/example_dags/example_latest_only.py took 0.029 seconds
[2024-03-19T18:53:17.403+0000] {processor.py:161} INFO - Started process (PID=2859) to work on /home/airflow/.local/lib/python3.8/site-packages/airflow/example_dags/example_latest_only.py
[2024-03-19T18:53:17.404+0000] {processor.py:830} INFO - Processing file /home/airflow/.local/lib/python3.8/site-packages/airflow/example_dags/example_latest_only.py for tasks to queue
[2024-03-19T18:53:17.404+0000] {logging_mixin.py:188} INFO - [2024-03-19T18:53:17.404+0000] {dagbag.py:540} INFO - Filling up the DagBag from /home/airflow/.local/lib/python3.8/site-packages/airflow/example_dags/example_latest_only.py
[2024-03-19T18:53:17.407+0000] {processor.py:840} INFO - DAG(s) 'latest_only' retrieved from /home/airflow/.local/lib/python3.8/site-packages/airflow/example_dags/example_latest_only.py
[2024-03-19T18:53:17.415+0000] {logging_mixin.py:188} INFO - [2024-03-19T18:53:17.415+0000] {dag.py:3047} INFO - Sync 1 DAGs
[2024-03-19T18:53:17.425+0000] {logging_mixin.py:188} INFO - [2024-03-19T18:53:17.424+0000] {dag.py:3834} INFO - Setting next_dagrun for latest_only to 2024-03-19 12:00:00+00:00, run_after=2024-03-19 16:00:00+00:00
[2024-03-19T18:53:17.432+0000] {processor.py:183} INFO - Processing /home/airflow/.local/lib/python3.8/site-packages/airflow/example_dags/example_latest_only.py took 0.030 seconds
[2024-03-19T18:53:48.149+0000] {processor.py:161} INFO - Started process (PID=3106) to work on /home/airflow/.local/lib/python3.8/site-packages/airflow/example_dags/example_latest_only.py
[2024-03-19T18:53:48.149+0000] {processor.py:830} INFO - Processing file /home/airflow/.local/lib/python3.8/site-packages/airflow/example_dags/example_latest_only.py for tasks to queue
[2024-03-19T18:53:48.150+0000] {logging_mixin.py:188} INFO - [2024-03-19T18:53:48.150+0000] {dagbag.py:540} INFO - Filling up the DagBag from /home/airflow/.local/lib/python3.8/site-packages/airflow/example_dags/example_latest_only.py
[2024-03-19T18:53:48.153+0000] {processor.py:840} INFO - DAG(s) 'latest_only' retrieved from /home/airflow/.local/lib/python3.8/site-packages/airflow/example_dags/example_latest_only.py
[2024-03-19T18:53:48.163+0000] {logging_mixin.py:188} INFO - [2024-03-19T18:53:48.163+0000] {dag.py:3047} INFO - Sync 1 DAGs
[2024-03-19T18:53:48.172+0000] {logging_mixin.py:188} INFO - [2024-03-19T18:53:48.172+0000] {dag.py:3834} INFO - Setting next_dagrun for latest_only to 2024-03-19 12:00:00+00:00, run_after=2024-03-19 16:00:00+00:00
[2024-03-19T18:53:48.180+0000] {processor.py:183} INFO - Processing /home/airflow/.local/lib/python3.8/site-packages/airflow/example_dags/example_latest_only.py took 0.033 seconds
[2024-03-19T18:54:18.707+0000] {processor.py:161} INFO - Started process (PID=3355) to work on /home/airflow/.local/lib/python3.8/site-packages/airflow/example_dags/example_latest_only.py
[2024-03-19T18:54:18.708+0000] {processor.py:830} INFO - Processing file /home/airflow/.local/lib/python3.8/site-packages/airflow/example_dags/example_latest_only.py for tasks to queue
[2024-03-19T18:54:18.708+0000] {logging_mixin.py:188} INFO - [2024-03-19T18:54:18.708+0000] {dagbag.py:540} INFO - Filling up the DagBag from /home/airflow/.local/lib/python3.8/site-packages/airflow/example_dags/example_latest_only.py
[2024-03-19T18:54:18.711+0000] {processor.py:840} INFO - DAG(s) 'latest_only' retrieved from /home/airflow/.local/lib/python3.8/site-packages/airflow/example_dags/example_latest_only.py
[2024-03-19T18:54:18.720+0000] {logging_mixin.py:188} INFO - [2024-03-19T18:54:18.720+0000] {dag.py:3047} INFO - Sync 1 DAGs
[2024-03-19T18:54:18.729+0000] {logging_mixin.py:188} INFO - [2024-03-19T18:54:18.729+0000] {dag.py:3834} INFO - Setting next_dagrun for latest_only to 2024-03-19 12:00:00+00:00, run_after=2024-03-19 16:00:00+00:00
[2024-03-19T18:54:18.736+0000] {processor.py:183} INFO - Processing /home/airflow/.local/lib/python3.8/site-packages/airflow/example_dags/example_latest_only.py took 0.030 seconds
[2024-03-19T18:54:49.113+0000] {processor.py:161} INFO - Started process (PID=3600) to work on /home/airflow/.local/lib/python3.8/site-packages/airflow/example_dags/example_latest_only.py
[2024-03-19T18:54:49.113+0000] {processor.py:830} INFO - Processing file /home/airflow/.local/lib/python3.8/site-packages/airflow/example_dags/example_latest_only.py for tasks to queue
[2024-03-19T18:54:49.114+0000] {logging_mixin.py:188} INFO - [2024-03-19T18:54:49.114+0000] {dagbag.py:540} INFO - Filling up the DagBag from /home/airflow/.local/lib/python3.8/site-packages/airflow/example_dags/example_latest_only.py
[2024-03-19T18:54:49.116+0000] {processor.py:840} INFO - DAG(s) 'latest_only' retrieved from /home/airflow/.local/lib/python3.8/site-packages/airflow/example_dags/example_latest_only.py
[2024-03-19T18:54:49.124+0000] {logging_mixin.py:188} INFO - [2024-03-19T18:54:49.124+0000] {dag.py:3047} INFO - Sync 1 DAGs
[2024-03-19T18:54:49.133+0000] {logging_mixin.py:188} INFO - [2024-03-19T18:54:49.132+0000] {dag.py:3834} INFO - Setting next_dagrun for latest_only to 2024-03-19 12:00:00+00:00, run_after=2024-03-19 16:00:00+00:00
[2024-03-19T18:54:49.139+0000] {processor.py:183} INFO - Processing /home/airflow/.local/lib/python3.8/site-packages/airflow/example_dags/example_latest_only.py took 0.028 seconds
[2024-03-19T18:55:19.564+0000] {processor.py:161} INFO - Started process (PID=3847) to work on /home/airflow/.local/lib/python3.8/site-packages/airflow/example_dags/example_latest_only.py
[2024-03-19T18:55:19.565+0000] {processor.py:830} INFO - Processing file /home/airflow/.local/lib/python3.8/site-packages/airflow/example_dags/example_latest_only.py for tasks to queue
[2024-03-19T18:55:19.565+0000] {logging_mixin.py:188} INFO - [2024-03-19T18:55:19.565+0000] {dagbag.py:540} INFO - Filling up the DagBag from /home/airflow/.local/lib/python3.8/site-packages/airflow/example_dags/example_latest_only.py
[2024-03-19T18:55:19.568+0000] {processor.py:840} INFO - DAG(s) 'latest_only' retrieved from /home/airflow/.local/lib/python3.8/site-packages/airflow/example_dags/example_latest_only.py
[2024-03-19T18:55:19.577+0000] {logging_mixin.py:188} INFO - [2024-03-19T18:55:19.577+0000] {dag.py:3047} INFO - Sync 1 DAGs
[2024-03-19T18:55:19.586+0000] {logging_mixin.py:188} INFO - [2024-03-19T18:55:19.586+0000] {dag.py:3834} INFO - Setting next_dagrun for latest_only to 2024-03-19 12:00:00+00:00, run_after=2024-03-19 16:00:00+00:00
[2024-03-19T18:55:19.594+0000] {processor.py:183} INFO - Processing /home/airflow/.local/lib/python3.8/site-packages/airflow/example_dags/example_latest_only.py took 0.031 seconds
[2024-03-19T18:55:50.083+0000] {processor.py:161} INFO - Started process (PID=4096) to work on /home/airflow/.local/lib/python3.8/site-packages/airflow/example_dags/example_latest_only.py
[2024-03-19T18:55:50.083+0000] {processor.py:830} INFO - Processing file /home/airflow/.local/lib/python3.8/site-packages/airflow/example_dags/example_latest_only.py for tasks to queue
[2024-03-19T18:55:50.084+0000] {logging_mixin.py:188} INFO - [2024-03-19T18:55:50.083+0000] {dagbag.py:540} INFO - Filling up the DagBag from /home/airflow/.local/lib/python3.8/site-packages/airflow/example_dags/example_latest_only.py
[2024-03-19T18:55:50.086+0000] {processor.py:840} INFO - DAG(s) 'latest_only' retrieved from /home/airflow/.local/lib/python3.8/site-packages/airflow/example_dags/example_latest_only.py
[2024-03-19T18:55:50.096+0000] {logging_mixin.py:188} INFO - [2024-03-19T18:55:50.096+0000] {dag.py:3047} INFO - Sync 1 DAGs
[2024-03-19T18:55:50.107+0000] {logging_mixin.py:188} INFO - [2024-03-19T18:55:50.106+0000] {dag.py:3834} INFO - Setting next_dagrun for latest_only to 2024-03-19 12:00:00+00:00, run_after=2024-03-19 16:00:00+00:00
[2024-03-19T18:55:50.115+0000] {processor.py:183} INFO - Processing /home/airflow/.local/lib/python3.8/site-packages/airflow/example_dags/example_latest_only.py took 0.034 seconds
[2024-03-19T18:56:20.559+0000] {processor.py:161} INFO - Started process (PID=4341) to work on /home/airflow/.local/lib/python3.8/site-packages/airflow/example_dags/example_latest_only.py
[2024-03-19T18:56:20.559+0000] {processor.py:830} INFO - Processing file /home/airflow/.local/lib/python3.8/site-packages/airflow/example_dags/example_latest_only.py for tasks to queue
[2024-03-19T18:56:20.560+0000] {logging_mixin.py:188} INFO - [2024-03-19T18:56:20.560+0000] {dagbag.py:540} INFO - Filling up the DagBag from /home/airflow/.local/lib/python3.8/site-packages/airflow/example_dags/example_latest_only.py
[2024-03-19T18:56:20.563+0000] {processor.py:840} INFO - DAG(s) 'latest_only' retrieved from /home/airflow/.local/lib/python3.8/site-packages/airflow/example_dags/example_latest_only.py
[2024-03-19T18:56:20.571+0000] {logging_mixin.py:188} INFO - [2024-03-19T18:56:20.571+0000] {dag.py:3047} INFO - Sync 1 DAGs
[2024-03-19T18:56:20.581+0000] {logging_mixin.py:188} INFO - [2024-03-19T18:56:20.581+0000] {dag.py:3834} INFO - Setting next_dagrun for latest_only to 2024-03-19 12:00:00+00:00, run_after=2024-03-19 16:00:00+00:00
[2024-03-19T18:56:20.587+0000] {processor.py:183} INFO - Processing /home/airflow/.local/lib/python3.8/site-packages/airflow/example_dags/example_latest_only.py took 0.030 seconds
[2024-03-19T18:56:51.026+0000] {processor.py:161} INFO - Started process (PID=4587) to work on /home/airflow/.local/lib/python3.8/site-packages/airflow/example_dags/example_latest_only.py
[2024-03-19T18:56:51.027+0000] {processor.py:830} INFO - Processing file /home/airflow/.local/lib/python3.8/site-packages/airflow/example_dags/example_latest_only.py for tasks to queue
[2024-03-19T18:56:51.027+0000] {logging_mixin.py:188} INFO - [2024-03-19T18:56:51.027+0000] {dagbag.py:540} INFO - Filling up the DagBag from /home/airflow/.local/lib/python3.8/site-packages/airflow/example_dags/example_latest_only.py
[2024-03-19T18:56:51.030+0000] {processor.py:840} INFO - DAG(s) 'latest_only' retrieved from /home/airflow/.local/lib/python3.8/site-packages/airflow/example_dags/example_latest_only.py
[2024-03-19T18:56:51.039+0000] {logging_mixin.py:188} INFO - [2024-03-19T18:56:51.039+0000] {dag.py:3047} INFO - Sync 1 DAGs
[2024-03-19T18:56:51.048+0000] {logging_mixin.py:188} INFO - [2024-03-19T18:56:51.048+0000] {dag.py:3834} INFO - Setting next_dagrun for latest_only to 2024-03-19 12:00:00+00:00, run_after=2024-03-19 16:00:00+00:00
[2024-03-19T18:56:51.055+0000] {processor.py:183} INFO - Processing /home/airflow/.local/lib/python3.8/site-packages/airflow/example_dags/example_latest_only.py took 0.030 seconds
[2024-03-19T18:57:21.621+0000] {processor.py:161} INFO - Started process (PID=4834) to work on /home/airflow/.local/lib/python3.8/site-packages/airflow/example_dags/example_latest_only.py
[2024-03-19T18:57:21.621+0000] {processor.py:830} INFO - Processing file /home/airflow/.local/lib/python3.8/site-packages/airflow/example_dags/example_latest_only.py for tasks to queue
[2024-03-19T18:57:21.622+0000] {logging_mixin.py:188} INFO - [2024-03-19T18:57:21.622+0000] {dagbag.py:540} INFO - Filling up the DagBag from /home/airflow/.local/lib/python3.8/site-packages/airflow/example_dags/example_latest_only.py
[2024-03-19T18:57:21.624+0000] {processor.py:840} INFO - DAG(s) 'latest_only' retrieved from /home/airflow/.local/lib/python3.8/site-packages/airflow/example_dags/example_latest_only.py
[2024-03-19T18:57:21.633+0000] {logging_mixin.py:188} INFO - [2024-03-19T18:57:21.633+0000] {dag.py:3047} INFO - Sync 1 DAGs
[2024-03-19T18:57:21.643+0000] {logging_mixin.py:188} INFO - [2024-03-19T18:57:21.643+0000] {dag.py:3834} INFO - Setting next_dagrun for latest_only to 2024-03-19 12:00:00+00:00, run_after=2024-03-19 16:00:00+00:00
[2024-03-19T18:57:21.650+0000] {processor.py:183} INFO - Processing /home/airflow/.local/lib/python3.8/site-packages/airflow/example_dags/example_latest_only.py took 0.031 seconds
[2024-03-19T18:57:52.107+0000] {processor.py:161} INFO - Started process (PID=5081) to work on /home/airflow/.local/lib/python3.8/site-packages/airflow/example_dags/example_latest_only.py
[2024-03-19T18:57:52.108+0000] {processor.py:830} INFO - Processing file /home/airflow/.local/lib/python3.8/site-packages/airflow/example_dags/example_latest_only.py for tasks to queue
[2024-03-19T18:57:52.108+0000] {logging_mixin.py:188} INFO - [2024-03-19T18:57:52.108+0000] {dagbag.py:540} INFO - Filling up the DagBag from /home/airflow/.local/lib/python3.8/site-packages/airflow/example_dags/example_latest_only.py
[2024-03-19T18:57:52.112+0000] {processor.py:840} INFO - DAG(s) 'latest_only' retrieved from /home/airflow/.local/lib/python3.8/site-packages/airflow/example_dags/example_latest_only.py
[2024-03-19T18:57:52.121+0000] {logging_mixin.py:188} INFO - [2024-03-19T18:57:52.121+0000] {dag.py:3047} INFO - Sync 1 DAGs
[2024-03-19T18:57:52.132+0000] {logging_mixin.py:188} INFO - [2024-03-19T18:57:52.132+0000] {dag.py:3834} INFO - Setting next_dagrun for latest_only to 2024-03-19 12:00:00+00:00, run_after=2024-03-19 16:00:00+00:00
[2024-03-19T18:57:52.140+0000] {processor.py:183} INFO - Processing /home/airflow/.local/lib/python3.8/site-packages/airflow/example_dags/example_latest_only.py took 0.035 seconds
[2024-03-19T18:58:22.648+0000] {processor.py:161} INFO - Started process (PID=5328) to work on /home/airflow/.local/lib/python3.8/site-packages/airflow/example_dags/example_latest_only.py
[2024-03-19T18:58:22.648+0000] {processor.py:830} INFO - Processing file /home/airflow/.local/lib/python3.8/site-packages/airflow/example_dags/example_latest_only.py for tasks to queue
[2024-03-19T18:58:22.649+0000] {logging_mixin.py:188} INFO - [2024-03-19T18:58:22.649+0000] {dagbag.py:540} INFO - Filling up the DagBag from /home/airflow/.local/lib/python3.8/site-packages/airflow/example_dags/example_latest_only.py
[2024-03-19T18:58:22.651+0000] {processor.py:840} INFO - DAG(s) 'latest_only' retrieved from /home/airflow/.local/lib/python3.8/site-packages/airflow/example_dags/example_latest_only.py
[2024-03-19T18:58:22.660+0000] {logging_mixin.py:188} INFO - [2024-03-19T18:58:22.660+0000] {dag.py:3047} INFO - Sync 1 DAGs
[2024-03-19T18:58:22.669+0000] {logging_mixin.py:188} INFO - [2024-03-19T18:58:22.669+0000] {dag.py:3834} INFO - Setting next_dagrun for latest_only to 2024-03-19 12:00:00+00:00, run_after=2024-03-19 16:00:00+00:00
[2024-03-19T18:58:22.676+0000] {processor.py:183} INFO - Processing /home/airflow/.local/lib/python3.8/site-packages/airflow/example_dags/example_latest_only.py took 0.030 seconds
[2024-03-19T18:58:53.321+0000] {processor.py:161} INFO - Started process (PID=5575) to work on /home/airflow/.local/lib/python3.8/site-packages/airflow/example_dags/example_latest_only.py
[2024-03-19T18:58:53.321+0000] {processor.py:830} INFO - Processing file /home/airflow/.local/lib/python3.8/site-packages/airflow/example_dags/example_latest_only.py for tasks to queue
[2024-03-19T18:58:53.322+0000] {logging_mixin.py:188} INFO - [2024-03-19T18:58:53.321+0000] {dagbag.py:540} INFO - Filling up the DagBag from /home/airflow/.local/lib/python3.8/site-packages/airflow/example_dags/example_latest_only.py
[2024-03-19T18:58:53.324+0000] {processor.py:840} INFO - DAG(s) 'latest_only' retrieved from /home/airflow/.local/lib/python3.8/site-packages/airflow/example_dags/example_latest_only.py
[2024-03-19T18:58:53.332+0000] {logging_mixin.py:188} INFO - [2024-03-19T18:58:53.332+0000] {dag.py:3047} INFO - Sync 1 DAGs
[2024-03-19T18:58:53.341+0000] {logging_mixin.py:188} INFO - [2024-03-19T18:58:53.341+0000] {dag.py:3834} INFO - Setting next_dagrun for latest_only to 2024-03-19 12:00:00+00:00, run_after=2024-03-19 16:00:00+00:00
[2024-03-19T18:58:53.348+0000] {processor.py:183} INFO - Processing /home/airflow/.local/lib/python3.8/site-packages/airflow/example_dags/example_latest_only.py took 0.029 seconds
[2024-03-19T18:59:23.812+0000] {processor.py:161} INFO - Started process (PID=5822) to work on /home/airflow/.local/lib/python3.8/site-packages/airflow/example_dags/example_latest_only.py
[2024-03-19T18:59:23.813+0000] {processor.py:830} INFO - Processing file /home/airflow/.local/lib/python3.8/site-packages/airflow/example_dags/example_latest_only.py for tasks to queue
[2024-03-19T18:59:23.814+0000] {logging_mixin.py:188} INFO - [2024-03-19T18:59:23.814+0000] {dagbag.py:540} INFO - Filling up the DagBag from /home/airflow/.local/lib/python3.8/site-packages/airflow/example_dags/example_latest_only.py
[2024-03-19T18:59:23.817+0000] {processor.py:840} INFO - DAG(s) 'latest_only' retrieved from /home/airflow/.local/lib/python3.8/site-packages/airflow/example_dags/example_latest_only.py
[2024-03-19T18:59:23.825+0000] {logging_mixin.py:188} INFO - [2024-03-19T18:59:23.825+0000] {dag.py:3047} INFO - Sync 1 DAGs
[2024-03-19T18:59:23.834+0000] {logging_mixin.py:188} INFO - [2024-03-19T18:59:23.834+0000] {dag.py:3834} INFO - Setting next_dagrun for latest_only to 2024-03-19 12:00:00+00:00, run_after=2024-03-19 16:00:00+00:00
[2024-03-19T18:59:23.841+0000] {processor.py:183} INFO - Processing /home/airflow/.local/lib/python3.8/site-packages/airflow/example_dags/example_latest_only.py took 0.030 seconds
[2024-03-19T18:59:54.435+0000] {processor.py:161} INFO - Started process (PID=6068) to work on /home/airflow/.local/lib/python3.8/site-packages/airflow/example_dags/example_latest_only.py
[2024-03-19T18:59:54.436+0000] {processor.py:830} INFO - Processing file /home/airflow/.local/lib/python3.8/site-packages/airflow/example_dags/example_latest_only.py for tasks to queue
[2024-03-19T18:59:54.436+0000] {logging_mixin.py:188} INFO - [2024-03-19T18:59:54.436+0000] {dagbag.py:540} INFO - Filling up the DagBag from /home/airflow/.local/lib/python3.8/site-packages/airflow/example_dags/example_latest_only.py
[2024-03-19T18:59:54.439+0000] {processor.py:840} INFO - DAG(s) 'latest_only' retrieved from /home/airflow/.local/lib/python3.8/site-packages/airflow/example_dags/example_latest_only.py
[2024-03-19T18:59:54.448+0000] {logging_mixin.py:188} INFO - [2024-03-19T18:59:54.448+0000] {dag.py:3047} INFO - Sync 1 DAGs
[2024-03-19T18:59:54.457+0000] {logging_mixin.py:188} INFO - [2024-03-19T18:59:54.457+0000] {dag.py:3834} INFO - Setting next_dagrun for latest_only to 2024-03-19 12:00:00+00:00, run_after=2024-03-19 16:00:00+00:00
[2024-03-19T18:59:54.464+0000] {processor.py:183} INFO - Processing /home/airflow/.local/lib/python3.8/site-packages/airflow/example_dags/example_latest_only.py took 0.030 seconds
[2024-03-19T19:00:24.915+0000] {processor.py:161} INFO - Started process (PID=6315) to work on /home/airflow/.local/lib/python3.8/site-packages/airflow/example_dags/example_latest_only.py
[2024-03-19T19:00:24.916+0000] {processor.py:830} INFO - Processing file /home/airflow/.local/lib/python3.8/site-packages/airflow/example_dags/example_latest_only.py for tasks to queue
[2024-03-19T19:00:24.916+0000] {logging_mixin.py:188} INFO - [2024-03-19T19:00:24.916+0000] {dagbag.py:540} INFO - Filling up the DagBag from /home/airflow/.local/lib/python3.8/site-packages/airflow/example_dags/example_latest_only.py
[2024-03-19T19:00:24.919+0000] {processor.py:840} INFO - DAG(s) 'latest_only' retrieved from /home/airflow/.local/lib/python3.8/site-packages/airflow/example_dags/example_latest_only.py
[2024-03-19T19:00:24.927+0000] {logging_mixin.py:188} INFO - [2024-03-19T19:00:24.927+0000] {dag.py:3047} INFO - Sync 1 DAGs
[2024-03-19T19:00:24.936+0000] {logging_mixin.py:188} INFO - [2024-03-19T19:00:24.936+0000] {dag.py:3834} INFO - Setting next_dagrun for latest_only to 2024-03-19 12:00:00+00:00, run_after=2024-03-19 16:00:00+00:00
[2024-03-19T19:00:24.943+0000] {processor.py:183} INFO - Processing /home/airflow/.local/lib/python3.8/site-packages/airflow/example_dags/example_latest_only.py took 0.029 seconds
[2024-03-19T19:00:55.467+0000] {processor.py:161} INFO - Started process (PID=6562) to work on /home/airflow/.local/lib/python3.8/site-packages/airflow/example_dags/example_latest_only.py
[2024-03-19T19:00:55.468+0000] {processor.py:830} INFO - Processing file /home/airflow/.local/lib/python3.8/site-packages/airflow/example_dags/example_latest_only.py for tasks to queue
[2024-03-19T19:00:55.468+0000] {logging_mixin.py:188} INFO - [2024-03-19T19:00:55.468+0000] {dagbag.py:540} INFO - Filling up the DagBag from /home/airflow/.local/lib/python3.8/site-packages/airflow/example_dags/example_latest_only.py
[2024-03-19T19:00:55.471+0000] {processor.py:840} INFO - DAG(s) 'latest_only' retrieved from /home/airflow/.local/lib/python3.8/site-packages/airflow/example_dags/example_latest_only.py
[2024-03-19T19:00:55.479+0000] {logging_mixin.py:188} INFO - [2024-03-19T19:00:55.479+0000] {dag.py:3047} INFO - Sync 1 DAGs
[2024-03-19T19:00:55.488+0000] {logging_mixin.py:188} INFO - [2024-03-19T19:00:55.488+0000] {dag.py:3834} INFO - Setting next_dagrun for latest_only to 2024-03-19 12:00:00+00:00, run_after=2024-03-19 16:00:00+00:00
[2024-03-19T19:00:55.496+0000] {processor.py:183} INFO - Processing /home/airflow/.local/lib/python3.8/site-packages/airflow/example_dags/example_latest_only.py took 0.030 seconds
[2024-03-19T19:01:25.881+0000] {processor.py:161} INFO - Started process (PID=6809) to work on /home/airflow/.local/lib/python3.8/site-packages/airflow/example_dags/example_latest_only.py
[2024-03-19T19:01:25.882+0000] {processor.py:830} INFO - Processing file /home/airflow/.local/lib/python3.8/site-packages/airflow/example_dags/example_latest_only.py for tasks to queue
[2024-03-19T19:01:25.882+0000] {logging_mixin.py:188} INFO - [2024-03-19T19:01:25.882+0000] {dagbag.py:540} INFO - Filling up the DagBag from /home/airflow/.local/lib/python3.8/site-packages/airflow/example_dags/example_latest_only.py
[2024-03-19T19:01:25.885+0000] {processor.py:840} INFO - DAG(s) 'latest_only' retrieved from /home/airflow/.local/lib/python3.8/site-packages/airflow/example_dags/example_latest_only.py
[2024-03-19T19:01:25.893+0000] {logging_mixin.py:188} INFO - [2024-03-19T19:01:25.893+0000] {dag.py:3047} INFO - Sync 1 DAGs
[2024-03-19T19:01:25.902+0000] {logging_mixin.py:188} INFO - [2024-03-19T19:01:25.902+0000] {dag.py:3834} INFO - Setting next_dagrun for latest_only to 2024-03-19 12:00:00+00:00, run_after=2024-03-19 16:00:00+00:00
[2024-03-19T19:01:25.908+0000] {processor.py:183} INFO - Processing /home/airflow/.local/lib/python3.8/site-packages/airflow/example_dags/example_latest_only.py took 0.028 seconds
[2024-03-19T19:01:56.417+0000] {processor.py:161} INFO - Started process (PID=7056) to work on /home/airflow/.local/lib/python3.8/site-packages/airflow/example_dags/example_latest_only.py
[2024-03-19T19:01:56.418+0000] {processor.py:830} INFO - Processing file /home/airflow/.local/lib/python3.8/site-packages/airflow/example_dags/example_latest_only.py for tasks to queue
[2024-03-19T19:01:56.418+0000] {logging_mixin.py:188} INFO - [2024-03-19T19:01:56.418+0000] {dagbag.py:540} INFO - Filling up the DagBag from /home/airflow/.local/lib/python3.8/site-packages/airflow/example_dags/example_latest_only.py
[2024-03-19T19:01:56.421+0000] {processor.py:840} INFO - DAG(s) 'latest_only' retrieved from /home/airflow/.local/lib/python3.8/site-packages/airflow/example_dags/example_latest_only.py
[2024-03-19T19:01:56.430+0000] {logging_mixin.py:188} INFO - [2024-03-19T19:01:56.430+0000] {dag.py:3047} INFO - Sync 1 DAGs
[2024-03-19T19:01:56.440+0000] {logging_mixin.py:188} INFO - [2024-03-19T19:01:56.440+0000] {dag.py:3834} INFO - Setting next_dagrun for latest_only to 2024-03-19 12:00:00+00:00, run_after=2024-03-19 16:00:00+00:00
[2024-03-19T19:01:56.447+0000] {processor.py:183} INFO - Processing /home/airflow/.local/lib/python3.8/site-packages/airflow/example_dags/example_latest_only.py took 0.032 seconds
[2024-03-19T19:02:26.905+0000] {processor.py:161} INFO - Started process (PID=7302) to work on /home/airflow/.local/lib/python3.8/site-packages/airflow/example_dags/example_latest_only.py
[2024-03-19T19:02:26.906+0000] {processor.py:830} INFO - Processing file /home/airflow/.local/lib/python3.8/site-packages/airflow/example_dags/example_latest_only.py for tasks to queue
[2024-03-19T19:02:26.907+0000] {logging_mixin.py:188} INFO - [2024-03-19T19:02:26.906+0000] {dagbag.py:540} INFO - Filling up the DagBag from /home/airflow/.local/lib/python3.8/site-packages/airflow/example_dags/example_latest_only.py
[2024-03-19T19:02:26.909+0000] {processor.py:840} INFO - DAG(s) 'latest_only' retrieved from /home/airflow/.local/lib/python3.8/site-packages/airflow/example_dags/example_latest_only.py
[2024-03-19T19:02:26.918+0000] {logging_mixin.py:188} INFO - [2024-03-19T19:02:26.918+0000] {dag.py:3047} INFO - Sync 1 DAGs
[2024-03-19T19:02:26.927+0000] {logging_mixin.py:188} INFO - [2024-03-19T19:02:26.926+0000] {dag.py:3834} INFO - Setting next_dagrun for latest_only to 2024-03-19 12:00:00+00:00, run_after=2024-03-19 16:00:00+00:00
[2024-03-19T19:02:26.933+0000] {processor.py:183} INFO - Processing /home/airflow/.local/lib/python3.8/site-packages/airflow/example_dags/example_latest_only.py took 0.029 seconds
[2024-03-19T19:02:57.383+0000] {processor.py:161} INFO - Started process (PID=7551) to work on /home/airflow/.local/lib/python3.8/site-packages/airflow/example_dags/example_latest_only.py
[2024-03-19T19:02:57.384+0000] {processor.py:830} INFO - Processing file /home/airflow/.local/lib/python3.8/site-packages/airflow/example_dags/example_latest_only.py for tasks to queue
[2024-03-19T19:02:57.384+0000] {logging_mixin.py:188} INFO - [2024-03-19T19:02:57.384+0000] {dagbag.py:540} INFO - Filling up the DagBag from /home/airflow/.local/lib/python3.8/site-packages/airflow/example_dags/example_latest_only.py
[2024-03-19T19:02:57.387+0000] {processor.py:840} INFO - DAG(s) 'latest_only' retrieved from /home/airflow/.local/lib/python3.8/site-packages/airflow/example_dags/example_latest_only.py
[2024-03-19T19:02:57.396+0000] {logging_mixin.py:188} INFO - [2024-03-19T19:02:57.395+0000] {dag.py:3047} INFO - Sync 1 DAGs
[2024-03-19T19:02:57.405+0000] {logging_mixin.py:188} INFO - [2024-03-19T19:02:57.404+0000] {dag.py:3834} INFO - Setting next_dagrun for latest_only to 2024-03-19 12:00:00+00:00, run_after=2024-03-19 16:00:00+00:00
[2024-03-19T19:02:57.412+0000] {processor.py:183} INFO - Processing /home/airflow/.local/lib/python3.8/site-packages/airflow/example_dags/example_latest_only.py took 0.030 seconds
[2024-03-19T19:03:27.877+0000] {processor.py:161} INFO - Started process (PID=7796) to work on /home/airflow/.local/lib/python3.8/site-packages/airflow/example_dags/example_latest_only.py
[2024-03-19T19:03:27.878+0000] {processor.py:830} INFO - Processing file /home/airflow/.local/lib/python3.8/site-packages/airflow/example_dags/example_latest_only.py for tasks to queue
[2024-03-19T19:03:27.878+0000] {logging_mixin.py:188} INFO - [2024-03-19T19:03:27.878+0000] {dagbag.py:540} INFO - Filling up the DagBag from /home/airflow/.local/lib/python3.8/site-packages/airflow/example_dags/example_latest_only.py
[2024-03-19T19:03:27.881+0000] {processor.py:840} INFO - DAG(s) 'latest_only' retrieved from /home/airflow/.local/lib/python3.8/site-packages/airflow/example_dags/example_latest_only.py
[2024-03-19T19:03:27.888+0000] {logging_mixin.py:188} INFO - [2024-03-19T19:03:27.888+0000] {dag.py:3047} INFO - Sync 1 DAGs
[2024-03-19T19:03:27.897+0000] {logging_mixin.py:188} INFO - [2024-03-19T19:03:27.897+0000] {dag.py:3834} INFO - Setting next_dagrun for latest_only to 2024-03-19 12:00:00+00:00, run_after=2024-03-19 16:00:00+00:00
[2024-03-19T19:03:27.904+0000] {processor.py:183} INFO - Processing /home/airflow/.local/lib/python3.8/site-packages/airflow/example_dags/example_latest_only.py took 0.029 seconds
[2024-03-19T19:03:58.406+0000] {processor.py:161} INFO - Started process (PID=8043) to work on /home/airflow/.local/lib/python3.8/site-packages/airflow/example_dags/example_latest_only.py
[2024-03-19T19:03:58.407+0000] {processor.py:830} INFO - Processing file /home/airflow/.local/lib/python3.8/site-packages/airflow/example_dags/example_latest_only.py for tasks to queue
[2024-03-19T19:03:58.407+0000] {logging_mixin.py:188} INFO - [2024-03-19T19:03:58.407+0000] {dagbag.py:540} INFO - Filling up the DagBag from /home/airflow/.local/lib/python3.8/site-packages/airflow/example_dags/example_latest_only.py
[2024-03-19T19:03:58.410+0000] {processor.py:840} INFO - DAG(s) 'latest_only' retrieved from /home/airflow/.local/lib/python3.8/site-packages/airflow/example_dags/example_latest_only.py
[2024-03-19T19:03:58.418+0000] {logging_mixin.py:188} INFO - [2024-03-19T19:03:58.418+0000] {dag.py:3047} INFO - Sync 1 DAGs
[2024-03-19T19:03:58.427+0000] {logging_mixin.py:188} INFO - [2024-03-19T19:03:58.427+0000] {dag.py:3834} INFO - Setting next_dagrun for latest_only to 2024-03-19 12:00:00+00:00, run_after=2024-03-19 16:00:00+00:00
[2024-03-19T19:03:58.434+0000] {processor.py:183} INFO - Processing /home/airflow/.local/lib/python3.8/site-packages/airflow/example_dags/example_latest_only.py took 0.029 seconds
[2024-03-19T19:04:28.962+0000] {processor.py:161} INFO - Started process (PID=8290) to work on /home/airflow/.local/lib/python3.8/site-packages/airflow/example_dags/example_latest_only.py
[2024-03-19T19:04:28.963+0000] {processor.py:830} INFO - Processing file /home/airflow/.local/lib/python3.8/site-packages/airflow/example_dags/example_latest_only.py for tasks to queue
[2024-03-19T19:04:28.963+0000] {logging_mixin.py:188} INFO - [2024-03-19T19:04:28.963+0000] {dagbag.py:540} INFO - Filling up the DagBag from /home/airflow/.local/lib/python3.8/site-packages/airflow/example_dags/example_latest_only.py
[2024-03-19T19:04:28.966+0000] {processor.py:840} INFO - DAG(s) 'latest_only' retrieved from /home/airflow/.local/lib/python3.8/site-packages/airflow/example_dags/example_latest_only.py
[2024-03-19T19:04:28.973+0000] {logging_mixin.py:188} INFO - [2024-03-19T19:04:28.973+0000] {dag.py:3047} INFO - Sync 1 DAGs
[2024-03-19T19:04:28.983+0000] {logging_mixin.py:188} INFO - [2024-03-19T19:04:28.983+0000] {dag.py:3834} INFO - Setting next_dagrun for latest_only to 2024-03-19 12:00:00+00:00, run_after=2024-03-19 16:00:00+00:00
[2024-03-19T19:04:28.990+0000] {processor.py:183} INFO - Processing /home/airflow/.local/lib/python3.8/site-packages/airflow/example_dags/example_latest_only.py took 0.029 seconds
[2024-03-19T19:04:59.510+0000] {processor.py:161} INFO - Started process (PID=8537) to work on /home/airflow/.local/lib/python3.8/site-packages/airflow/example_dags/example_latest_only.py
[2024-03-19T19:04:59.510+0000] {processor.py:830} INFO - Processing file /home/airflow/.local/lib/python3.8/site-packages/airflow/example_dags/example_latest_only.py for tasks to queue
[2024-03-19T19:04:59.511+0000] {logging_mixin.py:188} INFO - [2024-03-19T19:04:59.511+0000] {dagbag.py:540} INFO - Filling up the DagBag from /home/airflow/.local/lib/python3.8/site-packages/airflow/example_dags/example_latest_only.py
[2024-03-19T19:04:59.513+0000] {processor.py:840} INFO - DAG(s) 'latest_only' retrieved from /home/airflow/.local/lib/python3.8/site-packages/airflow/example_dags/example_latest_only.py
[2024-03-19T19:04:59.522+0000] {logging_mixin.py:188} INFO - [2024-03-19T19:04:59.522+0000] {dag.py:3047} INFO - Sync 1 DAGs
[2024-03-19T19:04:59.530+0000] {logging_mixin.py:188} INFO - [2024-03-19T19:04:59.530+0000] {dag.py:3834} INFO - Setting next_dagrun for latest_only to 2024-03-19 12:00:00+00:00, run_after=2024-03-19 16:00:00+00:00
[2024-03-19T19:04:59.537+0000] {processor.py:183} INFO - Processing /home/airflow/.local/lib/python3.8/site-packages/airflow/example_dags/example_latest_only.py took 0.029 seconds
[2024-03-19T19:05:30.035+0000] {processor.py:161} INFO - Started process (PID=8784) to work on /home/airflow/.local/lib/python3.8/site-packages/airflow/example_dags/example_latest_only.py
[2024-03-19T19:05:30.036+0000] {processor.py:830} INFO - Processing file /home/airflow/.local/lib/python3.8/site-packages/airflow/example_dags/example_latest_only.py for tasks to queue
[2024-03-19T19:05:30.036+0000] {logging_mixin.py:188} INFO - [2024-03-19T19:05:30.036+0000] {dagbag.py:540} INFO - Filling up the DagBag from /home/airflow/.local/lib/python3.8/site-packages/airflow/example_dags/example_latest_only.py
[2024-03-19T19:05:30.039+0000] {processor.py:840} INFO - DAG(s) 'latest_only' retrieved from /home/airflow/.local/lib/python3.8/site-packages/airflow/example_dags/example_latest_only.py
[2024-03-19T19:05:30.047+0000] {logging_mixin.py:188} INFO - [2024-03-19T19:05:30.047+0000] {dag.py:3047} INFO - Sync 1 DAGs
[2024-03-19T19:05:30.056+0000] {logging_mixin.py:188} INFO - [2024-03-19T19:05:30.056+0000] {dag.py:3834} INFO - Setting next_dagrun for latest_only to 2024-03-19 12:00:00+00:00, run_after=2024-03-19 16:00:00+00:00
[2024-03-19T19:05:30.063+0000] {processor.py:183} INFO - Processing /home/airflow/.local/lib/python3.8/site-packages/airflow/example_dags/example_latest_only.py took 0.029 seconds
[2024-03-19T19:06:00.720+0000] {processor.py:161} INFO - Started process (PID=9033) to work on /home/airflow/.local/lib/python3.8/site-packages/airflow/example_dags/example_latest_only.py
[2024-03-19T19:06:00.721+0000] {processor.py:830} INFO - Processing file /home/airflow/.local/lib/python3.8/site-packages/airflow/example_dags/example_latest_only.py for tasks to queue
[2024-03-19T19:06:00.721+0000] {logging_mixin.py:188} INFO - [2024-03-19T19:06:00.721+0000] {dagbag.py:540} INFO - Filling up the DagBag from /home/airflow/.local/lib/python3.8/site-packages/airflow/example_dags/example_latest_only.py
[2024-03-19T19:06:00.724+0000] {processor.py:840} INFO - DAG(s) 'latest_only' retrieved from /home/airflow/.local/lib/python3.8/site-packages/airflow/example_dags/example_latest_only.py
[2024-03-19T19:06:00.732+0000] {logging_mixin.py:188} INFO - [2024-03-19T19:06:00.732+0000] {dag.py:3047} INFO - Sync 1 DAGs
[2024-03-19T19:06:00.741+0000] {logging_mixin.py:188} INFO - [2024-03-19T19:06:00.741+0000] {dag.py:3834} INFO - Setting next_dagrun for latest_only to 2024-03-19 12:00:00+00:00, run_after=2024-03-19 16:00:00+00:00
[2024-03-19T19:06:00.747+0000] {processor.py:183} INFO - Processing /home/airflow/.local/lib/python3.8/site-packages/airflow/example_dags/example_latest_only.py took 0.028 seconds
