[2024-03-19T18:48:11.052+0000] {processor.py:161} INFO - Started process (PID=276) to work on /home/airflow/.local/lib/python3.8/site-packages/airflow/example_dags/example_branch_python_dop_operator_3.py
[2024-03-19T18:48:11.053+0000] {processor.py:830} INFO - Processing file /home/airflow/.local/lib/python3.8/site-packages/airflow/example_dags/example_branch_python_dop_operator_3.py for tasks to queue
[2024-03-19T18:48:11.053+0000] {logging_mixin.py:188} INFO - [2024-03-19T18:48:11.053+0000] {dagbag.py:540} INFO - Filling up the DagBag from /home/airflow/.local/lib/python3.8/site-packages/airflow/example_dags/example_branch_python_dop_operator_3.py
[2024-03-19T18:48:11.059+0000] {processor.py:840} INFO - DAG(s) 'example_branch_dop_operator_v3' retrieved from /home/airflow/.local/lib/python3.8/site-packages/airflow/example_dags/example_branch_python_dop_operator_3.py
[2024-03-19T18:48:11.064+0000] {logging_mixin.py:188} INFO - [2024-03-19T18:48:11.063+0000] {dag.py:3047} INFO - Sync 1 DAGs
[2024-03-19T18:48:11.076+0000] {logging_mixin.py:188} INFO - [2024-03-19T18:48:11.076+0000] {dag.py:3834} INFO - Setting next_dagrun for example_branch_dop_operator_v3 to 2024-03-19 18:47:00+00:00, run_after=2024-03-19 18:48:00+00:00
[2024-03-19T18:48:11.084+0000] {processor.py:183} INFO - Processing /home/airflow/.local/lib/python3.8/site-packages/airflow/example_dags/example_branch_python_dop_operator_3.py took 0.034 seconds
[2024-03-19T18:48:41.834+0000] {processor.py:161} INFO - Started process (PID=523) to work on /home/airflow/.local/lib/python3.8/site-packages/airflow/example_dags/example_branch_python_dop_operator_3.py
[2024-03-19T18:48:41.835+0000] {processor.py:830} INFO - Processing file /home/airflow/.local/lib/python3.8/site-packages/airflow/example_dags/example_branch_python_dop_operator_3.py for tasks to queue
[2024-03-19T18:48:41.835+0000] {logging_mixin.py:188} INFO - [2024-03-19T18:48:41.835+0000] {dagbag.py:540} INFO - Filling up the DagBag from /home/airflow/.local/lib/python3.8/site-packages/airflow/example_dags/example_branch_python_dop_operator_3.py
[2024-03-19T18:48:41.840+0000] {processor.py:840} INFO - DAG(s) 'example_branch_dop_operator_v3' retrieved from /home/airflow/.local/lib/python3.8/site-packages/airflow/example_dags/example_branch_python_dop_operator_3.py
[2024-03-19T18:48:41.881+0000] {logging_mixin.py:188} INFO - [2024-03-19T18:48:41.881+0000] {dag.py:3047} INFO - Sync 1 DAGs
[2024-03-19T18:48:41.891+0000] {logging_mixin.py:188} INFO - [2024-03-19T18:48:41.891+0000] {dag.py:3834} INFO - Setting next_dagrun for example_branch_dop_operator_v3 to 2024-03-19 18:47:00+00:00, run_after=2024-03-19 18:48:00+00:00
[2024-03-19T18:48:41.898+0000] {processor.py:183} INFO - Processing /home/airflow/.local/lib/python3.8/site-packages/airflow/example_dags/example_branch_python_dop_operator_3.py took 0.065 seconds
[2024-03-19T18:49:12.869+0000] {processor.py:161} INFO - Started process (PID=772) to work on /home/airflow/.local/lib/python3.8/site-packages/airflow/example_dags/example_branch_python_dop_operator_3.py
[2024-03-19T18:49:12.870+0000] {processor.py:830} INFO - Processing file /home/airflow/.local/lib/python3.8/site-packages/airflow/example_dags/example_branch_python_dop_operator_3.py for tasks to queue
[2024-03-19T18:49:12.870+0000] {logging_mixin.py:188} INFO - [2024-03-19T18:49:12.870+0000] {dagbag.py:540} INFO - Filling up the DagBag from /home/airflow/.local/lib/python3.8/site-packages/airflow/example_dags/example_branch_python_dop_operator_3.py
[2024-03-19T18:49:12.874+0000] {processor.py:840} INFO - DAG(s) 'example_branch_dop_operator_v3' retrieved from /home/airflow/.local/lib/python3.8/site-packages/airflow/example_dags/example_branch_python_dop_operator_3.py
[2024-03-19T18:49:12.884+0000] {logging_mixin.py:188} INFO - [2024-03-19T18:49:12.884+0000] {dag.py:3047} INFO - Sync 1 DAGs
[2024-03-19T18:49:12.895+0000] {logging_mixin.py:188} INFO - [2024-03-19T18:49:12.895+0000] {dag.py:3834} INFO - Setting next_dagrun for example_branch_dop_operator_v3 to 2024-03-19 18:48:00+00:00, run_after=2024-03-19 18:49:00+00:00
[2024-03-19T18:49:12.902+0000] {processor.py:183} INFO - Processing /home/airflow/.local/lib/python3.8/site-packages/airflow/example_dags/example_branch_python_dop_operator_3.py took 0.035 seconds
[2024-03-19T18:49:43.339+0000] {processor.py:161} INFO - Started process (PID=1019) to work on /home/airflow/.local/lib/python3.8/site-packages/airflow/example_dags/example_branch_python_dop_operator_3.py
[2024-03-19T18:49:43.339+0000] {processor.py:830} INFO - Processing file /home/airflow/.local/lib/python3.8/site-packages/airflow/example_dags/example_branch_python_dop_operator_3.py for tasks to queue
[2024-03-19T18:49:43.340+0000] {logging_mixin.py:188} INFO - [2024-03-19T18:49:43.340+0000] {dagbag.py:540} INFO - Filling up the DagBag from /home/airflow/.local/lib/python3.8/site-packages/airflow/example_dags/example_branch_python_dop_operator_3.py
[2024-03-19T18:49:43.344+0000] {processor.py:840} INFO - DAG(s) 'example_branch_dop_operator_v3' retrieved from /home/airflow/.local/lib/python3.8/site-packages/airflow/example_dags/example_branch_python_dop_operator_3.py
[2024-03-19T18:49:43.353+0000] {logging_mixin.py:188} INFO - [2024-03-19T18:49:43.353+0000] {dag.py:3047} INFO - Sync 1 DAGs
[2024-03-19T18:49:43.363+0000] {logging_mixin.py:188} INFO - [2024-03-19T18:49:43.363+0000] {dag.py:3834} INFO - Setting next_dagrun for example_branch_dop_operator_v3 to 2024-03-19 18:48:00+00:00, run_after=2024-03-19 18:49:00+00:00
[2024-03-19T18:49:43.371+0000] {processor.py:183} INFO - Processing /home/airflow/.local/lib/python3.8/site-packages/airflow/example_dags/example_branch_python_dop_operator_3.py took 0.033 seconds
[2024-03-19T18:50:13.931+0000] {processor.py:161} INFO - Started process (PID=1266) to work on /home/airflow/.local/lib/python3.8/site-packages/airflow/example_dags/example_branch_python_dop_operator_3.py
[2024-03-19T18:50:13.932+0000] {processor.py:830} INFO - Processing file /home/airflow/.local/lib/python3.8/site-packages/airflow/example_dags/example_branch_python_dop_operator_3.py for tasks to queue
[2024-03-19T18:50:13.932+0000] {logging_mixin.py:188} INFO - [2024-03-19T18:50:13.932+0000] {dagbag.py:540} INFO - Filling up the DagBag from /home/airflow/.local/lib/python3.8/site-packages/airflow/example_dags/example_branch_python_dop_operator_3.py
[2024-03-19T18:50:13.937+0000] {processor.py:840} INFO - DAG(s) 'example_branch_dop_operator_v3' retrieved from /home/airflow/.local/lib/python3.8/site-packages/airflow/example_dags/example_branch_python_dop_operator_3.py
[2024-03-19T18:50:13.946+0000] {logging_mixin.py:188} INFO - [2024-03-19T18:50:13.945+0000] {dag.py:3047} INFO - Sync 1 DAGs
[2024-03-19T18:50:13.957+0000] {logging_mixin.py:188} INFO - [2024-03-19T18:50:13.956+0000] {dag.py:3834} INFO - Setting next_dagrun for example_branch_dop_operator_v3 to 2024-03-19 18:49:00+00:00, run_after=2024-03-19 18:50:00+00:00
[2024-03-19T18:50:13.964+0000] {processor.py:183} INFO - Processing /home/airflow/.local/lib/python3.8/site-packages/airflow/example_dags/example_branch_python_dop_operator_3.py took 0.034 seconds
[2024-03-19T18:50:44.527+0000] {processor.py:161} INFO - Started process (PID=1537) to work on /home/airflow/.local/lib/python3.8/site-packages/airflow/example_dags/example_branch_python_dop_operator_3.py
[2024-03-19T18:50:44.528+0000] {processor.py:830} INFO - Processing file /home/airflow/.local/lib/python3.8/site-packages/airflow/example_dags/example_branch_python_dop_operator_3.py for tasks to queue
[2024-03-19T18:50:44.528+0000] {logging_mixin.py:188} INFO - [2024-03-19T18:50:44.528+0000] {dagbag.py:540} INFO - Filling up the DagBag from /home/airflow/.local/lib/python3.8/site-packages/airflow/example_dags/example_branch_python_dop_operator_3.py
[2024-03-19T18:50:44.533+0000] {processor.py:840} INFO - DAG(s) 'example_branch_dop_operator_v3' retrieved from /home/airflow/.local/lib/python3.8/site-packages/airflow/example_dags/example_branch_python_dop_operator_3.py
[2024-03-19T18:50:44.542+0000] {logging_mixin.py:188} INFO - [2024-03-19T18:50:44.542+0000] {dag.py:3047} INFO - Sync 1 DAGs
[2024-03-19T18:50:44.552+0000] {logging_mixin.py:188} INFO - [2024-03-19T18:50:44.552+0000] {dag.py:3834} INFO - Setting next_dagrun for example_branch_dop_operator_v3 to 2024-03-19 18:49:00+00:00, run_after=2024-03-19 18:50:00+00:00
[2024-03-19T18:50:44.560+0000] {processor.py:183} INFO - Processing /home/airflow/.local/lib/python3.8/site-packages/airflow/example_dags/example_branch_python_dop_operator_3.py took 0.035 seconds
[2024-03-19T18:51:15.300+0000] {processor.py:161} INFO - Started process (PID=1784) to work on /home/airflow/.local/lib/python3.8/site-packages/airflow/example_dags/example_branch_python_dop_operator_3.py
[2024-03-19T18:51:15.300+0000] {processor.py:830} INFO - Processing file /home/airflow/.local/lib/python3.8/site-packages/airflow/example_dags/example_branch_python_dop_operator_3.py for tasks to queue
[2024-03-19T18:51:15.301+0000] {logging_mixin.py:188} INFO - [2024-03-19T18:51:15.301+0000] {dagbag.py:540} INFO - Filling up the DagBag from /home/airflow/.local/lib/python3.8/site-packages/airflow/example_dags/example_branch_python_dop_operator_3.py
[2024-03-19T18:51:15.305+0000] {processor.py:840} INFO - DAG(s) 'example_branch_dop_operator_v3' retrieved from /home/airflow/.local/lib/python3.8/site-packages/airflow/example_dags/example_branch_python_dop_operator_3.py
[2024-03-19T18:51:15.314+0000] {logging_mixin.py:188} INFO - [2024-03-19T18:51:15.314+0000] {dag.py:3047} INFO - Sync 1 DAGs
[2024-03-19T18:51:15.324+0000] {logging_mixin.py:188} INFO - [2024-03-19T18:51:15.324+0000] {dag.py:3834} INFO - Setting next_dagrun for example_branch_dop_operator_v3 to 2024-03-19 18:50:00+00:00, run_after=2024-03-19 18:51:00+00:00
[2024-03-19T18:51:15.332+0000] {processor.py:183} INFO - Processing /home/airflow/.local/lib/python3.8/site-packages/airflow/example_dags/example_branch_python_dop_operator_3.py took 0.034 seconds
[2024-03-19T18:51:45.689+0000] {processor.py:161} INFO - Started process (PID=2031) to work on /home/airflow/.local/lib/python3.8/site-packages/airflow/example_dags/example_branch_python_dop_operator_3.py
[2024-03-19T18:51:45.689+0000] {processor.py:830} INFO - Processing file /home/airflow/.local/lib/python3.8/site-packages/airflow/example_dags/example_branch_python_dop_operator_3.py for tasks to queue
[2024-03-19T18:51:45.690+0000] {logging_mixin.py:188} INFO - [2024-03-19T18:51:45.690+0000] {dagbag.py:540} INFO - Filling up the DagBag from /home/airflow/.local/lib/python3.8/site-packages/airflow/example_dags/example_branch_python_dop_operator_3.py
[2024-03-19T18:51:45.693+0000] {processor.py:840} INFO - DAG(s) 'example_branch_dop_operator_v3' retrieved from /home/airflow/.local/lib/python3.8/site-packages/airflow/example_dags/example_branch_python_dop_operator_3.py
[2024-03-19T18:51:45.702+0000] {logging_mixin.py:188} INFO - [2024-03-19T18:51:45.702+0000] {dag.py:3047} INFO - Sync 1 DAGs
[2024-03-19T18:51:45.712+0000] {logging_mixin.py:188} INFO - [2024-03-19T18:51:45.712+0000] {dag.py:3834} INFO - Setting next_dagrun for example_branch_dop_operator_v3 to 2024-03-19 18:50:00+00:00, run_after=2024-03-19 18:51:00+00:00
[2024-03-19T18:51:45.719+0000] {processor.py:183} INFO - Processing /home/airflow/.local/lib/python3.8/site-packages/airflow/example_dags/example_branch_python_dop_operator_3.py took 0.031 seconds
[2024-03-19T18:52:16.062+0000] {processor.py:161} INFO - Started process (PID=2277) to work on /home/airflow/.local/lib/python3.8/site-packages/airflow/example_dags/example_branch_python_dop_operator_3.py
[2024-03-19T18:52:16.063+0000] {processor.py:830} INFO - Processing file /home/airflow/.local/lib/python3.8/site-packages/airflow/example_dags/example_branch_python_dop_operator_3.py for tasks to queue
[2024-03-19T18:52:16.063+0000] {logging_mixin.py:188} INFO - [2024-03-19T18:52:16.063+0000] {dagbag.py:540} INFO - Filling up the DagBag from /home/airflow/.local/lib/python3.8/site-packages/airflow/example_dags/example_branch_python_dop_operator_3.py
[2024-03-19T18:52:16.067+0000] {processor.py:840} INFO - DAG(s) 'example_branch_dop_operator_v3' retrieved from /home/airflow/.local/lib/python3.8/site-packages/airflow/example_dags/example_branch_python_dop_operator_3.py
[2024-03-19T18:52:16.076+0000] {logging_mixin.py:188} INFO - [2024-03-19T18:52:16.075+0000] {dag.py:3047} INFO - Sync 1 DAGs
[2024-03-19T18:52:16.085+0000] {logging_mixin.py:188} INFO - [2024-03-19T18:52:16.085+0000] {dag.py:3834} INFO - Setting next_dagrun for example_branch_dop_operator_v3 to 2024-03-19 18:51:00+00:00, run_after=2024-03-19 18:52:00+00:00
[2024-03-19T18:52:16.092+0000] {processor.py:183} INFO - Processing /home/airflow/.local/lib/python3.8/site-packages/airflow/example_dags/example_branch_python_dop_operator_3.py took 0.031 seconds
[2024-03-19T18:52:46.526+0000] {processor.py:161} INFO - Started process (PID=2524) to work on /home/airflow/.local/lib/python3.8/site-packages/airflow/example_dags/example_branch_python_dop_operator_3.py
[2024-03-19T18:52:46.527+0000] {processor.py:830} INFO - Processing file /home/airflow/.local/lib/python3.8/site-packages/airflow/example_dags/example_branch_python_dop_operator_3.py for tasks to queue
[2024-03-19T18:52:46.527+0000] {logging_mixin.py:188} INFO - [2024-03-19T18:52:46.527+0000] {dagbag.py:540} INFO - Filling up the DagBag from /home/airflow/.local/lib/python3.8/site-packages/airflow/example_dags/example_branch_python_dop_operator_3.py
[2024-03-19T18:52:46.531+0000] {processor.py:840} INFO - DAG(s) 'example_branch_dop_operator_v3' retrieved from /home/airflow/.local/lib/python3.8/site-packages/airflow/example_dags/example_branch_python_dop_operator_3.py
[2024-03-19T18:52:46.540+0000] {logging_mixin.py:188} INFO - [2024-03-19T18:52:46.540+0000] {dag.py:3047} INFO - Sync 1 DAGs
[2024-03-19T18:52:46.550+0000] {logging_mixin.py:188} INFO - [2024-03-19T18:52:46.550+0000] {dag.py:3834} INFO - Setting next_dagrun for example_branch_dop_operator_v3 to 2024-03-19 18:51:00+00:00, run_after=2024-03-19 18:52:00+00:00
[2024-03-19T18:52:46.556+0000] {processor.py:183} INFO - Processing /home/airflow/.local/lib/python3.8/site-packages/airflow/example_dags/example_branch_python_dop_operator_3.py took 0.031 seconds
[2024-03-19T18:53:17.000+0000] {processor.py:161} INFO - Started process (PID=2771) to work on /home/airflow/.local/lib/python3.8/site-packages/airflow/example_dags/example_branch_python_dop_operator_3.py
[2024-03-19T18:53:17.000+0000] {processor.py:830} INFO - Processing file /home/airflow/.local/lib/python3.8/site-packages/airflow/example_dags/example_branch_python_dop_operator_3.py for tasks to queue
[2024-03-19T18:53:17.001+0000] {logging_mixin.py:188} INFO - [2024-03-19T18:53:17.000+0000] {dagbag.py:540} INFO - Filling up the DagBag from /home/airflow/.local/lib/python3.8/site-packages/airflow/example_dags/example_branch_python_dop_operator_3.py
[2024-03-19T18:53:17.004+0000] {processor.py:840} INFO - DAG(s) 'example_branch_dop_operator_v3' retrieved from /home/airflow/.local/lib/python3.8/site-packages/airflow/example_dags/example_branch_python_dop_operator_3.py
[2024-03-19T18:53:17.013+0000] {logging_mixin.py:188} INFO - [2024-03-19T18:53:17.013+0000] {dag.py:3047} INFO - Sync 1 DAGs
[2024-03-19T18:53:17.023+0000] {logging_mixin.py:188} INFO - [2024-03-19T18:53:17.023+0000] {dag.py:3834} INFO - Setting next_dagrun for example_branch_dop_operator_v3 to 2024-03-19 18:52:00+00:00, run_after=2024-03-19 18:53:00+00:00
[2024-03-19T18:53:17.029+0000] {processor.py:183} INFO - Processing /home/airflow/.local/lib/python3.8/site-packages/airflow/example_dags/example_branch_python_dop_operator_3.py took 0.031 seconds
[2024-03-19T18:53:47.585+0000] {processor.py:161} INFO - Started process (PID=3018) to work on /home/airflow/.local/lib/python3.8/site-packages/airflow/example_dags/example_branch_python_dop_operator_3.py
[2024-03-19T18:53:47.586+0000] {processor.py:830} INFO - Processing file /home/airflow/.local/lib/python3.8/site-packages/airflow/example_dags/example_branch_python_dop_operator_3.py for tasks to queue
[2024-03-19T18:53:47.586+0000] {logging_mixin.py:188} INFO - [2024-03-19T18:53:47.586+0000] {dagbag.py:540} INFO - Filling up the DagBag from /home/airflow/.local/lib/python3.8/site-packages/airflow/example_dags/example_branch_python_dop_operator_3.py
[2024-03-19T18:53:47.591+0000] {processor.py:840} INFO - DAG(s) 'example_branch_dop_operator_v3' retrieved from /home/airflow/.local/lib/python3.8/site-packages/airflow/example_dags/example_branch_python_dop_operator_3.py
[2024-03-19T18:53:47.601+0000] {logging_mixin.py:188} INFO - [2024-03-19T18:53:47.600+0000] {dag.py:3047} INFO - Sync 1 DAGs
[2024-03-19T18:53:47.612+0000] {logging_mixin.py:188} INFO - [2024-03-19T18:53:47.611+0000] {dag.py:3834} INFO - Setting next_dagrun for example_branch_dop_operator_v3 to 2024-03-19 18:52:00+00:00, run_after=2024-03-19 18:53:00+00:00
[2024-03-19T18:53:47.619+0000] {processor.py:183} INFO - Processing /home/airflow/.local/lib/python3.8/site-packages/airflow/example_dags/example_branch_python_dop_operator_3.py took 0.035 seconds
[2024-03-19T18:54:18.266+0000] {processor.py:161} INFO - Started process (PID=3265) to work on /home/airflow/.local/lib/python3.8/site-packages/airflow/example_dags/example_branch_python_dop_operator_3.py
[2024-03-19T18:54:18.266+0000] {processor.py:830} INFO - Processing file /home/airflow/.local/lib/python3.8/site-packages/airflow/example_dags/example_branch_python_dop_operator_3.py for tasks to queue
[2024-03-19T18:54:18.267+0000] {logging_mixin.py:188} INFO - [2024-03-19T18:54:18.267+0000] {dagbag.py:540} INFO - Filling up the DagBag from /home/airflow/.local/lib/python3.8/site-packages/airflow/example_dags/example_branch_python_dop_operator_3.py
[2024-03-19T18:54:18.271+0000] {processor.py:840} INFO - DAG(s) 'example_branch_dop_operator_v3' retrieved from /home/airflow/.local/lib/python3.8/site-packages/airflow/example_dags/example_branch_python_dop_operator_3.py
[2024-03-19T18:54:18.279+0000] {logging_mixin.py:188} INFO - [2024-03-19T18:54:18.279+0000] {dag.py:3047} INFO - Sync 1 DAGs
[2024-03-19T18:54:18.289+0000] {logging_mixin.py:188} INFO - [2024-03-19T18:54:18.289+0000] {dag.py:3834} INFO - Setting next_dagrun for example_branch_dop_operator_v3 to 2024-03-19 18:53:00+00:00, run_after=2024-03-19 18:54:00+00:00
[2024-03-19T18:54:18.297+0000] {processor.py:183} INFO - Processing /home/airflow/.local/lib/python3.8/site-packages/airflow/example_dags/example_branch_python_dop_operator_3.py took 0.033 seconds
[2024-03-19T18:54:48.713+0000] {processor.py:161} INFO - Started process (PID=3512) to work on /home/airflow/.local/lib/python3.8/site-packages/airflow/example_dags/example_branch_python_dop_operator_3.py
[2024-03-19T18:54:48.714+0000] {processor.py:830} INFO - Processing file /home/airflow/.local/lib/python3.8/site-packages/airflow/example_dags/example_branch_python_dop_operator_3.py for tasks to queue
[2024-03-19T18:54:48.715+0000] {logging_mixin.py:188} INFO - [2024-03-19T18:54:48.715+0000] {dagbag.py:540} INFO - Filling up the DagBag from /home/airflow/.local/lib/python3.8/site-packages/airflow/example_dags/example_branch_python_dop_operator_3.py
[2024-03-19T18:54:48.721+0000] {processor.py:840} INFO - DAG(s) 'example_branch_dop_operator_v3' retrieved from /home/airflow/.local/lib/python3.8/site-packages/airflow/example_dags/example_branch_python_dop_operator_3.py
[2024-03-19T18:54:48.732+0000] {logging_mixin.py:188} INFO - [2024-03-19T18:54:48.732+0000] {dag.py:3047} INFO - Sync 1 DAGs
[2024-03-19T18:54:48.744+0000] {logging_mixin.py:188} INFO - [2024-03-19T18:54:48.744+0000] {dag.py:3834} INFO - Setting next_dagrun for example_branch_dop_operator_v3 to 2024-03-19 18:53:00+00:00, run_after=2024-03-19 18:54:00+00:00
[2024-03-19T18:54:48.752+0000] {processor.py:183} INFO - Processing /home/airflow/.local/lib/python3.8/site-packages/airflow/example_dags/example_branch_python_dop_operator_3.py took 0.040 seconds
[2024-03-19T18:55:19.139+0000] {processor.py:161} INFO - Started process (PID=3759) to work on /home/airflow/.local/lib/python3.8/site-packages/airflow/example_dags/example_branch_python_dop_operator_3.py
[2024-03-19T18:55:19.139+0000] {processor.py:830} INFO - Processing file /home/airflow/.local/lib/python3.8/site-packages/airflow/example_dags/example_branch_python_dop_operator_3.py for tasks to queue
[2024-03-19T18:55:19.140+0000] {logging_mixin.py:188} INFO - [2024-03-19T18:55:19.140+0000] {dagbag.py:540} INFO - Filling up the DagBag from /home/airflow/.local/lib/python3.8/site-packages/airflow/example_dags/example_branch_python_dop_operator_3.py
[2024-03-19T18:55:19.144+0000] {processor.py:840} INFO - DAG(s) 'example_branch_dop_operator_v3' retrieved from /home/airflow/.local/lib/python3.8/site-packages/airflow/example_dags/example_branch_python_dop_operator_3.py
[2024-03-19T18:55:19.155+0000] {logging_mixin.py:188} INFO - [2024-03-19T18:55:19.155+0000] {dag.py:3047} INFO - Sync 1 DAGs
[2024-03-19T18:55:19.168+0000] {logging_mixin.py:188} INFO - [2024-03-19T18:55:19.168+0000] {dag.py:3834} INFO - Setting next_dagrun for example_branch_dop_operator_v3 to 2024-03-19 18:54:00+00:00, run_after=2024-03-19 18:55:00+00:00
[2024-03-19T18:55:19.179+0000] {processor.py:183} INFO - Processing /home/airflow/.local/lib/python3.8/site-packages/airflow/example_dags/example_branch_python_dop_operator_3.py took 0.042 seconds
[2024-03-19T18:55:49.641+0000] {processor.py:161} INFO - Started process (PID=4006) to work on /home/airflow/.local/lib/python3.8/site-packages/airflow/example_dags/example_branch_python_dop_operator_3.py
[2024-03-19T18:55:49.642+0000] {processor.py:830} INFO - Processing file /home/airflow/.local/lib/python3.8/site-packages/airflow/example_dags/example_branch_python_dop_operator_3.py for tasks to queue
[2024-03-19T18:55:49.642+0000] {logging_mixin.py:188} INFO - [2024-03-19T18:55:49.642+0000] {dagbag.py:540} INFO - Filling up the DagBag from /home/airflow/.local/lib/python3.8/site-packages/airflow/example_dags/example_branch_python_dop_operator_3.py
[2024-03-19T18:55:49.646+0000] {processor.py:840} INFO - DAG(s) 'example_branch_dop_operator_v3' retrieved from /home/airflow/.local/lib/python3.8/site-packages/airflow/example_dags/example_branch_python_dop_operator_3.py
[2024-03-19T18:55:49.655+0000] {logging_mixin.py:188} INFO - [2024-03-19T18:55:49.655+0000] {dag.py:3047} INFO - Sync 1 DAGs
[2024-03-19T18:55:49.665+0000] {logging_mixin.py:188} INFO - [2024-03-19T18:55:49.665+0000] {dag.py:3834} INFO - Setting next_dagrun for example_branch_dop_operator_v3 to 2024-03-19 18:54:00+00:00, run_after=2024-03-19 18:55:00+00:00
[2024-03-19T18:55:49.671+0000] {processor.py:183} INFO - Processing /home/airflow/.local/lib/python3.8/site-packages/airflow/example_dags/example_branch_python_dop_operator_3.py took 0.031 seconds
[2024-03-19T18:56:20.155+0000] {processor.py:161} INFO - Started process (PID=4253) to work on /home/airflow/.local/lib/python3.8/site-packages/airflow/example_dags/example_branch_python_dop_operator_3.py
[2024-03-19T18:56:20.156+0000] {processor.py:830} INFO - Processing file /home/airflow/.local/lib/python3.8/site-packages/airflow/example_dags/example_branch_python_dop_operator_3.py for tasks to queue
[2024-03-19T18:56:20.156+0000] {logging_mixin.py:188} INFO - [2024-03-19T18:56:20.156+0000] {dagbag.py:540} INFO - Filling up the DagBag from /home/airflow/.local/lib/python3.8/site-packages/airflow/example_dags/example_branch_python_dop_operator_3.py
[2024-03-19T18:56:20.160+0000] {processor.py:840} INFO - DAG(s) 'example_branch_dop_operator_v3' retrieved from /home/airflow/.local/lib/python3.8/site-packages/airflow/example_dags/example_branch_python_dop_operator_3.py
[2024-03-19T18:56:20.169+0000] {logging_mixin.py:188} INFO - [2024-03-19T18:56:20.168+0000] {dag.py:3047} INFO - Sync 1 DAGs
[2024-03-19T18:56:20.179+0000] {logging_mixin.py:188} INFO - [2024-03-19T18:56:20.179+0000] {dag.py:3834} INFO - Setting next_dagrun for example_branch_dop_operator_v3 to 2024-03-19 18:55:00+00:00, run_after=2024-03-19 18:56:00+00:00
[2024-03-19T18:56:20.185+0000] {processor.py:183} INFO - Processing /home/airflow/.local/lib/python3.8/site-packages/airflow/example_dags/example_branch_python_dop_operator_3.py took 0.032 seconds
[2024-03-19T18:56:50.635+0000] {processor.py:161} INFO - Started process (PID=4499) to work on /home/airflow/.local/lib/python3.8/site-packages/airflow/example_dags/example_branch_python_dop_operator_3.py
[2024-03-19T18:56:50.636+0000] {processor.py:830} INFO - Processing file /home/airflow/.local/lib/python3.8/site-packages/airflow/example_dags/example_branch_python_dop_operator_3.py for tasks to queue
[2024-03-19T18:56:50.637+0000] {logging_mixin.py:188} INFO - [2024-03-19T18:56:50.636+0000] {dagbag.py:540} INFO - Filling up the DagBag from /home/airflow/.local/lib/python3.8/site-packages/airflow/example_dags/example_branch_python_dop_operator_3.py
[2024-03-19T18:56:50.641+0000] {processor.py:840} INFO - DAG(s) 'example_branch_dop_operator_v3' retrieved from /home/airflow/.local/lib/python3.8/site-packages/airflow/example_dags/example_branch_python_dop_operator_3.py
[2024-03-19T18:56:50.650+0000] {logging_mixin.py:188} INFO - [2024-03-19T18:56:50.649+0000] {dag.py:3047} INFO - Sync 1 DAGs
[2024-03-19T18:56:50.660+0000] {logging_mixin.py:188} INFO - [2024-03-19T18:56:50.660+0000] {dag.py:3834} INFO - Setting next_dagrun for example_branch_dop_operator_v3 to 2024-03-19 18:55:00+00:00, run_after=2024-03-19 18:56:00+00:00
[2024-03-19T18:56:50.668+0000] {processor.py:183} INFO - Processing /home/airflow/.local/lib/python3.8/site-packages/airflow/example_dags/example_branch_python_dop_operator_3.py took 0.034 seconds
[2024-03-19T18:57:21.180+0000] {processor.py:161} INFO - Started process (PID=4746) to work on /home/airflow/.local/lib/python3.8/site-packages/airflow/example_dags/example_branch_python_dop_operator_3.py
[2024-03-19T18:57:21.181+0000] {processor.py:830} INFO - Processing file /home/airflow/.local/lib/python3.8/site-packages/airflow/example_dags/example_branch_python_dop_operator_3.py for tasks to queue
[2024-03-19T18:57:21.181+0000] {logging_mixin.py:188} INFO - [2024-03-19T18:57:21.181+0000] {dagbag.py:540} INFO - Filling up the DagBag from /home/airflow/.local/lib/python3.8/site-packages/airflow/example_dags/example_branch_python_dop_operator_3.py
[2024-03-19T18:57:21.185+0000] {processor.py:840} INFO - DAG(s) 'example_branch_dop_operator_v3' retrieved from /home/airflow/.local/lib/python3.8/site-packages/airflow/example_dags/example_branch_python_dop_operator_3.py
[2024-03-19T18:57:21.194+0000] {logging_mixin.py:188} INFO - [2024-03-19T18:57:21.194+0000] {dag.py:3047} INFO - Sync 1 DAGs
[2024-03-19T18:57:21.205+0000] {logging_mixin.py:188} INFO - [2024-03-19T18:57:21.205+0000] {dag.py:3834} INFO - Setting next_dagrun for example_branch_dop_operator_v3 to 2024-03-19 18:56:00+00:00, run_after=2024-03-19 18:57:00+00:00
[2024-03-19T18:57:21.212+0000] {processor.py:183} INFO - Processing /home/airflow/.local/lib/python3.8/site-packages/airflow/example_dags/example_branch_python_dop_operator_3.py took 0.034 seconds
[2024-03-19T18:57:51.681+0000] {processor.py:161} INFO - Started process (PID=4993) to work on /home/airflow/.local/lib/python3.8/site-packages/airflow/example_dags/example_branch_python_dop_operator_3.py
[2024-03-19T18:57:51.681+0000] {processor.py:830} INFO - Processing file /home/airflow/.local/lib/python3.8/site-packages/airflow/example_dags/example_branch_python_dop_operator_3.py for tasks to queue
[2024-03-19T18:57:51.682+0000] {logging_mixin.py:188} INFO - [2024-03-19T18:57:51.682+0000] {dagbag.py:540} INFO - Filling up the DagBag from /home/airflow/.local/lib/python3.8/site-packages/airflow/example_dags/example_branch_python_dop_operator_3.py
[2024-03-19T18:57:51.686+0000] {processor.py:840} INFO - DAG(s) 'example_branch_dop_operator_v3' retrieved from /home/airflow/.local/lib/python3.8/site-packages/airflow/example_dags/example_branch_python_dop_operator_3.py
[2024-03-19T18:57:51.696+0000] {logging_mixin.py:188} INFO - [2024-03-19T18:57:51.696+0000] {dag.py:3047} INFO - Sync 1 DAGs
[2024-03-19T18:57:51.706+0000] {logging_mixin.py:188} INFO - [2024-03-19T18:57:51.706+0000] {dag.py:3834} INFO - Setting next_dagrun for example_branch_dop_operator_v3 to 2024-03-19 18:56:00+00:00, run_after=2024-03-19 18:57:00+00:00
[2024-03-19T18:57:51.718+0000] {processor.py:183} INFO - Processing /home/airflow/.local/lib/python3.8/site-packages/airflow/example_dags/example_branch_python_dop_operator_3.py took 0.040 seconds
[2024-03-19T18:58:22.241+0000] {processor.py:161} INFO - Started process (PID=5240) to work on /home/airflow/.local/lib/python3.8/site-packages/airflow/example_dags/example_branch_python_dop_operator_3.py
[2024-03-19T18:58:22.242+0000] {processor.py:830} INFO - Processing file /home/airflow/.local/lib/python3.8/site-packages/airflow/example_dags/example_branch_python_dop_operator_3.py for tasks to queue
[2024-03-19T18:58:22.242+0000] {logging_mixin.py:188} INFO - [2024-03-19T18:58:22.242+0000] {dagbag.py:540} INFO - Filling up the DagBag from /home/airflow/.local/lib/python3.8/site-packages/airflow/example_dags/example_branch_python_dop_operator_3.py
[2024-03-19T18:58:22.249+0000] {processor.py:840} INFO - DAG(s) 'example_branch_dop_operator_v3' retrieved from /home/airflow/.local/lib/python3.8/site-packages/airflow/example_dags/example_branch_python_dop_operator_3.py
[2024-03-19T18:58:22.259+0000] {logging_mixin.py:188} INFO - [2024-03-19T18:58:22.259+0000] {dag.py:3047} INFO - Sync 1 DAGs
[2024-03-19T18:58:22.269+0000] {logging_mixin.py:188} INFO - [2024-03-19T18:58:22.269+0000] {dag.py:3834} INFO - Setting next_dagrun for example_branch_dop_operator_v3 to 2024-03-19 18:57:00+00:00, run_after=2024-03-19 18:58:00+00:00
[2024-03-19T18:58:22.276+0000] {processor.py:183} INFO - Processing /home/airflow/.local/lib/python3.8/site-packages/airflow/example_dags/example_branch_python_dop_operator_3.py took 0.037 seconds
[2024-03-19T18:58:52.910+0000] {processor.py:161} INFO - Started process (PID=5487) to work on /home/airflow/.local/lib/python3.8/site-packages/airflow/example_dags/example_branch_python_dop_operator_3.py
[2024-03-19T18:58:52.910+0000] {processor.py:830} INFO - Processing file /home/airflow/.local/lib/python3.8/site-packages/airflow/example_dags/example_branch_python_dop_operator_3.py for tasks to queue
[2024-03-19T18:58:52.911+0000] {logging_mixin.py:188} INFO - [2024-03-19T18:58:52.911+0000] {dagbag.py:540} INFO - Filling up the DagBag from /home/airflow/.local/lib/python3.8/site-packages/airflow/example_dags/example_branch_python_dop_operator_3.py
[2024-03-19T18:58:52.916+0000] {processor.py:840} INFO - DAG(s) 'example_branch_dop_operator_v3' retrieved from /home/airflow/.local/lib/python3.8/site-packages/airflow/example_dags/example_branch_python_dop_operator_3.py
[2024-03-19T18:58:52.924+0000] {logging_mixin.py:188} INFO - [2024-03-19T18:58:52.924+0000] {dag.py:3047} INFO - Sync 1 DAGs
[2024-03-19T18:58:52.935+0000] {logging_mixin.py:188} INFO - [2024-03-19T18:58:52.935+0000] {dag.py:3834} INFO - Setting next_dagrun for example_branch_dop_operator_v3 to 2024-03-19 18:57:00+00:00, run_after=2024-03-19 18:58:00+00:00
[2024-03-19T18:58:52.942+0000] {processor.py:183} INFO - Processing /home/airflow/.local/lib/python3.8/site-packages/airflow/example_dags/example_branch_python_dop_operator_3.py took 0.034 seconds
[2024-03-19T18:59:23.422+0000] {processor.py:161} INFO - Started process (PID=5734) to work on /home/airflow/.local/lib/python3.8/site-packages/airflow/example_dags/example_branch_python_dop_operator_3.py
[2024-03-19T18:59:23.422+0000] {processor.py:830} INFO - Processing file /home/airflow/.local/lib/python3.8/site-packages/airflow/example_dags/example_branch_python_dop_operator_3.py for tasks to queue
[2024-03-19T18:59:23.423+0000] {logging_mixin.py:188} INFO - [2024-03-19T18:59:23.423+0000] {dagbag.py:540} INFO - Filling up the DagBag from /home/airflow/.local/lib/python3.8/site-packages/airflow/example_dags/example_branch_python_dop_operator_3.py
[2024-03-19T18:59:23.427+0000] {processor.py:840} INFO - DAG(s) 'example_branch_dop_operator_v3' retrieved from /home/airflow/.local/lib/python3.8/site-packages/airflow/example_dags/example_branch_python_dop_operator_3.py
[2024-03-19T18:59:23.435+0000] {logging_mixin.py:188} INFO - [2024-03-19T18:59:23.435+0000] {dag.py:3047} INFO - Sync 1 DAGs
[2024-03-19T18:59:23.445+0000] {logging_mixin.py:188} INFO - [2024-03-19T18:59:23.445+0000] {dag.py:3834} INFO - Setting next_dagrun for example_branch_dop_operator_v3 to 2024-03-19 18:58:00+00:00, run_after=2024-03-19 18:59:00+00:00
[2024-03-19T18:59:23.452+0000] {processor.py:183} INFO - Processing /home/airflow/.local/lib/python3.8/site-packages/airflow/example_dags/example_branch_python_dop_operator_3.py took 0.031 seconds
[2024-03-19T18:59:54.019+0000] {processor.py:161} INFO - Started process (PID=5980) to work on /home/airflow/.local/lib/python3.8/site-packages/airflow/example_dags/example_branch_python_dop_operator_3.py
[2024-03-19T18:59:54.019+0000] {processor.py:830} INFO - Processing file /home/airflow/.local/lib/python3.8/site-packages/airflow/example_dags/example_branch_python_dop_operator_3.py for tasks to queue
[2024-03-19T18:59:54.020+0000] {logging_mixin.py:188} INFO - [2024-03-19T18:59:54.020+0000] {dagbag.py:540} INFO - Filling up the DagBag from /home/airflow/.local/lib/python3.8/site-packages/airflow/example_dags/example_branch_python_dop_operator_3.py
[2024-03-19T18:59:54.024+0000] {processor.py:840} INFO - DAG(s) 'example_branch_dop_operator_v3' retrieved from /home/airflow/.local/lib/python3.8/site-packages/airflow/example_dags/example_branch_python_dop_operator_3.py
[2024-03-19T18:59:54.036+0000] {logging_mixin.py:188} INFO - [2024-03-19T18:59:54.036+0000] {dag.py:3047} INFO - Sync 1 DAGs
[2024-03-19T18:59:54.049+0000] {logging_mixin.py:188} INFO - [2024-03-19T18:59:54.049+0000] {dag.py:3834} INFO - Setting next_dagrun for example_branch_dop_operator_v3 to 2024-03-19 18:58:00+00:00, run_after=2024-03-19 18:59:00+00:00
[2024-03-19T18:59:54.056+0000] {processor.py:183} INFO - Processing /home/airflow/.local/lib/python3.8/site-packages/airflow/example_dags/example_branch_python_dop_operator_3.py took 0.038 seconds
[2024-03-19T19:00:24.545+0000] {processor.py:161} INFO - Started process (PID=6227) to work on /home/airflow/.local/lib/python3.8/site-packages/airflow/example_dags/example_branch_python_dop_operator_3.py
[2024-03-19T19:00:24.547+0000] {processor.py:830} INFO - Processing file /home/airflow/.local/lib/python3.8/site-packages/airflow/example_dags/example_branch_python_dop_operator_3.py for tasks to queue
[2024-03-19T19:00:24.548+0000] {logging_mixin.py:188} INFO - [2024-03-19T19:00:24.547+0000] {dagbag.py:540} INFO - Filling up the DagBag from /home/airflow/.local/lib/python3.8/site-packages/airflow/example_dags/example_branch_python_dop_operator_3.py
[2024-03-19T19:00:24.552+0000] {processor.py:840} INFO - DAG(s) 'example_branch_dop_operator_v3' retrieved from /home/airflow/.local/lib/python3.8/site-packages/airflow/example_dags/example_branch_python_dop_operator_3.py
[2024-03-19T19:00:24.561+0000] {logging_mixin.py:188} INFO - [2024-03-19T19:00:24.561+0000] {dag.py:3047} INFO - Sync 1 DAGs
[2024-03-19T19:00:24.574+0000] {logging_mixin.py:188} INFO - [2024-03-19T19:00:24.574+0000] {dag.py:3834} INFO - Setting next_dagrun for example_branch_dop_operator_v3 to 2024-03-19 18:59:00+00:00, run_after=2024-03-19 19:00:00+00:00
[2024-03-19T19:00:24.582+0000] {processor.py:183} INFO - Processing /home/airflow/.local/lib/python3.8/site-packages/airflow/example_dags/example_branch_python_dop_operator_3.py took 0.038 seconds
[2024-03-19T19:00:55.077+0000] {processor.py:161} INFO - Started process (PID=6474) to work on /home/airflow/.local/lib/python3.8/site-packages/airflow/example_dags/example_branch_python_dop_operator_3.py
[2024-03-19T19:00:55.077+0000] {processor.py:830} INFO - Processing file /home/airflow/.local/lib/python3.8/site-packages/airflow/example_dags/example_branch_python_dop_operator_3.py for tasks to queue
[2024-03-19T19:00:55.078+0000] {logging_mixin.py:188} INFO - [2024-03-19T19:00:55.078+0000] {dagbag.py:540} INFO - Filling up the DagBag from /home/airflow/.local/lib/python3.8/site-packages/airflow/example_dags/example_branch_python_dop_operator_3.py
[2024-03-19T19:00:55.082+0000] {processor.py:840} INFO - DAG(s) 'example_branch_dop_operator_v3' retrieved from /home/airflow/.local/lib/python3.8/site-packages/airflow/example_dags/example_branch_python_dop_operator_3.py
[2024-03-19T19:00:55.091+0000] {logging_mixin.py:188} INFO - [2024-03-19T19:00:55.091+0000] {dag.py:3047} INFO - Sync 1 DAGs
[2024-03-19T19:00:55.102+0000] {logging_mixin.py:188} INFO - [2024-03-19T19:00:55.102+0000] {dag.py:3834} INFO - Setting next_dagrun for example_branch_dop_operator_v3 to 2024-03-19 18:59:00+00:00, run_after=2024-03-19 19:00:00+00:00
[2024-03-19T19:00:55.109+0000] {processor.py:183} INFO - Processing /home/airflow/.local/lib/python3.8/site-packages/airflow/example_dags/example_branch_python_dop_operator_3.py took 0.033 seconds
[2024-03-19T19:01:25.506+0000] {processor.py:161} INFO - Started process (PID=6721) to work on /home/airflow/.local/lib/python3.8/site-packages/airflow/example_dags/example_branch_python_dop_operator_3.py
[2024-03-19T19:01:25.507+0000] {processor.py:830} INFO - Processing file /home/airflow/.local/lib/python3.8/site-packages/airflow/example_dags/example_branch_python_dop_operator_3.py for tasks to queue
[2024-03-19T19:01:25.508+0000] {logging_mixin.py:188} INFO - [2024-03-19T19:01:25.508+0000] {dagbag.py:540} INFO - Filling up the DagBag from /home/airflow/.local/lib/python3.8/site-packages/airflow/example_dags/example_branch_python_dop_operator_3.py
[2024-03-19T19:01:25.512+0000] {processor.py:840} INFO - DAG(s) 'example_branch_dop_operator_v3' retrieved from /home/airflow/.local/lib/python3.8/site-packages/airflow/example_dags/example_branch_python_dop_operator_3.py
[2024-03-19T19:01:25.522+0000] {logging_mixin.py:188} INFO - [2024-03-19T19:01:25.521+0000] {dag.py:3047} INFO - Sync 1 DAGs
[2024-03-19T19:01:25.532+0000] {logging_mixin.py:188} INFO - [2024-03-19T19:01:25.532+0000] {dag.py:3834} INFO - Setting next_dagrun for example_branch_dop_operator_v3 to 2024-03-19 19:00:00+00:00, run_after=2024-03-19 19:01:00+00:00
[2024-03-19T19:01:25.539+0000] {processor.py:183} INFO - Processing /home/airflow/.local/lib/python3.8/site-packages/airflow/example_dags/example_branch_python_dop_operator_3.py took 0.035 seconds
[2024-03-19T19:01:55.989+0000] {processor.py:161} INFO - Started process (PID=6968) to work on /home/airflow/.local/lib/python3.8/site-packages/airflow/example_dags/example_branch_python_dop_operator_3.py
[2024-03-19T19:01:55.990+0000] {processor.py:830} INFO - Processing file /home/airflow/.local/lib/python3.8/site-packages/airflow/example_dags/example_branch_python_dop_operator_3.py for tasks to queue
[2024-03-19T19:01:55.990+0000] {logging_mixin.py:188} INFO - [2024-03-19T19:01:55.990+0000] {dagbag.py:540} INFO - Filling up the DagBag from /home/airflow/.local/lib/python3.8/site-packages/airflow/example_dags/example_branch_python_dop_operator_3.py
[2024-03-19T19:01:55.994+0000] {processor.py:840} INFO - DAG(s) 'example_branch_dop_operator_v3' retrieved from /home/airflow/.local/lib/python3.8/site-packages/airflow/example_dags/example_branch_python_dop_operator_3.py
[2024-03-19T19:01:56.004+0000] {logging_mixin.py:188} INFO - [2024-03-19T19:01:56.003+0000] {dag.py:3047} INFO - Sync 1 DAGs
[2024-03-19T19:01:56.014+0000] {logging_mixin.py:188} INFO - [2024-03-19T19:01:56.014+0000] {dag.py:3834} INFO - Setting next_dagrun for example_branch_dop_operator_v3 to 2024-03-19 19:00:00+00:00, run_after=2024-03-19 19:01:00+00:00
[2024-03-19T19:01:56.020+0000] {processor.py:183} INFO - Processing /home/airflow/.local/lib/python3.8/site-packages/airflow/example_dags/example_branch_python_dop_operator_3.py took 0.032 seconds
[2024-03-19T19:02:26.491+0000] {processor.py:161} INFO - Started process (PID=7214) to work on /home/airflow/.local/lib/python3.8/site-packages/airflow/example_dags/example_branch_python_dop_operator_3.py
[2024-03-19T19:02:26.492+0000] {processor.py:830} INFO - Processing file /home/airflow/.local/lib/python3.8/site-packages/airflow/example_dags/example_branch_python_dop_operator_3.py for tasks to queue
[2024-03-19T19:02:26.492+0000] {logging_mixin.py:188} INFO - [2024-03-19T19:02:26.492+0000] {dagbag.py:540} INFO - Filling up the DagBag from /home/airflow/.local/lib/python3.8/site-packages/airflow/example_dags/example_branch_python_dop_operator_3.py
[2024-03-19T19:02:26.496+0000] {processor.py:840} INFO - DAG(s) 'example_branch_dop_operator_v3' retrieved from /home/airflow/.local/lib/python3.8/site-packages/airflow/example_dags/example_branch_python_dop_operator_3.py
[2024-03-19T19:02:26.505+0000] {logging_mixin.py:188} INFO - [2024-03-19T19:02:26.505+0000] {dag.py:3047} INFO - Sync 1 DAGs
[2024-03-19T19:02:26.515+0000] {logging_mixin.py:188} INFO - [2024-03-19T19:02:26.515+0000] {dag.py:3834} INFO - Setting next_dagrun for example_branch_dop_operator_v3 to 2024-03-19 19:01:00+00:00, run_after=2024-03-19 19:02:00+00:00
[2024-03-19T19:02:26.523+0000] {processor.py:183} INFO - Processing /home/airflow/.local/lib/python3.8/site-packages/airflow/example_dags/example_branch_python_dop_operator_3.py took 0.033 seconds
[2024-03-19T19:02:56.977+0000] {processor.py:161} INFO - Started process (PID=7461) to work on /home/airflow/.local/lib/python3.8/site-packages/airflow/example_dags/example_branch_python_dop_operator_3.py
[2024-03-19T19:02:56.978+0000] {processor.py:830} INFO - Processing file /home/airflow/.local/lib/python3.8/site-packages/airflow/example_dags/example_branch_python_dop_operator_3.py for tasks to queue
[2024-03-19T19:02:56.978+0000] {logging_mixin.py:188} INFO - [2024-03-19T19:02:56.978+0000] {dagbag.py:540} INFO - Filling up the DagBag from /home/airflow/.local/lib/python3.8/site-packages/airflow/example_dags/example_branch_python_dop_operator_3.py
[2024-03-19T19:02:56.982+0000] {processor.py:840} INFO - DAG(s) 'example_branch_dop_operator_v3' retrieved from /home/airflow/.local/lib/python3.8/site-packages/airflow/example_dags/example_branch_python_dop_operator_3.py
[2024-03-19T19:02:56.991+0000] {logging_mixin.py:188} INFO - [2024-03-19T19:02:56.991+0000] {dag.py:3047} INFO - Sync 1 DAGs
[2024-03-19T19:02:57.003+0000] {logging_mixin.py:188} INFO - [2024-03-19T19:02:57.002+0000] {dag.py:3834} INFO - Setting next_dagrun for example_branch_dop_operator_v3 to 2024-03-19 19:01:00+00:00, run_after=2024-03-19 19:02:00+00:00
[2024-03-19T19:02:57.010+0000] {processor.py:183} INFO - Processing /home/airflow/.local/lib/python3.8/site-packages/airflow/example_dags/example_branch_python_dop_operator_3.py took 0.035 seconds
[2024-03-19T19:03:27.461+0000] {processor.py:161} INFO - Started process (PID=7708) to work on /home/airflow/.local/lib/python3.8/site-packages/airflow/example_dags/example_branch_python_dop_operator_3.py
[2024-03-19T19:03:27.461+0000] {processor.py:830} INFO - Processing file /home/airflow/.local/lib/python3.8/site-packages/airflow/example_dags/example_branch_python_dop_operator_3.py for tasks to queue
[2024-03-19T19:03:27.462+0000] {logging_mixin.py:188} INFO - [2024-03-19T19:03:27.462+0000] {dagbag.py:540} INFO - Filling up the DagBag from /home/airflow/.local/lib/python3.8/site-packages/airflow/example_dags/example_branch_python_dop_operator_3.py
[2024-03-19T19:03:27.466+0000] {processor.py:840} INFO - DAG(s) 'example_branch_dop_operator_v3' retrieved from /home/airflow/.local/lib/python3.8/site-packages/airflow/example_dags/example_branch_python_dop_operator_3.py
[2024-03-19T19:03:27.475+0000] {logging_mixin.py:188} INFO - [2024-03-19T19:03:27.475+0000] {dag.py:3047} INFO - Sync 1 DAGs
[2024-03-19T19:03:27.485+0000] {logging_mixin.py:188} INFO - [2024-03-19T19:03:27.485+0000] {dag.py:3834} INFO - Setting next_dagrun for example_branch_dop_operator_v3 to 2024-03-19 19:02:00+00:00, run_after=2024-03-19 19:03:00+00:00
[2024-03-19T19:03:27.493+0000] {processor.py:183} INFO - Processing /home/airflow/.local/lib/python3.8/site-packages/airflow/example_dags/example_branch_python_dop_operator_3.py took 0.033 seconds
[2024-03-19T19:03:58.017+0000] {processor.py:161} INFO - Started process (PID=7955) to work on /home/airflow/.local/lib/python3.8/site-packages/airflow/example_dags/example_branch_python_dop_operator_3.py
[2024-03-19T19:03:58.017+0000] {processor.py:830} INFO - Processing file /home/airflow/.local/lib/python3.8/site-packages/airflow/example_dags/example_branch_python_dop_operator_3.py for tasks to queue
[2024-03-19T19:03:58.018+0000] {logging_mixin.py:188} INFO - [2024-03-19T19:03:58.018+0000] {dagbag.py:540} INFO - Filling up the DagBag from /home/airflow/.local/lib/python3.8/site-packages/airflow/example_dags/example_branch_python_dop_operator_3.py
[2024-03-19T19:03:58.022+0000] {processor.py:840} INFO - DAG(s) 'example_branch_dop_operator_v3' retrieved from /home/airflow/.local/lib/python3.8/site-packages/airflow/example_dags/example_branch_python_dop_operator_3.py
[2024-03-19T19:03:58.030+0000] {logging_mixin.py:188} INFO - [2024-03-19T19:03:58.030+0000] {dag.py:3047} INFO - Sync 1 DAGs
[2024-03-19T19:03:58.040+0000] {logging_mixin.py:188} INFO - [2024-03-19T19:03:58.039+0000] {dag.py:3834} INFO - Setting next_dagrun for example_branch_dop_operator_v3 to 2024-03-19 19:02:00+00:00, run_after=2024-03-19 19:03:00+00:00
[2024-03-19T19:03:58.046+0000] {processor.py:183} INFO - Processing /home/airflow/.local/lib/python3.8/site-packages/airflow/example_dags/example_branch_python_dop_operator_3.py took 0.031 seconds
[2024-03-19T19:04:28.557+0000] {processor.py:161} INFO - Started process (PID=8202) to work on /home/airflow/.local/lib/python3.8/site-packages/airflow/example_dags/example_branch_python_dop_operator_3.py
[2024-03-19T19:04:28.557+0000] {processor.py:830} INFO - Processing file /home/airflow/.local/lib/python3.8/site-packages/airflow/example_dags/example_branch_python_dop_operator_3.py for tasks to queue
[2024-03-19T19:04:28.558+0000] {logging_mixin.py:188} INFO - [2024-03-19T19:04:28.558+0000] {dagbag.py:540} INFO - Filling up the DagBag from /home/airflow/.local/lib/python3.8/site-packages/airflow/example_dags/example_branch_python_dop_operator_3.py
[2024-03-19T19:04:28.562+0000] {processor.py:840} INFO - DAG(s) 'example_branch_dop_operator_v3' retrieved from /home/airflow/.local/lib/python3.8/site-packages/airflow/example_dags/example_branch_python_dop_operator_3.py
[2024-03-19T19:04:28.570+0000] {logging_mixin.py:188} INFO - [2024-03-19T19:04:28.570+0000] {dag.py:3047} INFO - Sync 1 DAGs
[2024-03-19T19:04:28.580+0000] {logging_mixin.py:188} INFO - [2024-03-19T19:04:28.580+0000] {dag.py:3834} INFO - Setting next_dagrun for example_branch_dop_operator_v3 to 2024-03-19 19:03:00+00:00, run_after=2024-03-19 19:04:00+00:00
[2024-03-19T19:04:28.587+0000] {processor.py:183} INFO - Processing /home/airflow/.local/lib/python3.8/site-packages/airflow/example_dags/example_branch_python_dop_operator_3.py took 0.032 seconds
[2024-03-19T19:04:59.094+0000] {processor.py:161} INFO - Started process (PID=8449) to work on /home/airflow/.local/lib/python3.8/site-packages/airflow/example_dags/example_branch_python_dop_operator_3.py
[2024-03-19T19:04:59.094+0000] {processor.py:830} INFO - Processing file /home/airflow/.local/lib/python3.8/site-packages/airflow/example_dags/example_branch_python_dop_operator_3.py for tasks to queue
[2024-03-19T19:04:59.095+0000] {logging_mixin.py:188} INFO - [2024-03-19T19:04:59.095+0000] {dagbag.py:540} INFO - Filling up the DagBag from /home/airflow/.local/lib/python3.8/site-packages/airflow/example_dags/example_branch_python_dop_operator_3.py
[2024-03-19T19:04:59.099+0000] {processor.py:840} INFO - DAG(s) 'example_branch_dop_operator_v3' retrieved from /home/airflow/.local/lib/python3.8/site-packages/airflow/example_dags/example_branch_python_dop_operator_3.py
[2024-03-19T19:04:59.108+0000] {logging_mixin.py:188} INFO - [2024-03-19T19:04:59.108+0000] {dag.py:3047} INFO - Sync 1 DAGs
[2024-03-19T19:04:59.118+0000] {logging_mixin.py:188} INFO - [2024-03-19T19:04:59.118+0000] {dag.py:3834} INFO - Setting next_dagrun for example_branch_dop_operator_v3 to 2024-03-19 19:03:00+00:00, run_after=2024-03-19 19:04:00+00:00
[2024-03-19T19:04:59.124+0000] {processor.py:183} INFO - Processing /home/airflow/.local/lib/python3.8/site-packages/airflow/example_dags/example_branch_python_dop_operator_3.py took 0.032 seconds
[2024-03-19T19:05:29.599+0000] {processor.py:161} INFO - Started process (PID=8696) to work on /home/airflow/.local/lib/python3.8/site-packages/airflow/example_dags/example_branch_python_dop_operator_3.py
[2024-03-19T19:05:29.600+0000] {processor.py:830} INFO - Processing file /home/airflow/.local/lib/python3.8/site-packages/airflow/example_dags/example_branch_python_dop_operator_3.py for tasks to queue
[2024-03-19T19:05:29.600+0000] {logging_mixin.py:188} INFO - [2024-03-19T19:05:29.600+0000] {dagbag.py:540} INFO - Filling up the DagBag from /home/airflow/.local/lib/python3.8/site-packages/airflow/example_dags/example_branch_python_dop_operator_3.py
[2024-03-19T19:05:29.605+0000] {processor.py:840} INFO - DAG(s) 'example_branch_dop_operator_v3' retrieved from /home/airflow/.local/lib/python3.8/site-packages/airflow/example_dags/example_branch_python_dop_operator_3.py
[2024-03-19T19:05:29.615+0000] {logging_mixin.py:188} INFO - [2024-03-19T19:05:29.614+0000] {dag.py:3047} INFO - Sync 1 DAGs
[2024-03-19T19:05:29.627+0000] {logging_mixin.py:188} INFO - [2024-03-19T19:05:29.627+0000] {dag.py:3834} INFO - Setting next_dagrun for example_branch_dop_operator_v3 to 2024-03-19 19:04:00+00:00, run_after=2024-03-19 19:05:00+00:00
[2024-03-19T19:05:29.634+0000] {processor.py:183} INFO - Processing /home/airflow/.local/lib/python3.8/site-packages/airflow/example_dags/example_branch_python_dop_operator_3.py took 0.037 seconds
[2024-03-19T19:06:00.190+0000] {processor.py:161} INFO - Started process (PID=8943) to work on /home/airflow/.local/lib/python3.8/site-packages/airflow/example_dags/example_branch_python_dop_operator_3.py
[2024-03-19T19:06:00.191+0000] {processor.py:830} INFO - Processing file /home/airflow/.local/lib/python3.8/site-packages/airflow/example_dags/example_branch_python_dop_operator_3.py for tasks to queue
[2024-03-19T19:06:00.193+0000] {logging_mixin.py:188} INFO - [2024-03-19T19:06:00.192+0000] {dagbag.py:540} INFO - Filling up the DagBag from /home/airflow/.local/lib/python3.8/site-packages/airflow/example_dags/example_branch_python_dop_operator_3.py
[2024-03-19T19:06:00.202+0000] {processor.py:840} INFO - DAG(s) 'example_branch_dop_operator_v3' retrieved from /home/airflow/.local/lib/python3.8/site-packages/airflow/example_dags/example_branch_python_dop_operator_3.py
[2024-03-19T19:06:00.221+0000] {logging_mixin.py:188} INFO - [2024-03-19T19:06:00.221+0000] {dag.py:3047} INFO - Sync 1 DAGs
[2024-03-19T19:06:00.237+0000] {logging_mixin.py:188} INFO - [2024-03-19T19:06:00.237+0000] {dag.py:3834} INFO - Setting next_dagrun for example_branch_dop_operator_v3 to 2024-03-19 19:05:00+00:00, run_after=2024-03-19 19:06:00+00:00
[2024-03-19T19:06:00.251+0000] {processor.py:183} INFO - Processing /home/airflow/.local/lib/python3.8/site-packages/airflow/example_dags/example_branch_python_dop_operator_3.py took 0.063 seconds
