[2024-03-19T18:48:11.377+0000] {processor.py:161} INFO - Started process (PID=351) to work on /home/airflow/.local/lib/python3.8/site-packages/airflow/example_dags/example_datasets.py
[2024-03-19T18:48:11.377+0000] {processor.py:830} INFO - Processing file /home/airflow/.local/lib/python3.8/site-packages/airflow/example_dags/example_datasets.py for tasks to queue
[2024-03-19T18:48:11.378+0000] {logging_mixin.py:188} INFO - [2024-03-19T18:48:11.377+0000] {dagbag.py:540} INFO - Filling up the DagBag from /home/airflow/.local/lib/python3.8/site-packages/airflow/example_dags/example_datasets.py
[2024-03-19T18:48:11.383+0000] {processor.py:840} INFO - DAG(s) 'dataset_consumes_1', 'dataset_produces_2', 'dataset_consumes_unknown_never_scheduled', 'dataset_consumes_1_never_scheduled', 'dataset_consumes_1_and_2', 'dataset_produces_1' retrieved from /home/airflow/.local/lib/python3.8/site-packages/airflow/example_dags/example_datasets.py
[2024-03-19T18:48:11.390+0000] {logging_mixin.py:188} INFO - [2024-03-19T18:48:11.389+0000] {dag.py:3047} INFO - Sync 6 DAGs
[2024-03-19T18:48:11.400+0000] {logging_mixin.py:188} INFO - [2024-03-19T18:48:11.400+0000] {dag.py:3834} INFO - Setting next_dagrun for dataset_consumes_1 to None, run_after=None
[2024-03-19T18:48:11.403+0000] {logging_mixin.py:188} INFO - [2024-03-19T18:48:11.402+0000] {dag.py:3834} INFO - Setting next_dagrun for dataset_consumes_1_and_2 to None, run_after=None
[2024-03-19T18:48:11.403+0000] {logging_mixin.py:188} INFO - [2024-03-19T18:48:11.403+0000] {dag.py:3834} INFO - Setting next_dagrun for dataset_consumes_1_never_scheduled to None, run_after=None
[2024-03-19T18:48:11.405+0000] {logging_mixin.py:188} INFO - [2024-03-19T18:48:11.405+0000] {dag.py:3834} INFO - Setting next_dagrun for dataset_consumes_unknown_never_scheduled to None, run_after=None
[2024-03-19T18:48:11.407+0000] {logging_mixin.py:188} INFO - [2024-03-19T18:48:11.407+0000] {dag.py:3834} INFO - Setting next_dagrun for dataset_produces_1 to 2024-03-18 00:00:00+00:00, run_after=2024-03-19 00:00:00+00:00
[2024-03-19T18:48:11.407+0000] {logging_mixin.py:188} INFO - [2024-03-19T18:48:11.407+0000] {dag.py:3834} INFO - Setting next_dagrun for dataset_produces_2 to None, run_after=None
[2024-03-19T18:48:11.420+0000] {processor.py:183} INFO - Processing /home/airflow/.local/lib/python3.8/site-packages/airflow/example_dags/example_datasets.py took 0.044 seconds
[2024-03-19T18:48:42.409+0000] {processor.py:161} INFO - Started process (PID=598) to work on /home/airflow/.local/lib/python3.8/site-packages/airflow/example_dags/example_datasets.py
[2024-03-19T18:48:42.409+0000] {processor.py:830} INFO - Processing file /home/airflow/.local/lib/python3.8/site-packages/airflow/example_dags/example_datasets.py for tasks to queue
[2024-03-19T18:48:42.410+0000] {logging_mixin.py:188} INFO - [2024-03-19T18:48:42.409+0000] {dagbag.py:540} INFO - Filling up the DagBag from /home/airflow/.local/lib/python3.8/site-packages/airflow/example_dags/example_datasets.py
[2024-03-19T18:48:42.414+0000] {processor.py:840} INFO - DAG(s) 'dataset_consumes_1', 'dataset_consumes_1_never_scheduled', 'dataset_consumes_1_and_2', 'dataset_produces_1', 'dataset_consumes_unknown_never_scheduled', 'dataset_produces_2' retrieved from /home/airflow/.local/lib/python3.8/site-packages/airflow/example_dags/example_datasets.py
[2024-03-19T18:48:42.476+0000] {logging_mixin.py:188} INFO - [2024-03-19T18:48:42.475+0000] {dag.py:3047} INFO - Sync 6 DAGs
[2024-03-19T18:48:42.485+0000] {logging_mixin.py:188} INFO - [2024-03-19T18:48:42.484+0000] {dag.py:3834} INFO - Setting next_dagrun for dataset_consumes_1 to None, run_after=None
[2024-03-19T18:48:42.486+0000] {logging_mixin.py:188} INFO - [2024-03-19T18:48:42.486+0000] {dag.py:3834} INFO - Setting next_dagrun for dataset_consumes_1_and_2 to None, run_after=None
[2024-03-19T18:48:42.487+0000] {logging_mixin.py:188} INFO - [2024-03-19T18:48:42.486+0000] {dag.py:3834} INFO - Setting next_dagrun for dataset_consumes_1_never_scheduled to None, run_after=None
[2024-03-19T18:48:42.487+0000] {logging_mixin.py:188} INFO - [2024-03-19T18:48:42.487+0000] {dag.py:3834} INFO - Setting next_dagrun for dataset_consumes_unknown_never_scheduled to None, run_after=None
[2024-03-19T18:48:42.488+0000] {logging_mixin.py:188} INFO - [2024-03-19T18:48:42.488+0000] {dag.py:3834} INFO - Setting next_dagrun for dataset_produces_1 to 2024-03-18 00:00:00+00:00, run_after=2024-03-19 00:00:00+00:00
[2024-03-19T18:48:42.489+0000] {logging_mixin.py:188} INFO - [2024-03-19T18:48:42.489+0000] {dag.py:3834} INFO - Setting next_dagrun for dataset_produces_2 to None, run_after=None
[2024-03-19T18:48:42.505+0000] {processor.py:183} INFO - Processing /home/airflow/.local/lib/python3.8/site-packages/airflow/example_dags/example_datasets.py took 0.098 seconds
[2024-03-19T18:49:13.209+0000] {processor.py:161} INFO - Started process (PID=845) to work on /home/airflow/.local/lib/python3.8/site-packages/airflow/example_dags/example_datasets.py
[2024-03-19T18:49:13.210+0000] {processor.py:830} INFO - Processing file /home/airflow/.local/lib/python3.8/site-packages/airflow/example_dags/example_datasets.py for tasks to queue
[2024-03-19T18:49:13.210+0000] {logging_mixin.py:188} INFO - [2024-03-19T18:49:13.210+0000] {dagbag.py:540} INFO - Filling up the DagBag from /home/airflow/.local/lib/python3.8/site-packages/airflow/example_dags/example_datasets.py
[2024-03-19T18:49:13.215+0000] {processor.py:840} INFO - DAG(s) 'dataset_produces_1', 'dataset_consumes_unknown_never_scheduled', 'dataset_consumes_1_and_2', 'dataset_consumes_1', 'dataset_consumes_1_never_scheduled', 'dataset_produces_2' retrieved from /home/airflow/.local/lib/python3.8/site-packages/airflow/example_dags/example_datasets.py
[2024-03-19T18:49:13.229+0000] {logging_mixin.py:188} INFO - [2024-03-19T18:49:13.229+0000] {dag.py:3047} INFO - Sync 6 DAGs
[2024-03-19T18:49:13.238+0000] {logging_mixin.py:188} INFO - [2024-03-19T18:49:13.238+0000] {dag.py:3834} INFO - Setting next_dagrun for dataset_consumes_1 to None, run_after=None
[2024-03-19T18:49:13.240+0000] {logging_mixin.py:188} INFO - [2024-03-19T18:49:13.240+0000] {dag.py:3834} INFO - Setting next_dagrun for dataset_consumes_1_and_2 to None, run_after=None
[2024-03-19T18:49:13.240+0000] {logging_mixin.py:188} INFO - [2024-03-19T18:49:13.240+0000] {dag.py:3834} INFO - Setting next_dagrun for dataset_consumes_1_never_scheduled to None, run_after=None
[2024-03-19T18:49:13.241+0000] {logging_mixin.py:188} INFO - [2024-03-19T18:49:13.241+0000] {dag.py:3834} INFO - Setting next_dagrun for dataset_consumes_unknown_never_scheduled to None, run_after=None
[2024-03-19T18:49:13.242+0000] {logging_mixin.py:188} INFO - [2024-03-19T18:49:13.242+0000] {dag.py:3834} INFO - Setting next_dagrun for dataset_produces_1 to 2024-03-18 00:00:00+00:00, run_after=2024-03-19 00:00:00+00:00
[2024-03-19T18:49:13.242+0000] {logging_mixin.py:188} INFO - [2024-03-19T18:49:13.242+0000] {dag.py:3834} INFO - Setting next_dagrun for dataset_produces_2 to None, run_after=None
[2024-03-19T18:49:13.255+0000] {processor.py:183} INFO - Processing /home/airflow/.local/lib/python3.8/site-packages/airflow/example_dags/example_datasets.py took 0.047 seconds
[2024-03-19T18:49:43.664+0000] {processor.py:161} INFO - Started process (PID=1092) to work on /home/airflow/.local/lib/python3.8/site-packages/airflow/example_dags/example_datasets.py
[2024-03-19T18:49:43.664+0000] {processor.py:830} INFO - Processing file /home/airflow/.local/lib/python3.8/site-packages/airflow/example_dags/example_datasets.py for tasks to queue
[2024-03-19T18:49:43.665+0000] {logging_mixin.py:188} INFO - [2024-03-19T18:49:43.665+0000] {dagbag.py:540} INFO - Filling up the DagBag from /home/airflow/.local/lib/python3.8/site-packages/airflow/example_dags/example_datasets.py
[2024-03-19T18:49:43.669+0000] {processor.py:840} INFO - DAG(s) 'dataset_consumes_1', 'dataset_consumes_unknown_never_scheduled', 'dataset_produces_1', 'dataset_produces_2', 'dataset_consumes_1_and_2', 'dataset_consumes_1_never_scheduled' retrieved from /home/airflow/.local/lib/python3.8/site-packages/airflow/example_dags/example_datasets.py
[2024-03-19T18:49:43.682+0000] {logging_mixin.py:188} INFO - [2024-03-19T18:49:43.682+0000] {dag.py:3047} INFO - Sync 6 DAGs
[2024-03-19T18:49:43.691+0000] {logging_mixin.py:188} INFO - [2024-03-19T18:49:43.691+0000] {dag.py:3834} INFO - Setting next_dagrun for dataset_consumes_1 to None, run_after=None
[2024-03-19T18:49:43.693+0000] {logging_mixin.py:188} INFO - [2024-03-19T18:49:43.693+0000] {dag.py:3834} INFO - Setting next_dagrun for dataset_consumes_1_and_2 to None, run_after=None
[2024-03-19T18:49:43.694+0000] {logging_mixin.py:188} INFO - [2024-03-19T18:49:43.694+0000] {dag.py:3834} INFO - Setting next_dagrun for dataset_consumes_1_never_scheduled to None, run_after=None
[2024-03-19T18:49:43.694+0000] {logging_mixin.py:188} INFO - [2024-03-19T18:49:43.694+0000] {dag.py:3834} INFO - Setting next_dagrun for dataset_consumes_unknown_never_scheduled to None, run_after=None
[2024-03-19T18:49:43.695+0000] {logging_mixin.py:188} INFO - [2024-03-19T18:49:43.695+0000] {dag.py:3834} INFO - Setting next_dagrun for dataset_produces_1 to 2024-03-18 00:00:00+00:00, run_after=2024-03-19 00:00:00+00:00
[2024-03-19T18:49:43.696+0000] {logging_mixin.py:188} INFO - [2024-03-19T18:49:43.696+0000] {dag.py:3834} INFO - Setting next_dagrun for dataset_produces_2 to None, run_after=None
[2024-03-19T18:49:43.707+0000] {processor.py:183} INFO - Processing /home/airflow/.local/lib/python3.8/site-packages/airflow/example_dags/example_datasets.py took 0.045 seconds
[2024-03-19T18:50:14.252+0000] {processor.py:161} INFO - Started process (PID=1339) to work on /home/airflow/.local/lib/python3.8/site-packages/airflow/example_dags/example_datasets.py
[2024-03-19T18:50:14.253+0000] {processor.py:830} INFO - Processing file /home/airflow/.local/lib/python3.8/site-packages/airflow/example_dags/example_datasets.py for tasks to queue
[2024-03-19T18:50:14.253+0000] {logging_mixin.py:188} INFO - [2024-03-19T18:50:14.253+0000] {dagbag.py:540} INFO - Filling up the DagBag from /home/airflow/.local/lib/python3.8/site-packages/airflow/example_dags/example_datasets.py
[2024-03-19T18:50:14.258+0000] {processor.py:840} INFO - DAG(s) 'dataset_produces_1', 'dataset_produces_2', 'dataset_consumes_unknown_never_scheduled', 'dataset_consumes_1', 'dataset_consumes_1_never_scheduled', 'dataset_consumes_1_and_2' retrieved from /home/airflow/.local/lib/python3.8/site-packages/airflow/example_dags/example_datasets.py
[2024-03-19T18:50:14.272+0000] {logging_mixin.py:188} INFO - [2024-03-19T18:50:14.271+0000] {dag.py:3047} INFO - Sync 6 DAGs
[2024-03-19T18:50:14.282+0000] {logging_mixin.py:188} INFO - [2024-03-19T18:50:14.281+0000] {dag.py:3834} INFO - Setting next_dagrun for dataset_consumes_1 to None, run_after=None
[2024-03-19T18:50:14.283+0000] {logging_mixin.py:188} INFO - [2024-03-19T18:50:14.283+0000] {dag.py:3834} INFO - Setting next_dagrun for dataset_consumes_1_and_2 to None, run_after=None
[2024-03-19T18:50:14.284+0000] {logging_mixin.py:188} INFO - [2024-03-19T18:50:14.284+0000] {dag.py:3834} INFO - Setting next_dagrun for dataset_consumes_1_never_scheduled to None, run_after=None
[2024-03-19T18:50:14.284+0000] {logging_mixin.py:188} INFO - [2024-03-19T18:50:14.284+0000] {dag.py:3834} INFO - Setting next_dagrun for dataset_consumes_unknown_never_scheduled to None, run_after=None
[2024-03-19T18:50:14.286+0000] {logging_mixin.py:188} INFO - [2024-03-19T18:50:14.286+0000] {dag.py:3834} INFO - Setting next_dagrun for dataset_produces_1 to 2024-03-18 00:00:00+00:00, run_after=2024-03-19 00:00:00+00:00
[2024-03-19T18:50:14.289+0000] {logging_mixin.py:188} INFO - [2024-03-19T18:50:14.289+0000] {dag.py:3834} INFO - Setting next_dagrun for dataset_produces_2 to None, run_after=None
[2024-03-19T18:50:14.305+0000] {processor.py:183} INFO - Processing /home/airflow/.local/lib/python3.8/site-packages/airflow/example_dags/example_datasets.py took 0.054 seconds
[2024-03-19T18:50:45.141+0000] {processor.py:161} INFO - Started process (PID=1610) to work on /home/airflow/.local/lib/python3.8/site-packages/airflow/example_dags/example_datasets.py
[2024-03-19T18:50:45.142+0000] {processor.py:830} INFO - Processing file /home/airflow/.local/lib/python3.8/site-packages/airflow/example_dags/example_datasets.py for tasks to queue
[2024-03-19T18:50:45.142+0000] {logging_mixin.py:188} INFO - [2024-03-19T18:50:45.142+0000] {dagbag.py:540} INFO - Filling up the DagBag from /home/airflow/.local/lib/python3.8/site-packages/airflow/example_dags/example_datasets.py
[2024-03-19T18:50:45.147+0000] {processor.py:840} INFO - DAG(s) 'dataset_produces_2', 'dataset_produces_1', 'dataset_consumes_1_and_2', 'dataset_consumes_unknown_never_scheduled', 'dataset_consumes_1', 'dataset_consumes_1_never_scheduled' retrieved from /home/airflow/.local/lib/python3.8/site-packages/airflow/example_dags/example_datasets.py
[2024-03-19T18:50:45.163+0000] {logging_mixin.py:188} INFO - [2024-03-19T18:50:45.163+0000] {dag.py:3047} INFO - Sync 6 DAGs
[2024-03-19T18:50:45.173+0000] {logging_mixin.py:188} INFO - [2024-03-19T18:50:45.173+0000] {dag.py:3834} INFO - Setting next_dagrun for dataset_consumes_1 to None, run_after=None
[2024-03-19T18:50:45.175+0000] {logging_mixin.py:188} INFO - [2024-03-19T18:50:45.175+0000] {dag.py:3834} INFO - Setting next_dagrun for dataset_consumes_1_and_2 to None, run_after=None
[2024-03-19T18:50:45.177+0000] {logging_mixin.py:188} INFO - [2024-03-19T18:50:45.176+0000] {dag.py:3834} INFO - Setting next_dagrun for dataset_consumes_1_never_scheduled to None, run_after=None
[2024-03-19T18:50:45.177+0000] {logging_mixin.py:188} INFO - [2024-03-19T18:50:45.177+0000] {dag.py:3834} INFO - Setting next_dagrun for dataset_consumes_unknown_never_scheduled to None, run_after=None
[2024-03-19T18:50:45.178+0000] {logging_mixin.py:188} INFO - [2024-03-19T18:50:45.178+0000] {dag.py:3834} INFO - Setting next_dagrun for dataset_produces_1 to 2024-03-18 00:00:00+00:00, run_after=2024-03-19 00:00:00+00:00
[2024-03-19T18:50:45.179+0000] {logging_mixin.py:188} INFO - [2024-03-19T18:50:45.179+0000] {dag.py:3834} INFO - Setting next_dagrun for dataset_produces_2 to None, run_after=None
[2024-03-19T18:50:45.191+0000] {processor.py:183} INFO - Processing /home/airflow/.local/lib/python3.8/site-packages/airflow/example_dags/example_datasets.py took 0.052 seconds
[2024-03-19T18:51:15.630+0000] {processor.py:161} INFO - Started process (PID=1857) to work on /home/airflow/.local/lib/python3.8/site-packages/airflow/example_dags/example_datasets.py
[2024-03-19T18:51:15.630+0000] {processor.py:830} INFO - Processing file /home/airflow/.local/lib/python3.8/site-packages/airflow/example_dags/example_datasets.py for tasks to queue
[2024-03-19T18:51:15.631+0000] {logging_mixin.py:188} INFO - [2024-03-19T18:51:15.631+0000] {dagbag.py:540} INFO - Filling up the DagBag from /home/airflow/.local/lib/python3.8/site-packages/airflow/example_dags/example_datasets.py
[2024-03-19T18:51:15.635+0000] {processor.py:840} INFO - DAG(s) 'dataset_produces_1', 'dataset_consumes_1_and_2', 'dataset_consumes_1', 'dataset_consumes_unknown_never_scheduled', 'dataset_consumes_1_never_scheduled', 'dataset_produces_2' retrieved from /home/airflow/.local/lib/python3.8/site-packages/airflow/example_dags/example_datasets.py
[2024-03-19T18:51:15.649+0000] {logging_mixin.py:188} INFO - [2024-03-19T18:51:15.649+0000] {dag.py:3047} INFO - Sync 6 DAGs
[2024-03-19T18:51:15.659+0000] {logging_mixin.py:188} INFO - [2024-03-19T18:51:15.659+0000] {dag.py:3834} INFO - Setting next_dagrun for dataset_consumes_1 to None, run_after=None
[2024-03-19T18:51:15.661+0000] {logging_mixin.py:188} INFO - [2024-03-19T18:51:15.661+0000] {dag.py:3834} INFO - Setting next_dagrun for dataset_consumes_1_and_2 to None, run_after=None
[2024-03-19T18:51:15.661+0000] {logging_mixin.py:188} INFO - [2024-03-19T18:51:15.661+0000] {dag.py:3834} INFO - Setting next_dagrun for dataset_consumes_1_never_scheduled to None, run_after=None
[2024-03-19T18:51:15.662+0000] {logging_mixin.py:188} INFO - [2024-03-19T18:51:15.662+0000] {dag.py:3834} INFO - Setting next_dagrun for dataset_consumes_unknown_never_scheduled to None, run_after=None
[2024-03-19T18:51:15.663+0000] {logging_mixin.py:188} INFO - [2024-03-19T18:51:15.663+0000] {dag.py:3834} INFO - Setting next_dagrun for dataset_produces_1 to 2024-03-18 00:00:00+00:00, run_after=2024-03-19 00:00:00+00:00
[2024-03-19T18:51:15.664+0000] {logging_mixin.py:188} INFO - [2024-03-19T18:51:15.663+0000] {dag.py:3834} INFO - Setting next_dagrun for dataset_produces_2 to None, run_after=None
[2024-03-19T18:51:15.675+0000] {processor.py:183} INFO - Processing /home/airflow/.local/lib/python3.8/site-packages/airflow/example_dags/example_datasets.py took 0.047 seconds
[2024-03-19T18:51:46.018+0000] {processor.py:161} INFO - Started process (PID=2104) to work on /home/airflow/.local/lib/python3.8/site-packages/airflow/example_dags/example_datasets.py
[2024-03-19T18:51:46.019+0000] {processor.py:830} INFO - Processing file /home/airflow/.local/lib/python3.8/site-packages/airflow/example_dags/example_datasets.py for tasks to queue
[2024-03-19T18:51:46.019+0000] {logging_mixin.py:188} INFO - [2024-03-19T18:51:46.019+0000] {dagbag.py:540} INFO - Filling up the DagBag from /home/airflow/.local/lib/python3.8/site-packages/airflow/example_dags/example_datasets.py
[2024-03-19T18:51:46.023+0000] {processor.py:840} INFO - DAG(s) 'dataset_consumes_unknown_never_scheduled', 'dataset_consumes_1_and_2', 'dataset_consumes_1_never_scheduled', 'dataset_produces_1', 'dataset_consumes_1', 'dataset_produces_2' retrieved from /home/airflow/.local/lib/python3.8/site-packages/airflow/example_dags/example_datasets.py
[2024-03-19T18:51:46.038+0000] {logging_mixin.py:188} INFO - [2024-03-19T18:51:46.038+0000] {dag.py:3047} INFO - Sync 6 DAGs
[2024-03-19T18:51:46.048+0000] {logging_mixin.py:188} INFO - [2024-03-19T18:51:46.047+0000] {dag.py:3834} INFO - Setting next_dagrun for dataset_consumes_1 to None, run_after=None
[2024-03-19T18:51:46.049+0000] {logging_mixin.py:188} INFO - [2024-03-19T18:51:46.049+0000] {dag.py:3834} INFO - Setting next_dagrun for dataset_consumes_1_and_2 to None, run_after=None
[2024-03-19T18:51:46.050+0000] {logging_mixin.py:188} INFO - [2024-03-19T18:51:46.050+0000] {dag.py:3834} INFO - Setting next_dagrun for dataset_consumes_1_never_scheduled to None, run_after=None
[2024-03-19T18:51:46.050+0000] {logging_mixin.py:188} INFO - [2024-03-19T18:51:46.050+0000] {dag.py:3834} INFO - Setting next_dagrun for dataset_consumes_unknown_never_scheduled to None, run_after=None
[2024-03-19T18:51:46.051+0000] {logging_mixin.py:188} INFO - [2024-03-19T18:51:46.051+0000] {dag.py:3834} INFO - Setting next_dagrun for dataset_produces_1 to 2024-03-18 00:00:00+00:00, run_after=2024-03-19 00:00:00+00:00
[2024-03-19T18:51:46.053+0000] {logging_mixin.py:188} INFO - [2024-03-19T18:51:46.053+0000] {dag.py:3834} INFO - Setting next_dagrun for dataset_produces_2 to None, run_after=None
[2024-03-19T18:51:46.064+0000] {processor.py:183} INFO - Processing /home/airflow/.local/lib/python3.8/site-packages/airflow/example_dags/example_datasets.py took 0.047 seconds
[2024-03-19T18:52:16.401+0000] {processor.py:161} INFO - Started process (PID=2350) to work on /home/airflow/.local/lib/python3.8/site-packages/airflow/example_dags/example_datasets.py
[2024-03-19T18:52:16.402+0000] {processor.py:830} INFO - Processing file /home/airflow/.local/lib/python3.8/site-packages/airflow/example_dags/example_datasets.py for tasks to queue
[2024-03-19T18:52:16.402+0000] {logging_mixin.py:188} INFO - [2024-03-19T18:52:16.402+0000] {dagbag.py:540} INFO - Filling up the DagBag from /home/airflow/.local/lib/python3.8/site-packages/airflow/example_dags/example_datasets.py
[2024-03-19T18:52:16.407+0000] {processor.py:840} INFO - DAG(s) 'dataset_produces_2', 'dataset_consumes_1_and_2', 'dataset_consumes_unknown_never_scheduled', 'dataset_consumes_1', 'dataset_consumes_1_never_scheduled', 'dataset_produces_1' retrieved from /home/airflow/.local/lib/python3.8/site-packages/airflow/example_dags/example_datasets.py
[2024-03-19T18:52:16.421+0000] {logging_mixin.py:188} INFO - [2024-03-19T18:52:16.421+0000] {dag.py:3047} INFO - Sync 6 DAGs
[2024-03-19T18:52:16.431+0000] {logging_mixin.py:188} INFO - [2024-03-19T18:52:16.430+0000] {dag.py:3834} INFO - Setting next_dagrun for dataset_consumes_1 to None, run_after=None
[2024-03-19T18:52:16.432+0000] {logging_mixin.py:188} INFO - [2024-03-19T18:52:16.432+0000] {dag.py:3834} INFO - Setting next_dagrun for dataset_consumes_1_and_2 to None, run_after=None
[2024-03-19T18:52:16.433+0000] {logging_mixin.py:188} INFO - [2024-03-19T18:52:16.433+0000] {dag.py:3834} INFO - Setting next_dagrun for dataset_consumes_1_never_scheduled to None, run_after=None
[2024-03-19T18:52:16.433+0000] {logging_mixin.py:188} INFO - [2024-03-19T18:52:16.433+0000] {dag.py:3834} INFO - Setting next_dagrun for dataset_consumes_unknown_never_scheduled to None, run_after=None
[2024-03-19T18:52:16.434+0000] {logging_mixin.py:188} INFO - [2024-03-19T18:52:16.434+0000] {dag.py:3834} INFO - Setting next_dagrun for dataset_produces_1 to 2024-03-18 00:00:00+00:00, run_after=2024-03-19 00:00:00+00:00
[2024-03-19T18:52:16.435+0000] {logging_mixin.py:188} INFO - [2024-03-19T18:52:16.435+0000] {dag.py:3834} INFO - Setting next_dagrun for dataset_produces_2 to None, run_after=None
[2024-03-19T18:52:16.448+0000] {processor.py:183} INFO - Processing /home/airflow/.local/lib/python3.8/site-packages/airflow/example_dags/example_datasets.py took 0.048 seconds
[2024-03-19T18:52:46.871+0000] {processor.py:161} INFO - Started process (PID=2597) to work on /home/airflow/.local/lib/python3.8/site-packages/airflow/example_dags/example_datasets.py
[2024-03-19T18:52:46.872+0000] {processor.py:830} INFO - Processing file /home/airflow/.local/lib/python3.8/site-packages/airflow/example_dags/example_datasets.py for tasks to queue
[2024-03-19T18:52:46.872+0000] {logging_mixin.py:188} INFO - [2024-03-19T18:52:46.872+0000] {dagbag.py:540} INFO - Filling up the DagBag from /home/airflow/.local/lib/python3.8/site-packages/airflow/example_dags/example_datasets.py
[2024-03-19T18:52:46.877+0000] {processor.py:840} INFO - DAG(s) 'dataset_produces_1', 'dataset_consumes_1', 'dataset_consumes_1_never_scheduled', 'dataset_produces_2', 'dataset_consumes_unknown_never_scheduled', 'dataset_consumes_1_and_2' retrieved from /home/airflow/.local/lib/python3.8/site-packages/airflow/example_dags/example_datasets.py
[2024-03-19T18:52:46.891+0000] {logging_mixin.py:188} INFO - [2024-03-19T18:52:46.891+0000] {dag.py:3047} INFO - Sync 6 DAGs
[2024-03-19T18:52:46.900+0000] {logging_mixin.py:188} INFO - [2024-03-19T18:52:46.900+0000] {dag.py:3834} INFO - Setting next_dagrun for dataset_consumes_1 to None, run_after=None
[2024-03-19T18:52:46.902+0000] {logging_mixin.py:188} INFO - [2024-03-19T18:52:46.902+0000] {dag.py:3834} INFO - Setting next_dagrun for dataset_consumes_1_and_2 to None, run_after=None
[2024-03-19T18:52:46.903+0000] {logging_mixin.py:188} INFO - [2024-03-19T18:52:46.903+0000] {dag.py:3834} INFO - Setting next_dagrun for dataset_consumes_1_never_scheduled to None, run_after=None
[2024-03-19T18:52:46.903+0000] {logging_mixin.py:188} INFO - [2024-03-19T18:52:46.903+0000] {dag.py:3834} INFO - Setting next_dagrun for dataset_consumes_unknown_never_scheduled to None, run_after=None
[2024-03-19T18:52:46.904+0000] {logging_mixin.py:188} INFO - [2024-03-19T18:52:46.904+0000] {dag.py:3834} INFO - Setting next_dagrun for dataset_produces_1 to 2024-03-18 00:00:00+00:00, run_after=2024-03-19 00:00:00+00:00
[2024-03-19T18:52:46.905+0000] {logging_mixin.py:188} INFO - [2024-03-19T18:52:46.905+0000] {dag.py:3834} INFO - Setting next_dagrun for dataset_produces_2 to None, run_after=None
[2024-03-19T18:52:46.917+0000] {processor.py:183} INFO - Processing /home/airflow/.local/lib/python3.8/site-packages/airflow/example_dags/example_datasets.py took 0.047 seconds
[2024-03-19T18:53:17.328+0000] {processor.py:161} INFO - Started process (PID=2844) to work on /home/airflow/.local/lib/python3.8/site-packages/airflow/example_dags/example_datasets.py
[2024-03-19T18:53:17.328+0000] {processor.py:830} INFO - Processing file /home/airflow/.local/lib/python3.8/site-packages/airflow/example_dags/example_datasets.py for tasks to queue
[2024-03-19T18:53:17.329+0000] {logging_mixin.py:188} INFO - [2024-03-19T18:53:17.328+0000] {dagbag.py:540} INFO - Filling up the DagBag from /home/airflow/.local/lib/python3.8/site-packages/airflow/example_dags/example_datasets.py
[2024-03-19T18:53:17.333+0000] {processor.py:840} INFO - DAG(s) 'dataset_consumes_1_and_2', 'dataset_produces_2', 'dataset_consumes_1', 'dataset_consumes_1_never_scheduled', 'dataset_consumes_unknown_never_scheduled', 'dataset_produces_1' retrieved from /home/airflow/.local/lib/python3.8/site-packages/airflow/example_dags/example_datasets.py
[2024-03-19T18:53:17.346+0000] {logging_mixin.py:188} INFO - [2024-03-19T18:53:17.346+0000] {dag.py:3047} INFO - Sync 6 DAGs
[2024-03-19T18:53:17.356+0000] {logging_mixin.py:188} INFO - [2024-03-19T18:53:17.356+0000] {dag.py:3834} INFO - Setting next_dagrun for dataset_consumes_1 to None, run_after=None
[2024-03-19T18:53:17.357+0000] {logging_mixin.py:188} INFO - [2024-03-19T18:53:17.357+0000] {dag.py:3834} INFO - Setting next_dagrun for dataset_consumes_1_and_2 to None, run_after=None
[2024-03-19T18:53:17.358+0000] {logging_mixin.py:188} INFO - [2024-03-19T18:53:17.358+0000] {dag.py:3834} INFO - Setting next_dagrun for dataset_consumes_1_never_scheduled to None, run_after=None
[2024-03-19T18:53:17.358+0000] {logging_mixin.py:188} INFO - [2024-03-19T18:53:17.358+0000] {dag.py:3834} INFO - Setting next_dagrun for dataset_consumes_unknown_never_scheduled to None, run_after=None
[2024-03-19T18:53:17.359+0000] {logging_mixin.py:188} INFO - [2024-03-19T18:53:17.359+0000] {dag.py:3834} INFO - Setting next_dagrun for dataset_produces_1 to 2024-03-18 00:00:00+00:00, run_after=2024-03-19 00:00:00+00:00
[2024-03-19T18:53:17.360+0000] {logging_mixin.py:188} INFO - [2024-03-19T18:53:17.360+0000] {dag.py:3834} INFO - Setting next_dagrun for dataset_produces_2 to None, run_after=None
[2024-03-19T18:53:17.371+0000] {processor.py:183} INFO - Processing /home/airflow/.local/lib/python3.8/site-packages/airflow/example_dags/example_datasets.py took 0.045 seconds
[2024-03-19T18:53:47.946+0000] {processor.py:161} INFO - Started process (PID=3091) to work on /home/airflow/.local/lib/python3.8/site-packages/airflow/example_dags/example_datasets.py
[2024-03-19T18:53:47.946+0000] {processor.py:830} INFO - Processing file /home/airflow/.local/lib/python3.8/site-packages/airflow/example_dags/example_datasets.py for tasks to queue
[2024-03-19T18:53:47.947+0000] {logging_mixin.py:188} INFO - [2024-03-19T18:53:47.946+0000] {dagbag.py:540} INFO - Filling up the DagBag from /home/airflow/.local/lib/python3.8/site-packages/airflow/example_dags/example_datasets.py
[2024-03-19T18:53:47.951+0000] {processor.py:840} INFO - DAG(s) 'dataset_consumes_1_never_scheduled', 'dataset_consumes_1_and_2', 'dataset_produces_2', 'dataset_produces_1', 'dataset_consumes_1', 'dataset_consumes_unknown_never_scheduled' retrieved from /home/airflow/.local/lib/python3.8/site-packages/airflow/example_dags/example_datasets.py
[2024-03-19T18:53:47.968+0000] {logging_mixin.py:188} INFO - [2024-03-19T18:53:47.968+0000] {dag.py:3047} INFO - Sync 6 DAGs
[2024-03-19T18:53:48.000+0000] {logging_mixin.py:188} INFO - [2024-03-19T18:53:48.000+0000] {dag.py:3834} INFO - Setting next_dagrun for dataset_consumes_1 to None, run_after=None
[2024-03-19T18:53:48.009+0000] {logging_mixin.py:188} INFO - [2024-03-19T18:53:48.009+0000] {dag.py:3834} INFO - Setting next_dagrun for dataset_consumes_1_and_2 to None, run_after=None
[2024-03-19T18:53:48.015+0000] {logging_mixin.py:188} INFO - [2024-03-19T18:53:48.015+0000] {dag.py:3834} INFO - Setting next_dagrun for dataset_consumes_1_never_scheduled to None, run_after=None
[2024-03-19T18:53:48.026+0000] {logging_mixin.py:188} INFO - [2024-03-19T18:53:48.025+0000] {dag.py:3834} INFO - Setting next_dagrun for dataset_consumes_unknown_never_scheduled to None, run_after=None
[2024-03-19T18:53:48.042+0000] {logging_mixin.py:188} INFO - [2024-03-19T18:53:48.040+0000] {dag.py:3834} INFO - Setting next_dagrun for dataset_produces_1 to 2024-03-18 00:00:00+00:00, run_after=2024-03-19 00:00:00+00:00
[2024-03-19T18:53:48.048+0000] {logging_mixin.py:188} INFO - [2024-03-19T18:53:48.048+0000] {dag.py:3834} INFO - Setting next_dagrun for dataset_produces_2 to None, run_after=None
[2024-03-19T18:53:48.091+0000] {processor.py:183} INFO - Processing /home/airflow/.local/lib/python3.8/site-packages/airflow/example_dags/example_datasets.py took 0.147 seconds
[2024-03-19T18:54:18.612+0000] {processor.py:161} INFO - Started process (PID=3338) to work on /home/airflow/.local/lib/python3.8/site-packages/airflow/example_dags/example_datasets.py
[2024-03-19T18:54:18.613+0000] {processor.py:830} INFO - Processing file /home/airflow/.local/lib/python3.8/site-packages/airflow/example_dags/example_datasets.py for tasks to queue
[2024-03-19T18:54:18.614+0000] {logging_mixin.py:188} INFO - [2024-03-19T18:54:18.613+0000] {dagbag.py:540} INFO - Filling up the DagBag from /home/airflow/.local/lib/python3.8/site-packages/airflow/example_dags/example_datasets.py
[2024-03-19T18:54:18.620+0000] {processor.py:840} INFO - DAG(s) 'dataset_produces_2', 'dataset_consumes_1', 'dataset_consumes_1_never_scheduled', 'dataset_consumes_unknown_never_scheduled', 'dataset_consumes_1_and_2', 'dataset_produces_1' retrieved from /home/airflow/.local/lib/python3.8/site-packages/airflow/example_dags/example_datasets.py
[2024-03-19T18:54:18.635+0000] {logging_mixin.py:188} INFO - [2024-03-19T18:54:18.634+0000] {dag.py:3047} INFO - Sync 6 DAGs
[2024-03-19T18:54:18.645+0000] {logging_mixin.py:188} INFO - [2024-03-19T18:54:18.644+0000] {dag.py:3834} INFO - Setting next_dagrun for dataset_consumes_1 to None, run_after=None
[2024-03-19T18:54:18.646+0000] {logging_mixin.py:188} INFO - [2024-03-19T18:54:18.646+0000] {dag.py:3834} INFO - Setting next_dagrun for dataset_consumes_1_and_2 to None, run_after=None
[2024-03-19T18:54:18.647+0000] {logging_mixin.py:188} INFO - [2024-03-19T18:54:18.647+0000] {dag.py:3834} INFO - Setting next_dagrun for dataset_consumes_1_never_scheduled to None, run_after=None
[2024-03-19T18:54:18.647+0000] {logging_mixin.py:188} INFO - [2024-03-19T18:54:18.647+0000] {dag.py:3834} INFO - Setting next_dagrun for dataset_consumes_unknown_never_scheduled to None, run_after=None
[2024-03-19T18:54:18.648+0000] {logging_mixin.py:188} INFO - [2024-03-19T18:54:18.648+0000] {dag.py:3834} INFO - Setting next_dagrun for dataset_produces_1 to 2024-03-18 00:00:00+00:00, run_after=2024-03-19 00:00:00+00:00
[2024-03-19T18:54:18.649+0000] {logging_mixin.py:188} INFO - [2024-03-19T18:54:18.649+0000] {dag.py:3834} INFO - Setting next_dagrun for dataset_produces_2 to None, run_after=None
[2024-03-19T18:54:18.661+0000] {processor.py:183} INFO - Processing /home/airflow/.local/lib/python3.8/site-packages/airflow/example_dags/example_datasets.py took 0.050 seconds
[2024-03-19T18:54:49.056+0000] {processor.py:161} INFO - Started process (PID=3585) to work on /home/airflow/.local/lib/python3.8/site-packages/airflow/example_dags/example_datasets.py
[2024-03-19T18:54:49.056+0000] {processor.py:830} INFO - Processing file /home/airflow/.local/lib/python3.8/site-packages/airflow/example_dags/example_datasets.py for tasks to queue
[2024-03-19T18:54:49.057+0000] {logging_mixin.py:188} INFO - [2024-03-19T18:54:49.056+0000] {dagbag.py:540} INFO - Filling up the DagBag from /home/airflow/.local/lib/python3.8/site-packages/airflow/example_dags/example_datasets.py
[2024-03-19T18:54:49.061+0000] {processor.py:840} INFO - DAG(s) 'dataset_consumes_1_never_scheduled', 'dataset_consumes_1', 'dataset_produces_1', 'dataset_consumes_1_and_2', 'dataset_consumes_unknown_never_scheduled', 'dataset_produces_2' retrieved from /home/airflow/.local/lib/python3.8/site-packages/airflow/example_dags/example_datasets.py
[2024-03-19T18:54:49.075+0000] {logging_mixin.py:188} INFO - [2024-03-19T18:54:49.075+0000] {dag.py:3047} INFO - Sync 6 DAGs
[2024-03-19T18:54:49.084+0000] {logging_mixin.py:188} INFO - [2024-03-19T18:54:49.084+0000] {dag.py:3834} INFO - Setting next_dagrun for dataset_consumes_1 to None, run_after=None
[2024-03-19T18:54:49.086+0000] {logging_mixin.py:188} INFO - [2024-03-19T18:54:49.086+0000] {dag.py:3834} INFO - Setting next_dagrun for dataset_consumes_1_and_2 to None, run_after=None
[2024-03-19T18:54:49.086+0000] {logging_mixin.py:188} INFO - [2024-03-19T18:54:49.086+0000] {dag.py:3834} INFO - Setting next_dagrun for dataset_consumes_1_never_scheduled to None, run_after=None
[2024-03-19T18:54:49.087+0000] {logging_mixin.py:188} INFO - [2024-03-19T18:54:49.087+0000] {dag.py:3834} INFO - Setting next_dagrun for dataset_consumes_unknown_never_scheduled to None, run_after=None
[2024-03-19T18:54:49.088+0000] {logging_mixin.py:188} INFO - [2024-03-19T18:54:49.088+0000] {dag.py:3834} INFO - Setting next_dagrun for dataset_produces_1 to 2024-03-18 00:00:00+00:00, run_after=2024-03-19 00:00:00+00:00
[2024-03-19T18:54:49.089+0000] {logging_mixin.py:188} INFO - [2024-03-19T18:54:49.089+0000] {dag.py:3834} INFO - Setting next_dagrun for dataset_produces_2 to None, run_after=None
[2024-03-19T18:54:49.101+0000] {processor.py:183} INFO - Processing /home/airflow/.local/lib/python3.8/site-packages/airflow/example_dags/example_datasets.py took 0.047 seconds
[2024-03-19T18:55:19.506+0000] {processor.py:161} INFO - Started process (PID=3834) to work on /home/airflow/.local/lib/python3.8/site-packages/airflow/example_dags/example_datasets.py
[2024-03-19T18:55:19.506+0000] {processor.py:830} INFO - Processing file /home/airflow/.local/lib/python3.8/site-packages/airflow/example_dags/example_datasets.py for tasks to queue
[2024-03-19T18:55:19.507+0000] {logging_mixin.py:188} INFO - [2024-03-19T18:55:19.507+0000] {dagbag.py:540} INFO - Filling up the DagBag from /home/airflow/.local/lib/python3.8/site-packages/airflow/example_dags/example_datasets.py
[2024-03-19T18:55:19.511+0000] {processor.py:840} INFO - DAG(s) 'dataset_consumes_1_never_scheduled', 'dataset_consumes_1_and_2', 'dataset_consumes_1', 'dataset_produces_1', 'dataset_consumes_unknown_never_scheduled', 'dataset_produces_2' retrieved from /home/airflow/.local/lib/python3.8/site-packages/airflow/example_dags/example_datasets.py
[2024-03-19T18:55:19.526+0000] {logging_mixin.py:188} INFO - [2024-03-19T18:55:19.526+0000] {dag.py:3047} INFO - Sync 6 DAGs
[2024-03-19T18:55:19.535+0000] {logging_mixin.py:188} INFO - [2024-03-19T18:55:19.535+0000] {dag.py:3834} INFO - Setting next_dagrun for dataset_consumes_1 to None, run_after=None
[2024-03-19T18:55:19.537+0000] {logging_mixin.py:188} INFO - [2024-03-19T18:55:19.537+0000] {dag.py:3834} INFO - Setting next_dagrun for dataset_consumes_1_and_2 to None, run_after=None
[2024-03-19T18:55:19.538+0000] {logging_mixin.py:188} INFO - [2024-03-19T18:55:19.538+0000] {dag.py:3834} INFO - Setting next_dagrun for dataset_consumes_1_never_scheduled to None, run_after=None
[2024-03-19T18:55:19.538+0000] {logging_mixin.py:188} INFO - [2024-03-19T18:55:19.538+0000] {dag.py:3834} INFO - Setting next_dagrun for dataset_consumes_unknown_never_scheduled to None, run_after=None
[2024-03-19T18:55:19.540+0000] {logging_mixin.py:188} INFO - [2024-03-19T18:55:19.539+0000] {dag.py:3834} INFO - Setting next_dagrun for dataset_produces_1 to 2024-03-18 00:00:00+00:00, run_after=2024-03-19 00:00:00+00:00
[2024-03-19T18:55:19.540+0000] {logging_mixin.py:188} INFO - [2024-03-19T18:55:19.540+0000] {dag.py:3834} INFO - Setting next_dagrun for dataset_produces_2 to None, run_after=None
[2024-03-19T18:55:19.553+0000] {processor.py:183} INFO - Processing /home/airflow/.local/lib/python3.8/site-packages/airflow/example_dags/example_datasets.py took 0.049 seconds
[2024-03-19T18:55:49.997+0000] {processor.py:161} INFO - Started process (PID=4084) to work on /home/airflow/.local/lib/python3.8/site-packages/airflow/example_dags/example_datasets.py
[2024-03-19T18:55:49.998+0000] {processor.py:830} INFO - Processing file /home/airflow/.local/lib/python3.8/site-packages/airflow/example_dags/example_datasets.py for tasks to queue
[2024-03-19T18:55:49.998+0000] {logging_mixin.py:188} INFO - [2024-03-19T18:55:49.998+0000] {dagbag.py:540} INFO - Filling up the DagBag from /home/airflow/.local/lib/python3.8/site-packages/airflow/example_dags/example_datasets.py
[2024-03-19T18:55:50.004+0000] {processor.py:840} INFO - DAG(s) 'dataset_produces_1', 'dataset_consumes_1_never_scheduled', 'dataset_consumes_1_and_2', 'dataset_consumes_unknown_never_scheduled', 'dataset_consumes_1', 'dataset_produces_2' retrieved from /home/airflow/.local/lib/python3.8/site-packages/airflow/example_dags/example_datasets.py
[2024-03-19T18:55:50.029+0000] {logging_mixin.py:188} INFO - [2024-03-19T18:55:50.029+0000] {dag.py:3047} INFO - Sync 6 DAGs
[2024-03-19T18:55:50.049+0000] {logging_mixin.py:188} INFO - [2024-03-19T18:55:50.049+0000] {dag.py:3834} INFO - Setting next_dagrun for dataset_consumes_1 to None, run_after=None
[2024-03-19T18:55:50.051+0000] {logging_mixin.py:188} INFO - [2024-03-19T18:55:50.051+0000] {dag.py:3834} INFO - Setting next_dagrun for dataset_consumes_1_and_2 to None, run_after=None
[2024-03-19T18:55:50.052+0000] {logging_mixin.py:188} INFO - [2024-03-19T18:55:50.052+0000] {dag.py:3834} INFO - Setting next_dagrun for dataset_consumes_1_never_scheduled to None, run_after=None
[2024-03-19T18:55:50.053+0000] {logging_mixin.py:188} INFO - [2024-03-19T18:55:50.053+0000] {dag.py:3834} INFO - Setting next_dagrun for dataset_consumes_unknown_never_scheduled to None, run_after=None
[2024-03-19T18:55:50.054+0000] {logging_mixin.py:188} INFO - [2024-03-19T18:55:50.054+0000] {dag.py:3834} INFO - Setting next_dagrun for dataset_produces_1 to 2024-03-18 00:00:00+00:00, run_after=2024-03-19 00:00:00+00:00
[2024-03-19T18:55:50.054+0000] {logging_mixin.py:188} INFO - [2024-03-19T18:55:50.054+0000] {dag.py:3834} INFO - Setting next_dagrun for dataset_produces_2 to None, run_after=None
[2024-03-19T18:55:50.069+0000] {processor.py:183} INFO - Processing /home/airflow/.local/lib/python3.8/site-packages/airflow/example_dags/example_datasets.py took 0.073 seconds
[2024-03-19T18:56:20.519+0000] {processor.py:161} INFO - Started process (PID=4333) to work on /home/airflow/.local/lib/python3.8/site-packages/airflow/example_dags/example_datasets.py
[2024-03-19T18:56:20.520+0000] {processor.py:830} INFO - Processing file /home/airflow/.local/lib/python3.8/site-packages/airflow/example_dags/example_datasets.py for tasks to queue
[2024-03-19T18:56:20.521+0000] {logging_mixin.py:188} INFO - [2024-03-19T18:56:20.520+0000] {dagbag.py:540} INFO - Filling up the DagBag from /home/airflow/.local/lib/python3.8/site-packages/airflow/example_dags/example_datasets.py
[2024-03-19T18:56:20.525+0000] {processor.py:840} INFO - DAG(s) 'dataset_produces_2', 'dataset_produces_1', 'dataset_consumes_1', 'dataset_consumes_unknown_never_scheduled', 'dataset_consumes_1_and_2', 'dataset_consumes_1_never_scheduled' retrieved from /home/airflow/.local/lib/python3.8/site-packages/airflow/example_dags/example_datasets.py
[2024-03-19T18:56:20.539+0000] {logging_mixin.py:188} INFO - [2024-03-19T18:56:20.539+0000] {dag.py:3047} INFO - Sync 6 DAGs
[2024-03-19T18:56:20.548+0000] {logging_mixin.py:188} INFO - [2024-03-19T18:56:20.548+0000] {dag.py:3834} INFO - Setting next_dagrun for dataset_consumes_1 to None, run_after=None
[2024-03-19T18:56:20.549+0000] {logging_mixin.py:188} INFO - [2024-03-19T18:56:20.549+0000] {dag.py:3834} INFO - Setting next_dagrun for dataset_consumes_1_and_2 to None, run_after=None
[2024-03-19T18:56:20.550+0000] {logging_mixin.py:188} INFO - [2024-03-19T18:56:20.550+0000] {dag.py:3834} INFO - Setting next_dagrun for dataset_consumes_1_never_scheduled to None, run_after=None
[2024-03-19T18:56:20.550+0000] {logging_mixin.py:188} INFO - [2024-03-19T18:56:20.550+0000] {dag.py:3834} INFO - Setting next_dagrun for dataset_consumes_unknown_never_scheduled to None, run_after=None
[2024-03-19T18:56:20.551+0000] {logging_mixin.py:188} INFO - [2024-03-19T18:56:20.551+0000] {dag.py:3834} INFO - Setting next_dagrun for dataset_produces_1 to 2024-03-18 00:00:00+00:00, run_after=2024-03-19 00:00:00+00:00
[2024-03-19T18:56:20.552+0000] {logging_mixin.py:188} INFO - [2024-03-19T18:56:20.552+0000] {dag.py:3834} INFO - Setting next_dagrun for dataset_produces_2 to None, run_after=None
[2024-03-19T18:56:20.563+0000] {processor.py:183} INFO - Processing /home/airflow/.local/lib/python3.8/site-packages/airflow/example_dags/example_datasets.py took 0.045 seconds
[2024-03-19T18:56:50.970+0000] {processor.py:161} INFO - Started process (PID=4577) to work on /home/airflow/.local/lib/python3.8/site-packages/airflow/example_dags/example_datasets.py
[2024-03-19T18:56:50.971+0000] {processor.py:830} INFO - Processing file /home/airflow/.local/lib/python3.8/site-packages/airflow/example_dags/example_datasets.py for tasks to queue
[2024-03-19T18:56:50.971+0000] {logging_mixin.py:188} INFO - [2024-03-19T18:56:50.971+0000] {dagbag.py:540} INFO - Filling up the DagBag from /home/airflow/.local/lib/python3.8/site-packages/airflow/example_dags/example_datasets.py
[2024-03-19T18:56:50.976+0000] {processor.py:840} INFO - DAG(s) 'dataset_consumes_unknown_never_scheduled', 'dataset_consumes_1_never_scheduled', 'dataset_consumes_1_and_2', 'dataset_consumes_1', 'dataset_produces_1', 'dataset_produces_2' retrieved from /home/airflow/.local/lib/python3.8/site-packages/airflow/example_dags/example_datasets.py
[2024-03-19T18:56:50.989+0000] {logging_mixin.py:188} INFO - [2024-03-19T18:56:50.989+0000] {dag.py:3047} INFO - Sync 6 DAGs
[2024-03-19T18:56:50.999+0000] {logging_mixin.py:188} INFO - [2024-03-19T18:56:50.998+0000] {dag.py:3834} INFO - Setting next_dagrun for dataset_consumes_1 to None, run_after=None
[2024-03-19T18:56:51.001+0000] {logging_mixin.py:188} INFO - [2024-03-19T18:56:51.001+0000] {dag.py:3834} INFO - Setting next_dagrun for dataset_consumes_1_and_2 to None, run_after=None
[2024-03-19T18:56:51.002+0000] {logging_mixin.py:188} INFO - [2024-03-19T18:56:51.002+0000] {dag.py:3834} INFO - Setting next_dagrun for dataset_consumes_1_never_scheduled to None, run_after=None
[2024-03-19T18:56:51.003+0000] {logging_mixin.py:188} INFO - [2024-03-19T18:56:51.003+0000] {dag.py:3834} INFO - Setting next_dagrun for dataset_consumes_unknown_never_scheduled to None, run_after=None
[2024-03-19T18:56:51.004+0000] {logging_mixin.py:188} INFO - [2024-03-19T18:56:51.004+0000] {dag.py:3834} INFO - Setting next_dagrun for dataset_produces_1 to 2024-03-18 00:00:00+00:00, run_after=2024-03-19 00:00:00+00:00
[2024-03-19T18:56:51.005+0000] {logging_mixin.py:188} INFO - [2024-03-19T18:56:51.005+0000] {dag.py:3834} INFO - Setting next_dagrun for dataset_produces_2 to None, run_after=None
[2024-03-19T18:56:51.016+0000] {processor.py:183} INFO - Processing /home/airflow/.local/lib/python3.8/site-packages/airflow/example_dags/example_datasets.py took 0.047 seconds
[2024-03-19T18:57:21.543+0000] {processor.py:161} INFO - Started process (PID=4819) to work on /home/airflow/.local/lib/python3.8/site-packages/airflow/example_dags/example_datasets.py
[2024-03-19T18:57:21.543+0000] {processor.py:830} INFO - Processing file /home/airflow/.local/lib/python3.8/site-packages/airflow/example_dags/example_datasets.py for tasks to queue
[2024-03-19T18:57:21.544+0000] {logging_mixin.py:188} INFO - [2024-03-19T18:57:21.544+0000] {dagbag.py:540} INFO - Filling up the DagBag from /home/airflow/.local/lib/python3.8/site-packages/airflow/example_dags/example_datasets.py
[2024-03-19T18:57:21.548+0000] {processor.py:840} INFO - DAG(s) 'dataset_produces_2', 'dataset_consumes_unknown_never_scheduled', 'dataset_consumes_1', 'dataset_consumes_1_and_2', 'dataset_consumes_1_never_scheduled', 'dataset_produces_1' retrieved from /home/airflow/.local/lib/python3.8/site-packages/airflow/example_dags/example_datasets.py
[2024-03-19T18:57:21.561+0000] {logging_mixin.py:188} INFO - [2024-03-19T18:57:21.561+0000] {dag.py:3047} INFO - Sync 6 DAGs
[2024-03-19T18:57:21.570+0000] {logging_mixin.py:188} INFO - [2024-03-19T18:57:21.570+0000] {dag.py:3834} INFO - Setting next_dagrun for dataset_consumes_1 to None, run_after=None
[2024-03-19T18:57:21.572+0000] {logging_mixin.py:188} INFO - [2024-03-19T18:57:21.572+0000] {dag.py:3834} INFO - Setting next_dagrun for dataset_consumes_1_and_2 to None, run_after=None
[2024-03-19T18:57:21.573+0000] {logging_mixin.py:188} INFO - [2024-03-19T18:57:21.573+0000] {dag.py:3834} INFO - Setting next_dagrun for dataset_consumes_1_never_scheduled to None, run_after=None
[2024-03-19T18:57:21.574+0000] {logging_mixin.py:188} INFO - [2024-03-19T18:57:21.574+0000] {dag.py:3834} INFO - Setting next_dagrun for dataset_consumes_unknown_never_scheduled to None, run_after=None
[2024-03-19T18:57:21.575+0000] {logging_mixin.py:188} INFO - [2024-03-19T18:57:21.575+0000] {dag.py:3834} INFO - Setting next_dagrun for dataset_produces_1 to 2024-03-18 00:00:00+00:00, run_after=2024-03-19 00:00:00+00:00
[2024-03-19T18:57:21.575+0000] {logging_mixin.py:188} INFO - [2024-03-19T18:57:21.575+0000] {dag.py:3834} INFO - Setting next_dagrun for dataset_produces_2 to None, run_after=None
[2024-03-19T18:57:21.587+0000] {processor.py:183} INFO - Processing /home/airflow/.local/lib/python3.8/site-packages/airflow/example_dags/example_datasets.py took 0.046 seconds
[2024-03-19T18:57:52.048+0000] {processor.py:161} INFO - Started process (PID=5068) to work on /home/airflow/.local/lib/python3.8/site-packages/airflow/example_dags/example_datasets.py
[2024-03-19T18:57:52.049+0000] {processor.py:830} INFO - Processing file /home/airflow/.local/lib/python3.8/site-packages/airflow/example_dags/example_datasets.py for tasks to queue
[2024-03-19T18:57:52.049+0000] {logging_mixin.py:188} INFO - [2024-03-19T18:57:52.049+0000] {dagbag.py:540} INFO - Filling up the DagBag from /home/airflow/.local/lib/python3.8/site-packages/airflow/example_dags/example_datasets.py
[2024-03-19T18:57:52.054+0000] {processor.py:840} INFO - DAG(s) 'dataset_consumes_unknown_never_scheduled', 'dataset_consumes_1', 'dataset_consumes_1_never_scheduled', 'dataset_consumes_1_and_2', 'dataset_produces_1', 'dataset_produces_2' retrieved from /home/airflow/.local/lib/python3.8/site-packages/airflow/example_dags/example_datasets.py
[2024-03-19T18:57:52.069+0000] {logging_mixin.py:188} INFO - [2024-03-19T18:57:52.069+0000] {dag.py:3047} INFO - Sync 6 DAGs
[2024-03-19T18:57:52.078+0000] {logging_mixin.py:188} INFO - [2024-03-19T18:57:52.078+0000] {dag.py:3834} INFO - Setting next_dagrun for dataset_consumes_1 to None, run_after=None
[2024-03-19T18:57:52.080+0000] {logging_mixin.py:188} INFO - [2024-03-19T18:57:52.080+0000] {dag.py:3834} INFO - Setting next_dagrun for dataset_consumes_1_and_2 to None, run_after=None
[2024-03-19T18:57:52.081+0000] {logging_mixin.py:188} INFO - [2024-03-19T18:57:52.081+0000] {dag.py:3834} INFO - Setting next_dagrun for dataset_consumes_1_never_scheduled to None, run_after=None
[2024-03-19T18:57:52.081+0000] {logging_mixin.py:188} INFO - [2024-03-19T18:57:52.081+0000] {dag.py:3834} INFO - Setting next_dagrun for dataset_consumes_unknown_never_scheduled to None, run_after=None
[2024-03-19T18:57:52.082+0000] {logging_mixin.py:188} INFO - [2024-03-19T18:57:52.082+0000] {dag.py:3834} INFO - Setting next_dagrun for dataset_produces_1 to 2024-03-18 00:00:00+00:00, run_after=2024-03-19 00:00:00+00:00
[2024-03-19T18:57:52.084+0000] {logging_mixin.py:188} INFO - [2024-03-19T18:57:52.083+0000] {dag.py:3834} INFO - Setting next_dagrun for dataset_produces_2 to None, run_after=None
[2024-03-19T18:57:52.095+0000] {processor.py:183} INFO - Processing /home/airflow/.local/lib/python3.8/site-packages/airflow/example_dags/example_datasets.py took 0.048 seconds
[2024-03-19T18:58:22.573+0000] {processor.py:161} INFO - Started process (PID=5313) to work on /home/airflow/.local/lib/python3.8/site-packages/airflow/example_dags/example_datasets.py
[2024-03-19T18:58:22.573+0000] {processor.py:830} INFO - Processing file /home/airflow/.local/lib/python3.8/site-packages/airflow/example_dags/example_datasets.py for tasks to queue
[2024-03-19T18:58:22.574+0000] {logging_mixin.py:188} INFO - [2024-03-19T18:58:22.574+0000] {dagbag.py:540} INFO - Filling up the DagBag from /home/airflow/.local/lib/python3.8/site-packages/airflow/example_dags/example_datasets.py
[2024-03-19T18:58:22.578+0000] {processor.py:840} INFO - DAG(s) 'dataset_consumes_unknown_never_scheduled', 'dataset_consumes_1_and_2', 'dataset_produces_1', 'dataset_produces_2', 'dataset_consumes_1', 'dataset_consumes_1_never_scheduled' retrieved from /home/airflow/.local/lib/python3.8/site-packages/airflow/example_dags/example_datasets.py
[2024-03-19T18:58:22.592+0000] {logging_mixin.py:188} INFO - [2024-03-19T18:58:22.592+0000] {dag.py:3047} INFO - Sync 6 DAGs
[2024-03-19T18:58:22.601+0000] {logging_mixin.py:188} INFO - [2024-03-19T18:58:22.601+0000] {dag.py:3834} INFO - Setting next_dagrun for dataset_consumes_1 to None, run_after=None
[2024-03-19T18:58:22.603+0000] {logging_mixin.py:188} INFO - [2024-03-19T18:58:22.603+0000] {dag.py:3834} INFO - Setting next_dagrun for dataset_consumes_1_and_2 to None, run_after=None
[2024-03-19T18:58:22.603+0000] {logging_mixin.py:188} INFO - [2024-03-19T18:58:22.603+0000] {dag.py:3834} INFO - Setting next_dagrun for dataset_consumes_1_never_scheduled to None, run_after=None
[2024-03-19T18:58:22.604+0000] {logging_mixin.py:188} INFO - [2024-03-19T18:58:22.604+0000] {dag.py:3834} INFO - Setting next_dagrun for dataset_consumes_unknown_never_scheduled to None, run_after=None
[2024-03-19T18:58:22.605+0000] {logging_mixin.py:188} INFO - [2024-03-19T18:58:22.605+0000] {dag.py:3834} INFO - Setting next_dagrun for dataset_produces_1 to 2024-03-18 00:00:00+00:00, run_after=2024-03-19 00:00:00+00:00
[2024-03-19T18:58:22.606+0000] {logging_mixin.py:188} INFO - [2024-03-19T18:58:22.606+0000] {dag.py:3834} INFO - Setting next_dagrun for dataset_produces_2 to None, run_after=None
[2024-03-19T18:58:22.618+0000] {processor.py:183} INFO - Processing /home/airflow/.local/lib/python3.8/site-packages/airflow/example_dags/example_datasets.py took 0.047 seconds
[2024-03-19T18:58:53.252+0000] {processor.py:161} INFO - Started process (PID=5560) to work on /home/airflow/.local/lib/python3.8/site-packages/airflow/example_dags/example_datasets.py
[2024-03-19T18:58:53.253+0000] {processor.py:830} INFO - Processing file /home/airflow/.local/lib/python3.8/site-packages/airflow/example_dags/example_datasets.py for tasks to queue
[2024-03-19T18:58:53.253+0000] {logging_mixin.py:188} INFO - [2024-03-19T18:58:53.253+0000] {dagbag.py:540} INFO - Filling up the DagBag from /home/airflow/.local/lib/python3.8/site-packages/airflow/example_dags/example_datasets.py
[2024-03-19T18:58:53.258+0000] {processor.py:840} INFO - DAG(s) 'dataset_consumes_1', 'dataset_produces_2', 'dataset_produces_1', 'dataset_consumes_1_never_scheduled', 'dataset_consumes_1_and_2', 'dataset_consumes_unknown_never_scheduled' retrieved from /home/airflow/.local/lib/python3.8/site-packages/airflow/example_dags/example_datasets.py
[2024-03-19T18:58:53.275+0000] {logging_mixin.py:188} INFO - [2024-03-19T18:58:53.275+0000] {dag.py:3047} INFO - Sync 6 DAGs
[2024-03-19T18:58:53.284+0000] {logging_mixin.py:188} INFO - [2024-03-19T18:58:53.284+0000] {dag.py:3834} INFO - Setting next_dagrun for dataset_consumes_1 to None, run_after=None
[2024-03-19T18:58:53.286+0000] {logging_mixin.py:188} INFO - [2024-03-19T18:58:53.286+0000] {dag.py:3834} INFO - Setting next_dagrun for dataset_consumes_1_and_2 to None, run_after=None
[2024-03-19T18:58:53.286+0000] {logging_mixin.py:188} INFO - [2024-03-19T18:58:53.286+0000] {dag.py:3834} INFO - Setting next_dagrun for dataset_consumes_1_never_scheduled to None, run_after=None
[2024-03-19T18:58:53.287+0000] {logging_mixin.py:188} INFO - [2024-03-19T18:58:53.287+0000] {dag.py:3834} INFO - Setting next_dagrun for dataset_consumes_unknown_never_scheduled to None, run_after=None
[2024-03-19T18:58:53.288+0000] {logging_mixin.py:188} INFO - [2024-03-19T18:58:53.288+0000] {dag.py:3834} INFO - Setting next_dagrun for dataset_produces_1 to 2024-03-18 00:00:00+00:00, run_after=2024-03-19 00:00:00+00:00
[2024-03-19T18:58:53.289+0000] {logging_mixin.py:188} INFO - [2024-03-19T18:58:53.289+0000] {dag.py:3834} INFO - Setting next_dagrun for dataset_produces_2 to None, run_after=None
[2024-03-19T18:58:53.301+0000] {processor.py:183} INFO - Processing /home/airflow/.local/lib/python3.8/site-packages/airflow/example_dags/example_datasets.py took 0.051 seconds
[2024-03-19T18:59:23.750+0000] {processor.py:161} INFO - Started process (PID=5807) to work on /home/airflow/.local/lib/python3.8/site-packages/airflow/example_dags/example_datasets.py
[2024-03-19T18:59:23.751+0000] {processor.py:830} INFO - Processing file /home/airflow/.local/lib/python3.8/site-packages/airflow/example_dags/example_datasets.py for tasks to queue
[2024-03-19T18:59:23.751+0000] {logging_mixin.py:188} INFO - [2024-03-19T18:59:23.751+0000] {dagbag.py:540} INFO - Filling up the DagBag from /home/airflow/.local/lib/python3.8/site-packages/airflow/example_dags/example_datasets.py
[2024-03-19T18:59:23.756+0000] {processor.py:840} INFO - DAG(s) 'dataset_consumes_1_never_scheduled', 'dataset_produces_1', 'dataset_consumes_unknown_never_scheduled', 'dataset_consumes_1', 'dataset_produces_2', 'dataset_consumes_1_and_2' retrieved from /home/airflow/.local/lib/python3.8/site-packages/airflow/example_dags/example_datasets.py
[2024-03-19T18:59:23.769+0000] {logging_mixin.py:188} INFO - [2024-03-19T18:59:23.769+0000] {dag.py:3047} INFO - Sync 6 DAGs
[2024-03-19T18:59:23.779+0000] {logging_mixin.py:188} INFO - [2024-03-19T18:59:23.779+0000] {dag.py:3834} INFO - Setting next_dagrun for dataset_consumes_1 to None, run_after=None
[2024-03-19T18:59:23.780+0000] {logging_mixin.py:188} INFO - [2024-03-19T18:59:23.780+0000] {dag.py:3834} INFO - Setting next_dagrun for dataset_consumes_1_and_2 to None, run_after=None
[2024-03-19T18:59:23.781+0000] {logging_mixin.py:188} INFO - [2024-03-19T18:59:23.781+0000] {dag.py:3834} INFO - Setting next_dagrun for dataset_consumes_1_never_scheduled to None, run_after=None
[2024-03-19T18:59:23.781+0000] {logging_mixin.py:188} INFO - [2024-03-19T18:59:23.781+0000] {dag.py:3834} INFO - Setting next_dagrun for dataset_consumes_unknown_never_scheduled to None, run_after=None
[2024-03-19T18:59:23.783+0000] {logging_mixin.py:188} INFO - [2024-03-19T18:59:23.782+0000] {dag.py:3834} INFO - Setting next_dagrun for dataset_produces_1 to 2024-03-18 00:00:00+00:00, run_after=2024-03-19 00:00:00+00:00
[2024-03-19T18:59:23.783+0000] {logging_mixin.py:188} INFO - [2024-03-19T18:59:23.783+0000] {dag.py:3834} INFO - Setting next_dagrun for dataset_produces_2 to None, run_after=None
[2024-03-19T18:59:23.795+0000] {processor.py:183} INFO - Processing /home/airflow/.local/lib/python3.8/site-packages/airflow/example_dags/example_datasets.py took 0.046 seconds
[2024-03-19T18:59:54.360+0000] {processor.py:161} INFO - Started process (PID=6053) to work on /home/airflow/.local/lib/python3.8/site-packages/airflow/example_dags/example_datasets.py
[2024-03-19T18:59:54.360+0000] {processor.py:830} INFO - Processing file /home/airflow/.local/lib/python3.8/site-packages/airflow/example_dags/example_datasets.py for tasks to queue
[2024-03-19T18:59:54.361+0000] {logging_mixin.py:188} INFO - [2024-03-19T18:59:54.361+0000] {dagbag.py:540} INFO - Filling up the DagBag from /home/airflow/.local/lib/python3.8/site-packages/airflow/example_dags/example_datasets.py
[2024-03-19T18:59:54.365+0000] {processor.py:840} INFO - DAG(s) 'dataset_consumes_1_and_2', 'dataset_consumes_1', 'dataset_consumes_unknown_never_scheduled', 'dataset_produces_2', 'dataset_produces_1', 'dataset_consumes_1_never_scheduled' retrieved from /home/airflow/.local/lib/python3.8/site-packages/airflow/example_dags/example_datasets.py
[2024-03-19T18:59:54.379+0000] {logging_mixin.py:188} INFO - [2024-03-19T18:59:54.379+0000] {dag.py:3047} INFO - Sync 6 DAGs
[2024-03-19T18:59:54.389+0000] {logging_mixin.py:188} INFO - [2024-03-19T18:59:54.388+0000] {dag.py:3834} INFO - Setting next_dagrun for dataset_consumes_1 to None, run_after=None
[2024-03-19T18:59:54.390+0000] {logging_mixin.py:188} INFO - [2024-03-19T18:59:54.390+0000] {dag.py:3834} INFO - Setting next_dagrun for dataset_consumes_1_and_2 to None, run_after=None
[2024-03-19T18:59:54.391+0000] {logging_mixin.py:188} INFO - [2024-03-19T18:59:54.391+0000] {dag.py:3834} INFO - Setting next_dagrun for dataset_consumes_1_never_scheduled to None, run_after=None
[2024-03-19T18:59:54.391+0000] {logging_mixin.py:188} INFO - [2024-03-19T18:59:54.391+0000] {dag.py:3834} INFO - Setting next_dagrun for dataset_consumes_unknown_never_scheduled to None, run_after=None
[2024-03-19T18:59:54.392+0000] {logging_mixin.py:188} INFO - [2024-03-19T18:59:54.392+0000] {dag.py:3834} INFO - Setting next_dagrun for dataset_produces_1 to 2024-03-18 00:00:00+00:00, run_after=2024-03-19 00:00:00+00:00
[2024-03-19T18:59:54.393+0000] {logging_mixin.py:188} INFO - [2024-03-19T18:59:54.393+0000] {dag.py:3834} INFO - Setting next_dagrun for dataset_produces_2 to None, run_after=None
[2024-03-19T18:59:54.405+0000] {processor.py:183} INFO - Processing /home/airflow/.local/lib/python3.8/site-packages/airflow/example_dags/example_datasets.py took 0.046 seconds
[2024-03-19T19:00:24.860+0000] {processor.py:161} INFO - Started process (PID=6300) to work on /home/airflow/.local/lib/python3.8/site-packages/airflow/example_dags/example_datasets.py
[2024-03-19T19:00:24.860+0000] {processor.py:830} INFO - Processing file /home/airflow/.local/lib/python3.8/site-packages/airflow/example_dags/example_datasets.py for tasks to queue
[2024-03-19T19:00:24.861+0000] {logging_mixin.py:188} INFO - [2024-03-19T19:00:24.861+0000] {dagbag.py:540} INFO - Filling up the DagBag from /home/airflow/.local/lib/python3.8/site-packages/airflow/example_dags/example_datasets.py
[2024-03-19T19:00:24.865+0000] {processor.py:840} INFO - DAG(s) 'dataset_consumes_1_and_2', 'dataset_produces_1', 'dataset_produces_2', 'dataset_consumes_1_never_scheduled', 'dataset_consumes_1', 'dataset_consumes_unknown_never_scheduled' retrieved from /home/airflow/.local/lib/python3.8/site-packages/airflow/example_dags/example_datasets.py
[2024-03-19T19:00:24.879+0000] {logging_mixin.py:188} INFO - [2024-03-19T19:00:24.879+0000] {dag.py:3047} INFO - Sync 6 DAGs
[2024-03-19T19:00:24.888+0000] {logging_mixin.py:188} INFO - [2024-03-19T19:00:24.888+0000] {dag.py:3834} INFO - Setting next_dagrun for dataset_consumes_1 to None, run_after=None
[2024-03-19T19:00:24.890+0000] {logging_mixin.py:188} INFO - [2024-03-19T19:00:24.890+0000] {dag.py:3834} INFO - Setting next_dagrun for dataset_consumes_1_and_2 to None, run_after=None
[2024-03-19T19:00:24.891+0000] {logging_mixin.py:188} INFO - [2024-03-19T19:00:24.890+0000] {dag.py:3834} INFO - Setting next_dagrun for dataset_consumes_1_never_scheduled to None, run_after=None
[2024-03-19T19:00:24.891+0000] {logging_mixin.py:188} INFO - [2024-03-19T19:00:24.891+0000] {dag.py:3834} INFO - Setting next_dagrun for dataset_consumes_unknown_never_scheduled to None, run_after=None
[2024-03-19T19:00:24.892+0000] {logging_mixin.py:188} INFO - [2024-03-19T19:00:24.892+0000] {dag.py:3834} INFO - Setting next_dagrun for dataset_produces_1 to 2024-03-18 00:00:00+00:00, run_after=2024-03-19 00:00:00+00:00
[2024-03-19T19:00:24.893+0000] {logging_mixin.py:188} INFO - [2024-03-19T19:00:24.893+0000] {dag.py:3834} INFO - Setting next_dagrun for dataset_produces_2 to None, run_after=None
[2024-03-19T19:00:24.905+0000] {processor.py:183} INFO - Processing /home/airflow/.local/lib/python3.8/site-packages/airflow/example_dags/example_datasets.py took 0.047 seconds
[2024-03-19T19:00:55.387+0000] {processor.py:161} INFO - Started process (PID=6547) to work on /home/airflow/.local/lib/python3.8/site-packages/airflow/example_dags/example_datasets.py
[2024-03-19T19:00:55.388+0000] {processor.py:830} INFO - Processing file /home/airflow/.local/lib/python3.8/site-packages/airflow/example_dags/example_datasets.py for tasks to queue
[2024-03-19T19:00:55.388+0000] {logging_mixin.py:188} INFO - [2024-03-19T19:00:55.388+0000] {dagbag.py:540} INFO - Filling up the DagBag from /home/airflow/.local/lib/python3.8/site-packages/airflow/example_dags/example_datasets.py
[2024-03-19T19:00:55.393+0000] {processor.py:840} INFO - DAG(s) 'dataset_consumes_1_never_scheduled', 'dataset_consumes_1', 'dataset_consumes_1_and_2', 'dataset_consumes_unknown_never_scheduled', 'dataset_produces_2', 'dataset_produces_1' retrieved from /home/airflow/.local/lib/python3.8/site-packages/airflow/example_dags/example_datasets.py
[2024-03-19T19:00:55.414+0000] {logging_mixin.py:188} INFO - [2024-03-19T19:00:55.414+0000] {dag.py:3047} INFO - Sync 6 DAGs
[2024-03-19T19:00:55.424+0000] {logging_mixin.py:188} INFO - [2024-03-19T19:00:55.424+0000] {dag.py:3834} INFO - Setting next_dagrun for dataset_consumes_1 to None, run_after=None
[2024-03-19T19:00:55.426+0000] {logging_mixin.py:188} INFO - [2024-03-19T19:00:55.426+0000] {dag.py:3834} INFO - Setting next_dagrun for dataset_consumes_1_and_2 to None, run_after=None
[2024-03-19T19:00:55.427+0000] {logging_mixin.py:188} INFO - [2024-03-19T19:00:55.426+0000] {dag.py:3834} INFO - Setting next_dagrun for dataset_consumes_1_never_scheduled to None, run_after=None
[2024-03-19T19:00:55.427+0000] {logging_mixin.py:188} INFO - [2024-03-19T19:00:55.427+0000] {dag.py:3834} INFO - Setting next_dagrun for dataset_consumes_unknown_never_scheduled to None, run_after=None
[2024-03-19T19:00:55.428+0000] {logging_mixin.py:188} INFO - [2024-03-19T19:00:55.428+0000] {dag.py:3834} INFO - Setting next_dagrun for dataset_produces_1 to 2024-03-18 00:00:00+00:00, run_after=2024-03-19 00:00:00+00:00
[2024-03-19T19:00:55.429+0000] {logging_mixin.py:188} INFO - [2024-03-19T19:00:55.429+0000] {dag.py:3834} INFO - Setting next_dagrun for dataset_produces_2 to None, run_after=None
[2024-03-19T19:00:55.440+0000] {processor.py:183} INFO - Processing /home/airflow/.local/lib/python3.8/site-packages/airflow/example_dags/example_datasets.py took 0.055 seconds
[2024-03-19T19:01:25.828+0000] {processor.py:161} INFO - Started process (PID=6795) to work on /home/airflow/.local/lib/python3.8/site-packages/airflow/example_dags/example_datasets.py
[2024-03-19T19:01:25.828+0000] {processor.py:830} INFO - Processing file /home/airflow/.local/lib/python3.8/site-packages/airflow/example_dags/example_datasets.py for tasks to queue
[2024-03-19T19:01:25.829+0000] {logging_mixin.py:188} INFO - [2024-03-19T19:01:25.829+0000] {dagbag.py:540} INFO - Filling up the DagBag from /home/airflow/.local/lib/python3.8/site-packages/airflow/example_dags/example_datasets.py
[2024-03-19T19:01:25.833+0000] {processor.py:840} INFO - DAG(s) 'dataset_consumes_1', 'dataset_consumes_1_and_2', 'dataset_produces_1', 'dataset_produces_2', 'dataset_consumes_unknown_never_scheduled', 'dataset_consumes_1_never_scheduled' retrieved from /home/airflow/.local/lib/python3.8/site-packages/airflow/example_dags/example_datasets.py
[2024-03-19T19:01:25.847+0000] {logging_mixin.py:188} INFO - [2024-03-19T19:01:25.847+0000] {dag.py:3047} INFO - Sync 6 DAGs
[2024-03-19T19:01:25.855+0000] {logging_mixin.py:188} INFO - [2024-03-19T19:01:25.855+0000] {dag.py:3834} INFO - Setting next_dagrun for dataset_consumes_1 to None, run_after=None
[2024-03-19T19:01:25.857+0000] {logging_mixin.py:188} INFO - [2024-03-19T19:01:25.857+0000] {dag.py:3834} INFO - Setting next_dagrun for dataset_consumes_1_and_2 to None, run_after=None
[2024-03-19T19:01:25.857+0000] {logging_mixin.py:188} INFO - [2024-03-19T19:01:25.857+0000] {dag.py:3834} INFO - Setting next_dagrun for dataset_consumes_1_never_scheduled to None, run_after=None
[2024-03-19T19:01:25.858+0000] {logging_mixin.py:188} INFO - [2024-03-19T19:01:25.858+0000] {dag.py:3834} INFO - Setting next_dagrun for dataset_consumes_unknown_never_scheduled to None, run_after=None
[2024-03-19T19:01:25.859+0000] {logging_mixin.py:188} INFO - [2024-03-19T19:01:25.859+0000] {dag.py:3834} INFO - Setting next_dagrun for dataset_produces_1 to 2024-03-18 00:00:00+00:00, run_after=2024-03-19 00:00:00+00:00
[2024-03-19T19:01:25.860+0000] {logging_mixin.py:188} INFO - [2024-03-19T19:01:25.860+0000] {dag.py:3834} INFO - Setting next_dagrun for dataset_produces_2 to None, run_after=None
[2024-03-19T19:01:25.871+0000] {processor.py:183} INFO - Processing /home/airflow/.local/lib/python3.8/site-packages/airflow/example_dags/example_datasets.py took 0.045 seconds
[2024-03-19T19:01:56.342+0000] {processor.py:161} INFO - Started process (PID=7041) to work on /home/airflow/.local/lib/python3.8/site-packages/airflow/example_dags/example_datasets.py
[2024-03-19T19:01:56.342+0000] {processor.py:830} INFO - Processing file /home/airflow/.local/lib/python3.8/site-packages/airflow/example_dags/example_datasets.py for tasks to queue
[2024-03-19T19:01:56.343+0000] {logging_mixin.py:188} INFO - [2024-03-19T19:01:56.343+0000] {dagbag.py:540} INFO - Filling up the DagBag from /home/airflow/.local/lib/python3.8/site-packages/airflow/example_dags/example_datasets.py
[2024-03-19T19:01:56.347+0000] {processor.py:840} INFO - DAG(s) 'dataset_consumes_unknown_never_scheduled', 'dataset_consumes_1_never_scheduled', 'dataset_produces_1', 'dataset_consumes_1', 'dataset_produces_2', 'dataset_consumes_1_and_2' retrieved from /home/airflow/.local/lib/python3.8/site-packages/airflow/example_dags/example_datasets.py
[2024-03-19T19:01:56.362+0000] {logging_mixin.py:188} INFO - [2024-03-19T19:01:56.362+0000] {dag.py:3047} INFO - Sync 6 DAGs
[2024-03-19T19:01:56.372+0000] {logging_mixin.py:188} INFO - [2024-03-19T19:01:56.371+0000] {dag.py:3834} INFO - Setting next_dagrun for dataset_consumes_1 to None, run_after=None
[2024-03-19T19:01:56.373+0000] {logging_mixin.py:188} INFO - [2024-03-19T19:01:56.373+0000] {dag.py:3834} INFO - Setting next_dagrun for dataset_consumes_1_and_2 to None, run_after=None
[2024-03-19T19:01:56.374+0000] {logging_mixin.py:188} INFO - [2024-03-19T19:01:56.374+0000] {dag.py:3834} INFO - Setting next_dagrun for dataset_consumes_1_never_scheduled to None, run_after=None
[2024-03-19T19:01:56.374+0000] {logging_mixin.py:188} INFO - [2024-03-19T19:01:56.374+0000] {dag.py:3834} INFO - Setting next_dagrun for dataset_consumes_unknown_never_scheduled to None, run_after=None
[2024-03-19T19:01:56.375+0000] {logging_mixin.py:188} INFO - [2024-03-19T19:01:56.375+0000] {dag.py:3834} INFO - Setting next_dagrun for dataset_produces_1 to 2024-03-18 00:00:00+00:00, run_after=2024-03-19 00:00:00+00:00
[2024-03-19T19:01:56.376+0000] {logging_mixin.py:188} INFO - [2024-03-19T19:01:56.376+0000] {dag.py:3834} INFO - Setting next_dagrun for dataset_produces_2 to None, run_after=None
[2024-03-19T19:01:56.387+0000] {processor.py:183} INFO - Processing /home/airflow/.local/lib/python3.8/site-packages/airflow/example_dags/example_datasets.py took 0.047 seconds
[2024-03-19T19:02:26.837+0000] {processor.py:161} INFO - Started process (PID=7287) to work on /home/airflow/.local/lib/python3.8/site-packages/airflow/example_dags/example_datasets.py
[2024-03-19T19:02:26.838+0000] {processor.py:830} INFO - Processing file /home/airflow/.local/lib/python3.8/site-packages/airflow/example_dags/example_datasets.py for tasks to queue
[2024-03-19T19:02:26.838+0000] {logging_mixin.py:188} INFO - [2024-03-19T19:02:26.838+0000] {dagbag.py:540} INFO - Filling up the DagBag from /home/airflow/.local/lib/python3.8/site-packages/airflow/example_dags/example_datasets.py
[2024-03-19T19:02:26.842+0000] {processor.py:840} INFO - DAG(s) 'dataset_consumes_unknown_never_scheduled', 'dataset_consumes_1', 'dataset_produces_1', 'dataset_consumes_1_and_2', 'dataset_consumes_1_never_scheduled', 'dataset_produces_2' retrieved from /home/airflow/.local/lib/python3.8/site-packages/airflow/example_dags/example_datasets.py
[2024-03-19T19:02:26.857+0000] {logging_mixin.py:188} INFO - [2024-03-19T19:02:26.857+0000] {dag.py:3047} INFO - Sync 6 DAGs
[2024-03-19T19:02:26.867+0000] {logging_mixin.py:188} INFO - [2024-03-19T19:02:26.867+0000] {dag.py:3834} INFO - Setting next_dagrun for dataset_consumes_1 to None, run_after=None
[2024-03-19T19:02:26.868+0000] {logging_mixin.py:188} INFO - [2024-03-19T19:02:26.868+0000] {dag.py:3834} INFO - Setting next_dagrun for dataset_consumes_1_and_2 to None, run_after=None
[2024-03-19T19:02:26.869+0000] {logging_mixin.py:188} INFO - [2024-03-19T19:02:26.869+0000] {dag.py:3834} INFO - Setting next_dagrun for dataset_consumes_1_never_scheduled to None, run_after=None
[2024-03-19T19:02:26.869+0000] {logging_mixin.py:188} INFO - [2024-03-19T19:02:26.869+0000] {dag.py:3834} INFO - Setting next_dagrun for dataset_consumes_unknown_never_scheduled to None, run_after=None
[2024-03-19T19:02:26.870+0000] {logging_mixin.py:188} INFO - [2024-03-19T19:02:26.870+0000] {dag.py:3834} INFO - Setting next_dagrun for dataset_produces_1 to 2024-03-18 00:00:00+00:00, run_after=2024-03-19 00:00:00+00:00
[2024-03-19T19:02:26.871+0000] {logging_mixin.py:188} INFO - [2024-03-19T19:02:26.871+0000] {dag.py:3834} INFO - Setting next_dagrun for dataset_produces_2 to None, run_after=None
[2024-03-19T19:02:26.883+0000] {processor.py:183} INFO - Processing /home/airflow/.local/lib/python3.8/site-packages/airflow/example_dags/example_datasets.py took 0.047 seconds
[2024-03-19T19:02:57.293+0000] {processor.py:161} INFO - Started process (PID=7536) to work on /home/airflow/.local/lib/python3.8/site-packages/airflow/example_dags/example_datasets.py
[2024-03-19T19:02:57.294+0000] {processor.py:830} INFO - Processing file /home/airflow/.local/lib/python3.8/site-packages/airflow/example_dags/example_datasets.py for tasks to queue
[2024-03-19T19:02:57.294+0000] {logging_mixin.py:188} INFO - [2024-03-19T19:02:57.294+0000] {dagbag.py:540} INFO - Filling up the DagBag from /home/airflow/.local/lib/python3.8/site-packages/airflow/example_dags/example_datasets.py
[2024-03-19T19:02:57.298+0000] {processor.py:840} INFO - DAG(s) 'dataset_produces_2', 'dataset_produces_1', 'dataset_consumes_1_never_scheduled', 'dataset_consumes_1_and_2', 'dataset_consumes_unknown_never_scheduled', 'dataset_consumes_1' retrieved from /home/airflow/.local/lib/python3.8/site-packages/airflow/example_dags/example_datasets.py
[2024-03-19T19:02:57.311+0000] {logging_mixin.py:188} INFO - [2024-03-19T19:02:57.311+0000] {dag.py:3047} INFO - Sync 6 DAGs
[2024-03-19T19:02:57.320+0000] {logging_mixin.py:188} INFO - [2024-03-19T19:02:57.320+0000] {dag.py:3834} INFO - Setting next_dagrun for dataset_consumes_1 to None, run_after=None
[2024-03-19T19:02:57.321+0000] {logging_mixin.py:188} INFO - [2024-03-19T19:02:57.321+0000] {dag.py:3834} INFO - Setting next_dagrun for dataset_consumes_1_and_2 to None, run_after=None
[2024-03-19T19:02:57.322+0000] {logging_mixin.py:188} INFO - [2024-03-19T19:02:57.322+0000] {dag.py:3834} INFO - Setting next_dagrun for dataset_consumes_1_never_scheduled to None, run_after=None
[2024-03-19T19:02:57.323+0000] {logging_mixin.py:188} INFO - [2024-03-19T19:02:57.323+0000] {dag.py:3834} INFO - Setting next_dagrun for dataset_consumes_unknown_never_scheduled to None, run_after=None
[2024-03-19T19:02:57.324+0000] {logging_mixin.py:188} INFO - [2024-03-19T19:02:57.324+0000] {dag.py:3834} INFO - Setting next_dagrun for dataset_produces_1 to 2024-03-18 00:00:00+00:00, run_after=2024-03-19 00:00:00+00:00
[2024-03-19T19:02:57.324+0000] {logging_mixin.py:188} INFO - [2024-03-19T19:02:57.324+0000] {dag.py:3834} INFO - Setting next_dagrun for dataset_produces_2 to None, run_after=None
[2024-03-19T19:02:57.336+0000] {processor.py:183} INFO - Processing /home/airflow/.local/lib/python3.8/site-packages/airflow/example_dags/example_datasets.py took 0.044 seconds
[2024-03-19T19:03:27.814+0000] {processor.py:161} INFO - Started process (PID=7781) to work on /home/airflow/.local/lib/python3.8/site-packages/airflow/example_dags/example_datasets.py
[2024-03-19T19:03:27.815+0000] {processor.py:830} INFO - Processing file /home/airflow/.local/lib/python3.8/site-packages/airflow/example_dags/example_datasets.py for tasks to queue
[2024-03-19T19:03:27.816+0000] {logging_mixin.py:188} INFO - [2024-03-19T19:03:27.816+0000] {dagbag.py:540} INFO - Filling up the DagBag from /home/airflow/.local/lib/python3.8/site-packages/airflow/example_dags/example_datasets.py
[2024-03-19T19:03:27.820+0000] {processor.py:840} INFO - DAG(s) 'dataset_produces_2', 'dataset_consumes_unknown_never_scheduled', 'dataset_produces_1', 'dataset_consumes_1_and_2', 'dataset_consumes_1', 'dataset_consumes_1_never_scheduled' retrieved from /home/airflow/.local/lib/python3.8/site-packages/airflow/example_dags/example_datasets.py
[2024-03-19T19:03:27.834+0000] {logging_mixin.py:188} INFO - [2024-03-19T19:03:27.834+0000] {dag.py:3047} INFO - Sync 6 DAGs
[2024-03-19T19:03:27.844+0000] {logging_mixin.py:188} INFO - [2024-03-19T19:03:27.844+0000] {dag.py:3834} INFO - Setting next_dagrun for dataset_consumes_1 to None, run_after=None
[2024-03-19T19:03:27.846+0000] {logging_mixin.py:188} INFO - [2024-03-19T19:03:27.846+0000] {dag.py:3834} INFO - Setting next_dagrun for dataset_consumes_1_and_2 to None, run_after=None
[2024-03-19T19:03:27.846+0000] {logging_mixin.py:188} INFO - [2024-03-19T19:03:27.846+0000] {dag.py:3834} INFO - Setting next_dagrun for dataset_consumes_1_never_scheduled to None, run_after=None
[2024-03-19T19:03:27.847+0000] {logging_mixin.py:188} INFO - [2024-03-19T19:03:27.847+0000] {dag.py:3834} INFO - Setting next_dagrun for dataset_consumes_unknown_never_scheduled to None, run_after=None
[2024-03-19T19:03:27.848+0000] {logging_mixin.py:188} INFO - [2024-03-19T19:03:27.848+0000] {dag.py:3834} INFO - Setting next_dagrun for dataset_produces_1 to 2024-03-18 00:00:00+00:00, run_after=2024-03-19 00:00:00+00:00
[2024-03-19T19:03:27.849+0000] {logging_mixin.py:188} INFO - [2024-03-19T19:03:27.849+0000] {dag.py:3834} INFO - Setting next_dagrun for dataset_produces_2 to None, run_after=None
[2024-03-19T19:03:27.860+0000] {processor.py:183} INFO - Processing /home/airflow/.local/lib/python3.8/site-packages/airflow/example_dags/example_datasets.py took 0.047 seconds
[2024-03-19T19:03:58.340+0000] {processor.py:161} INFO - Started process (PID=8028) to work on /home/airflow/.local/lib/python3.8/site-packages/airflow/example_dags/example_datasets.py
[2024-03-19T19:03:58.340+0000] {processor.py:830} INFO - Processing file /home/airflow/.local/lib/python3.8/site-packages/airflow/example_dags/example_datasets.py for tasks to queue
[2024-03-19T19:03:58.341+0000] {logging_mixin.py:188} INFO - [2024-03-19T19:03:58.340+0000] {dagbag.py:540} INFO - Filling up the DagBag from /home/airflow/.local/lib/python3.8/site-packages/airflow/example_dags/example_datasets.py
[2024-03-19T19:03:58.345+0000] {processor.py:840} INFO - DAG(s) 'dataset_consumes_1_and_2', 'dataset_consumes_unknown_never_scheduled', 'dataset_produces_2', 'dataset_consumes_1', 'dataset_produces_1', 'dataset_consumes_1_never_scheduled' retrieved from /home/airflow/.local/lib/python3.8/site-packages/airflow/example_dags/example_datasets.py
[2024-03-19T19:03:58.359+0000] {logging_mixin.py:188} INFO - [2024-03-19T19:03:58.358+0000] {dag.py:3047} INFO - Sync 6 DAGs
[2024-03-19T19:03:58.368+0000] {logging_mixin.py:188} INFO - [2024-03-19T19:03:58.368+0000] {dag.py:3834} INFO - Setting next_dagrun for dataset_consumes_1 to None, run_after=None
[2024-03-19T19:03:58.370+0000] {logging_mixin.py:188} INFO - [2024-03-19T19:03:58.370+0000] {dag.py:3834} INFO - Setting next_dagrun for dataset_consumes_1_and_2 to None, run_after=None
[2024-03-19T19:03:58.370+0000] {logging_mixin.py:188} INFO - [2024-03-19T19:03:58.370+0000] {dag.py:3834} INFO - Setting next_dagrun for dataset_consumes_1_never_scheduled to None, run_after=None
[2024-03-19T19:03:58.371+0000] {logging_mixin.py:188} INFO - [2024-03-19T19:03:58.371+0000] {dag.py:3834} INFO - Setting next_dagrun for dataset_consumes_unknown_never_scheduled to None, run_after=None
[2024-03-19T19:03:58.372+0000] {logging_mixin.py:188} INFO - [2024-03-19T19:03:58.372+0000] {dag.py:3834} INFO - Setting next_dagrun for dataset_produces_1 to 2024-03-18 00:00:00+00:00, run_after=2024-03-19 00:00:00+00:00
[2024-03-19T19:03:58.373+0000] {logging_mixin.py:188} INFO - [2024-03-19T19:03:58.372+0000] {dag.py:3834} INFO - Setting next_dagrun for dataset_produces_2 to None, run_after=None
[2024-03-19T19:03:58.384+0000] {processor.py:183} INFO - Processing /home/airflow/.local/lib/python3.8/site-packages/airflow/example_dags/example_datasets.py took 0.046 seconds
[2024-03-19T19:04:28.898+0000] {processor.py:161} INFO - Started process (PID=8275) to work on /home/airflow/.local/lib/python3.8/site-packages/airflow/example_dags/example_datasets.py
[2024-03-19T19:04:28.899+0000] {processor.py:830} INFO - Processing file /home/airflow/.local/lib/python3.8/site-packages/airflow/example_dags/example_datasets.py for tasks to queue
[2024-03-19T19:04:28.899+0000] {logging_mixin.py:188} INFO - [2024-03-19T19:04:28.899+0000] {dagbag.py:540} INFO - Filling up the DagBag from /home/airflow/.local/lib/python3.8/site-packages/airflow/example_dags/example_datasets.py
[2024-03-19T19:04:28.904+0000] {processor.py:840} INFO - DAG(s) 'dataset_consumes_1_and_2', 'dataset_consumes_1', 'dataset_produces_1', 'dataset_consumes_1_never_scheduled', 'dataset_consumes_unknown_never_scheduled', 'dataset_produces_2' retrieved from /home/airflow/.local/lib/python3.8/site-packages/airflow/example_dags/example_datasets.py
[2024-03-19T19:04:28.917+0000] {logging_mixin.py:188} INFO - [2024-03-19T19:04:28.917+0000] {dag.py:3047} INFO - Sync 6 DAGs
[2024-03-19T19:04:28.928+0000] {logging_mixin.py:188} INFO - [2024-03-19T19:04:28.928+0000] {dag.py:3834} INFO - Setting next_dagrun for dataset_consumes_1 to None, run_after=None
[2024-03-19T19:04:28.929+0000] {logging_mixin.py:188} INFO - [2024-03-19T19:04:28.929+0000] {dag.py:3834} INFO - Setting next_dagrun for dataset_consumes_1_and_2 to None, run_after=None
[2024-03-19T19:04:28.930+0000] {logging_mixin.py:188} INFO - [2024-03-19T19:04:28.930+0000] {dag.py:3834} INFO - Setting next_dagrun for dataset_consumes_1_never_scheduled to None, run_after=None
[2024-03-19T19:04:28.930+0000] {logging_mixin.py:188} INFO - [2024-03-19T19:04:28.930+0000] {dag.py:3834} INFO - Setting next_dagrun for dataset_consumes_unknown_never_scheduled to None, run_after=None
[2024-03-19T19:04:28.932+0000] {logging_mixin.py:188} INFO - [2024-03-19T19:04:28.932+0000] {dag.py:3834} INFO - Setting next_dagrun for dataset_produces_1 to 2024-03-18 00:00:00+00:00, run_after=2024-03-19 00:00:00+00:00
[2024-03-19T19:04:28.933+0000] {logging_mixin.py:188} INFO - [2024-03-19T19:04:28.933+0000] {dag.py:3834} INFO - Setting next_dagrun for dataset_produces_2 to None, run_after=None
[2024-03-19T19:04:28.945+0000] {processor.py:183} INFO - Processing /home/airflow/.local/lib/python3.8/site-packages/airflow/example_dags/example_datasets.py took 0.048 seconds
[2024-03-19T19:04:59.453+0000] {processor.py:161} INFO - Started process (PID=8522) to work on /home/airflow/.local/lib/python3.8/site-packages/airflow/example_dags/example_datasets.py
[2024-03-19T19:04:59.454+0000] {processor.py:830} INFO - Processing file /home/airflow/.local/lib/python3.8/site-packages/airflow/example_dags/example_datasets.py for tasks to queue
[2024-03-19T19:04:59.455+0000] {logging_mixin.py:188} INFO - [2024-03-19T19:04:59.454+0000] {dagbag.py:540} INFO - Filling up the DagBag from /home/airflow/.local/lib/python3.8/site-packages/airflow/example_dags/example_datasets.py
[2024-03-19T19:04:59.459+0000] {processor.py:840} INFO - DAG(s) 'dataset_consumes_1', 'dataset_produces_1', 'dataset_produces_2', 'dataset_consumes_unknown_never_scheduled', 'dataset_consumes_1_and_2', 'dataset_consumes_1_never_scheduled' retrieved from /home/airflow/.local/lib/python3.8/site-packages/airflow/example_dags/example_datasets.py
[2024-03-19T19:04:59.473+0000] {logging_mixin.py:188} INFO - [2024-03-19T19:04:59.473+0000] {dag.py:3047} INFO - Sync 6 DAGs
[2024-03-19T19:04:59.483+0000] {logging_mixin.py:188} INFO - [2024-03-19T19:04:59.483+0000] {dag.py:3834} INFO - Setting next_dagrun for dataset_consumes_1 to None, run_after=None
[2024-03-19T19:04:59.484+0000] {logging_mixin.py:188} INFO - [2024-03-19T19:04:59.484+0000] {dag.py:3834} INFO - Setting next_dagrun for dataset_consumes_1_and_2 to None, run_after=None
[2024-03-19T19:04:59.485+0000] {logging_mixin.py:188} INFO - [2024-03-19T19:04:59.485+0000] {dag.py:3834} INFO - Setting next_dagrun for dataset_consumes_1_never_scheduled to None, run_after=None
[2024-03-19T19:04:59.485+0000] {logging_mixin.py:188} INFO - [2024-03-19T19:04:59.485+0000] {dag.py:3834} INFO - Setting next_dagrun for dataset_consumes_unknown_never_scheduled to None, run_after=None
[2024-03-19T19:04:59.487+0000] {logging_mixin.py:188} INFO - [2024-03-19T19:04:59.487+0000] {dag.py:3834} INFO - Setting next_dagrun for dataset_produces_1 to 2024-03-18 00:00:00+00:00, run_after=2024-03-19 00:00:00+00:00
[2024-03-19T19:04:59.487+0000] {logging_mixin.py:188} INFO - [2024-03-19T19:04:59.487+0000] {dag.py:3834} INFO - Setting next_dagrun for dataset_produces_2 to None, run_after=None
[2024-03-19T19:04:59.500+0000] {processor.py:183} INFO - Processing /home/airflow/.local/lib/python3.8/site-packages/airflow/example_dags/example_datasets.py took 0.048 seconds
[2024-03-19T19:05:29.934+0000] {processor.py:161} INFO - Started process (PID=8771) to work on /home/airflow/.local/lib/python3.8/site-packages/airflow/example_dags/example_datasets.py
[2024-03-19T19:05:29.935+0000] {processor.py:830} INFO - Processing file /home/airflow/.local/lib/python3.8/site-packages/airflow/example_dags/example_datasets.py for tasks to queue
[2024-03-19T19:05:29.935+0000] {logging_mixin.py:188} INFO - [2024-03-19T19:05:29.935+0000] {dagbag.py:540} INFO - Filling up the DagBag from /home/airflow/.local/lib/python3.8/site-packages/airflow/example_dags/example_datasets.py
[2024-03-19T19:05:29.939+0000] {processor.py:840} INFO - DAG(s) 'dataset_produces_2', 'dataset_consumes_1', 'dataset_produces_1', 'dataset_consumes_unknown_never_scheduled', 'dataset_consumes_1_and_2', 'dataset_consumes_1_never_scheduled' retrieved from /home/airflow/.local/lib/python3.8/site-packages/airflow/example_dags/example_datasets.py
[2024-03-19T19:05:29.953+0000] {logging_mixin.py:188} INFO - [2024-03-19T19:05:29.952+0000] {dag.py:3047} INFO - Sync 6 DAGs
[2024-03-19T19:05:29.961+0000] {logging_mixin.py:188} INFO - [2024-03-19T19:05:29.961+0000] {dag.py:3834} INFO - Setting next_dagrun for dataset_consumes_1 to None, run_after=None
[2024-03-19T19:05:29.963+0000] {logging_mixin.py:188} INFO - [2024-03-19T19:05:29.963+0000] {dag.py:3834} INFO - Setting next_dagrun for dataset_consumes_1_and_2 to None, run_after=None
[2024-03-19T19:05:29.963+0000] {logging_mixin.py:188} INFO - [2024-03-19T19:05:29.963+0000] {dag.py:3834} INFO - Setting next_dagrun for dataset_consumes_1_never_scheduled to None, run_after=None
[2024-03-19T19:05:29.964+0000] {logging_mixin.py:188} INFO - [2024-03-19T19:05:29.964+0000] {dag.py:3834} INFO - Setting next_dagrun for dataset_consumes_unknown_never_scheduled to None, run_after=None
[2024-03-19T19:05:29.965+0000] {logging_mixin.py:188} INFO - [2024-03-19T19:05:29.965+0000] {dag.py:3834} INFO - Setting next_dagrun for dataset_produces_1 to 2024-03-18 00:00:00+00:00, run_after=2024-03-19 00:00:00+00:00
[2024-03-19T19:05:29.965+0000] {logging_mixin.py:188} INFO - [2024-03-19T19:05:29.965+0000] {dag.py:3834} INFO - Setting next_dagrun for dataset_produces_2 to None, run_after=None
[2024-03-19T19:05:29.977+0000] {processor.py:183} INFO - Processing /home/airflow/.local/lib/python3.8/site-packages/airflow/example_dags/example_datasets.py took 0.044 seconds
[2024-03-19T19:06:00.617+0000] {processor.py:161} INFO - Started process (PID=9018) to work on /home/airflow/.local/lib/python3.8/site-packages/airflow/example_dags/example_datasets.py
[2024-03-19T19:06:00.618+0000] {processor.py:830} INFO - Processing file /home/airflow/.local/lib/python3.8/site-packages/airflow/example_dags/example_datasets.py for tasks to queue
[2024-03-19T19:06:00.618+0000] {logging_mixin.py:188} INFO - [2024-03-19T19:06:00.618+0000] {dagbag.py:540} INFO - Filling up the DagBag from /home/airflow/.local/lib/python3.8/site-packages/airflow/example_dags/example_datasets.py
[2024-03-19T19:06:00.624+0000] {processor.py:840} INFO - DAG(s) 'dataset_consumes_1_and_2', 'dataset_produces_1', 'dataset_consumes_unknown_never_scheduled', 'dataset_produces_2', 'dataset_consumes_1_never_scheduled', 'dataset_consumes_1' retrieved from /home/airflow/.local/lib/python3.8/site-packages/airflow/example_dags/example_datasets.py
[2024-03-19T19:06:00.640+0000] {logging_mixin.py:188} INFO - [2024-03-19T19:06:00.640+0000] {dag.py:3047} INFO - Sync 6 DAGs
[2024-03-19T19:06:00.650+0000] {logging_mixin.py:188} INFO - [2024-03-19T19:06:00.650+0000] {dag.py:3834} INFO - Setting next_dagrun for dataset_consumes_1 to None, run_after=None
[2024-03-19T19:06:00.652+0000] {logging_mixin.py:188} INFO - [2024-03-19T19:06:00.652+0000] {dag.py:3834} INFO - Setting next_dagrun for dataset_consumes_1_and_2 to None, run_after=None
[2024-03-19T19:06:00.653+0000] {logging_mixin.py:188} INFO - [2024-03-19T19:06:00.652+0000] {dag.py:3834} INFO - Setting next_dagrun for dataset_consumes_1_never_scheduled to None, run_after=None
[2024-03-19T19:06:00.653+0000] {logging_mixin.py:188} INFO - [2024-03-19T19:06:00.653+0000] {dag.py:3834} INFO - Setting next_dagrun for dataset_consumes_unknown_never_scheduled to None, run_after=None
[2024-03-19T19:06:00.654+0000] {logging_mixin.py:188} INFO - [2024-03-19T19:06:00.654+0000] {dag.py:3834} INFO - Setting next_dagrun for dataset_produces_1 to 2024-03-18 00:00:00+00:00, run_after=2024-03-19 00:00:00+00:00
[2024-03-19T19:06:00.655+0000] {logging_mixin.py:188} INFO - [2024-03-19T19:06:00.655+0000] {dag.py:3834} INFO - Setting next_dagrun for dataset_produces_2 to None, run_after=None
[2024-03-19T19:06:00.668+0000] {processor.py:183} INFO - Processing /home/airflow/.local/lib/python3.8/site-packages/airflow/example_dags/example_datasets.py took 0.053 seconds
