[2024-03-19T18:48:11.327+0000] {processor.py:161} INFO - Started process (PID=338) to work on /home/airflow/.local/lib/python3.8/site-packages/airflow/example_dags/example_bash_operator.py
[2024-03-19T18:48:11.327+0000] {processor.py:830} INFO - Processing file /home/airflow/.local/lib/python3.8/site-packages/airflow/example_dags/example_bash_operator.py for tasks to queue
[2024-03-19T18:48:11.328+0000] {logging_mixin.py:188} INFO - [2024-03-19T18:48:11.328+0000] {dagbag.py:540} INFO - Filling up the DagBag from /home/airflow/.local/lib/python3.8/site-packages/airflow/example_dags/example_bash_operator.py
[2024-03-19T18:48:11.334+0000] {processor.py:840} INFO - DAG(s) 'example_bash_operator' retrieved from /home/airflow/.local/lib/python3.8/site-packages/airflow/example_dags/example_bash_operator.py
[2024-03-19T18:48:11.339+0000] {logging_mixin.py:188} INFO - [2024-03-19T18:48:11.339+0000] {dag.py:3047} INFO - Sync 1 DAGs
[2024-03-19T18:48:11.350+0000] {logging_mixin.py:188} INFO - [2024-03-19T18:48:11.350+0000] {dag.py:3834} INFO - Setting next_dagrun for example_bash_operator to 2024-03-18 00:00:00+00:00, run_after=2024-03-19 00:00:00+00:00
[2024-03-19T18:48:11.358+0000] {processor.py:183} INFO - Processing /home/airflow/.local/lib/python3.8/site-packages/airflow/example_dags/example_bash_operator.py took 0.033 seconds
[2024-03-19T18:48:42.291+0000] {processor.py:161} INFO - Started process (PID=583) to work on /home/airflow/.local/lib/python3.8/site-packages/airflow/example_dags/example_bash_operator.py
[2024-03-19T18:48:42.291+0000] {processor.py:830} INFO - Processing file /home/airflow/.local/lib/python3.8/site-packages/airflow/example_dags/example_bash_operator.py for tasks to queue
[2024-03-19T18:48:42.292+0000] {logging_mixin.py:188} INFO - [2024-03-19T18:48:42.292+0000] {dagbag.py:540} INFO - Filling up the DagBag from /home/airflow/.local/lib/python3.8/site-packages/airflow/example_dags/example_bash_operator.py
[2024-03-19T18:48:42.298+0000] {processor.py:840} INFO - DAG(s) 'example_bash_operator' retrieved from /home/airflow/.local/lib/python3.8/site-packages/airflow/example_dags/example_bash_operator.py
[2024-03-19T18:48:42.343+0000] {logging_mixin.py:188} INFO - [2024-03-19T18:48:42.343+0000] {dag.py:3047} INFO - Sync 1 DAGs
[2024-03-19T18:48:42.352+0000] {logging_mixin.py:188} INFO - [2024-03-19T18:48:42.352+0000] {dag.py:3834} INFO - Setting next_dagrun for example_bash_operator to 2024-03-18 00:00:00+00:00, run_after=2024-03-19 00:00:00+00:00
[2024-03-19T18:48:42.360+0000] {processor.py:183} INFO - Processing /home/airflow/.local/lib/python3.8/site-packages/airflow/example_dags/example_bash_operator.py took 0.071 seconds
[2024-03-19T18:49:13.146+0000] {processor.py:161} INFO - Started process (PID=830) to work on /home/airflow/.local/lib/python3.8/site-packages/airflow/example_dags/example_bash_operator.py
[2024-03-19T18:49:13.146+0000] {processor.py:830} INFO - Processing file /home/airflow/.local/lib/python3.8/site-packages/airflow/example_dags/example_bash_operator.py for tasks to queue
[2024-03-19T18:49:13.147+0000] {logging_mixin.py:188} INFO - [2024-03-19T18:49:13.147+0000] {dagbag.py:540} INFO - Filling up the DagBag from /home/airflow/.local/lib/python3.8/site-packages/airflow/example_dags/example_bash_operator.py
[2024-03-19T18:49:13.152+0000] {processor.py:840} INFO - DAG(s) 'example_bash_operator' retrieved from /home/airflow/.local/lib/python3.8/site-packages/airflow/example_dags/example_bash_operator.py
[2024-03-19T18:49:13.164+0000] {logging_mixin.py:188} INFO - [2024-03-19T18:49:13.164+0000] {dag.py:3047} INFO - Sync 1 DAGs
[2024-03-19T18:49:13.174+0000] {logging_mixin.py:188} INFO - [2024-03-19T18:49:13.173+0000] {dag.py:3834} INFO - Setting next_dagrun for example_bash_operator to 2024-03-18 00:00:00+00:00, run_after=2024-03-19 00:00:00+00:00
[2024-03-19T18:49:13.181+0000] {processor.py:183} INFO - Processing /home/airflow/.local/lib/python3.8/site-packages/airflow/example_dags/example_bash_operator.py took 0.037 seconds
[2024-03-19T18:49:43.607+0000] {processor.py:161} INFO - Started process (PID=1077) to work on /home/airflow/.local/lib/python3.8/site-packages/airflow/example_dags/example_bash_operator.py
[2024-03-19T18:49:43.609+0000] {processor.py:830} INFO - Processing file /home/airflow/.local/lib/python3.8/site-packages/airflow/example_dags/example_bash_operator.py for tasks to queue
[2024-03-19T18:49:43.609+0000] {logging_mixin.py:188} INFO - [2024-03-19T18:49:43.609+0000] {dagbag.py:540} INFO - Filling up the DagBag from /home/airflow/.local/lib/python3.8/site-packages/airflow/example_dags/example_bash_operator.py
[2024-03-19T18:49:43.617+0000] {processor.py:840} INFO - DAG(s) 'example_bash_operator' retrieved from /home/airflow/.local/lib/python3.8/site-packages/airflow/example_dags/example_bash_operator.py
[2024-03-19T18:49:43.630+0000] {logging_mixin.py:188} INFO - [2024-03-19T18:49:43.630+0000] {dag.py:3047} INFO - Sync 1 DAGs
[2024-03-19T18:49:43.639+0000] {logging_mixin.py:188} INFO - [2024-03-19T18:49:43.639+0000] {dag.py:3834} INFO - Setting next_dagrun for example_bash_operator to 2024-03-18 00:00:00+00:00, run_after=2024-03-19 00:00:00+00:00
[2024-03-19T18:49:43.646+0000] {processor.py:183} INFO - Processing /home/airflow/.local/lib/python3.8/site-packages/airflow/example_dags/example_bash_operator.py took 0.041 seconds
[2024-03-19T18:50:14.190+0000] {processor.py:161} INFO - Started process (PID=1324) to work on /home/airflow/.local/lib/python3.8/site-packages/airflow/example_dags/example_bash_operator.py
[2024-03-19T18:50:14.190+0000] {processor.py:830} INFO - Processing file /home/airflow/.local/lib/python3.8/site-packages/airflow/example_dags/example_bash_operator.py for tasks to queue
[2024-03-19T18:50:14.191+0000] {logging_mixin.py:188} INFO - [2024-03-19T18:50:14.190+0000] {dagbag.py:540} INFO - Filling up the DagBag from /home/airflow/.local/lib/python3.8/site-packages/airflow/example_dags/example_bash_operator.py
[2024-03-19T18:50:14.196+0000] {processor.py:840} INFO - DAG(s) 'example_bash_operator' retrieved from /home/airflow/.local/lib/python3.8/site-packages/airflow/example_dags/example_bash_operator.py
[2024-03-19T18:50:14.208+0000] {logging_mixin.py:188} INFO - [2024-03-19T18:50:14.208+0000] {dag.py:3047} INFO - Sync 1 DAGs
[2024-03-19T18:50:14.220+0000] {logging_mixin.py:188} INFO - [2024-03-19T18:50:14.220+0000] {dag.py:3834} INFO - Setting next_dagrun for example_bash_operator to 2024-03-18 00:00:00+00:00, run_after=2024-03-19 00:00:00+00:00
[2024-03-19T18:50:14.227+0000] {processor.py:183} INFO - Processing /home/airflow/.local/lib/python3.8/site-packages/airflow/example_dags/example_bash_operator.py took 0.039 seconds
[2024-03-19T18:50:45.076+0000] {processor.py:161} INFO - Started process (PID=1597) to work on /home/airflow/.local/lib/python3.8/site-packages/airflow/example_dags/example_bash_operator.py
[2024-03-19T18:50:45.077+0000] {processor.py:830} INFO - Processing file /home/airflow/.local/lib/python3.8/site-packages/airflow/example_dags/example_bash_operator.py for tasks to queue
[2024-03-19T18:50:45.077+0000] {logging_mixin.py:188} INFO - [2024-03-19T18:50:45.077+0000] {dagbag.py:540} INFO - Filling up the DagBag from /home/airflow/.local/lib/python3.8/site-packages/airflow/example_dags/example_bash_operator.py
[2024-03-19T18:50:45.083+0000] {processor.py:840} INFO - DAG(s) 'example_bash_operator' retrieved from /home/airflow/.local/lib/python3.8/site-packages/airflow/example_dags/example_bash_operator.py
[2024-03-19T18:50:45.098+0000] {logging_mixin.py:188} INFO - [2024-03-19T18:50:45.098+0000] {dag.py:3047} INFO - Sync 1 DAGs
[2024-03-19T18:50:45.111+0000] {logging_mixin.py:188} INFO - [2024-03-19T18:50:45.111+0000] {dag.py:3834} INFO - Setting next_dagrun for example_bash_operator to 2024-03-19 00:00:00+00:00, run_after=2024-03-20 00:00:00+00:00
[2024-03-19T18:50:45.120+0000] {processor.py:183} INFO - Processing /home/airflow/.local/lib/python3.8/site-packages/airflow/example_dags/example_bash_operator.py took 0.046 seconds
[2024-03-19T18:51:15.564+0000] {processor.py:161} INFO - Started process (PID=1842) to work on /home/airflow/.local/lib/python3.8/site-packages/airflow/example_dags/example_bash_operator.py
[2024-03-19T18:51:15.565+0000] {processor.py:830} INFO - Processing file /home/airflow/.local/lib/python3.8/site-packages/airflow/example_dags/example_bash_operator.py for tasks to queue
[2024-03-19T18:51:15.565+0000] {logging_mixin.py:188} INFO - [2024-03-19T18:51:15.565+0000] {dagbag.py:540} INFO - Filling up the DagBag from /home/airflow/.local/lib/python3.8/site-packages/airflow/example_dags/example_bash_operator.py
[2024-03-19T18:51:15.571+0000] {processor.py:840} INFO - DAG(s) 'example_bash_operator' retrieved from /home/airflow/.local/lib/python3.8/site-packages/airflow/example_dags/example_bash_operator.py
[2024-03-19T18:51:15.583+0000] {logging_mixin.py:188} INFO - [2024-03-19T18:51:15.583+0000] {dag.py:3047} INFO - Sync 1 DAGs
[2024-03-19T18:51:15.593+0000] {logging_mixin.py:188} INFO - [2024-03-19T18:51:15.593+0000] {dag.py:3834} INFO - Setting next_dagrun for example_bash_operator to 2024-03-19 00:00:00+00:00, run_after=2024-03-20 00:00:00+00:00
[2024-03-19T18:51:15.600+0000] {processor.py:183} INFO - Processing /home/airflow/.local/lib/python3.8/site-packages/airflow/example_dags/example_bash_operator.py took 0.038 seconds
[2024-03-19T18:51:45.954+0000] {processor.py:161} INFO - Started process (PID=2089) to work on /home/airflow/.local/lib/python3.8/site-packages/airflow/example_dags/example_bash_operator.py
[2024-03-19T18:51:45.955+0000] {processor.py:830} INFO - Processing file /home/airflow/.local/lib/python3.8/site-packages/airflow/example_dags/example_bash_operator.py for tasks to queue
[2024-03-19T18:51:45.955+0000] {logging_mixin.py:188} INFO - [2024-03-19T18:51:45.955+0000] {dagbag.py:540} INFO - Filling up the DagBag from /home/airflow/.local/lib/python3.8/site-packages/airflow/example_dags/example_bash_operator.py
[2024-03-19T18:51:45.960+0000] {processor.py:840} INFO - DAG(s) 'example_bash_operator' retrieved from /home/airflow/.local/lib/python3.8/site-packages/airflow/example_dags/example_bash_operator.py
[2024-03-19T18:51:45.972+0000] {logging_mixin.py:188} INFO - [2024-03-19T18:51:45.972+0000] {dag.py:3047} INFO - Sync 1 DAGs
[2024-03-19T18:51:45.982+0000] {logging_mixin.py:188} INFO - [2024-03-19T18:51:45.982+0000] {dag.py:3834} INFO - Setting next_dagrun for example_bash_operator to 2024-03-19 00:00:00+00:00, run_after=2024-03-20 00:00:00+00:00
[2024-03-19T18:51:45.989+0000] {processor.py:183} INFO - Processing /home/airflow/.local/lib/python3.8/site-packages/airflow/example_dags/example_bash_operator.py took 0.037 seconds
[2024-03-19T18:52:16.331+0000] {processor.py:161} INFO - Started process (PID=2335) to work on /home/airflow/.local/lib/python3.8/site-packages/airflow/example_dags/example_bash_operator.py
[2024-03-19T18:52:16.331+0000] {processor.py:830} INFO - Processing file /home/airflow/.local/lib/python3.8/site-packages/airflow/example_dags/example_bash_operator.py for tasks to queue
[2024-03-19T18:52:16.332+0000] {logging_mixin.py:188} INFO - [2024-03-19T18:52:16.332+0000] {dagbag.py:540} INFO - Filling up the DagBag from /home/airflow/.local/lib/python3.8/site-packages/airflow/example_dags/example_bash_operator.py
[2024-03-19T18:52:16.337+0000] {processor.py:840} INFO - DAG(s) 'example_bash_operator' retrieved from /home/airflow/.local/lib/python3.8/site-packages/airflow/example_dags/example_bash_operator.py
[2024-03-19T18:52:16.349+0000] {logging_mixin.py:188} INFO - [2024-03-19T18:52:16.349+0000] {dag.py:3047} INFO - Sync 1 DAGs
[2024-03-19T18:52:16.359+0000] {logging_mixin.py:188} INFO - [2024-03-19T18:52:16.359+0000] {dag.py:3834} INFO - Setting next_dagrun for example_bash_operator to 2024-03-19 00:00:00+00:00, run_after=2024-03-20 00:00:00+00:00
[2024-03-19T18:52:16.366+0000] {processor.py:183} INFO - Processing /home/airflow/.local/lib/python3.8/site-packages/airflow/example_dags/example_bash_operator.py took 0.037 seconds
[2024-03-19T18:52:46.809+0000] {processor.py:161} INFO - Started process (PID=2582) to work on /home/airflow/.local/lib/python3.8/site-packages/airflow/example_dags/example_bash_operator.py
[2024-03-19T18:52:46.809+0000] {processor.py:830} INFO - Processing file /home/airflow/.local/lib/python3.8/site-packages/airflow/example_dags/example_bash_operator.py for tasks to queue
[2024-03-19T18:52:46.810+0000] {logging_mixin.py:188} INFO - [2024-03-19T18:52:46.809+0000] {dagbag.py:540} INFO - Filling up the DagBag from /home/airflow/.local/lib/python3.8/site-packages/airflow/example_dags/example_bash_operator.py
[2024-03-19T18:52:46.815+0000] {processor.py:840} INFO - DAG(s) 'example_bash_operator' retrieved from /home/airflow/.local/lib/python3.8/site-packages/airflow/example_dags/example_bash_operator.py
[2024-03-19T18:52:46.826+0000] {logging_mixin.py:188} INFO - [2024-03-19T18:52:46.826+0000] {dag.py:3047} INFO - Sync 1 DAGs
[2024-03-19T18:52:46.836+0000] {logging_mixin.py:188} INFO - [2024-03-19T18:52:46.836+0000] {dag.py:3834} INFO - Setting next_dagrun for example_bash_operator to 2024-03-19 00:00:00+00:00, run_after=2024-03-20 00:00:00+00:00
[2024-03-19T18:52:46.843+0000] {processor.py:183} INFO - Processing /home/airflow/.local/lib/python3.8/site-packages/airflow/example_dags/example_bash_operator.py took 0.036 seconds
[2024-03-19T18:53:17.278+0000] {processor.py:161} INFO - Started process (PID=2831) to work on /home/airflow/.local/lib/python3.8/site-packages/airflow/example_dags/example_bash_operator.py
[2024-03-19T18:53:17.279+0000] {processor.py:830} INFO - Processing file /home/airflow/.local/lib/python3.8/site-packages/airflow/example_dags/example_bash_operator.py for tasks to queue
[2024-03-19T18:53:17.279+0000] {logging_mixin.py:188} INFO - [2024-03-19T18:53:17.279+0000] {dagbag.py:540} INFO - Filling up the DagBag from /home/airflow/.local/lib/python3.8/site-packages/airflow/example_dags/example_bash_operator.py
[2024-03-19T18:53:17.285+0000] {processor.py:840} INFO - DAG(s) 'example_bash_operator' retrieved from /home/airflow/.local/lib/python3.8/site-packages/airflow/example_dags/example_bash_operator.py
[2024-03-19T18:53:17.297+0000] {logging_mixin.py:188} INFO - [2024-03-19T18:53:17.296+0000] {dag.py:3047} INFO - Sync 1 DAGs
[2024-03-19T18:53:17.306+0000] {logging_mixin.py:188} INFO - [2024-03-19T18:53:17.306+0000] {dag.py:3834} INFO - Setting next_dagrun for example_bash_operator to 2024-03-19 00:00:00+00:00, run_after=2024-03-20 00:00:00+00:00
[2024-03-19T18:53:17.313+0000] {processor.py:183} INFO - Processing /home/airflow/.local/lib/python3.8/site-packages/airflow/example_dags/example_bash_operator.py took 0.036 seconds
[2024-03-19T18:53:47.892+0000] {processor.py:161} INFO - Started process (PID=3078) to work on /home/airflow/.local/lib/python3.8/site-packages/airflow/example_dags/example_bash_operator.py
[2024-03-19T18:53:47.893+0000] {processor.py:830} INFO - Processing file /home/airflow/.local/lib/python3.8/site-packages/airflow/example_dags/example_bash_operator.py for tasks to queue
[2024-03-19T18:53:47.893+0000] {logging_mixin.py:188} INFO - [2024-03-19T18:53:47.893+0000] {dagbag.py:540} INFO - Filling up the DagBag from /home/airflow/.local/lib/python3.8/site-packages/airflow/example_dags/example_bash_operator.py
[2024-03-19T18:53:47.899+0000] {processor.py:840} INFO - DAG(s) 'example_bash_operator' retrieved from /home/airflow/.local/lib/python3.8/site-packages/airflow/example_dags/example_bash_operator.py
[2024-03-19T18:53:47.911+0000] {logging_mixin.py:188} INFO - [2024-03-19T18:53:47.911+0000] {dag.py:3047} INFO - Sync 1 DAGs
[2024-03-19T18:53:47.920+0000] {logging_mixin.py:188} INFO - [2024-03-19T18:53:47.920+0000] {dag.py:3834} INFO - Setting next_dagrun for example_bash_operator to 2024-03-19 00:00:00+00:00, run_after=2024-03-20 00:00:00+00:00
[2024-03-19T18:53:47.928+0000] {processor.py:183} INFO - Processing /home/airflow/.local/lib/python3.8/site-packages/airflow/example_dags/example_bash_operator.py took 0.037 seconds
[2024-03-19T18:54:18.541+0000] {processor.py:161} INFO - Started process (PID=3323) to work on /home/airflow/.local/lib/python3.8/site-packages/airflow/example_dags/example_bash_operator.py
[2024-03-19T18:54:18.541+0000] {processor.py:830} INFO - Processing file /home/airflow/.local/lib/python3.8/site-packages/airflow/example_dags/example_bash_operator.py for tasks to queue
[2024-03-19T18:54:18.542+0000] {logging_mixin.py:188} INFO - [2024-03-19T18:54:18.542+0000] {dagbag.py:540} INFO - Filling up the DagBag from /home/airflow/.local/lib/python3.8/site-packages/airflow/example_dags/example_bash_operator.py
[2024-03-19T18:54:18.547+0000] {processor.py:840} INFO - DAG(s) 'example_bash_operator' retrieved from /home/airflow/.local/lib/python3.8/site-packages/airflow/example_dags/example_bash_operator.py
[2024-03-19T18:54:18.561+0000] {logging_mixin.py:188} INFO - [2024-03-19T18:54:18.561+0000] {dag.py:3047} INFO - Sync 1 DAGs
[2024-03-19T18:54:18.572+0000] {logging_mixin.py:188} INFO - [2024-03-19T18:54:18.572+0000] {dag.py:3834} INFO - Setting next_dagrun for example_bash_operator to 2024-03-19 00:00:00+00:00, run_after=2024-03-20 00:00:00+00:00
[2024-03-19T18:54:18.579+0000] {processor.py:183} INFO - Processing /home/airflow/.local/lib/python3.8/site-packages/airflow/example_dags/example_bash_operator.py took 0.040 seconds
[2024-03-19T18:54:48.986+0000] {processor.py:161} INFO - Started process (PID=3570) to work on /home/airflow/.local/lib/python3.8/site-packages/airflow/example_dags/example_bash_operator.py
[2024-03-19T18:54:48.987+0000] {processor.py:830} INFO - Processing file /home/airflow/.local/lib/python3.8/site-packages/airflow/example_dags/example_bash_operator.py for tasks to queue
[2024-03-19T18:54:48.987+0000] {logging_mixin.py:188} INFO - [2024-03-19T18:54:48.987+0000] {dagbag.py:540} INFO - Filling up the DagBag from /home/airflow/.local/lib/python3.8/site-packages/airflow/example_dags/example_bash_operator.py
[2024-03-19T18:54:48.992+0000] {processor.py:840} INFO - DAG(s) 'example_bash_operator' retrieved from /home/airflow/.local/lib/python3.8/site-packages/airflow/example_dags/example_bash_operator.py
[2024-03-19T18:54:49.004+0000] {logging_mixin.py:188} INFO - [2024-03-19T18:54:49.004+0000] {dag.py:3047} INFO - Sync 1 DAGs
[2024-03-19T18:54:49.013+0000] {logging_mixin.py:188} INFO - [2024-03-19T18:54:49.013+0000] {dag.py:3834} INFO - Setting next_dagrun for example_bash_operator to 2024-03-19 00:00:00+00:00, run_after=2024-03-20 00:00:00+00:00
[2024-03-19T18:54:49.020+0000] {processor.py:183} INFO - Processing /home/airflow/.local/lib/python3.8/site-packages/airflow/example_dags/example_bash_operator.py took 0.036 seconds
[2024-03-19T18:55:19.412+0000] {processor.py:161} INFO - Started process (PID=3817) to work on /home/airflow/.local/lib/python3.8/site-packages/airflow/example_dags/example_bash_operator.py
[2024-03-19T18:55:19.413+0000] {processor.py:830} INFO - Processing file /home/airflow/.local/lib/python3.8/site-packages/airflow/example_dags/example_bash_operator.py for tasks to queue
[2024-03-19T18:55:19.414+0000] {logging_mixin.py:188} INFO - [2024-03-19T18:55:19.414+0000] {dagbag.py:540} INFO - Filling up the DagBag from /home/airflow/.local/lib/python3.8/site-packages/airflow/example_dags/example_bash_operator.py
[2024-03-19T18:55:19.421+0000] {processor.py:840} INFO - DAG(s) 'example_bash_operator' retrieved from /home/airflow/.local/lib/python3.8/site-packages/airflow/example_dags/example_bash_operator.py
[2024-03-19T18:55:19.433+0000] {logging_mixin.py:188} INFO - [2024-03-19T18:55:19.433+0000] {dag.py:3047} INFO - Sync 1 DAGs
[2024-03-19T18:55:19.444+0000] {logging_mixin.py:188} INFO - [2024-03-19T18:55:19.443+0000] {dag.py:3834} INFO - Setting next_dagrun for example_bash_operator to 2024-03-19 00:00:00+00:00, run_after=2024-03-20 00:00:00+00:00
[2024-03-19T18:55:19.451+0000] {processor.py:183} INFO - Processing /home/airflow/.local/lib/python3.8/site-packages/airflow/example_dags/example_bash_operator.py took 0.041 seconds
[2024-03-19T18:55:49.907+0000] {processor.py:161} INFO - Started process (PID=4064) to work on /home/airflow/.local/lib/python3.8/site-packages/airflow/example_dags/example_bash_operator.py
[2024-03-19T18:55:49.908+0000] {processor.py:830} INFO - Processing file /home/airflow/.local/lib/python3.8/site-packages/airflow/example_dags/example_bash_operator.py for tasks to queue
[2024-03-19T18:55:49.908+0000] {logging_mixin.py:188} INFO - [2024-03-19T18:55:49.908+0000] {dagbag.py:540} INFO - Filling up the DagBag from /home/airflow/.local/lib/python3.8/site-packages/airflow/example_dags/example_bash_operator.py
[2024-03-19T18:55:49.914+0000] {processor.py:840} INFO - DAG(s) 'example_bash_operator' retrieved from /home/airflow/.local/lib/python3.8/site-packages/airflow/example_dags/example_bash_operator.py
[2024-03-19T18:55:49.926+0000] {logging_mixin.py:188} INFO - [2024-03-19T18:55:49.926+0000] {dag.py:3047} INFO - Sync 1 DAGs
[2024-03-19T18:55:49.935+0000] {logging_mixin.py:188} INFO - [2024-03-19T18:55:49.935+0000] {dag.py:3834} INFO - Setting next_dagrun for example_bash_operator to 2024-03-19 00:00:00+00:00, run_after=2024-03-20 00:00:00+00:00
[2024-03-19T18:55:49.943+0000] {processor.py:183} INFO - Processing /home/airflow/.local/lib/python3.8/site-packages/airflow/example_dags/example_bash_operator.py took 0.037 seconds
[2024-03-19T18:56:20.400+0000] {processor.py:161} INFO - Started process (PID=4311) to work on /home/airflow/.local/lib/python3.8/site-packages/airflow/example_dags/example_bash_operator.py
[2024-03-19T18:56:20.400+0000] {processor.py:830} INFO - Processing file /home/airflow/.local/lib/python3.8/site-packages/airflow/example_dags/example_bash_operator.py for tasks to queue
[2024-03-19T18:56:20.401+0000] {logging_mixin.py:188} INFO - [2024-03-19T18:56:20.401+0000] {dagbag.py:540} INFO - Filling up the DagBag from /home/airflow/.local/lib/python3.8/site-packages/airflow/example_dags/example_bash_operator.py
[2024-03-19T18:56:20.406+0000] {processor.py:840} INFO - DAG(s) 'example_bash_operator' retrieved from /home/airflow/.local/lib/python3.8/site-packages/airflow/example_dags/example_bash_operator.py
[2024-03-19T18:56:20.417+0000] {logging_mixin.py:188} INFO - [2024-03-19T18:56:20.417+0000] {dag.py:3047} INFO - Sync 1 DAGs
[2024-03-19T18:56:20.427+0000] {logging_mixin.py:188} INFO - [2024-03-19T18:56:20.427+0000] {dag.py:3834} INFO - Setting next_dagrun for example_bash_operator to 2024-03-19 00:00:00+00:00, run_after=2024-03-20 00:00:00+00:00
[2024-03-19T18:56:20.433+0000] {processor.py:183} INFO - Processing /home/airflow/.local/lib/python3.8/site-packages/airflow/example_dags/example_bash_operator.py took 0.035 seconds
[2024-03-19T18:56:50.880+0000] {processor.py:161} INFO - Started process (PID=4557) to work on /home/airflow/.local/lib/python3.8/site-packages/airflow/example_dags/example_bash_operator.py
[2024-03-19T18:56:50.880+0000] {processor.py:830} INFO - Processing file /home/airflow/.local/lib/python3.8/site-packages/airflow/example_dags/example_bash_operator.py for tasks to queue
[2024-03-19T18:56:50.881+0000] {logging_mixin.py:188} INFO - [2024-03-19T18:56:50.880+0000] {dagbag.py:540} INFO - Filling up the DagBag from /home/airflow/.local/lib/python3.8/site-packages/airflow/example_dags/example_bash_operator.py
[2024-03-19T18:56:50.885+0000] {processor.py:840} INFO - DAG(s) 'example_bash_operator' retrieved from /home/airflow/.local/lib/python3.8/site-packages/airflow/example_dags/example_bash_operator.py
[2024-03-19T18:56:50.896+0000] {logging_mixin.py:188} INFO - [2024-03-19T18:56:50.896+0000] {dag.py:3047} INFO - Sync 1 DAGs
[2024-03-19T18:56:50.906+0000] {logging_mixin.py:188} INFO - [2024-03-19T18:56:50.906+0000] {dag.py:3834} INFO - Setting next_dagrun for example_bash_operator to 2024-03-19 00:00:00+00:00, run_after=2024-03-20 00:00:00+00:00
[2024-03-19T18:56:50.913+0000] {processor.py:183} INFO - Processing /home/airflow/.local/lib/python3.8/site-packages/airflow/example_dags/example_bash_operator.py took 0.035 seconds
[2024-03-19T18:57:21.456+0000] {processor.py:161} INFO - Started process (PID=4804) to work on /home/airflow/.local/lib/python3.8/site-packages/airflow/example_dags/example_bash_operator.py
[2024-03-19T18:57:21.457+0000] {processor.py:830} INFO - Processing file /home/airflow/.local/lib/python3.8/site-packages/airflow/example_dags/example_bash_operator.py for tasks to queue
[2024-03-19T18:57:21.457+0000] {logging_mixin.py:188} INFO - [2024-03-19T18:57:21.457+0000] {dagbag.py:540} INFO - Filling up the DagBag from /home/airflow/.local/lib/python3.8/site-packages/airflow/example_dags/example_bash_operator.py
[2024-03-19T18:57:21.462+0000] {processor.py:840} INFO - DAG(s) 'example_bash_operator' retrieved from /home/airflow/.local/lib/python3.8/site-packages/airflow/example_dags/example_bash_operator.py
[2024-03-19T18:57:21.473+0000] {logging_mixin.py:188} INFO - [2024-03-19T18:57:21.473+0000] {dag.py:3047} INFO - Sync 1 DAGs
[2024-03-19T18:57:21.483+0000] {logging_mixin.py:188} INFO - [2024-03-19T18:57:21.483+0000] {dag.py:3834} INFO - Setting next_dagrun for example_bash_operator to 2024-03-19 00:00:00+00:00, run_after=2024-03-20 00:00:00+00:00
[2024-03-19T18:57:21.490+0000] {processor.py:183} INFO - Processing /home/airflow/.local/lib/python3.8/site-packages/airflow/example_dags/example_bash_operator.py took 0.035 seconds
[2024-03-19T18:57:51.949+0000] {processor.py:161} INFO - Started process (PID=5051) to work on /home/airflow/.local/lib/python3.8/site-packages/airflow/example_dags/example_bash_operator.py
[2024-03-19T18:57:51.950+0000] {processor.py:830} INFO - Processing file /home/airflow/.local/lib/python3.8/site-packages/airflow/example_dags/example_bash_operator.py for tasks to queue
[2024-03-19T18:57:51.950+0000] {logging_mixin.py:188} INFO - [2024-03-19T18:57:51.950+0000] {dagbag.py:540} INFO - Filling up the DagBag from /home/airflow/.local/lib/python3.8/site-packages/airflow/example_dags/example_bash_operator.py
[2024-03-19T18:57:51.956+0000] {processor.py:840} INFO - DAG(s) 'example_bash_operator' retrieved from /home/airflow/.local/lib/python3.8/site-packages/airflow/example_dags/example_bash_operator.py
[2024-03-19T18:57:51.967+0000] {logging_mixin.py:188} INFO - [2024-03-19T18:57:51.967+0000] {dag.py:3047} INFO - Sync 1 DAGs
[2024-03-19T18:57:51.977+0000] {logging_mixin.py:188} INFO - [2024-03-19T18:57:51.977+0000] {dag.py:3834} INFO - Setting next_dagrun for example_bash_operator to 2024-03-19 00:00:00+00:00, run_after=2024-03-20 00:00:00+00:00
[2024-03-19T18:57:51.985+0000] {processor.py:183} INFO - Processing /home/airflow/.local/lib/python3.8/site-packages/airflow/example_dags/example_bash_operator.py took 0.037 seconds
[2024-03-19T18:58:22.523+0000] {processor.py:161} INFO - Started process (PID=5300) to work on /home/airflow/.local/lib/python3.8/site-packages/airflow/example_dags/example_bash_operator.py
[2024-03-19T18:58:22.524+0000] {processor.py:830} INFO - Processing file /home/airflow/.local/lib/python3.8/site-packages/airflow/example_dags/example_bash_operator.py for tasks to queue
[2024-03-19T18:58:22.524+0000] {logging_mixin.py:188} INFO - [2024-03-19T18:58:22.524+0000] {dagbag.py:540} INFO - Filling up the DagBag from /home/airflow/.local/lib/python3.8/site-packages/airflow/example_dags/example_bash_operator.py
[2024-03-19T18:58:22.529+0000] {processor.py:840} INFO - DAG(s) 'example_bash_operator' retrieved from /home/airflow/.local/lib/python3.8/site-packages/airflow/example_dags/example_bash_operator.py
[2024-03-19T18:58:22.541+0000] {logging_mixin.py:188} INFO - [2024-03-19T18:58:22.541+0000] {dag.py:3047} INFO - Sync 1 DAGs
[2024-03-19T18:58:22.551+0000] {logging_mixin.py:188} INFO - [2024-03-19T18:58:22.550+0000] {dag.py:3834} INFO - Setting next_dagrun for example_bash_operator to 2024-03-19 00:00:00+00:00, run_after=2024-03-20 00:00:00+00:00
[2024-03-19T18:58:22.558+0000] {processor.py:183} INFO - Processing /home/airflow/.local/lib/python3.8/site-packages/airflow/example_dags/example_bash_operator.py took 0.036 seconds
[2024-03-19T18:58:53.190+0000] {processor.py:161} INFO - Started process (PID=5545) to work on /home/airflow/.local/lib/python3.8/site-packages/airflow/example_dags/example_bash_operator.py
[2024-03-19T18:58:53.191+0000] {processor.py:830} INFO - Processing file /home/airflow/.local/lib/python3.8/site-packages/airflow/example_dags/example_bash_operator.py for tasks to queue
[2024-03-19T18:58:53.191+0000] {logging_mixin.py:188} INFO - [2024-03-19T18:58:53.191+0000] {dagbag.py:540} INFO - Filling up the DagBag from /home/airflow/.local/lib/python3.8/site-packages/airflow/example_dags/example_bash_operator.py
[2024-03-19T18:58:53.197+0000] {processor.py:840} INFO - DAG(s) 'example_bash_operator' retrieved from /home/airflow/.local/lib/python3.8/site-packages/airflow/example_dags/example_bash_operator.py
[2024-03-19T18:58:53.209+0000] {logging_mixin.py:188} INFO - [2024-03-19T18:58:53.209+0000] {dag.py:3047} INFO - Sync 1 DAGs
[2024-03-19T18:58:53.219+0000] {logging_mixin.py:188} INFO - [2024-03-19T18:58:53.219+0000] {dag.py:3834} INFO - Setting next_dagrun for example_bash_operator to 2024-03-19 00:00:00+00:00, run_after=2024-03-20 00:00:00+00:00
[2024-03-19T18:58:53.226+0000] {processor.py:183} INFO - Processing /home/airflow/.local/lib/python3.8/site-packages/airflow/example_dags/example_bash_operator.py took 0.037 seconds
[2024-03-19T18:59:23.687+0000] {processor.py:161} INFO - Started process (PID=5792) to work on /home/airflow/.local/lib/python3.8/site-packages/airflow/example_dags/example_bash_operator.py
[2024-03-19T18:59:23.688+0000] {processor.py:830} INFO - Processing file /home/airflow/.local/lib/python3.8/site-packages/airflow/example_dags/example_bash_operator.py for tasks to queue
[2024-03-19T18:59:23.688+0000] {logging_mixin.py:188} INFO - [2024-03-19T18:59:23.688+0000] {dagbag.py:540} INFO - Filling up the DagBag from /home/airflow/.local/lib/python3.8/site-packages/airflow/example_dags/example_bash_operator.py
[2024-03-19T18:59:23.694+0000] {processor.py:840} INFO - DAG(s) 'example_bash_operator' retrieved from /home/airflow/.local/lib/python3.8/site-packages/airflow/example_dags/example_bash_operator.py
[2024-03-19T18:59:23.706+0000] {logging_mixin.py:188} INFO - [2024-03-19T18:59:23.706+0000] {dag.py:3047} INFO - Sync 1 DAGs
[2024-03-19T18:59:23.716+0000] {logging_mixin.py:188} INFO - [2024-03-19T18:59:23.716+0000] {dag.py:3834} INFO - Setting next_dagrun for example_bash_operator to 2024-03-19 00:00:00+00:00, run_after=2024-03-20 00:00:00+00:00
[2024-03-19T18:59:23.723+0000] {processor.py:183} INFO - Processing /home/airflow/.local/lib/python3.8/site-packages/airflow/example_dags/example_bash_operator.py took 0.037 seconds
[2024-03-19T18:59:54.310+0000] {processor.py:161} INFO - Started process (PID=6040) to work on /home/airflow/.local/lib/python3.8/site-packages/airflow/example_dags/example_bash_operator.py
[2024-03-19T18:59:54.311+0000] {processor.py:830} INFO - Processing file /home/airflow/.local/lib/python3.8/site-packages/airflow/example_dags/example_bash_operator.py for tasks to queue
[2024-03-19T18:59:54.311+0000] {logging_mixin.py:188} INFO - [2024-03-19T18:59:54.311+0000] {dagbag.py:540} INFO - Filling up the DagBag from /home/airflow/.local/lib/python3.8/site-packages/airflow/example_dags/example_bash_operator.py
[2024-03-19T18:59:54.317+0000] {processor.py:840} INFO - DAG(s) 'example_bash_operator' retrieved from /home/airflow/.local/lib/python3.8/site-packages/airflow/example_dags/example_bash_operator.py
[2024-03-19T18:59:54.329+0000] {logging_mixin.py:188} INFO - [2024-03-19T18:59:54.328+0000] {dag.py:3047} INFO - Sync 1 DAGs
[2024-03-19T18:59:54.338+0000] {logging_mixin.py:188} INFO - [2024-03-19T18:59:54.338+0000] {dag.py:3834} INFO - Setting next_dagrun for example_bash_operator to 2024-03-19 00:00:00+00:00, run_after=2024-03-20 00:00:00+00:00
[2024-03-19T18:59:54.345+0000] {processor.py:183} INFO - Processing /home/airflow/.local/lib/python3.8/site-packages/airflow/example_dags/example_bash_operator.py took 0.036 seconds
[2024-03-19T19:00:24.780+0000] {processor.py:161} INFO - Started process (PID=6285) to work on /home/airflow/.local/lib/python3.8/site-packages/airflow/example_dags/example_bash_operator.py
[2024-03-19T19:00:24.781+0000] {processor.py:830} INFO - Processing file /home/airflow/.local/lib/python3.8/site-packages/airflow/example_dags/example_bash_operator.py for tasks to queue
[2024-03-19T19:00:24.781+0000] {logging_mixin.py:188} INFO - [2024-03-19T19:00:24.781+0000] {dagbag.py:540} INFO - Filling up the DagBag from /home/airflow/.local/lib/python3.8/site-packages/airflow/example_dags/example_bash_operator.py
[2024-03-19T19:00:24.786+0000] {processor.py:840} INFO - DAG(s) 'example_bash_operator' retrieved from /home/airflow/.local/lib/python3.8/site-packages/airflow/example_dags/example_bash_operator.py
[2024-03-19T19:00:24.798+0000] {logging_mixin.py:188} INFO - [2024-03-19T19:00:24.798+0000] {dag.py:3047} INFO - Sync 1 DAGs
[2024-03-19T19:00:24.810+0000] {logging_mixin.py:188} INFO - [2024-03-19T19:00:24.810+0000] {dag.py:3834} INFO - Setting next_dagrun for example_bash_operator to 2024-03-19 00:00:00+00:00, run_after=2024-03-20 00:00:00+00:00
[2024-03-19T19:00:24.817+0000] {processor.py:183} INFO - Processing /home/airflow/.local/lib/python3.8/site-packages/airflow/example_dags/example_bash_operator.py took 0.039 seconds
[2024-03-19T19:00:55.313+0000] {processor.py:161} INFO - Started process (PID=6532) to work on /home/airflow/.local/lib/python3.8/site-packages/airflow/example_dags/example_bash_operator.py
[2024-03-19T19:00:55.314+0000] {processor.py:830} INFO - Processing file /home/airflow/.local/lib/python3.8/site-packages/airflow/example_dags/example_bash_operator.py for tasks to queue
[2024-03-19T19:00:55.314+0000] {logging_mixin.py:188} INFO - [2024-03-19T19:00:55.314+0000] {dagbag.py:540} INFO - Filling up the DagBag from /home/airflow/.local/lib/python3.8/site-packages/airflow/example_dags/example_bash_operator.py
[2024-03-19T19:00:55.320+0000] {processor.py:840} INFO - DAG(s) 'example_bash_operator' retrieved from /home/airflow/.local/lib/python3.8/site-packages/airflow/example_dags/example_bash_operator.py
[2024-03-19T19:00:55.333+0000] {logging_mixin.py:188} INFO - [2024-03-19T19:00:55.333+0000] {dag.py:3047} INFO - Sync 1 DAGs
[2024-03-19T19:00:55.343+0000] {logging_mixin.py:188} INFO - [2024-03-19T19:00:55.343+0000] {dag.py:3834} INFO - Setting next_dagrun for example_bash_operator to 2024-03-19 00:00:00+00:00, run_after=2024-03-20 00:00:00+00:00
[2024-03-19T19:00:55.351+0000] {processor.py:183} INFO - Processing /home/airflow/.local/lib/python3.8/site-packages/airflow/example_dags/example_bash_operator.py took 0.039 seconds
[2024-03-19T19:01:25.746+0000] {processor.py:161} INFO - Started process (PID=6779) to work on /home/airflow/.local/lib/python3.8/site-packages/airflow/example_dags/example_bash_operator.py
[2024-03-19T19:01:25.747+0000] {processor.py:830} INFO - Processing file /home/airflow/.local/lib/python3.8/site-packages/airflow/example_dags/example_bash_operator.py for tasks to queue
[2024-03-19T19:01:25.747+0000] {logging_mixin.py:188} INFO - [2024-03-19T19:01:25.747+0000] {dagbag.py:540} INFO - Filling up the DagBag from /home/airflow/.local/lib/python3.8/site-packages/airflow/example_dags/example_bash_operator.py
[2024-03-19T19:01:25.752+0000] {processor.py:840} INFO - DAG(s) 'example_bash_operator' retrieved from /home/airflow/.local/lib/python3.8/site-packages/airflow/example_dags/example_bash_operator.py
[2024-03-19T19:01:25.763+0000] {logging_mixin.py:188} INFO - [2024-03-19T19:01:25.763+0000] {dag.py:3047} INFO - Sync 1 DAGs
[2024-03-19T19:01:25.773+0000] {logging_mixin.py:188} INFO - [2024-03-19T19:01:25.772+0000] {dag.py:3834} INFO - Setting next_dagrun for example_bash_operator to 2024-03-19 00:00:00+00:00, run_after=2024-03-20 00:00:00+00:00
[2024-03-19T19:01:25.779+0000] {processor.py:183} INFO - Processing /home/airflow/.local/lib/python3.8/site-packages/airflow/example_dags/example_bash_operator.py took 0.034 seconds
[2024-03-19T19:01:56.274+0000] {processor.py:161} INFO - Started process (PID=7026) to work on /home/airflow/.local/lib/python3.8/site-packages/airflow/example_dags/example_bash_operator.py
[2024-03-19T19:01:56.274+0000] {processor.py:830} INFO - Processing file /home/airflow/.local/lib/python3.8/site-packages/airflow/example_dags/example_bash_operator.py for tasks to queue
[2024-03-19T19:01:56.275+0000] {logging_mixin.py:188} INFO - [2024-03-19T19:01:56.275+0000] {dagbag.py:540} INFO - Filling up the DagBag from /home/airflow/.local/lib/python3.8/site-packages/airflow/example_dags/example_bash_operator.py
[2024-03-19T19:01:56.280+0000] {processor.py:840} INFO - DAG(s) 'example_bash_operator' retrieved from /home/airflow/.local/lib/python3.8/site-packages/airflow/example_dags/example_bash_operator.py
[2024-03-19T19:01:56.295+0000] {logging_mixin.py:188} INFO - [2024-03-19T19:01:56.295+0000] {dag.py:3047} INFO - Sync 1 DAGs
[2024-03-19T19:01:56.306+0000] {logging_mixin.py:188} INFO - [2024-03-19T19:01:56.305+0000] {dag.py:3834} INFO - Setting next_dagrun for example_bash_operator to 2024-03-19 00:00:00+00:00, run_after=2024-03-20 00:00:00+00:00
[2024-03-19T19:01:56.313+0000] {processor.py:183} INFO - Processing /home/airflow/.local/lib/python3.8/site-packages/airflow/example_dags/example_bash_operator.py took 0.040 seconds
[2024-03-19T19:02:26.774+0000] {processor.py:161} INFO - Started process (PID=7272) to work on /home/airflow/.local/lib/python3.8/site-packages/airflow/example_dags/example_bash_operator.py
[2024-03-19T19:02:26.775+0000] {processor.py:830} INFO - Processing file /home/airflow/.local/lib/python3.8/site-packages/airflow/example_dags/example_bash_operator.py for tasks to queue
[2024-03-19T19:02:26.775+0000] {logging_mixin.py:188} INFO - [2024-03-19T19:02:26.775+0000] {dagbag.py:540} INFO - Filling up the DagBag from /home/airflow/.local/lib/python3.8/site-packages/airflow/example_dags/example_bash_operator.py
[2024-03-19T19:02:26.780+0000] {processor.py:840} INFO - DAG(s) 'example_bash_operator' retrieved from /home/airflow/.local/lib/python3.8/site-packages/airflow/example_dags/example_bash_operator.py
[2024-03-19T19:02:26.792+0000] {logging_mixin.py:188} INFO - [2024-03-19T19:02:26.792+0000] {dag.py:3047} INFO - Sync 1 DAGs
[2024-03-19T19:02:26.803+0000] {logging_mixin.py:188} INFO - [2024-03-19T19:02:26.803+0000] {dag.py:3834} INFO - Setting next_dagrun for example_bash_operator to 2024-03-19 00:00:00+00:00, run_after=2024-03-20 00:00:00+00:00
[2024-03-19T19:02:26.811+0000] {processor.py:183} INFO - Processing /home/airflow/.local/lib/python3.8/site-packages/airflow/example_dags/example_bash_operator.py took 0.038 seconds
[2024-03-19T19:02:57.213+0000] {processor.py:161} INFO - Started process (PID=7519) to work on /home/airflow/.local/lib/python3.8/site-packages/airflow/example_dags/example_bash_operator.py
[2024-03-19T19:02:57.213+0000] {processor.py:830} INFO - Processing file /home/airflow/.local/lib/python3.8/site-packages/airflow/example_dags/example_bash_operator.py for tasks to queue
[2024-03-19T19:02:57.214+0000] {logging_mixin.py:188} INFO - [2024-03-19T19:02:57.214+0000] {dagbag.py:540} INFO - Filling up the DagBag from /home/airflow/.local/lib/python3.8/site-packages/airflow/example_dags/example_bash_operator.py
[2024-03-19T19:02:57.219+0000] {processor.py:840} INFO - DAG(s) 'example_bash_operator' retrieved from /home/airflow/.local/lib/python3.8/site-packages/airflow/example_dags/example_bash_operator.py
[2024-03-19T19:02:57.230+0000] {logging_mixin.py:188} INFO - [2024-03-19T19:02:57.230+0000] {dag.py:3047} INFO - Sync 1 DAGs
[2024-03-19T19:02:57.239+0000] {logging_mixin.py:188} INFO - [2024-03-19T19:02:57.239+0000] {dag.py:3834} INFO - Setting next_dagrun for example_bash_operator to 2024-03-19 00:00:00+00:00, run_after=2024-03-20 00:00:00+00:00
[2024-03-19T19:02:57.246+0000] {processor.py:183} INFO - Processing /home/airflow/.local/lib/python3.8/site-packages/airflow/example_dags/example_bash_operator.py took 0.034 seconds
[2024-03-19T19:03:27.749+0000] {processor.py:161} INFO - Started process (PID=7766) to work on /home/airflow/.local/lib/python3.8/site-packages/airflow/example_dags/example_bash_operator.py
[2024-03-19T19:03:27.750+0000] {processor.py:830} INFO - Processing file /home/airflow/.local/lib/python3.8/site-packages/airflow/example_dags/example_bash_operator.py for tasks to queue
[2024-03-19T19:03:27.751+0000] {logging_mixin.py:188} INFO - [2024-03-19T19:03:27.750+0000] {dagbag.py:540} INFO - Filling up the DagBag from /home/airflow/.local/lib/python3.8/site-packages/airflow/example_dags/example_bash_operator.py
[2024-03-19T19:03:27.756+0000] {processor.py:840} INFO - DAG(s) 'example_bash_operator' retrieved from /home/airflow/.local/lib/python3.8/site-packages/airflow/example_dags/example_bash_operator.py
[2024-03-19T19:03:27.768+0000] {logging_mixin.py:188} INFO - [2024-03-19T19:03:27.768+0000] {dag.py:3047} INFO - Sync 1 DAGs
[2024-03-19T19:03:27.779+0000] {logging_mixin.py:188} INFO - [2024-03-19T19:03:27.779+0000] {dag.py:3834} INFO - Setting next_dagrun for example_bash_operator to 2024-03-19 00:00:00+00:00, run_after=2024-03-20 00:00:00+00:00
[2024-03-19T19:03:27.786+0000] {processor.py:183} INFO - Processing /home/airflow/.local/lib/python3.8/site-packages/airflow/example_dags/example_bash_operator.py took 0.038 seconds
[2024-03-19T19:03:58.284+0000] {processor.py:161} INFO - Started process (PID=8013) to work on /home/airflow/.local/lib/python3.8/site-packages/airflow/example_dags/example_bash_operator.py
[2024-03-19T19:03:58.284+0000] {processor.py:830} INFO - Processing file /home/airflow/.local/lib/python3.8/site-packages/airflow/example_dags/example_bash_operator.py for tasks to queue
[2024-03-19T19:03:58.285+0000] {logging_mixin.py:188} INFO - [2024-03-19T19:03:58.285+0000] {dagbag.py:540} INFO - Filling up the DagBag from /home/airflow/.local/lib/python3.8/site-packages/airflow/example_dags/example_bash_operator.py
[2024-03-19T19:03:58.290+0000] {processor.py:840} INFO - DAG(s) 'example_bash_operator' retrieved from /home/airflow/.local/lib/python3.8/site-packages/airflow/example_dags/example_bash_operator.py
[2024-03-19T19:03:58.301+0000] {logging_mixin.py:188} INFO - [2024-03-19T19:03:58.301+0000] {dag.py:3047} INFO - Sync 1 DAGs
[2024-03-19T19:03:58.311+0000] {logging_mixin.py:188} INFO - [2024-03-19T19:03:58.311+0000] {dag.py:3834} INFO - Setting next_dagrun for example_bash_operator to 2024-03-19 00:00:00+00:00, run_after=2024-03-20 00:00:00+00:00
[2024-03-19T19:03:58.318+0000] {processor.py:183} INFO - Processing /home/airflow/.local/lib/python3.8/site-packages/airflow/example_dags/example_bash_operator.py took 0.036 seconds
[2024-03-19T19:04:28.837+0000] {processor.py:161} INFO - Started process (PID=8260) to work on /home/airflow/.local/lib/python3.8/site-packages/airflow/example_dags/example_bash_operator.py
[2024-03-19T19:04:28.838+0000] {processor.py:830} INFO - Processing file /home/airflow/.local/lib/python3.8/site-packages/airflow/example_dags/example_bash_operator.py for tasks to queue
[2024-03-19T19:04:28.838+0000] {logging_mixin.py:188} INFO - [2024-03-19T19:04:28.838+0000] {dagbag.py:540} INFO - Filling up the DagBag from /home/airflow/.local/lib/python3.8/site-packages/airflow/example_dags/example_bash_operator.py
[2024-03-19T19:04:28.844+0000] {processor.py:840} INFO - DAG(s) 'example_bash_operator' retrieved from /home/airflow/.local/lib/python3.8/site-packages/airflow/example_dags/example_bash_operator.py
[2024-03-19T19:04:28.855+0000] {logging_mixin.py:188} INFO - [2024-03-19T19:04:28.855+0000] {dag.py:3047} INFO - Sync 1 DAGs
[2024-03-19T19:04:28.865+0000] {logging_mixin.py:188} INFO - [2024-03-19T19:04:28.865+0000] {dag.py:3834} INFO - Setting next_dagrun for example_bash_operator to 2024-03-19 00:00:00+00:00, run_after=2024-03-20 00:00:00+00:00
[2024-03-19T19:04:28.872+0000] {processor.py:183} INFO - Processing /home/airflow/.local/lib/python3.8/site-packages/airflow/example_dags/example_bash_operator.py took 0.036 seconds
[2024-03-19T19:04:59.370+0000] {processor.py:161} INFO - Started process (PID=8507) to work on /home/airflow/.local/lib/python3.8/site-packages/airflow/example_dags/example_bash_operator.py
[2024-03-19T19:04:59.371+0000] {processor.py:830} INFO - Processing file /home/airflow/.local/lib/python3.8/site-packages/airflow/example_dags/example_bash_operator.py for tasks to queue
[2024-03-19T19:04:59.371+0000] {logging_mixin.py:188} INFO - [2024-03-19T19:04:59.371+0000] {dagbag.py:540} INFO - Filling up the DagBag from /home/airflow/.local/lib/python3.8/site-packages/airflow/example_dags/example_bash_operator.py
[2024-03-19T19:04:59.376+0000] {processor.py:840} INFO - DAG(s) 'example_bash_operator' retrieved from /home/airflow/.local/lib/python3.8/site-packages/airflow/example_dags/example_bash_operator.py
[2024-03-19T19:04:59.387+0000] {logging_mixin.py:188} INFO - [2024-03-19T19:04:59.387+0000] {dag.py:3047} INFO - Sync 1 DAGs
[2024-03-19T19:04:59.397+0000] {logging_mixin.py:188} INFO - [2024-03-19T19:04:59.397+0000] {dag.py:3834} INFO - Setting next_dagrun for example_bash_operator to 2024-03-19 00:00:00+00:00, run_after=2024-03-20 00:00:00+00:00
[2024-03-19T19:04:59.404+0000] {processor.py:183} INFO - Processing /home/airflow/.local/lib/python3.8/site-packages/airflow/example_dags/example_bash_operator.py took 0.035 seconds
[2024-03-19T19:05:29.851+0000] {processor.py:161} INFO - Started process (PID=8754) to work on /home/airflow/.local/lib/python3.8/site-packages/airflow/example_dags/example_bash_operator.py
[2024-03-19T19:05:29.852+0000] {processor.py:830} INFO - Processing file /home/airflow/.local/lib/python3.8/site-packages/airflow/example_dags/example_bash_operator.py for tasks to queue
[2024-03-19T19:05:29.852+0000] {logging_mixin.py:188} INFO - [2024-03-19T19:05:29.852+0000] {dagbag.py:540} INFO - Filling up the DagBag from /home/airflow/.local/lib/python3.8/site-packages/airflow/example_dags/example_bash_operator.py
[2024-03-19T19:05:29.857+0000] {processor.py:840} INFO - DAG(s) 'example_bash_operator' retrieved from /home/airflow/.local/lib/python3.8/site-packages/airflow/example_dags/example_bash_operator.py
[2024-03-19T19:05:29.869+0000] {logging_mixin.py:188} INFO - [2024-03-19T19:05:29.868+0000] {dag.py:3047} INFO - Sync 1 DAGs
[2024-03-19T19:05:29.878+0000] {logging_mixin.py:188} INFO - [2024-03-19T19:05:29.878+0000] {dag.py:3834} INFO - Setting next_dagrun for example_bash_operator to 2024-03-19 00:00:00+00:00, run_after=2024-03-20 00:00:00+00:00
[2024-03-19T19:05:29.885+0000] {processor.py:183} INFO - Processing /home/airflow/.local/lib/python3.8/site-packages/airflow/example_dags/example_bash_operator.py took 0.035 seconds
[2024-03-19T19:06:00.508+0000] {processor.py:161} INFO - Started process (PID=9001) to work on /home/airflow/.local/lib/python3.8/site-packages/airflow/example_dags/example_bash_operator.py
[2024-03-19T19:06:00.508+0000] {processor.py:830} INFO - Processing file /home/airflow/.local/lib/python3.8/site-packages/airflow/example_dags/example_bash_operator.py for tasks to queue
[2024-03-19T19:06:00.509+0000] {logging_mixin.py:188} INFO - [2024-03-19T19:06:00.509+0000] {dagbag.py:540} INFO - Filling up the DagBag from /home/airflow/.local/lib/python3.8/site-packages/airflow/example_dags/example_bash_operator.py
[2024-03-19T19:06:00.514+0000] {processor.py:840} INFO - DAG(s) 'example_bash_operator' retrieved from /home/airflow/.local/lib/python3.8/site-packages/airflow/example_dags/example_bash_operator.py
[2024-03-19T19:06:00.525+0000] {logging_mixin.py:188} INFO - [2024-03-19T19:06:00.525+0000] {dag.py:3047} INFO - Sync 1 DAGs
[2024-03-19T19:06:00.534+0000] {logging_mixin.py:188} INFO - [2024-03-19T19:06:00.534+0000] {dag.py:3834} INFO - Setting next_dagrun for example_bash_operator to 2024-03-19 00:00:00+00:00, run_after=2024-03-20 00:00:00+00:00
[2024-03-19T19:06:00.541+0000] {processor.py:183} INFO - Processing /home/airflow/.local/lib/python3.8/site-packages/airflow/example_dags/example_bash_operator.py took 0.035 seconds
