[2024-03-19T18:48:10.629+0000] {processor.py:161} INFO - Started process (PID=203) to work on /home/airflow/.local/lib/python3.8/site-packages/airflow/example_dags/tutorial_taskflow_api.py
[2024-03-19T18:48:10.630+0000] {processor.py:830} INFO - Processing file /home/airflow/.local/lib/python3.8/site-packages/airflow/example_dags/tutorial_taskflow_api.py for tasks to queue
[2024-03-19T18:48:10.630+0000] {logging_mixin.py:188} INFO - [2024-03-19T18:48:10.630+0000] {dagbag.py:540} INFO - Filling up the DagBag from /home/airflow/.local/lib/python3.8/site-packages/airflow/example_dags/tutorial_taskflow_api.py
[2024-03-19T18:48:10.635+0000] {processor.py:840} INFO - DAG(s) 'tutorial_taskflow_api' retrieved from /home/airflow/.local/lib/python3.8/site-packages/airflow/example_dags/tutorial_taskflow_api.py
[2024-03-19T18:48:10.640+0000] {logging_mixin.py:188} INFO - [2024-03-19T18:48:10.640+0000] {dag.py:3047} INFO - Sync 1 DAGs
[2024-03-19T18:48:10.649+0000] {logging_mixin.py:188} INFO - [2024-03-19T18:48:10.649+0000] {dag.py:3834} INFO - Setting next_dagrun for tutorial_taskflow_api to None, run_after=None
[2024-03-19T18:48:10.657+0000] {processor.py:183} INFO - Processing /home/airflow/.local/lib/python3.8/site-packages/airflow/example_dags/tutorial_taskflow_api.py took 0.029 seconds
[2024-03-19T18:48:40.931+0000] {processor.py:161} INFO - Started process (PID=448) to work on /home/airflow/.local/lib/python3.8/site-packages/airflow/example_dags/tutorial_taskflow_api.py
[2024-03-19T18:48:40.931+0000] {processor.py:830} INFO - Processing file /home/airflow/.local/lib/python3.8/site-packages/airflow/example_dags/tutorial_taskflow_api.py for tasks to queue
[2024-03-19T18:48:40.932+0000] {logging_mixin.py:188} INFO - [2024-03-19T18:48:40.932+0000] {dagbag.py:540} INFO - Filling up the DagBag from /home/airflow/.local/lib/python3.8/site-packages/airflow/example_dags/tutorial_taskflow_api.py
[2024-03-19T18:48:40.937+0000] {processor.py:840} INFO - DAG(s) 'tutorial_taskflow_api' retrieved from /home/airflow/.local/lib/python3.8/site-packages/airflow/example_dags/tutorial_taskflow_api.py
[2024-03-19T18:48:41.088+0000] {logging_mixin.py:188} INFO - [2024-03-19T18:48:41.088+0000] {dag.py:3047} INFO - Sync 1 DAGs
[2024-03-19T18:48:41.093+0000] {logging_mixin.py:188} INFO - [2024-03-19T18:48:41.093+0000] {dag.py:3834} INFO - Setting next_dagrun for tutorial_taskflow_api to None, run_after=None
[2024-03-19T18:48:41.103+0000] {processor.py:183} INFO - Processing /home/airflow/.local/lib/python3.8/site-packages/airflow/example_dags/tutorial_taskflow_api.py took 0.173 seconds
[2024-03-19T18:49:11.469+0000] {processor.py:161} INFO - Started process (PID=695) to work on /home/airflow/.local/lib/python3.8/site-packages/airflow/example_dags/tutorial_taskflow_api.py
[2024-03-19T18:49:11.470+0000] {processor.py:830} INFO - Processing file /home/airflow/.local/lib/python3.8/site-packages/airflow/example_dags/tutorial_taskflow_api.py for tasks to queue
[2024-03-19T18:49:11.470+0000] {logging_mixin.py:188} INFO - [2024-03-19T18:49:11.470+0000] {dagbag.py:540} INFO - Filling up the DagBag from /home/airflow/.local/lib/python3.8/site-packages/airflow/example_dags/tutorial_taskflow_api.py
[2024-03-19T18:49:11.473+0000] {processor.py:840} INFO - DAG(s) 'tutorial_taskflow_api' retrieved from /home/airflow/.local/lib/python3.8/site-packages/airflow/example_dags/tutorial_taskflow_api.py
[2024-03-19T18:49:11.482+0000] {logging_mixin.py:188} INFO - [2024-03-19T18:49:11.482+0000] {dag.py:3047} INFO - Sync 1 DAGs
[2024-03-19T18:49:11.487+0000] {logging_mixin.py:188} INFO - [2024-03-19T18:49:11.487+0000] {dag.py:3834} INFO - Setting next_dagrun for tutorial_taskflow_api to None, run_after=None
[2024-03-19T18:49:11.496+0000] {processor.py:183} INFO - Processing /home/airflow/.local/lib/python3.8/site-packages/airflow/example_dags/tutorial_taskflow_api.py took 0.029 seconds
[2024-03-19T18:49:42.004+0000] {processor.py:161} INFO - Started process (PID=942) to work on /home/airflow/.local/lib/python3.8/site-packages/airflow/example_dags/tutorial_taskflow_api.py
[2024-03-19T18:49:42.004+0000] {processor.py:830} INFO - Processing file /home/airflow/.local/lib/python3.8/site-packages/airflow/example_dags/tutorial_taskflow_api.py for tasks to queue
[2024-03-19T18:49:42.005+0000] {logging_mixin.py:188} INFO - [2024-03-19T18:49:42.005+0000] {dagbag.py:540} INFO - Filling up the DagBag from /home/airflow/.local/lib/python3.8/site-packages/airflow/example_dags/tutorial_taskflow_api.py
[2024-03-19T18:49:42.008+0000] {processor.py:840} INFO - DAG(s) 'tutorial_taskflow_api' retrieved from /home/airflow/.local/lib/python3.8/site-packages/airflow/example_dags/tutorial_taskflow_api.py
[2024-03-19T18:49:42.016+0000] {logging_mixin.py:188} INFO - [2024-03-19T18:49:42.016+0000] {dag.py:3047} INFO - Sync 1 DAGs
[2024-03-19T18:49:42.021+0000] {logging_mixin.py:188} INFO - [2024-03-19T18:49:42.021+0000] {dag.py:3834} INFO - Setting next_dagrun for tutorial_taskflow_api to None, run_after=None
[2024-03-19T18:49:42.028+0000] {processor.py:183} INFO - Processing /home/airflow/.local/lib/python3.8/site-packages/airflow/example_dags/tutorial_taskflow_api.py took 0.026 seconds
[2024-03-19T18:50:12.521+0000] {processor.py:161} INFO - Started process (PID=1189) to work on /home/airflow/.local/lib/python3.8/site-packages/airflow/example_dags/tutorial_taskflow_api.py
[2024-03-19T18:50:12.521+0000] {processor.py:830} INFO - Processing file /home/airflow/.local/lib/python3.8/site-packages/airflow/example_dags/tutorial_taskflow_api.py for tasks to queue
[2024-03-19T18:50:12.522+0000] {logging_mixin.py:188} INFO - [2024-03-19T18:50:12.522+0000] {dagbag.py:540} INFO - Filling up the DagBag from /home/airflow/.local/lib/python3.8/site-packages/airflow/example_dags/tutorial_taskflow_api.py
[2024-03-19T18:50:12.525+0000] {processor.py:840} INFO - DAG(s) 'tutorial_taskflow_api' retrieved from /home/airflow/.local/lib/python3.8/site-packages/airflow/example_dags/tutorial_taskflow_api.py
[2024-03-19T18:50:12.535+0000] {logging_mixin.py:188} INFO - [2024-03-19T18:50:12.535+0000] {dag.py:3047} INFO - Sync 1 DAGs
[2024-03-19T18:50:12.541+0000] {logging_mixin.py:188} INFO - [2024-03-19T18:50:12.541+0000] {dag.py:3834} INFO - Setting next_dagrun for tutorial_taskflow_api to None, run_after=None
[2024-03-19T18:50:12.555+0000] {processor.py:183} INFO - Processing /home/airflow/.local/lib/python3.8/site-packages/airflow/example_dags/tutorial_taskflow_api.py took 0.035 seconds
[2024-03-19T18:50:43.125+0000] {processor.py:161} INFO - Started process (PID=1460) to work on /home/airflow/.local/lib/python3.8/site-packages/airflow/example_dags/tutorial_taskflow_api.py
[2024-03-19T18:50:43.126+0000] {processor.py:830} INFO - Processing file /home/airflow/.local/lib/python3.8/site-packages/airflow/example_dags/tutorial_taskflow_api.py for tasks to queue
[2024-03-19T18:50:43.126+0000] {logging_mixin.py:188} INFO - [2024-03-19T18:50:43.126+0000] {dagbag.py:540} INFO - Filling up the DagBag from /home/airflow/.local/lib/python3.8/site-packages/airflow/example_dags/tutorial_taskflow_api.py
[2024-03-19T18:50:43.129+0000] {processor.py:840} INFO - DAG(s) 'tutorial_taskflow_api' retrieved from /home/airflow/.local/lib/python3.8/site-packages/airflow/example_dags/tutorial_taskflow_api.py
[2024-03-19T18:50:43.138+0000] {logging_mixin.py:188} INFO - [2024-03-19T18:50:43.138+0000] {dag.py:3047} INFO - Sync 1 DAGs
[2024-03-19T18:50:43.143+0000] {logging_mixin.py:188} INFO - [2024-03-19T18:50:43.143+0000] {dag.py:3834} INFO - Setting next_dagrun for tutorial_taskflow_api to None, run_after=None
[2024-03-19T18:50:43.150+0000] {processor.py:183} INFO - Processing /home/airflow/.local/lib/python3.8/site-packages/airflow/example_dags/tutorial_taskflow_api.py took 0.026 seconds
[2024-03-19T18:51:13.955+0000] {processor.py:161} INFO - Started process (PID=1707) to work on /home/airflow/.local/lib/python3.8/site-packages/airflow/example_dags/tutorial_taskflow_api.py
[2024-03-19T18:51:13.956+0000] {processor.py:830} INFO - Processing file /home/airflow/.local/lib/python3.8/site-packages/airflow/example_dags/tutorial_taskflow_api.py for tasks to queue
[2024-03-19T18:51:13.956+0000] {logging_mixin.py:188} INFO - [2024-03-19T18:51:13.956+0000] {dagbag.py:540} INFO - Filling up the DagBag from /home/airflow/.local/lib/python3.8/site-packages/airflow/example_dags/tutorial_taskflow_api.py
[2024-03-19T18:51:13.959+0000] {processor.py:840} INFO - DAG(s) 'tutorial_taskflow_api' retrieved from /home/airflow/.local/lib/python3.8/site-packages/airflow/example_dags/tutorial_taskflow_api.py
[2024-03-19T18:51:13.967+0000] {logging_mixin.py:188} INFO - [2024-03-19T18:51:13.967+0000] {dag.py:3047} INFO - Sync 1 DAGs
[2024-03-19T18:51:13.972+0000] {logging_mixin.py:188} INFO - [2024-03-19T18:51:13.972+0000] {dag.py:3834} INFO - Setting next_dagrun for tutorial_taskflow_api to None, run_after=None
[2024-03-19T18:51:13.979+0000] {processor.py:183} INFO - Processing /home/airflow/.local/lib/python3.8/site-packages/airflow/example_dags/tutorial_taskflow_api.py took 0.026 seconds
[2024-03-19T18:51:44.325+0000] {processor.py:161} INFO - Started process (PID=1954) to work on /home/airflow/.local/lib/python3.8/site-packages/airflow/example_dags/tutorial_taskflow_api.py
[2024-03-19T18:51:44.325+0000] {processor.py:830} INFO - Processing file /home/airflow/.local/lib/python3.8/site-packages/airflow/example_dags/tutorial_taskflow_api.py for tasks to queue
[2024-03-19T18:51:44.325+0000] {logging_mixin.py:188} INFO - [2024-03-19T18:51:44.325+0000] {dagbag.py:540} INFO - Filling up the DagBag from /home/airflow/.local/lib/python3.8/site-packages/airflow/example_dags/tutorial_taskflow_api.py
[2024-03-19T18:51:44.329+0000] {processor.py:840} INFO - DAG(s) 'tutorial_taskflow_api' retrieved from /home/airflow/.local/lib/python3.8/site-packages/airflow/example_dags/tutorial_taskflow_api.py
[2024-03-19T18:51:44.339+0000] {logging_mixin.py:188} INFO - [2024-03-19T18:51:44.339+0000] {dag.py:3047} INFO - Sync 1 DAGs
[2024-03-19T18:51:44.344+0000] {logging_mixin.py:188} INFO - [2024-03-19T18:51:44.344+0000] {dag.py:3834} INFO - Setting next_dagrun for tutorial_taskflow_api to None, run_after=None
[2024-03-19T18:51:44.351+0000] {processor.py:183} INFO - Processing /home/airflow/.local/lib/python3.8/site-packages/airflow/example_dags/tutorial_taskflow_api.py took 0.028 seconds
[2024-03-19T18:52:14.705+0000] {processor.py:161} INFO - Started process (PID=2200) to work on /home/airflow/.local/lib/python3.8/site-packages/airflow/example_dags/tutorial_taskflow_api.py
[2024-03-19T18:52:14.706+0000] {processor.py:830} INFO - Processing file /home/airflow/.local/lib/python3.8/site-packages/airflow/example_dags/tutorial_taskflow_api.py for tasks to queue
[2024-03-19T18:52:14.706+0000] {logging_mixin.py:188} INFO - [2024-03-19T18:52:14.706+0000] {dagbag.py:540} INFO - Filling up the DagBag from /home/airflow/.local/lib/python3.8/site-packages/airflow/example_dags/tutorial_taskflow_api.py
[2024-03-19T18:52:14.709+0000] {processor.py:840} INFO - DAG(s) 'tutorial_taskflow_api' retrieved from /home/airflow/.local/lib/python3.8/site-packages/airflow/example_dags/tutorial_taskflow_api.py
[2024-03-19T18:52:14.718+0000] {logging_mixin.py:188} INFO - [2024-03-19T18:52:14.717+0000] {dag.py:3047} INFO - Sync 1 DAGs
[2024-03-19T18:52:14.723+0000] {logging_mixin.py:188} INFO - [2024-03-19T18:52:14.723+0000] {dag.py:3834} INFO - Setting next_dagrun for tutorial_taskflow_api to None, run_after=None
[2024-03-19T18:52:14.730+0000] {processor.py:183} INFO - Processing /home/airflow/.local/lib/python3.8/site-packages/airflow/example_dags/tutorial_taskflow_api.py took 0.026 seconds
[2024-03-19T18:52:45.127+0000] {processor.py:161} INFO - Started process (PID=2447) to work on /home/airflow/.local/lib/python3.8/site-packages/airflow/example_dags/tutorial_taskflow_api.py
[2024-03-19T18:52:45.128+0000] {processor.py:830} INFO - Processing file /home/airflow/.local/lib/python3.8/site-packages/airflow/example_dags/tutorial_taskflow_api.py for tasks to queue
[2024-03-19T18:52:45.128+0000] {logging_mixin.py:188} INFO - [2024-03-19T18:52:45.128+0000] {dagbag.py:540} INFO - Filling up the DagBag from /home/airflow/.local/lib/python3.8/site-packages/airflow/example_dags/tutorial_taskflow_api.py
[2024-03-19T18:52:45.131+0000] {processor.py:840} INFO - DAG(s) 'tutorial_taskflow_api' retrieved from /home/airflow/.local/lib/python3.8/site-packages/airflow/example_dags/tutorial_taskflow_api.py
[2024-03-19T18:52:45.140+0000] {logging_mixin.py:188} INFO - [2024-03-19T18:52:45.139+0000] {dag.py:3047} INFO - Sync 1 DAGs
[2024-03-19T18:52:45.145+0000] {logging_mixin.py:188} INFO - [2024-03-19T18:52:45.145+0000] {dag.py:3834} INFO - Setting next_dagrun for tutorial_taskflow_api to None, run_after=None
[2024-03-19T18:52:45.152+0000] {processor.py:183} INFO - Processing /home/airflow/.local/lib/python3.8/site-packages/airflow/example_dags/tutorial_taskflow_api.py took 0.026 seconds
[2024-03-19T18:53:15.627+0000] {processor.py:161} INFO - Started process (PID=2694) to work on /home/airflow/.local/lib/python3.8/site-packages/airflow/example_dags/tutorial_taskflow_api.py
[2024-03-19T18:53:15.628+0000] {processor.py:830} INFO - Processing file /home/airflow/.local/lib/python3.8/site-packages/airflow/example_dags/tutorial_taskflow_api.py for tasks to queue
[2024-03-19T18:53:15.629+0000] {logging_mixin.py:188} INFO - [2024-03-19T18:53:15.628+0000] {dagbag.py:540} INFO - Filling up the DagBag from /home/airflow/.local/lib/python3.8/site-packages/airflow/example_dags/tutorial_taskflow_api.py
[2024-03-19T18:53:15.632+0000] {processor.py:840} INFO - DAG(s) 'tutorial_taskflow_api' retrieved from /home/airflow/.local/lib/python3.8/site-packages/airflow/example_dags/tutorial_taskflow_api.py
[2024-03-19T18:53:15.640+0000] {logging_mixin.py:188} INFO - [2024-03-19T18:53:15.640+0000] {dag.py:3047} INFO - Sync 1 DAGs
[2024-03-19T18:53:15.645+0000] {logging_mixin.py:188} INFO - [2024-03-19T18:53:15.645+0000] {dag.py:3834} INFO - Setting next_dagrun for tutorial_taskflow_api to None, run_after=None
[2024-03-19T18:53:15.652+0000] {processor.py:183} INFO - Processing /home/airflow/.local/lib/python3.8/site-packages/airflow/example_dags/tutorial_taskflow_api.py took 0.026 seconds
[2024-03-19T18:53:46.176+0000] {processor.py:161} INFO - Started process (PID=2941) to work on /home/airflow/.local/lib/python3.8/site-packages/airflow/example_dags/tutorial_taskflow_api.py
[2024-03-19T18:53:46.176+0000] {processor.py:830} INFO - Processing file /home/airflow/.local/lib/python3.8/site-packages/airflow/example_dags/tutorial_taskflow_api.py for tasks to queue
[2024-03-19T18:53:46.177+0000] {logging_mixin.py:188} INFO - [2024-03-19T18:53:46.176+0000] {dagbag.py:540} INFO - Filling up the DagBag from /home/airflow/.local/lib/python3.8/site-packages/airflow/example_dags/tutorial_taskflow_api.py
[2024-03-19T18:53:46.180+0000] {processor.py:840} INFO - DAG(s) 'tutorial_taskflow_api' retrieved from /home/airflow/.local/lib/python3.8/site-packages/airflow/example_dags/tutorial_taskflow_api.py
[2024-03-19T18:53:46.190+0000] {logging_mixin.py:188} INFO - [2024-03-19T18:53:46.190+0000] {dag.py:3047} INFO - Sync 1 DAGs
[2024-03-19T18:53:46.196+0000] {logging_mixin.py:188} INFO - [2024-03-19T18:53:46.196+0000] {dag.py:3834} INFO - Setting next_dagrun for tutorial_taskflow_api to None, run_after=None
[2024-03-19T18:53:46.204+0000] {processor.py:183} INFO - Processing /home/airflow/.local/lib/python3.8/site-packages/airflow/example_dags/tutorial_taskflow_api.py took 0.030 seconds
[2024-03-19T18:54:16.874+0000] {processor.py:161} INFO - Started process (PID=3188) to work on /home/airflow/.local/lib/python3.8/site-packages/airflow/example_dags/tutorial_taskflow_api.py
[2024-03-19T18:54:16.875+0000] {processor.py:830} INFO - Processing file /home/airflow/.local/lib/python3.8/site-packages/airflow/example_dags/tutorial_taskflow_api.py for tasks to queue
[2024-03-19T18:54:16.875+0000] {logging_mixin.py:188} INFO - [2024-03-19T18:54:16.875+0000] {dagbag.py:540} INFO - Filling up the DagBag from /home/airflow/.local/lib/python3.8/site-packages/airflow/example_dags/tutorial_taskflow_api.py
[2024-03-19T18:54:16.879+0000] {processor.py:840} INFO - DAG(s) 'tutorial_taskflow_api' retrieved from /home/airflow/.local/lib/python3.8/site-packages/airflow/example_dags/tutorial_taskflow_api.py
[2024-03-19T18:54:16.893+0000] {logging_mixin.py:188} INFO - [2024-03-19T18:54:16.893+0000] {dag.py:3047} INFO - Sync 1 DAGs
[2024-03-19T18:54:16.899+0000] {logging_mixin.py:188} INFO - [2024-03-19T18:54:16.899+0000] {dag.py:3834} INFO - Setting next_dagrun for tutorial_taskflow_api to None, run_after=None
[2024-03-19T18:54:16.907+0000] {processor.py:183} INFO - Processing /home/airflow/.local/lib/python3.8/site-packages/airflow/example_dags/tutorial_taskflow_api.py took 0.035 seconds
[2024-03-19T18:54:47.364+0000] {processor.py:161} INFO - Started process (PID=3435) to work on /home/airflow/.local/lib/python3.8/site-packages/airflow/example_dags/tutorial_taskflow_api.py
[2024-03-19T18:54:47.364+0000] {processor.py:830} INFO - Processing file /home/airflow/.local/lib/python3.8/site-packages/airflow/example_dags/tutorial_taskflow_api.py for tasks to queue
[2024-03-19T18:54:47.365+0000] {logging_mixin.py:188} INFO - [2024-03-19T18:54:47.365+0000] {dagbag.py:540} INFO - Filling up the DagBag from /home/airflow/.local/lib/python3.8/site-packages/airflow/example_dags/tutorial_taskflow_api.py
[2024-03-19T18:54:47.368+0000] {processor.py:840} INFO - DAG(s) 'tutorial_taskflow_api' retrieved from /home/airflow/.local/lib/python3.8/site-packages/airflow/example_dags/tutorial_taskflow_api.py
[2024-03-19T18:54:47.377+0000] {logging_mixin.py:188} INFO - [2024-03-19T18:54:47.377+0000] {dag.py:3047} INFO - Sync 1 DAGs
[2024-03-19T18:54:47.384+0000] {logging_mixin.py:188} INFO - [2024-03-19T18:54:47.383+0000] {dag.py:3834} INFO - Setting next_dagrun for tutorial_taskflow_api to None, run_after=None
[2024-03-19T18:54:47.392+0000] {processor.py:183} INFO - Processing /home/airflow/.local/lib/python3.8/site-packages/airflow/example_dags/tutorial_taskflow_api.py took 0.030 seconds
[2024-03-19T18:55:17.800+0000] {processor.py:161} INFO - Started process (PID=3682) to work on /home/airflow/.local/lib/python3.8/site-packages/airflow/example_dags/tutorial_taskflow_api.py
[2024-03-19T18:55:17.801+0000] {processor.py:830} INFO - Processing file /home/airflow/.local/lib/python3.8/site-packages/airflow/example_dags/tutorial_taskflow_api.py for tasks to queue
[2024-03-19T18:55:17.801+0000] {logging_mixin.py:188} INFO - [2024-03-19T18:55:17.801+0000] {dagbag.py:540} INFO - Filling up the DagBag from /home/airflow/.local/lib/python3.8/site-packages/airflow/example_dags/tutorial_taskflow_api.py
[2024-03-19T18:55:17.804+0000] {processor.py:840} INFO - DAG(s) 'tutorial_taskflow_api' retrieved from /home/airflow/.local/lib/python3.8/site-packages/airflow/example_dags/tutorial_taskflow_api.py
[2024-03-19T18:55:17.813+0000] {logging_mixin.py:188} INFO - [2024-03-19T18:55:17.813+0000] {dag.py:3047} INFO - Sync 1 DAGs
[2024-03-19T18:55:17.818+0000] {logging_mixin.py:188} INFO - [2024-03-19T18:55:17.818+0000] {dag.py:3834} INFO - Setting next_dagrun for tutorial_taskflow_api to None, run_after=None
[2024-03-19T18:55:17.825+0000] {processor.py:183} INFO - Processing /home/airflow/.local/lib/python3.8/site-packages/airflow/example_dags/tutorial_taskflow_api.py took 0.027 seconds
[2024-03-19T18:55:48.280+0000] {processor.py:161} INFO - Started process (PID=3929) to work on /home/airflow/.local/lib/python3.8/site-packages/airflow/example_dags/tutorial_taskflow_api.py
[2024-03-19T18:55:48.280+0000] {processor.py:830} INFO - Processing file /home/airflow/.local/lib/python3.8/site-packages/airflow/example_dags/tutorial_taskflow_api.py for tasks to queue
[2024-03-19T18:55:48.280+0000] {logging_mixin.py:188} INFO - [2024-03-19T18:55:48.280+0000] {dagbag.py:540} INFO - Filling up the DagBag from /home/airflow/.local/lib/python3.8/site-packages/airflow/example_dags/tutorial_taskflow_api.py
[2024-03-19T18:55:48.284+0000] {processor.py:840} INFO - DAG(s) 'tutorial_taskflow_api' retrieved from /home/airflow/.local/lib/python3.8/site-packages/airflow/example_dags/tutorial_taskflow_api.py
[2024-03-19T18:55:48.293+0000] {logging_mixin.py:188} INFO - [2024-03-19T18:55:48.293+0000] {dag.py:3047} INFO - Sync 1 DAGs
[2024-03-19T18:55:48.298+0000] {logging_mixin.py:188} INFO - [2024-03-19T18:55:48.298+0000] {dag.py:3834} INFO - Setting next_dagrun for tutorial_taskflow_api to None, run_after=None
[2024-03-19T18:55:48.306+0000] {processor.py:183} INFO - Processing /home/airflow/.local/lib/python3.8/site-packages/airflow/example_dags/tutorial_taskflow_api.py took 0.028 seconds
[2024-03-19T18:56:18.787+0000] {processor.py:161} INFO - Started process (PID=4176) to work on /home/airflow/.local/lib/python3.8/site-packages/airflow/example_dags/tutorial_taskflow_api.py
[2024-03-19T18:56:18.788+0000] {processor.py:830} INFO - Processing file /home/airflow/.local/lib/python3.8/site-packages/airflow/example_dags/tutorial_taskflow_api.py for tasks to queue
[2024-03-19T18:56:18.788+0000] {logging_mixin.py:188} INFO - [2024-03-19T18:56:18.788+0000] {dagbag.py:540} INFO - Filling up the DagBag from /home/airflow/.local/lib/python3.8/site-packages/airflow/example_dags/tutorial_taskflow_api.py
[2024-03-19T18:56:18.791+0000] {processor.py:840} INFO - DAG(s) 'tutorial_taskflow_api' retrieved from /home/airflow/.local/lib/python3.8/site-packages/airflow/example_dags/tutorial_taskflow_api.py
[2024-03-19T18:56:18.800+0000] {logging_mixin.py:188} INFO - [2024-03-19T18:56:18.800+0000] {dag.py:3047} INFO - Sync 1 DAGs
[2024-03-19T18:56:18.805+0000] {logging_mixin.py:188} INFO - [2024-03-19T18:56:18.805+0000] {dag.py:3834} INFO - Setting next_dagrun for tutorial_taskflow_api to None, run_after=None
[2024-03-19T18:56:18.812+0000] {processor.py:183} INFO - Processing /home/airflow/.local/lib/python3.8/site-packages/airflow/example_dags/tutorial_taskflow_api.py took 0.026 seconds
[2024-03-19T18:56:49.277+0000] {processor.py:161} INFO - Started process (PID=4422) to work on /home/airflow/.local/lib/python3.8/site-packages/airflow/example_dags/tutorial_taskflow_api.py
[2024-03-19T18:56:49.277+0000] {processor.py:830} INFO - Processing file /home/airflow/.local/lib/python3.8/site-packages/airflow/example_dags/tutorial_taskflow_api.py for tasks to queue
[2024-03-19T18:56:49.278+0000] {logging_mixin.py:188} INFO - [2024-03-19T18:56:49.278+0000] {dagbag.py:540} INFO - Filling up the DagBag from /home/airflow/.local/lib/python3.8/site-packages/airflow/example_dags/tutorial_taskflow_api.py
[2024-03-19T18:56:49.281+0000] {processor.py:840} INFO - DAG(s) 'tutorial_taskflow_api' retrieved from /home/airflow/.local/lib/python3.8/site-packages/airflow/example_dags/tutorial_taskflow_api.py
[2024-03-19T18:56:49.289+0000] {logging_mixin.py:188} INFO - [2024-03-19T18:56:49.289+0000] {dag.py:3047} INFO - Sync 1 DAGs
[2024-03-19T18:56:49.295+0000] {logging_mixin.py:188} INFO - [2024-03-19T18:56:49.295+0000] {dag.py:3834} INFO - Setting next_dagrun for tutorial_taskflow_api to None, run_after=None
[2024-03-19T18:56:49.302+0000] {processor.py:183} INFO - Processing /home/airflow/.local/lib/python3.8/site-packages/airflow/example_dags/tutorial_taskflow_api.py took 0.027 seconds
[2024-03-19T18:57:19.793+0000] {processor.py:161} INFO - Started process (PID=4669) to work on /home/airflow/.local/lib/python3.8/site-packages/airflow/example_dags/tutorial_taskflow_api.py
[2024-03-19T18:57:19.793+0000] {processor.py:830} INFO - Processing file /home/airflow/.local/lib/python3.8/site-packages/airflow/example_dags/tutorial_taskflow_api.py for tasks to queue
[2024-03-19T18:57:19.795+0000] {logging_mixin.py:188} INFO - [2024-03-19T18:57:19.794+0000] {dagbag.py:540} INFO - Filling up the DagBag from /home/airflow/.local/lib/python3.8/site-packages/airflow/example_dags/tutorial_taskflow_api.py
[2024-03-19T18:57:19.799+0000] {processor.py:840} INFO - DAG(s) 'tutorial_taskflow_api' retrieved from /home/airflow/.local/lib/python3.8/site-packages/airflow/example_dags/tutorial_taskflow_api.py
[2024-03-19T18:57:19.810+0000] {logging_mixin.py:188} INFO - [2024-03-19T18:57:19.810+0000] {dag.py:3047} INFO - Sync 1 DAGs
[2024-03-19T18:57:19.816+0000] {logging_mixin.py:188} INFO - [2024-03-19T18:57:19.816+0000] {dag.py:3834} INFO - Setting next_dagrun for tutorial_taskflow_api to None, run_after=None
[2024-03-19T18:57:19.824+0000] {processor.py:183} INFO - Processing /home/airflow/.local/lib/python3.8/site-packages/airflow/example_dags/tutorial_taskflow_api.py took 0.032 seconds
[2024-03-19T18:57:50.317+0000] {processor.py:161} INFO - Started process (PID=4916) to work on /home/airflow/.local/lib/python3.8/site-packages/airflow/example_dags/tutorial_taskflow_api.py
[2024-03-19T18:57:50.318+0000] {processor.py:830} INFO - Processing file /home/airflow/.local/lib/python3.8/site-packages/airflow/example_dags/tutorial_taskflow_api.py for tasks to queue
[2024-03-19T18:57:50.318+0000] {logging_mixin.py:188} INFO - [2024-03-19T18:57:50.318+0000] {dagbag.py:540} INFO - Filling up the DagBag from /home/airflow/.local/lib/python3.8/site-packages/airflow/example_dags/tutorial_taskflow_api.py
[2024-03-19T18:57:50.322+0000] {processor.py:840} INFO - DAG(s) 'tutorial_taskflow_api' retrieved from /home/airflow/.local/lib/python3.8/site-packages/airflow/example_dags/tutorial_taskflow_api.py
[2024-03-19T18:57:50.332+0000] {logging_mixin.py:188} INFO - [2024-03-19T18:57:50.332+0000] {dag.py:3047} INFO - Sync 1 DAGs
[2024-03-19T18:57:50.338+0000] {logging_mixin.py:188} INFO - [2024-03-19T18:57:50.338+0000] {dag.py:3834} INFO - Setting next_dagrun for tutorial_taskflow_api to None, run_after=None
[2024-03-19T18:57:50.346+0000] {processor.py:183} INFO - Processing /home/airflow/.local/lib/python3.8/site-packages/airflow/example_dags/tutorial_taskflow_api.py took 0.031 seconds
[2024-03-19T18:58:20.864+0000] {processor.py:161} INFO - Started process (PID=5163) to work on /home/airflow/.local/lib/python3.8/site-packages/airflow/example_dags/tutorial_taskflow_api.py
[2024-03-19T18:58:20.865+0000] {processor.py:830} INFO - Processing file /home/airflow/.local/lib/python3.8/site-packages/airflow/example_dags/tutorial_taskflow_api.py for tasks to queue
[2024-03-19T18:58:20.865+0000] {logging_mixin.py:188} INFO - [2024-03-19T18:58:20.865+0000] {dagbag.py:540} INFO - Filling up the DagBag from /home/airflow/.local/lib/python3.8/site-packages/airflow/example_dags/tutorial_taskflow_api.py
[2024-03-19T18:58:20.869+0000] {processor.py:840} INFO - DAG(s) 'tutorial_taskflow_api' retrieved from /home/airflow/.local/lib/python3.8/site-packages/airflow/example_dags/tutorial_taskflow_api.py
[2024-03-19T18:58:20.878+0000] {logging_mixin.py:188} INFO - [2024-03-19T18:58:20.878+0000] {dag.py:3047} INFO - Sync 1 DAGs
[2024-03-19T18:58:20.883+0000] {logging_mixin.py:188} INFO - [2024-03-19T18:58:20.883+0000] {dag.py:3834} INFO - Setting next_dagrun for tutorial_taskflow_api to None, run_after=None
[2024-03-19T18:58:20.890+0000] {processor.py:183} INFO - Processing /home/airflow/.local/lib/python3.8/site-packages/airflow/example_dags/tutorial_taskflow_api.py took 0.029 seconds
[2024-03-19T18:58:51.400+0000] {processor.py:161} INFO - Started process (PID=5410) to work on /home/airflow/.local/lib/python3.8/site-packages/airflow/example_dags/tutorial_taskflow_api.py
[2024-03-19T18:58:51.400+0000] {processor.py:830} INFO - Processing file /home/airflow/.local/lib/python3.8/site-packages/airflow/example_dags/tutorial_taskflow_api.py for tasks to queue
[2024-03-19T18:58:51.401+0000] {logging_mixin.py:188} INFO - [2024-03-19T18:58:51.401+0000] {dagbag.py:540} INFO - Filling up the DagBag from /home/airflow/.local/lib/python3.8/site-packages/airflow/example_dags/tutorial_taskflow_api.py
[2024-03-19T18:58:51.404+0000] {processor.py:840} INFO - DAG(s) 'tutorial_taskflow_api' retrieved from /home/airflow/.local/lib/python3.8/site-packages/airflow/example_dags/tutorial_taskflow_api.py
[2024-03-19T18:58:51.412+0000] {logging_mixin.py:188} INFO - [2024-03-19T18:58:51.412+0000] {dag.py:3047} INFO - Sync 1 DAGs
[2024-03-19T18:58:51.418+0000] {logging_mixin.py:188} INFO - [2024-03-19T18:58:51.418+0000] {dag.py:3834} INFO - Setting next_dagrun for tutorial_taskflow_api to None, run_after=None
[2024-03-19T18:58:51.425+0000] {processor.py:183} INFO - Processing /home/airflow/.local/lib/python3.8/site-packages/airflow/example_dags/tutorial_taskflow_api.py took 0.027 seconds
[2024-03-19T18:59:22.044+0000] {processor.py:161} INFO - Started process (PID=5657) to work on /home/airflow/.local/lib/python3.8/site-packages/airflow/example_dags/tutorial_taskflow_api.py
[2024-03-19T18:59:22.045+0000] {processor.py:830} INFO - Processing file /home/airflow/.local/lib/python3.8/site-packages/airflow/example_dags/tutorial_taskflow_api.py for tasks to queue
[2024-03-19T18:59:22.045+0000] {logging_mixin.py:188} INFO - [2024-03-19T18:59:22.045+0000] {dagbag.py:540} INFO - Filling up the DagBag from /home/airflow/.local/lib/python3.8/site-packages/airflow/example_dags/tutorial_taskflow_api.py
[2024-03-19T18:59:22.049+0000] {processor.py:840} INFO - DAG(s) 'tutorial_taskflow_api' retrieved from /home/airflow/.local/lib/python3.8/site-packages/airflow/example_dags/tutorial_taskflow_api.py
[2024-03-19T18:59:22.057+0000] {logging_mixin.py:188} INFO - [2024-03-19T18:59:22.057+0000] {dag.py:3047} INFO - Sync 1 DAGs
[2024-03-19T18:59:22.062+0000] {logging_mixin.py:188} INFO - [2024-03-19T18:59:22.062+0000] {dag.py:3834} INFO - Setting next_dagrun for tutorial_taskflow_api to None, run_after=None
[2024-03-19T18:59:22.070+0000] {processor.py:183} INFO - Processing /home/airflow/.local/lib/python3.8/site-packages/airflow/example_dags/tutorial_taskflow_api.py took 0.027 seconds
[2024-03-19T18:59:52.551+0000] {processor.py:161} INFO - Started process (PID=5903) to work on /home/airflow/.local/lib/python3.8/site-packages/airflow/example_dags/tutorial_taskflow_api.py
[2024-03-19T18:59:52.552+0000] {processor.py:830} INFO - Processing file /home/airflow/.local/lib/python3.8/site-packages/airflow/example_dags/tutorial_taskflow_api.py for tasks to queue
[2024-03-19T18:59:52.552+0000] {logging_mixin.py:188} INFO - [2024-03-19T18:59:52.552+0000] {dagbag.py:540} INFO - Filling up the DagBag from /home/airflow/.local/lib/python3.8/site-packages/airflow/example_dags/tutorial_taskflow_api.py
[2024-03-19T18:59:52.556+0000] {processor.py:840} INFO - DAG(s) 'tutorial_taskflow_api' retrieved from /home/airflow/.local/lib/python3.8/site-packages/airflow/example_dags/tutorial_taskflow_api.py
[2024-03-19T18:59:52.565+0000] {logging_mixin.py:188} INFO - [2024-03-19T18:59:52.565+0000] {dag.py:3047} INFO - Sync 1 DAGs
[2024-03-19T18:59:52.570+0000] {logging_mixin.py:188} INFO - [2024-03-19T18:59:52.570+0000] {dag.py:3834} INFO - Setting next_dagrun for tutorial_taskflow_api to None, run_after=None
[2024-03-19T18:59:52.577+0000] {processor.py:183} INFO - Processing /home/airflow/.local/lib/python3.8/site-packages/airflow/example_dags/tutorial_taskflow_api.py took 0.027 seconds
[2024-03-19T19:00:23.175+0000] {processor.py:161} INFO - Started process (PID=6150) to work on /home/airflow/.local/lib/python3.8/site-packages/airflow/example_dags/tutorial_taskflow_api.py
[2024-03-19T19:00:23.175+0000] {processor.py:830} INFO - Processing file /home/airflow/.local/lib/python3.8/site-packages/airflow/example_dags/tutorial_taskflow_api.py for tasks to queue
[2024-03-19T19:00:23.176+0000] {logging_mixin.py:188} INFO - [2024-03-19T19:00:23.176+0000] {dagbag.py:540} INFO - Filling up the DagBag from /home/airflow/.local/lib/python3.8/site-packages/airflow/example_dags/tutorial_taskflow_api.py
[2024-03-19T19:00:23.179+0000] {processor.py:840} INFO - DAG(s) 'tutorial_taskflow_api' retrieved from /home/airflow/.local/lib/python3.8/site-packages/airflow/example_dags/tutorial_taskflow_api.py
[2024-03-19T19:00:23.188+0000] {logging_mixin.py:188} INFO - [2024-03-19T19:00:23.188+0000] {dag.py:3047} INFO - Sync 1 DAGs
[2024-03-19T19:00:23.193+0000] {logging_mixin.py:188} INFO - [2024-03-19T19:00:23.193+0000] {dag.py:3834} INFO - Setting next_dagrun for tutorial_taskflow_api to None, run_after=None
[2024-03-19T19:00:23.200+0000] {processor.py:183} INFO - Processing /home/airflow/.local/lib/python3.8/site-packages/airflow/example_dags/tutorial_taskflow_api.py took 0.027 seconds
[2024-03-19T19:00:53.650+0000] {processor.py:161} INFO - Started process (PID=6397) to work on /home/airflow/.local/lib/python3.8/site-packages/airflow/example_dags/tutorial_taskflow_api.py
[2024-03-19T19:00:53.651+0000] {processor.py:830} INFO - Processing file /home/airflow/.local/lib/python3.8/site-packages/airflow/example_dags/tutorial_taskflow_api.py for tasks to queue
[2024-03-19T19:00:53.651+0000] {logging_mixin.py:188} INFO - [2024-03-19T19:00:53.651+0000] {dagbag.py:540} INFO - Filling up the DagBag from /home/airflow/.local/lib/python3.8/site-packages/airflow/example_dags/tutorial_taskflow_api.py
[2024-03-19T19:00:53.654+0000] {processor.py:840} INFO - DAG(s) 'tutorial_taskflow_api' retrieved from /home/airflow/.local/lib/python3.8/site-packages/airflow/example_dags/tutorial_taskflow_api.py
[2024-03-19T19:00:53.663+0000] {logging_mixin.py:188} INFO - [2024-03-19T19:00:53.663+0000] {dag.py:3047} INFO - Sync 1 DAGs
[2024-03-19T19:00:53.668+0000] {logging_mixin.py:188} INFO - [2024-03-19T19:00:53.668+0000] {dag.py:3834} INFO - Setting next_dagrun for tutorial_taskflow_api to None, run_after=None
[2024-03-19T19:00:53.676+0000] {processor.py:183} INFO - Processing /home/airflow/.local/lib/python3.8/site-packages/airflow/example_dags/tutorial_taskflow_api.py took 0.027 seconds
[2024-03-19T19:01:24.174+0000] {processor.py:161} INFO - Started process (PID=6644) to work on /home/airflow/.local/lib/python3.8/site-packages/airflow/example_dags/tutorial_taskflow_api.py
[2024-03-19T19:01:24.174+0000] {processor.py:830} INFO - Processing file /home/airflow/.local/lib/python3.8/site-packages/airflow/example_dags/tutorial_taskflow_api.py for tasks to queue
[2024-03-19T19:01:24.175+0000] {logging_mixin.py:188} INFO - [2024-03-19T19:01:24.174+0000] {dagbag.py:540} INFO - Filling up the DagBag from /home/airflow/.local/lib/python3.8/site-packages/airflow/example_dags/tutorial_taskflow_api.py
[2024-03-19T19:01:24.177+0000] {processor.py:840} INFO - DAG(s) 'tutorial_taskflow_api' retrieved from /home/airflow/.local/lib/python3.8/site-packages/airflow/example_dags/tutorial_taskflow_api.py
[2024-03-19T19:01:24.185+0000] {logging_mixin.py:188} INFO - [2024-03-19T19:01:24.185+0000] {dag.py:3047} INFO - Sync 1 DAGs
[2024-03-19T19:01:24.190+0000] {logging_mixin.py:188} INFO - [2024-03-19T19:01:24.190+0000] {dag.py:3834} INFO - Setting next_dagrun for tutorial_taskflow_api to None, run_after=None
[2024-03-19T19:01:24.197+0000] {processor.py:183} INFO - Processing /home/airflow/.local/lib/python3.8/site-packages/airflow/example_dags/tutorial_taskflow_api.py took 0.025 seconds
[2024-03-19T19:01:54.613+0000] {processor.py:161} INFO - Started process (PID=6891) to work on /home/airflow/.local/lib/python3.8/site-packages/airflow/example_dags/tutorial_taskflow_api.py
[2024-03-19T19:01:54.613+0000] {processor.py:830} INFO - Processing file /home/airflow/.local/lib/python3.8/site-packages/airflow/example_dags/tutorial_taskflow_api.py for tasks to queue
[2024-03-19T19:01:54.614+0000] {logging_mixin.py:188} INFO - [2024-03-19T19:01:54.613+0000] {dagbag.py:540} INFO - Filling up the DagBag from /home/airflow/.local/lib/python3.8/site-packages/airflow/example_dags/tutorial_taskflow_api.py
[2024-03-19T19:01:54.616+0000] {processor.py:840} INFO - DAG(s) 'tutorial_taskflow_api' retrieved from /home/airflow/.local/lib/python3.8/site-packages/airflow/example_dags/tutorial_taskflow_api.py
[2024-03-19T19:01:54.625+0000] {logging_mixin.py:188} INFO - [2024-03-19T19:01:54.625+0000] {dag.py:3047} INFO - Sync 1 DAGs
[2024-03-19T19:01:54.631+0000] {logging_mixin.py:188} INFO - [2024-03-19T19:01:54.631+0000] {dag.py:3834} INFO - Setting next_dagrun for tutorial_taskflow_api to None, run_after=None
[2024-03-19T19:01:54.638+0000] {processor.py:183} INFO - Processing /home/airflow/.local/lib/python3.8/site-packages/airflow/example_dags/tutorial_taskflow_api.py took 0.027 seconds
[2024-03-19T19:02:25.118+0000] {processor.py:161} INFO - Started process (PID=7137) to work on /home/airflow/.local/lib/python3.8/site-packages/airflow/example_dags/tutorial_taskflow_api.py
[2024-03-19T19:02:25.118+0000] {processor.py:830} INFO - Processing file /home/airflow/.local/lib/python3.8/site-packages/airflow/example_dags/tutorial_taskflow_api.py for tasks to queue
[2024-03-19T19:02:25.119+0000] {logging_mixin.py:188} INFO - [2024-03-19T19:02:25.118+0000] {dagbag.py:540} INFO - Filling up the DagBag from /home/airflow/.local/lib/python3.8/site-packages/airflow/example_dags/tutorial_taskflow_api.py
[2024-03-19T19:02:25.121+0000] {processor.py:840} INFO - DAG(s) 'tutorial_taskflow_api' retrieved from /home/airflow/.local/lib/python3.8/site-packages/airflow/example_dags/tutorial_taskflow_api.py
[2024-03-19T19:02:25.130+0000] {logging_mixin.py:188} INFO - [2024-03-19T19:02:25.130+0000] {dag.py:3047} INFO - Sync 1 DAGs
[2024-03-19T19:02:25.135+0000] {logging_mixin.py:188} INFO - [2024-03-19T19:02:25.135+0000] {dag.py:3834} INFO - Setting next_dagrun for tutorial_taskflow_api to None, run_after=None
[2024-03-19T19:02:25.143+0000] {processor.py:183} INFO - Processing /home/airflow/.local/lib/python3.8/site-packages/airflow/example_dags/tutorial_taskflow_api.py took 0.027 seconds
[2024-03-19T19:02:55.604+0000] {processor.py:161} INFO - Started process (PID=7384) to work on /home/airflow/.local/lib/python3.8/site-packages/airflow/example_dags/tutorial_taskflow_api.py
[2024-03-19T19:02:55.605+0000] {processor.py:830} INFO - Processing file /home/airflow/.local/lib/python3.8/site-packages/airflow/example_dags/tutorial_taskflow_api.py for tasks to queue
[2024-03-19T19:02:55.605+0000] {logging_mixin.py:188} INFO - [2024-03-19T19:02:55.605+0000] {dagbag.py:540} INFO - Filling up the DagBag from /home/airflow/.local/lib/python3.8/site-packages/airflow/example_dags/tutorial_taskflow_api.py
[2024-03-19T19:02:55.608+0000] {processor.py:840} INFO - DAG(s) 'tutorial_taskflow_api' retrieved from /home/airflow/.local/lib/python3.8/site-packages/airflow/example_dags/tutorial_taskflow_api.py
[2024-03-19T19:02:55.616+0000] {logging_mixin.py:188} INFO - [2024-03-19T19:02:55.616+0000] {dag.py:3047} INFO - Sync 1 DAGs
[2024-03-19T19:02:55.622+0000] {logging_mixin.py:188} INFO - [2024-03-19T19:02:55.622+0000] {dag.py:3834} INFO - Setting next_dagrun for tutorial_taskflow_api to None, run_after=None
[2024-03-19T19:02:55.629+0000] {processor.py:183} INFO - Processing /home/airflow/.local/lib/python3.8/site-packages/airflow/example_dags/tutorial_taskflow_api.py took 0.027 seconds
[2024-03-19T19:03:26.065+0000] {processor.py:161} INFO - Started process (PID=7631) to work on /home/airflow/.local/lib/python3.8/site-packages/airflow/example_dags/tutorial_taskflow_api.py
[2024-03-19T19:03:26.065+0000] {processor.py:830} INFO - Processing file /home/airflow/.local/lib/python3.8/site-packages/airflow/example_dags/tutorial_taskflow_api.py for tasks to queue
[2024-03-19T19:03:26.066+0000] {logging_mixin.py:188} INFO - [2024-03-19T19:03:26.065+0000] {dagbag.py:540} INFO - Filling up the DagBag from /home/airflow/.local/lib/python3.8/site-packages/airflow/example_dags/tutorial_taskflow_api.py
[2024-03-19T19:03:26.068+0000] {processor.py:840} INFO - DAG(s) 'tutorial_taskflow_api' retrieved from /home/airflow/.local/lib/python3.8/site-packages/airflow/example_dags/tutorial_taskflow_api.py
[2024-03-19T19:03:26.077+0000] {logging_mixin.py:188} INFO - [2024-03-19T19:03:26.077+0000] {dag.py:3047} INFO - Sync 1 DAGs
[2024-03-19T19:03:26.082+0000] {logging_mixin.py:188} INFO - [2024-03-19T19:03:26.081+0000] {dag.py:3834} INFO - Setting next_dagrun for tutorial_taskflow_api to None, run_after=None
[2024-03-19T19:03:26.089+0000] {processor.py:183} INFO - Processing /home/airflow/.local/lib/python3.8/site-packages/airflow/example_dags/tutorial_taskflow_api.py took 0.026 seconds
[2024-03-19T19:03:56.641+0000] {processor.py:161} INFO - Started process (PID=7878) to work on /home/airflow/.local/lib/python3.8/site-packages/airflow/example_dags/tutorial_taskflow_api.py
[2024-03-19T19:03:56.642+0000] {processor.py:830} INFO - Processing file /home/airflow/.local/lib/python3.8/site-packages/airflow/example_dags/tutorial_taskflow_api.py for tasks to queue
[2024-03-19T19:03:56.643+0000] {logging_mixin.py:188} INFO - [2024-03-19T19:03:56.643+0000] {dagbag.py:540} INFO - Filling up the DagBag from /home/airflow/.local/lib/python3.8/site-packages/airflow/example_dags/tutorial_taskflow_api.py
[2024-03-19T19:03:56.646+0000] {processor.py:840} INFO - DAG(s) 'tutorial_taskflow_api' retrieved from /home/airflow/.local/lib/python3.8/site-packages/airflow/example_dags/tutorial_taskflow_api.py
[2024-03-19T19:03:56.655+0000] {logging_mixin.py:188} INFO - [2024-03-19T19:03:56.655+0000] {dag.py:3047} INFO - Sync 1 DAGs
[2024-03-19T19:03:56.662+0000] {logging_mixin.py:188} INFO - [2024-03-19T19:03:56.662+0000] {dag.py:3834} INFO - Setting next_dagrun for tutorial_taskflow_api to None, run_after=None
[2024-03-19T19:03:56.671+0000] {processor.py:183} INFO - Processing /home/airflow/.local/lib/python3.8/site-packages/airflow/example_dags/tutorial_taskflow_api.py took 0.031 seconds
[2024-03-19T19:04:27.183+0000] {processor.py:161} INFO - Started process (PID=8125) to work on /home/airflow/.local/lib/python3.8/site-packages/airflow/example_dags/tutorial_taskflow_api.py
[2024-03-19T19:04:27.184+0000] {processor.py:830} INFO - Processing file /home/airflow/.local/lib/python3.8/site-packages/airflow/example_dags/tutorial_taskflow_api.py for tasks to queue
[2024-03-19T19:04:27.184+0000] {logging_mixin.py:188} INFO - [2024-03-19T19:04:27.184+0000] {dagbag.py:540} INFO - Filling up the DagBag from /home/airflow/.local/lib/python3.8/site-packages/airflow/example_dags/tutorial_taskflow_api.py
[2024-03-19T19:04:27.187+0000] {processor.py:840} INFO - DAG(s) 'tutorial_taskflow_api' retrieved from /home/airflow/.local/lib/python3.8/site-packages/airflow/example_dags/tutorial_taskflow_api.py
[2024-03-19T19:04:27.195+0000] {logging_mixin.py:188} INFO - [2024-03-19T19:04:27.195+0000] {dag.py:3047} INFO - Sync 1 DAGs
[2024-03-19T19:04:27.200+0000] {logging_mixin.py:188} INFO - [2024-03-19T19:04:27.200+0000] {dag.py:3834} INFO - Setting next_dagrun for tutorial_taskflow_api to None, run_after=None
[2024-03-19T19:04:27.208+0000] {processor.py:183} INFO - Processing /home/airflow/.local/lib/python3.8/site-packages/airflow/example_dags/tutorial_taskflow_api.py took 0.026 seconds
[2024-03-19T19:04:57.724+0000] {processor.py:161} INFO - Started process (PID=8372) to work on /home/airflow/.local/lib/python3.8/site-packages/airflow/example_dags/tutorial_taskflow_api.py
[2024-03-19T19:04:57.724+0000] {processor.py:830} INFO - Processing file /home/airflow/.local/lib/python3.8/site-packages/airflow/example_dags/tutorial_taskflow_api.py for tasks to queue
[2024-03-19T19:04:57.725+0000] {logging_mixin.py:188} INFO - [2024-03-19T19:04:57.724+0000] {dagbag.py:540} INFO - Filling up the DagBag from /home/airflow/.local/lib/python3.8/site-packages/airflow/example_dags/tutorial_taskflow_api.py
[2024-03-19T19:04:57.727+0000] {processor.py:840} INFO - DAG(s) 'tutorial_taskflow_api' retrieved from /home/airflow/.local/lib/python3.8/site-packages/airflow/example_dags/tutorial_taskflow_api.py
[2024-03-19T19:04:57.737+0000] {logging_mixin.py:188} INFO - [2024-03-19T19:04:57.737+0000] {dag.py:3047} INFO - Sync 1 DAGs
[2024-03-19T19:04:57.742+0000] {logging_mixin.py:188} INFO - [2024-03-19T19:04:57.742+0000] {dag.py:3834} INFO - Setting next_dagrun for tutorial_taskflow_api to None, run_after=None
[2024-03-19T19:04:57.749+0000] {processor.py:183} INFO - Processing /home/airflow/.local/lib/python3.8/site-packages/airflow/example_dags/tutorial_taskflow_api.py took 0.027 seconds
[2024-03-19T19:05:28.209+0000] {processor.py:161} INFO - Started process (PID=8619) to work on /home/airflow/.local/lib/python3.8/site-packages/airflow/example_dags/tutorial_taskflow_api.py
[2024-03-19T19:05:28.209+0000] {processor.py:830} INFO - Processing file /home/airflow/.local/lib/python3.8/site-packages/airflow/example_dags/tutorial_taskflow_api.py for tasks to queue
[2024-03-19T19:05:28.210+0000] {logging_mixin.py:188} INFO - [2024-03-19T19:05:28.209+0000] {dagbag.py:540} INFO - Filling up the DagBag from /home/airflow/.local/lib/python3.8/site-packages/airflow/example_dags/tutorial_taskflow_api.py
[2024-03-19T19:05:28.213+0000] {processor.py:840} INFO - DAG(s) 'tutorial_taskflow_api' retrieved from /home/airflow/.local/lib/python3.8/site-packages/airflow/example_dags/tutorial_taskflow_api.py
[2024-03-19T19:05:28.221+0000] {logging_mixin.py:188} INFO - [2024-03-19T19:05:28.221+0000] {dag.py:3047} INFO - Sync 1 DAGs
[2024-03-19T19:05:28.226+0000] {logging_mixin.py:188} INFO - [2024-03-19T19:05:28.226+0000] {dag.py:3834} INFO - Setting next_dagrun for tutorial_taskflow_api to None, run_after=None
[2024-03-19T19:05:28.233+0000] {processor.py:183} INFO - Processing /home/airflow/.local/lib/python3.8/site-packages/airflow/example_dags/tutorial_taskflow_api.py took 0.026 seconds
[2024-03-19T19:05:58.772+0000] {processor.py:161} INFO - Started process (PID=8866) to work on /home/airflow/.local/lib/python3.8/site-packages/airflow/example_dags/tutorial_taskflow_api.py
[2024-03-19T19:05:58.773+0000] {processor.py:830} INFO - Processing file /home/airflow/.local/lib/python3.8/site-packages/airflow/example_dags/tutorial_taskflow_api.py for tasks to queue
[2024-03-19T19:05:58.774+0000] {logging_mixin.py:188} INFO - [2024-03-19T19:05:58.773+0000] {dagbag.py:540} INFO - Filling up the DagBag from /home/airflow/.local/lib/python3.8/site-packages/airflow/example_dags/tutorial_taskflow_api.py
[2024-03-19T19:05:58.776+0000] {processor.py:840} INFO - DAG(s) 'tutorial_taskflow_api' retrieved from /home/airflow/.local/lib/python3.8/site-packages/airflow/example_dags/tutorial_taskflow_api.py
[2024-03-19T19:05:58.785+0000] {logging_mixin.py:188} INFO - [2024-03-19T19:05:58.785+0000] {dag.py:3047} INFO - Sync 1 DAGs
[2024-03-19T19:05:58.790+0000] {logging_mixin.py:188} INFO - [2024-03-19T19:05:58.790+0000] {dag.py:3834} INFO - Setting next_dagrun for tutorial_taskflow_api to None, run_after=None
[2024-03-19T19:05:58.797+0000] {processor.py:183} INFO - Processing /home/airflow/.local/lib/python3.8/site-packages/airflow/example_dags/tutorial_taskflow_api.py took 0.027 seconds
