[2024-03-19T18:48:11.370+0000] {processor.py:161} INFO - Started process (PID=346) to work on /home/airflow/.local/lib/python3.8/site-packages/airflow/example_dags/tutorial.py
[2024-03-19T18:48:11.370+0000] {processor.py:830} INFO - Processing file /home/airflow/.local/lib/python3.8/site-packages/airflow/example_dags/tutorial.py for tasks to queue
[2024-03-19T18:48:11.371+0000] {logging_mixin.py:188} INFO - [2024-03-19T18:48:11.371+0000] {dagbag.py:540} INFO - Filling up the DagBag from /home/airflow/.local/lib/python3.8/site-packages/airflow/example_dags/tutorial.py
[2024-03-19T18:48:11.374+0000] {processor.py:840} INFO - DAG(s) 'tutorial' retrieved from /home/airflow/.local/lib/python3.8/site-packages/airflow/example_dags/tutorial.py
[2024-03-19T18:48:11.379+0000] {logging_mixin.py:188} INFO - [2024-03-19T18:48:11.379+0000] {dag.py:3047} INFO - Sync 1 DAGs
[2024-03-19T18:48:11.390+0000] {logging_mixin.py:188} INFO - [2024-03-19T18:48:11.390+0000] {dag.py:3834} INFO - Setting next_dagrun for tutorial to 2024-03-18 00:00:00+00:00, run_after=2024-03-19 00:00:00+00:00
[2024-03-19T18:48:11.398+0000] {processor.py:183} INFO - Processing /home/airflow/.local/lib/python3.8/site-packages/airflow/example_dags/tutorial.py took 0.030 seconds
[2024-03-19T18:48:42.370+0000] {processor.py:161} INFO - Started process (PID=593) to work on /home/airflow/.local/lib/python3.8/site-packages/airflow/example_dags/tutorial.py
[2024-03-19T18:48:42.370+0000] {processor.py:830} INFO - Processing file /home/airflow/.local/lib/python3.8/site-packages/airflow/example_dags/tutorial.py for tasks to queue
[2024-03-19T18:48:42.371+0000] {logging_mixin.py:188} INFO - [2024-03-19T18:48:42.371+0000] {dagbag.py:540} INFO - Filling up the DagBag from /home/airflow/.local/lib/python3.8/site-packages/airflow/example_dags/tutorial.py
[2024-03-19T18:48:42.374+0000] {processor.py:840} INFO - DAG(s) 'tutorial' retrieved from /home/airflow/.local/lib/python3.8/site-packages/airflow/example_dags/tutorial.py
[2024-03-19T18:48:42.415+0000] {logging_mixin.py:188} INFO - [2024-03-19T18:48:42.415+0000] {dag.py:3047} INFO - Sync 1 DAGs
[2024-03-19T18:48:42.423+0000] {logging_mixin.py:188} INFO - [2024-03-19T18:48:42.423+0000] {dag.py:3834} INFO - Setting next_dagrun for tutorial to 2024-03-18 00:00:00+00:00, run_after=2024-03-19 00:00:00+00:00
[2024-03-19T18:48:42.432+0000] {processor.py:183} INFO - Processing /home/airflow/.local/lib/python3.8/site-packages/airflow/example_dags/tutorial.py took 0.063 seconds
[2024-03-19T18:49:13.191+0000] {processor.py:161} INFO - Started process (PID=840) to work on /home/airflow/.local/lib/python3.8/site-packages/airflow/example_dags/tutorial.py
[2024-03-19T18:49:13.191+0000] {processor.py:830} INFO - Processing file /home/airflow/.local/lib/python3.8/site-packages/airflow/example_dags/tutorial.py for tasks to queue
[2024-03-19T18:49:13.192+0000] {logging_mixin.py:188} INFO - [2024-03-19T18:49:13.192+0000] {dagbag.py:540} INFO - Filling up the DagBag from /home/airflow/.local/lib/python3.8/site-packages/airflow/example_dags/tutorial.py
[2024-03-19T18:49:13.195+0000] {processor.py:840} INFO - DAG(s) 'tutorial' retrieved from /home/airflow/.local/lib/python3.8/site-packages/airflow/example_dags/tutorial.py
[2024-03-19T18:49:13.203+0000] {logging_mixin.py:188} INFO - [2024-03-19T18:49:13.203+0000] {dag.py:3047} INFO - Sync 1 DAGs
[2024-03-19T18:49:13.212+0000] {logging_mixin.py:188} INFO - [2024-03-19T18:49:13.212+0000] {dag.py:3834} INFO - Setting next_dagrun for tutorial to 2024-03-18 00:00:00+00:00, run_after=2024-03-19 00:00:00+00:00
[2024-03-19T18:49:13.220+0000] {processor.py:183} INFO - Processing /home/airflow/.local/lib/python3.8/site-packages/airflow/example_dags/tutorial.py took 0.030 seconds
[2024-03-19T18:49:43.656+0000] {processor.py:161} INFO - Started process (PID=1087) to work on /home/airflow/.local/lib/python3.8/site-packages/airflow/example_dags/tutorial.py
[2024-03-19T18:49:43.657+0000] {processor.py:830} INFO - Processing file /home/airflow/.local/lib/python3.8/site-packages/airflow/example_dags/tutorial.py for tasks to queue
[2024-03-19T18:49:43.658+0000] {logging_mixin.py:188} INFO - [2024-03-19T18:49:43.658+0000] {dagbag.py:540} INFO - Filling up the DagBag from /home/airflow/.local/lib/python3.8/site-packages/airflow/example_dags/tutorial.py
[2024-03-19T18:49:43.663+0000] {processor.py:840} INFO - DAG(s) 'tutorial' retrieved from /home/airflow/.local/lib/python3.8/site-packages/airflow/example_dags/tutorial.py
[2024-03-19T18:49:43.671+0000] {logging_mixin.py:188} INFO - [2024-03-19T18:49:43.671+0000] {dag.py:3047} INFO - Sync 1 DAGs
[2024-03-19T18:49:43.680+0000] {logging_mixin.py:188} INFO - [2024-03-19T18:49:43.680+0000] {dag.py:3834} INFO - Setting next_dagrun for tutorial to 2024-03-18 00:00:00+00:00, run_after=2024-03-19 00:00:00+00:00
[2024-03-19T18:49:43.687+0000] {processor.py:183} INFO - Processing /home/airflow/.local/lib/python3.8/site-packages/airflow/example_dags/tutorial.py took 0.032 seconds
[2024-03-19T18:50:14.237+0000] {processor.py:161} INFO - Started process (PID=1334) to work on /home/airflow/.local/lib/python3.8/site-packages/airflow/example_dags/tutorial.py
[2024-03-19T18:50:14.237+0000] {processor.py:830} INFO - Processing file /home/airflow/.local/lib/python3.8/site-packages/airflow/example_dags/tutorial.py for tasks to queue
[2024-03-19T18:50:14.238+0000] {logging_mixin.py:188} INFO - [2024-03-19T18:50:14.238+0000] {dagbag.py:540} INFO - Filling up the DagBag from /home/airflow/.local/lib/python3.8/site-packages/airflow/example_dags/tutorial.py
[2024-03-19T18:50:14.241+0000] {processor.py:840} INFO - DAG(s) 'tutorial' retrieved from /home/airflow/.local/lib/python3.8/site-packages/airflow/example_dags/tutorial.py
[2024-03-19T18:50:14.250+0000] {logging_mixin.py:188} INFO - [2024-03-19T18:50:14.249+0000] {dag.py:3047} INFO - Sync 1 DAGs
[2024-03-19T18:50:14.259+0000] {logging_mixin.py:188} INFO - [2024-03-19T18:50:14.259+0000] {dag.py:3834} INFO - Setting next_dagrun for tutorial to 2024-03-18 00:00:00+00:00, run_after=2024-03-19 00:00:00+00:00
[2024-03-19T18:50:14.266+0000] {processor.py:183} INFO - Processing /home/airflow/.local/lib/python3.8/site-packages/airflow/example_dags/tutorial.py took 0.030 seconds
[2024-03-19T18:50:45.133+0000] {processor.py:161} INFO - Started process (PID=1605) to work on /home/airflow/.local/lib/python3.8/site-packages/airflow/example_dags/tutorial.py
[2024-03-19T18:50:45.134+0000] {processor.py:830} INFO - Processing file /home/airflow/.local/lib/python3.8/site-packages/airflow/example_dags/tutorial.py for tasks to queue
[2024-03-19T18:50:45.137+0000] {logging_mixin.py:188} INFO - [2024-03-19T18:50:45.137+0000] {dagbag.py:540} INFO - Filling up the DagBag from /home/airflow/.local/lib/python3.8/site-packages/airflow/example_dags/tutorial.py
[2024-03-19T18:50:45.140+0000] {processor.py:840} INFO - DAG(s) 'tutorial' retrieved from /home/airflow/.local/lib/python3.8/site-packages/airflow/example_dags/tutorial.py
[2024-03-19T18:50:45.150+0000] {logging_mixin.py:188} INFO - [2024-03-19T18:50:45.150+0000] {dag.py:3047} INFO - Sync 1 DAGs
[2024-03-19T18:50:45.161+0000] {logging_mixin.py:188} INFO - [2024-03-19T18:50:45.161+0000] {dag.py:3834} INFO - Setting next_dagrun for tutorial to 2024-03-18 00:00:00+00:00, run_after=2024-03-19 00:00:00+00:00
[2024-03-19T18:50:45.169+0000] {processor.py:183} INFO - Processing /home/airflow/.local/lib/python3.8/site-packages/airflow/example_dags/tutorial.py took 0.038 seconds
[2024-03-19T18:51:15.611+0000] {processor.py:161} INFO - Started process (PID=1852) to work on /home/airflow/.local/lib/python3.8/site-packages/airflow/example_dags/tutorial.py
[2024-03-19T18:51:15.611+0000] {processor.py:830} INFO - Processing file /home/airflow/.local/lib/python3.8/site-packages/airflow/example_dags/tutorial.py for tasks to queue
[2024-03-19T18:51:15.612+0000] {logging_mixin.py:188} INFO - [2024-03-19T18:51:15.612+0000] {dagbag.py:540} INFO - Filling up the DagBag from /home/airflow/.local/lib/python3.8/site-packages/airflow/example_dags/tutorial.py
[2024-03-19T18:51:15.615+0000] {processor.py:840} INFO - DAG(s) 'tutorial' retrieved from /home/airflow/.local/lib/python3.8/site-packages/airflow/example_dags/tutorial.py
[2024-03-19T18:51:15.623+0000] {logging_mixin.py:188} INFO - [2024-03-19T18:51:15.623+0000] {dag.py:3047} INFO - Sync 1 DAGs
[2024-03-19T18:51:15.633+0000] {logging_mixin.py:188} INFO - [2024-03-19T18:51:15.633+0000] {dag.py:3834} INFO - Setting next_dagrun for tutorial to 2024-03-18 00:00:00+00:00, run_after=2024-03-19 00:00:00+00:00
[2024-03-19T18:51:15.640+0000] {processor.py:183} INFO - Processing /home/airflow/.local/lib/python3.8/site-packages/airflow/example_dags/tutorial.py took 0.031 seconds
[2024-03-19T18:51:45.999+0000] {processor.py:161} INFO - Started process (PID=2099) to work on /home/airflow/.local/lib/python3.8/site-packages/airflow/example_dags/tutorial.py
[2024-03-19T18:51:46.000+0000] {processor.py:830} INFO - Processing file /home/airflow/.local/lib/python3.8/site-packages/airflow/example_dags/tutorial.py for tasks to queue
[2024-03-19T18:51:46.000+0000] {logging_mixin.py:188} INFO - [2024-03-19T18:51:46.000+0000] {dagbag.py:540} INFO - Filling up the DagBag from /home/airflow/.local/lib/python3.8/site-packages/airflow/example_dags/tutorial.py
[2024-03-19T18:51:46.003+0000] {processor.py:840} INFO - DAG(s) 'tutorial' retrieved from /home/airflow/.local/lib/python3.8/site-packages/airflow/example_dags/tutorial.py
[2024-03-19T18:51:46.012+0000] {logging_mixin.py:188} INFO - [2024-03-19T18:51:46.012+0000] {dag.py:3047} INFO - Sync 1 DAGs
[2024-03-19T18:51:46.021+0000] {logging_mixin.py:188} INFO - [2024-03-19T18:51:46.021+0000] {dag.py:3834} INFO - Setting next_dagrun for tutorial to 2024-03-18 00:00:00+00:00, run_after=2024-03-19 00:00:00+00:00
[2024-03-19T18:51:46.029+0000] {processor.py:183} INFO - Processing /home/airflow/.local/lib/python3.8/site-packages/airflow/example_dags/tutorial.py took 0.031 seconds
[2024-03-19T18:52:16.376+0000] {processor.py:161} INFO - Started process (PID=2345) to work on /home/airflow/.local/lib/python3.8/site-packages/airflow/example_dags/tutorial.py
[2024-03-19T18:52:16.377+0000] {processor.py:830} INFO - Processing file /home/airflow/.local/lib/python3.8/site-packages/airflow/example_dags/tutorial.py for tasks to queue
[2024-03-19T18:52:16.377+0000] {logging_mixin.py:188} INFO - [2024-03-19T18:52:16.377+0000] {dagbag.py:540} INFO - Filling up the DagBag from /home/airflow/.local/lib/python3.8/site-packages/airflow/example_dags/tutorial.py
[2024-03-19T18:52:16.380+0000] {processor.py:840} INFO - DAG(s) 'tutorial' retrieved from /home/airflow/.local/lib/python3.8/site-packages/airflow/example_dags/tutorial.py
[2024-03-19T18:52:16.389+0000] {logging_mixin.py:188} INFO - [2024-03-19T18:52:16.389+0000] {dag.py:3047} INFO - Sync 1 DAGs
[2024-03-19T18:52:16.398+0000] {logging_mixin.py:188} INFO - [2024-03-19T18:52:16.398+0000] {dag.py:3834} INFO - Setting next_dagrun for tutorial to 2024-03-18 00:00:00+00:00, run_after=2024-03-19 00:00:00+00:00
[2024-03-19T18:52:16.405+0000] {processor.py:183} INFO - Processing /home/airflow/.local/lib/python3.8/site-packages/airflow/example_dags/tutorial.py took 0.030 seconds
[2024-03-19T18:52:46.854+0000] {processor.py:161} INFO - Started process (PID=2592) to work on /home/airflow/.local/lib/python3.8/site-packages/airflow/example_dags/tutorial.py
[2024-03-19T18:52:46.854+0000] {processor.py:830} INFO - Processing file /home/airflow/.local/lib/python3.8/site-packages/airflow/example_dags/tutorial.py for tasks to queue
[2024-03-19T18:52:46.854+0000] {logging_mixin.py:188} INFO - [2024-03-19T18:52:46.854+0000] {dagbag.py:540} INFO - Filling up the DagBag from /home/airflow/.local/lib/python3.8/site-packages/airflow/example_dags/tutorial.py
[2024-03-19T18:52:46.857+0000] {processor.py:840} INFO - DAG(s) 'tutorial' retrieved from /home/airflow/.local/lib/python3.8/site-packages/airflow/example_dags/tutorial.py
[2024-03-19T18:52:46.867+0000] {logging_mixin.py:188} INFO - [2024-03-19T18:52:46.866+0000] {dag.py:3047} INFO - Sync 1 DAGs
[2024-03-19T18:52:46.876+0000] {logging_mixin.py:188} INFO - [2024-03-19T18:52:46.876+0000] {dag.py:3834} INFO - Setting next_dagrun for tutorial to 2024-03-18 00:00:00+00:00, run_after=2024-03-19 00:00:00+00:00
[2024-03-19T18:52:46.883+0000] {processor.py:183} INFO - Processing /home/airflow/.local/lib/python3.8/site-packages/airflow/example_dags/tutorial.py took 0.031 seconds
[2024-03-19T18:53:17.323+0000] {processor.py:161} INFO - Started process (PID=2841) to work on /home/airflow/.local/lib/python3.8/site-packages/airflow/example_dags/tutorial.py
[2024-03-19T18:53:17.324+0000] {processor.py:830} INFO - Processing file /home/airflow/.local/lib/python3.8/site-packages/airflow/example_dags/tutorial.py for tasks to queue
[2024-03-19T18:53:17.324+0000] {logging_mixin.py:188} INFO - [2024-03-19T18:53:17.324+0000] {dagbag.py:540} INFO - Filling up the DagBag from /home/airflow/.local/lib/python3.8/site-packages/airflow/example_dags/tutorial.py
[2024-03-19T18:53:17.327+0000] {processor.py:840} INFO - DAG(s) 'tutorial' retrieved from /home/airflow/.local/lib/python3.8/site-packages/airflow/example_dags/tutorial.py
[2024-03-19T18:53:17.336+0000] {logging_mixin.py:188} INFO - [2024-03-19T18:53:17.335+0000] {dag.py:3047} INFO - Sync 1 DAGs
[2024-03-19T18:53:17.345+0000] {logging_mixin.py:188} INFO - [2024-03-19T18:53:17.344+0000] {dag.py:3834} INFO - Setting next_dagrun for tutorial to 2024-03-18 00:00:00+00:00, run_after=2024-03-19 00:00:00+00:00
[2024-03-19T18:53:17.352+0000] {processor.py:183} INFO - Processing /home/airflow/.local/lib/python3.8/site-packages/airflow/example_dags/tutorial.py took 0.030 seconds
[2024-03-19T18:53:47.938+0000] {processor.py:161} INFO - Started process (PID=3086) to work on /home/airflow/.local/lib/python3.8/site-packages/airflow/example_dags/tutorial.py
[2024-03-19T18:53:47.939+0000] {processor.py:830} INFO - Processing file /home/airflow/.local/lib/python3.8/site-packages/airflow/example_dags/tutorial.py for tasks to queue
[2024-03-19T18:53:47.939+0000] {logging_mixin.py:188} INFO - [2024-03-19T18:53:47.939+0000] {dagbag.py:540} INFO - Filling up the DagBag from /home/airflow/.local/lib/python3.8/site-packages/airflow/example_dags/tutorial.py
[2024-03-19T18:53:47.942+0000] {processor.py:840} INFO - DAG(s) 'tutorial' retrieved from /home/airflow/.local/lib/python3.8/site-packages/airflow/example_dags/tutorial.py
[2024-03-19T18:53:47.951+0000] {logging_mixin.py:188} INFO - [2024-03-19T18:53:47.951+0000] {dag.py:3047} INFO - Sync 1 DAGs
[2024-03-19T18:53:47.961+0000] {logging_mixin.py:188} INFO - [2024-03-19T18:53:47.960+0000] {dag.py:3834} INFO - Setting next_dagrun for tutorial to 2024-03-18 00:00:00+00:00, run_after=2024-03-19 00:00:00+00:00
[2024-03-19T18:53:47.989+0000] {processor.py:183} INFO - Processing /home/airflow/.local/lib/python3.8/site-packages/airflow/example_dags/tutorial.py took 0.052 seconds
[2024-03-19T18:54:18.589+0000] {processor.py:161} INFO - Started process (PID=3333) to work on /home/airflow/.local/lib/python3.8/site-packages/airflow/example_dags/tutorial.py
[2024-03-19T18:54:18.590+0000] {processor.py:830} INFO - Processing file /home/airflow/.local/lib/python3.8/site-packages/airflow/example_dags/tutorial.py for tasks to queue
[2024-03-19T18:54:18.590+0000] {logging_mixin.py:188} INFO - [2024-03-19T18:54:18.590+0000] {dagbag.py:540} INFO - Filling up the DagBag from /home/airflow/.local/lib/python3.8/site-packages/airflow/example_dags/tutorial.py
[2024-03-19T18:54:18.593+0000] {processor.py:840} INFO - DAG(s) 'tutorial' retrieved from /home/airflow/.local/lib/python3.8/site-packages/airflow/example_dags/tutorial.py
[2024-03-19T18:54:18.602+0000] {logging_mixin.py:188} INFO - [2024-03-19T18:54:18.602+0000] {dag.py:3047} INFO - Sync 1 DAGs
[2024-03-19T18:54:18.612+0000] {logging_mixin.py:188} INFO - [2024-03-19T18:54:18.612+0000] {dag.py:3834} INFO - Setting next_dagrun for tutorial to 2024-03-18 00:00:00+00:00, run_after=2024-03-19 00:00:00+00:00
[2024-03-19T18:54:18.619+0000] {processor.py:183} INFO - Processing /home/airflow/.local/lib/python3.8/site-packages/airflow/example_dags/tutorial.py took 0.031 seconds
[2024-03-19T18:54:49.030+0000] {processor.py:161} INFO - Started process (PID=3580) to work on /home/airflow/.local/lib/python3.8/site-packages/airflow/example_dags/tutorial.py
[2024-03-19T18:54:49.031+0000] {processor.py:830} INFO - Processing file /home/airflow/.local/lib/python3.8/site-packages/airflow/example_dags/tutorial.py for tasks to queue
[2024-03-19T18:54:49.031+0000] {logging_mixin.py:188} INFO - [2024-03-19T18:54:49.031+0000] {dagbag.py:540} INFO - Filling up the DagBag from /home/airflow/.local/lib/python3.8/site-packages/airflow/example_dags/tutorial.py
[2024-03-19T18:54:49.034+0000] {processor.py:840} INFO - DAG(s) 'tutorial' retrieved from /home/airflow/.local/lib/python3.8/site-packages/airflow/example_dags/tutorial.py
[2024-03-19T18:54:49.042+0000] {logging_mixin.py:188} INFO - [2024-03-19T18:54:49.042+0000] {dag.py:3047} INFO - Sync 1 DAGs
[2024-03-19T18:54:49.051+0000] {logging_mixin.py:188} INFO - [2024-03-19T18:54:49.051+0000] {dag.py:3834} INFO - Setting next_dagrun for tutorial to 2024-03-18 00:00:00+00:00, run_after=2024-03-19 00:00:00+00:00
[2024-03-19T18:54:49.059+0000] {processor.py:183} INFO - Processing /home/airflow/.local/lib/python3.8/site-packages/airflow/example_dags/tutorial.py took 0.030 seconds
[2024-03-19T18:55:19.463+0000] {processor.py:161} INFO - Started process (PID=3827) to work on /home/airflow/.local/lib/python3.8/site-packages/airflow/example_dags/tutorial.py
[2024-03-19T18:55:19.463+0000] {processor.py:830} INFO - Processing file /home/airflow/.local/lib/python3.8/site-packages/airflow/example_dags/tutorial.py for tasks to queue
[2024-03-19T18:55:19.464+0000] {logging_mixin.py:188} INFO - [2024-03-19T18:55:19.463+0000] {dagbag.py:540} INFO - Filling up the DagBag from /home/airflow/.local/lib/python3.8/site-packages/airflow/example_dags/tutorial.py
[2024-03-19T18:55:19.466+0000] {processor.py:840} INFO - DAG(s) 'tutorial' retrieved from /home/airflow/.local/lib/python3.8/site-packages/airflow/example_dags/tutorial.py
[2024-03-19T18:55:19.476+0000] {logging_mixin.py:188} INFO - [2024-03-19T18:55:19.476+0000] {dag.py:3047} INFO - Sync 1 DAGs
[2024-03-19T18:55:19.486+0000] {logging_mixin.py:188} INFO - [2024-03-19T18:55:19.485+0000] {dag.py:3834} INFO - Setting next_dagrun for tutorial to 2024-03-18 00:00:00+00:00, run_after=2024-03-19 00:00:00+00:00
[2024-03-19T18:55:19.494+0000] {processor.py:183} INFO - Processing /home/airflow/.local/lib/python3.8/site-packages/airflow/example_dags/tutorial.py took 0.033 seconds
[2024-03-19T18:55:49.953+0000] {processor.py:161} INFO - Started process (PID=4074) to work on /home/airflow/.local/lib/python3.8/site-packages/airflow/example_dags/tutorial.py
[2024-03-19T18:55:49.954+0000] {processor.py:830} INFO - Processing file /home/airflow/.local/lib/python3.8/site-packages/airflow/example_dags/tutorial.py for tasks to queue
[2024-03-19T18:55:49.954+0000] {logging_mixin.py:188} INFO - [2024-03-19T18:55:49.954+0000] {dagbag.py:540} INFO - Filling up the DagBag from /home/airflow/.local/lib/python3.8/site-packages/airflow/example_dags/tutorial.py
[2024-03-19T18:55:49.957+0000] {processor.py:840} INFO - DAG(s) 'tutorial' retrieved from /home/airflow/.local/lib/python3.8/site-packages/airflow/example_dags/tutorial.py
[2024-03-19T18:55:49.966+0000] {logging_mixin.py:188} INFO - [2024-03-19T18:55:49.966+0000] {dag.py:3047} INFO - Sync 1 DAGs
[2024-03-19T18:55:49.975+0000] {logging_mixin.py:188} INFO - [2024-03-19T18:55:49.975+0000] {dag.py:3834} INFO - Setting next_dagrun for tutorial to 2024-03-18 00:00:00+00:00, run_after=2024-03-19 00:00:00+00:00
[2024-03-19T18:55:49.985+0000] {processor.py:183} INFO - Processing /home/airflow/.local/lib/python3.8/site-packages/airflow/example_dags/tutorial.py took 0.033 seconds
[2024-03-19T18:56:20.444+0000] {processor.py:161} INFO - Started process (PID=4321) to work on /home/airflow/.local/lib/python3.8/site-packages/airflow/example_dags/tutorial.py
[2024-03-19T18:56:20.444+0000] {processor.py:830} INFO - Processing file /home/airflow/.local/lib/python3.8/site-packages/airflow/example_dags/tutorial.py for tasks to queue
[2024-03-19T18:56:20.445+0000] {logging_mixin.py:188} INFO - [2024-03-19T18:56:20.445+0000] {dagbag.py:540} INFO - Filling up the DagBag from /home/airflow/.local/lib/python3.8/site-packages/airflow/example_dags/tutorial.py
[2024-03-19T18:56:20.448+0000] {processor.py:840} INFO - DAG(s) 'tutorial' retrieved from /home/airflow/.local/lib/python3.8/site-packages/airflow/example_dags/tutorial.py
[2024-03-19T18:56:20.456+0000] {logging_mixin.py:188} INFO - [2024-03-19T18:56:20.456+0000] {dag.py:3047} INFO - Sync 1 DAGs
[2024-03-19T18:56:20.465+0000] {logging_mixin.py:188} INFO - [2024-03-19T18:56:20.465+0000] {dag.py:3834} INFO - Setting next_dagrun for tutorial to 2024-03-18 00:00:00+00:00, run_after=2024-03-19 00:00:00+00:00
[2024-03-19T18:56:20.472+0000] {processor.py:183} INFO - Processing /home/airflow/.local/lib/python3.8/site-packages/airflow/example_dags/tutorial.py took 0.030 seconds
[2024-03-19T18:56:50.925+0000] {processor.py:161} INFO - Started process (PID=4567) to work on /home/airflow/.local/lib/python3.8/site-packages/airflow/example_dags/tutorial.py
[2024-03-19T18:56:50.925+0000] {processor.py:830} INFO - Processing file /home/airflow/.local/lib/python3.8/site-packages/airflow/example_dags/tutorial.py for tasks to queue
[2024-03-19T18:56:50.925+0000] {logging_mixin.py:188} INFO - [2024-03-19T18:56:50.925+0000] {dagbag.py:540} INFO - Filling up the DagBag from /home/airflow/.local/lib/python3.8/site-packages/airflow/example_dags/tutorial.py
[2024-03-19T18:56:50.928+0000] {processor.py:840} INFO - DAG(s) 'tutorial' retrieved from /home/airflow/.local/lib/python3.8/site-packages/airflow/example_dags/tutorial.py
[2024-03-19T18:56:50.937+0000] {logging_mixin.py:188} INFO - [2024-03-19T18:56:50.936+0000] {dag.py:3047} INFO - Sync 1 DAGs
[2024-03-19T18:56:50.945+0000] {logging_mixin.py:188} INFO - [2024-03-19T18:56:50.945+0000] {dag.py:3834} INFO - Setting next_dagrun for tutorial to 2024-03-18 00:00:00+00:00, run_after=2024-03-19 00:00:00+00:00
[2024-03-19T18:56:50.952+0000] {processor.py:183} INFO - Processing /home/airflow/.local/lib/python3.8/site-packages/airflow/example_dags/tutorial.py took 0.029 seconds
[2024-03-19T18:57:21.541+0000] {processor.py:161} INFO - Started process (PID=4816) to work on /home/airflow/.local/lib/python3.8/site-packages/airflow/example_dags/tutorial.py
[2024-03-19T18:57:21.542+0000] {processor.py:830} INFO - Processing file /home/airflow/.local/lib/python3.8/site-packages/airflow/example_dags/tutorial.py for tasks to queue
[2024-03-19T18:57:21.542+0000] {logging_mixin.py:188} INFO - [2024-03-19T18:57:21.542+0000] {dagbag.py:540} INFO - Filling up the DagBag from /home/airflow/.local/lib/python3.8/site-packages/airflow/example_dags/tutorial.py
[2024-03-19T18:57:21.545+0000] {processor.py:840} INFO - DAG(s) 'tutorial' retrieved from /home/airflow/.local/lib/python3.8/site-packages/airflow/example_dags/tutorial.py
[2024-03-19T18:57:21.554+0000] {logging_mixin.py:188} INFO - [2024-03-19T18:57:21.554+0000] {dag.py:3047} INFO - Sync 1 DAGs
[2024-03-19T18:57:21.563+0000] {logging_mixin.py:188} INFO - [2024-03-19T18:57:21.563+0000] {dag.py:3834} INFO - Setting next_dagrun for tutorial to 2024-03-18 00:00:00+00:00, run_after=2024-03-19 00:00:00+00:00
[2024-03-19T18:57:21.570+0000] {processor.py:183} INFO - Processing /home/airflow/.local/lib/python3.8/site-packages/airflow/example_dags/tutorial.py took 0.030 seconds
[2024-03-19T18:57:52.000+0000] {processor.py:161} INFO - Started process (PID=5061) to work on /home/airflow/.local/lib/python3.8/site-packages/airflow/example_dags/tutorial.py
[2024-03-19T18:57:52.001+0000] {processor.py:830} INFO - Processing file /home/airflow/.local/lib/python3.8/site-packages/airflow/example_dags/tutorial.py for tasks to queue
[2024-03-19T18:57:52.001+0000] {logging_mixin.py:188} INFO - [2024-03-19T18:57:52.001+0000] {dagbag.py:540} INFO - Filling up the DagBag from /home/airflow/.local/lib/python3.8/site-packages/airflow/example_dags/tutorial.py
[2024-03-19T18:57:52.005+0000] {processor.py:840} INFO - DAG(s) 'tutorial' retrieved from /home/airflow/.local/lib/python3.8/site-packages/airflow/example_dags/tutorial.py
[2024-03-19T18:57:52.015+0000] {logging_mixin.py:188} INFO - [2024-03-19T18:57:52.015+0000] {dag.py:3047} INFO - Sync 1 DAGs
[2024-03-19T18:57:52.025+0000] {logging_mixin.py:188} INFO - [2024-03-19T18:57:52.025+0000] {dag.py:3834} INFO - Setting next_dagrun for tutorial to 2024-03-18 00:00:00+00:00, run_after=2024-03-19 00:00:00+00:00
[2024-03-19T18:57:52.033+0000] {processor.py:183} INFO - Processing /home/airflow/.local/lib/python3.8/site-packages/airflow/example_dags/tutorial.py took 0.035 seconds
[2024-03-19T18:58:22.568+0000] {processor.py:161} INFO - Started process (PID=5310) to work on /home/airflow/.local/lib/python3.8/site-packages/airflow/example_dags/tutorial.py
[2024-03-19T18:58:22.569+0000] {processor.py:830} INFO - Processing file /home/airflow/.local/lib/python3.8/site-packages/airflow/example_dags/tutorial.py for tasks to queue
[2024-03-19T18:58:22.569+0000] {logging_mixin.py:188} INFO - [2024-03-19T18:58:22.569+0000] {dagbag.py:540} INFO - Filling up the DagBag from /home/airflow/.local/lib/python3.8/site-packages/airflow/example_dags/tutorial.py
[2024-03-19T18:58:22.572+0000] {processor.py:840} INFO - DAG(s) 'tutorial' retrieved from /home/airflow/.local/lib/python3.8/site-packages/airflow/example_dags/tutorial.py
[2024-03-19T18:58:22.581+0000] {logging_mixin.py:188} INFO - [2024-03-19T18:58:22.581+0000] {dag.py:3047} INFO - Sync 1 DAGs
[2024-03-19T18:58:22.590+0000] {logging_mixin.py:188} INFO - [2024-03-19T18:58:22.590+0000] {dag.py:3834} INFO - Setting next_dagrun for tutorial to 2024-03-18 00:00:00+00:00, run_after=2024-03-19 00:00:00+00:00
[2024-03-19T18:58:22.597+0000] {processor.py:183} INFO - Processing /home/airflow/.local/lib/python3.8/site-packages/airflow/example_dags/tutorial.py took 0.030 seconds
[2024-03-19T18:58:53.236+0000] {processor.py:161} INFO - Started process (PID=5555) to work on /home/airflow/.local/lib/python3.8/site-packages/airflow/example_dags/tutorial.py
[2024-03-19T18:58:53.237+0000] {processor.py:830} INFO - Processing file /home/airflow/.local/lib/python3.8/site-packages/airflow/example_dags/tutorial.py for tasks to queue
[2024-03-19T18:58:53.237+0000] {logging_mixin.py:188} INFO - [2024-03-19T18:58:53.237+0000] {dagbag.py:540} INFO - Filling up the DagBag from /home/airflow/.local/lib/python3.8/site-packages/airflow/example_dags/tutorial.py
[2024-03-19T18:58:53.240+0000] {processor.py:840} INFO - DAG(s) 'tutorial' retrieved from /home/airflow/.local/lib/python3.8/site-packages/airflow/example_dags/tutorial.py
[2024-03-19T18:58:53.249+0000] {logging_mixin.py:188} INFO - [2024-03-19T18:58:53.249+0000] {dag.py:3047} INFO - Sync 1 DAGs
[2024-03-19T18:58:53.259+0000] {logging_mixin.py:188} INFO - [2024-03-19T18:58:53.259+0000] {dag.py:3834} INFO - Setting next_dagrun for tutorial to 2024-03-18 00:00:00+00:00, run_after=2024-03-19 00:00:00+00:00
[2024-03-19T18:58:53.268+0000] {processor.py:183} INFO - Processing /home/airflow/.local/lib/python3.8/site-packages/airflow/example_dags/tutorial.py took 0.033 seconds
[2024-03-19T18:59:23.733+0000] {processor.py:161} INFO - Started process (PID=5802) to work on /home/airflow/.local/lib/python3.8/site-packages/airflow/example_dags/tutorial.py
[2024-03-19T18:59:23.734+0000] {processor.py:830} INFO - Processing file /home/airflow/.local/lib/python3.8/site-packages/airflow/example_dags/tutorial.py for tasks to queue
[2024-03-19T18:59:23.734+0000] {logging_mixin.py:188} INFO - [2024-03-19T18:59:23.734+0000] {dagbag.py:540} INFO - Filling up the DagBag from /home/airflow/.local/lib/python3.8/site-packages/airflow/example_dags/tutorial.py
[2024-03-19T18:59:23.737+0000] {processor.py:840} INFO - DAG(s) 'tutorial' retrieved from /home/airflow/.local/lib/python3.8/site-packages/airflow/example_dags/tutorial.py
[2024-03-19T18:59:23.746+0000] {logging_mixin.py:188} INFO - [2024-03-19T18:59:23.746+0000] {dag.py:3047} INFO - Sync 1 DAGs
[2024-03-19T18:59:23.755+0000] {logging_mixin.py:188} INFO - [2024-03-19T18:59:23.755+0000] {dag.py:3834} INFO - Setting next_dagrun for tutorial to 2024-03-18 00:00:00+00:00, run_after=2024-03-19 00:00:00+00:00
[2024-03-19T18:59:23.762+0000] {processor.py:183} INFO - Processing /home/airflow/.local/lib/python3.8/site-packages/airflow/example_dags/tutorial.py took 0.030 seconds
[2024-03-19T18:59:54.355+0000] {processor.py:161} INFO - Started process (PID=6050) to work on /home/airflow/.local/lib/python3.8/site-packages/airflow/example_dags/tutorial.py
[2024-03-19T18:59:54.356+0000] {processor.py:830} INFO - Processing file /home/airflow/.local/lib/python3.8/site-packages/airflow/example_dags/tutorial.py for tasks to queue
[2024-03-19T18:59:54.357+0000] {logging_mixin.py:188} INFO - [2024-03-19T18:59:54.356+0000] {dagbag.py:540} INFO - Filling up the DagBag from /home/airflow/.local/lib/python3.8/site-packages/airflow/example_dags/tutorial.py
[2024-03-19T18:59:54.359+0000] {processor.py:840} INFO - DAG(s) 'tutorial' retrieved from /home/airflow/.local/lib/python3.8/site-packages/airflow/example_dags/tutorial.py
[2024-03-19T18:59:54.368+0000] {logging_mixin.py:188} INFO - [2024-03-19T18:59:54.368+0000] {dag.py:3047} INFO - Sync 1 DAGs
[2024-03-19T18:59:54.377+0000] {logging_mixin.py:188} INFO - [2024-03-19T18:59:54.377+0000] {dag.py:3834} INFO - Setting next_dagrun for tutorial to 2024-03-18 00:00:00+00:00, run_after=2024-03-19 00:00:00+00:00
[2024-03-19T18:59:54.384+0000] {processor.py:183} INFO - Processing /home/airflow/.local/lib/python3.8/site-packages/airflow/example_dags/tutorial.py took 0.031 seconds
[2024-03-19T19:00:24.828+0000] {processor.py:161} INFO - Started process (PID=6295) to work on /home/airflow/.local/lib/python3.8/site-packages/airflow/example_dags/tutorial.py
[2024-03-19T19:00:24.828+0000] {processor.py:830} INFO - Processing file /home/airflow/.local/lib/python3.8/site-packages/airflow/example_dags/tutorial.py for tasks to queue
[2024-03-19T19:00:24.829+0000] {logging_mixin.py:188} INFO - [2024-03-19T19:00:24.828+0000] {dagbag.py:540} INFO - Filling up the DagBag from /home/airflow/.local/lib/python3.8/site-packages/airflow/example_dags/tutorial.py
[2024-03-19T19:00:24.832+0000] {processor.py:840} INFO - DAG(s) 'tutorial' retrieved from /home/airflow/.local/lib/python3.8/site-packages/airflow/example_dags/tutorial.py
[2024-03-19T19:00:24.840+0000] {logging_mixin.py:188} INFO - [2024-03-19T19:00:24.840+0000] {dag.py:3047} INFO - Sync 1 DAGs
[2024-03-19T19:00:24.849+0000] {logging_mixin.py:188} INFO - [2024-03-19T19:00:24.849+0000] {dag.py:3834} INFO - Setting next_dagrun for tutorial to 2024-03-18 00:00:00+00:00, run_after=2024-03-19 00:00:00+00:00
[2024-03-19T19:00:24.856+0000] {processor.py:183} INFO - Processing /home/airflow/.local/lib/python3.8/site-packages/airflow/example_dags/tutorial.py took 0.030 seconds
[2024-03-19T19:00:55.364+0000] {processor.py:161} INFO - Started process (PID=6542) to work on /home/airflow/.local/lib/python3.8/site-packages/airflow/example_dags/tutorial.py
[2024-03-19T19:00:55.366+0000] {processor.py:830} INFO - Processing file /home/airflow/.local/lib/python3.8/site-packages/airflow/example_dags/tutorial.py for tasks to queue
[2024-03-19T19:00:55.366+0000] {logging_mixin.py:188} INFO - [2024-03-19T19:00:55.366+0000] {dagbag.py:540} INFO - Filling up the DagBag from /home/airflow/.local/lib/python3.8/site-packages/airflow/example_dags/tutorial.py
[2024-03-19T19:00:55.369+0000] {processor.py:840} INFO - DAG(s) 'tutorial' retrieved from /home/airflow/.local/lib/python3.8/site-packages/airflow/example_dags/tutorial.py
[2024-03-19T19:00:55.382+0000] {logging_mixin.py:188} INFO - [2024-03-19T19:00:55.382+0000] {dag.py:3047} INFO - Sync 1 DAGs
[2024-03-19T19:00:55.392+0000] {logging_mixin.py:188} INFO - [2024-03-19T19:00:55.392+0000] {dag.py:3834} INFO - Setting next_dagrun for tutorial to 2024-03-18 00:00:00+00:00, run_after=2024-03-19 00:00:00+00:00
[2024-03-19T19:00:55.408+0000] {processor.py:183} INFO - Processing /home/airflow/.local/lib/python3.8/site-packages/airflow/example_dags/tutorial.py took 0.046 seconds
[2024-03-19T19:01:25.790+0000] {processor.py:161} INFO - Started process (PID=6789) to work on /home/airflow/.local/lib/python3.8/site-packages/airflow/example_dags/tutorial.py
[2024-03-19T19:01:25.791+0000] {processor.py:830} INFO - Processing file /home/airflow/.local/lib/python3.8/site-packages/airflow/example_dags/tutorial.py for tasks to queue
[2024-03-19T19:01:25.791+0000] {logging_mixin.py:188} INFO - [2024-03-19T19:01:25.791+0000] {dagbag.py:540} INFO - Filling up the DagBag from /home/airflow/.local/lib/python3.8/site-packages/airflow/example_dags/tutorial.py
[2024-03-19T19:01:25.794+0000] {processor.py:840} INFO - DAG(s) 'tutorial' retrieved from /home/airflow/.local/lib/python3.8/site-packages/airflow/example_dags/tutorial.py
[2024-03-19T19:01:25.802+0000] {logging_mixin.py:188} INFO - [2024-03-19T19:01:25.802+0000] {dag.py:3047} INFO - Sync 1 DAGs
[2024-03-19T19:01:25.811+0000] {logging_mixin.py:188} INFO - [2024-03-19T19:01:25.811+0000] {dag.py:3834} INFO - Setting next_dagrun for tutorial to 2024-03-18 00:00:00+00:00, run_after=2024-03-19 00:00:00+00:00
[2024-03-19T19:01:25.818+0000] {processor.py:183} INFO - Processing /home/airflow/.local/lib/python3.8/site-packages/airflow/example_dags/tutorial.py took 0.029 seconds
[2024-03-19T19:01:56.323+0000] {processor.py:161} INFO - Started process (PID=7036) to work on /home/airflow/.local/lib/python3.8/site-packages/airflow/example_dags/tutorial.py
[2024-03-19T19:01:56.324+0000] {processor.py:830} INFO - Processing file /home/airflow/.local/lib/python3.8/site-packages/airflow/example_dags/tutorial.py for tasks to queue
[2024-03-19T19:01:56.324+0000] {logging_mixin.py:188} INFO - [2024-03-19T19:01:56.324+0000] {dagbag.py:540} INFO - Filling up the DagBag from /home/airflow/.local/lib/python3.8/site-packages/airflow/example_dags/tutorial.py
[2024-03-19T19:01:56.327+0000] {processor.py:840} INFO - DAG(s) 'tutorial' retrieved from /home/airflow/.local/lib/python3.8/site-packages/airflow/example_dags/tutorial.py
[2024-03-19T19:01:56.335+0000] {logging_mixin.py:188} INFO - [2024-03-19T19:01:56.335+0000] {dag.py:3047} INFO - Sync 1 DAGs
[2024-03-19T19:01:56.345+0000] {logging_mixin.py:188} INFO - [2024-03-19T19:01:56.345+0000] {dag.py:3834} INFO - Setting next_dagrun for tutorial to 2024-03-18 00:00:00+00:00, run_after=2024-03-19 00:00:00+00:00
[2024-03-19T19:01:56.354+0000] {processor.py:183} INFO - Processing /home/airflow/.local/lib/python3.8/site-packages/airflow/example_dags/tutorial.py took 0.033 seconds
[2024-03-19T19:02:26.825+0000] {processor.py:161} INFO - Started process (PID=7282) to work on /home/airflow/.local/lib/python3.8/site-packages/airflow/example_dags/tutorial.py
[2024-03-19T19:02:26.826+0000] {processor.py:830} INFO - Processing file /home/airflow/.local/lib/python3.8/site-packages/airflow/example_dags/tutorial.py for tasks to queue
[2024-03-19T19:02:26.827+0000] {logging_mixin.py:188} INFO - [2024-03-19T19:02:26.827+0000] {dagbag.py:540} INFO - Filling up the DagBag from /home/airflow/.local/lib/python3.8/site-packages/airflow/example_dags/tutorial.py
[2024-03-19T19:02:26.830+0000] {processor.py:840} INFO - DAG(s) 'tutorial' retrieved from /home/airflow/.local/lib/python3.8/site-packages/airflow/example_dags/tutorial.py
[2024-03-19T19:02:26.839+0000] {logging_mixin.py:188} INFO - [2024-03-19T19:02:26.838+0000] {dag.py:3047} INFO - Sync 1 DAGs
[2024-03-19T19:02:26.848+0000] {logging_mixin.py:188} INFO - [2024-03-19T19:02:26.848+0000] {dag.py:3834} INFO - Setting next_dagrun for tutorial to 2024-03-18 00:00:00+00:00, run_after=2024-03-19 00:00:00+00:00
[2024-03-19T19:02:26.855+0000] {processor.py:183} INFO - Processing /home/airflow/.local/lib/python3.8/site-packages/airflow/example_dags/tutorial.py took 0.031 seconds
[2024-03-19T19:02:57.256+0000] {processor.py:161} INFO - Started process (PID=7529) to work on /home/airflow/.local/lib/python3.8/site-packages/airflow/example_dags/tutorial.py
[2024-03-19T19:02:57.256+0000] {processor.py:830} INFO - Processing file /home/airflow/.local/lib/python3.8/site-packages/airflow/example_dags/tutorial.py for tasks to queue
[2024-03-19T19:02:57.257+0000] {logging_mixin.py:188} INFO - [2024-03-19T19:02:57.257+0000] {dagbag.py:540} INFO - Filling up the DagBag from /home/airflow/.local/lib/python3.8/site-packages/airflow/example_dags/tutorial.py
[2024-03-19T19:02:57.259+0000] {processor.py:840} INFO - DAG(s) 'tutorial' retrieved from /home/airflow/.local/lib/python3.8/site-packages/airflow/example_dags/tutorial.py
[2024-03-19T19:02:57.268+0000] {logging_mixin.py:188} INFO - [2024-03-19T19:02:57.268+0000] {dag.py:3047} INFO - Sync 1 DAGs
[2024-03-19T19:02:57.277+0000] {logging_mixin.py:188} INFO - [2024-03-19T19:02:57.276+0000] {dag.py:3834} INFO - Setting next_dagrun for tutorial to 2024-03-18 00:00:00+00:00, run_after=2024-03-19 00:00:00+00:00
[2024-03-19T19:02:57.284+0000] {processor.py:183} INFO - Processing /home/airflow/.local/lib/python3.8/site-packages/airflow/example_dags/tutorial.py took 0.030 seconds
[2024-03-19T19:03:27.796+0000] {processor.py:161} INFO - Started process (PID=7776) to work on /home/airflow/.local/lib/python3.8/site-packages/airflow/example_dags/tutorial.py
[2024-03-19T19:03:27.797+0000] {processor.py:830} INFO - Processing file /home/airflow/.local/lib/python3.8/site-packages/airflow/example_dags/tutorial.py for tasks to queue
[2024-03-19T19:03:27.797+0000] {logging_mixin.py:188} INFO - [2024-03-19T19:03:27.797+0000] {dagbag.py:540} INFO - Filling up the DagBag from /home/airflow/.local/lib/python3.8/site-packages/airflow/example_dags/tutorial.py
[2024-03-19T19:03:27.800+0000] {processor.py:840} INFO - DAG(s) 'tutorial' retrieved from /home/airflow/.local/lib/python3.8/site-packages/airflow/example_dags/tutorial.py
[2024-03-19T19:03:27.809+0000] {logging_mixin.py:188} INFO - [2024-03-19T19:03:27.809+0000] {dag.py:3047} INFO - Sync 1 DAGs
[2024-03-19T19:03:27.819+0000] {logging_mixin.py:188} INFO - [2024-03-19T19:03:27.819+0000] {dag.py:3834} INFO - Setting next_dagrun for tutorial to 2024-03-18 00:00:00+00:00, run_after=2024-03-19 00:00:00+00:00
[2024-03-19T19:03:27.826+0000] {processor.py:183} INFO - Processing /home/airflow/.local/lib/python3.8/site-packages/airflow/example_dags/tutorial.py took 0.031 seconds
[2024-03-19T19:03:58.328+0000] {processor.py:161} INFO - Started process (PID=8023) to work on /home/airflow/.local/lib/python3.8/site-packages/airflow/example_dags/tutorial.py
[2024-03-19T19:03:58.329+0000] {processor.py:830} INFO - Processing file /home/airflow/.local/lib/python3.8/site-packages/airflow/example_dags/tutorial.py for tasks to queue
[2024-03-19T19:03:58.329+0000] {logging_mixin.py:188} INFO - [2024-03-19T19:03:58.329+0000] {dagbag.py:540} INFO - Filling up the DagBag from /home/airflow/.local/lib/python3.8/site-packages/airflow/example_dags/tutorial.py
[2024-03-19T19:03:58.332+0000] {processor.py:840} INFO - DAG(s) 'tutorial' retrieved from /home/airflow/.local/lib/python3.8/site-packages/airflow/example_dags/tutorial.py
[2024-03-19T19:03:58.341+0000] {logging_mixin.py:188} INFO - [2024-03-19T19:03:58.340+0000] {dag.py:3047} INFO - Sync 1 DAGs
[2024-03-19T19:03:58.350+0000] {logging_mixin.py:188} INFO - [2024-03-19T19:03:58.350+0000] {dag.py:3834} INFO - Setting next_dagrun for tutorial to 2024-03-18 00:00:00+00:00, run_after=2024-03-19 00:00:00+00:00
[2024-03-19T19:03:58.357+0000] {processor.py:183} INFO - Processing /home/airflow/.local/lib/python3.8/site-packages/airflow/example_dags/tutorial.py took 0.030 seconds
[2024-03-19T19:04:28.882+0000] {processor.py:161} INFO - Started process (PID=8270) to work on /home/airflow/.local/lib/python3.8/site-packages/airflow/example_dags/tutorial.py
[2024-03-19T19:04:28.883+0000] {processor.py:830} INFO - Processing file /home/airflow/.local/lib/python3.8/site-packages/airflow/example_dags/tutorial.py for tasks to queue
[2024-03-19T19:04:28.883+0000] {logging_mixin.py:188} INFO - [2024-03-19T19:04:28.883+0000] {dagbag.py:540} INFO - Filling up the DagBag from /home/airflow/.local/lib/python3.8/site-packages/airflow/example_dags/tutorial.py
[2024-03-19T19:04:28.886+0000] {processor.py:840} INFO - DAG(s) 'tutorial' retrieved from /home/airflow/.local/lib/python3.8/site-packages/airflow/example_dags/tutorial.py
[2024-03-19T19:04:28.895+0000] {logging_mixin.py:188} INFO - [2024-03-19T19:04:28.895+0000] {dag.py:3047} INFO - Sync 1 DAGs
[2024-03-19T19:04:28.904+0000] {logging_mixin.py:188} INFO - [2024-03-19T19:04:28.904+0000] {dag.py:3834} INFO - Setting next_dagrun for tutorial to 2024-03-18 00:00:00+00:00, run_after=2024-03-19 00:00:00+00:00
[2024-03-19T19:04:28.912+0000] {processor.py:183} INFO - Processing /home/airflow/.local/lib/python3.8/site-packages/airflow/example_dags/tutorial.py took 0.031 seconds
[2024-03-19T19:04:59.415+0000] {processor.py:161} INFO - Started process (PID=8517) to work on /home/airflow/.local/lib/python3.8/site-packages/airflow/example_dags/tutorial.py
[2024-03-19T19:04:59.415+0000] {processor.py:830} INFO - Processing file /home/airflow/.local/lib/python3.8/site-packages/airflow/example_dags/tutorial.py for tasks to queue
[2024-03-19T19:04:59.416+0000] {logging_mixin.py:188} INFO - [2024-03-19T19:04:59.416+0000] {dagbag.py:540} INFO - Filling up the DagBag from /home/airflow/.local/lib/python3.8/site-packages/airflow/example_dags/tutorial.py
[2024-03-19T19:04:59.419+0000] {processor.py:840} INFO - DAG(s) 'tutorial' retrieved from /home/airflow/.local/lib/python3.8/site-packages/airflow/example_dags/tutorial.py
[2024-03-19T19:04:59.427+0000] {logging_mixin.py:188} INFO - [2024-03-19T19:04:59.427+0000] {dag.py:3047} INFO - Sync 1 DAGs
[2024-03-19T19:04:59.436+0000] {logging_mixin.py:188} INFO - [2024-03-19T19:04:59.436+0000] {dag.py:3834} INFO - Setting next_dagrun for tutorial to 2024-03-18 00:00:00+00:00, run_after=2024-03-19 00:00:00+00:00
[2024-03-19T19:04:59.443+0000] {processor.py:183} INFO - Processing /home/airflow/.local/lib/python3.8/site-packages/airflow/example_dags/tutorial.py took 0.029 seconds
[2024-03-19T19:05:29.896+0000] {processor.py:161} INFO - Started process (PID=8764) to work on /home/airflow/.local/lib/python3.8/site-packages/airflow/example_dags/tutorial.py
[2024-03-19T19:05:29.896+0000] {processor.py:830} INFO - Processing file /home/airflow/.local/lib/python3.8/site-packages/airflow/example_dags/tutorial.py for tasks to queue
[2024-03-19T19:05:29.897+0000] {logging_mixin.py:188} INFO - [2024-03-19T19:05:29.897+0000] {dagbag.py:540} INFO - Filling up the DagBag from /home/airflow/.local/lib/python3.8/site-packages/airflow/example_dags/tutorial.py
[2024-03-19T19:05:29.900+0000] {processor.py:840} INFO - DAG(s) 'tutorial' retrieved from /home/airflow/.local/lib/python3.8/site-packages/airflow/example_dags/tutorial.py
[2024-03-19T19:05:29.908+0000] {logging_mixin.py:188} INFO - [2024-03-19T19:05:29.908+0000] {dag.py:3047} INFO - Sync 1 DAGs
[2024-03-19T19:05:29.917+0000] {logging_mixin.py:188} INFO - [2024-03-19T19:05:29.917+0000] {dag.py:3834} INFO - Setting next_dagrun for tutorial to 2024-03-18 00:00:00+00:00, run_after=2024-03-19 00:00:00+00:00
[2024-03-19T19:05:29.924+0000] {processor.py:183} INFO - Processing /home/airflow/.local/lib/python3.8/site-packages/airflow/example_dags/tutorial.py took 0.030 seconds
[2024-03-19T19:06:00.556+0000] {processor.py:161} INFO - Started process (PID=9011) to work on /home/airflow/.local/lib/python3.8/site-packages/airflow/example_dags/tutorial.py
[2024-03-19T19:06:00.557+0000] {processor.py:830} INFO - Processing file /home/airflow/.local/lib/python3.8/site-packages/airflow/example_dags/tutorial.py for tasks to queue
[2024-03-19T19:06:00.557+0000] {logging_mixin.py:188} INFO - [2024-03-19T19:06:00.557+0000] {dagbag.py:540} INFO - Filling up the DagBag from /home/airflow/.local/lib/python3.8/site-packages/airflow/example_dags/tutorial.py
[2024-03-19T19:06:00.561+0000] {processor.py:840} INFO - DAG(s) 'tutorial' retrieved from /home/airflow/.local/lib/python3.8/site-packages/airflow/example_dags/tutorial.py
[2024-03-19T19:06:00.573+0000] {logging_mixin.py:188} INFO - [2024-03-19T19:06:00.573+0000] {dag.py:3047} INFO - Sync 1 DAGs
[2024-03-19T19:06:00.588+0000] {logging_mixin.py:188} INFO - [2024-03-19T19:06:00.588+0000] {dag.py:3834} INFO - Setting next_dagrun for tutorial to 2024-03-18 00:00:00+00:00, run_after=2024-03-19 00:00:00+00:00
[2024-03-19T19:06:00.600+0000] {processor.py:183} INFO - Processing /home/airflow/.local/lib/python3.8/site-packages/airflow/example_dags/tutorial.py took 0.046 seconds
